
SunOS canfire03 5.11 onnv-gate i86pc    05/10/2009

09:10:44  pgout/s ppgout/s pgfree/s pgscan/s %ufs_ipf
09:10:49     0.00     0.00     0.00     0.00     0.00
09:10:54     0.00     0.00     0.00     0.00     0.00
09:10:59     0.00     0.00     0.00     0.00     0.00
09:11:04     0.00     0.00     0.00     0.00     0.00
09:11:09     0.00     0.00     0.00     0.00     0.00
09:11:14     0.00     0.00     0.00     0.00     0.00
09:11:19     0.00     0.00     0.00     0.00     0.00
09:11:24     0.00     0.00     0.00     0.00     0.00
09:11:29     0.00     0.00     0.00     0.00     0.00
09:11:34     0.00     0.00     0.00     0.00     0.00
09:11:39     0.00     0.00     0.00     0.00     0.00
09:11:44     0.00     0.00     0.00     0.00     0.00
09:11:49     0.00     0.00     0.00     0.00     0.00
09:11:54     0.00     0.00     0.00     0.00     0.00
09:11:59     0.00     0.00     0.00     0.00     0.00
09:12:04     0.00     0.00     0.00     0.00     0.00
09:12:09     0.00     0.00     0.00     0.00     0.00
09:12:14     0.00     0.00     0.00     0.00     0.00
09:12:19     0.00     0.00     0.00     0.00     0.00
09:12:24     0.00     0.00     0.00     0.00     0.00
09:12:29     0.00     0.00     0.00     0.00     0.00
09:12:34     0.00     0.00     0.00     0.00     0.00
09:12:39     0.00     0.00     0.00     0.00     0.00
09:12:44     0.00     0.00     0.00     0.00     0.00
09:12:49     0.00     0.00     0.00     0.00     0.00
09:12:54     0.00     0.00     0.00     0.00     0.00
09:12:59     0.00     0.00     0.00     0.00     0.00
09:13:04     0.00     0.00     0.00     0.00     0.00
09:13:09     0.00     0.00     0.00     0.00     0.00
09:13:14     0.00     0.00     0.00     0.00     0.00
09:13:19     0.00     0.00     0.00     0.00     0.00
09:13:24     0.00     0.00     0.00     0.00     0.00
09:13:29     0.00     0.00     0.00     0.00     0.00
09:13:34     0.00     0.00     0.00     0.00     0.00
09:13:39     0.00     0.00     0.00     0.00     0.00
09:13:44     0.00     0.00     0.00     0.00     0.00
09:13:49     0.00     0.00     0.00     0.00     0.00
09:13:54     0.00     0.00     0.00     0.00     0.00
09:13:59     0.00     0.00     0.00     0.00     0.00
09:14:04     0.00     0.00     0.00     0.00     0.00
09:14:09     0.00     0.00     0.00     0.00     0.00
09:14:14     0.00     0.00     0.00     0.00     0.00
09:14:19     0.00     0.00     0.00     0.00     0.00
09:14:24     0.00     0.00     0.00     0.00     0.00
09:14:29     0.00     0.00     0.00     0.00     0.00
09:14:34     0.00     0.00     0.00     0.00     0.00
09:14:39     0.00     0.00     0.00     0.00     0.00
09:14:44     0.00     0.00     0.00     0.00     0.00
09:14:49     0.00     0.00     0.00     0.00     0.00
09:14:54     0.00     0.00     0.00     0.00     0.00
09:14:59     0.00     0.00     0.00     0.00     0.00
09:15:04     0.00     0.00     0.00     0.00     0.00
09:15:09     0.00     0.00     0.00     0.00     0.00
09:15:14     0.00     0.00     0.00     0.00     0.00
09:15:19     0.00     0.00     0.00     0.00     0.00
09:15:24     0.00     0.00     0.00     0.00     0.00
09:15:29     0.00     0.00     0.00     0.00     0.00
09:15:34     0.00     0.00     0.00     0.00     0.00
09:15:39     0.00     0.00     0.00     0.00     0.00
09:15:45     0.00     0.00     0.00     0.00     0.00
09:15:50     0.00     0.00     0.00     0.00     0.00
09:15:55     0.00     0.00     0.00     0.00     0.00
09:16:00     0.00     0.00     0.00     0.00     0.00
09:16:05     0.00     0.00     0.00     0.00     0.00
09:16:10     0.00     0.00     0.00     0.00     0.00
09:16:15     0.00     0.00     0.00     0.00     0.00
09:16:20     0.00     0.00     0.00     0.00     0.00
09:16:25     0.00     0.00     0.00     0.00     0.00
09:16:30     0.00     0.00     0.00     0.00     0.00
09:16:35     0.00     0.00     0.00     0.00     0.00
09:16:40     0.00     0.00     0.00     0.00     0.00
09:16:45     0.00     0.00     0.00     0.00     0.00
09:16:50     0.00     0.00     0.00     0.00     0.00
09:16:55     0.00     0.00     0.00     0.00     0.00
09:17:00     0.00     0.00     0.00     0.00     0.00
09:17:05     0.00     0.00     0.00     0.00     0.00
09:17:10     0.00     0.00     0.00     0.00     0.00
09:17:15     0.00     0.00     0.00     0.00     0.00
09:17:20     0.00     0.00     0.00     0.00     0.00
09:17:25     0.00     0.00     0.00     0.00     0.00
09:17:30     0.00     0.00     0.00     0.00     0.00
09:17:35     0.00     0.00     0.00     0.00     0.00
09:17:40     0.00     0.00     0.00     0.00     0.00
09:17:45     0.00     0.00     0.00     0.00     0.00
09:17:50     0.00     0.00     0.00     0.00     0.00
09:17:55     0.00     0.00     0.00     0.00     0.00
09:18:00     0.00     0.00     0.00     0.00     0.00
09:18:05     0.00     0.00     0.00     0.00     0.00
09:18:10     0.00     0.00     0.00     0.00     0.00
09:18:15     0.00     0.00     0.00     0.00     0.00
09:18:20     0.00     0.00     0.00     0.00     0.00
09:18:25     0.00     0.00     0.00     0.00     0.00
09:18:30     0.00     0.00     0.00     0.00     0.00
09:18:35     0.00     0.00     0.00     0.00     0.00
09:18:40     0.00     0.00     0.00     0.00     0.00
09:18:45     0.00     0.00     0.00     0.00     0.00
09:18:50     0.00     0.00     0.00     0.00     0.00
09:18:55     0.00     0.00     0.00     0.00     0.00
09:19:00     0.00     0.00     0.00     0.00     0.00
09:19:05     0.00     0.00     0.00     0.00     0.00
09:19:10     0.00     0.00     0.00     0.00     0.00
09:19:15     0.00     0.00     0.00     0.00     0.00
09:19:20     0.00     0.00     0.00     0.00     0.00
09:19:25     0.00     0.00     0.00     0.00     0.00
09:19:30     0.00     0.00     0.00     0.00     0.00
09:19:35     0.00     0.00     0.00     0.00     0.00
09:19:40     0.00     0.00     0.00     0.00     0.00
09:19:45     0.00     0.00     0.00     0.00     0.00
09:19:50     0.00     0.00     0.00     0.00     0.00
09:19:55     0.00     0.00     0.00     0.00     0.00
09:20:00     0.00     0.00     0.00     0.00     0.00
09:20:05     0.00     0.00     0.00     0.00     0.00
09:20:10     0.00     0.00     0.00     0.00     0.00
09:20:15     0.00     0.00     0.00     0.00     0.00
09:20:20     0.00     0.00     0.00     0.00     0.00
09:20:25     0.00     0.00     0.00     0.00     0.00
09:20:30     0.00     0.00     0.00     0.00     0.00
09:20:35     0.00     0.00     0.00     0.00     0.00
09:20:40     0.00     0.00     0.00     0.00     0.00
09:20:45     0.00     0.00     0.00     0.00     0.00
09:20:50     0.00     0.00     0.00     0.00     0.00
09:20:55     0.00     0.00     0.00     0.00     0.00
09:21:00     0.00     0.00     0.00     0.00     0.00
09:21:05     0.00     0.00     0.00     0.00     0.00
09:21:10     0.00     0.00     0.00     0.00     0.00
09:21:15     0.00     0.00     0.00     0.00     0.00
09:21:20     0.00     0.00     0.00     0.00     0.00
09:21:25     0.00     0.00     0.00     0.00     0.00
09:21:30     0.00     0.00     0.00     0.00     0.00
09:21:35     0.00     0.00     0.00     0.00     0.00
09:21:40     0.00     0.00     0.00     0.00     0.00
09:21:45     0.00     0.00     0.00     0.00     0.00
09:21:50     0.00     0.00     0.00     0.00     0.00
09:21:55     0.00     0.00     0.00     0.00     0.00
09:22:00     0.00     0.00     0.00     0.00     0.00
09:22:05     0.00     0.00     0.00     0.00     0.00
09:22:10     0.00     0.00     0.00     0.00     0.00
09:22:15     0.00     0.00     0.00     0.00     0.00
09:22:20     0.00     0.00     0.00     0.00     0.00
09:22:25     0.00     0.00     0.00     0.00     0.00
09:22:30     0.00     0.00     0.00     0.00     0.00
09:22:35     0.00     0.00     0.00     0.00     0.00
09:22:40     0.00     0.00     0.00     0.00     0.00
09:22:45     0.00     0.00     0.00     0.00     0.00
09:22:50     0.00     0.00     0.00     0.00     0.00
09:22:55     0.00     0.00     0.00     0.00     0.00
09:23:00     0.00     0.00     0.00     0.00     0.00
09:23:05     0.00     0.00     0.00     0.00     0.00
09:23:10     0.00     0.00     0.00     0.00     0.00
09:23:15     0.00     0.00     0.00     0.00     0.00
09:23:20     0.00     0.00     0.00     0.00     0.00
09:23:25     0.00     0.00     0.00     0.00     0.00
09:23:30     0.00     0.00     0.00     0.00     0.00
09:23:35     0.00     0.00     0.00     0.00     0.00
09:23:40     0.00     0.00     0.00     0.00     0.00
09:23:45     0.00     0.00     0.00     0.00     0.00
09:23:50     0.00     0.00     0.00     0.00     0.00
09:23:55     0.00     0.00     0.00     0.00     0.00
09:24:00     0.00     0.00     0.00     0.00     0.00
09:24:06     0.00     0.00     0.00     0.00     0.00
09:24:11     0.00     0.00     0.00     0.00     0.00
09:24:16     0.00     0.00     0.00     0.00     0.00
09:24:21     0.00     0.00     0.00     0.00     0.00
09:24:26     0.00     0.00     0.00     0.00     0.00
09:24:31     0.00     0.00     0.00     0.00     0.00
09:24:36     0.00     0.00     0.00     0.00     0.00
09:24:41     0.00     0.00     0.00     0.00     0.00
09:24:46     0.00     0.00     0.00     0.00     0.00
09:24:51     0.00     0.00     0.00     0.00     0.00
09:24:56     0.00     0.00     0.00     0.00     0.00
09:25:01     0.00     0.00     0.00     0.00     0.00
09:25:06     0.00     0.00     0.00     0.00     0.00
09:25:11     0.00     0.00     0.00     0.00     0.00
09:25:16     0.00     0.00     0.00     0.00     0.00
09:25:21     0.00     0.00     0.00     0.00     0.00
09:25:26     0.00     0.00     0.00     0.00     0.00
09:25:31     0.00     0.00     0.00     0.00     0.00
09:25:36     0.00     0.00     0.00     0.00     0.00
09:25:41     0.00     0.00     0.00     0.00     0.00
09:25:46     0.00     0.00     0.00     0.00     0.00
09:25:51     0.00     0.00     0.00     0.00     0.00
09:25:56     0.00     0.00     0.00     0.00     0.00
09:26:01     0.00     0.00     0.00     0.00     0.00
09:26:06     0.00     0.00     0.00     0.00     0.00
09:26:11     0.00     0.00     0.00     0.00     0.00
09:26:16     0.00     0.00     0.00     0.00     0.00
09:26:21     0.00     0.00     0.00     0.00     0.00
09:26:26     0.00     0.00     0.00     0.00     0.00
09:26:31     0.00     0.00     0.00     0.00     0.00
09:26:36     0.00     0.00     0.00     0.00     0.00
09:26:41     0.00     0.00     0.00     0.00     0.00
09:26:46     0.00     0.00     0.00     0.00     0.00
09:26:51     0.00     0.00     0.00     0.00     0.00
09:26:56     0.00     0.00     0.00     0.00     0.00
09:27:01     0.00     0.00     0.00     0.00     0.00
09:27:06     0.00     0.00     0.00     0.00     0.00
09:27:11     0.00     0.00     0.00     0.00     0.00
09:27:16     0.00     0.00     0.00     0.00     0.00
09:27:21     0.00     0.00     0.00     0.00     0.00
09:27:26     0.00     0.00     0.00     0.00     0.00
09:27:31     0.00     0.00     0.00     0.00     0.00
09:27:36     0.00     0.00     0.00     0.00     0.00
09:27:41     0.00     0.00     0.00     0.00     0.00
09:27:46     0.00     0.00     0.00     0.00     0.00
09:27:51     0.00     0.00     0.00     0.00     0.00
09:27:56     0.00     0.00     0.00     0.00     0.00
09:28:01     0.00     0.00     0.00     0.00     0.00
09:28:06     0.00     0.00     0.00     0.00     0.00
09:28:11     0.00     0.00     0.00     0.00     0.00
09:28:16     0.00     0.00     0.00     0.00     0.00
09:28:21     0.00     0.00     0.00     0.00     0.00
09:28:26     0.00     0.00     0.00     0.00     0.00
09:28:31     0.00     0.00     0.00     0.00     0.00
09:28:36     0.00     0.00     0.00     0.00     0.00
09:28:41     0.00     0.00     0.00     0.00     0.00
09:28:46     0.00     0.00     0.00     0.00     0.00
09:28:51     0.00     0.00     0.00     0.00     0.00
09:28:56     0.00     0.00     0.00     0.00     0.00
09:29:01     0.00     0.00     0.00     0.00     0.00
09:29:06     0.00     0.00     0.00     0.00     0.00
09:29:11     0.00     0.00     0.00     0.00     0.00
09:29:16     0.00     0.00     0.00     0.00     0.00
09:29:21     0.00     0.00     0.00     0.00     0.00
09:29:26     0.00     0.00     0.00     0.00     0.00
09:29:31     0.00     0.00     0.00     0.00     0.00
09:29:36     0.00     0.00     0.00     0.00     0.00
09:29:41     0.00     0.00     0.00     0.00     0.00
09:29:46     0.00     0.00     0.00     0.00     0.00
09:29:51     0.00     0.00     0.00     0.00     0.00
09:29:56     0.00     0.00     0.00     0.00     0.00
09:30:01     0.00     0.00     0.00     0.00     0.00
09:30:06     0.00     0.00     0.00     0.00     0.00
09:30:11     0.00     0.00     0.00     0.00     0.00
09:30:16     0.00     0.00     0.00     0.00     0.00
09:30:21     0.00     0.00     0.00     0.00     0.00
09:30:26     0.00     0.00     0.00     0.00     0.00
09:30:31     0.00     0.00     0.00     0.00     0.00
09:30:36     0.00     0.00     0.00     0.00     0.00
09:30:41     0.00     0.00     0.00     0.00     0.00
09:30:46     0.00     0.00     0.00     0.00     0.00
09:30:51     0.00     0.00     0.00     0.00     0.00
09:30:56     0.00     0.00     0.00     0.00     0.00
09:31:01     0.00     0.00     0.00     0.00     0.00
09:31:06     0.00     0.00     0.00     0.00     0.00
09:31:11     0.00     0.00     0.00     0.00     0.00
09:31:16     0.00     0.00     0.00     0.00     0.00
09:31:21     0.00     0.00     0.00     0.00     0.00
09:31:26     0.00     0.00     0.00     0.00     0.00
09:31:31     0.00     0.00     0.00     0.00     0.00
09:31:36     0.00     0.00     0.00     0.00     0.00
09:31:41     0.00     0.00     0.00     0.00     0.00
09:31:46     0.00     0.00     0.00     0.00     0.00
09:31:51     0.00     0.00     0.00     0.00     0.00
09:31:56     0.00     0.00     0.00     0.00     0.00
09:32:01     0.00     0.00     0.00     0.00     0.00
09:32:06     0.00     0.00     0.00     0.00     0.00
09:32:11     0.00     0.00     0.00     0.00     0.00
09:32:16     0.00     0.00     0.00     0.00     0.00
09:32:21     0.00     0.00     0.00     0.00     0.00
09:32:27     0.00     0.00     0.00     0.00     0.00
09:32:32     0.00     0.00     0.00     0.00     0.00
09:32:37     0.00     0.00     0.00     0.00     0.00
09:32:42     0.00     0.00     0.00     0.00     0.00
09:32:47     0.00     0.00     0.00     0.00     0.00
09:32:52     0.00     0.00     0.00     0.00     0.00
09:32:57     0.00     0.00     0.00     0.00     0.00
09:33:02     0.00     0.00     0.00     0.00     0.00
09:33:07     0.00     0.00     0.00     0.00     0.00
09:33:12     0.00     0.00     0.00     0.00     0.00
09:33:17     0.00     0.00     0.00     0.00     0.00
09:33:22     0.00     0.00     0.00     0.00     0.00
09:33:27     0.00     0.00     0.00     0.00     0.00
09:33:32     0.00     0.00     0.00     0.00     0.00
09:33:37     0.00     0.00     0.00     0.00     0.00
09:33:42     0.00     0.00     0.00     0.00     0.00
09:33:47     0.00     0.00     0.00     0.00     0.00
09:33:52     0.00     0.00     0.00     0.00     0.00
09:33:57     0.00     0.00     0.00     0.00     0.00
09:34:02     0.00     0.00     0.00     0.00     0.00
09:34:07     0.00     0.00     0.00     0.00     0.00
09:34:12     0.00     0.00     0.00     0.00     0.00
09:34:17     0.00     0.00     0.00     0.00     0.00
09:34:22     0.00     0.00     0.00     0.00     0.00
09:34:27     0.00     0.00     0.00     0.00     0.00
09:34:32     0.00     0.00     0.00     0.00     0.00
09:34:37     0.00     0.00     0.00     0.00     0.00
09:34:42     0.00     0.00     0.00     0.00     0.00
09:34:47     0.00     0.00     0.00     0.00     0.00
09:34:52     0.00     0.00     0.00     0.00     0.00
09:34:57     0.00     0.00     0.00     0.00     0.00
09:35:02     0.00     0.00     0.00     0.00     0.00
09:35:07     0.00     0.00     0.00     0.00     0.00
09:35:12     0.00     0.00     0.00     0.00     0.00
09:35:17     0.00     0.00     0.00     0.00     0.00
09:35:22     0.00     0.00     0.00     0.00     0.00
09:35:27     0.00     0.00     0.00     0.00     0.00
09:35:32     0.00     0.00     0.00     0.00     0.00
09:35:37     0.00     0.00     0.00     0.00     0.00
09:35:42     0.00     0.00     0.00     0.00     0.00
09:35:47     0.00     0.00     0.00     0.00     0.00
09:35:52     0.00     0.00     0.00     0.00     0.00
09:35:57     0.00     0.00     0.00     0.00     0.00
09:36:02     0.00     0.00     0.00     0.00     0.00
09:36:07     0.00     0.00     0.00     0.00     0.00
09:36:12     0.00     0.00     0.00     0.00     0.00
09:36:17     0.00     0.00     0.00     0.00     0.00
09:36:22     0.00     0.00     0.00     0.00     0.00
09:36:27     0.00     0.00     0.00     0.00     0.00
09:36:32     0.00     0.00     0.00     0.00     0.00
09:36:37     0.00     0.00     0.00     0.00     0.00
09:36:42     0.00     0.00     0.00     0.00     0.00
09:36:47     0.00     0.00     0.00     0.00     0.00
09:36:52     0.00     0.00     0.00     0.00     0.00
09:36:57     0.00     0.00     0.00     0.00     0.00
09:37:02     0.00     0.00     0.00     0.00     0.00
09:37:07     0.00     0.00     0.00     0.00     0.00
09:37:12     0.00     0.00     0.00     0.00     0.00
09:37:17     0.00     0.00     0.00     0.00     0.00
09:37:22     0.00     0.00     0.00     0.00     0.00
09:37:27     0.00     0.00     0.00     0.00     0.00
09:37:32     0.00     0.00     0.00     0.00     0.00
09:37:37     0.00     0.00     0.00     0.00     0.00
09:37:42     0.00     0.00     0.00     0.00     0.00
09:37:47     0.00     0.00     0.00     0.00     0.00
09:37:52     0.00     0.00     0.00     0.00     0.00
09:37:57     0.00     0.00     0.00     0.00     0.00
09:38:02     0.00     0.00     0.00     0.00     0.00
09:38:07     0.00     0.00     0.00     0.00     0.00
09:38:12     0.00     0.00     0.00     0.00     0.00
09:38:17     0.00     0.00     0.00     0.00     0.00
09:38:22     0.00     0.00     0.00     0.00     0.00
09:38:27     0.00     0.00     0.00     0.00     0.00
09:38:32     0.00     0.00     0.00     0.00     0.00
09:38:37     0.00     0.00     0.00     0.00     0.00
09:38:42     0.00     0.00     0.00     0.00     0.00
09:38:47     0.00     0.00     0.00     0.00     0.00
09:38:52     0.00     0.00     0.00     0.00     0.00
09:38:57     0.00     0.00     0.00     0.00     0.00
09:39:02     0.00     0.00     0.00     0.00     0.00
09:39:07     0.00     0.00     0.00     0.00     0.00
09:39:12     0.00     0.00     0.00     0.00     0.00
09:39:17     0.00     0.00     0.00     0.00     0.00
09:39:22     0.00     0.00     0.00     0.00     0.00
09:39:27     0.00     0.00     0.00     0.00     0.00
09:39:32     0.00     0.00     0.00     0.00     0.00
09:39:37     0.00     0.00     0.00     0.00     0.00
09:39:42     0.00     0.00     0.00     0.00     0.00
09:39:47     0.00     0.00     0.00     0.00     0.00
09:39:52     0.00     0.00     0.00     0.00     0.00
09:39:57     0.00     0.00     0.00     0.00     0.00
09:40:02     0.00     0.00     0.00     0.00     0.00
09:40:07     0.00     0.00     0.00     0.00     0.00
09:40:12     0.00     0.00     0.00     0.00     0.00
09:40:17     0.00     0.00     0.00     0.00     0.00
09:40:22     0.00     0.00     0.00     0.00     0.00
09:40:27     0.00     0.00     0.00     0.00     0.00
09:40:32     0.00     0.00     0.00     0.00     0.00
09:40:37     0.00     0.00     0.00     0.00     0.00
09:40:42     0.00     0.00     0.00     0.00     0.00
09:40:48     0.00     0.00     0.00     0.00     0.00
09:40:53     0.00     0.00     0.00     0.00     0.00
09:40:58     0.00     0.00     0.00     0.00     0.00
09:41:03     0.00     0.00     0.00     0.00     0.00
09:41:08     0.00     0.00     0.00     0.00     0.00
09:41:13     0.00     0.00     0.00     0.00     0.00
09:41:18     0.00     0.00     0.00     0.00     0.00
09:41:23     0.00     0.00     0.00     0.00     0.00
09:41:28     0.00     0.00     0.00     0.00     0.00
09:41:33     0.00     0.00     0.00     0.00     0.00
09:41:38     0.00     0.00     0.00     0.00     0.00
09:41:43     0.00     0.00     0.00     0.00     0.00
09:41:48     0.00     0.00     0.00     0.00     0.00
09:41:53     0.00     0.00     0.00     0.00     0.00
09:41:58     0.00     0.00     0.00     0.00     0.00
09:42:03     0.00     0.00     0.00     0.00     0.00
09:42:08     0.00     0.00     0.00     0.00     0.00
09:42:13     0.00     0.00     0.00     0.00     0.00
09:42:18     0.00     0.00     0.00     0.00     0.00
09:42:23     0.00     0.00     0.00     0.00     0.00
09:42:28     0.00     0.00     0.00     0.00     0.00
09:42:33     0.00     0.00     0.00     0.00     0.00
09:42:38     0.00     0.00     0.00     0.00     0.00
09:42:43     0.00     0.00     0.00     0.00     0.00
09:42:48     0.00     0.00     0.00     0.00     0.00
09:42:53     0.00     0.00     0.00     0.00     0.00
09:42:58     0.00     0.00     0.00     0.00     0.00
09:43:03     0.00     0.00     0.00     0.00     0.00
09:43:08     0.00     0.00     0.00     0.00     0.00
09:43:13     0.00     0.00     0.00     0.00     0.00
09:43:18     0.00     0.00     0.00     0.00     0.00
09:43:23     0.00     0.00     0.00     0.00     0.00
09:43:28     0.00     0.00     0.00     0.00     0.00
09:43:33     0.00     0.00     0.00     0.00     0.00
09:43:38     0.00     0.00     0.00     0.00     0.00
09:43:43     0.00     0.00     0.00     0.00     0.00
09:43:48     0.00     0.00     0.00     0.00     0.00
