 kthr      memory            page            disk          faults      cpu
 r b w   swap  free  re  mf pi po fr de sr s0 s1 s2 --   in   sy   cs us sy id
 0 0 0 9096916 6026900 120 2110 0 0 0 0  5  3 -0  0  0  709 1643  273 25  3 72
 0 0 0 9407760 6267692 150 2547 0 0 0 0  0  0  0  0  0  686 2105  271  0  4 96
 0 0 0 9407564 6267624 134 2156 0 0 0 0  0  0  0  0  0  583 1785  310  0  4 96
 0 0 0 9407272 6267496 129 2158 0 0 0 0  0  2  0  0  0  611 1686  309  0  4 96
 0 0 0 9407440 6267496 129 2158 0 0 0 0  0  0  0  0  0  603 1694  293  0  4 96
 0 0 0 9407536 6267808 147 2161 0 0 0 0  0  0  0  0  0  564 1670  265  0  4 96
 0 0 0 9407216 6267452 129 2154 0 0 0 0  0  0  0  0  0  568 1703  268  0  4 96
 0 0 0 9407516 6267576 129 2164 0 0 0 0  0  0  0  0  0  579 1680  273  0  4 96
 0 0 0 9407516 6267688 82 1178 0 0 0  0  0  0  0  0  0  501 1249  223  0  2 98
 0 0 0 9407508 6267588 52 979 0 0  0  0  0  2  0  0  0  557 1109  266  0  2 98
 0 0 0 9407208 6267456 129 2156 0 0 0 0  0  0  0  0  0  593 1688  277  0  4 96
 0 0 0 9407508 6267656 147 2167 0 0 0 0  0  0  0  0  0  587 1673  260  0  4 96
 0 0 0 9407256 6267492 129 2157 0 0 0 0  0  0  0  0  0  597 1696  277  0  4 96
 0 0 0 9407204 6267448 129 2159 0 0 0 0  0  0  0  0  0  599 1673  268  0  4 96
 0 0 0 9407492 6267624 134 2159 0 0 0 0  0  0  0  0  0  582 1687  261  0  4 96
 0 0 0 9407244 6267480 129 2156 0 0 0 0  0  2  0  0  0  609 1674  296  0  4 96
 0 0 0 9407080 6267328 136 2163 0 0 0 0  0  0  0  0  0  605 1691  288  0  4 96
 0 0 0 9407468 6267576 12 98 0  0  0  0  0  0  0  0  0  469  745  180  0  1 99
 kthr      memory            page            disk          faults      cpu
 r b w   swap  free  re  mf pi po fr de sr s0 s1 s2 --   in   sy   cs us sy id
 0 0 0 9407460 6267540 117 2060 0 0 0 0  0  0  0  0  0  614 1628  269  0  3 97
 0 0 0 9407208 6267444 129 2160 0 0 0 0  0  0  0  0  0  594 1674  265  0  4 96
 0 0 0 9407164 6267420 134 2158 0 0 0 0  0  0  0  0  0  586 1692  271  0  4 96
 0 0 0 9407456 6267536 129 2157 0 0 0 0  0  2  0  0  0  616 1672  307  0  4 96
 0 0 0 9407200 6267440 129 2158 0 0 0 0  0  0  0  0  0  570 1687  271  0  4 96
 0 0 0 9407160 6267624 147 2165 0 0 0 0  0  0  0  0  0  560 1671  260  0  4 96
 0 0 0 9407456 6267536 129 2157 0 0 0 0  0  0  0  0  0  577 1694  270  0  4 96
 0 0 0 9407200 6267440 77 1180 0 0 0  0  0  0  0  0  0  515 1256  229  0  2 97
 0 0 0 9407452 6267576 52 979 0 0  0  0  0  0  0  0  0  511 1198  267  0  1 99
 0 0 0 9407160 6267408 131 2157 0 0 0 0  0  2  0  0  0  624 1673  307  0  4 96
 0 0 0 9407376 6267456 129 2158 0 0 0 0  0  0  0  0  0  599 1690  290  0  4 96
 0 0 0 9407176 6267552 147 2167 0 0 0 0  0  0  0  0  0  589 1674  266  0  4 96
 0 0 0 9407132 6267380 129 2158 0 0 0 0  0  0  0  0  0  581 1695  274  0  4 96
 0 0 0 9407432 6267512 129 2157 0 0 0 0  0  0  0  0  0  573 1670  269  0  4 96
 0 0 0 9407180 6267468 134 2160 0 0 0 0  0  0  0  0  0  573 1688  266  0  4 96
 0 0 0 9407132 6267380 129 2158 0 0 0 0  0  2  0  0  0  617 1676  304  0  4 96
 0 0 0 9407428 6267508 16 99 0  0  0  0  0  0  0  0  0  459  771  188  0  1 99
 0 0 0 9407432 6267520 130 2067 0 0 0 0  0  0  0  0  0  576 1580  259  0  3 97
 0 0 0 9407180 6267416 129 2160 0 0 0 0  0  0  0  0  0  584 1696  272  0  4 96
 kthr      memory            page            disk          faults      cpu
 r b w   swap  free  re  mf pi po fr de sr s0 s1 s2 --   in   sy   cs us sy id
 0 0 0 9407132 6267380 128 2157 0 0 0 0  0  0  0  0  0  588 1672  268  0  4 96
 0 0 0 9407400 6267512 134 2161 0 0 0 0  0  0  0  0  0  580 1686  265  0  4 96
 0 0 0 9407140 6267380 129 2161 0 0 0 0  0  2  0  0  0  658 1672  307  0  4 96
 0 0 0 9406956 6267216 129 2162 0 0 0 0  0  0  0  0  0  579 1689  285  0  4 96
 0 0 0 9407368 6267740 147 2171 0 0 0 0  0  0  0  0  0  557 1674  262  0  4 96
 0 0 0 9407112 6267352 77 1183 0 0 0  0  0  0  0  0  0  527 1303  224  0  3 97
 0 0 0 9407372 6267452 52 979 0 0  0  0  0  0  0  0  0  521 1059  222  0  1 99
 0 0 0 9407076 6267324 134 2166 0 0 0 0  0  0  0  0  0  598 1698  269  0  4 96
 0 0 0 9407368 6267448 129 2164 0 0 0 0  0  2  0  0  0  624 1672  306  0  4 96
 0 0 0 9407108 6267348 129 2162 0 0 0 0  0  0  0  0  0  598 1687  275  0  4 96
 0 0 0 9407072 6267464 147 2176 0 0 0 0  0  0  0  0  0  579 1677  261  0  3 96
 0 0 0 9407368 6267448 129 2162 0 0 0 0  0  0  0  0  0  584 1687  268  0  4 96
 0 0 0 9407108 6267348 129 2170 0 0 0 0  0  0  0  0  0  575 1676  264  0  4 96
 0 0 0 9407068 6267400 134 2168 0 0 0 0  0  0  0  0  0  574 1780  310  0  4 96
 0 0 0 9407368 6267448 12 98 0  0  0  0  0  2  0  0  0  484  772  218  0  1 99
 0 0 0 9407260 6267352 117 2068 0 0 0 0  0  0  0  0  0  580 1590  285  0  3 97
 0 0 0 9407072 6267368 146 2172 0 0 0 0  0  0  0  0  0  580 1675  271  0  4 96
 0 0 0 9407032 6267280 129 2167 0 0 0 0  0  0  0  0  0  582 1700  277  0  4 96
 0 0 0 9407332 6267412 129 2171 0 0 0 0  0  0  0  0  0  566 1677  268  0  4 96
 kthr      memory            page            disk          faults      cpu
 r b w   swap  free  re  mf pi po fr de sr s0 s1 s2 --   in   sy   cs us sy id
 0 0 0 9407084 6267368 134 2172 0 0 0 0  0  0  0  0  0  582 1695  270  0  4 96
 0 0 0 9407052 6267300 129 2169 0 0 0 0  0  2  0  0  0  609 1676  305  0  4 96
 0 0 0 9407348 6267428 128 2165 0 0 0 0  0  0  0  0  0  596 1688  278  0  4 96
 0 0 0 9407096 6267680 95 1197 0 0 0  0  0  0  0  0  0  537 1279  223  0  3 97
 0 0 0 9407348 6267428 63 1187 0 0 0  0  0  0  0  0  0  551 1169  232  0  1 99
 0 0 0 9090712 5960500 390 54225 0 0 0 0 0  0  0  0  0 1017 11644 299 40 14 46
 0 0 0 8334064 5196956 135 5082 0 0 0 0  0  0  0  0  0  803 1823  260 50  4 46
 0 0 0 8321696 5184676 130 2175 0 0 0 0  0  3  0  0  0 1046 1690  319 50  4 46
 0 0 0 8310116 5172996 130 3608 0 0 0 0  0  0  0  0  0  825 2403  273 49  4 46
 0 0 0 8281912 5144908 148 2850 0 0 0 0  0  0  0  0  0  825 2006  257 50  4 46
 0 0 0 8278224 5141188 129 2277 0 0 0 0  0  0  0  0  0  810 1752  261 50  4 46
 0 0 0 8276064 5139052 129 2274 0 0 0 0  0  0  0  0  0  810 1730  253 50  4 46
 0 0 0 8270812 5133564 12 397 0 0  0  0  0  0  0  0  0  479  869  180 50  0 50
 0 0 0 8269340 5132124 117 2077 0 0 0 0  0  2  0  0  0  913 1623  298 50  4 46
 0 0 0 8268936 5131624 129 2235 0 0 0 0  0  0  0  0  0  825 1717  253 50  4 46
 0 0 0 8268364 5130864 147 2179 0 0 0 0  0  0  0  0  0  796 1679  245 50  4 46
 0 0 0 8268184 5130476 129 2190 0 0 0 0  0  0  0  0  0  816 1707  254 50  4 46
 0 0 0 8268188 5130432 129 2171 0 0 0 0  0  0  0  0  0  819 1672  257 50  4 46
 0 0 0 8266424 5129284 134 2251 0 0 0 0  0  0  0  0  0 1133 1779  297 50  4 46
 kthr      memory            page            disk          faults      cpu
 r b w   swap  free  re  mf pi po fr de sr s0 s1 s2 --   in   sy   cs us sy id
 0 0 0 8266296 5128728 129 2171 0 0 0 0  0  2  0  0  0  920 1674  297 50  4 46
 0 0 0 8266504 5128820 18 102 0 0  0  0  0  0  0  0  0  516  783  203 50  1 49
 0 0 0 8266532 5128780 130 2086 0 0 0 0  0  0  0  0  0  798 1580  242 50  3 47
 0 0 0 8265712 5128124 129 2206 0 0 0 0  0  0  0  0  0  808 1724  254 50  4 46
 0 0 0 8265444 5127864 129 2178 0 0 0 0  0  0  0  0  0  825 1688  249 50  4 46
 0 0 0 8265724 5128012 134 2171 0 0 0 0  0  0  0  0  0  794 1689  252 50  4 46
 0 0 0 8265468 5127876 129 2171 0 0 0 0  0  2  0  0  0  947 1675  289 50  4 46
 0 0 0 8265424 5127840 136 2176 0 0 0 0  0  0  0  0  0  834 1692  262 50  4 46
 0 0 0 8265724 5128024 132 2173 0 0 0 0  0  0  0  0  0  817 1678  250 50  4 46
 0 0 0 8265468 5127880 77 1188 0 0 0  0  0  0  0  0  0  671 1257  219 50  3 48
 0 0 0 8265708 5127964 53 986 0 0  0  0  0  0  0  0  0  611 1106  209 50  2 48
 0 0 0 8265480 5127904 134 2173 0 0 0 0  0  0  0  0  0  818 1696  248 50  4 46
 0 0 0 8264320 5127332 129 2205 0 0 0 0  0  2  0  0  0  905 1680  298 50  4 46
 0 0 0 8263928 5127128 129 2172 0 0 0 0  0  0  0  0  0  814 1697  268 50  4 46
 0 0 0 8263920 5127268 148 2182 0 0 0 0  0  0  0  0  0  836 1680  252 50  4 46
 0 0 0 8263940 5127128 129 2170 0 0 0 0  0  0  0  0  0  832 1704  260 50  4 46
 0 0 0 8264004 5127140 129 2171 0 0 0 0  0  0  0  0  0  817 1674  253 50  4 46
 0 0 0 8263716 5127096 82 1254 0 0 0  0  0  0  0  0  0  660 1318  214 50  3 47
 0 0 0 8263968 5127104 52 919 0 0  0  0  0  2  0  0  0  726 1046  253 50  1 49
 kthr      memory            page            disk          faults      cpu
 r b w   swap  free  re  mf pi po fr de sr s0 s1 s2 --   in   sy   cs us sy id
 0 0 0 8263572 5126940 129 2184 0 0 0 0  0  0  0  0  0  820 1696  260 50  4 46
 0 0 0 8263724 5126940 147 2179 0 0 0 0  0  0  0  0  0  806 1673  245 50  4 46
 0 0 0 8263464 5126772 129 2173 0 0 0 0  0  0  0  0  0  836 1702  257 50  4 46
 0 0 0 8263420 5126736 129 2170 0 0 0 0  0  0  0  0  0  814 1672  256 50  4 46
 0 0 0 8263696 5126912 135 2175 0 0 0 0  0  0  0  0  0 1117 1788  289 50  4 46
 0 0 0 8263440 5126748 129 2173 0 0 0 0  0  2  0  0  0  906 1683  295 50  4 46
 0 0 0 8263324 5126628 146 2177 0 0 0 0  0  0  0  0  0  843 1686  280 50  4 46
 0 0 0 8883184 5758436 18 4949 0 0 0  0  0  0  0  0  0  561  757  174 46  4 50
 0 0 0 9038008 5900804 117 2076 0 0 0 0  0  0  0  0  0  834 1656  253 50  4 46
 0 0 0 9038040 5900780 129 2175 0 0 0 0  0  0  0  0  0  796 1683  242 50  4 46
 0 0 0 9036288 5899352 134 2241 0 0 0 0  0  0  0  0  0  794 1700  245 50  4 46
 0 0 0 9036396 5899368 129 2171 0 0 0 0  0  2  0  0  0  930 1688  291 50  4 46
 0 0 0 9036440 5899432 129 2171 0 0 0 0  0  0  0  0  0  745 1702  252 50  4 46
 0 0 0 9034928 5897924 148 2294 0 0 0 0  0  0  0  0  0  773 1687  243 50  4 46
 0 0 0 9034572 5896992 129 2173 0 0 0 0  0  0  0  0  0  842 1705  259 50  4 46
 0 0 0 9034844 5897112 17 99 0  0  0  0  0  0  0  0  0  445  773  182 50  1 49
 0 0 0 9034840 5897092 117 2075 0 0 0 0  0  0  0  0  0  793 1592  245 50  3 47
 0 0 0 9034524 5896932 129 2177 0 0 0 0  0  3  0  0  0  979 1689  299 50  4 46
 0 0 0 9034420 5896896 129 2175 0 0 0 0  0  0  0  0  0  806 1710  274 50  4 46
 kthr      memory            page            disk          faults      cpu
 r b w   swap  free  re  mf pi po fr de sr s0 s1 s2 --   in   sy   cs us sy id
 0 0 0 9034716 5897108 147 2181 0 0 0 0  0  0  0  0  0  823 1684  251 50  4 46
 0 0 0 9034700 5896948 129 2173 0 0 0 0  0  0  0  0  0  824 1721  257 50  4 46
 0 0 0 9034684 5896960 131 2170 0 0 0 0  0  0  0  0  0  785 1681  254 50  4 46
 0 0 0 9034536 5896932 132 2182 0 0 0 0  0  0  0  0  0  830 1691  259 50  4 46
 0 0 0 9034540 5896784 54 899 0 0  0  0  0  3  0  0  0  742 1106  254 50  2 48
 0 0 0 9037692 5900004 80 6143 0 0 0  0  0  0  0  0  0  694 1296  225 49  3 48
 0 0 0 9037568 5899972 147 2180 0 0 0 0  0  0  0  0  0  795 1685  244 50  4 46
 0 0 0 9037336 5899744 129 2177 0 0 0 0  0  0  0  0  0  781 1706  255 50  4 46
 0 0 0 9037524 5899792 129 2174 0 0 0 0  0  0  0  0  0  794 1682  250 50  4 46
 0 0 0 9037264 5899720 134 2173 0 0 0 0  0  0  0  0  0 1157 1783  299 50  4 46
 0 0 0 9037228 5899640 130 2240 0 0 0 0  0  2  0  0  0  900 1729  297 50  4 46
 0 0 0 9037360 5899604 146 2186 0 0 0 0  0  0  0  0  0  809 1700  272 50  4 46
 0 0 0 9037168 5899604 78 1186 0 0 0  0  0  0  0  0  0  646 1232  209 50  2 48
 0 0 0 9037420 5899660 53 986 0 0  0  0  0  0  0  0  0  662 1138  211 50  2 48
 0 0 0 9037360 5899648 129 2252 0 0 0 0  0  0  0  0  0  813 1687  245 50  4 46
 0 0 0 9035768 5898076 135 2175 0 0 0 0  0  0  0  0  0  796 1704  250 50  4 46
 0 0 0 9035844 5898080 129 2169 0 0 0 0  0  2  0  0  0  929 1681  281 50  4 46
 0 0 0 9035492 5897960 129 2180 0 0 0 0  0  0  0  0  0  840 1698  258 50  4 46
 0 0 0 9035388 5898024 147 2180 0 0 0 0  0  0  0  0  0  820 1683  244 50  4 46
 kthr      memory            page            disk          faults      cpu
 r b w   swap  free  re  mf pi po fr de sr s0 s1 s2 --   in   sy   cs us sy id
 0 0 0 9035664 5897924 129 2174 0 0 0 0  0  0  0  0  0  825 1703  251 50  4 46
 0 0 0 9035380 5897792 79 1187 0 0 0  0  0  0  0  0  0  621 1272  217 50  3 47
 0 0 0 9035624 5897872 53 986 0 0  0  0  0  0  0  0  0  624 1084  209 50  1 49
 0 0 0 9035332 5897748 129 2171 0 0 0 0  0  2  0  0  0  908 1683  288 50  4 46
 0 0 0 9035252 5897736 129 2180 0 0 0 0  0  0  0  0  0  798 1699  261 50  5 45
 0 0 0 9035496 5897880 147 2179 0 0 0 0  0  0  0  0  0  813 1682  243 50  4 46
 0 0 0 9035212 5897612 129 2177 0 0 0 0  0  0  0  0  0  821 1714  253 50  4 46
 0 0 0 9035156 5897560 129 2170 0 0 0 0  0  0  0  0  0  783 1684  246 50  4 46
 0 0 0 9034192 5896652 132 2248 0 0 0 0  0  0  0  0  0  779 1699  244 50  4 46
 0 0 0 9033620 5896024 77 1189 0 0 0  0  0  2  0  0  0  772 1246  254 50  2 48
 0 0 0 9033868 5896180 53 985 0 0  0  0  0  0  0  0  0  654 1116  214 50  2 48
 0 0 0 9033828 5896132 147 2178 0 0 0 0  0  0  0  0  0  796 1682  240 50  4 46
 0 0 0 9033772 5896076 129 2182 0 0 0 0  0  0  0  0  0  805 1707  252 50  4 46
 0 0 0 9033636 5895900 129 2175 0 0 0 0  0  0  0  0  0  801 1685  247 50  4 46
 0 0 0 9033380 5895836 134 2172 0 0 0 0  0  0  0  0  0 1111 1784  289 50  4 46
 0 0 0 9033248 5895664 129 2183 0 0 0 0  0  3  0  0  0  951 1686  304 50  4 46
 0 0 0 9033264 5895508 146 2180 0 0 0 0  0  0  0  0  0  836 1696  274 50  4 46
 0 0 0 9033056 5895480 78 1190 0 0 0  0  0  0  0  0  0  662 1272  218 50  3 47
 0 0 0 9033348 5895592 53 984 0 0  0  0  0  0  0  0  0  663 1101  214 50  1 49
 kthr      memory            page            disk          faults      cpu
 r b w   swap  free  re  mf pi po fr de sr s0 s1 s2 --   in   sy   cs us sy id
 0 0 0 9033044 5895468 129 2175 0 0 0 0  0  0  0  0  0  834 1687  252 50  4 46
 0 0 0 9033336 5895604 140 10983 0 0 0 0 0  0  0  0  0  825 1723  246 49  5 46
 0 0 0 8323652 5187668 129 36637 0 0 0 0 0  2  0  0  0  926 1699  287 45  9 46
 0 0 0 8265040 5128008 129 2170 0 0 0 0  0  0  0  0  0  794 1699  251 50  4 46
 0 0 0 8265164 5128176 147 2180 0 0 0 0  0  0  0  0  0  831 1685  246 50  4 46
 0 0 0 8265204 5127944 129 2176 0 0 0 0  0  0  0  0  0  818 1701  252 50  4 46
 0 0 0 8265136 5127916 119 1898 0 0 0 0  0  0  0  0  0  761 1572  243 50  4 46
 0 0 0 8265200 5127936 15 274 0 0  0  0  0  0  0  0  0  510  784  182 50  0 50
 0 0 0 8264900 5127800 129 2176 0 0 0 0  0  2  0  0  0  912 1690  295 50  4 46
 0 0 0 8265088 5127892 129 2171 0 0 0 0  0  0  0  0  0  826 1701  267 50  4 46
 0 0 0 8264912 5127932 147 2179 0 0 0 0  0  0  0  0  0  826 1680  248 50  4 46
 0 0 0 8264840 5127740 129 2175 0 0 0 0  0  0  0  0  0  837 1713  258 50  4 46
 0 0 0 8265092 5127832 129 2174 0 0 0 0  0  0  0  0  0  817 1687  253 50  4 46
 0 0 0 8264836 5127788 134 2170 0 0 0 0  0  0  0  0  0  820 1689  252 50  4 46
 0 0 0 8264452 5127388 129 2243 0 0 0 0  0  2  0  0  0  926 1688  291 50  4 46
 0 0 0 8263312 5126316 17 113 0 0  0  0  0  0  0  0  0  504  780  189 50  1 49
 0 0 0 8263196 5126136 131 2080 0 0 0 0  0  0  0  0  0  792 1584  250 50  3 47
 0 0 0 8262932 5126032 129 2173 0 0 0 0  0  0  0  0  0  800 1704  253 50  4 46
 0 0 0 8262888 5126000 129 2173 0 0 0 0  0  0  0  0  0  806 1685  251 50  4 46
 kthr      memory            page            disk          faults      cpu
 r b w   swap  free  re  mf pi po fr de sr s0 s1 s2 --   in   sy   cs us sy id
 0 0 0 8263184 5126160 134 2172 0 0 0 0  0  0  0  0  0 1130 1784  294 50  4 46
 0 0 0 8262932 5126028 129 2172 0 0 0 0  0  2  0  0  0  945 1687  280 50  4 46
 0 0 0 8262924 5125960 145 2179 0 0 0 0  0  0  0  0  0  817 1701  269 50  4 46
 0 0 0 8263036 5126068 129 2170 0 0 0 0  0  0  0  0  0  830 1681  245 50  4 46
 0 0 0 8263152 5126088 62 1020 0 0 0  0  0  0  0  0  0  653 1171  215 50  2 48
 0 0 0 8263156 5126104 67 1153 0 0 0  0  0  0  0  0  0  630 1199  217 50  2 48
 0 0 0 8263040 5126064 134 2170 0 0 0 0  0  0  0  0  0  818 1692  252 50  4 46
 0 0 0 8262788 5125876 129 2177 0 0 0 0  0  2  0  0  0  943 1689  286 50  4 46
 0 0 0 8262632 5125676 129 2249 0 0 0 0  0  0  0  0  0  801 1707  250 50  4 46
 0 0 0 8261056 5124536 147 2181 0 0 0 0  0  0  0  0  0  816 1684  240 50  4 46
 0 0 0 8261012 5124296 129 2175 0 0 0 0  0  0  0  0  0  823 1705  253 50  4 46
 0 0 0 8261268 5124384 134 2176 0 0 0 0  0  0  0  0  0  761 1686  252 50  4 46
 0 0 0 8261000 5124288 77 1187 0 0 0  0  0  0  0  0  0  653 1234  218 50  3 47
 0 0 0 8261260 5124376 53 985 0 0  0  0  0  2  0  0  0  741 1129  262 50  1 49
 0 0 0 8260900 5124256 129 2177 0 0 0 0  0  0  0  0  0  828 1700  272 50  4 46
 0 0 0 8261256 5124444 147 2202 0 0 0 0  0  0  0  0  0  826 1694  246 50  4 46
 0 0 0 8260648 5123916 129 2176 0 0 0 0  0  0  0  0  0  823 1716  250 50  4 46
 0 0 0 8260608 5123904 129 2175 0 0 0 0  0  0  0  0  0  795 1681  243 50  4 46
 0 0 0 8260904 5124076 134 2178 0 0 0 0  0  0  0  0  0  821 1696  244 50  4 46
 kthr      memory            page            disk          faults      cpu
 r b w   swap  free  re  mf pi po fr de sr s0 s1 s2 --   in   sy   cs us sy id
 0 0 0 8260648 5123916 129 2179 0 0 0 0  0  2  0  0  0  917 1686  284 50  4 46
 0 0 0 8260592 5123876 147 2186 0 0 0 0  0  0  0  0  0  801 1697  251 50  4 46
 0 0 0 8260880 5123992 12 99 0  0  0  0  0  0  0  0  0  483  724  172 50  1 50
 0 0 0 8380324 5289752 122 45297 0 0 0 0 0  0  0  0  0  888 1674  252 41 13 46
 0 0 0 8263960 5126724 129 2192 0 0 0 0  0  0  0  0  0  810 1690  241 50  4 46
 0 0 0 8263720 5126544 134 2181 0 0 0 0  0  0  0  0  0 1123 1787  297 50  4 46
 0 0 0 8263572 5126440 129 2183 0 0 0 0  0  2  0  0  0  943 1688  285 50  4 46
 0 0 0 8263636 5126448 129 2184 0 0 0 0  0  0  0  0  0  796 1704  269 50  4 46
 0 0 0 8263424 5126600 147 2182 0 0 0 0  0  0  0  0  0  843 1679  247 50  4 46
 0 0 0 8263440 5126348 129 2182 0 0 0 0  0  0  0  0  0  802 1710  252 50  4 46
 0 0 0 8263740 5126500 17 99 0  0  0  0  0  0  0  0  0  464  773  175 50  1 49
 0 0 0 8263740 5126480 117 2079 0 0 0 0  0  0  0  0  0  781 1591  244 50  3 47
 0 0 0 8263468 5126376 129 2184 0 0 0 0  0  2  0  0  0  926 1685  292 50  4 46
 0 0 0 8263416 5126404 129 2188 0 0 0 0  0  0  0  0  0  818 1704  261 50  4 46
 0 0 0 8263716 5126600 147 2190 0 0 0 0  0  0  0  0  0  782 1686  243 50  4 46
 0 0 0 8263460 5126360 129 2180 0 0 0 0  0  0  0  0  0  789 1706  251 50  4 46
 0 0 0 8263416 5126312 129 2185 0 0 0 0  0  0  0  0  0  841 1684  253 50  4 46
 0 0 0 8263672 5126436 129 2184 0 0 0 0  0  0  0  0  0  809 1697  245 50  4 46
 0 0 0 8263396 5126164 77 1262 0 0 0  0  0  3  0  0  0  730 1231  263 50  2 48
 kthr      memory            page            disk          faults      cpu
 r b w   swap  free  re  mf pi po fr de sr s0 s1 s2 --   in   sy   cs us sy id
 0 0 0 8262052 5125108 53 991 0 0  0  0  0  0  0  0  0  620 1135  230 50  2 48
 0 0 0 8262064 5125060 147 2192 0 0 0 0  0  0  0  0  0  832 1686  252 50  4 46
 0 0 0 8261992 5125016 129 2188 0 0 0 0  0  0  0  0  0  825 1711  255 50  4 46
 0 0 0 8262116 5125068 129 2184 0 0 0 0  0  0  0  0  0  769 1684  248 50  4 46
 0 0 0 8261816 5124952 134 2195 0 0 0 0  0  0  0  0  0  808 1701  251 50  4 46
 0 0 0 8261576 5124688 129 2186 0 0 0 0  0  2  0  0  0  936 1693  287 50  4 46
 0 0 0 8261864 5124864 148 2195 0 0 0 0  0  0  0  0  0  800 1697  259 50  4 46
 0 0 0 8261612 5124708 76 1192 0 0 0  0  0  0  0  0  0  664 1282  212 50  3 47
 0 0 0 8261868 5124804 53 993 0 0  0  0  0  0  0  0  0  641 1084  218 50  1 49
 0 0 0 8261568 5124692 129 2186 0 0 0 0  0  0  0  0  0  824 1679  253 50  4 46
 0 0 0 8261864 5124820 134 2187 0 0 0 0  0  0  0  0  0 1142 1790  292 50  4 46
 0 0 0 8261608 5124704 129 2185 0 0 0 0  0  3  0  0  0  959 1683  302 50  4 46
 0 0 0 8261480 5124592 136 2191 0 0 0 0  0  0  0  0  0  826 1697  274 50  4 46
 0 0 0 8261744 5124760 132 2184 0 0 0 0  0  0  0  0  0  800 1688  249 50  4 46
 0 0 0 8261832 5124764 129 2196 0 0 0 0  0  0  0  0  0  822 1713  261 50  4 46
 0 0 0 8261600 5124588 132 2170 0 0 0 0  0  0  0  0  0  776 1676  248 50  4 46
 0 0 0 8261596 5124536 2 15  0  0  0  0  0  0  0  0  0  473  688  178 50  0 50
 0 0 0 8260292 5123432 129 2256 0 0 0 0  0  2  0  0  0  947 1685  288 50  4 46
 0 0 0 8260024 5123276 129 2185 0 0 0 0  0  0  0  0  0  776 1701  258 50  4 46
 kthr      memory            page            disk          faults      cpu
 r b w   swap  free  re  mf pi po fr de sr s0 s1 s2 --   in   sy   cs us sy id
 0 0 0 8259772 5123176 147 2192 0 0 0 0  0  0  0  0  0  820 1684  248 50  4 46
 0 0 0 8259728 5123016 129 2185 0 0 0 0  0  0  0  0  0  795 1699  250 50  4 46
 0 0 0 8260024 5123160 129 2183 0 0 0 0  0  0  0  0  0  807 1684  247 50  4 46
 0 0 0 8259736 5123076 134 2189 0 0 0 0  0  0  0  0  0  779 1699  248 50  4 46
 0 0 0 8259652 5122940 128 2184 0 0 0 0  0  2  0  0  0  946 1686  290 50  4 46
 0 0 0 8207264 5070476 161 4107 0 0 0 0  0  0  0  0  0  658 3496  235 57  2 41
 0 0 0 8181648 5044740 130 2316 0 0 0 0  0  0  0  0  0  847 1939  261 68  3 29
 0 0 0 8199400 5062432 129 3105 0 0 0 0  0  0  0  0  0  962 1734  218 63  5 33
 0 0 0 8253096 5115828 129 2209 0 0 0 0  0  0  0  0  0  849 1689  249 50  4 46
 0 0 0 8252652 5115588 134 2182 0 0 0 0  0  0  0  0  0  774 1697  246 50  4 46
 0 0 0 8252948 5115596 130 2186 0 0 0 0  0  4  0  0  0 1139 1683  332 50  4 46
 0 0 0 8367952 5230532 147 2191 0 0 0 0  0  0  0  0  0  745 1691  274 36  4 59
 0 0 0 8444752 5307272 129 2182 0 0 0 0  0  0  0  0  0  748 1677  252 25  4 71
 0 0 0 8459960 5323308 47 1094 0 0 0  0  0  0  0  0  0  585 3345  195 29  2 68
 0 0 0 8485732 5348784 109 1917 0 0 0 0  0  0  0  0  0  709 1505  252 25  2 72
 0 0 0 8485476 5348728 134 2182 0 0 0 0  0  0  0  0  0  927 1785  304 25  4 71
 0 0 0 8485436 5348700 129 2185 0 0 0 0  0  2  0  0  0  869 1693  317 25  4 71
 0 0 0 8485660 5348908 129 2183 0 0 0 0  0  0  0  0  0  782 1690  282 23  6 71
 0 0 0 8777732 5667888 160 33161 0 0 0 0 0  0  0  0  0  720 1791  265 20  9 71
 kthr      memory            page            disk          faults      cpu
 r b w   swap  free  re  mf pi po fr de sr s0 s1 s2 --   in   sy   cs us sy id
 0 0 0 8735372 5598280 129 2182 0 0 0 0  0  0  0  0  0  710 1694  268 25  4 71
 0 0 0 8735672 5598420 134 2183 0 0 0 0  0  0  0  0  0  701 1673  264 25  4 71
 0 0 0 8735416 5598124 77 1217 0 0 0  0  0  0  0  0  0  593 1285  219 25  3 72
 0 0 0 8735656 5597912 53 990 0 0  0  0  0  2  0  0  0  687 1065  264 25  1 74
 0 0 0 8735340 5597900 129 2184 0 0 0 0  0  0  0  0  0  725 1687  271 25  4 71
 0 0 0 8735648 5597976 147 2188 0 0 0 0  0  0  0  0  0  697 1670  256 25  4 71
 0 0 0 8735400 5597812 129 2186 0 0 0 0  0  0  0  0  0  705 1690  266 25  4 71
 0 0 0 8735356 5597788 129 2180 0 0 0 0  0  0  0  0  0  700 1669  266 25  4 71
 0 0 0 8734392 5596688 132 2263 0 0 0 0  0  0  0  0  0  711 1686  262 25  4 71
 0 0 0 8733824 5596244 129 2181 0 0 0 0  0  2  0  0  0  773 1670  306 25  4 71
 0 0 0 8733664 5596156 147 2192 0 0 0 0  0  0  0  0  0  705 1688  283 25  4 71
 0 0 0 8734076 5596336 12 99 0  0  0  0  0  0  0  0  0  447  742  171 25  1 74
 0 0 0 8734076 5596336 117 2085 0 0 0 0  0  0  0  0  0  712 1623  261 25  3 72
 0 0 0 8733824 5596276 129 2183 0 0 0 0  0  0  0  0  0  687 1671  265 25  4 71
 0 0 0 8733784 5596232 134 2182 0 0 0 0  0  0  0  0  0  683 1684  259 25  4 71
 0 0 0 8734076 5596336 129 2184 0 0 0 0  0  2  0  0  0  793 1674  301 25  4 71
 0 0 0 8733820 5596248 141 2189 0 0 0 0  0  0  0  0  0  714 1685  272 25  4 71
 0 0 0 8733784 5596232 131 2182 0 0 0 0  0  0  0  0  0  707 1671  253 25  4 71
 0 0 0 8733412 5595724 129 2261 0 0 0 0  0  0  0  0  0  688 1690  267 25  4 71
 kthr      memory            page            disk          faults      cpu
 r b w   swap  free  re  mf pi po fr de sr s0 s1 s2 --   in   sy   cs us sy id
 0 0 0 8732516 5594796 82 1193 0 0 0  0  0  0  0  0  0  591 1223  225 25  2 73
 0 0 0 8732516 5594764 53 990 0 0  0  0  0  0  0  0  0  715 1214  260 25  2 73
 0 0 0 8732424 5594712 129 2181 0 0 0 0  0  2  0  0  0  819 1675  303 25  4 71
 0 0 0 8732292 5594784 129 2185 0 0 0 0  0  0  0  0  0  716 1687  283 25  4 71
 0 0 0 8732516 5594912 147 2188 0 0 0 0  0  0  0  0  0  702 1672  265 25  4 71
 0 0 0 8732436 5594732 129 2186 0 0 0 0  0  0  0  0  0  724 1698  263 25  4 71
 0 0 0 8732336 5594756 132 2181 0 0 0 0  0  0  0  0  0  698 1674  271 25  4 71
 0 0 0 8732520 5594808 132 2183 0 0 0 0  0  0  0  0  0  701 1684  261 25  4 71
 0 0 0 8732372 5594724 102 1627 0 0 0 0  0  2  0  0  0  706 1455  277 25  3 71
 0 0 0 8732516 5594908 27 557 0 0  0  0  0  0  0  0  0  520  895  212 25  1 74
 0 0 0 8857880 5719656 147 2188 0 0 0 0  0  0  0  0  0  704 1674  261 21  6 74
 0 0 0 9360812 6219904 129 2182 0 0 0 0  0  0  0  0  0  557 1692  267  0  4 96
 0 0 0 9359912 6219368 188 4222 0 0 0 0  0  0  0  0  0  599 8649  276  4  5 91
 0 0 0 9374952 6234900 155 2455 0 0 0 0  0  0  0  0  0  660 1918  273  2  4 94
 0 0 0 9399648 6257748 129 2182 0 0 0 0  0  2  0  0  0  686 1670  307  0  4 96
 0 0 0 9399260 6258012 147 2192 0 0 0 0  0  0  0  0  0  597 1687  285  0  4 96
 0 0 0 9399336 6258984 128 2181 0 0 0 0  0  0  0  0  0  585 1670  263  0  4 96
 1 0 0 9399632 6259124 20 266 0 0  0  0  0  0  0  0  0  480  866  191  0  1 98
 0 0 0 9399636 6259384 109 1917 0 0 0 0  0  0  0  0  0  575 1494  262  0  2 97
 kthr      memory            page            disk          faults      cpu
 r b w   swap  free  re  mf pi po fr de sr s0 s1 s2 --   in   sy   cs us sy id
 0 0 0 9399380 6259672 134 2182 0 0 0 0  0  0  0  0  0  583 1683  263  0  4 96
 0 0 0 9399336 6259632 129 2184 0 0 0 0  0  2  0  0  0  614 1675  308  0  4 96
 0 0 0 9399632 6259908 129 2181 0 0 0 0  0  0  0  0  0  576 1687  276  0  4 96
 0 0 0 9399380 6259872 147 2190 0 0 0 0  0  0  0  0  0  581 1678  264  0  4 96
 0 0 0 9399336 6259636 129 2184 0 0 0 0  0  0  0  0  0  590 1689  270  0  4 96
 0 0 0 9399632 6259776 134 2182 0 0 0 0  0  0  0  0  0  560 1670  265  0  4 96
 0 0 0 9399376 6259668 77 1196 0 0 0  0  0  0  0  0  0  526 1379  267  0  3 97
 0 0 0 9399636 6259768 52 988 0 0  0  0  0  4  0  0  0  578 1060  294  0  1 99
 0 0 0 9399260 6259704 129 2181 0 0 0 0  0  0  0  0  0  575 1690  285  0  4 96
 0 0 0 9399648 6259852 147 2191 0 0 0 0  0  0  0  0  0  577 1672  265  0  4 96
 0 0 0 9399404 6259696 129 2181 0 0 0 0  0  0  0  0  0  596 1696  268  0  4 96
 0 0 0 9399376 6259688 129 2185 0 0 0 0  0  0  0  0  0  579 1673  265  0  4 96
 0 0 0 9399676 6259840 131 2183 0 0 0 0  0  0  0  0  0  587 1686  264  0  4 96
 0 0 0 9399416 6259708 128 2181 0 0 0 0  0  2  0  0  0  614 1670  308  0  4 96
 0 0 0 9399376 6259744 147 2189 0 0 0 0  0  0  0  0  0  562 1684  269  0  4 96
 0 0 0 9399676 6259808 12 164 0 0  0  0  0  0  0  0  0  459  794  179  0  1 99
 0 0 0 9399676 6259808 116 2018 0 0 0 0  0  0  0  0  0  537 1555  256  0  2 97
 0 0 0 9399416 6259740 129 2185 0 0 0 0  0  0  0  0  0  582 1675  269  0  4 96
 0 0 0 9399376 6259696 134 2182 0 0 0 0  0  0  0  0  0  578 1686  265  0  4 96
 kthr      memory            page            disk          faults      cpu
 r b w   swap  free  re  mf pi po fr de sr s0 s1 s2 --   in   sy   cs us sy id
 0 0 0 9399664 6259796 129 2253 0 0 0 0  0  2  0  0  0  637 1716  320  0  4 96
 0 0 0 9399276 6259568 141 2189 0 0 0 0  0  0  0  0  0  586 1687  282  0  4 96
 0 0 0 9399320 6259624 129 2182 0 0 0 0  0  0  0  0  0  577 1670  265  0  4 96
 0 0 0 9399616 6259748 129 2183 0 0 0 0  0  0  0  0  0  598 1702  273  0  4 96
 0 0 0 9399364 6259664 82 1196 0 0 0  0  0  0  0  0  0  544 1277  223  0  3 97
 0 0 0 9399620 6259752 52 986 0 0  0  0  0  0  0  0  0  535 1068  225  0  1 99
 0 0 0 9399320 6259616 129 2182 0 0 0 0  0  2  0  0  0  605 1670  310  0  4 96
 0 0 0 9399616 6259892 129 2184 0 0 0 0  0  0  0  0  0  575 1686  271  0  4 96
 0 0 0 9399364 6259780 147 2190 0 0 0 0  0  0  0  0  0  575 1672  258  0  4 96
 0 0 0 9399320 6259620 129 2184 0 0 0 0  0  0  0  0  0  599 1692  265  0  4 96
 0 0 0 9399616 6259756 132 2183 0 0 0 0  0  0  0  0  0  585 1671  265  0  4 96
 0 0 0 9399360 6259676 131 2181 0 0 0 0  0  0  0  0  0  752 1774  311  0  4 96
 0 0 0 9399320 6259620 129 2184 0 0 0 0  0  2  0  0  0  625 1673  306  0  4 96
 0 0 0 9399544 6259820 17 100 0 0  0  0  0  0  0  0  0  467  781  203  0  1 99
 0 0 0 9399616 6259748 130 2089 0 0 0 0  0  0  0  0  0  589 1563  255  0  3 97
 0 0 0 9399360 6259652 129 2182 0 0 0 0  0  0  0  0  0  589 1695  263  0  4 96
 0 0 0 9399320 6259660 129 2185 0 0 0 0  0  0  0  0  0  586 1675  268  0  4 96
 0 0 0 9399620 6259792 134 2183 0 0 0 0  0  0  0  0  0  595 1683  266  0  4 96
 0 0 0 9399360 6259652 129 2182 0 0 0 0  0  2  0  0  0  647 1674  307  0  4 96
 kthr      memory            page            disk          faults      cpu
 r b w   swap  free  re  mf pi po fr de sr s0 s1 s2 --   in   sy   cs us sy id
 0 0 0 9399320 6259616 147 2191 0 0 0 0  0  0  0  0  0  588 1686  272  0  4 96
 0 0 0 9399620 6259752 129 2182 0 0 0 0  0  0  0  0  0  589 1676  263  0  4 96
 0 0 0 9399364 6259656 77 1194 0 0 0  0  0  0  0  0  0  520 1289  227  0  3 97
 0 0 0 9399616 6259792 52 989 0 0  0  0  0  0  0  0  0  501 1063  229  0  1 99
 0 0 0 9399320 6259616 134 2185 0 0 0 0  0  0  0  0  0  590 1687  272  0  4 96
 0 0 0 9399612 6259744 128 2184 0 0 0 0  0  4  0  0  0  643 1672  344  0  4 96
 0 0 0 9399276 6259712 129 2185 0 0 0 0  0  0  0  0  0  593 1686  284  0  4 96
 0 0 0 9399300 6259744 147 2194 0 0 0 0  0  0  0  0  0  591 1673  266  0  4 96
 0 0 0 9399596 6259728 129 2187 0 0 0 0  0  0  0  0  0  590 1703  266  0  4 96
 0 0 0 9399344 6259636 134 2188 0 0 0 0  0  0  0  0  0  571 1679  262  0  4 96
 0 0 0 9399304 6259600 129 2187 0 0 0 0  0  0  0  0  0  585 1683  268  0  3 96
 0 0 0 9399596 6259728 12 99 0  0  0  0  0  2  0  0  0  482  730  219  0  1 99
 0 0 0 9399592 6259872 117 2090 0 0 0 0  0  0  0  0  0  584 1618  271  0  3 96
 0 0 0 9399328 6259676 147 2195 0 0 0 0  0  0  0  0  0  563 1670  259  0  4 96
 0 0 0 9399272 6259568 129 2193 0 0 0 0  0  0  0  0  0  574 1690  264  0  4 96
 0 0 0 9399564 6259740 129 2188 0 0 0 0  0  0  0  0  0  569 1672  261  0  4 96
 0 0 0 9399308 6259644 134 2190 0 0 0 0  0  0  0  0  0  588 1775  309  0  4 96
 0 0 0 9399284 6259588 129 2191 0 0 0 0  0  2  0  0  0  615 1678  303  0  4 96
 0 0 0 9399392 6259596 147 2199 0 0 0 0  0  0  0  0  0  570 1690  289  0  4 96
 kthr      memory            page            disk          faults      cpu
 r b w   swap  free  re  mf pi po fr de sr s0 s1 s2 --   in   sy   cs us sy id
 0 0 0 9399548 6259680 77 1196 0 0 0  0  0  0  0  0  0  511 1230  214  0  2 98
 0 0 0 9399548 6259680 52 994 0 0  0  0  0  0  0  0  0  530 1132  226  0  2 98
 0 0 0 9399560 6259752 129 2192 0 0 0 0  0  0  0  0  0  580 1675  265  0  4 96
 0 0 0 9399492 6259688 134 2189 0 0 0 0  0  0  0  0  0  582 1685  264  0  4 96
 0 0 0 9399544 6259676 129 2196 0 0 0 0  0  2  0  0  0  615 1678  305  0  4 96
 0 0 0 9399480 6259664 146 2205 0 0 0 0  0  0  0  0  0  607 1700  273  0  4 96
 0 0 0 9399444 6259616 128 2191 0 0 0 0  0  0  0  0  0  574 1674  258  0  4 96
 0 0 0 9399536 6259668 129 2197 0 0 0 0  0  0  0  0  0  586 1692  271  0  4 96
 0 0 0 9399428 6259680 134 2195 0 0 0 0  0  0  0  0  0  575 1679  266  0  4 96
 0 0 0 9399528 6259660 12 99 0  0  0  0  0  0  0  0  0  469  733  177  0  0 100
 0 0 0 9399488 6259664 117 2097 0 0 0 0  0  2  0  0  0  617 1615  304  0  3 96
 0 0 0 9399460 6259796 129 2194 0 0 0 0  0  0  0  0  0  602 1691  286  0  4 96
 0 0 0 9399440 6259712 147 2205 0 0 0 0  0  0  0  0  0  589 1671  264  0  4 96
 0 0 0 9399448 6259628 129 2198 0 0 0 0  0  0  0  0  0  602 1702  272  0  4 96
 0 0 0 9399532 6259664 134 2194 0 0 0 0  0  0  0  0  0  596 1671  267  0  4 96
 0 0 0 9399344 6259636 129 2196 0 0 0 0  0  0  0  0  0  586 1684  262  0  4 96
 0 0 0 9399372 6259612 129 2198 0 0 0 0  0  3  0  0  0  627 1676  318  0  4 96
 0 0 0 9399524 6259864 94 1206 0 0 0  0  0  0  0  0  0  518 1230  229  0  2 98
 0 0 0 9399528 6259660 52 996 0 0  0  0  0  0  0  0  0  514 1118  214  0  2 98
 kthr      memory            page            disk          faults      cpu
 r b w   swap  free  re  mf pi po fr de sr s0 s1 s2 --   in   sy   cs us sy id
 0 0 0 9399436 6259616 129 2197 0 0 0 0  0  0  0  0  0  572 1687  263  0  4 96
 0 0 0 9399344 6259676 129 2197 0 0 0 0  0  0  0  0  0  575 1675  261  0  4 96
 0 0 0 9399524 6259700 134 2193 0 0 0 0  0  0  0  0  0  586 1777  317  0  4 96
 0 0 0 9399576 6259704 129 2197 0 0 0 0  0  2  0  0  0  633 1683  316  0  4 96
 0 0 0 9399384 6259624 147 2202 0 0 0 0  0  0  0  0  0  607 1686  286  0  4 96
 0 0 0 9399544 6259676 129 2201 0 0 0 0  0  0  0  0  0  603 1675  264  0  4 96
 0 0 0 9399456 6259632 129 2194 0 0 0 0  0  0  0  0  0  614 1699  269  0  4 96
 0 0 0 9399548 6259720 0  0  0  0  0  0  0  0  0  0  0  452  668  178  0  0 100
 0 0 0 9399360 6259656 134 2193 0 0 0 0  0  0  0  0  0  564 1682  262  0  4 96
 0 0 0 9399544 6259676 129 2198 0 0 0 0  0  3  0  0  0  593 1675  319  0  4 96
 0 0 0 9399452 6259652 144 2202 0 0 0 0  0  0  0  0  0  591 1686  272  0  4 96
 0 0 0 9399432 6259680 131 2197 0 0 0 0  0  0  0  0  0  581 1675  258  0  4 96
 0 0 0 9399548 6259680 129 2194 0 0 0 0  0  0  0  0  0  593 1688  270  0  4 96
 0 0 0 9399432 6259676 134 2197 0 0 0 0  0  0  0  0  0  600 1671  266  0  4 96
 0 0 0 9399540 6259704 129 2195 0 0 0 0  0  0  0  0  0  581 1685  266  0  4 96
 0 0 0 9399548 6259680 50 860 0 0  0  0  0  2  0  0  0  526 1074  255  0  2 98
 0 0 0 9399472 6259812 79 1335 0 0 0  0  0  0  0  0  0  551 1277  253  0  2 98
 0 0 0 9399500 6259688 147 2200 0 0 0 0  0  0  0  0  0  590 1670  266  0  4 96
 0 0 0 9399500 6259672 129 2197 0 0 0 0  0  0  0  0  0  604 1700  275  0  4 96
 kthr      memory            page            disk          faults      cpu
 r b w   swap  free  re  mf pi po fr de sr s0 s1 s2 --   in   sy   cs us sy id
 0 0 0 9399540 6259708 129 2195 0 0 0 0  0  0  0  0  0  568 1672  268  0  4 96
 0 0 0 9399460 6259680 133 2196 0 0 0 0  0  0  0  0  0  595 1684  270  0  4 96
 0 0 0 9399448 6259624 129 2194 0 0 0 0  0  3  0  0  0  642 1670  315  0  4 96
 0 0 0 9399528 6259796 147 2202 0 0 0 0  0  0  0  0  0  579 1684  266  0  4 96
 0 0 0 9399452 6259632 108 1781 0 0 0 0  0  0  0  0  0  564 1509  242  0  3 96
 0 0 0 9399532 6259664 21 413 0 0  0  0  0  0  0  0  0  470  844  199  0  0 99
 0 0 0 9399464 6259684 129 2193 0 0 0 0  0  0  0  0  0  597 1670  265  0  4 96
 0 0 0 9399528 6259680 134 2195 0 0 0 0  0  0  0  0  0  589 1775  307  0  4 96
 0 0 0 9399472 6259648 129 2192 0 0 0 0  0  2  0  0  0  604 1671  302  0  4 96
 0 0 0 9399492 6259636 145 2200 0 0 0 0  0  0  0  0  0  593 1685  283  0  4 96
 0 0 0 9399528 6259684 131 2195 0 0 0 0  0  0  0  0  0  581 1674  266  0  4 96
 0 0 0 9399468 6259644 129 2192 0 0 0 0  0  0  0  0  0  596 1697  272  0  4 96
 0 0 0 9399232 6259560 134 2192 0 0 0 0  0  0  0  0  0  586 1671  262  0  4 96
 0 0 0 9399532 6259664 37 548 0 0  0  0  0  0  0  0  0  489  971  201  0  1 99
 0 0 0 9399528 6259660 92 1647 0 0 0  0  0  2  0  0  0  593 1384  286  0  2 97
 0 0 0 9399272 6259772 129 2189 0 0 0 0  0  0  0  0  0  591 1680  272  0  4 96
 0 0 0 9399232 6259600 147 2202 0 0 0 0  0  0  0  0  0  570 1674  259  0  4 96
 0 0 0 9399532 6259664 129 2192 0 0 0 0  0  0  0  0  0  574 1688  266  0  4 96
 0 0 0 9399444 6259624 134 2192 0 0 0 0  0  0  0  0  0  591 1671  264  0  4 96
