
SunOS canfire03 5.11 onnv-gate i86pc    05/10/2009

09:10:44 sml_mem   alloc  fail  lg_mem   alloc  fail  ovsz_alloc  fail
09:10:49 365887680 318653408     0 1164886016 1119313920     0    76648448     0
09:10:54 365887680 318658784     0 1164869632 1119307904     0    76648448     0
09:10:59 365887680 318630688     0 1164873728 1119307136     0    76648448     0
09:11:04 365887680 318641088     0 1164886016 1119316352     0    76648448     0
09:11:09 365887680 318639232     0 1164886016 1119319808     0    76648448     0
09:11:14 365887680 318642336     0 1164869632 1119311104     0    76648448     0
09:11:19 365887680 318657344     0 1164869632 1119365888     0    76648448     0
09:11:24 365887680 318762432     0 1164914688 1119405184     0    76648448     0
09:11:29 365891776 318633472     0 1164890112 1119334656     0    76648448     0
09:11:34 365891776 318637984     0 1164873728 1119327616     0    76648448     0
09:11:39 365891776 318641568     0 1164873728 1119333760     0    76648448     0
09:11:44 365891776 318647840     0 1164890112 1119344896     0    76648448     0
09:11:49 365891776 318651552     0 1164902400 1119351168     0    76648448     0
09:11:54 365891776 318654496     0 1164886016 1119341440     0    76648448     0
09:11:59 365891776 318632704     0 1164886016 1119345536     0    76648448     0
09:12:04 365891776 318658144     0 1164902400 1119409920     0    76648448     0
09:12:09 365891776 318657312     0 1164918784 1119385728     0    76648448     0
09:12:14 365891776 318646752     0 1164894208 1119353088     0    76648448     0
09:12:19 365891776 318650464     0 1164898304 1119357312     0    76648448     0
09:12:24 365891776 318657056     0 1164914688 1119375488     0    76648448     0
09:12:29 365891776 318636736     0 1164918784 1119377792     0    76648448     0
09:12:34 365891776 318641248     0 1164902400 1119369088     0    76648448     0
09:12:39 365891776 318644832     0 1164902400 1119374720     0    76648448     0
09:12:44 365891776 318651104     0 1164918784 1119389568     0    76648448     0
09:12:49 365891776 318666080     0 1164918784 1119442304     0    76648448     0
09:12:54 365891776 318734432     0 1164918784 1119422080     0    76648448     0
09:12:59 365891776 318635072     0 1164902400 1119382912     0    76648448     0
09:13:04 365891776 318645376     0 1164918784 1119398912     0    76648448     0
09:13:09 365891776 318646688     0 1164918784 1119403392     0    76648448     0
09:13:14 365891776 318649728     0 1164902400 1119393152     0    76648448     0
09:13:19 365891776 318653312     0 1164902400 1119397248     0    76648448     0
09:13:24 365891776 318659584     0 1164918784 1119410048     0    76648448     0
09:13:29 365891776 318649024     0 1164918784 1119465856     0    76648448     0
09:13:34 365891776 318752032     0 1164926976 1119479552     0    76648448     0
09:13:39 365891776 318645056     0 1164902400 1119406464     0    76648448     0
09:13:44 365891776 318651328     0 1164918784 1119421312     0    76648448     0
09:13:49 365891776 318654912     0 1164918784 1119425408     0    76648448     0
09:13:54 365891776 318657984     0 1164922880 1119424384     0    76648448     0
09:13:59 365891776 318636160     0 1164922880 1119424896     0    76648448     0
09:14:04 365891776 318649280     0 1164939264 1119434752     0    76648448     0
09:14:09 365891776 318647392     0 1164939264 1119440768     0    76648448     0
09:14:14 365891776 318661728     0 1164922880 1119481216     0    76648448     0
09:14:19 365891776 318628352     0 1164886016 1119406720     0    76648448     0
09:14:24 365891776 318660256     0 1164939264 1119446016     0    76648448     0
09:14:29 365891776 318637728     0 1164943360 1119453568     0    76648448     0
09:14:34 365891776 318642240     0 1164926976 1119447424     0    76648448     0
09:14:39 365891776 318645824     0 1164926976 1119449984     0    76648448     0
09:14:44 365891776 318652096     0 1164943360 1119467392     0    76648448     0
09:14:49 365891776 318655680     0 1164943360 1119467392     0    76648448     0
09:14:54 365891776 318658624     0 1164926976 1119458688     0    76648448     0
09:14:59 365891776 318648480     0 1164931072 1119514368     0    76648448     0
09:15:04 365891776 318725664     0 1164972032 1119525632     0    76648448     0
09:15:09 365891776 318648608     0 1164955648 1119483008     0    76648448     0
09:15:14 365891776 318651552     0 1164939264 1119475328     0    76648448     0
09:15:19 365891776 318655136     0 1164939264 1119477504     0    76648448     0
09:15:24 365891776 318661152     0 1164955648 1119491712     0    76648448     0
09:15:29 365891776 318639296     0 1164955648 1119500928     0    76648448     0
09:15:34 365891776 318643360     0 1164939264 1119490816     0    76648448     0
09:15:40 365891776 318658432     0 1164939264 1119547136     0    76648448     0
09:15:45 365891776 319284768     0 1165164544 1119838208     0    76648448     0
09:15:50 365904064 331746464     0 1167294464 1120634624     0    76648448     0
09:15:55 365908160 332280000     0 1167364096 1120714240     0    76648448     0
09:16:00 365908160 332144192     0 1167364096 1120623872     0    76648448     0
09:16:05 365908160 332565184     0 1167446016 1121096832     0    76648448     0
09:16:10 365908160 332673792     0 1167466496 1121251200     0    76648448     0
09:16:15 365908160 332703648     0 1167454208 1121385600     0    76648448     0
09:16:20 365908160 332732992     0 1167458304 1121522560     0    76648448     0
09:16:25 365908160 332820032     0 1167482880 1121597312     0    76648448     0
09:16:30 365908160 332860704     0 1167503360 1121607552     0    76648448     0
09:16:35 365908160 332802880     0 1167470592 1121556352     0    76648448     0
09:16:40 365908160 332807072     0 1167470592 1121560448     0    76648448     0
09:16:45 365908160 332817120     0 1167486976 1121572224     0    76648448     0
09:16:50 365908160 332831616     0 1167491072 1121580416     0    76648448     0
09:16:55 365908160 332842752     0 1167474688 1121568128     0    76648448     0
09:17:00 365908160 332822208     0 1167474688 1121716096     0    76648448     0
09:17:05 365908160 332829920     0 1167491072 1121738752     0    76648448     0
09:17:10 365908160 332846688     0 1167495168 1121762048     0    76648448     0
09:17:15 365908160 332845984     0 1167474688 1121727488     0    76648448     0
09:17:20 365908160 332850208     0 1167474688 1121725824     0    76648448     0
09:17:25 365908160 332856800     0 1167491072 1121740928     0    76648448     0
09:17:30 365908160 332833696     0 1167491072 1121731456     0    76648448     0
09:17:35 365908160 332837984     0 1167474688 1121719680     0    76648448     0
09:17:40 365908160 332841568     0 1167474688 1121720064     0    76648448     0
09:17:45 365908160 332847840     0 1167491072 1121731456     0    76648448     0
09:17:50 365908160 332872576     0 1167499264 1121780352     0    76648448     0
09:17:55 365908160 332854496     0 1167515648 1121727872     0    76648448     0
09:18:00 365908160 332840544     0 1167568896 1121732736     0    76648448     0
09:18:05 365908160 332847776     0 1167593472 1121744384     0    76648448     0
09:18:10 365908160 332851936     0 1167593472 1121744768     0    76648448     0
09:18:15 365908160 332854880     0 1167577088 1121731968     0    76648448     0
09:18:20 365908160 332858560     0 1167618048 1121733504     0    76648448     0
09:18:25 365908160 332864832     0 1167634432 1121745280     0    76648448     0
09:18:30 365908160 332854496     0 1167634432 1121799936     0    76648448     0
09:18:35 365908160 332926752     0 1167638528 1121780096     0    76648448     0
09:18:40 365908160 332853568     0 1167622144 1121747328     0    76648448     0
09:18:45 365908160 332859936     0 1167638528 1121760640     0    76648448     0
09:18:50 365908160 332862912     0 1167622144 1121748864     0    76648448     0
09:18:55 365908160 332866656     0 1167622144 1121747328     0    76648448     0
09:19:00 365908160 332847648     0 1167638528 1121760640     0    76648448     0
09:19:05 365908160 324307456     0 1167638528 1121759872     0    76648448     0
09:19:10 365908160 323494624     0 1166082048 1120267264     0    76648448     0
09:19:15 365908160 323598048     0 1166106624 1120290688     0    76648448     0
09:19:20 365908160 323510336     0 1166114816 1120230912     0    76648448     0
09:19:25 365908160 323513984     0 1166114816 1120233600     0    76648448     0
09:19:30 365908160 323488256     0 1166098432 1120228352     0    76648448     0
09:19:35 365908160 323493696     0 1166098432 1120228352     0    76648448     0
09:19:40 365908160 323527168     0 1166118912 1120245888     0    76648448     0
09:19:45 365908160 323530848     0 1166118912 1120245888     0    76648448     0
09:19:50 365908160 323533952     0 1166102528 1120232448     0    76648448     0
09:19:55 365908160 323531840     0 1166102528 1120266240     0    76648448     0
09:20:00 365908160 323519040     0 1166118912 1120248064     0    76648448     0
09:20:05 365908160 323524224     0 1166118912 1120246528     0    76648448     0
09:20:10 365908160 323527744     0 1166102528 1120233472     0    76648448     0
09:20:15 365908160 323531328     0 1166102528 1120239232     0    76648448     0
09:20:20 365908160 323537600     0 1166118912 1120257152     0    76648448     0
09:20:25 365908160 323543168     0 1166118912 1120257152     0    76648448     0
09:20:30 365908160 323486656     0 1166094336 1120241664     0    76648448     0
09:20:35 365908160 323502880     0 1166094336 1120293888     0    76648448     0
09:20:40 365908160 323574304     0 1166127104 1120294400     0    76648448     0
09:20:45 365908160 323503040     0 1166110720 1120254080     0    76648448     0
09:20:50 365908160 323505792     0 1166094336 1120240000     0    76648448     0
09:20:55 365908160 323509472     0 1166094336 1120241664     0    76648448     0
09:21:00 365908160 323488224     0 1166110720 1120253440     0    76648448     0
09:21:05 365908160 323492832     0 1166110720 1120257536     0    76648448     0
09:21:10 365908160 323496640     0 1166094336 1120249856     0    76648448     0
09:21:15 365908160 323511680     0 1166094336 1120302464     0    76648448     0
09:21:20 365908160 323542816     0 1166114816 1120281600     0    76648448     0
09:21:25 365908160 323529024     0 1166114816 1120266112     0    76648448     0
09:21:30 365908160 323505824     0 1166098432 1120256000     0    76648448     0
09:21:35 365908160 323512992     0 1166098432 1120257024     0    76648448     0
09:21:40 365908160 323519360     0 1166114816 1120269824     0    76648448     0
09:21:45 365908160 323523168     0 1166114816 1120269824     0    76648448     0
09:21:50 365908160 323526592     0 1166098432 1120262144     0    76648448     0
09:21:55 365908160 323541568     0 1166098432 1120314368     0    76648448     0
09:22:00 365908160 323531200     0 1166123008 1120312320     0    76648448     0
09:22:05 365908160 323516544     0 1166114816 1120277632     0    76648448     0
09:22:10 365908160 323520064     0 1166098432 1120266240     0    76648448     0
09:22:15 365908160 323524224     0 1166098432 1120266240     0    76648448     0
09:22:20 365908160 323530496     0 1166114816 1120280064     0    76648448     0
09:22:25 365908160 323553152     0 1166118912 1120282496     0    76648448     0
09:22:30 365908160 323530432     0 1166102528 1120270720     0    76648448     0
09:22:35 365908160 323546720     0 1166102528 1120324608     0    76648448     0
09:22:40 365908160 323652992     0 1166143488 1120359808     0    76648448     0
09:22:45 365908160 323547552     0 1166118912 1120288256     0    76648448     0
09:22:50 365908160 323550592     0 1166102528 1120276480     0    76648448     0
09:22:55 365908160 323554176     0 1166102528 1120280576     0    76648448     0
09:23:00 365908160 323538016     0 1166118912 1120292352     0    76648448     0
09:23:05 365908160 323542368     0 1166118912 1120291968     0    76648448     0
09:23:10 365908160 323547072     0 1166102528 1120411904     0    76648448     0
09:23:15 365908160 323550816     0 1166102528 1120413952     0    76648448     0
09:23:20 365908160 323537280     0 1166082048 1120425984     0    76648448     0
09:23:25 365908160 332866144     0 1167650816 1121965440     0    76648448     0
09:23:30 365908160 332839392     0 1167634432 1121955968     0    76648448     0
09:23:35 365908160 332844800     0 1167634432 1121954432     0    76648448     0
09:23:40 365908160 332851232     0 1167650816 1121966208     0    76648448     0
09:23:45 365908160 332854912     0 1167650816 1121966208     0    76648448     0
09:23:50 365908160 332857856     0 1167634432 1121959552     0    76648448     0
09:23:55 365908160 332861440     0 1167634432 1121961088     0    76648448     0
09:24:01 365908160 332854336     0 1167650816 1122029440     0    76648448     0
09:24:06 365908160 332924640     0 1167667200 1122017280     0    76648448     0
09:24:11 365908160 332850560     0 1167634432 1121963904     0    76648448     0
09:24:16 365908160 332855168     0 1167634432 1121969536     0    76648448     0
09:24:21 365908160 332861440     0 1167650816 1121983360     0    76648448     0
09:24:26 365908160 332865024     0 1167650816 1121981824     0    76648448     0
09:24:31 365908160 332859488     0 1167654912 1121992064     0    76648448     0
09:24:36 365908160 332867520     0 1167654912 1121992064     0    76648448     0
09:24:41 365908160 332885344     0 1167671296 1122060160     0    76648448     0
09:24:46 365908160 332988448     0 1167695872 1122081152     0    76648448     0
09:24:51 365908160 332880320     0 1167654912 1121996160     0    76648448     0
09:24:56 365908160 332883904     0 1167654912 1121996160     0    76648448     0
09:25:01 365908160 332864672     0 1167671296 1122007936     0    76648448     0
09:25:06 365908160 332869344     0 1167671296 1122010112     0    76648448     0
09:25:11 365908160 332872864     0 1167654912 1122000256     0    76648448     0
09:25:16 365908160 332876448     0 1167654912 1122000256     0    76648448     0
09:25:21 365908160 332882720     0 1167671296 1122012032     0    76648448     0
09:25:26 365908160 332898880     0 1167675392 1122068352     0    76648448     0
09:25:31 365908160 332941504     0 1167675392 1122051456     0    76648448     0
09:25:36 365908160 332888256     0 1167663104 1122014592     0    76648448     0
09:25:41 365908160 332894688     0 1167679488 1122024832     0    76648448     0
09:25:46 365908160 332898848     0 1167679488 1122024832     0    76648448     0
09:25:51 365908160 332901792     0 1167663104 1122017152     0    76648448     0
09:25:56 365908160 332905920     0 1167663104 1122018688     0    76648448     0
09:26:01 365908160 332886528     0 1167679488 1122031488     0    76648448     0
09:26:06 365908160 332890912     0 1167679488 1122029952     0    76648448     0
09:26:11 365908160 332994880     0 1167687680 1122091008     0    76648448     0
09:26:16 365908160 332901600     0 1167663104 1122023808     0    76648448     0
09:26:21 365908160 332907872     0 1167679488 1122038144     0    76648448     0
09:26:26 365908160 332911648     0 1167679488 1122040192     0    76648448     0
09:26:31 365908160 332889344     0 1167663104 1122034304     0    76648448     0
09:26:36 365908160 332894400     0 1167663104 1122034304     0    76648448     0
09:26:41 365908160 330993920     0 1167679488 1122051072     0    76648448     0
09:26:46 365908160 332874752     0 1167671296 1122046592     0    76648448     0
09:26:51 365908160 332903136     0 1167667200 1122090624     0    76648448     0
09:26:56 365908160 332884256     0 1167654912 1122033152     0    76648448     0
09:27:01 365908160 332861312     0 1167671296 1122044928     0    76648448     0
09:27:06 365908160 332864416     0 1167659008 1122040320     0    76648448     0
09:27:11 365908160 332869696     0 1167654912 1122038912     0    76648448     0
09:27:16 365908160 332875968     0 1167671296 1122049024     0    76648448     0
09:27:21 365908160 332879552     0 1167671296 1122049024     0    76648448     0
09:27:26 365908160 332882528     0 1167654912 1122041344     0    76648448     0
09:27:31 365908160 332872256     0 1167654912 1122095232     0    76648448     0
09:27:36 365908160 332945760     0 1167687680 1122098176     0    76648448     0
09:27:41 365908160 332871936     0 1167671296 1122058880     0    76648448     0
09:27:46 365908160 332875008     0 1167654912 1122047104     0    76648448     0
09:27:51 365908160 332878720     0 1167654912 1122047104     0    76648448     0
09:27:56 365908160 332884992     0 1167671296 1122058880     0    76648448     0
09:28:01 365908160 332879648     0 1167675392 1122067072     0    76648448     0
09:28:06 365908160 332883936     0 1167659008 1122055296     0    76648448     0
09:28:11 365908160 332899200     0 1167679488 1122110464     0    76648448     0
09:28:16 365908160 333005280     0 1167720448 1122146304     0    76648448     0
09:28:21 365908160 332897216     0 1167695872 1122073216     0    76648448     0
09:28:26 365908160 332902848     0 1167679488 1122059776     0    76648448     0
09:28:31 365908160 332880896     0 1167679488 1122061440     0    76648448     0
09:28:36 365908160 332888608     0 1167695872 1122071552     0    76648448     0
09:28:41 365908160 332892192     0 1167695872 1122073216     0    76648448     0
09:28:46 365908160 332895136     0 1167679488 1122061440     0    76648448     0
09:28:51 365908160 332898720     0 1167679488 1122061440     0    76648448     0
09:28:56 365908160 332944576     0 1167704064 1122134656     0    76648448     0
09:29:01 365908160 332882368     0 1167695872 1122077312     0    76648448     0
09:29:06 365908160 332886496     0 1167679488 1122069248     0    76648448     0
09:29:11 365908160 332890688     0 1167679488 1122067968     0    76648448     0
09:29:16 365908160 332899264     0 1167695872 1122081408     0    76648448     0
09:29:21 365908160 332904064     0 1167695872 1122212736     0    76648448     0
09:29:26 365908160 332923904     0 1167683584 1122205056     0    76648448     0
09:29:31 365908160 332901504     0 1167683584 1122205056     0    76648448     0
09:29:36 365908160 332920416     0 1167699968 1122271104     0    76648448     0
09:29:41 365908160 332989856     0 1167716352 1122260736     0    76648448     0
09:29:46 365908160 332915328     0 1167683584 1122207104     0    76648448     0
09:29:51 365908160 332918912     0 1167683584 1122211200     0    76648448     0
09:29:56 365908160 332926080     0 1167699968 1122221312     0    76648448     0
09:30:01 365928640 334134080     0 1167933440 1122502784     0    76648448     0
09:30:06 366002368 334191680     0 1168101376 1122690944     0    76648448     0
09:30:11 366006464 334520064     0 1173655552 1128263040     0    76648448     0
09:30:16 366006464 333100704     0 1173430272 1122407680     0    76648448     0
09:30:21 366006464 333141632     0 1173446656 1122407296     0    76648448     0
09:30:26 366006464 333100640     0 1173413888 1122608256     0    76648448     0
09:30:31 366006464 330627872     0 1172992000 1122441216     0    76648448     0
09:30:36 366006464 330634304     0 1173008384 1122447744     0    76648448     0
09:30:41 366006464 330655328     0 1173016576 1122493312     0    76648448     0
09:30:46 366006464 330068992     0 1172971520 1122393728     0    76648448     0
09:30:51 366006464 330072576     0 1172971520 1122397824     0    76648448     0
09:30:56 366006464 330078848     0 1172987904 1122408064     0    76648448     0
09:31:01 366006464 330039680     0 1172987904 1122461824     0    76648448     0
09:31:06 366006464 327079200     0 1172488192 1121942016     0    76648448     0
09:31:11 366006464 327005472     0 1172471808 1121902720     0    76648448     0
09:31:16 366006464 327011744     0 1172488192 1121914880     0    76648448     0
09:31:21 366006464 327015328     0 1172488192 1121914496     0    76648448     0
09:31:26 366006464 327024096     0 1172471808 1121906816     0    76648448     0
09:31:31 366006464 326999744     0 1172504576 1121937920     0    76648448     0
09:31:36 366006464 327007360     0 1172520960 1121951360     0    76648448     0
09:31:41 366006464 327021792     0 1172504576 1121986816     0    76648448     0
09:31:46 366006464 327124832     0 1172512768 1122000000     0    76648448     0
09:31:51 366006464 327035744     0 1172492288 1121933440     0    76648448     0
09:31:56 366006464 327042016     0 1172508672 1121945216     0    76648448     0
09:32:01 366006464 327020288     0 1172508672 1121946880     0    76648448     0
09:32:06 366006464 327024032     0 1172492288 1121935104     0    76648448     0
09:32:11 366006464 327028160     0 1172492288 1121935104     0    76648448     0
09:32:16 366006464 327034432     0 1172508672 1121949312     0    76648448     0
09:32:22 366006464 327038016     0 1172508672 1121950976     0    76648448     0
09:32:27 366006464 327052352     0 1172492288 1121991424     0    76648448     0
09:32:32 366006464 327095296     0 1172508672 1121980160     0    76648448     0
09:32:37 366006464 327026112     0 1172508672 1121957120     0    76648448     0
09:32:42 366006464 327029696     0 1172508672 1121957120     0    76648448     0
09:32:47 366006464 327051744     0 1172496384 1121949824     0    76648448     0
09:32:52 366006464 327055328     0 1172496384 1121951488     0    76648448     0
09:32:57 366006464 327061600     0 1172512768 1121963264     0    76648448     0
09:33:02 366006464 327039552     0 1172512768 1121965696     0    76648448     0
09:33:07 366006464 327056640     0 1172496384 1122012288     0    76648448     0
09:33:12 366006464 327158336     0 1172520960 1122027136     0    76648448     0
09:33:17 366006464 327053440     0 1172512768 1121967360     0    76648448     0
09:33:22 366006464 327057024     0 1172512768 1121965696     0    76648448     0
09:33:27 366006464 327059968     0 1172496384 1121955584     0    76648448     0
09:33:32 366006464 327037856     0 1172496384 1121953920     0    76648448     0
09:33:37 366006464 327045472     0 1172512768 1121969792     0    76648448     0
09:33:42 366006464 319414016     0 1171218432 1120657024     0    76648448     0
09:33:47 366006464 319575648     0 1171238912 1120728064     0    76648448     0
09:33:52 366006464 319487712     0 1171238912 1120789632     0    76648448     0
09:33:57 366006464 318992608     0 1171128320 1120676864     0    76648448     0
09:34:02 366006464 318860448     0 1171263488 1120670592     0    76648448     0
09:34:07 366006464 318864224     0 1171247104 1120658432     0    76648448     0
09:34:12 366006464 318868320     0 1171247104 1120662912     0    76648448     0
09:34:17 366006464 318874592     0 1171263488 1120673152     0    76648448     0
09:34:22 366006464 318878176     0 1171263488 1120674688     0    76648448     0
09:34:27 366006464 318881120     0 1171247104 1120665472     0    76648448     0
09:34:32 366006464 318870528     0 1171247104 1120719232     0    76648448     0
09:34:37 366006464 318976928     0 1171288064 1120751872     0    76648448     0
09:34:42 366006464 318870144     0 1171263488 1120682880     0    76648448     0
09:34:47 366006464 318873056     0 1171247104 1120669568     0    76648448     0
09:34:52 366006464 318876640     0 1171247104 1120671104     0    76648448     0
09:34:57 366006464 318882912     0 1171263488 1120681344     0    76648448     0
09:35:02 366006464 318861216     0 1171263488 1120681344     0    76648448     0
09:35:07 366006464 318865248     0 1171247104 1120671104     0    76648448     0
09:35:12 366006464 318868576     0 1171247104 1120671104     0    76648448     0
09:35:17 366006464 318886240     0 1171263488 1120735104     0    76648448     0
09:35:22 366006464 318955136     0 1171279872 1120723840     0    76648448     0
09:35:27 366006464 318881120     0 1171247104 1120679296     0    76648448     0
09:35:32 366006464 318862144     0 1171263488 1120822400     0    76648448     0
09:35:37 366006464 318867072     0 1171263488 1120822400     0    76648448     0
09:35:42 366006464 318870016     0 1171247104 1120809088     0    76648448     0
09:35:47 366006464 318873600     0 1171247104 1120810624     0    76648448     0
09:35:52 366006464 318879872     0 1171263488 1120822400     0    76648448     0
09:35:57 366006464 318890496     0 1171283968 1121017216     0    76648448     0
09:36:02 366006464 318877312     0 1171267584 1120888064     0    76648448     0
09:36:07 366006464 318866304     0 1171263488 1120839296     0    76648448     0
09:36:12 366006464 318873152     0 1171279872 1120849792     0    76648448     0
09:36:17 366006464 318877760     0 1171279872 1120981504     0    76648448     0
09:36:22 366006464 318880704     0 1171263488 1120969728     0    76648448     0
09:36:27 366006464 318882496     0 1171263488 1120988288     0    76648448     0
09:36:32 366006464 318866016     0 1171279872 1120997888     0    76648448     0
09:36:37 366006464 318869600     0 1171279872 1120999424     0    76648448     0
09:36:42 366006464 318883936     0 1171263488 1121039872     0    76648448     0
09:36:47 366006464 318986656     0 1171288064 1121059200     0    76648448     0
09:36:52 366006464 318882144     0 1171279872 1120999424     0    76648448     0
09:36:57 366006464 318883712     0 1171279872 1121003648     0    76648448     0
09:37:02 366006464 318864320     0 1171263488 1120992256     0    76648448     0
09:37:07 366006464 318867904     0 1171263488 1120993792     0    76648448     0
09:37:12 366006464 318874176     0 1171279872 1121005568     0    76648448     0
09:37:17 366006464 318877760     0 1171279872 1121004032     0    76648448     0
09:37:22 366006464 318880704     0 1171263488 1120993792     0    76648448     0
09:37:27 366006464 318894048     0 1171263488 1121046656     0    76648448     0
09:37:32 366006464 318943168     0 1171296256 1121044992     0    76648448     0
09:37:37 366006464 318869536     0 1171279872 1121004032     0    76648448     0
09:37:42 366006464 318872480     0 1171263488 1120993792     0    76648448     0
09:37:47 366006464 318876064     0 1171263488 1120992256     0    76648448     0
09:37:52 366006464 318882336     0 1171279872 1121005568     0    76648448     0
09:37:57 366006464 318892320     0 1171431424 1121176320     0    76648448     0
09:38:02 366006464 318871968     0 1171415040 1121166336     0    76648448     0
09:38:07 366006464 318888352     0 1171415040 1121224704     0    76648448     0
09:38:12 366006464 318992384     0 1171456000 1121251328     0    76648448     0
09:38:17 366006464 318885472     0 1171431424 1121178880     0    76648448     0
09:38:22 366006464 318888096     0 1171415040 1121166336     0    76648448     0
09:38:27 366006464 318866464     0 1171419136 1121169408     0    76648448     0
09:38:32 366006464 318876320     0 1171435520 1121182848     0    76648448     0
09:38:37 366006464 318879904     0 1171435520 1121182848     0    76648448     0
09:38:42 366006464 318882944     0 1171447808 1121171072     0    76648448     0
09:38:47 366006464 318886528     0 1171447808 1121171072     0    76648448     0
09:38:52 366006464 318904192     0 1171464192 1121233408     0    76648448     0
09:38:57 366006464 318946496     0 1171628032 1121242880     0    76648448     0
09:39:02 366006464 318876576     0 1171595264 1121191808     0    76648448     0
09:39:07 366006464 318879616     0 1171595264 1121190144     0    76648448     0
09:39:12 366006464 318886432     0 1171611648 1121203584     0    76648448     0
09:39:17 366006464 318890016     0 1171611648 1121201920     0    76648448     0
09:39:22 366006464 318892960     0 1171595264 1121191808     0    76648448     0
09:39:27 366006464 318868480     0 1171611648 1121208192     0    76648448     0
09:39:32 366006464 318889920     0 1171628032 1121271424     0    76648448     0
09:39:37 366006464 318992672     0 1171652608 1121293056     0    76648448     0
09:39:42 366006464 318884608     0 1171611648 1121208192     0    76648448     0
09:39:47 366006464 318888640     0 1171611648 1121210496     0    76648448     0
09:39:52 366006464 318894592     0 1171628032 1121218304     0    76648448     0
09:39:57 366006464 318870624     0 1171628032 1121224320     0    76648448     0
09:40:02 366006464 318877152     0 1171611648 1121212544     0    76648448     0
09:40:07 366006464 318880736     0 1171611648 1121212544     0    76648448     0
09:40:12 366006464 318887008     0 1171628032 1121222656     0    76648448     0
09:40:17 366006464 318901984     0 1171628032 1121280640     0    76648448     0
09:40:22 366006464 318961664     0 1171623936 1121263744     0    76648448     0
09:40:27 366010560 318881152     0 1171611648 1121219072     0    76648448     0
09:40:32 366010560 318891008     0 1171628032 1121232512     0    76648448     0
09:40:37 366010560 318894592     0 1171628032 1121230848     0    76648448     0
09:40:43 366010560 318897536     0 1171611648 1121219072     0    76648448     0
09:40:48 366010560 318901120     0 1171611648 1121220736     0    76648448     0
09:40:53 366010560 318907392     0 1171628032 1121232512     0    76648448     0
09:40:58 366010560 318883392     0 1171628032 1121230848     0    76648448     0
09:41:03 366010560 318901312     0 1171611648 1121272960     0    76648448     0
09:41:08 366010560 318921344     0 1171623936 1121245312     0    76648448     0
09:41:13 366010560 318899008     0 1171628032 1121234560     0    76648448     0
09:41:18 366010560 318902880     0 1171628032 1121236864     0    76648448     0
09:41:23 366010560 318905504     0 1171611648 1121221120     0    76648448     0
09:41:28 366010560 318881152     0 1171611648 1121222784     0    76648448     0
09:41:33 366010560 318890944     0 1171628032 1121234560     0    76648448     0
09:41:38 366010560 318895328     0 1171628032 1121365888     0    76648448     0
09:41:43 366010560 318909664     0 1171611648 1121406336     0    76648448     0
09:41:48 366010560 319012096     0 1171636224 1121425664     0    76648448     0
09:41:53 366010560 318907872     0 1171628032 1121365888     0    76648448     0
09:41:58 366010560 318883040     0 1171628032 1121365888     0    76648448     0
09:42:03 366010560 318889568     0 1171611648 1121356672     0    76648448     0
09:42:08 366010560 318893152     0 1171611648 1121356672     0    76648448     0
09:42:13 366010560 318899424     0 1171628032 1121369984     0    76648448     0
09:42:18 366010560 318903104     0 1171644416 1121374080     0    76648448     0
09:42:23 366010560 318906048     0 1171628032 1121360768     0    76648448     0
09:42:28 366010560 318893600     0 1171628032 1121414528     0    76648448     0
09:42:33 366010560 318968512     0 1171660800 1121415040     0    76648448     0
09:42:38 366010560 318894944     0 1171644416 1121372544     0    76648448     0
09:42:43 366010560 318897888     0 1171628032 1121360768     0    76648448     0
09:42:48 366010560 318901472     0 1171628032 1121360768     0    76648448     0
09:42:53 366010560 318907744     0 1171644416 1121374080     0    76648448     0
09:42:58 366010560 318883136     0 1171644416 1121374080     0    76648448     0
09:43:03 366010560 318889664     0 1171628032 1121360768     0    76648448     0
09:43:08 366010560 318906016     0 1171628032 1121420672     0    76648448     0
09:43:13 366010560 319010560     0 1171668992 1121445632     0    76648448     0
09:43:18 366010560 318902848     0 1171644416 1121372544     0    76648448     0
09:43:23 366010560 318905792     0 1171628032 1121362304     0    76648448     0
09:43:28 366010560 318881472     0 1171628032 1121362304     0    76648448     0
09:43:33 366010560 318891328     0 1171644416 1121372544     0    76648448     0
09:43:38 366010560 318894912     0 1171644416 1121374080     0    76648448     0
09:43:43 366010560 318897856     0 1171628032 1121362304     0    76648448     0
09:43:48 366010560 318901952     0 1171636224 1121367040     0    76648448     0
