
SunOS canfire03 5.11 onnv-gate i86pc    05/10/2009

05:31:30 sml_mem   alloc  fail  lg_mem   alloc  fail  ovsz_alloc  fail
05:31:35 343617728 298991296     0 910352384 864993472     0    76648448     0
05:31:40 343617728 298996640     0 910319616 864967552     0    76648448     0
05:31:45 343621824 299006816     0 910323712 864976320     0    76648448     0
05:31:50 343621824 298980704     0 910344192 864998080     0    76648448     0
05:31:55 343621824 298985568     0 910344192 864998848     0    76648448     0
05:32:00 343621824 298988736     0 910327808 864990144     0    76648448     0
05:32:05 343621824 298989696     0 910327808 864988032     0    76648448     0
05:32:10 343621824 299106400     0 910368768 865076544     0    76648448     0
05:32:15 343621824 298999360     0 910344192 865003328     0    76648448     0
05:32:20 343621824 298977184     0 910327808 864996928     0    76648448     0
05:32:25 343621824 298981792     0 910327808 865000768     0    76648448     0
05:32:30 343621824 298988160     0 910364672 865012544     0    76648448     0
05:32:35 343621824 298991744     0 910364672 865019776     0    76648448     0
05:32:40 343621824 298994688     0 910348288 865009024     0    76648448     0
05:32:45 343621824 298998368     0 910356480 865014144     0    76648448     0
05:32:50 343621824 298990112     0 910372864 865079168     0    76648448     0
05:32:55 343621824 298971552     0 910340096 865011584     0    76648448     0
05:33:00 343621824 298986624     0 910356480 865022336     0    76648448     0
05:33:05 343621824 298989632     0 910356480 865024512     0    76648448     0
05:33:10 343621824 298996480     0 910372864 865040768     0    76648448     0
05:33:15 343621824 299000064     0 910372864 865040768     0    76648448     0
05:33:20 343621824 298977344     0 910356480 865035648     0    76648448     0
05:33:25 343621824 298982272     0 910356480 865037696     0    76648448     0
05:33:30 343621824 298988544     0 910372864 865054080     0    76648448     0
05:33:35 343621824 299003520     0 910372864 865104768     0    76648448     0
05:33:40 343621824 299071552     0 910372864 865085824     0    76648448     0
05:33:45 343621824 298998400     0 910356480 865047360     0    76648448     0
05:33:50 343621824 298979040     0 910372864 865063808     0    76648448     0
05:33:55 343621824 298984128     0 910372864 865066304     0    76648448     0
05:34:00 343621824 298987200     0 910356480 865056576     0    76648448     0
05:34:05 343621824 298990208     0 910356480 865060288     0    76648448     0
05:34:10 343621824 298997056     0 910372864 865074560     0    76648448     0
05:34:15 343621824 299012032     0 910372864 865128832     0    76648448     0
05:34:20 343621824 299001184     0 910385152 865137408     0    76648448     0
05:34:25 343621824 298982592     0 910372864 865089920     0    76648448     0
05:34:30 343621824 298988864     0 910389248 865105792     0    76648448     0
05:34:35 343621824 298992448     0 910389248 865106304     0    76648448     0
05:34:40 343621824 298995520     0 910376960 865101632     0    76648448     0
05:34:45 343621824 298999200     0 910397440 865102656     0    76648448     0
05:34:50 343621824 298979776     0 910413824 865111680     0    76648448     0
05:34:55 343621824 298984864     0 910413824 865114176     0    76648448     0
05:35:00 343621824 298999328     0 910397440 865154624     0    76648448     0
05:35:05 343621824 299106656     0 910422016 865198528     0    76648448     0
05:35:10 343621824 298997408     0 910413824 865122368     0    76648448     0
05:35:15 343621824 299000992     0 910413824 865128576     0    76648448     0
05:35:20 343621824 298977856     0 910397440 865116224     0    76648448     0
05:35:25 343621824 298982784     0 910397440 865120832     0    76648448     0
05:35:30 343621824 298989056     0 910413824 865136704     0    76648448     0
05:35:35 343621824 298992640     0 910413824 865138304     0    76648448     0
05:35:40 343621824 298995584     0 910397440 865131136     0    76648448     0
05:35:45 343621824 299010560     0 910397440 865183360     0    76648448     0
05:35:50 343621824 299056256     0 910442496 865198976     0    76648448     0
05:35:55 343621824 298986816     0 910442496 865176320     0    76648448     0
05:36:00 343621824 298990592     0 910426112 865173248     0    76648448     0
05:36:05 343621824 298992256     0 910426112 865168256     0    76648448     0
05:36:10 343621824 298999136     0 910442496 865180928     0    76648448     0
05:36:15 343621824 299002720     0 910442496 865188544     0    76648448     0
05:36:20 343621824 298978400     0 910426112 865154944     0    76648448     0
05:36:25 343621824 298994816     0 910426112 865212864     0    76648448     0
05:36:30 343621824 299550176     0 910630912 865486464     0    76648448     0
05:36:35 346108096 304456640     0 1142222848 1097535744     0    76648448     0
05:36:40 346480832 315320608     0 1146028032 1101024000     0    76648448     0
05:36:45 346493120 315330560     0 1146028032 1101028096     0    76648448     0
05:36:50 346501312 315218784     0 1146060800 1101027712     0    76648448     0
05:36:55 346501312 315223712     0 1146060800 1101028736     0    76648448     0
05:37:00 346501312 315226656     0 1146044416 1101025664     0    76648448     0
05:37:05 346501312 315236416     0 1146044416 1101060608     0    76648448     0
05:37:10 346501312 315246496     0 1146060800 1101092992     0    76648448     0
05:37:15 346501312 315320928     0 1146085376 1101266048     0    76648448     0
05:37:21 346505408 315224640     0 1146044416 1101030016     0    76648448     0
05:37:26 346505408 315228384     0 1146044416 1101032576     0    76648448     0
05:37:31 346505408 315234656     0 1146060800 1101045888     0    76648448     0
05:37:36 346505408 315238240     0 1146060800 1101054080     0    76648448     0
05:37:41 346505408 315260320     0 1146179584 1101046400     0    76648448     0
05:37:46 346509504 315263936     0 1146343424 1101230464     0    76648448     0
05:37:51 346509504 315260608     0 1146359808 1101296256     0    76648448     0
05:37:56 346509504 315240608     0 1146327040 1101224576     0    76648448     0
05:38:01 346509504 315255616     0 1146343424 1101233792     0    76648448     0
05:38:06 346513600 315259264     0 1146343424 1101233408     0    76648448     0
05:38:11 346517696 315268384     0 1146368000 1101245056     0    76648448     0
05:38:16 346517696 315268192     0 1146368000 1101248896     0    76648448     0
05:38:21 346517696 315250560     0 1146351616 1101238912     0    76648448     0
05:38:26 346521792 315254784     0 1146351616 1101237376     0    76648448     0
05:38:31 346521792 315272448     0 1146368000 1101301376     0    76648448     0
05:38:36 346521792 315374912     0 1146392576 1101323904     0    76648448     0
05:38:41 346521792 315276064     0 1146355712 1101247104     0    76648448     0
05:38:46 346521792 315276128     0 1146363904 1101249408     0    76648448     0
05:38:51 346521792 315261920     0 1146380288 1101257344     0    76648448     0
05:38:56 346521792 315265536     0 1146380288 1101258880     0    76648448     0
05:39:01 346521792 315268448     0 1146363904 1101248640     0    76648448     0
05:39:06 346521792 315272032     0 1146363904 1101248640     0    76648448     0
05:39:11 346521792 315289696     0 1146380288 1101315200     0    76648448     0
05:39:16 346521792 315389152     0 1146404864 1101342848     0    76648448     0
05:39:21 346521792 315260256     0 1146363904 1101255808     0    76648448     0
05:39:26 346521792 315263840     0 1146363904 1101259904     0    76648448     0
05:39:31 346521792 315270432     0 1146380288 1101273984     0    76648448     0
05:39:36 346521792 315271968     0 1146368000 1101260160     0    76648448     0
05:39:41 346525888 315277600     0 1146384384 1101259904     0    76648448     0
05:39:46 346529984 315283008     0 1146417152 1101288704     0    76648448     0
05:39:51 346529984 305890784     0 1144877056 1099752192     0    76648448     0
05:39:56 346529984 305894560     0 1144860672 1099792512     0    76648448     0
05:40:01 346529984 305897472     0 1144860672 1099742720     0    76648448     0
05:40:06 346529984 305919584     0 1144881152 1099762048     0    76648448     0
05:40:11 346529984 305923776     0 1144881152 1099765120     0    76648448     0
05:40:16 346529984 305897280     0 1144864768 1099761792     0    76648448     0
05:40:21 346529984 305903776     0 1144864768 1099761792     0    76648448     0
05:40:26 346529984 305937280     0 1144885248 1099777664     0    76648448     0
05:40:31 346529984 305940864     0 1144885248 1099777664     0    76648448     0
05:40:36 346529984 305956352     0 1144868864 1099818112     0    76648448     0
05:40:41 346529984 305983616     0 1144885248 1099798400     0    76648448     0
05:40:46 346529984 305926944     0 1144885248 1099778304     0    76648448     0
05:40:51 346529984 305933120     0 1144885248 1099776000     0    76648448     0
05:40:56 346529984 305936512     0 1144868864 1099769344     0    76648448     0
05:41:01 346529984 305939680     0 1144868864 1099775104     0    76648448     0
05:41:06 346529984 305945408     0 1144885248 1099788928     0    76648448     0
05:41:11 346529984 305948992     0 1144885248 1099787264     0    76648448     0
05:41:16 346529984 305946560     0 1144877056 1099828736     0    76648448     0
05:41:21 346529984 305926464     0 1144868864 1099830400     0    76648448     0
05:41:26 346529984 305934752     0 1144885248 1099842176     0    76648448     0
05:41:31 346529984 305904736     0 1144877056 1099840768     0    76648448     0
05:41:36 346529984 305907488     0 1144860672 1099826688     0    76648448     0
05:41:41 346529984 305911264     0 1144860672 1099826688     0    76648448     0
05:41:46 346529984 305917536     0 1144877056 1099842560     0    76648448     0
05:41:51 346534080 305905280     0 1144877056 1099920384     0    76648448     0
05:41:56 346534080 305904576     0 1144860672 1099945088     0    76648448     0
05:42:01 346534080 305913440     0 1144860672 1099910912     0    76648448     0
05:42:06 346534080 305918816     0 1144877056 1099920000     0    76648448     0
05:42:11 346534080 305922976     0 1144877056 1099922432     0    76648448     0
05:42:16 346534080 305926016     0 1144860672 1099910656     0    76648448     0
05:42:21 346534080 305921824     0 1144922112 1099848704     0    76648448     0
05:42:26 346534080 305930112     0 1144938496 1099862016     0    76648448     0
05:42:31 346534080 305933952     0 1144938496 1099863040     0    76648448     0
05:42:36 346534080 305948448     0 1144922112 1099907584     0    76648448     0
05:42:41 346534080 306016992     0 1144938496 1099900416     0    76648448     0
05:42:46 346534080 305946656     0 1144938496 1099871232     0    76648448     0
05:42:51 346534080 305922752     0 1144938496 1099887616     0    76648448     0
05:42:56 346534080 305928160     0 1144922112 1099874304     0    76648448     0
05:43:01 346534080 305931744     0 1144922112 1099874304     0    76648448     0
05:43:06 346534080 305938016     0 1144938496 1099889664     0    76648448     0
05:43:11 346534080 305941600     0 1144938496 1099889664     0    76648448     0
05:43:16 346534080 305955936     0 1144922112 1099930112     0    76648448     0
05:43:21 346534080 306017184     0 1145004032 1099908992     0    76648448     0
05:43:26 346534080 305948704     0 1145004032 1099885568     0    76648448     0
05:43:31 346534080 305952416     0 1145004032 1099884032     0    76648448     0
05:43:36 346534080 305955520     0 1144987648 1099877888     0    76648448     0
05:43:41 346534080 305959104     0 1144987648 1099877888     0    76648448     0
05:43:46 346534080 305965376     0 1145004032 1099889664     0    76648448     0
05:43:51 346534080 305942688     0 1145004032 1099893760     0    76648448     0
05:43:56 346534080 305959936     0 1145118720 1100065536     0    76648448     0
05:44:01 346534080 306029120     0 1145135104 1100052736     0    76648448     0
05:44:06 346534080 305957568     0 1145135104 1100026752     0    76648448     0
05:44:11 346534080 305961792     0 1145135104 1100027136     0    76648448     0
05:44:16 346534080 305964736     0 1145118720 1100021504     0    76648448     0
05:44:21 346534080 305940064     0 1145118720 1099970304     0    76648448     0
05:44:26 346554560 315249632     0 1146667008 1101503616     0    76648448     0
05:44:31 346558656 315256256     0 1146667008 1101503616     0    76648448     0
05:44:36 346558656 315270336     0 1146650624 1101549184     0    76648448     0
05:44:41 346558656 315287008     0 1146658816 1101534976     0    76648448     0
05:44:46 346558656 315268544     0 1146667008 1101508736     0    76648448     0
05:44:51 346558656 315272128     0 1146667008 1101508736     0    76648448     0
05:44:56 346558656 315249280     0 1146650624 1101566592     0    76648448     0
05:45:01 346558656 315254912     0 1146650624 1101570688     0    76648448     0
05:45:06 346558656 315261184     0 1146667008 1101584512     0    76648448     0
05:45:11 346558656 315264928     0 1146667008 1101582976     0    76648448     0
05:45:16 346558656 315279232     0 1146650624 1101624960     0    76648448     0
05:45:21 346558656 315382176     0 1146675200 1101645952     0    76648448     0
05:45:26 346558656 315266976     0 1146671104 1101517440     0    76648448     0
05:45:31 346558656 315273184     0 1146671104 1101521536     0    76648448     0
05:45:36 346558656 315276128     0 1146654720 1101509760     0    76648448     0
05:45:42 346558656 315279712     0 1146654720 1101511296     0    76648448     0
05:45:47 346558656 315285984     0 1146671104 1101523072     0    76648448     0
05:45:52 346558656 315289600     0 1146671104 1101527168     0    76648448     0
05:45:57 346558656 315267232     0 1146654720 1101531776     0    76648448     0
05:46:02 346558656 315320992     0 1146662912 1101591168     0    76648448     0
05:46:07 346558656 315277792     0 1146671104 1101543168     0    76648448     0
05:46:12 346558656 315281952     0 1146671104 1101542016     0    76648448     0
05:46:17 346558656 315284896     0 1146654720 1101531776     0    76648448     0
05:46:22 346558656 315288640     0 1146654720 1101536384     0    76648448     0
05:46:27 346558656 315267968     0 1146671104 1101549696     0    76648448     0
05:46:32 346558656 315274016     0 1146671104 1101549696     0    76648448     0
05:46:37 346558656 315293696     0 1146658816 1101544576     0    76648448     0
05:46:42 346558656 315308736     0 1146658816 1101598336     0    76648448     0
05:46:47 346558656 315380512     0 1146691584 1101597312     0    76648448     0
05:46:52 346558656 315306944     0 1146675200 1101558912     0    76648448     0
05:46:57 346558656 315282784     0 1146658816 1101530752     0    76648448     0
05:47:02 346558656 315288832     0 1146658816 1101530752     0    76648448     0
05:47:07 346558656 315295104     0 1146675200 1101545088     0    76648448     0
05:47:12 346558656 315298688     0 1146675200 1101549184     0    76648448     0
05:47:17 346558656 315301632     0 1146658816 1101540992     0    76648448     0
05:47:22 346558656 315316736     0 1146658816 1101593216     0    76648448     0
05:47:27 346558656 315258496     0 1146638336 1101547520     0    76648448     0
05:47:32 346558656 315291072     0 1146675200 1101577344     0    76648448     0
05:47:37 346558656 315294016     0 1146658816 1101564032     0    76648448     0
05:47:42 346558656 315268224     0 1146650624 1101560320     0    76648448     0
05:47:47 346558656 315274496     0 1146667008 1101573760     0    76648448     0
05:47:52 346558656 315278080     0 1146667008 1101572096     0    76648448     0
05:47:57 346558656 315252032     0 1146650624 1101566080     0    76648448     0
05:48:02 346558656 315271712     0 1146667008 1101630080     0    76648448     0
05:48:07 346558656 315375744     0 1146691584 1101657088     0    76648448     0
05:48:12 346558656 315266592     0 1146650624 1101570176     0    76648448     0
05:48:17 346558656 315270336     0 1146650624 1101570176     0    76648448     0
05:48:22 346558656 315276736     0 1146667008 1101581952     0    76648448     0
05:48:27 346558656 315253216     0 1146667008 1101561472     0    76648448     0
05:48:32 346558656 315258624     0 1146650624 1101552128     0    76648448     0
05:48:37 346558656 315262304     0 1146650624 1101553792     0    76648448     0
05:48:42 346558656 315279968     0 1146667008 1101617792     0    76648448     0
05:48:47 346558656 315382560     0 1146691584 1101638656     0    76648448     0
05:48:52 346558656 315275008     0 1146650624 1101557888     0    76648448     0
05:48:57 346558656 315252096     0 1146650624 1101578368     0    76648448     0
05:49:02 346558656 315260832     0 1146667008 1101596288     0    76648448     0
05:49:07 346558656 315281120     0 1146671104 1101600384     0    76648448     0
05:49:12 346558656 315284064     0 1146654720 1101586944     0    76648448     0
05:49:17 346558656 315287808     0 1146654720 1101586944     0    76648448     0
05:49:22 346558656 315305664     0 1146671104 1101650944     0    76648448     0
05:49:27 346558656 315279584     0 1146679296 1101611520     0    76648448     0
05:49:32 346558656 315276096     0 1146654720 1101570816     0    76648448     0
05:49:37 346558656 315279680     0 1146654720 1101572480     0    76648448     0
05:49:42 346558656 315285952     0 1146671104 1101582592     0    76648448     0
05:49:47 346558656 315289536     0 1146671104 1101588352     0    76648448     0
05:49:52 346558656 315292480     0 1146654720 1101580672     0    76648448     0
05:49:57 346558656 315269824     0 1146654720 1101580672     0    76648448     0
05:50:02 346558656 315289472     0 1146671104 1101644672     0    76648448     0
05:50:07 346558656 315360448     0 1146818560 1101764736     0    76648448     0
05:50:12 346558656 315286656     0 1146785792 1101714304     0    76648448     0
05:50:17 346558656 315289184     0 1146785792 1101712000     0    76648448     0
05:50:22 346558656 315295456     0 1146802176 1101722112     0    76648448     0
05:50:27 346558656 315271968     0 1146802176 1101746304     0    76648448     0
05:50:32 346558656 315277408     0 1146785792 1101732864     0    76648448     0
05:50:37 346558656 315280992     0 1146785792 1101736960     0    76648448     0
05:50:42 346558656 313702016     0 1146507264 1101563904     0    76648448     0
05:50:47 346558656 313753216     0 1146519552 1101563776     0    76648448     0
05:50:52 346558656 313137184     0 1146347520 1101441280     0    76648448     0
05:50:57 346558656 313088992     0 1146437632 1101449728     0    76648448     0
05:51:02 346558656 313096128     0 1146421248 1101428096     0    76648448     0
05:51:07 346558656 313097824     0 1146421248 1101427712     0    76648448     0
05:51:12 346558656 313100896     0 1146404864 1101416320     0    76648448     0
05:51:17 346558656 313104640     0 1146404864 1101415936     0    76648448     0
05:51:22 346558656 313110912     0 1146421248 1101427712     0    76648448     0
05:51:27 346558656 313116864     0 1146429440 1101491072     0    76648448     0
05:51:32 346558656 313093216     0 1146404864 1101424128     0    76648448     0
05:51:37 346558656 313096800     0 1146404864 1101428224     0    76648448     0
05:51:42 346558656 313103072     0 1146421248 1101438464     0    76648448     0
05:51:47 346558656 313106656     0 1146421248 1101438464     0    76648448     0
05:51:52 346558656 313109600     0 1146404864 1101426688     0    76648448     0
05:51:57 346558656 313086976     0 1146404864 1101428224     0    76648448     0
05:52:02 346558656 313095264     0 1146421248 1101440000     0    76648448     0
05:52:07 346558656 313111776     0 1146421248 1101498368     0    76648448     0
05:52:12 346558656 313110624     0 1146404864 1101449856     0    76648448     0
05:52:17 346558656 313105408     0 1146404864 1101430784     0    76648448     0
05:52:22 346558656 310083200     0 1145921536 1100950656     0    76648448     0
05:52:27 346558656 310056032     0 1145921536 1100924288     0    76648448     0
05:52:32 346558656 310061440     0 1145905152 1100915072     0    76648448     0
05:52:37 346558656 310065024     0 1145905152 1100915072     0    76648448     0
05:52:42 346558656 310077088     0 1145921536 1100930944     0    76648448     0
05:52:47 346558656 310080672     0 1145921536 1100932480     0    76648448     0
05:52:52 346558656 310140576     0 1145921536 1100992512     0    76648448     0
05:52:57 346558656 310060992     0 1145905152 1100943744     0    76648448     0
05:53:02 346558656 310069728     0 1145921536 1100961152     0    76648448     0
05:53:07 346558656 310091968     0 1145925632 1100963712     0    76648448     0
05:53:12 346558656 310095584     0 1145909248 1100953472     0    76648448     0
05:53:17 346558656 310099168     0 1145909248 1100953472     0    76648448     0
05:53:22 346558656 310105440     0 1145925632 1100969344     0    76648448     0
05:53:27 346558656 310082336     0 1145925632 1100946816     0    76648448     0
05:53:32 346558656 310098688     0 1145909248 1100987264     0    76648448     0
05:53:37 346558656 310125408     0 1145933824 1100992640     0    76648448     0
05:53:42 346558656 310096896     0 1145925632 1100948864     0    76648448     0
05:53:47 346558656 310100480     0 1145925632 1100951424     0    76648448     0
05:53:52 346558656 310103424     0 1145909248 1100941184     0    76648448     0
05:53:57 346558656 310080992     0 1145909248 1100964224     0    76648448     0
05:54:03 346558656 310108544     0 1145929728 1100981632     0    76648448     0
05:54:08 346558656 310112256     0 1145929728 1100981632     0    76648448     0
05:54:13 346562752 310118528     0 1145913344 1100973952     0    76648448     0
05:54:18 346562752 310139744     0 1145913344 1101023232     0    76648448     0
05:54:23 346562752 310128128     0 1145929728 1100988288     0    76648448     0
05:54:28 346562752 310104672     0 1145929728 1100989824     0    76648448     0
05:54:33 346562752 310110080     0 1145913344 1100978048     0    76648448     0
05:54:38 346562752 310113664     0 1145913344 1100982144     0    76648448     0
05:54:43 346562752 310119936     0 1145929728 1100993920     0    76648448     0
05:54:48 346562752 310123520     0 1145929728 1100993920     0    76648448     0
05:54:53 346562752 310126464     0 1145913344 1100982144     0    76648448     0
05:54:58 346562752 302479616     0 1144619008 1099702144     0    76648448     0
05:55:03 346562752 302516032     0 1144643584 1099696768     0    76648448     0
05:55:08 346566848 302528576     0 1144668160 1099741056     0    76648448     0
05:55:13 346575040 302002112     0 1144582144 1099690752     0    76648448     0
05:55:18 346575040 302005696     0 1144582144 1099693184     0    76648448     0
05:55:23 346575040 302011968     0 1144598528 1099704960     0    76648448     0
05:55:28 346575040 301954560     0 1144602624 1099743488     0    76648448     0
05:55:33 346575040 301959520     0 1144586240 1099730048     0    76648448     0
05:55:38 346575040 301963104     0 1144586240 1099730048     0    76648448     0
05:55:43 346575040 301980736     0 1144602624 1099794176     0    76648448     0
05:55:48 346575040 302049280     0 1144619008 1099783680     0    76648448     0
05:55:53 346575040 301975744     0 1144614912 1099730048     0    76648448     0
05:55:58 346575040 301953312     0 1144614912 1099731712     0    76648448     0
05:56:03 346575040 301962208     0 1144631296 1099741824     0    76648448     0
05:56:08 346575040 301964416     0 1144631296 1099741440     0    76648448     0
05:56:13 346575040 301967456     0 1144745984 1099739520     0    76648448     0
05:56:18 346575040 301973408     0 1145016320 1099876736     0    76648448     0
05:56:23 346575040 301989696     0 1145024512 1099934848     0    76648448     0
05:56:28 346575040 302067200     0 1145032704 1099943936     0    76648448     0
05:56:33 346575040 301959840     0 1145008128 1099869312     0    76648448     0
05:56:38 346575040 301966112     0 1145024512 1099882624     0    76648448     0
05:56:43 346575040 301969888     0 1145024512 1099881088     0    76648448     0
05:56:48 346575040 301972832     0 1145008128 1099873408     0    76648448     0
05:56:53 346575040 301976416     0 1145008128 1099874944     0    76648448     0
05:56:58 346575040 301956512     0 1145024512 1099893376     0    76648448     0
05:57:03 346575040 301963264     0 1145024512 1100026496     0    76648448     0
05:57:08 346575040 301979072     0 1145008128 1100073088     0    76648448     0
05:57:13 346575040 302043072     0 1145024512 1100063232     0    76648448     0
05:57:18 346575040 301976192     0 1145024512 1100028800     0    76648448     0
05:57:23 346575040 301979456     0 1145024512 1100024960     0    76648448     0
05:57:28 346575040 301954624     0 1145008128 1100000896     0    76648448     0
05:57:33 346575040 301960896     0 1145008128 1100000896     0    76648448     0
05:57:38 346575040 301967168     0 1145024512 1100014208     0    76648448     0
05:57:43 346575040 301970752     0 1145024512 1100014720     0    76648448     0
05:57:48 346575040 301973696     0 1145008128 1100007040     0    76648448     0
05:57:53 346575040 301988800     0 1145008128 1100059264     0    76648448     0
05:57:58 346575040 302034080     0 1145171968 1100088448     0    76648448     0
05:58:03 346575040 301963424     0 1145155584 1100047488     0    76648448     0
05:58:08 346575040 301966464     0 1145270272 1100035712     0    76648448     0
05:58:13 346575040 301970048     0 1145270272 1100037248     0    76648448     0
05:58:18 346575040 301976320     0 1145286656 1100049024     0    76648448     0
05:58:23 346575040 301979904     0 1145286656 1100049024     0    76648448     0
05:58:28 346575040 301956320     0 1145270272 1100035712     0    76648448     0
05:58:33 346575040 301973536     0 1145270272 1100087936     0    76648448     0
05:58:38 346575040 302078976     0 1145311232 1100120576     0    76648448     0
05:58:43 346575040 301971744     0 1145286656 1100047488     0    76648448     0
05:58:48 346575040 301976832     0 1145270272 1100175360     0    76648448     0
05:58:53 346575040 301980384     0 1145270272 1100171392     0    76648448     0
05:58:58 346575040 301959232     0 1145303040 1100221696     0    76648448     0
05:59:03 346575040 301965056     0 1145303040 1100220032     0    76648448     0
05:59:08 346575040 301968000     0 1145286656 1100208256     0    76648448     0
05:59:13 346575040 301971584     0 1145286656 1100208256     0    76648448     0
05:59:18 346575040 301989216     0 1145303040 1100273920     0    76648448     0
05:59:23 346575040 301984288     0 1145303040 1100232320     0    76648448     0
05:59:28 346575040 301957216     0 1145286656 1100214272     0    76648448     0
05:59:33 346575040 301963488     0 1145286656 1100212608     0    76648448     0
05:59:38 346575040 301969760     0 1145303040 1100224384     0    76648448     0
05:59:43 346575040 301973344     0 1145303040 1100226048     0    76648448     0
05:59:48 346575040 301976448     0 1145286656 1100214272     0    76648448     0
05:59:53 346575040 301980160     0 1145286656 1100212608     0    76648448     0
05:59:58 346579136 301963296     0 1145319424 1100246528     0    76648448     0
06:00:03 346579136 301980448     0 1145319424 1100299648     0    76648448     0
06:00:08 346579136 302049952     0 1145319424 1100274048     0    76648448     0
06:00:13 346579136 301975136     0 1145303040 1100234752     0    76648448     0
06:00:18 346579136 301981408     0 1145319424 1100246528     0    76648448     0
06:00:23 346579136 301985024     0 1145319424 1100246528     0    76648448     0
06:00:28 346579136 301964192     0 1145307136 1100239360     0    76648448     0
06:00:33 346579136 301970112     0 1145307136 1100239360     0    76648448     0
06:00:38 346579136 301976384     0 1145323520 1100251136     0    76648448     0
06:00:43 346579136 301991360     0 1145323520 1100303360     0    76648448     0
06:00:48 346579136 302093696     0 1145331712 1100310912     0    76648448     0
06:00:53 346579136 301986880     0 1145307136 1100239360     0    76648448     0
06:00:58 346579136 301966560     0 1145339904 1100267520     0    76648448     0
06:01:03 346579136 301972832     0 1145339904 1100267520     0    76648448     0
06:01:08 346579136 301975360     0 1145323520 1100259840     0    76648448     0
06:01:13 346579136 301978912     0 1145323520 1100258304     0    76648448     0
06:01:18 346579136 301985184     0 1145339904 1100271616     0    76648448     0
06:01:23 346579136 301988768     0 1145339904 1100270080     0    76648448     0
06:01:28 346579136 301976352     0 1145323520 1100310528     0    76648448     0
06:01:33 346579136 301983680     0 1145331712 1100290432     0    76648448     0
06:01:38 346579136 301976800     0 1145339904 1100270080     0    76648448     0
06:01:43 346579136 301980512     0 1145339904 1100271616     0    76648448     0
06:01:48 346579136 301983616     0 1145323520 1100259840     0    76648448     0
06:01:53 346579136 301987520     0 1145323520 1100262144     0    76648448     0
06:01:58 346579136 301966944     0 1145339904 1100271616     0    76648448     0
06:02:03 346579136 301972768     0 1145339904 1100272128     0    76648448     0
06:02:08 346579136 301988512     0 1145323520 1100320256     0    76648448     0
06:02:13 346579136 302092768     0 1145348096 1100333440     0    76648448     0
06:02:18 346579136 301985312     0 1145339904 1100273664     0    76648448     0
06:02:24 346579136 301989632     0 1145339904 1100404992     0    76648448     0
06:02:29 346579136 301965504     0 1145323520 1100393216     0    76648448     0
06:02:34 346579136 301971328     0 1145323520 1100393216     0    76648448     0
06:02:39 346579136 301977600     0 1145339904 1100404992     0    76648448     0
06:02:44 346579136 301981344     0 1145339904 1100403456     0    76648448     0
06:02:49 346579136 301984416     0 1145323520 1100395776     0    76648448     0
06:02:54 346579136 301999520     0 1145323520 1100448000     0    76648448     0
06:02:59 346579136 301983424     0 1145339904 1100434560     0    76648448     0
06:03:04 346579136 301975040     0 1145339904 1100412800     0    76648448     0
06:03:09 346579136 301976128     0 1145323520 1100403968     0    76648448     0
06:03:14 346579136 301979712     0 1145323520 1100405504     0    76648448     0
06:03:19 346579136 301985984     0 1145339904 1100415744     0    76648448     0
06:03:24 346579136 301990432     0 1145339904 1100419584     0    76648448     0
06:03:29 346579136 301966464     0 1145323520 1100405504     0    76648448     0
06:03:34 346579136 301972288     0 1145323520 1100405504     0    76648448     0
06:03:39 346579136 301990080     0 1145339904 1100469504     0    76648448     0
06:03:44 346579136 302058752     0 1145356288 1100458240     0    76648448     0
06:03:49 346579136 301985120     0 1145323520 1100405504     0    76648448     0
06:03:54 346579136 301988704     0 1145323520 1100405504     0    76648448     0
06:03:59 346579136 301968608     0 1145339904 1100417280     0    76648448     0
06:04:04 346579136 301975360     0 1145339904 1100416896     0    76648448     0
06:04:09 346579136 301976832     0 1145323520 1100403968     0    76648448     0
06:04:14 346579136 301980416     0 1145323520 1100403968     0    76648448     0
06:04:19 346579136 301998080     0 1145339904 1100467968     0    76648448     0
06:04:24 346579136 302100544     0 1145364480 1100490368     0    76648448     0
06:04:29 346579136 301965760     0 1145323520 1100409856     0    76648448     0
06:04:34 346579136 301972032     0 1145323520 1100409856     0    76648448     0
06:04:39 346579136 301978432     0 1145339904 1100421632     0    76648448     0
06:04:44 346579136 301981536     0 1145323520 1100409856     0    76648448     0
06:04:49 346579136 301985120     0 1145323520 1100409856     0    76648448     0
06:04:54 346579136 301992384     0 1145339904 1100423936     0    76648448     0
06:04:59 346579136 301968960     0 1145339904 1100421632     0    76648448     0
06:05:04 346579136 301991648     0 1145323520 1100462080     0    76648448     0
