The sample interval is 5 seconds
Resetting power meter...
Collection of IPMI data started
Collection of PMC data started
Collection of system statistics started
Sleeping for 300 seconds to let everyone settle
Now starting to log iostat data
Now starting to log vmstat data
Now starting to log page fault data
Now starting to log krenel memory allocation data
Now starting to log disk data
And now we start the benchmarks
Starting the 401.bzip2 benchmark at 05:36
The process id for the 401.bzip2 benchmark is 538379
And now we start the 437.cactusADM benchmark at 05:36
The process id for the  benchmark is 538395
Now we wait until both benchmarks have finished
Both benchmarks have completed at 05:55
Sleeping for 600 secondsto allow the machine to cool down.
Now shutdowning the data collection utilities.
OK...I'm back, and now I'm downloading the power data
Data collection complete at 06:05
