
SunOS canfire03 5.11 onnv-gate i86pc    05/10/2009

05:31:30  pgout/s ppgout/s pgfree/s pgscan/s %ufs_ipf
05:31:35     0.00     0.00     0.00     0.00     0.00
05:31:40     0.00     0.00     0.00     0.00     0.00
05:31:45     0.00     0.00     0.00     0.00     0.00
05:31:50     0.00     0.00     0.00     0.00     0.00
05:31:55     0.00     0.00     0.00     0.00     0.00
05:32:00     0.00     0.00     0.00     0.00     0.00
05:32:05     0.00     0.00     0.00     0.00     0.00
05:32:10     0.00     0.00     0.00     0.00     0.00
05:32:15     0.00     0.00     0.00     0.00     0.00
05:32:20     0.00     0.00     0.00     0.00     0.00
05:32:25     0.00     0.00     0.00     0.00     0.00
05:32:30     0.00     0.00     0.00     0.00     0.00
05:32:35     0.00     0.00     0.00     0.00     0.00
05:32:40     0.00     0.00     0.00     0.00     0.00
05:32:45     0.00     0.00     0.00     0.00     0.00
05:32:50     0.00     0.00     0.00     0.00     0.00
05:32:55     0.00     0.00     0.00     0.00     0.00
05:33:00     0.00     0.00     0.00     0.00     0.00
05:33:05     0.00     0.00     0.00     0.00     0.00
05:33:10     0.00     0.00     0.00     0.00     0.00
05:33:15     0.00     0.00     0.00     0.00     0.00
05:33:20     0.00     0.00     0.00     0.00     0.00
05:33:25     0.00     0.00     0.00     0.00     0.00
05:33:30     0.00     0.00     0.00     0.00     0.00
05:33:35     0.00     0.00     0.00     0.00     0.00
05:33:40     0.00     0.00     0.00     0.00     0.00
05:33:45     0.00     0.00     0.00     0.00     0.00
05:33:50     0.00     0.00     0.00     0.00     0.00
05:33:55     0.00     0.00     0.00     0.00     0.00
05:34:00     0.00     0.00     0.00     0.00     0.00
05:34:05     0.00     0.00     0.00     0.00     0.00
05:34:10     0.00     0.00     0.00     0.00     0.00
05:34:15     0.00     0.00     0.00     0.00     0.00
05:34:20     0.00     0.00     0.00     0.00     0.00
05:34:25     0.00     0.00     0.00     0.00     0.00
05:34:30     0.00     0.00     0.00     0.00     0.00
05:34:35     0.00     0.00     0.00     0.00     0.00
05:34:40     0.00     0.00     0.00     0.00     0.00
05:34:45     0.00     0.00     0.00     0.00     0.00
05:34:50     0.00     0.00     0.00     0.00     0.00
05:34:55     0.00     0.00     0.00     0.00     0.00
05:35:00     0.00     0.00     0.00     0.00     0.00
05:35:05     0.00     0.00     0.00     0.00     0.00
05:35:10     0.00     0.00     0.00     0.00     0.00
05:35:15     0.00     0.00     0.00     0.00     0.00
05:35:20     0.00     0.00     0.00     0.00     0.00
05:35:25     0.00     0.00     0.00     0.00     0.00
05:35:30     0.00     0.00     0.00     0.00     0.00
05:35:35     0.00     0.00     0.00     0.00     0.00
05:35:40     0.00     0.00     0.00     0.00     0.00
05:35:45     0.00     0.00     0.00     0.00     0.00
05:35:50     0.00     0.00     0.00     0.00     0.00
05:35:55     0.00     0.00     0.00     0.00     0.00
05:36:00     0.00     0.00     0.00     0.00     0.00
05:36:05     0.00     0.00     0.00     0.00     0.00
05:36:10     0.00     0.00     0.00     0.00     0.00
05:36:15     0.00     0.00     0.00     0.00     0.00
05:36:20     0.00     0.00     0.00     0.00     0.00
05:36:25     0.00     0.00     0.00     0.00     0.00
05:36:30     0.00     0.00     0.00     0.00     0.00
05:36:35     0.00     0.00     0.00     0.00     0.00
05:36:40     0.00     0.00     0.00     0.00     0.00
05:36:45     0.00     0.00     0.00     0.00     0.00
05:36:50     0.00     0.00     0.00     0.00     0.00
05:36:55     0.00     0.00     0.00     0.00     0.00
05:37:00     0.00     0.00     0.00     0.00     0.00
05:37:05     0.00     0.00     0.00     0.00     0.00
05:37:10     0.00     0.00     0.00     0.00     0.00
05:37:15     0.00     0.00     0.00     0.00     0.00
05:37:21     0.00     0.00     0.00     0.00     0.00
05:37:26     0.00     0.00     0.00     0.00     0.00
05:37:31     0.00     0.00     0.00     0.00     0.00
05:37:36     0.00     0.00     0.00     0.00     0.00
05:37:41     0.00     0.00     0.00     0.00     0.00
05:37:46     0.00     0.00     0.00     0.00     0.00
05:37:51     0.00     0.00     0.00     0.00     0.00
05:37:56     0.00     0.00     0.00     0.00     0.00
05:38:01     0.00     0.00     0.00     0.00     0.00
05:38:06     0.00     0.00     0.00     0.00     0.00
05:38:11     0.00     0.00     0.00     0.00     0.00
05:38:16     0.00     0.00     0.00     0.00     0.00
05:38:21     0.00     0.00     0.00     0.00     0.00
05:38:26     0.00     0.00     0.00     0.00     0.00
05:38:31     0.00     0.00     0.00     0.00     0.00
05:38:36     0.00     0.00     0.00     0.00     0.00
05:38:41     0.00     0.00     0.00     0.00     0.00
05:38:46     0.00     0.00     0.00     0.00     0.00
05:38:51     0.00     0.00     0.00     0.00     0.00
05:38:56     0.00     0.00     0.00     0.00     0.00
05:39:01     0.00     0.00     0.00     0.00     0.00
05:39:06     0.00     0.00     0.00     0.00     0.00
05:39:11     0.00     0.00     0.00     0.00     0.00
05:39:16     0.00     0.00     0.00     0.00     0.00
05:39:21     0.00     0.00     0.00     0.00     0.00
05:39:26     0.00     0.00     0.00     0.00     0.00
05:39:31     0.00     0.00     0.00     0.00     0.00
05:39:36     0.00     0.00     0.00     0.00     0.00
05:39:41     0.00     0.00     0.00     0.00     0.00
05:39:46     0.00     0.00     0.00     0.00     0.00
05:39:51     0.00     0.00     0.00     0.00     0.00
05:39:56     0.00     0.00     0.00     0.00     0.00
05:40:01     0.00     0.00     0.00     0.00     0.00
05:40:06     0.00     0.00     0.00     0.00     0.00
05:40:11     0.00     0.00     0.00     0.00     0.00
05:40:16     0.00     0.00     0.00     0.00     0.00
05:40:21     0.00     0.00     0.00     0.00     0.00
05:40:26     0.00     0.00     0.00     0.00     0.00
05:40:31     0.00     0.00     0.00     0.00     0.00
05:40:36     0.00     0.00     0.00     0.00     0.00
05:40:41     0.00     0.00     0.00     0.00     0.00
05:40:46     0.00     0.00     0.00     0.00     0.00
05:40:51     0.00     0.00     0.00     0.00     0.00
05:40:56     0.00     0.00     0.00     0.00     0.00
05:41:01     0.00     0.00     0.00     0.00     0.00
05:41:06     0.00     0.00     0.00     0.00     0.00
05:41:11     0.00     0.00     0.00     0.00     0.00
05:41:16     0.00     0.00     0.00     0.00     0.00
05:41:21     0.00     0.00     0.00     0.00     0.00
05:41:26     0.00     0.00     0.00     0.00     0.00
05:41:31     0.00     0.00     0.00     0.00     0.00
05:41:36     0.00     0.00     0.00     0.00     0.00
05:41:41     0.00     0.00     0.00     0.00     0.00
05:41:46     0.00     0.00     0.00     0.00     0.00
05:41:51     0.00     0.00     0.00     0.00     0.00
05:41:56     0.00     0.00     0.00     0.00     0.00
05:42:01     0.00     0.00     0.00     0.00     0.00
05:42:06     0.00     0.00     0.00     0.00     0.00
05:42:11     0.00     0.00     0.00     0.00     0.00
05:42:16     0.00     0.00     0.00     0.00     0.00
05:42:21     0.00     0.00     0.00     0.00     0.00
05:42:26     0.00     0.00     0.00     0.00     0.00
05:42:31     0.00     0.00     0.00     0.00     0.00
05:42:36     0.00     0.00     0.00     0.00     0.00
05:42:41     0.00     0.00     0.00     0.00     0.00
05:42:46     0.00     0.00     0.00     0.00     0.00
05:42:51     0.00     0.00     0.00     0.00     0.00
05:42:56     0.00     0.00     0.00     0.00     0.00
05:43:01     0.00     0.00     0.00     0.00     0.00
05:43:06     0.00     0.00     0.00     0.00     0.00
05:43:11     0.00     0.00     0.00     0.00     0.00
05:43:16     0.00     0.00     0.00     0.00     0.00
05:43:21     0.00     0.00     0.00     0.00     0.00
05:43:26     0.00     0.00     0.00     0.00     0.00
05:43:31     0.00     0.00     0.00     0.00     0.00
05:43:36     0.00     0.00     0.00     0.00     0.00
05:43:41     0.00     0.00     0.00     0.00     0.00
05:43:46     0.00     0.00     0.00     0.00     0.00
05:43:51     0.00     0.00     0.00     0.00     0.00
05:43:56     0.00     0.00     0.00     0.00     0.00
05:44:01     0.00     0.00     0.00     0.00     0.00
05:44:06     0.00     0.00     0.00     0.00     0.00
05:44:11     0.00     0.00     0.00     0.00     0.00
05:44:16     0.00     0.00     0.00     0.00     0.00
05:44:21     0.00     0.00     0.00     0.00     0.00
05:44:26     0.00     0.00     0.00     0.00     0.00
05:44:31     0.00     0.00     0.00     0.00     0.00
05:44:36     0.00     0.00     0.00     0.00     0.00
05:44:41     0.00     0.00     0.00     0.00     0.00
05:44:46     0.00     0.00     0.00     0.00     0.00
05:44:51     0.00     0.00     0.00     0.00     0.00
05:44:56     0.00     0.00     0.00     0.00     0.00
05:45:01     0.00     0.00     0.00     0.00     0.00
05:45:06     0.00     0.00     0.00     0.00     0.00
05:45:11     0.00     0.00     0.00     0.00     0.00
05:45:16     0.00     0.00     0.00     0.00     0.00
05:45:21     0.00     0.00     0.00     0.00     0.00
05:45:26     0.00     0.00     0.00     0.00     0.00
05:45:31     0.00     0.00     0.00     0.00     0.00
05:45:36     0.00     0.00     0.00     0.00     0.00
05:45:42     0.00     0.00     0.00     0.00     0.00
05:45:47     0.00     0.00     0.00     0.00     0.00
05:45:52     0.00     0.00     0.00     0.00     0.00
05:45:57     0.00     0.00     0.00     0.00     0.00
05:46:02     0.00     0.00     0.00     0.00     0.00
05:46:07     0.00     0.00     0.00     0.00     0.00
05:46:12     0.00     0.00     0.00     0.00     0.00
05:46:17     0.00     0.00     0.00     0.00     0.00
05:46:22     0.00     0.00     0.00     0.00     0.00
05:46:27     0.00     0.00     0.00     0.00     0.00
05:46:32     0.00     0.00     0.00     0.00     0.00
05:46:37     0.00     0.00     0.00     0.00     0.00
05:46:42     0.00     0.00     0.00     0.00     0.00
05:46:47     0.00     0.00     0.00     0.00     0.00
05:46:52     0.00     0.00     0.00     0.00     0.00
05:46:57     0.00     0.00     0.00     0.00     0.00
05:47:02     0.00     0.00     0.00     0.00     0.00
05:47:07     0.00     0.00     0.00     0.00     0.00
05:47:12     0.00     0.00     0.00     0.00     0.00
05:47:17     0.00     0.00     0.00     0.00     0.00
05:47:22     0.00     0.00     0.00     0.00     0.00
05:47:27     0.00     0.00     0.00     0.00     0.00
05:47:32     0.00     0.00     0.00     0.00     0.00
05:47:37     0.00     0.00     0.00     0.00     0.00
05:47:42     0.00     0.00     0.00     0.00     0.00
05:47:47     0.00     0.00     0.00     0.00     0.00
05:47:52     0.00     0.00     0.00     0.00     0.00
05:47:57     0.00     0.00     0.00     0.00     0.00
05:48:02     0.00     0.00     0.00     0.00     0.00
05:48:07     0.00     0.00     0.00     0.00     0.00
05:48:12     0.00     0.00     0.00     0.00     0.00
05:48:17     0.00     0.00     0.00     0.00     0.00
05:48:22     0.00     0.00     0.00     0.00     0.00
05:48:27     0.00     0.00     0.00     0.00     0.00
05:48:32     0.00     0.00     0.00     0.00     0.00
05:48:37     0.00     0.00     0.00     0.00     0.00
05:48:42     0.00     0.00     0.00     0.00     0.00
05:48:47     0.00     0.00     0.00     0.00     0.00
05:48:52     0.00     0.00     0.00     0.00     0.00
05:48:57     0.00     0.00     0.00     0.00     0.00
05:49:02     0.00     0.00     0.00     0.00     0.00
05:49:07     0.00     0.00     0.00     0.00     0.00
05:49:12     0.00     0.00     0.00     0.00     0.00
05:49:17     0.00     0.00     0.00     0.00     0.00
05:49:22     0.00     0.00     0.00     0.00     0.00
05:49:27     0.00     0.00     0.00     0.00     0.00
05:49:32     0.00     0.00     0.00     0.00     0.00
05:49:37     0.00     0.00     0.00     0.00     0.00
05:49:42     0.00     0.00     0.00     0.00     0.00
05:49:47     0.00     0.00     0.00     0.00     0.00
05:49:52     0.00     0.00     0.00     0.00     0.00
05:49:57     0.00     0.00     0.00     0.00     0.00
05:50:02     0.00     0.00     0.00     0.00     0.00
05:50:07     0.00     0.00     0.00     0.00     0.00
05:50:12     0.00     0.00     0.00     0.00     0.00
05:50:17     0.00     0.00     0.00     0.00     0.00
05:50:22     0.00     0.00     0.00     0.00     0.00
05:50:27     0.00     0.00     0.00     0.00     0.00
05:50:32     0.00     0.00     0.00     0.00     0.00
05:50:37     0.00     0.00     0.00     0.00     0.00
05:50:42     0.00     0.00     0.00     0.00     0.00
05:50:47     0.00     0.00     0.00     0.00     0.00
05:50:52     0.00     0.00     0.00     0.00     0.00
05:50:57     0.00     0.00     0.00     0.00     0.00
05:51:02     0.00     0.00     0.00     0.00     0.00
05:51:07     0.00     0.00     0.00     0.00     0.00
05:51:12     0.00     0.00     0.00     0.00     0.00
05:51:17     0.00     0.00     0.00     0.00     0.00
05:51:22     0.00     0.00     0.00     0.00     0.00
05:51:27     0.00     0.00     0.00     0.00     0.00
05:51:32     0.00     0.00     0.00     0.00     0.00
05:51:37     0.00     0.00     0.00     0.00     0.00
05:51:42     0.00     0.00     0.00     0.00     0.00
05:51:47     0.00     0.00     0.00     0.00     0.00
05:51:52     0.00     0.00     0.00     0.00     0.00
05:51:57     0.00     0.00     0.00     0.00     0.00
05:52:02     0.00     0.00     0.00     0.00     0.00
05:52:07     0.00     0.00     0.00     0.00     0.00
05:52:12     0.00     0.00     0.00     0.00     0.00
05:52:17     0.00     0.00     0.00     0.00     0.00
05:52:22     0.00     0.00     0.00     0.00     0.00
05:52:27     0.00     0.00     0.00     0.00     0.00
05:52:32     0.00     0.00     0.00     0.00     0.00
05:52:37     0.00     0.00     0.00     0.00     0.00
05:52:42     0.00     0.00     0.00     0.00     0.00
05:52:47     0.00     0.00     0.00     0.00     0.00
05:52:52     0.00     0.00     0.00     0.00     0.00
05:52:57     0.00     0.00     0.00     0.00     0.00
05:53:02     0.00     0.00     0.00     0.00     0.00
05:53:07     0.00     0.00     0.00     0.00     0.00
05:53:12     0.00     0.00     0.00     0.00     0.00
05:53:17     0.00     0.00     0.00     0.00     0.00
05:53:22     0.00     0.00     0.00     0.00     0.00
05:53:27     0.00     0.00     0.00     0.00     0.00
05:53:32     0.00     0.00     0.00     0.00     0.00
05:53:37     0.00     0.00     0.00     0.00     0.00
05:53:42     0.00     0.00     0.00     0.00     0.00
05:53:47     0.00     0.00     0.00     0.00     0.00
05:53:52     0.00     0.00     0.00     0.00     0.00
05:53:57     0.00     0.00     0.00     0.00     0.00
05:54:03     0.00     0.00     0.00     0.00     0.00
05:54:08     0.00     0.00     0.00     0.00     0.00
05:54:13     0.00     0.00     0.00     0.00     0.00
05:54:18     0.00     0.00     0.00     0.00     0.00
05:54:23     0.00     0.00     0.00     0.00     0.00
05:54:28     0.00     0.00     0.00     0.00     0.00
05:54:33     0.00     0.00     0.00     0.00     0.00
05:54:38     0.00     0.00     0.00     0.00     0.00
05:54:43     0.00     0.00     0.00     0.00     0.00
05:54:48     0.00     0.00     0.00     0.00     0.00
05:54:53     0.00     0.00     0.00     0.00     0.00
05:54:58     0.00     0.00     0.00     0.00     0.00
05:55:03     0.00     0.00     0.00     0.00     0.00
05:55:08     0.00     0.00     0.00     0.00     0.00
05:55:13     0.00     0.00     0.00     0.00     0.00
05:55:18     0.00     0.00     0.00     0.00     0.00
05:55:23     0.00     0.00     0.00     0.00     0.00
05:55:28     0.00     0.00     0.00     0.00     0.00
05:55:33     0.00     0.00     0.00     0.00     0.00
05:55:38     0.00     0.00     0.00     0.00     0.00
05:55:43     0.00     0.00     0.00     0.00     0.00
05:55:48     0.00     0.00     0.00     0.00     0.00
05:55:53     0.00     0.00     0.00     0.00     0.00
05:55:58     0.00     0.00     0.00     0.00     0.00
05:56:03     0.00     0.00     0.00     0.00     0.00
05:56:08     0.00     0.00     0.00     0.00     0.00
05:56:13     0.00     0.00     0.00     0.00     0.00
05:56:18     0.00     0.00     0.00     0.00     0.00
05:56:23     0.00     0.00     0.00     0.00     0.00
05:56:28     0.00     0.00     0.00     0.00     0.00
05:56:33     0.00     0.00     0.00     0.00     0.00
05:56:38     0.00     0.00     0.00     0.00     0.00
05:56:43     0.00     0.00     0.00     0.00     0.00
05:56:48     0.00     0.00     0.00     0.00     0.00
05:56:53     0.00     0.00     0.00     0.00     0.00
05:56:58     0.00     0.00     0.00     0.00     0.00
05:57:03     0.00     0.00     0.00     0.00     0.00
05:57:08     0.00     0.00     0.00     0.00     0.00
05:57:13     0.00     0.00     0.00     0.00     0.00
05:57:18     0.00     0.00     0.00     0.00     0.00
05:57:23     0.00     0.00     0.00     0.00     0.00
05:57:28     0.00     0.00     0.00     0.00     0.00
05:57:33     0.00     0.00     0.00     0.00     0.00
05:57:38     0.00     0.00     0.00     0.00     0.00
05:57:43     0.00     0.00     0.00     0.00     0.00
05:57:48     0.00     0.00     0.00     0.00     0.00
05:57:53     0.00     0.00     0.00     0.00     0.00
05:57:58     0.00     0.00     0.00     0.00     0.00
05:58:03     0.00     0.00     0.00     0.00     0.00
05:58:08     0.00     0.00     0.00     0.00     0.00
05:58:13     0.00     0.00     0.00     0.00     0.00
05:58:18     0.00     0.00     0.00     0.00     0.00
05:58:23     0.00     0.00     0.00     0.00     0.00
05:58:28     0.00     0.00     0.00     0.00     0.00
05:58:33     0.00     0.00     0.00     0.00     0.00
05:58:38     0.00     0.00     0.00     0.00     0.00
05:58:43     0.00     0.00     0.00     0.00     0.00
05:58:48     0.00     0.00     0.00     0.00     0.00
05:58:53     0.00     0.00     0.00     0.00     0.00
05:58:58     0.00     0.00     0.00     0.00     0.00
05:59:03     0.00     0.00     0.00     0.00     0.00
05:59:08     0.00     0.00     0.00     0.00     0.00
05:59:13     0.00     0.00     0.00     0.00     0.00
05:59:18     0.00     0.00     0.00     0.00     0.00
05:59:23     0.00     0.00     0.00     0.00     0.00
05:59:28     0.00     0.00     0.00     0.00     0.00
05:59:33     0.00     0.00     0.00     0.00     0.00
05:59:38     0.00     0.00     0.00     0.00     0.00
05:59:43     0.00     0.00     0.00     0.00     0.00
05:59:48     0.00     0.00     0.00     0.00     0.00
05:59:53     0.00     0.00     0.00     0.00     0.00
05:59:58     0.00     0.00     0.00     0.00     0.00
06:00:03     0.00     0.00     0.00     0.00     0.00
06:00:08     0.00     0.00     0.00     0.00     0.00
06:00:13     0.00     0.00     0.00     0.00     0.00
06:00:18     0.00     0.00     0.00     0.00     0.00
06:00:23     0.00     0.00     0.00     0.00     0.00
06:00:28     0.00     0.00     0.00     0.00     0.00
06:00:33     0.00     0.00     0.00     0.00     0.00
06:00:38     0.00     0.00     0.00     0.00     0.00
06:00:43     0.00     0.00     0.00     0.00     0.00
06:00:48     0.00     0.00     0.00     0.00     0.00
06:00:53     0.00     0.00     0.00     0.00     0.00
06:00:58     0.00     0.00     0.00     0.00     0.00
06:01:03     0.00     0.00     0.00     0.00     0.00
06:01:08     0.00     0.00     0.00     0.00     0.00
06:01:13     0.00     0.00     0.00     0.00     0.00
06:01:18     0.00     0.00     0.00     0.00     0.00
06:01:23     0.00     0.00     0.00     0.00     0.00
06:01:28     0.00     0.00     0.00     0.00     0.00
06:01:33     0.00     0.00     0.00     0.00     0.00
06:01:38     0.00     0.00     0.00     0.00     0.00
06:01:43     0.00     0.00     0.00     0.00     0.00
06:01:48     0.00     0.00     0.00     0.00     0.00
06:01:53     0.00     0.00     0.00     0.00     0.00
06:01:58     0.00     0.00     0.00     0.00     0.00
06:02:03     0.00     0.00     0.00     0.00     0.00
06:02:08     0.00     0.00     0.00     0.00     0.00
06:02:13     0.00     0.00     0.00     0.00     0.00
06:02:18     0.00     0.00     0.00     0.00     0.00
06:02:24     0.00     0.00     0.00     0.00     0.00
06:02:29     0.00     0.00     0.00     0.00     0.00
06:02:34     0.00     0.00     0.00     0.00     0.00
06:02:39     0.00     0.00     0.00     0.00     0.00
06:02:44     0.00     0.00     0.00     0.00     0.00
06:02:49     0.00     0.00     0.00     0.00     0.00
06:02:54     0.00     0.00     0.00     0.00     0.00
06:02:59     0.00     0.00     0.00     0.00     0.00
06:03:04     0.00     0.00     0.00     0.00     0.00
06:03:09     0.00     0.00     0.00     0.00     0.00
06:03:14     0.00     0.00     0.00     0.00     0.00
06:03:19     0.00     0.00     0.00     0.00     0.00
06:03:24     0.00     0.00     0.00     0.00     0.00
06:03:29     0.00     0.00     0.00     0.00     0.00
06:03:34     0.00     0.00     0.00     0.00     0.00
06:03:39     0.00     0.00     0.00     0.00     0.00
06:03:44     0.00     0.00     0.00     0.00     0.00
06:03:49     0.00     0.00     0.00     0.00     0.00
06:03:54     0.00     0.00     0.00     0.00     0.00
06:03:59     0.00     0.00     0.00     0.00     0.00
06:04:04     0.00     0.00     0.00     0.00     0.00
06:04:09     0.00     0.00     0.00     0.00     0.00
06:04:14     0.00     0.00     0.00     0.00     0.00
06:04:19     0.00     0.00     0.00     0.00     0.00
06:04:24     0.00     0.00     0.00     0.00     0.00
06:04:29     0.00     0.00     0.00     0.00     0.00
06:04:34     0.00     0.00     0.00     0.00     0.00
06:04:39     0.00     0.00     0.00     0.00     0.00
06:04:44     0.00     0.00     0.00     0.00     0.00
06:04:49     0.00     0.00     0.00     0.00     0.00
06:04:54     0.00     0.00     0.00     0.00     0.00
06:04:59     0.00     0.00     0.00     0.00     0.00
06:05:04     0.00     0.00     0.00     0.00     0.00
