
SunOS canfire03 5.11 onnv-gate i86pc    05/10/2009

11:15:12 sml_mem   alloc  fail  lg_mem   alloc  fail  ovsz_alloc  fail
11:15:17 366284992 319272576     0 1175597056 1128432768     0    76648448     0
11:15:22 366284992 319278816     0 1175580672 1128426368     0    76648448     0
11:15:27 366284992 319249152     0 1175584768 1128434048     0    76648448     0
11:15:32 366284992 319257408     0 1175601152 1128449408     0    76648448     0
11:15:37 366284992 319261152     0 1175609344 1128452480     0    76648448     0
11:15:42 366284992 319264256     0 1175592960 1128442624     0    76648448     0
11:15:47 366284992 319279296     0 1175592960 1128500096     0    76648448     0
11:15:52 366284992 319384640     0 1175633920 1128536320     0    76648448     0
11:15:57 366284992 319252256     0 1175609344 1128464768     0    76648448     0
11:16:02 366284992 319256992     0 1175592960 1128458112     0    76648448     0
11:16:07 366284992 319256640     0 1175588864 1128459008     0    76648448     0
11:16:12 366284992 319263584     0 1175625728 1128470784     0    76648448     0
11:16:17 366284992 319267264     0 1175638016 1128477440     0    76648448     0
11:16:22 366284992 319270208     0 1175621632 1128466688     0    76648448     0
11:16:27 366284992 319248320     0 1175621632 1128472832     0    76648448     0
11:16:32 366284992 319267392     0 1175646208 1128537984     0    76648448     0
11:16:37 366284992 319305824     0 1175666688 1128527488     0    76648448     0
11:16:42 366284992 319262656     0 1175638016 1128479488     0    76648448     0
11:16:47 366289088 319268480     0 1175642112 1128482048     0    76648448     0
11:16:52 366289088 319274752     0 1175658496 1128502016     0    76648448     0
11:16:57 366289088 319252608     0 1175658496 1128502016     0    76648448     0
11:17:02 366289088 319256960     0 1175683072 1128496384     0    76648448     0
11:17:07 366289088 319260736     0 1175744512 1128498432     0    76648448     0
11:17:12 366289088 319267008     0 1175760896 1128513280     0    76648448     0
11:17:17 366289088 319281984     0 1175760896 1128566016     0    76648448     0
11:17:22 366289088 319349472     0 1175760896 1128547072     0    76648448     0
11:17:27 366289088 319250560     0 1175760896 1128526592     0    76648448     0
11:17:32 366289088 319258624     0 1175777280 1128541440     0    76648448     0
11:17:37 366289088 319262368     0 1175777280 1128545536     0    76648448     0
11:17:42 366289088 319265440     0 1175760896 1128535296     0    76648448     0
11:17:47 366289088 319269024     0 1175760896 1128543488     0    76648448     0
11:17:52 366289088 319275296     0 1175777280 1128555776     0    76648448     0
11:17:57 366289088 319264640     0 1175777280 1128610176     0    76648448     0
11:18:02 366289088 319368160     0 1175801856 1128623104     0    76648448     0
11:18:07 366289088 319260384     0 1175777280 1128550400     0    76648448     0
11:18:12 366289088 319267264     0 1175793664 1128570624     0    76648448     0
11:18:18 366289088 319270848     0 1175793664 1128571136     0    76648448     0
11:18:23 366289088 319273792     0 1175777280 1128567040     0    76648448     0
11:18:28 366289088 319251744     0 1175777280 1128569088     0    76648448     0
11:18:33 366289088 319259552     0 1175793664 1128580864     0    76648448     0
11:18:38 366289088 319263232     0 1175793664 1128584960     0    76648448     0
11:18:43 366289088 319277568     0 1175777280 1128627968     0    76648448     0
11:18:48 366289088 319261568     0 1175781376 1128603392     0    76648448     0
11:18:53 366289088 319275776     0 1175793664 1128592128     0    76648448     0
11:18:58 366289088 319253088     0 1175810048 1128614144     0    76648448     0
11:19:03 366289088 319257824     0 1175793664 1128601856     0    76648448     0
11:19:08 366289088 319261408     0 1175793664 1128612096     0    76648448     0
11:19:13 366289088 319267680     0 1175810048 1128627968     0    76648448     0
11:19:18 366289088 319271360     0 1175851008 1128627968     0    76648448     0
11:19:23 366289088 319274304     0 1175834624 1128620800     0    76648448     0
11:19:28 366289088 319263616     0 1175834624 1128674176     0    76648448     0
11:19:33 366289088 319336896     0 1175879680 1128691200     0    76648448     0
11:19:38 366289088 319264192     0 1175863296 1128649344     0    76648448     0
11:19:43 366289088 319266944     0 1175846912 1128641664     0    76648448     0
11:19:48 366289088 319270528     0 1175846912 1128642048     0    76648448     0
11:19:53 366289088 319276800     0 1175863296 1128652288     0    76648448     0
11:19:58 366289088 319254720     0 1175863296 1128663168     0    76648448     0
11:20:03 366289088 319258496     0 1175846912 1128655488     0    76648448     0
11:20:08 366289088 319274944     0 1175846912 1128717952     0    76648448     0
11:20:13 366289088 319882560     0 1176064000 1128995712     0    76648448     0
11:20:18 366444736 342745856     0 1179889664 1131256832     0    76648448     0
11:20:23 366457024 343250208     0 1179955200 1131330688     0    76648448     0
11:20:28 366469312 343141216     0 1179955200 1131526656     0    76648448     0
11:20:33 366473408 343638528     0 1180053504 1131887616     0    76648448     0
11:20:38 366473408 343669728     0 1180057600 1131891712     0    76648448     0
11:20:43 366510272 343733856     0 1180045312 1132029824     0    76648448     0
11:20:48 366510272 343820192     0 1180057600 1132173440     0    76648448     0
11:20:53 366510272 343864704     0 1180082176 1132250240     0    76648448     0
11:20:58 366510272 343813856     0 1180078080 1132214912     0    76648448     0
11:21:03 366518464 343821280     0 1180061696 1132203136     0    76648448     0
11:21:08 366518464 343827360     0 1180061696 1132206848     0    76648448     0
11:21:13 366518464 343833632     0 1180078080 1132218624     0    76648448     0
11:21:18 366518464 343837216     0 1180078080 1132222720     0    76648448     0
11:21:23 366518464 343840352     0 1180061696 1132210944     0    76648448     0
11:21:28 366518464 343819136     0 1180061696 1132364032     0    76648448     0
11:21:33 366518464 343842784     0 1180078080 1132433664     0    76648448     0
11:21:38 366518464 343918016     0 1180094464 1132422400     0    76648448     0
11:21:43 366522560 343844480     0 1180061696 1132369664     0    76648448     0
11:21:48 366526656 343848704     0 1180061696 1132369664     0    76648448     0
11:21:53 366526656 343854976     0 1180078080 1132382464     0    76648448     0
11:21:58 366530752 343833280     0 1180078080 1132386560     0    76648448     0
11:22:03 366530752 343837792     0 1180061696 1132374784     0    76648448     0
11:22:08 366530752 343841408     0 1180061696 1132373248     0    76648448     0
11:22:13 366530752 343859168     0 1180078080 1132438784     0    76648448     0
11:22:18 366530752 343922720     0 1180094464 1132445696     0    76648448     0
11:22:23 366534848 343854848     0 1180061696 1132382976     0    76648448     0
11:22:28 366534848 343831936     0 1180061696 1132382976     0    76648448     0
11:22:33 366534848 343840224     0 1180078080 1132395776     0    76648448     0
11:22:38 366534848 343843808     0 1180078080 1132394240     0    76648448     0
11:22:43 366538944 343847392     0 1180061696 1132384512     0    76648448     0
11:22:48 366538944 343850976     0 1180061696 1132382976     0    76648448     0
11:22:53 366538944 343871840     0 1180082176 1132456704     0    76648448     0
11:22:58 366538944 343950976     0 1180106752 1132479104     0    76648448     0
11:23:03 366538944 343842240     0 1180065792 1132395776     0    76648448     0
11:23:08 366538944 343845824     0 1180065792 1132398336     0    76648448     0
11:23:13 366538944 343852096     0 1180082176 1132411648     0    76648448     0
11:23:18 366538944 343855744     0 1180082176 1132411648     0    76648448     0
11:23:23 366538944 343858816     0 1180065792 1132403968     0    76648448     0
11:23:28 366538944 343839808     0 1180082176 1132420096     0    76648448     0
11:23:33 366538944 343845408     0 1180082176 1132420096     0    76648448     0
11:23:38 366538944 343859840     0 1180065792 1132462592     0    76648448     0
11:23:43 366538944 343929024     0 1180082176 1132451328     0    76648448     0
11:23:48 366538944 343858048     0 1180082176 1132426240     0    76648448     0
11:23:53 366538944 343861664     0 1180082176 1132427264     0    76648448     0
11:23:58 366538944 343838784     0 1180065792 1132419584     0    76648448     0
11:24:03 366538944 343843968     0 1180065792 1132419584     0    76648448     0
11:24:08 366538944 343850240     0 1180082176 1132431360     0    76648448     0
11:24:13 366538944 343854848     0 1180082176 1132431360     0    76648448     0
11:24:18 366538944 343869312     0 1180065792 1132475904     0    76648448     0
11:24:23 366538944 343898176     0 1180073984 1132453248     0    76648448     0
11:24:28 366538944 343842464     0 1180082176 1132439936     0    76648448     0
11:24:33 366538944 343848064     0 1180082176 1132439936     0    76648448     0
11:24:38 366538944 343851008     0 1180065792 1132429184     0    76648448     0
11:24:43 366538944 343856576     0 1180065792 1132433280     0    76648448     0
11:24:48 366538944 343862848     0 1180082176 1132449536     0    76648448     0
11:24:53 366538944 343866720     0 1180082176 1132451200     0    76648448     0
11:24:58 366538944 343855488     0 1180065792 1132491648     0    76648448     0
11:25:03 366538944 343961440     0 1180090368 1132511744     0    76648448     0
11:25:08 366538944 343855744     0 1180082176 1132450816     0    76648448     0
11:25:13 366538944 343859936     0 1180082176 1132451200     0    76648448     0
11:25:18 366538944 343863040     0 1180065792 1132443520     0    76648448     0
11:25:23 366538944 343867776     0 1180065792 1132441856     0    76648448     0
11:25:28 366538944 343848320     0 1180082176 1132455296     0    76648448     0
11:25:33 366538944 343853472     0 1180082176 1132457728     0    76648448     0
11:25:38 366538944 343856416     0 1180065792 1132447616     0    76648448     0
11:25:43 366538944 343871360     0 1180065792 1132501888     0    76648448     0
11:25:48 366538944 343944384     0 1180098560 1132506368     0    76648448     0
11:25:53 366538944 343871360     0 1180082176 1132465536     0    76648448     0
11:25:58 366538944 343848896     0 1180065792 1132453760     0    76648448     0
11:26:03 366538944 343854432     0 1180065792 1132453504     0    76648448     0
11:26:08 366538944 343860160     0 1180082176 1132466560     0    76648448     0
11:26:13 366538944 343863936     0 1180082176 1132465920     0    76648448     0
11:26:18 366538944 343867040     0 1180065792 1132462336     0    76648448     0
11:26:23 366538944 343883616     0 1180065792 1132516992     0    76648448     0
11:26:28 366538944 343928768     0 1180098560 1132515072     0    76648448     0
11:26:33 366538944 343857664     0 1180082176 1132474112     0    76648448     0
11:26:39 366538944 343860608     0 1180065792 1132462336     0    76648448     0
11:26:44 366538944 343864192     0 1180065792 1132462336     0    76648448     0
11:26:49 366538944 343870464     0 1180082176 1132481920     0    76648448     0
11:26:54 366538944 343874048     0 1180082176 1132481920     0    76648448     0
11:26:59 366538944 343851392     0 1180065792 1132470144     0    76648448     0
11:27:04 366538944 343875392     0 1180065792 1132521984     0    76648448     0
11:27:09 366538944 343857344     0 1180082176 1132509696     0    76648448     0
11:27:14 366538944 343868736     0 1180082176 1132486016     0    76648448     0
11:27:19 366538944 343875008     0 1180065792 1132476672     0    76648448     0
11:27:24 366538944 343878592     0 1180065792 1132478336     0    76648448     0
11:27:29 366538944 343859264     0 1180082176 1132488448     0    76648448     0
11:27:34 366538944 343864576     0 1180082176 1132490112     0    76648448     0
11:27:39 366538944 343869216     0 1180065792 1132609664     0    76648448     0
11:27:44 366543040 343883936     0 1180065792 1132660224     0    76648448     0
11:27:49 366543040 343989632     0 1180106752 1132696576     0    76648448     0
11:27:54 366543040 343882144     0 1180082176 1132629632     0    76648448     0
11:27:59 366543040 343858048     0 1180065792 1132621952     0    76648448     0
11:28:04 366543040 343865728     0 1180065792 1132621568     0    76648448     0
11:28:09 366543040 343870080     0 1180082176 1132633728     0    76648448     0
11:28:14 366543040 343874048     0 1180082176 1132633088     0    76648448     0
11:28:19 366543040 343877312     0 1180094464 1132625408     0    76648448     0
11:28:24 366543040 343880896     0 1180094464 1132625408     0    76648448     0
11:28:29 366543040 343839904     0 1180073984 1132633344     0    76648448     0
11:28:34 366543040 343867040     0 1180110848 1132638848     0    76648448     0
11:28:39 366543040 343869984     0 1180094464 1132625408     0    76648448     0
11:28:44 366543040 343873568     0 1180094464 1132631168     0    76648448     0
11:28:49 366543040 343880224     0 1180110848 1132644992     0    76648448     0
11:28:54 366543040 343886880     0 1180110848 1132647424     0    76648448     0
11:28:59 366543040 343863872     0 1180094464 1132637312     0    76648448     0
11:29:04 366543040 343867904     0 1180094464 1132636928     0    76648448     0
11:29:09 366543040 343888256     0 1180110848 1132707328     0    76648448     0
11:29:14 366543040 343956160     0 1180127232 1132688384     0    76648448     0
11:29:19 366543040 343881856     0 1180094464 1132639744     0    76648448     0
11:29:24 366543040 343885792     0 1180094464 1132641408     0    76648448     0
11:29:29 366543040 343866976     0 1180110848 1132653184     0    76648448     0
11:29:34 366543040 343871296     0 1180110848 1132657280     0    76648448     0
11:29:39 366543040 343874240     0 1180094464 1132645504     0    76648448     0
11:29:44 366543040 343878976     0 1180098560 1132649600     0    76648448     0
11:29:49 366543040 343896640     0 1180114944 1132717696     0    76648448     0
11:29:54 366543040 343931776     0 1180127232 1132709376     0    76648448     0
11:29:59 366543040 343867136     0 1180098560 1132655744     0    76648448     0
11:30:04 366543040 343875520     0 1180098560 1132653696     0    76648448     0
11:30:09 366543040 343879872     0 1180114944 1132667520     0    76648448     0
11:30:14 366543040 343883456     0 1180114944 1132665856     0    76648448     0
11:30:19 366543040 343887456     0 1180098560 1132791424     0    76648448     0
11:30:24 366543040 343891040     0 1180098560 1132791424     0    76648448     0
11:30:29 366543040 343887232     0 1180114944 1132873728     0    76648448     0
11:30:34 366543040 343991872     0 1180139520 1132894080     0    76648448     0
11:30:39 366543040 343883488     0 1180098560 1132808832     0    76648448     0
11:30:44 366543040 343887072     0 1180098560 1132808832     0    76648448     0
11:30:49 366543040 343893344     0 1180114944 1132824704     0    76648448     0
11:30:54 366543040 343897088     0 1180114944 1132823040     0    76648448     0
11:30:59 366543040 343874528     0 1180098560 1132814976     0    76648448     0
11:31:04 366543040 343884288     0 1180098560 1132812928     0    76648448     0
11:31:09 366543040 343888768     0 1180114944 1132829184     0    76648448     0
11:31:14 366543040 343903744     0 1180114944 1132881408     0    76648448     0
11:31:19 366543040 343972160     0 1180114944 1132858368     0    76648448     0
11:31:24 366543040 343898784     0 1180098560 1132819072     0    76648448     0
11:31:29 366543040 343879008     0 1180114944 1132829184     0    76648448     0
11:31:34 366543040 343884160     0 1180114944 1132830848     0    76648448     0
11:31:39 366543040 343886528     0 1180082176 1132800768     0    76648448     0
11:31:44 366543040 343892224     0 1180114944 1132811136     0    76648448     0
11:31:49 366543040 343896480     0 1180119040 1132814080     0    76648448     0
11:31:54 366543040 343910816     0 1180102656 1132858624     0    76648448     0
11:31:59 366543040 343889792     0 1180102656 1132819072     0    76648448     0
11:32:04 366543040 343886400     0 1180119040 1132820352     0    76648448     0
11:32:09 366543040 343888384     0 1180119040 1132822272     0    76648448     0
11:32:14 366543040 343891584     0 1180102656 1132808960     0    76648448     0
11:32:19 366543040 343895008     0 1180102656 1132810496     0    76648448     0
11:32:24 366543040 343901280     0 1180119040 1132822272     0    76648448     0
11:32:29 366543040 343878976     0 1180119040 1132822272     0    76648448     0
11:32:34 366543040 343894880     0 1180102656 1132862720     0    76648448     0
11:32:39 366543040 343997504     0 1180127232 1132883712     0    76648448     0
11:32:44 366543040 343895744     0 1180119040 1132828416     0    76648448     0
11:32:49 366543040 343899328     0 1180119040 1132826880     0    76648448     0
11:32:54 366543040 343902400     0 1180102656 1132815104     0    76648448     0
11:32:59 366543040 343880384     0 1180102656 1132820992     0    76648448     0
11:33:04 366543040 343887776     0 1180119040 1132832384     0    76648448     0
11:33:09 366543040 343891968     0 1180119040 1132832768     0    76648448     0
11:33:14 366543040 343894912     0 1180102656 1132820992     0    76648448     0
11:33:19 366543040 343942976     0 1180114944 1132882816     0    76648448     0
11:33:24 366543040 343904928     0 1180119040 1132831232     0    76648448     0
11:33:29 366543040 343882624     0 1180119040 1132832768     0    76648448     0
11:33:34 366543040 343889440     0 1180102656 1132825088     0    76648448     0
11:33:39 366543040 343893408     0 1180102656 1132825088     0    76648448     0
11:33:44 366543040 343899680     0 1180119040 1132836864     0    76648448     0
11:33:49 366543040 343904064     0 1180119040 1132968320     0    76648448     0
11:33:54 366543040 343907168     0 1180102656 1132956544     0    76648448     0
11:33:59 366543040 343895968     0 1180102656 1133008768     0    76648448     0
11:34:04 366543040 343974048     0 1180135424 1133007616     0    76648448     0
11:34:09 366543040 343895680     0 1180119040 1132970368     0    76648448     0
11:34:14 366543040 343899552     0 1180102656 1132958592     0    76648448     0
11:34:19 366543040 343903136     0 1180102656 1132962688     0    76648448     0
11:34:24 366543040 343909408     0 1180119040 1132974464     0    76648448     0
11:34:29 366543040 343887232     0 1180119040 1132974464     0    76648448     0
11:34:34 366543040 343891648     0 1180102656 1132962688     0    76648448     0
11:34:39 366543040 343907328     0 1180102656 1133019008     0    76648448     0
11:34:44 366543040 343892928     0 1180119040 1132994560     0    76648448     0
11:34:49 366543040 343910592     0 1180119040 1133243136     0    76648448     0
11:34:54 366543040 341506944     0 1179680768 1133042048     0    76648448     0
11:35:00 366543040 341479488     0 1179680768 1133059968     0    76648448     0
11:35:05 366543040 340911360     0 1179656192 1133023488     0    76648448     0
11:35:10 366543040 340915520     0 1179656192 1133029632     0    76648448     0
11:35:15 366543040 340918464     0 1179639808 1133017856     0    76648448     0
11:35:20 366543040 340933440     0 1179639808 1133070080     0    76648448     0
11:35:25 366543040 340958144     0 1179664384 1133073792     0    76648448     0
11:35:30 366543040 340880576     0 1179672576 1133046016     0    76648448     0
11:35:35 366543040 340885120     0 1179656192 1133034240     0    76648448     0
11:35:40 366543040 340888704     0 1179656192 1133032576     0    76648448     0
11:35:45 366543040 340894976     0 1179672576 1133046016     0    76648448     0
11:35:50 366543040 340898688     0 1179672576 1133046016     0    76648448     0
11:35:55 366543040 340901760     0 1179656192 1133038336     0    76648448     0
11:36:00 366547136 340888256     0 1179680768 1133198336     0    76648448     0
11:36:05 366547136 340894912     0 1179697152 1133208576     0    76648448     0
11:36:10 366547136 340975552     0 1179713536 1133249536     0    76648448     0
11:36:15 366547136 340901184     0 1179680768 1133196800     0    76648448     0
11:36:20 366547136 340904768     0 1179680768 1133202432     0    76648448     0
11:36:25 366547136 340915264     0 1179701248 1133256704     0    76648448     0
11:36:30 366547136 340890656     0 1179697152 1133083136     0    76648448     0
11:36:35 366547136 340893600     0 1179680768 1133069824     0    76648448     0
11:36:40 366547136 340897184     0 1179680768 1133069824     0    76648448     0
11:36:45 366547136 340914848     0 1179697152 1133137920     0    76648448     0
11:36:50 366547136 341018240     0 1179721728 1133158784     0    76648448     0
11:36:55 366547136 340908192     0 1179828224 1133092480     0    76648448     0
11:37:00 366547136 340890944     0 1179828224 1133091840     0    76648448     0
11:37:05 366547136 340896640     0 1179844608 1133103744     0    76648448     0
11:37:10 366547136 340900800     0 1179844608 1133104128     0    76648448     0
11:37:15 366547136 340903744     0 1179828224 1133093888     0    76648448     0
11:37:20 366547136 340907328     0 1179828224 1133095936     0    76648448     0
11:37:25 366547136 340909888     0 1179844608 1133108352     0    76648448     0
11:37:30 366547136 340903872     0 1179844608 1133162496     0    76648448     0
11:37:35 366547136 340972544     0 1179844608 1133139456     0    76648448     0
11:37:40 366547136 340898752     0 1179828224 1133098496     0    76648448     0
11:37:45 366547136 340905184     0 1179844608 1133110272     0    76648448     0
11:37:50 366547136 340909248     0 1179844608 1133114112     0    76648448     0
11:37:55 366547136 340907968     0 1179828224 1133100672     0    76648448     0
11:38:00 366547136 340891072     0 1179828224 1133100032     0    76648448     0
11:38:05 366547136 340897120     0 1179844608 1133112576     0    76648448     0
11:38:10 366547136 340912320     0 1179844608 1133162496     0    76648448     0
11:38:15 366547136 341014304     0 1179852800 1133173248     0    76648448     0
11:38:20 366547136 340907520     0 1179828224 1133106432     0    76648448     0
11:38:25 366547136 340884000     0 1179844608 1133115904     0    76648448     0
11:38:30 366547136 340892736     0 1179844608 1133115904     0    76648448     0
11:38:35 366547136 340896000     0 1179828224 1133106432     0    76648448     0
11:38:40 366547136 340899264     0 1179828224 1133108224     0    76648448     0
11:38:45 366547136 340905696     0 1179844608 1133118464     0    76648448     0
11:38:50 366547136 340909408     0 1179844608 1133120000     0    76648448     0
11:38:55 366547136 340896512     0 1179828224 1133161344     0    76648448     0
11:39:00 366547136 340968736     0 1179844608 1133147648     0    76648448     0
11:39:05 366547136 340897408     0 1179844608 1133121920     0    76648448     0
11:39:10 366547136 340901248     0 1179844608 1133124096     0    76648448     0
11:39:15 366547136 340904192     0 1179828224 1133112320     0    76648448     0
11:39:20 366547136 340908128     0 1179828224 1133114624     0    76648448     0
11:39:25 366547136 340884352     0 1179844608 1133124096     0    76648448     0
11:39:30 366547136 340893056     0 1179844608 1133124096     0    76648448     0
11:39:35 366547136 340907712     0 1179828224 1133166848     0    76648448     0
11:39:40 366547136 340890336     0 1179828224 1133124864     0    76648448     0
11:39:45 366547136 340905920     0 1179844608 1133124096     0    76648448     0
11:39:50 366547136 340909824     0 1179844608 1133126400     0    76648448     0
11:39:55 366547136 340883296     0 1179828224 1133118720     0    76648448     0
11:40:00 366547136 340892512     0 1179828224 1133247744     0    76648448     0
11:40:05 366547136 340898176     0 1179844608 1133259264     0    76648448     0
11:40:10 366547136 340901728     0 1179828224 1133247744     0    76648448     0
11:40:15 366547136 340905312     0 1179828224 1133247744     0    76648448     0
11:40:20 366547136 340923168     0 1179844608 1133297536     0    76648448     0
11:40:25 366547136 340885376     0 1179844608 1133262336     0    76648448     0
11:40:30 366547136 340893440     0 1179828224 1133260416     0    76648448     0
11:40:35 366547136 340897376     0 1179828224 1133262720     0    76648448     0
11:40:40 366547136 340903456     0 1179844608 1133272192     0    76648448     0
11:40:45 366547136 340908224     0 1179844608 1133402112     0    76648448     0
11:40:50 366547136 340911488     0 1179828224 1133394304     0    76648448     0
11:40:55 366547136 340884640     0 1179828224 1133408384     0    76648448     0
11:41:00 366547136 340907712     0 1179844608 1133472384     0    76648448     0
11:41:05 366547136 340980096     0 1179860992 1133461120     0    76648448     0
11:41:10 366547136 340902048     0 1179828224 1133406720     0    76648448     0
11:41:15 366547136 340905632     0 1179828224 1133406720     0    76648448     0
11:41:20 366547136 340911904     0 1179844608 1133422208     0    76648448     0
11:41:25 366547136 340885920     0 1179844608 1133422208     0    76648448     0
11:41:30 366547136 340894240     0 1179828224 1133410432     0    76648448     0
11:41:35 366547136 340897952     0 1179828224 1133410432     0    76648448     0
11:41:40 366547136 340915776     0 1179844608 1133474432     0    76648448     0
11:41:45 366547136 341019584     0 1179869184 1133493760     0    76648448     0
11:41:50 366547136 340910656     0 1179828224 1133410432     0    76648448     0
11:41:55 366547136 340884576     0 1179828224 1133408768     0    76648448     0
11:42:00 366547136 340896224     0 1179844608 1133422208     0    76648448     0
11:42:05 366547136 340899232     0 1179844608 1133421824     0    76648448     0
11:42:10 366547136 340902752     0 1179828224 1133410432     0    76648448     0
11:42:15 366547136 340906336     0 1179828224 1133410432     0    76648448     0
11:42:20 366547136 340914848     0 1179844608 1133423744     0    76648448     0
11:42:25 366547136 326654848     0 1180127232 1133777792     0    76648448     0
11:42:30 366547136 320015552     0 1176645632 1130256896     0    76648448     0
11:42:35 366547136 319958816     0 1176629248 1130237696     0    76648448     0
11:42:40 366551232 319441728     0 1176535040 1130207232     0    76648448     0
11:42:45 366551232 319445312     0 1176535040 1130207232     0    76648448     0
11:42:50 366551232 319448256     0 1176518656 1130197120     0    76648448     0
11:42:55 366551232 319393728     0 1176596480 1130213504     0    76648448     0
11:43:00 366551232 319405376     0 1176612864 1130223616     0    76648448     0
11:43:05 366551232 319423552     0 1176612864 1130291456     0    76648448     0
11:43:10 366551232 319525888     0 1176621056 1130285056     0    76648448     0
11:43:15 366551232 319415232     0 1176596480 1130211840     0    76648448     0
11:43:21 366551232 319421504     0 1176612864 1130223616     0    76648448     0
11:43:26 366551232 319395904     0 1176612864 1130225280     0    76648448     0
11:43:31 366551232 319404352     0 1176596480 1130211840     0    76648448     0
11:43:36 366551232 319408064     0 1176596480 1130211840     0    76648448     0
11:43:41 366551232 319414336     0 1176612864 1130223616     0    76648448     0
11:43:46 366551232 319417920     0 1176612864 1130223616     0    76648448     0
11:43:51 366551232 319432448     0 1176596480 1130264960     0    76648448     0
11:43:56 366551232 319405440     0 1176596480 1130229248     0    76648448     0
11:44:01 366551232 319406240     0 1176612864 1130225280     0    76648448     0
11:44:06 366551232 319409248     0 1176612864 1130223232     0    76648448     0
11:44:11 366551232 319412768     0 1176596480 1130211840     0    76648448     0
11:44:16 366551232 319416448     0 1176596480 1130211840     0    76648448     0
11:44:21 366551232 319422720     0 1176612864 1130223616     0    76648448     0
11:44:26 366551232 319396352     0 1176612864 1130223616     0    76648448     0
11:44:31 366551232 319404832     0 1176596480 1130213504     0    76648448     0
11:44:36 366551232 319419936     0 1176596480 1130264064     0    76648448     0
11:44:41 366551232 319491584     0 1176629248 1130264576     0    76648448     0
11:44:46 366551232 319418176     0 1176612864 1130227712     0    76648448     0
11:44:51 366551232 319421120     0 1176596480 1130215936     0    76648448     0
11:44:56 366555328 319398432     0 1176596480 1130221696     0    76648448     0
11:45:01 366555328 319410080     0 1176612864 1130233472     0    76648448     0
11:45:06 366555328 319413760     0 1176645632 1130233472     0    76648448     0
11:45:11 366555328 319416704     0 1176629248 1130221696     0    76648448     0
11:45:16 366555328 319431680     0 1176629248 1130273920     0    76648448     0
11:45:21 366555328 319536864     0 1176670208 1130305792     0    76648448     0
11:45:26 366555328 319400448     0 1176645632 1130231808     0    76648448     0
11:45:31 366555328 319408928     0 1176629248 1130221696     0    76648448     0
11:45:36 366555328 319412512     0 1176629248 1130220032     0    76648448     0
11:45:41 366555328 319419680     0 1176776704 1130366848     0    76648448     0
11:45:46 366555328 319423264     0 1176776704 1130365312     0    76648448     0
11:45:51 366555328 319426208     0 1176760320 1130353536     0    76648448     0
11:45:56 366555328 319401952     0 1176760320 1130353536     0    76648448     0
11:46:01 366555328 319422912     0 1176776704 1130417536     0    76648448     0
11:46:06 366555328 319493280     0 1176924160 1130539136     0    76648448     0
11:46:11 366555328 319418144     0 1176891392 1130486400     0    76648448     0
11:46:16 366555328 319421728     0 1176891392 1130484864     0    76648448     0
11:46:21 366555328 319428000     0 1176907776 1130496640     0    76648448     0
11:46:26 366555328 319403936     0 1176911872 1130502912     0    76648448     0
11:46:31 366555328 319412416     0 1176895488 1130493568     0    76648448     0
11:46:36 366555328 319416000     0 1176895488 1130493568     0    76648448     0
11:46:41 366555328 319433664     0 1176911872 1130557568     0    76648448     0
11:46:46 366555328 319539072     0 1176936448 1130578432     0    76648448     0
11:46:51 366555328 319428864     0 1176895488 1130499968     0    76648448     0
11:46:56 366555328 319402688     0 1176895488 1130503680     0    76648448     0
11:47:01 366555328 319414336     0 1176911872 1130513792     0    76648448     0
11:47:06 366555328 319417312     0 1176911872 1130513408     0    76648448     0
11:47:11 366555328 319420864     0 1176895488 1130503680     0    76648448     0
11:47:16 366555328 319424448     0 1176895488 1130502016     0    76648448     0
11:47:21 366555328 319430848     0 1176911872 1130515456     0    76648448     0
11:47:26 366555328 319418560     0 1176911872 1130568576     0    76648448     0
11:47:31 366555328 319428192     0 1176895488 1130517376     0    76648448     0
11:47:36 366555328 319416608     0 1176895488 1130503680     0    76648448     0
11:47:41 366555328 319422880     0 1176911872 1130515456     0    76648448     0
11:47:46 366555328 319426784     0 1176911872 1130517760     0    76648448     0
11:47:51 366555328 319429408     0 1176895488 1130503680     0    76648448     0
11:47:56 366555328 319403168     0 1176895488 1130502016     0    76648448     0
11:48:01 366555328 319414816     0 1176911872 1130515456     0    76648448     0
11:48:06 366555328 319418400     0 1176911872 1130515456     0    76648448     0
11:48:11 366555328 319432704     0 1176895488 1130555904     0    76648448     0
11:48:16 366555328 319501312     0 1176911872 1130545408     0    76648448     0
11:48:21 366555328 319431424     0 1176911872 1130517760     0    76648448     0
11:48:26 366555328 319406944     0 1176899584 1130506624     0    76648448     0
11:48:31 366555328 319413504     0 1176895488 1130503680     0    76648448     0
11:48:36 366555328 319419776     0 1176911872 1130515456     0    76648448     0
11:48:41 366555328 319423360     0 1176911872 1130513792     0    76648448     0
11:48:46 366555328 319426368     0 1176895488 1130503680     0    76648448     0
11:48:51 366555328 319441344     0 1176895488 1130555904     0    76648448     0
11:48:56 366555328 319519808     0 1176936448 1130590336     0    76648448     0
11:49:01 366555328 319415520     0 1176911872 1130521856     0    76648448     0
11:49:06 366555328 319417568     0 1176895488 1130507392     0    76648448     0
11:49:11 366555328 319421728     0 1176895488 1130507776     0    76648448     0
11:49:16 366555328 319428160     0 1176911872 1130519552     0    76648448     0
11:49:21 366555328 319431872     0 1176911872 1130519552     0    76648448     0
11:49:26 366555328 319407776     0 1176895488 1130506112     0    76648448     0
11:49:31 366555328 319414048     0 1176895488 1130506112     0    76648448     0
11:49:36 366555328 319431680     0 1176911872 1130570112     0    76648448     0
11:49:41 366555328 319500160     0 1176928256 1130558848     0    76648448     0
11:49:46 366555328 319426912     0 1176895488 1130508416     0    76648448     0
11:49:51 366555328 319430496     0 1176895488 1130510080     0    76648448     0
11:49:56 366555328 319409280     0 1176911872 1130517888     0    76648448     0
11:50:01 366555328 319416000     0 1176911872 1130521984     0    76648448     0
11:50:06 366555328 319418400     0 1176895488 1130510208     0    76648448     0
11:50:11 366555328 319421984     0 1176895488 1130511872     0    76648448     0
11:50:16 366555328 319439968     0 1176911872 1130575104     0    76648448     0
11:50:21 366555328 319459776     0 1176924160 1130585344     0    76648448     0
11:50:26 366555328 319407360     0 1176895488 1130515968     0    76648448     0
11:50:31 366555328 319414400     0 1176895488 1130518272     0    76648448     0
11:50:36 366555328 319420352     0 1176911872 1130526080     0    76648448     0
11:50:41 366555328 319423936     0 1176911872 1130526080     0    76648448     0
11:50:46 366555328 319426880     0 1176895488 1130515968     0    76648448     0
11:50:51 366555328 319430464     0 1176895488 1130515968     0    76648448     0
11:50:56 366555328 319410688     0 1176911872 1130532096     0    76648448     0
11:51:01 366555328 319427072     0 1176879104 1130551040     0    76648448     0
11:51:06 366555328 319404000     0 1176825856 1130473984     0    76648448     0
11:51:11 366555328 319421152     0 1176862720 1130485248     0    76648448     0
11:51:16 366555328 319427584     0 1176879104 1130497024     0    76648448     0
11:51:21 366555328 319431488     0 1176879104 1130499328     0    76648448     0
11:51:26 366555328 319406816     0 1176862720 1130485248     0    76648448     0
11:51:31 366555328 319413536     0 1176862720 1130485248     0    76648448     0
11:51:36 366555328 319419808     0 1176879104 1130497024     0    76648448     0
11:51:42 366555328 319423104     0 1176870912 1130488576     0    76648448     0
11:51:47 366555328 319437440     0 1176854528 1130529024     0    76648448     0
11:51:52 366555328 319506304     0 1176870912 1130519296     0    76648448     0
11:51:57 366555328 319408352     0 1176870912 1130488576     0    76648448     0
11:52:02 366555328 319415072     0 1176870912 1130488576     0    76648448     0
11:52:07 366555328 319416896     0 1176854528 1130476416     0    76648448     0
11:52:12 366555328 319421184     0 1176854528 1130476800     0    76648448     0
11:52:17 366555328 319428512     0 1177001984 1130619904     0    76648448     0
11:52:22 366555328 319432096     0 1177001984 1130619904     0    76648448     0
11:52:27 366555328 319418752     0 1176985600 1130660352     0    76648448     0
11:52:32 366555328 319524224     0 1177010176 1130682752     0    76648448     0
11:52:37 366555328 319276544     0 1176838144 1130448768     0    76648448     0
