
SunOS canfire03 5.11 onnv-gate i86pc    05/10/2009

11:15:12  pgout/s ppgout/s pgfree/s pgscan/s %ufs_ipf
11:15:17     0.00     0.00     0.00     0.00     0.00
11:15:22     0.00     0.00     0.00     0.00     0.00
11:15:27     0.00     0.00     0.00     0.00     0.00
11:15:32     0.00     0.00     0.00     0.00     0.00
11:15:37     0.00     0.00     0.00     0.00     0.00
11:15:42     0.00     0.00     0.00     0.00     0.00
11:15:47     0.00     0.00     0.00     0.00     0.00
11:15:52     0.00     0.00     0.00     0.00     0.00
11:15:57     0.00     0.00     0.00     0.00     0.00
11:16:02     0.00     0.00     0.00     0.00     0.00
11:16:07     0.00     0.00     0.00     0.00     0.00
11:16:12     0.00     0.00     0.00     0.00     0.00
11:16:17     0.00     0.00     0.00     0.00     0.00
11:16:22     0.00     0.00     0.00     0.00     0.00
11:16:27     0.00     0.00     0.00     0.00     0.00
11:16:32     0.00     0.00     0.00     0.00     0.00
11:16:37     0.00     0.00     0.00     0.00     0.00
11:16:42     0.00     0.00     0.00     0.00     0.00
11:16:47     0.00     0.00     0.00     0.00     0.00
11:16:52     0.00     0.00     0.00     0.00     0.00
11:16:57     0.00     0.00     0.00     0.00     0.00
11:17:02     0.00     0.00     0.00     0.00     0.00
11:17:07     0.00     0.00     0.00     0.00     0.00
11:17:12     0.00     0.00     0.00     0.00     0.00
11:17:17     0.00     0.00     0.00     0.00     0.00
11:17:22     0.00     0.00     0.00     0.00     0.00
11:17:27     0.00     0.00     0.00     0.00     0.00
11:17:32     0.00     0.00     0.00     0.00     0.00
11:17:37     0.00     0.00     0.00     0.00     0.00
11:17:42     0.00     0.00     0.00     0.00     0.00
11:17:47     0.00     0.00     0.00     0.00     0.00
11:17:52     0.00     0.00     0.00     0.00     0.00
11:17:57     0.00     0.00     0.00     0.00     0.00
11:18:02     0.00     0.00     0.00     0.00     0.00
11:18:07     0.00     0.00     0.00     0.00     0.00
11:18:12     0.00     0.00     0.00     0.00     0.00
11:18:18     0.00     0.00     0.00     0.00     0.00
11:18:23     0.00     0.00     0.00     0.00     0.00
11:18:28     0.00     0.00     0.00     0.00     0.00
11:18:33     0.00     0.00     0.00     0.00     0.00
11:18:38     0.00     0.00     0.00     0.00     0.00
11:18:43     0.00     0.00     0.00     0.00     0.00
11:18:48     0.00     0.00     0.00     0.00     0.00
11:18:53     0.00     0.00     0.00     0.00     0.00
11:18:58     0.00     0.00     0.00     0.00     0.00
11:19:03     0.00     0.00     0.00     0.00     0.00
11:19:08     0.00     0.00     0.00     0.00     0.00
11:19:13     0.00     0.00     0.00     0.00     0.00
11:19:18     0.00     0.00     0.00     0.00     0.00
11:19:23     0.00     0.00     0.00     0.00     0.00
11:19:28     0.00     0.00     0.00     0.00     0.00
11:19:33     0.00     0.00     0.00     0.00     0.00
11:19:38     0.00     0.00     0.00     0.00     0.00
11:19:43     0.00     0.00     0.00     0.00     0.00
11:19:48     0.00     0.00     0.00     0.00     0.00
11:19:53     0.00     0.00     0.00     0.00     0.00
11:19:58     0.00     0.00     0.00     0.00     0.00
11:20:03     0.00     0.00     0.00     0.00     0.00
11:20:08     0.00     0.00     0.00     0.00     0.00
11:20:13     0.00     0.00     0.00     0.00     0.00
11:20:18     0.00     0.00     0.00     0.00     0.00
11:20:23     0.00     0.00     0.00     0.00     0.00
11:20:28     0.00     0.00     0.00     0.00     0.00
11:20:33     0.00     0.00     0.00     0.00     0.00
11:20:38     0.00     0.00     0.00     0.00     0.00
11:20:43     0.00     0.00     0.00     0.00     0.00
11:20:48     0.00     0.00     0.00     0.00     0.00
11:20:53     0.00     0.00     0.00     0.00     0.00
11:20:58     0.00     0.00     0.00     0.00     0.00
11:21:03     0.00     0.00     0.00     0.00     0.00
11:21:08     0.00     0.00     0.00     0.00     0.00
11:21:13     0.00     0.00     0.00     0.00     0.00
11:21:18     0.00     0.00     0.00     0.00     0.00
11:21:23     0.00     0.00     0.00     0.00     0.00
11:21:28     0.00     0.00     0.00     0.00     0.00
11:21:33     0.00     0.00     0.00     0.00     0.00
11:21:38     0.00     0.00     0.00     0.00     0.00
11:21:43     0.00     0.00     0.00     0.00     0.00
11:21:48     0.00     0.00     0.00     0.00     0.00
11:21:53     0.00     0.00     0.00     0.00     0.00
11:21:58     0.00     0.00     0.00     0.00     0.00
11:22:03     0.00     0.00     0.00     0.00     0.00
11:22:08     0.00     0.00     0.00     0.00     0.00
11:22:13     0.00     0.00     0.00     0.00     0.00
11:22:18     0.00     0.00     0.00     0.00     0.00
11:22:23     0.00     0.00     0.00     0.00     0.00
11:22:28     0.00     0.00     0.00     0.00     0.00
11:22:33     0.00     0.00     0.00     0.00     0.00
11:22:38     0.00     0.00     0.00     0.00     0.00
11:22:43     0.00     0.00     0.00     0.00     0.00
11:22:48     0.00     0.00     0.00     0.00     0.00
11:22:53     0.00     0.00     0.00     0.00     0.00
11:22:58     0.00     0.00     0.00     0.00     0.00
11:23:03     0.00     0.00     0.00     0.00     0.00
11:23:08     0.00     0.00     0.00     0.00     0.00
11:23:13     0.00     0.00     0.00     0.00     0.00
11:23:18     0.00     0.00     0.00     0.00     0.00
11:23:23     0.00     0.00     0.00     0.00     0.00
11:23:28     0.00     0.00     0.00     0.00     0.00
11:23:33     0.00     0.00     0.00     0.00     0.00
11:23:38     0.00     0.00     0.00     0.00     0.00
11:23:43     0.00     0.00     0.00     0.00     0.00
11:23:48     0.00     0.00     0.00     0.00     0.00
11:23:53     0.00     0.00     0.00     0.00     0.00
11:23:58     0.00     0.00     0.00     0.00     0.00
11:24:03     0.00     0.00     0.00     0.00     0.00
11:24:08     0.00     0.00     0.00     0.00     0.00
11:24:13     0.00     0.00     0.00     0.00     0.00
11:24:18     0.00     0.00     0.00     0.00     0.00
11:24:23     0.00     0.00     0.00     0.00     0.00
11:24:28     0.00     0.00     0.00     0.00     0.00
11:24:33     0.00     0.00     0.00     0.00     0.00
11:24:38     0.00     0.00     0.00     0.00     0.00
11:24:43     0.00     0.00     0.00     0.00     0.00
11:24:48     0.00     0.00     0.00     0.00     0.00
11:24:53     0.00     0.00     0.00     0.00     0.00
11:24:58     0.00     0.00     0.00     0.00     0.00
11:25:03     0.00     0.00     0.00     0.00     0.00
11:25:08     0.00     0.00     0.00     0.00     0.00
11:25:13     0.00     0.00     0.00     0.00     0.00
11:25:18     0.00     0.00     0.00     0.00     0.00
11:25:23     0.00     0.00     0.00     0.00     0.00
11:25:28     0.00     0.00     0.00     0.00     0.00
11:25:33     0.00     0.00     0.00     0.00     0.00
11:25:38     0.00     0.00     0.00     0.00     0.00
11:25:43     0.00     0.00     0.00     0.00     0.00
11:25:48     0.00     0.00     0.00     0.00     0.00
11:25:53     0.00     0.00     0.00     0.00     0.00
11:25:58     0.00     0.00     0.00     0.00     0.00
11:26:03     0.00     0.00     0.00     0.00     0.00
11:26:08     0.00     0.00     0.00     0.00     0.00
11:26:13     0.00     0.00     0.00     0.00     0.00
11:26:18     0.00     0.00     0.00     0.00     0.00
11:26:23     0.00     0.00     0.00     0.00     0.00
11:26:28     0.00     0.00     0.00     0.00     0.00
11:26:33     0.00     0.00     0.00     0.00     0.00
11:26:39     0.00     0.00     0.00     0.00     0.00
11:26:44     0.00     0.00     0.00     0.00     0.00
11:26:49     0.00     0.00     0.00     0.00     0.00
11:26:54     0.00     0.00     0.00     0.00     0.00
11:26:59     0.00     0.00     0.00     0.00     0.00
11:27:04     0.00     0.00     0.00     0.00     0.00
11:27:09     0.00     0.00     0.00     0.00     0.00
11:27:14     0.00     0.00     0.00     0.00     0.00
11:27:19     0.00     0.00     0.00     0.00     0.00
11:27:24     0.00     0.00     0.00     0.00     0.00
11:27:29     0.00     0.00     0.00     0.00     0.00
11:27:34     0.00     0.00     0.00     0.00     0.00
11:27:39     0.00     0.00     0.00     0.00     0.00
11:27:44     0.00     0.00     0.00     0.00     0.00
11:27:49     0.00     0.00     0.00     0.00     0.00
11:27:54     0.00     0.00     0.00     0.00     0.00
11:27:59     0.00     0.00     0.00     0.00     0.00
11:28:04     0.00     0.00     0.00     0.00     0.00
11:28:09     0.00     0.00     0.00     0.00     0.00
11:28:14     0.00     0.00     0.00     0.00     0.00
11:28:19     0.00     0.00     0.00     0.00     0.00
11:28:24     0.00     0.00     0.00     0.00     0.00
11:28:29     0.00     0.00     0.00     0.00     0.00
11:28:34     0.00     0.00     0.00     0.00     0.00
11:28:39     0.00     0.00     0.00     0.00     0.00
11:28:44     0.00     0.00     0.00     0.00     0.00
11:28:49     0.00     0.00     0.00     0.00     0.00
11:28:54     0.00     0.00     0.00     0.00     0.00
11:28:59     0.00     0.00     0.00     0.00     0.00
11:29:04     0.00     0.00     0.00     0.00     0.00
11:29:09     0.00     0.00     0.00     0.00     0.00
11:29:14     0.00     0.00     0.00     0.00     0.00
11:29:19     0.00     0.00     0.00     0.00     0.00
11:29:24     0.00     0.00     0.00     0.00     0.00
11:29:29     0.00     0.00     0.00     0.00     0.00
11:29:34     0.00     0.00     0.00     0.00     0.00
11:29:39     0.00     0.00     0.00     0.00     0.00
11:29:44     0.00     0.00     0.00     0.00     0.00
11:29:49     0.00     0.00     0.00     0.00     0.00
11:29:54     0.00     0.00     0.00     0.00     0.00
11:29:59     0.00     0.00     0.00     0.00     0.00
11:30:04     0.00     0.00     0.00     0.00     0.00
11:30:09     0.00     0.00     0.00     0.00     0.00
11:30:14     0.00     0.00     0.00     0.00     0.00
11:30:19     0.00     0.00     0.00     0.00     0.00
11:30:24     0.00     0.00     0.00     0.00     0.00
11:30:29     0.00     0.00     0.00     0.00     0.00
11:30:34     0.00     0.00     0.00     0.00     0.00
11:30:39     0.00     0.00     0.00     0.00     0.00
11:30:44     0.00     0.00     0.00     0.00     0.00
11:30:49     0.00     0.00     0.00     0.00     0.00
11:30:54     0.00     0.00     0.00     0.00     0.00
11:30:59     0.00     0.00     0.00     0.00     0.00
11:31:04     0.00     0.00     0.00     0.00     0.00
11:31:09     0.00     0.00     0.00     0.00     0.00
11:31:14     0.00     0.00     0.00     0.00     0.00
11:31:19     0.00     0.00     0.00     0.00     0.00
11:31:24     0.00     0.00     0.00     0.00     0.00
11:31:29     0.00     0.00     0.00     0.00     0.00
11:31:34     0.00     0.00     0.00     0.00     0.00
11:31:39     0.00     0.00     0.00     0.00     0.00
11:31:44     0.00     0.00     0.00     0.00     0.00
11:31:49     0.00     0.00     0.00     0.00     0.00
11:31:54     0.00     0.00     0.00     0.00     0.00
11:31:59     0.00     0.00     0.00     0.00     0.00
11:32:04     0.00     0.00     0.00     0.00     0.00
11:32:09     0.00     0.00     0.00     0.00     0.00
11:32:14     0.00     0.00     0.00     0.00     0.00
11:32:19     0.00     0.00     0.00     0.00     0.00
11:32:24     0.00     0.00     0.00     0.00     0.00
11:32:29     0.00     0.00     0.00     0.00     0.00
11:32:34     0.00     0.00     0.00     0.00     0.00
11:32:39     0.00     0.00     0.00     0.00     0.00
11:32:44     0.00     0.00     0.00     0.00     0.00
11:32:49     0.00     0.00     0.00     0.00     0.00
11:32:54     0.00     0.00     0.00     0.00     0.00
11:32:59     0.00     0.00     0.00     0.00     0.00
11:33:04     0.00     0.00     0.00     0.00     0.00
11:33:09     0.00     0.00     0.00     0.00     0.00
11:33:14     0.00     0.00     0.00     0.00     0.00
11:33:19     0.00     0.00     0.00     0.00     0.00
11:33:24     0.00     0.00     0.00     0.00     0.00
11:33:29     0.00     0.00     0.00     0.00     0.00
11:33:34     0.00     0.00     0.00     0.00     0.00
11:33:39     0.00     0.00     0.00     0.00     0.00
11:33:44     0.00     0.00     0.00     0.00     0.00
11:33:49     0.00     0.00     0.00     0.00     0.00
11:33:54     0.00     0.00     0.00     0.00     0.00
11:33:59     0.00     0.00     0.00     0.00     0.00
11:34:04     0.00     0.00     0.00     0.00     0.00
11:34:09     0.00     0.00     0.00     0.00     0.00
11:34:14     0.00     0.00     0.00     0.00     0.00
11:34:19     0.00     0.00     0.00     0.00     0.00
11:34:24     0.00     0.00     0.00     0.00     0.00
11:34:29     0.00     0.00     0.00     0.00     0.00
11:34:34     0.00     0.00     0.00     0.00     0.00
11:34:39     0.00     0.00     0.00     0.00     0.00
11:34:44     0.00     0.00     0.00     0.00     0.00
11:34:49     0.00     0.00     0.00     0.00     0.00
11:34:54     0.00     0.00     0.00     0.00     0.00
11:35:00     0.00     0.00     0.00     0.00     0.00
11:35:05     0.00     0.00     0.00     0.00     0.00
11:35:10     0.00     0.00     0.00     0.00     0.00
11:35:15     0.00     0.00     0.00     0.00     0.00
11:35:20     0.00     0.00     0.00     0.00     0.00
11:35:25     0.00     0.00     0.00     0.00     0.00
11:35:30     0.00     0.00     0.00     0.00     0.00
11:35:35     0.00     0.00     0.00     0.00     0.00
11:35:40     0.00     0.00     0.00     0.00     0.00
11:35:45     0.00     0.00     0.00     0.00     0.00
11:35:50     0.00     0.00     0.00     0.00     0.00
11:35:55     0.00     0.00     0.00     0.00     0.00
11:36:00     0.00     0.00     0.00     0.00     0.00
11:36:05     0.00     0.00     0.00     0.00     0.00
11:36:10     0.00     0.00     0.00     0.00     0.00
11:36:15     0.00     0.00     0.00     0.00     0.00
11:36:20     0.00     0.00     0.00     0.00     0.00
11:36:25     0.00     0.00     0.00     0.00     0.00
11:36:30     0.00     0.00     0.00     0.00     0.00
11:36:35     0.00     0.00     0.00     0.00     0.00
11:36:40     0.00     0.00     0.00     0.00     0.00
11:36:45     0.00     0.00     0.00     0.00     0.00
11:36:50     0.00     0.00     0.00     0.00     0.00
11:36:55     0.00     0.00     0.00     0.00     0.00
11:37:00     0.00     0.00     0.00     0.00     0.00
11:37:05     0.00     0.00     0.00     0.00     0.00
11:37:10     0.00     0.00     0.00     0.00     0.00
11:37:15     0.00     0.00     0.00     0.00     0.00
11:37:20     0.00     0.00     0.00     0.00     0.00
11:37:25     0.00     0.00     0.00     0.00     0.00
11:37:30     0.00     0.00     0.00     0.00     0.00
11:37:35     0.00     0.00     0.00     0.00     0.00
11:37:40     0.00     0.00     0.00     0.00     0.00
11:37:45     0.00     0.00     0.00     0.00     0.00
11:37:50     0.00     0.00     0.00     0.00     0.00
11:37:55     0.00     0.00     0.00     0.00     0.00
11:38:00     0.00     0.00     0.00     0.00     0.00
11:38:05     0.00     0.00     0.00     0.00     0.00
11:38:10     0.00     0.00     0.00     0.00     0.00
11:38:15     0.00     0.00     0.00     0.00     0.00
11:38:20     0.00     0.00     0.00     0.00     0.00
11:38:25     0.00     0.00     0.00     0.00     0.00
11:38:30     0.00     0.00     0.00     0.00     0.00
11:38:35     0.00     0.00     0.00     0.00     0.00
11:38:40     0.00     0.00     0.00     0.00     0.00
11:38:45     0.00     0.00     0.00     0.00     0.00
11:38:50     0.00     0.00     0.00     0.00     0.00
11:38:55     0.00     0.00     0.00     0.00     0.00
11:39:00     0.00     0.00     0.00     0.00     0.00
11:39:05     0.00     0.00     0.00     0.00     0.00
11:39:10     0.00     0.00     0.00     0.00     0.00
11:39:15     0.00     0.00     0.00     0.00     0.00
11:39:20     0.00     0.00     0.00     0.00     0.00
11:39:25     0.00     0.00     0.00     0.00     0.00
11:39:30     0.00     0.00     0.00     0.00     0.00
11:39:35     0.00     0.00     0.00     0.00     0.00
11:39:40     0.00     0.00     0.00     0.00     0.00
11:39:45     0.00     0.00     0.00     0.00     0.00
11:39:50     0.00     0.00     0.00     0.00     0.00
11:39:55     0.00     0.00     0.00     0.00     0.00
11:40:00     0.00     0.00     0.00     0.00     0.00
11:40:05     0.00     0.00     0.00     0.00     0.00
11:40:10     0.00     0.00     0.00     0.00     0.00
11:40:15     0.00     0.00     0.00     0.00     0.00
11:40:20     0.00     0.00     0.00     0.00     0.00
11:40:25     0.00     0.00     0.00     0.00     0.00
11:40:30     0.00     0.00     0.00     0.00     0.00
11:40:35     0.00     0.00     0.00     0.00     0.00
11:40:40     0.00     0.00     0.00     0.00     0.00
11:40:45     0.00     0.00     0.00     0.00     0.00
11:40:50     0.00     0.00     0.00     0.00     0.00
11:40:55     0.00     0.00     0.00     0.00     0.00
11:41:00     0.00     0.00     0.00     0.00     0.00
11:41:05     0.00     0.00     0.00     0.00     0.00
11:41:10     0.00     0.00     0.00     0.00     0.00
11:41:15     0.00     0.00     0.00     0.00     0.00
11:41:20     0.00     0.00     0.00     0.00     0.00
11:41:25     0.00     0.00     0.00     0.00     0.00
11:41:30     0.00     0.00     0.00     0.00     0.00
11:41:35     0.00     0.00     0.00     0.00     0.00
11:41:40     0.00     0.00     0.00     0.00     0.00
11:41:45     0.00     0.00     0.00     0.00     0.00
11:41:50     0.00     0.00     0.00     0.00     0.00
11:41:55     0.00     0.00     0.00     0.00     0.00
11:42:00     0.00     0.00     0.00     0.00     0.00
11:42:05     0.00     0.00     0.00     0.00     0.00
11:42:10     0.00     0.00     0.00     0.00     0.00
11:42:15     0.00     0.00     0.00     0.00     0.00
11:42:20     0.00     0.00     0.00     0.00     0.00
11:42:25     0.00     0.00     0.00     0.00     0.00
11:42:30     0.00     0.00     0.00     0.00     0.00
11:42:35     0.00     0.00     0.00     0.00     0.00
11:42:40     0.00     0.00     0.00     0.00     0.00
11:42:45     0.00     0.00     0.00     0.00     0.00
11:42:50     0.00     0.00     0.00     0.00     0.00
11:42:55     0.00     0.00     0.00     0.00     0.00
11:43:00     0.00     0.00     0.00     0.00     0.00
11:43:05     0.00     0.00     0.00     0.00     0.00
11:43:10     0.00     0.00     0.00     0.00     0.00
11:43:15     0.00     0.00     0.00     0.00     0.00
11:43:21     0.00     0.00     0.00     0.00     0.00
11:43:26     0.00     0.00     0.00     0.00     0.00
11:43:31     0.00     0.00     0.00     0.00     0.00
11:43:36     0.00     0.00     0.00     0.00     0.00
11:43:41     0.00     0.00     0.00     0.00     0.00
11:43:46     0.00     0.00     0.00     0.00     0.00
11:43:51     0.00     0.00     0.00     0.00     0.00
11:43:56     0.00     0.00     0.00     0.00     0.00
11:44:01     0.00     0.00     0.00     0.00     0.00
11:44:06     0.00     0.00     0.00     0.00     0.00
11:44:11     0.00     0.00     0.00     0.00     0.00
11:44:16     0.00     0.00     0.00     0.00     0.00
11:44:21     0.00     0.00     0.00     0.00     0.00
11:44:26     0.00     0.00     0.00     0.00     0.00
11:44:31     0.00     0.00     0.00     0.00     0.00
11:44:36     0.00     0.00     0.00     0.00     0.00
11:44:41     0.00     0.00     0.00     0.00     0.00
11:44:46     0.00     0.00     0.00     0.00     0.00
11:44:51     0.00     0.00     0.00     0.00     0.00
11:44:56     0.00     0.00     0.00     0.00     0.00
11:45:01     0.00     0.00     0.00     0.00     0.00
11:45:06     0.00     0.00     0.00     0.00     0.00
11:45:11     0.00     0.00     0.00     0.00     0.00
11:45:16     0.00     0.00     0.00     0.00     0.00
11:45:21     0.00     0.00     0.00     0.00     0.00
11:45:26     0.00     0.00     0.00     0.00     0.00
11:45:31     0.00     0.00     0.00     0.00     0.00
11:45:36     0.00     0.00     0.00     0.00     0.00
11:45:41     0.00     0.00     0.00     0.00     0.00
11:45:46     0.00     0.00     0.00     0.00     0.00
11:45:51     0.00     0.00     0.00     0.00     0.00
11:45:56     0.00     0.00     0.00     0.00     0.00
11:46:01     0.00     0.00     0.00     0.00     0.00
11:46:06     0.00     0.00     0.00     0.00     0.00
11:46:11     0.00     0.00     0.00     0.00     0.00
11:46:16     0.00     0.00     0.00     0.00     0.00
11:46:21     0.00     0.00     0.00     0.00     0.00
11:46:26     0.00     0.00     0.00     0.00     0.00
11:46:31     0.00     0.00     0.00     0.00     0.00
11:46:36     0.00     0.00     0.00     0.00     0.00
11:46:41     0.00     0.00     0.00     0.00     0.00
11:46:46     0.00     0.00     0.00     0.00     0.00
11:46:51     0.00     0.00     0.00     0.00     0.00
11:46:56     0.00     0.00     0.00     0.00     0.00
11:47:01     0.00     0.00     0.00     0.00     0.00
11:47:06     0.00     0.00     0.00     0.00     0.00
11:47:11     0.00     0.00     0.00     0.00     0.00
11:47:16     0.00     0.00     0.00     0.00     0.00
11:47:21     0.00     0.00     0.00     0.00     0.00
11:47:26     0.00     0.00     0.00     0.00     0.00
11:47:31     0.00     0.00     0.00     0.00     0.00
11:47:36     0.00     0.00     0.00     0.00     0.00
11:47:41     0.00     0.00     0.00     0.00     0.00
11:47:46     0.00     0.00     0.00     0.00     0.00
11:47:51     0.00     0.00     0.00     0.00     0.00
11:47:56     0.00     0.00     0.00     0.00     0.00
11:48:01     0.00     0.00     0.00     0.00     0.00
11:48:06     0.00     0.00     0.00     0.00     0.00
11:48:11     0.00     0.00     0.00     0.00     0.00
11:48:16     0.00     0.00     0.00     0.00     0.00
11:48:21     0.00     0.00     0.00     0.00     0.00
11:48:26     0.00     0.00     0.00     0.00     0.00
11:48:31     0.00     0.00     0.00     0.00     0.00
11:48:36     0.00     0.00     0.00     0.00     0.00
11:48:41     0.00     0.00     0.00     0.00     0.00
11:48:46     0.00     0.00     0.00     0.00     0.00
11:48:51     0.00     0.00     0.00     0.00     0.00
11:48:56     0.00     0.00     0.00     0.00     0.00
11:49:01     0.00     0.00     0.00     0.00     0.00
11:49:06     0.00     0.00     0.00     0.00     0.00
11:49:11     0.00     0.00     0.00     0.00     0.00
11:49:16     0.00     0.00     0.00     0.00     0.00
11:49:21     0.00     0.00     0.00     0.00     0.00
11:49:26     0.00     0.00     0.00     0.00     0.00
11:49:31     0.00     0.00     0.00     0.00     0.00
11:49:36     0.00     0.00     0.00     0.00     0.00
11:49:41     0.00     0.00     0.00     0.00     0.00
11:49:46     0.00     0.00     0.00     0.00     0.00
11:49:51     0.00     0.00     0.00     0.00     0.00
11:49:56     0.00     0.00     0.00     0.00     0.00
11:50:01     0.00     0.00     0.00     0.00     0.00
11:50:06     0.00     0.00     0.00     0.00     0.00
11:50:11     0.00     0.00     0.00     0.00     0.00
11:50:16     0.00     0.00     0.00     0.00     0.00
11:50:21     0.00     0.00     0.00     0.00     0.00
11:50:26     0.00     0.00     0.00     0.00     0.00
11:50:31     0.00     0.00     0.00     0.00     0.00
11:50:36     0.00     0.00     0.00     0.00     0.00
11:50:41     0.00     0.00     0.00     0.00     0.00
11:50:46     0.00     0.00     0.00     0.00     0.00
11:50:51     0.00     0.00     0.00     0.00     0.00
11:50:56     0.00     0.00     0.00     0.00     0.00
11:51:01     0.00     0.00     0.00     0.00     0.00
11:51:06     0.00     0.00     0.00     0.00     0.00
11:51:11     0.00     0.00     0.00     0.00     0.00
11:51:16     0.00     0.00     0.00     0.00     0.00
11:51:21     0.00     0.00     0.00     0.00     0.00
11:51:26     0.00     0.00     0.00     0.00     0.00
11:51:31     0.00     0.00     0.00     0.00     0.00
11:51:36     0.00     0.00     0.00     0.00     0.00
11:51:42     0.00     0.00     0.00     0.00     0.00
11:51:47     0.00     0.00     0.00     0.00     0.00
11:51:52     0.00     0.00     0.00     0.00     0.00
11:51:57     0.00     0.00     0.00     0.00     0.00
11:52:02     0.00     0.00     0.00     0.00     0.00
11:52:07     0.00     0.00     0.00     0.00     0.00
11:52:12     0.00     0.00     0.00     0.00     0.00
11:52:17     0.00     0.00     0.00     0.00     0.00
11:52:22     0.00     0.00     0.00     0.00     0.00
11:52:27     0.00     0.00     0.00     0.00     0.00
11:52:32     0.00     0.00     0.00     0.00     0.00
