 kthr      memory            page            disk          faults      cpu
 r b w   swap  free  re  mf pi po fr de sr s0 s1 s2 --   in   sy   cs us sy id
 0 0 0 9139784 6129936 126 2029 0 0 0 0 16  3 -0  0  0  727 1701  300 26  3 70
 0 0 0 9718548 6578644 151 2547 0 0 0 0  0  0  0  0  0  682 2104  266  0  4 96
 0 0 0 9718264 6578424 128 2156 0 0 0 0  0  0  0  0  0  578 1687  259  0  4 96
 0 0 0 9718164 6578560 136 2162 0 0 0 0  0  0  0  0  0  593 1670  256  0  4 96
 0 0 0 9718348 6578552 140 2157 0 0 0 0  0  2  0  0  0  613 1687  311  0  4 96
 0 0 0 9717960 6578276 128 2160 0 0 0 0  0  0  0  0  0  591 1679  275  0  4 96
 0 0 0 9718316 6578528 134 2154 0 0 0 0  0  0  0  0  0  573 1682  259  0  4 96
 0 0 0 9718320 6578536 129 2158 0 0 0 0  0  0  0  0  0  593 1672  263  0  3 96
 0 0 0 9718024 6578408 77 1179 0 0 0  0  0  0  0  0  0  526 1258  220  0  2 98
 0 0 0 9718312 6578744 52 979 0 0  0  0  0  0  0  0  0  507 1092  216  0  2 98
 0 0 0 9718312 6578528 147 2165 0 0 0 0  0  3  0  0  0  630 1686  329  0  4 96
 0 0 0 9718060 6578436 129 2158 0 0 0 0  0  0  0  0  0  585 1674  263  0  4 96
 0 0 0 9717992 6578376 129 2158 0 0 0 0  0  0  0  0  0  583 1682  262  0  4 96
 0 0 0 9718284 6578500 129 2158 0 0 0 0  0  0  0  0  0  589 1762  308  0  4 96
 0 0 0 9718008 6578384 129 2159 0 0 0 0  0  0  0  0  0  572 1683  255  0  4 96
 0 0 0 9717968 6578424 147 2166 0 0 0 0  0  0  0  0  0  585 1671  256  0  4 96
 0 0 0 9718264 6578480 129 2156 0 0 0 0  0  2  0  0  0  672 1685  307  0  4 96
 0 0 0 9717916 6578304 12 99 0  0  0  0  0  0  0  0  0  457  754  196  0  1 99
 kthr      memory            page            disk          faults      cpu
 r b w   swap  free  re  mf pi po fr de sr s0 s1 s2 --   in   sy   cs us sy id
 0 0 0 9718232 6578512 117 2061 0 0 0 0  0  0  0  0  0  579 1600  258  0  3 97
 0 0 0 9717940 6578324 134 2157 0 0 0 0  0  0  0  0  0  577 1668  263  0  4 96
 0 0 0 9718236 6578452 129 2158 0 0 0 0  0  0  0  0  0  572 1686  258  0  4 96
 0 0 0 9717980 6578356 141 2164 0 0 0 0  0  0  0  0  0  572 1671  254  0  4 96
 0 0 0 9717936 6578320 129 2158 0 0 0 0  0  2  0  0  0  601 1686  307  0  4 96
 0 0 0 9718196 6578412 129 2160 0 0 0 0  0  0  0  0  0  565 1671  255  0  4 96
 0 0 0 9717944 6578340 134 2156 0 0 0 0  0  0  0  0  0  574 1680  255  0  4 96
 0 0 0 9717884 6578268 77 1180 0 0 0  0  0  0  0  0  0  517 1267  227  0  3 97
 0 0 0 9718172 6578388 52 978 0 0  0  0  0  0  0  0  0  506 1092  220  0  1 99
 0 0 0 9718192 6578628 129 2157 0 0 0 0  0  0  0  0  0  578 1680  261  0  4 96
 0 0 0 9717944 6578372 147 2166 0 0 0 0  0  2  0  0  0  593 1686  306  0  4 96
 0 0 0 9717752 6578148 129 2159 0 0 0 0  0  0  0  0  0  590 1680  269  0  4 96
 0 0 0 9718168 6578384 134 2156 0 0 0 0  0  0  0  0  0  585 1682  265  0  4 96
 0 0 0 9717920 6578292 129 2159 0 0 0 0  0  0  0  0  0  581 1670  259  0  4 96
 0 0 0 9717876 6578260 128 2157 0 0 0 0  0  0  0  0  0  583 1681  253  0  4 96
 0 0 0 9718168 6578584 147 2166 0 0 0 0  0  0  0  0  0  581 1674  261  0  4 96
 0 0 0 9717912 6578288 12 98 0  0  0  0  0  2  0  0  0  478  782  225  0  1 99
 0 0 0 9718156 6578372 117 2060 0 0 0 0  0  0  0  0  0  586 1565  252  0  3 97
 0 0 0 9717860 6578304 129 2159 0 0 0 0  0  0  0  0  0  591 1687  262  0  4 96
 kthr      memory            page            disk          faults      cpu
 r b w   swap  free  re  mf pi po fr de sr s0 s1 s2 --   in   sy   cs us sy id
 0 0 0 9718152 6578388 134 2159 0 0 0 0  0  0  0  0  0  583 1760  309  0  4 96
 0 0 0 9717896 6578272 129 2162 0 0 0 0  0  0  0  0  0  584 1686  258  0  4 96
 0 0 0 9717860 6578304 147 2169 0 0 0 0  0  0  0  0  0  561 1673  256  0  4 96
 0 0 0 9718132 6578360 129 2161 0 0 0 0  0  2  0  0  0  615 1686  307  0  4 96
 0 0 0 9717800 6578176 128 2165 0 0 0 0  0  0  0  0  0  594 1677  272  0  4 96
 0 0 0 9717828 6578252 82 1181 0 0 0  0  0  0  0  0  0  527 1287  220  0  3 97
 0 0 0 9718128 6578344 52 981 0 0  0  0  0  0  0  0  0  517 1060  217  0  1 99
 0 0 0 9718128 6578344 129 2163 0 0 0 0  0  0  0  0  0  569 1697  267  0  4 96
 0 0 0 9717868 6578280 139 2173 0 0 0 0  0  0  0  0  0  573 1675  254  0  4 96
 0 0 0 9717828 6578220 132 2161 0 0 0 0  0  2  0  0  0  622 1683  309  0  4 96
 0 0 0 9718128 6578340 128 2163 0 0 0 0  0  0  0  0  0  584 1674  254  0  4 96
 0 0 0 9717872 6578244 134 2166 0 0 0 0  0  0  0  0  0  591 1683  258  0  4 96
 0 0 0 9717828 6578208 128 2169 0 0 0 0  0  0  0  0  0  582 1678  266  0  4 96
 0 0 0 9718124 6578336 129 2168 0 0 0 0  0  0  0  0  0  577 1690  263  0  4 96
 0 0 0 9717872 6578504 36 278 0 0  0  0  0  0  0  0  0  477  841  183  0  1 98
 0 0 0 9718092 6578316 111 1896 0 0 0 0  0  2  0  0  0  582 1516  301  0  2 97
 0 0 0 9717728 6578108 129 2167 0 0 0 0  0  0  0  0  0  587 1678  274  0  4 96
 0 0 0 9718088 6578364 129 2165 0 0 0 0  0  0  0  0  0  571 1682  263  0  4 96
 0 0 0 9717796 6578188 134 2169 0 0 0 0  0  0  0  0  0  574 1677  261  0  4 96
 kthr      memory            page            disk          faults      cpu
 r b w   swap  free  re  mf pi po fr de sr s0 s1 s2 --   in   sy   cs us sy id
 0 0 0 9717756 6578136 129 2172 0 0 0 0  0  0  0  0  0  587 1693  258  0  4 96
 0 0 0 9718048 6578396 147 2176 0 0 0 0  0  0  0  0  0  568 1675  255  0  4 96
 0 0 0 9717792 6578164 129 2170 0 0 0 0  0  2  0  0  0  609 1692  305  0  4 96
 1 0 0 9717748 6578128 90 1403 0 0 0  0  0  0  0  0  0  533 1365  223  0  3 97
 0 0 0 9718028 6578304 51 966 0 0  0  0  0  0  0  0  0  521 1063  215  0  1 99
 0 0 0 8998472 6256692 422 41367 0 0 0 0 0  0  0  0  0 1024 11309 332 42 12 46
 0 0 0 8470492 5728476 129 6758 0 0 0 0  0  0  0  0  0  851 1817  260 49  5 46
 0 0 0 8460968 5718904 146 2181 0 0 0 0  0  0  0  0  0 1144 1676  245 50  4 46
 0 0 0 8451388 5709080 129 3372 0 0 0 0  0  4  0  0  0 1228 2300  329 49  5 46
 0 0 0 8421944 5679840 129 3063 0 0 0 0  0  0  0  0  0  904 2122  269 50  4 46
 0 0 0 8417736 5675852 134 2273 0 0 0 0  0  0  0  0  0  850 1740  248 50  4 46
 0 0 0 8416032 5674008 129 2271 0 0 0 0  0  0  0  0  0  847 1726  251 50  4 46
 0 0 0 8411108 5669228 12 416 0 0  0  0  0  0  0  0  0  510  899  175 50  1 49
 0 0 0 8408704 5666928 117 2082 0 0 0 0  0  0  0  0  0  850 1597  249 50  3 47
 0 0 0 8408228 5666444 148 2208 0 0 0 0  0  2  0  0  0  979 1710  300 50  4 46
 0 0 0 8407764 5665744 129 2180 0 0 0 0  0  0  0  0  0  835 1685  237 50  4 46
 0 0 0 8407640 5665580 135 2192 0 0 0 0  0  0  0  0  0  852 1702  248 50  4 46
 0 0 0 8407448 5665432 129 2172 0 0 0 0  0  0  0  0  0  874 1675  260 50  4 46
 0 0 0 8407196 5665300 129 2170 0 0 0 0  0  0  0  0  0  850 1690  248 50  4 46
 kthr      memory            page            disk          faults      cpu
 r b w   swap  free  re  mf pi po fr de sr s0 s1 s2 --   in   sy   cs us sy id
 0 0 0 8407472 5665632 148 2182 0 0 0 0  0  0  0  0  0  838 1676  246 50  4 46
 0 0 0 8376932 5634980 182 4467 0 0 0 0  0  2  0  0  0  889 3996  301 58  3 38
 0 0 0 8324968 5583088 97 2247 0 0 0  0  0  0  0  0  0  869 1450  203 74  3 23
 0 0 0 8381632 5639228 129 2803 0 0 0 0  0  0  0  0  0  942 1726  221 58  4 38
 0 0 0 8400724 5657980 132 2217 0 0 0 0  0  0  0  0  0  898 1687  253 50  4 46
 0 0 0 8400328 5657732 129 2174 0 0 0 0  0  0  0  0  0  872 1688  259 50  4 46
 0 0 0 8400272 5657852 147 2180 0 0 0 0  0  0  0  0  0  856 1679  248 50  4 46
 0 0 0 8400528 5658040 129 2171 0 0 0 0  0  4  0  0  0 1128 1689  340 50  4 46
 0 0 0 8400572 5658360 129 2172 0 0 0 0  0  0  0  0  0  875 1677  247 50  4 46
 0 0 0 8400528 5658540 55 817 0 0  0  0  0  0  0  0  0  640 1069  204 50  2 48
 0 0 0 8400568 5658500 79 1355 0 0 0  0  0  0  0  0  0  709 1375  261 50  2 48
 0 0 0 8400260 5658368 129 2174 0 0 0 0  0  0  0  0  0  844 1690  252 50  4 46
 0 0 0 8400536 5658508 146 2178 0 0 0 0  0  0  0  0  0 1162 1689  254 50  4 46
 0 0 0 8400280 5658408 131 2172 0 0 0 0  0  2  0  0  0  966 1697  297 50  4 46
 0 0 0 8400104 5658228 129 2170 0 0 0 0  0  0  0  0  0  869 1677  260 50  4 46
 0 0 0 8400512 5658500 135 2174 0 0 0 0  0  0  0  0  0  847 1686  247 50  4 46
 0 0 0 8400256 5658376 129 2171 0 0 0 0  0  0  0  0  0  843 1686  241 50  4 46
 0 0 0 8400216 5658340 77 1188 0 0 0  0  0  0  0  0  0  683 1270  214 50  3 47
 0 0 0 8400508 5658752 53 985 0 0  0  0  0  0  0  0  0  649 1081  207 50  1 49
 kthr      memory            page            disk          faults      cpu
 r b w   swap  free  re  mf pi po fr de sr s0 s1 s2 --   in   sy   cs us sy id
 0 0 0 8400504 5658460 147 2179 0 0 0 0  0  4  0  0  0 1094 1690  323 50  4 46
 0 0 0 8400424 5658384 129 2184 0 0 0 0  0  0  0  0  0  857 1678  251 50  4 46
 0 0 0 8400208 5658216 135 2174 0 0 0 0  0  0  0  0  0  845 1692  245 50  4 46
 0 0 0 8400264 5658240 129 2170 0 0 0 0  0  0  0  0  0  847 1672  248 50  4 46
 0 0 0 8400248 5658212 129 2173 0 0 0 0  0  0  0  0  0  849 1694  247 50  4 46
 0 0 0 8400208 5658380 147 2178 0 0 0 0  0  0  0  0  0  839 1683  247 50  4 46
 0 0 0 8399956 5658084 109 1825 0 0 0 0  0  2  0  0  0  971 1544  284 50  4 46
 0 0 0 8400188 5658148 20 349 0 0  0  0  0  0  0  0  0  592  816  201 50  1 50
 0 0 0 8400248 5658280 129 2171 0 0 0 0  0  0  0  0  0  857 1685  258 50  4 46
 0 0 0 8399996 5658116 134 2173 0 0 0 0  0  0  0  0  0  853 1674  255 50  4 46
 0 0 0 8399940 5658064 129 2172 0 0 0 0  0  0  0  0  0  838 1689  248 50  4 46
 0 0 0 8400216 5658236 147 2182 0 0 0 0  0  0  0  0  0  865 1671  255 50  4 46
 0 0 0 8399960 5658064 129 2171 0 0 0 0  0  3  0  0  0  984 1692  309 50  4 46
 0 0 0 8399920 5658032 129 2172 0 0 0 0  0  0  0  0  0  837 1677  250 50  4 46
 0 0 0 8400216 5658212 134 2172 0 0 0 0  0  0  0  0  0  839 1686  243 50  4 46
 0 0 0 8399960 5658060 12 99 0  0  0  0  0  0  0  0  0  505  853  218 50  1 49
 0 0 0 8400212 5658152 117 2075 0 0 0 0  0  0  0  0  0  832 1587  250 50  3 47
 0 0 0 8399920 5658032 137 2176 0 0 0 0  0  0  0  0  0 1157 1671  252 50  4 46
 0 0 0 8400212 5658152 130 2173 0 0 0 0  0  2  0  0  0  991 1695  304 50  4 46
 kthr      memory            page            disk          faults      cpu
 r b w   swap  free  re  mf pi po fr de sr s0 s1 s2 --   in   sy   cs us sy id
 0 0 0 8399792 5657888 129 2178 0 0 0 0  0  0  0  0  0  876 1679  263 50  4 46
 0 0 0 8399784 5657940 134 2172 0 0 0 0  0  0  0  0  0  872 1689  253 50  4 46
 0 0 0 8400044 5658016 129 2175 0 0 0 0  0  0  0  0  0  839 1681  246 50  4 46
 0 0 0 8400040 5657976 129 2172 0 0 0 0  0  0  0  0  0  833 1698  237 50  4 46
 0 0 0 8399992 5658212 75 1092 0 0 0  0  0  0  0  0  0  660 1169  210 50  2 48
 0 0 0 8400032 5657968 72 1088 0 0 0  0  0  2  0  0  0  809 1191  256 50  2 48
 0 0 0 8399664 5657764 129 2181 0 0 0 0  0  0  0  0  0  850 1684  247 50  4 46
 0 0 0 8399864 5657820 132 2170 0 0 0 0  0  0  0  0  0  844 1686  249 50  4 46
 0 0 0 8399604 5657708 131 2175 0 0 0 0  0  0  0  0  0  846 1674  256 50  4 46
 0 0 0 8399552 5657656 129 2173 0 0 0 0  0  0  0  0  0  840 1691  248 50  4 46
 0 0 0 8399832 5657912 147 2179 0 0 0 0  0  0  0  0  0  832 1678  246 50  4 46
 0 0 0 8399460 5657560 129 2177 0 0 0 0  0  2  0  0  0 1001 1692  292 50  4 46
 0 0 0 8399384 5657496 77 1187 0 0 0  0  0  0  0  0  0  715 1247  233 50  3 48
 0 0 0 8399712 5657736 53 987 0 0  0  0  0  0  0  0  0  673 1106  208 50  2 48
 0 0 0 8399600 5657624 134 2170 0 0 0 0  0  0  0  0  0  851 1671  252 50  4 46
 0 0 0 8399692 5657628 129 2175 0 0 0 0  0  0  0  0  0  853 1692  248 50  4 46
 0 0 0 8399588 5657592 147 2180 0 0 0 0  0  0  0  0  0  839 1678  239 50  4 46
 0 0 0 8399448 5657544 129 2172 0 0 0 0  0  2  0  0  0  984 1691  302 50  4 46
 0 0 0 8399636 5657568 129 2173 0 0 0 0  0  0  0  0  0  849 1674  249 50  4 46
 kthr      memory            page            disk          faults      cpu
 r b w   swap  free  re  mf pi po fr de sr s0 s1 s2 --   in   sy   cs us sy id
 0 0 0 8399380 5657516 134 2171 0 0 0 0  0  0  0  0  0  862 1692  251 50  4 46
 0 0 0 8399336 5657436 77 1188 0 0 0  0  0  0  0  0  0  666 1372  253 50  3 47
 0 0 0 8399600 5657536 53 992 0 0  0  0  0  0  0  0  0  664 1076  215 50  1 49
 0 0 0 8399476 5657708 129 2174 0 0 0 0  0  0  0  0  0 1171 1678  255 50  4 46
 0 0 0 8399220 5657380 147 2177 0 0 0 0  0  2  0  0  0  966 1692  300 50  4 46
 0 0 0 8399072 5657184 129 2172 0 0 0 0  0  0  0  0  0  878 1684  263 50  4 46
 0 0 0 8399472 5657436 134 2175 0 0 0 0  0  0  0  0  0  868 1687  257 50  4 46
 0 0 0 8399228 5657336 129 2171 0 0 0 0  0  0  0  0  0  851 1672  253 50  4 46
 0 0 0 8399188 5657300 129 2172 0 0 0 0  0  0  0  0  0  856 1687  251 50  4 46
 0 0 0 8399424 5657632 147 2180 0 0 0 0  0  0  0  0  0  850 1685  243 50  4 46
 0 0 0 8399348 5657280 12 105 0 0  0  0  0  2  0  0  0  666  742  225 50  1 50
 0 0 0 8399320 5657252 117 2078 0 0 0 0  0  0  0  0  0  844 1611  247 50  3 46
 0 0 0 8399336 5657268 134 2170 0 0 0 0  0  0  0  0  0  851 1688  251 50  4 46
 0 0 0 8399240 5657220 129 2173 0 0 0 0  0  0  0  0  0  838 1671  255 50  4 46
 0 0 0 8399296 5657228 129 2173 0 0 0 0  0  0  0  0  0  858 1693  256 50  4 46
 0 0 0 8399264 5657328 147 2179 0 0 0 0  0  0  0  0  0  849 1691  250 50  4 46
 0 0 0 8399004 5657100 130 2240 0 0 0 0  0  2  0  0  0 1004 1717  298 50  4 46
 0 0 0 8399172 5657104 129 2172 0 0 0 0  0  0  0  0  0  893 1683  266 50  4 46
 0 0 0 8398956 5657116 30 394 0 0  0  0  0  0  0  0  0  554  897  183 50  2 49
 kthr      memory            page            disk          faults      cpu
 r b w   swap  free  re  mf pi po fr de sr s0 s1 s2 --   in   sy   cs us sy id
 0 0 0 8399092 5657032 104 1788 0 0 0 0  0  0  0  0  0  787 1454  242 50  2 48
 0 0 0 8398796 5656904 129 2174 0 0 0 0  0  0  0  0  0  843 1691  250 50  4 46
 0 0 0 8399044 5657040 147 2191 0 0 0 0  0  0  0  0  0  833 1675  252 50  4 46
 0 0 0 8398580 5656672 129 2173 0 0 0 0  0  3  0  0  0 1041 1693  318 50  4 46
 0 0 0 8398540 5656640 129 2171 0 0 0 0  0  0  0  0  0  867 1679  253 50  4 46
 0 0 0 8398804 5656776 134 2175 0 0 0 0  0  0  0  0  0  864 1683  254 50  4 46
 0 0 0 8398540 5656636 129 2172 0 0 0 0  0  0  0  0  0  845 1764  294 50  4 46
 0 0 0 8398456 5656604 80 1188 0 0 0  0  0  0  0  0  0  686 1257  211 50  2 48
 0 0 0 8398788 5656776 60 989 0 0  0  0  0  0  0  0  0  968 1100  206 50  2 48
 0 0 0 8398672 5656712 132 2172 0 0 0 0  0  2  0  0  0  990 1693  297 50  4 46
 0 0 0 8398664 5656600 129 2174 0 0 0 0  0  0  0  0  0  871 1681  263 50  4 46
 0 0 0 8398808 5656748 134 2171 0 0 0 0  0  0  0  0  0  886 1688  258 50  4 46
 0 0 0 8398492 5656592 129 2174 0 0 0 0  0  0  0  0  0  848 1673  258 50  4 46
 0 0 0 8398788 5656724 129 2170 0 0 0 0  0  0  0  0  0  854 1683  253 50  4 46
 0 0 0 8398528 5656884 147 2178 0 0 0 0  0  0  0  0  0  855 1672  254 50  4 46
 0 0 0 8398488 5656592 77 1187 0 0 0  0  0  2  0  0  0  857 1292  254 50  3 47
 0 0 0 8398764 5656696 53 987 0 0  0  0  0  0  0  0  0  653 1073  204 50  1 49
 0 0 0 8398756 5656772 129 2173 0 0 0 0  0  0  0  0  0  854 1685  253 50  4 46
 0 0 0 8398500 5656592 134 2172 0 0 0 0  0  0  0  0  0  846 1675  253 50  4 46
 kthr      memory            page            disk          faults      cpu
 r b w   swap  free  re  mf pi po fr de sr s0 s1 s2 --   in   sy   cs us sy id
 0 0 0 8398392 5656500 129 2178 0 0 0 0  0  0  0  0  0  845 1692  248 50  4 46
 0 0 0 8398676 5656748 147 2176 0 0 0 0  0  0  0  0  0  843 1675  245 50  4 46
 0 0 0 8398676 5656616 129 2172 0 0 0 0  0  2  0  0  0  986 1694  296 50  4 46
 0 0 0 8398504 5656496 129 2175 0 0 0 0  0  0  0  0  0  882 1690  266 50  4 46
 0 0 0 8398524 5656524 134 2186 0 0 0 0  0  0  0  0  0  850 1691  255 50  4 46
 0 0 0 8398388 5656328 12 98 0  0  0  0  0  0  0  0  0  508  714  178 50  0 50
 0 0 0 8398388 5656328 117 2076 0 0 0 0  0  0  0  0  0  848 1638  248 50  4 46
 0 0 0 8398292 5656288 148 2179 0 0 0 0  0  0  0  0  0  850 1678  250 50  4 46
 0 0 0 8398088 5656192 129 2172 0 0 0 0  0  3  0  0  0 1036 1696  310 50  4 46
 0 0 0 8398388 5656328 129 2171 0 0 0 0  0  0  0  0  0  846 1676  249 50  4 46
 0 0 0 8398132 5656256 134 2174 0 0 0 0  0  0  0  0  0  857 1690  251 50  4 46
 0 0 0 8398076 5656184 129 2174 0 0 0 0  0  0  0  0  0  839 1767  293 50  4 46
 0 0 0 8398352 5656296 129 2175 0 0 0 0  0  0  0  0  0  868 1686  257 50  4 46
 0 0 0 8398100 5656540 17 100 0 0  0  0  0  0  0  0  0  823  773  173 50  1 49
 0 0 0 8398356 5656300 131 2083 0 0 0 0  0  2  0  0  0  978 1587  300 50  3 47
 0 0 0 8397980 5656092 129 2175 0 0 0 0  0  0  0  0  0  864 1680  265 50  4 46
 0 0 0 8398284 5656224 134 2181 0 0 0 0  0  0  0  0  0  864 1692  257 50  4 46
 0 0 0 8397956 5656052 129 2186 0 0 0 0  0  0  0  0  0  849 1681  248 50  4 46
 0 0 0 8397796 5655904 129 2177 0 0 0 0  0  0  0  0  0  841 1689  247 50  4 46
 kthr      memory            page            disk          faults      cpu
 r b w   swap  free  re  mf pi po fr de sr s0 s1 s2 --   in   sy   cs us sy id
 0 0 0 8398088 5656240 147 2183 0 0 0 0  0  0  0  0  0  852 1676  245 50  4 46
 0 0 0 8398068 5656008 129 2181 0 0 0 0  0  2  0  0  0 1028 1687  295 50  4 46
 0 0 0 8397956 5655944 79 1192 0 0 0  0  0  0  0  0  0  687 1241  209 50  2 48
 0 0 0 8398044 5656032 53 988 0 0  0  0  0  0  0  0  0  661 1120  208 50  2 48
 0 0 0 8397968 5655956 132 2179 0 0 0 0  0  0  0  0  0  857 1677  252 50  4 46
 0 0 0 8398040 5655980 129 2181 0 0 0 0  0  0  0  0  0  860 1691  247 50  4 46
 0 0 0 8398004 5656084 147 2191 0 0 0 0  0  0  0  0  0  849 1684  248 50  4 46
 0 0 0 8397392 5655488 129 2200 0 0 0 0  0  2  0  0  0 1037 1708  302 50  4 46
 0 0 0 8397600 5655532 129 2179 0 0 0 0  0  0  0  0  0  881 1679  270 50  4 46
 0 0 0 8397428 5655572 134 2179 0 0 0 0  0  0  0  0  0  843 1691  245 50  4 46
 0 0 0 8397392 5655492 84 1356 0 0 0  0  0  0  0  0  0  708 1346  216 50  3 47
 0 0 0 8397688 5655620 46 824 0 0  0  0  0  0  0  0  0  639 1014  198 50  1 49
 0 0 0 8397684 5655644 146 2192 0 0 0 0  0  0  0  0  0  846 1679  250 50  4 46
 0 0 0 8397428 5655528 130 2183 0 0 0 0  0  2  0  0  0 1021 1700  302 50  4 46
 0 0 0 8397392 5655492 129 2182 0 0 0 0  0  0  0  0  0  842 1676  250 50  4 46
 0 0 0 8397584 5655548 134 2194 0 0 0 0  0  0  0  0  0  838 1694  250 50  4 46
 0 0 0 8397172 5655264 129 2186 0 0 0 0  0  0  0  0  0  857 1766  295 50  4 46
 0 0 0 8397128 5655228 129 2184 0 0 0 0  0  0  0  0  0  836 1689  253 50  4 46
 0 0 0 8397384 5655660 147 2192 0 0 0 0  0  0  0  0  0 1164 1696  251 50  4 46
 kthr      memory            page            disk          faults      cpu
 r b w   swap  free  re  mf pi po fr de sr s0 s1 s2 --   in   sy   cs us sy id
 0 0 0 8397428 5655360 12 99 0  0  0  0  0  2  0  0  0  677  749  234 50  1 49
 0 0 0 8397276 5655208 117 2085 0 0 0 0  0  0  0  0  0  874 1610  268 50  4 46
 0 0 0 8397452 5655384 134 2187 0 0 0 0  0  0  0  0  0  863 1691  256 50  4 46
 0 0 0 8397368 5655348 129 2184 0 0 0 0  0  0  0  0  0  864 1672  254 50  4 46
 0 0 0 8397428 5655360 129 2186 0 0 0 0  0  0  0  0  0  841 1682  248 50  4 46
 0 0 0 8397380 5655512 147 2193 0 0 0 0  0  0  0  0  0  841 1686  243 50  4 46
 0 0 0 8397128 5655224 129 2183 0 0 0 0  0  3  0  0  0 1032 1687  310 50  4 46
 0 0 0 8397428 5655360 129 2188 0 0 0 0  0  0  0  0  0  850 1679  248 50  4 46
 0 0 0 8397172 5655340 36 432 0 0  0  0  0  0  0  0  0  567  919  187 50  2 49
 0 0 0 8397424 5655356 98 1752 0 0 0  0  0  0  0  0  0  785 1432  234 50  2 47
 0 0 0 8397128 5655228 129 2186 0 0 0 0  0  0  0  0  0  856 1688  252 50  4 46
 0 0 0 8397428 5655428 147 2192 0 0 0 0  0  0  0  0  0  838 1683  240 50  4 46
 0 0 0 8397172 5655264 129 2186 0 0 0 0  0  4  0  0  0 1092 1691  328 50  4 46
 0 0 0 8397008 5655108 129 2183 0 0 0 0  0  0  0  0  0  879 1682  264 50  4 46
 0 0 0 8397424 5655408 135 2188 0 0 0 0  0  0  0  0  0  856 1684  248 50  4 46
 0 0 0 8397168 5655264 129 2183 0 0 0 0  0  0  0  0  0  842 1677  243 50  4 46
 0 0 0 8397112 5655212 77 1194 0 0 0  0  0  0  0  0  0  671 1259  202 50  2 48
 0 0 0 8397360 5655304 60 1007 0 0 0  0  0  0  0  0  0  645 1097  203 50  2 48
 0 0 0 8397120 5655104 130 2182 0 0 0 0  0  2  0  0  0  987 1687  306 50  4 46
 kthr      memory            page            disk          faults      cpu
 r b w   swap  free  re  mf pi po fr de sr s0 s1 s2 --   in   sy   cs us sy id
 0 0 0 8397184 5655120 129 2188 0 0 0 0  0  0  0  0  0  857 1684  246 50  4 46
 0 0 0 8397092 5655084 134 2184 0 0 0 0  0  0  0  0  0  829 1690  241 50  4 46
 0 0 0 8396884 5654988 129 2184 0 0 0 0  0  0  0  0  0  848 1766  293 50  4 46
 0 0 0 8397180 5655116 129 2185 0 0 0 0  0  0  0  0  0  840 1682  246 50  4 46
 0 0 0 8396928 5655296 147 2191 0 0 0 0  0  0  0  0  0 1160 1679  247 50  4 46
 0 0 0 8396884 5654992 77 1198 0 0 0  0  0  2  0  0  0  844 1301  258 50  3 47
 0 0 0 8397008 5654940 52 989 0 0  0  0  0  0  0  0  0  686 1067  223 50  1 49
 0 0 0 8397148 5655124 132 2185 0 0 0 0  0  0  0  0  0  856 1685  253 50  4 46
 0 0 0 8396896 5654988 132 2183 0 0 0 0  0  0  0  0  0  853 1672  254 50  4 46
 0 0 0 8396816 5654916 129 2193 0 0 0 0  0  0  0  0  0  845 1694  244 50  4 46
 0 0 0 8396956 5655032 148 2194 0 0 0 0  0  0  0  0  0  851 1680  245 50  4 46
 0 0 0 8396668 5654764 129 2182 0 0 0 0  0  3  0  0  0 1001 1687  306 50  4 46
 0 0 0 8396632 5654732 129 2184 0 0 0 0  0  0  0  0  0  838 1679  244 50  4 46
 0 0 0 8396736 5654892 134 2182 0 0 0 0  0  0  0  0  0  847 1684  249 50  4 46
 0 0 0 8396924 5654856 12 99 0  0  0  0  0  0  0  0  0  511  710  175 50  0 50
 0 0 0 8396924 5654856 117 2085 0 0 0 0  0  0  0  0  0  844 1642  248 50  4 46
 0 0 0 8396844 5654844 148 2190 0 0 0 0  0  0  0  0  0  851 1673  248 50  4 46
 0 0 0 8396628 5654728 129 2183 0 0 0 0  0  2  0  0  0  984 1685  304 50  4 46
 0 0 0 8396724 5654660 129 2187 0 0 0 0  0  0  0  0  0  867 1690  260 50  4 46
 kthr      memory            page            disk          faults      cpu
 r b w   swap  free  re  mf pi po fr de sr s0 s1 s2 --   in   sy   cs us sy id
 0 0 0 8396516 5654656 134 2182 0 0 0 0  0  0  0  0  0  861 1686  251 50  4 46
 0 0 0 8396532 5654640 129 2184 0 0 0 0  0  0  0  0  0  853 1680  259 50  4 46
 0 0 0 8396832 5654768 129 2184 0 0 0 0  0  0  0  0  0  838 1696  240 50  4 46
 0 0 0 8396572 5655012 17 100 0 0  0  0  0  0  0  0  0  493  757  167 50  1 49
 0 0 0 8396800 5654732 130 2090 0 0 0 0  0  3  0  0  0 1043 1595  317 50  3 47
 0 0 0 8396488 5654588 129 2184 0 0 0 0  0  0  0  0  0  849 1677  253 50  4 46
 0 0 0 8396784 5654716 135 2185 0 0 0 0  0  0  0  0  0  846 1684  252 50  4 46
 0 0 0 8396524 5654524 129 2181 0 0 0 0  0  0  0  0  0  854 1767  298 50  4 46
 0 0 0 8588584 5846176 129 2184 0 0 0 0  0  0  0  0  0  779 1692  255 27  4 68
 0 0 0 8587336 5845964 167 2938 0 0 0 0  0  0  0  0  0 1002 4031  261 28  4 68
 0 0 0 8621400 5879092 136 2264 0 0 0 0  0 12  0  0  0  936 1815  315 27  4 69
 0 0 0 8629260 5886984 82 1192 0 0 0  0  0  0  0  0  0  668 1221  236 25  2 73
 0 0 0 8629552 5887208 53 990 0 0  0  0  0  0  0  0  0  630 1129  216 25  2 73
 0 0 0 8629512 5887220 129 2183 0 0 0 0  0  0  0  0  0  764 1672  262 25  4 71
 0 0 0 8629556 5887332 129 2184 0 0 0 0  0  0  0  0  0  754 1683  258 25  4 71
 0 0 0 8629588 5887488 147 2189 0 0 0 0  0  0  0  0  0  742 1672  254 25  4 71
 0 0 0 8629484 5887348 129 2185 0 0 0 0  0  2  0  0  0  872 1689  309 25  4 71
 0 0 0 8629432 5887240 129 2179 0 0 0 0  0  0  0  0  0  738 1674  255 25  4 71
 0 0 0 8629344 5887288 134 2184 0 0 0 0  0  0  0  0  0  768 1684  259 25  4 71
 kthr      memory            page            disk          faults      cpu
 r b w   swap  free  re  mf pi po fr de sr s0 s1 s2 --   in   sy   cs us sy id
 0 0 0 8629132 5887104 108 1799 0 0 0 0  0  0  0  0  0  701 1520  239 25  4 71
 0 0 0 8629428 5887236 21 384 0 0  0  0  0  0  0  0  0  563  827  184 25  1 74
 0 0 0 8629432 5887240 147 2192 0 0 0 0  0  0  0  0  0  755 1684  257 25  4 71
 0 0 0 8629176 5887144 129 2183 0 0 0 0  0  4  0  0  0  902 1686  330 25  4 71
 0 0 0 8629000 5886976 129 2180 0 0 0 0  0 16  0  0  0  777 1675  273 25  4 71
 0 0 0 8629408 5887260 134 2185 0 0 0 0  0  0  0  0  0  777 1687  258 25  4 71
 0 0 0 8629156 5887124 129 2182 0 0 0 0  0  0  0  0  0  742 1673  252 25  4 71
 0 0 0 8629112 5887092 136 2187 0 0 0 0  0  0  0  0  0  757 1687  252 25  4 71
 0 0 0 8629408 5887288 134 2183 0 0 0 0  0  0  0  0  0  742 1674  250 25  4 71
 0 0 0 8629152 5887120 12 99 0  0  0  0  0  2  0  0  0  609  784  223 25  1 74
 0 0 0 8629412 5887220 117 2084 0 0 0 0  0  0  0  0  0  753 1565  251 25  3 72
 0 0 0 8629112 5887092 134 2184 0 0 0 0  0  0  0  0  0  753 1683  251 25  4 71
 0 0 0 8629408 5887216 129 2185 0 0 0 0  0  0  0  0  0  760 1762  303 25  4 71
 0 0 0 8629152 5887184 129 2181 0 0 0 0  0  0  0  0  0  746 1681  257 25  4 71
 0 0 0 8629116 5887236 147 2191 0 0 0 0  0  0  0  0  0  912 1674  253 25  4 71
 0 0 0 8629412 5887220 129 2182 0 0 0 0  0  2  0  0  0  860 1686  302 25  4 71
 0 0 0 8629068 5887040 129 2181 0 0 0 0  0  0  0  0  0  775 1683  274 25  4 71
 0 0 0 8629112 5887172 82 1195 0 0 0  0  0  0  0  0  0  632 1269  211 25  3 72
 0 0 0 8629412 5887220 53 989 0 0  0  0  0  0  0  0  0  613 1078  213 25  1 74
 kthr      memory            page            disk          faults      cpu
 r b w   swap  free  re  mf pi po fr de sr s0 s1 s2 --   in   sy   cs us sy id
 0 0 0 8629412 5887280 129 2182 0 0 0 0  0  0  0  0  0  752 1681  248 25  4 71
 0 0 0 8629152 5887176 147 2190 0 0 0 0  0  0  0  0  0  743 1675  248 25  4 71
 0 0 0 8629112 5887088 129 2182 0 0 0 0  0  2  0  0  0  864 1685  309 25  4 71
 0 0 0 8629412 5887220 129 2184 0 0 0 0  0  0  0  0  0  746 1675  251 25  4 71
 0 0 0 8629152 5887160 135 2185 0 0 0 0  0  0  0  0  0  755 1685  251 25  4 71
 0 0 0 8629096 5887072 129 2181 0 0 0 0  0  0  0  0  0  736 1669  258 25  4 71
 0 0 0 8629392 5887200 144 2191 0 0 0 0  0  0  0  0  0  756 1688  253 25  4 71
 0 0 0 8629396 5887264 13 99 0  0  0  0  0  0  0  0  0  513  733  168 25  1 74
 0 0 0 8629396 5887204 119 2085 0 0 0 0  0  2  0  0  0  847 1625  304 25  3 71
 0 0 0 8629264 5887128 129 2181 0 0 0 0  0  0  0  0  0  772 1680  268 25  4 71
 0 0 0 8629356 5887224 134 2184 0 0 0 0  0  0  0  0  0  753 1683  258 25  4 71
 0 0 0 8629396 5887204 129 2180 0 0 0 0  0  0  0  0  0  740 1670  257 25  4 71
 0 0 0 8629316 5887244 129 2183 0 0 0 0  0  0  0  0  0  762 1691  248 25  4 71
 0 0 0 8629324 5887400 147 2190 0 0 0 0  0  0  0  0  0  748 1671  250 25  4 71
 0 0 0 8629392 5887200 129 2183 0 0 0 0  0  2  0  0  0  923 1686  304 25  4 71
 0 0 0 8629336 5887192 56 915 0 0  0  0  0  0  0  0  0  638 1105  210 25  2 73
 0 0 0 8629396 5887204 78 1267 0 0 0  0  0  0  0  0  0  652 1245  222 25  2 73
 0 0 0 8629096 5887068 129 2183 0 0 0 0  0  0  0  0  0  748 1762  304 25  4 71
 0 0 0 8629392 5887264 129 2183 0 0 0 0  0  0  0  0  0  759 1684  258 25  4 71
 kthr      memory            page            disk          faults      cpu
 r b w   swap  free  re  mf pi po fr de sr s0 s1 s2 --   in   sy   cs us sy id
 0 0 0 8629140 5887236 147 2191 0 0 0 0  0  0  0  0  0  904 1674  254 25  4 71
 0 0 0 8629096 5887076 129 2183 0 0 0 0  0  2  0  0  0  854 1688  311 25  4 71
 0 0 0 8629308 5887124 129 2185 0 0 0 0  0  0  0  0  0  777 1680  273 25  4 71
 0 0 0 8629136 5887168 134 2180 0 0 0 0  0  0  0  0  0  731 1681  250 25  4 71
 0 0 0 8629096 5887076 77 1194 0 0 0  0  0  0  0  0  0  634 1272  213 25  3 72
 0 0 0 8629396 5887268 52 988 0 0  0  0  0  0  0  0  0  622 1078  210 25  1 74
 0 0 0 8629392 5887200 148 2192 0 0 0 0  0  0  0  0  0  735 1677  253 25  4 71
 0 0 0 8629136 5887104 129 2180 0 0 0 0  0  2  0  0  0  859 1683  306 25  4 71
 0 0 0 8629096 5887084 129 2185 0 0 0 0  0  0  0  0  0  740 1674  253 25  4 71
 0 0 0 8629396 5887244 134 2183 0 0 0 0  0  0  0  0  0  748 1684  257 25  4 71
 0 0 0 8629136 5887108 129 2185 0 0 0 0  0  0  0  0  0  763 1677  256 25  4 71
 0 0 0 8629096 5887072 137 2187 0 0 0 0  0  0  0  0  0  754 1684  258 25  4 71
 0 0 0 8629396 5887236 131 2183 0 0 0 0  0  0  0  0  0  754 1671  251 25  4 71
 0 0 0 8629140 5887108 12 99 0  0  0  0  0  2  0  0  0  622  773  220 25  1 74
 0 0 0 8629304 5887124 117 2086 0 0 0 0  0  0  0  0  0  764 1592  266 25  3 72
 0 0 0 8629096 5887072 134 2182 0 0 0 0  0  0  0  0  0  766 1684  255 25  4 71
 0 0 0 8629396 5887204 129 2183 0 0 0 0  0  0  0  0  0  755 1675  256 25  4 71
 0 0 0 8629140 5887176 129 2184 0 0 0 0  0  0  0  0  0  748 1686  256 25  4 71
 0 0 0 8629096 5887216 147 2190 0 0 0 0  0  0  0  0  0  748 1668  247 25  4 71
 kthr      memory            page            disk          faults      cpu
 r b w   swap  free  re  mf pi po fr de sr s0 s1 s2 --   in   sy   cs us sy id
 0 0 0 8629408 5887220 129 2184 0 0 0 0  0  2  0  0  0  850 1687  305 25  4 71
 0 0 0 8629364 5887172 131 2180 0 0 0 0  0  0  0  0  0  738 1672  250 25  4 71
 0 0 0 9462596 6400556 80 1194 0 0 0  0  0  0  0  0  0  537 1250  219  7  5 89
 0 0 0 9669988 6528012 64 1389 0 0 0  0  0  0  0  0  0  514 2382  269  1  2 97
 0 0 0 9695140 6553100 149 2466 0 0 0 0  0  0  0  0  0  595 1909  269  2  4 94
 0 0 0 9711480 6571084 147 2192 0 0 0 0  0  0  0  0  0  591 1692  269  0  4 96
 0 0 0 9711200 6570908 129 2257 0 0 0 0  0  2  0  0  0  622 1724  320  0  4 96
 0 0 0 9711356 6571008 129 2187 0 0 0 0  0  0  0  0  0  597 1683  275  0  4 96
 0 0 0 9711504 6571780 134 2186 0 0 0 0  0  0  0  0  0  580 1681  252  0  4 96
 0 0 0 9711272 6571636 129 2185 0 0 0 0  0  0  0  0  0  571 1669  260  0  4 96
 0 0 0 9711472 6571684 146 2196 0 0 0 0  0  0  0  0  0  575 1685  253  0  4 96
 0 0 0 9711212 6571604 12 99 0  0  0  0  0  0  0  0  0  437  733  167  0  1 99
 0 0 0 9711468 6571680 117 2091 0 0 0 0  0  3  0  0  0  623 1618  314  0  3 96
 0 0 0 9711172 6571560 129 2188 0 0 0 0  0  0  0  0  0  585 1676  257  0  4 96
 0 0 0 9711500 6571732 134 2187 0 0 0 0  0  0  0  0  0  582 1681  254  0  4 96
 0 0 0 9711248 6571620 129 2193 0 0 0 0  0  0  0  0  0  593 1677  259  0  4 96
 0 0 0 9711208 6571656 129 2192 0 0 0 0  0  0  0  0  0  568 1685  257  0  4 96
 0 0 0 9711508 6571940 147 2198 0 0 0 0  0  0  0  0  0  573 1672  253  0  4 96
 0 0 0 9711508 6571720 129 2191 0 0 0 0  0  2  0  0  0  679 1688  305  0  4 96
 kthr      memory            page            disk          faults      cpu
 r b w   swap  free  re  mf pi po fr de sr s0 s1 s2 --   in   sy   cs us sy id
 0 0 0 9711140 6571520 79 1196 0 0 0  0  0  0  0  0  0  527 1244  235  0  2 98
 0 0 0 9711504 6571716 52 994 0 0  0  0  0  0  0  0  0  516 1107  210  0  2 98
 0 0 0 9711508 6571720 129 2191 0 0 0 0  0  0  0  0  0  581 1671  262  0  4 96
 0 0 0 9711252 6571692 129 2189 0 0 0 0  0  0  0  0  0  585 1684  257  0  4 96
 0 0 0 9711208 6571660 147 2203 0 0 0 0  0  0  0  0  0  573 1680  252  0  4 96
 0 0 0 9711504 6571716 129 2197 0 0 0 0  0  2  0  0  0  608 1693  309  0  4 96
 0 0 0 9711252 6571636 129 2193 0 0 0 0  0  0  0  0  0  584 1675  256  0  4 96
 0 0 0 9711208 6571652 134 2197 0 0 0 0  0  0  0  0  0  587 1682  255  0  4 96
 0 0 0 9711500 6571712 129 2195 0 0 0 0  0  0  0  0  0  573 1759  304  0  4 96
 0 0 0 9711244 6571672 16 100 0 0  0  0  0  0  0  0  0  435  749  171  0  1 99
 0 0 0 9711504 6571716 130 2103 0 0 0 0  0  0  0  0  0  555 1594  252  0  3 97
 0 0 0 9711208 6571584 129 2195 0 0 0 0  0  2  0  0  0  610 1691  308  0  4 96
 0 0 0 9711380 6571604 129 2197 0 0 0 0  0  0  0  0  0  582 1681  275  0  4 96
 0 0 0 9711188 6571580 134 2194 0 0 0 0  0  0  0  0  0  585 1682  260  0  4 96
 0 0 0 9711208 6571584 129 2199 0 0 0 0  0  0  0  0  0  570 1672  255  0  4 96
 0 0 0 9711504 6571788 129 2196 0 0 0 0  0  0  0  0  0  584 1683  257  0  4 96
 0 0 0 9711244 6571888 147 2202 0 0 0 0  0  0  0  0  0  569 1670  251  0  4 96
 0 0 0 9711204 6571580 77 1200 0 0 0  0  0  2  0  0  0  583 1259  267  0  3 97
 0 0 0 9711504 6571728 52 996 0 0  0  0  0  0  0  0  0  511 1087  213  0  1 98
 kthr      memory            page            disk          faults      cpu
 r b w   swap  free  re  mf pi po fr de sr s0 s1 s2 --   in   sy   cs us sy id
 0 0 0 9711504 6571716 134 2196 0 0 0 0  0  0  0  0  0  584 1682  257  0  4 96
 0 0 0 9711244 6571616 129 2198 0 0 0 0  0  0  0  0  0  585 1672  261  0  4 96
 0 0 0 9711204 6571652 129 2195 0 0 0 0  0  0  0  0  0  586 1684  263  0  4 96
 0 0 0 9711504 6571860 147 2203 0 0 0 0  0  0  0  0  0  565 1672  255  0  4 96
 0 0 0 9711248 6571620 129 2197 0 0 0 0  0  2  0  0  0  605 1687  307  0  4 96
 0 0 0 9711132 6571508 129 2194 0 0 0 0  0  0  0  0  0  592 1675  278  0  4 96
 0 0 0 9711500 6571716 129 2195 0 0 0 0  0  0  0  0  0  577 1683  259  0  4 96
 0 0 0 9711248 6571620 12 99 0  0  0  0  0  0  0  0  0  460  742  179  0  1 99
 0 0 0 9711504 6571788 117 2096 0 0 0 0  0  0  0  0  0  566 1600  257  0  3 97
 0 0 0 9711204 6571580 147 2204 0 0 0 0  0  0  0  0  0  575 1671  257  0  4 96
 0 0 0 9711500 6571712 128 2193 0 0 0 0  0  2  0  0  0  625 1685  314  0  4 96
 0 0 0 9711248 6571640 129 2198 0 0 0 0  0  0  0  0  0  576 1675  259  0  4 96
 0 0 0 9711208 6571628 134 2193 0 0 0 0  0  0  0  0  0  566 1680  258  0  4 96
 0 0 0 9711500 6571712 128 2196 0 0 0 0  0  0  0  0  0  585 1762  302  0  4 96
 0 0 0 9711244 6571616 141 2202 0 0 0 0  0  0  0  0  0  571 1683  252  0  4 96
 0 0 0 9711208 6571592 77 1200 0 0 0  0  0  0  0  0  0  523 1256  213  0  2 97
 0 0 0 9711488 6571700 52 995 0 0  0  0  0  2  0  0  0  555 1091  261  0  1 98
 0 0 0 9711336 6571568 129 2194 0 0 0 0  0  0  0  0  0  593 1677  270  0  4 96
 0 0 0 9711084 6571456 134 2198 0 0 0 0  0  0  0  0  0  579 1683  261  0  4 96
 kthr      memory            page            disk          faults      cpu
 r b w   swap  free  re  mf pi po fr de sr s0 s1 s2 --   in   sy   cs us sy id
 0 0 0 9711104 6571480 129 2197 0 0 0 0  0  0  0  0  0  571 1672  261  0  4 96
 0 0 0 9711400 6571684 129 2194 0 0 0 0  0  0  0  0  0  582 1684  255  0  4 96
 0 0 0 9711104 6571676 147 2201 0 0 0 0  0  0  0  0  0  572 1670  256  0  4 96
 0 0 0 9711064 6571440 128 2193 0 0 0 0  0  3  0  0  0  625 1686  325  0  4 96
 0 0 0 9711364 6571576 134 2197 0 0 0 0  0  0  0  0  0  570 1672  256  0  4 96
 0 0 0 9711108 6571480 12 100 0 0  0  0  0  0  0  0  0  450  757  175  0  1 99
 0 0 0 9711360 6571572 117 2095 0 0 0 0  0  0  0  0  0  580 1586  264  0  3 97
 0 0 0 9711064 6571516 129 2194 0 0 0 0  0  0  0  0  0  594 1686  260  0  4 96
 0 0 0 9711348 6571632 147 2199 0 0 0 0  0  0  0  0  0  587 1680  264  0  4 96
 0 0 0 9711088 6571460 129 2194 0 0 0 0  0  2  0  0  0  596 1687  306  0  4 96
 0 0 0 9710900 6571300 129 2194 0 0 0 0  0  0  0  0  0  578 1681  279  0  4 96
 0 0 0 9711300 6571576 134 2195 0 0 0 0  0  0  0  0  0  553 1687  254  0  4 96
 0 0 0 9711048 6571420 129 2190 0 0 0 0  0  0  0  0  0  582 1667  258  0  4 96
 0 0 0 9711008 6571440 95 1206 0 0 0  0  0  0  0  0  0  506 1278  214  0  3 97
 0 0 0 9711300 6571512 52 995 0 0  0  0  0  0  0  0  0  504 1065  210  0  1 99
 0 0 0 9711300 6571512 129 2194 0 0 0 0  0  2  0  0  0  618 1686  304  0  4 96
 0 0 0 9711048 6571440 129 2190 0 0 0 0  0  0  0  0  0  579 1667  254  0  4 96
 0 0 0 9711008 6571404 134 2195 0 0 0 0  0  0  0  0  0  583 1684  254  0  4 96
 0 0 0 9711300 6571512 129 2192 0 0 0 0  0  0  0  0  0  576 1760  306  0  4 96
 kthr      memory            page            disk          faults      cpu
 r b w   swap  free  re  mf pi po fr de sr s0 s1 s2 --   in   sy   cs us sy id
 0 0 0 9711044 6571428 139 2196 0 0 0 0  0  0  0  0  0  588 1686  256  0  4 96
 0 0 0 9711008 6571424 132 2190 0 0 0 0  0  0  0  0  0  562 1671  253  0  4 96
 0 0 0 9711288 6571500 129 2189 0 0 0 0  0  2  0  0  0  680 1684  306  0  4 96
 0 0 0 9710908 6571280 17 99 0  0  0  0  0  0  0  0  0  458  765  194  0  1 99
 0 0 0 9711228 6571440 117 2090 0 0 0 0  0  0  0  0  0  583 1585  255  0  3 97
 0 0 0 9710936 6571312 129 2190 0 0 0 0  0  0  0  0  0  587 1670  262  0  4 96
 0 0 0 9711232 6571576 129 2184 0 0 0 0  0  0  0  0  0  578 1681  255  0  4 96
 0 0 0 9710972 6571472 147 2193 0 0 0 0  0  0  0  0  0  578 1668  256  0  4 96
 0 0 0 9710932 6571312 129 2189 0 0 0 0  0  3  0  0  0  640 1688  320  0  4 96
 0 0 0 9711232 6571464 129 2185 0 0 0 0  0  1  0  0  0  572 1678  254  0  4 96
 0 0 0 9710976 6571412 134 2185 0 0 0 0  0  0  0  0  0  582 1682  256  0  4 96
 0 0 0 9710928 6571308 77 1195 0 0 0  0  0  0  0  0  0  525 1273  222  0  3 97
 0 0 0 9711228 6571576 52 990 0 0  0  0  0  0  0  0  0  513 1070  213  0  1 99
 0 0 0 9711232 6571444 147 2194 0 0 0 0  0  0  0  0  0  577 1674  255  0  4 96
 0 0 0 9710976 6571348 129 2187 0 0 0 0  0  2  0  0  0  617 1693  309  0  4 96
 0 0 0 9710808 6571212 129 2186 0 0 0 0  0  0  0  0  0  584 1677  270  0  4 96
 0 0 0 9711228 6571484 134 2186 0 0 0 0  0  0  0  0  0  587 1684  267  0  4 96
 0 0 0 9710976 6571348 129 2184 0 0 0 0  0  0  0  0  0  580 1668  257  0  4 96
 0 0 0 9710932 6571312 145 2194 0 0 0 0  0  0  0  0  0  572 1686  258  0  4 96
 kthr      memory            page            disk          faults      cpu
 r b w   swap  free  re  mf pi po fr de sr s0 s1 s2 --   in   sy   cs us sy id
 0 0 0 9711228 6571440 129 2187 0 0 0 0  0  0  0  0  0  577 1672  256  0  4 96
 0 0 0 9710972 6571344 12 99 0  0  0  0  0  2  0  0  0  500  784  228  0  1 99
 0 0 0 9711232 6571468 117 2087 0 0 0 0  0  0  0  0  0  577 1565  251  0  3 97
 0 0 0 9710932 6571312 134 2186 0 0 0 0  0  0  0  0  0  587 1682  261  0  4 96
 0 0 0 9711228 6571440 129 2187 0 0 0 0  0  0  0  0  0  570 1764  307  0  4 96
 0 0 0 9710972 6571480 129 2185 0 0 0 0  0  0  0  0  0  575 1682  258  0  4 96
 0 0 0 9710932 6571460 147 2193 0 0 0 0  0  0  0  0  0  574 1671  255  0  4 96
 0 0 0 9711232 6571444 129 2186 0 0 0 0  0  2  0  0  0  623 1688  307  0  4 96
 0 0 0 9710904 6571276 130 2186 0 0 0 0  0  0  0  0  0  593 1681  276  0  4 96
 0 0 0 9710928 6571308 77 1195 0 0 0  0  0  0  0  0  0  521 1284  213  0  3 97
 0 0 0 9711232 6571444 52 992 0 0  0  0  0  0  0  0  0  517 1063  214  0  1 99
 0 0 0 9711232 6571580 129 2183 0 0 0 0  0  0  0  0  0  587 1682  257  0  4 96
 0 0 0 9710972 6571396 147 2195 0 0 0 0  0  0  0  0  0  574 1671  255  0  4 96
 0 0 0 9710928 6571308 129 2185 0 0 0 0  0  2  0  0  0  627 1686  311  0  4 96
 0 0 0 9711232 6571472 129 2186 0 0 0 0  0  0  0  0  0  576 1670  257  0  4 96
 0 0 0 9710976 6571388 134 2185 0 0 0 0  0  0  0  0  0  554 1681  258  0  4 96
 0 0 0 9710928 6571308 129 2187 0 0 0 0  0  0  0  0  0  577 1676  258  0  4 96
 0 0 0 9711228 6571504 147 2194 0 0 0 0  0  0  0  0  0  569 1685  259  0  4 96
 0 0 0 9710936 6571308 12 99 0  0  0  0  0  0  0  0  0  437  770  169  0  1 99
 kthr      memory            page            disk          faults      cpu
 r b w   swap  free  re  mf pi po fr de sr s0 s1 s2 --   in   sy   cs us sy id
 0 0 0 9711192 6571404 116 2083 0 0 0 0  0  3  0  0  0  621 1581  314  0  3 97
 0 0 0 9710824 6571236 129 2189 0 0 0 0  0  1  0  0  0  574 1680  273  0  4 96
 0 0 0 9711188 6571420 134 2185 0 0 0 0  0  0  0  0  0  580 1681  261  0  4 96
 0 0 0 9710936 6571308 129 2187 0 0 0 0  0  0  0  0  0  584 1672  259  0  4 96
 0 0 0 9710892 6571280 136 2189 0 0 0 0  0  0  0  0  0  571 1681  254  0  4 96
 0 0 0 9711188 6571420 130 2186 0 0 0 0  0  0  0  0  0  573 1670  255  0  4 96
 0 0 0 9710932 6571304 129 2188 0 0 0 0  0  2  0  0  0  620 1694  312  0  4 96
 0 0 0 9710892 6571284 95 1391 0 0 0  0  0  0  0  0  0  540 1363  224  0  3 97
 0 0 0 9711192 6571404 39 795 0 0  0  0  0  0  0  0  0  486  984  203  0  1 99
 0 0 0 9711188 6571400 129 2185 0 0 0 0  0  0  0  0  0  566 1762  304  0  4 96
