
SunOS canfire03 5.11 onnv-gate i86pc    05/10/2009

00:23:43  pgout/s ppgout/s pgfree/s pgscan/s %ufs_ipf
00:23:48     0.00     0.00     0.00     0.00     0.00
00:23:53     0.00     0.00     0.00     0.00     0.00
00:23:58     0.00     0.00     0.00     0.00     0.00
00:24:03     0.00     0.00     0.00     0.00     0.00
00:24:08     0.00     0.00     0.00     0.00     0.00
00:24:13     0.00     0.00     0.00     0.00     0.00
00:24:18     0.00     0.00     0.00     0.00     0.00
00:24:23     0.00     0.00     0.00     0.00     0.00
00:24:28     0.00     0.00     0.00     0.00     0.00
00:24:33     0.00     0.00     0.00     0.00     0.00
00:24:38     0.00     0.00     0.00     0.00     0.00
00:24:43     0.00     0.00     0.00     0.00     0.00
00:24:48     0.00     0.00     0.00     0.00     0.00
00:24:53     0.00     0.00     0.00     0.00     0.00
00:24:58     0.00     0.00     0.00     0.00     0.00
00:25:03     0.00     0.00     0.00     0.00     0.00
00:25:08     0.00     0.00     0.00     0.00     0.00
00:25:13     0.00     0.00     0.00     0.00     0.00
00:25:18     0.00     0.00     0.00     0.00     0.00
00:25:23     0.00     0.00     0.00     0.00     0.00
00:25:28     0.00     0.00     0.00     0.00     0.00
00:25:33     0.00     0.00     0.00     0.00     0.00
00:25:38     0.00     0.00     0.00     0.00     0.00
00:25:43     0.00     0.00     0.00     0.00     0.00
00:25:48     0.00     0.00     0.00     0.00     0.00
00:25:53     0.00     0.00     0.00     0.00     0.00
00:25:58     0.00     0.00     0.00     0.00     0.00
00:26:03     0.00     0.00     0.00     0.00     0.00
00:26:08     0.00     0.00     0.00     0.00     0.00
00:26:13     0.00     0.00     0.00     0.00     0.00
00:26:18     0.00     0.00     0.00     0.00     0.00
00:26:23     0.00     0.00     0.00     0.00     0.00
00:26:28     0.00     0.00     0.00     0.00     0.00
00:26:33     0.00     0.00     0.00     0.00     0.00
00:26:38     0.00     0.00     0.00     0.00     0.00
00:26:43     0.00     0.00     0.00     0.00     0.00
00:26:48     0.00     0.00     0.00     0.00     0.00
00:26:53     0.00     0.00     0.00     0.00     0.00
00:26:58     0.00     0.00     0.00     0.00     0.00
00:27:03     0.00     0.00     0.00     0.00     0.00
00:27:08     0.00     0.00     0.00     0.00     0.00
00:27:13     0.00     0.00     0.00     0.00     0.00
00:27:18     0.00     0.00     0.00     0.00     0.00
00:27:23     0.00     0.00     0.00     0.00     0.00
00:27:28     0.00     0.00     0.00     0.00     0.00
00:27:33     0.00     0.00     0.00     0.00     0.00
00:27:38     0.00     0.00     0.00     0.00     0.00
00:27:43     0.00     0.00     0.00     0.00     0.00
00:27:48     0.00     0.00     0.00     0.00     0.00
00:27:53     0.00     0.00     0.00     0.00     0.00
00:27:58     0.00     0.00     0.00     0.00     0.00
00:28:03     0.00     0.00     0.00     0.00     0.00
00:28:08     0.00     0.00     0.00     0.00     0.00
00:28:13     0.00     0.00     0.00     0.00     0.00
00:28:18     0.00     0.00     0.00     0.00     0.00
00:28:23     0.00     0.00     0.00     0.00     0.00
00:28:28     0.00     0.00     0.00     0.00     0.00
00:28:33     0.00     0.00     0.00     0.00     0.00
00:28:38     0.00     0.00     0.00     0.00     0.00
00:28:43     0.00     0.00     0.00     0.00     0.00
00:28:48     0.00     0.00     0.00     0.00     0.00
00:28:53     0.00     0.00     0.00     0.00     0.00
00:28:58     0.00     0.00     0.00     0.00     0.00
00:29:03     0.00     0.00     0.00     0.00     0.00
00:29:08     0.00     0.00     0.00     0.00     0.00
00:29:13     0.00     0.00     0.00     0.00     0.00
00:29:18     0.00     0.00     0.00     0.00     0.00
00:29:23     0.00     0.00     0.00     0.00     0.00
00:29:28     0.00     0.00     0.00     0.00     0.00
00:29:33     0.00     0.00     0.00     0.00     0.00
00:29:38     0.00     0.00     0.00     0.00     0.00
00:29:43     0.00     0.00     0.00     0.00     0.00
00:29:48     0.00     0.00     0.00     0.00     0.00
00:29:53     0.00     0.00     0.00     0.00     0.00
00:29:58     0.00     0.00     0.00     0.00     0.00
00:30:03     0.00     0.00     0.00     0.00     0.00
00:30:08     0.00     0.00     0.00     0.00     0.00
00:30:13     0.00     0.00     0.00     0.00     0.00
00:30:18     0.00     0.00     0.00     0.00     0.00
00:30:23     0.00     0.00     0.00     0.00     0.00
00:30:28     0.00     0.00     0.00     0.00     0.00
00:30:33     0.00     0.00     0.00     0.00     0.00
00:30:38     0.00     0.00     0.00     0.00     0.00
00:30:43     0.00     0.00     0.00     0.00     0.00
00:30:48     0.00     0.00     0.00     0.00     0.00
00:30:53     0.00     0.00     0.00     0.00     0.00
00:30:58     0.00     0.00     0.00     0.00     0.00
00:31:03     0.00     0.00     0.00     0.00     0.00
00:31:08     0.00     0.00     0.00     0.00     0.00
00:31:13     0.00     0.00     0.00     0.00     0.00
00:31:19     0.00     0.00     0.00     0.00     0.00
00:31:24     0.00     0.00     0.00     0.00     0.00
00:31:29     0.00     0.00     0.00     0.00     0.00
00:31:34     0.00     0.00     0.00     0.00     0.00
00:31:39     0.00     0.00     0.00     0.00     0.00
00:31:44     0.00     0.00     0.00     0.00     0.00
00:31:49     0.00     0.00     0.00     0.00     0.00
00:31:54     0.00     0.00     0.00     0.00     0.00
00:31:59     0.00     0.00     0.00     0.00     0.00
00:32:04     0.00     0.00     0.00     0.00     0.00
00:32:09     0.00     0.00     0.00     0.00     0.00
00:32:14     0.00     0.00     0.00     0.00     0.00
00:32:19     0.00     0.00     0.00     0.00     0.00
00:32:24     0.00     0.00     0.00     0.00     0.00
00:32:29     0.00     0.00     0.00     0.00     0.00
00:32:34     0.00     0.00     0.00     0.00     0.00
00:32:39     0.00     0.00     0.00     0.00     0.00
00:32:44     0.00     0.00     0.00     0.00     0.00
00:32:49     0.00     0.00     0.00     0.00     0.00
00:32:54     0.00     0.00     0.00     0.00     0.00
00:32:59     0.00     0.00     0.00     0.00     0.00
00:33:04     0.00     0.00     0.00     0.00     0.00
00:33:09     0.00     0.00     0.00     0.00     0.00
00:33:14     0.00     0.00     0.00     0.00     0.00
00:33:19     0.00     0.00     0.00     0.00     0.00
00:33:24     0.00     0.00     0.00     0.00     0.00
00:33:29     0.00     0.00     0.00     0.00     0.00
00:33:34     0.00     0.00     0.00     0.00     0.00
00:33:39     0.00     0.00     0.00     0.00     0.00
00:33:44     0.00     0.00     0.00     0.00     0.00
00:33:49     0.00     0.00     0.00     0.00     0.00
00:33:54     0.00     0.00     0.00     0.00     0.00
00:33:59     0.00     0.00     0.00     0.00     0.00
00:34:04     0.00     0.00     0.00     0.00     0.00
00:34:09     0.00     0.00     0.00     0.00     0.00
00:34:14     0.00     0.00     0.00     0.00     0.00
00:34:19     0.00     0.00     0.00     0.00     0.00
00:34:24     0.00     0.00     0.00     0.00     0.00
00:34:29     0.00     0.00     0.00     0.00     0.00
00:34:34     0.00     0.00     0.00     0.00     0.00
00:34:39     0.00     0.00     0.00     0.00     0.00
00:34:44     0.00     0.00     0.00     0.00     0.00
00:34:49     0.00     0.00     0.00     0.00     0.00
00:34:54     0.00     0.00     0.00     0.00     0.00
00:34:59     0.00     0.00     0.00     0.00     0.00
00:35:04     0.00     0.00     0.00     0.00     0.00
00:35:09     0.00     0.00     0.00     0.00     0.00
00:35:14     0.00     0.00     0.00     0.00     0.00
00:35:19     0.00     0.00     0.00     0.00     0.00
00:35:24     0.00     0.00     0.00     0.00     0.00
00:35:29     0.00     0.00     0.00     0.00     0.00
00:35:34     0.00     0.00     0.00     0.00     0.00
00:35:39     0.00     0.00     0.00     0.00     0.00
00:35:44     0.00     0.00     0.00     0.00     0.00
00:35:49     0.00     0.00     0.00     0.00     0.00
00:35:54     0.00     0.00     0.00     0.00     0.00
00:35:59     0.00     0.00     0.00     0.00     0.00
00:36:04     0.00     0.00     0.00     0.00     0.00
00:36:09     0.00     0.00     0.00     0.00     0.00
00:36:14     0.00     0.00     0.00     0.00     0.00
00:36:19     0.00     0.00     0.00     0.00     0.00
00:36:24     0.00     0.00     0.00     0.00     0.00
00:36:29     0.00     0.00     0.00     0.00     0.00
00:36:34     0.00     0.00     0.00     0.00     0.00
00:36:39     0.00     0.00     0.00     0.00     0.00
00:36:44     0.00     0.00     0.00     0.00     0.00
00:36:49     0.00     0.00     0.00     0.00     0.00
00:36:54     0.00     0.00     0.00     0.00     0.00
00:36:59     0.00     0.00     0.00     0.00     0.00
00:37:04     0.00     0.00     0.00     0.00     0.00
00:37:09     0.00     0.00     0.00     0.00     0.00
00:37:14     0.00     0.00     0.00     0.00     0.00
00:37:19     0.00     0.00     0.00     0.00     0.00
00:37:24     0.00     0.00     0.00     0.00     0.00
00:37:29     0.00     0.00     0.00     0.00     0.00
00:37:34     0.00     0.00     0.00     0.00     0.00
00:37:39     0.00     0.00     0.00     0.00     0.00
00:37:44     0.00     0.00     0.00     0.00     0.00
00:37:49     0.00     0.00     0.00     0.00     0.00
00:37:54     0.00     0.00     0.00     0.00     0.00
00:37:59     0.00     0.00     0.00     0.00     0.00
00:38:04     0.00     0.00     0.00     0.00     0.00
00:38:09     0.00     0.00     0.00     0.00     0.00
00:38:14     0.00     0.00     0.00     0.00     0.00
00:38:19     0.00     0.00     0.00     0.00     0.00
00:38:24     0.00     0.00     0.00     0.00     0.00
00:38:29     0.00     0.00     0.00     0.00     0.00
00:38:34     0.00     0.00     0.00     0.00     0.00
00:38:39     0.00     0.00     0.00     0.00     0.00
00:38:44     0.00     0.00     0.00     0.00     0.00
00:38:49     0.00     0.00     0.00     0.00     0.00
00:38:54     0.00     0.00     0.00     0.00     0.00
00:38:59     0.00     0.00     0.00     0.00     0.00
00:39:04     0.00     0.00     0.00     0.00     0.00
00:39:09     0.00     0.00     0.00     0.00     0.00
00:39:14     0.00     0.00     0.00     0.00     0.00
00:39:19     0.00     0.00     0.00     0.00     0.00
00:39:24     0.00     0.00     0.00     0.00     0.00
00:39:29     0.00     0.00     0.00     0.00     0.00
00:39:34     0.00     0.00     0.00     0.00     0.00
00:39:40     0.00     0.00     0.00     0.00     0.00
00:39:45     0.00     0.00     0.00     0.00     0.00
00:39:50     0.00     0.00     0.00     0.00     0.00
00:39:55     0.00     0.00     0.00     0.00     0.00
00:40:00     0.00     0.00     0.00     0.00     0.00
00:40:05     0.00     0.00     0.00     0.00     0.00
00:40:10     0.00     0.00     0.00     0.00     0.00
00:40:15     0.00     0.00     0.00     0.00     0.00
00:40:20     0.00     0.00     0.00     0.00     0.00
00:40:25     0.00     0.00     0.00     0.00     0.00
00:40:30     0.00     0.00     0.00     0.00     0.00
00:40:35     0.00     0.00     0.00     0.00     0.00
00:40:40     0.00     0.00     0.00     0.00     0.00
00:40:45     0.00     0.00     0.00     0.00     0.00
00:40:50     0.00     0.00     0.00     0.00     0.00
00:40:55     0.00     0.00     0.00     0.00     0.00
00:41:00     0.00     0.00     0.00     0.00     0.00
00:41:05     0.00     0.00     0.00     0.00     0.00
00:41:10     0.00     0.00     0.00     0.00     0.00
00:41:15     0.00     0.00     0.00     0.00     0.00
00:41:20     0.00     0.00     0.00     0.00     0.00
00:41:25     0.00     0.00     0.00     0.00     0.00
00:41:30     0.00     0.00     0.00     0.00     0.00
00:41:35     0.00     0.00     0.00     0.00     0.00
00:41:40     0.00     0.00     0.00     0.00     0.00
00:41:45     0.00     0.00     0.00     0.00     0.00
00:41:50     0.00     0.00     0.00     0.00     0.00
00:41:55     0.00     0.00     0.00     0.00     0.00
00:42:00     0.00     0.00     0.00     0.00     0.00
00:42:05     0.00     0.00     0.00     0.00     0.00
00:42:10     0.00     0.00     0.00     0.00     0.00
00:42:15     0.00     0.00     0.00     0.00     0.00
00:42:20     0.00     0.00     0.00     0.00     0.00
00:42:25     0.00     0.00     0.00     0.00     0.00
00:42:30     0.00     0.00     0.00     0.00     0.00
00:42:35     0.00     0.00     0.00     0.00     0.00
00:42:40     0.00     0.00     0.00     0.00     0.00
00:42:45     0.00     0.00     0.00     0.00     0.00
00:42:50     0.00     0.00     0.00     0.00     0.00
00:42:55     0.00     0.00     0.00     0.00     0.00
00:43:00     0.00     0.00     0.00     0.00     0.00
00:43:05     0.00     0.00     0.00     0.00     0.00
00:43:10     0.00     0.00     0.00     0.00     0.00
00:43:15     0.00     0.00     0.00     0.00     0.00
00:43:20     0.00     0.00     0.00     0.00     0.00
00:43:25     0.00     0.00     0.00     0.00     0.00
00:43:30     0.00     0.00     0.00     0.00     0.00
00:43:35     0.00     0.00     0.00     0.00     0.00
00:43:40     0.00     0.00     0.00     0.00     0.00
00:43:45     0.00     0.00     0.00     0.00     0.00
00:43:50     0.00     0.00     0.00     0.00     0.00
00:43:55     0.00     0.00     0.00     0.00     0.00
00:44:00     0.00     0.00     0.00     0.00     0.00
00:44:05     0.00     0.00     0.00     0.00     0.00
00:44:10     0.00     0.00     0.00     0.00     0.00
00:44:15     0.00     0.00     0.00     0.00     0.00
00:44:20     0.00     0.00     0.00     0.00     0.00
00:44:25     0.00     0.00     0.00     0.00     0.00
00:44:30     0.00     0.00     0.00     0.00     0.00
00:44:35     0.00     0.00     0.00     0.00     0.00
00:44:40     0.00     0.00     0.00     0.00     0.00
00:44:45     0.00     0.00     0.00     0.00     0.00
00:44:50     0.00     0.00     0.00     0.00     0.00
00:44:55     0.00     0.00     0.00     0.00     0.00
00:45:00     0.00     0.00     0.00     0.00     0.00
00:45:05     0.00     0.00     0.00     0.00     0.00
00:45:10     0.00     0.00     0.00     0.00     0.00
00:45:15     0.00     0.00     0.00     0.00     0.00
00:45:20     0.00     0.00     0.00     0.00     0.00
00:45:25     0.00     0.00     0.00     0.00     0.00
00:45:30     0.00     0.00     0.00     0.00     0.00
00:45:35     0.00     0.00     0.00     0.00     0.00
00:45:40     0.00     0.00     0.00     0.00     0.00
00:45:45     0.00     0.00     0.00     0.00     0.00
00:45:50     0.00     0.00     0.00     0.00     0.00
00:45:55     0.00     0.00     0.00     0.00     0.00
00:46:00     0.00     0.00     0.00     0.00     0.00
00:46:05     0.00     0.00     0.00     0.00     0.00
00:46:10     0.00     0.00     0.00     0.00     0.00
00:46:15     0.00     0.00     0.00     0.00     0.00
00:46:20     0.00     0.00     0.00     0.00     0.00
00:46:25     0.00     0.00     0.00     0.00     0.00
00:46:30     0.00     0.00     0.00     0.00     0.00
00:46:35     0.00     0.00     0.00     0.00     0.00
00:46:40     0.00     0.00     0.00     0.00     0.00
00:46:45     0.00     0.00     0.00     0.00     0.00
00:46:50     0.00     0.00     0.00     0.00     0.00
00:46:55     0.00     0.00     0.00     0.00     0.00
00:47:00     0.00     0.00     0.00     0.00     0.00
00:47:05     0.00     0.00     0.00     0.00     0.00
00:47:10     0.00     0.00     0.00     0.00     0.00
00:47:15     0.00     0.00     0.00     0.00     0.00
00:47:20     0.00     0.00     0.00     0.00     0.00
00:47:25     0.00     0.00     0.00     0.00     0.00
00:47:30     0.00     0.00     0.00     0.00     0.00
00:47:35     0.00     0.00     0.00     0.00     0.00
00:47:40     0.00     0.00     0.00     0.00     0.00
00:47:45     0.00     0.00     0.00     0.00     0.00
00:47:50     0.00     0.00     0.00     0.00     0.00
00:47:55     0.00     0.00     0.00     0.00     0.00
00:48:01     0.00     0.00     0.00     0.00     0.00
00:48:06     0.00     0.00     0.00     0.00     0.00
00:48:11     0.00     0.00     0.00     0.00     0.00
00:48:16     0.00     0.00     0.00     0.00     0.00
00:48:21     0.00     0.00     0.00     0.00     0.00
00:48:26     0.00     0.00     0.00     0.00     0.00
00:48:31     0.00     0.00     0.00     0.00     0.00
00:48:36     0.00     0.00     0.00     0.00     0.00
00:48:41     0.00     0.00     0.00     0.00     0.00
00:48:46     0.00     0.00     0.00     0.00     0.00
00:48:51     0.00     0.00     0.00     0.00     0.00
00:48:56     0.00     0.00     0.00     0.00     0.00
00:49:01     0.00     0.00     0.00     0.00     0.00
00:49:06     0.00     0.00     0.00     0.00     0.00
00:49:11     0.00     0.00     0.00     0.00     0.00
00:49:16     0.00     0.00     0.00     0.00     0.00
00:49:21     0.00     0.00     0.00     0.00     0.00
00:49:26     0.00     0.00     0.00     0.00     0.00
00:49:31     0.00     0.00     0.00     0.00     0.00
00:49:36     0.00     0.00     0.00     0.00     0.00
00:49:41     0.00     0.00     0.00     0.00     0.00
00:49:46     0.00     0.00     0.00     0.00     0.00
00:49:51     0.00     0.00     0.00     0.00     0.00
00:49:56     0.00     0.00     0.00     0.00     0.00
00:50:01     0.00     0.00     0.00     0.00     0.00
00:50:06     0.00     0.00     0.00     0.00     0.00
00:50:11     0.00     0.00     0.00     0.00     0.00
00:50:16     0.00     0.00     0.00     0.00     0.00
00:50:21     0.00     0.00     0.00     0.00     0.00
00:50:26     0.00     0.00     0.00     0.00     0.00
00:50:31     0.00     0.00     0.00     0.00     0.00
00:50:36     0.00     0.00     0.00     0.00     0.00
00:50:41     0.00     0.00     0.00     0.00     0.00
00:50:46     0.00     0.00     0.00     0.00     0.00
00:50:51     0.00     0.00     0.00     0.00     0.00
00:50:56     0.00     0.00     0.00     0.00     0.00
00:51:01     0.00     0.00     0.00     0.00     0.00
00:51:06     0.00     0.00     0.00     0.00     0.00
00:51:11     0.00     0.00     0.00     0.00     0.00
00:51:16     0.00     0.00     0.00     0.00     0.00
00:51:21     0.00     0.00     0.00     0.00     0.00
00:51:26     0.00     0.00     0.00     0.00     0.00
00:51:31     0.00     0.00     0.00     0.00     0.00
00:51:36     0.00     0.00     0.00     0.00     0.00
00:51:41     0.00     0.00     0.00     0.00     0.00
00:51:46     0.00     0.00     0.00     0.00     0.00
00:51:51     0.00     0.00     0.00     0.00     0.00
00:51:56     0.00     0.00     0.00     0.00     0.00
00:52:01     0.00     0.00     0.00     0.00     0.00
00:52:06     0.00     0.00     0.00     0.00     0.00
00:52:11     0.00     0.00     0.00     0.00     0.00
00:52:16     0.00     0.00     0.00     0.00     0.00
00:52:21     0.00     0.00     0.00     0.00     0.00
00:52:26     0.00     0.00     0.00     0.00     0.00
00:52:31     0.00     0.00     0.00     0.00     0.00
00:52:36     0.00     0.00     0.00     0.00     0.00
00:52:41     0.00     0.00     0.00     0.00     0.00
00:52:46     0.00     0.00     0.00     0.00     0.00
00:52:51     0.00     0.00     0.00     0.00     0.00
00:52:56     0.00     0.00     0.00     0.00     0.00
00:53:01     0.00     0.00     0.00     0.00     0.00
00:53:06     0.00     0.00     0.00     0.00     0.00
00:53:11     0.00     0.00     0.00     0.00     0.00
00:53:16     0.00     0.00     0.00     0.00     0.00
00:53:21     0.00     0.00     0.00     0.00     0.00
00:53:26     0.00     0.00     0.00     0.00     0.00
00:53:31     0.00     0.00     0.00     0.00     0.00
00:53:36     0.00     0.00     0.00     0.00     0.00
00:53:41     0.00     0.00     0.00     0.00     0.00
00:53:46     0.00     0.00     0.00     0.00     0.00
00:53:51     0.00     0.00     0.00     0.00     0.00
00:53:56     0.00     0.00     0.00     0.00     0.00
00:54:01     0.00     0.00     0.00     0.00     0.00
00:54:06     0.00     0.00     0.00     0.00     0.00
00:54:11     0.00     0.00     0.00     0.00     0.00
00:54:16     0.00     0.00     0.00     0.00     0.00
00:54:21     0.00     0.00     0.00     0.00     0.00
00:54:26     0.00     0.00     0.00     0.00     0.00
00:54:31     0.00     0.00     0.00     0.00     0.00
00:54:36     0.00     0.00     0.00     0.00     0.00
00:54:41     0.00     0.00     0.00     0.00     0.00
00:54:46     0.00     0.00     0.00     0.00     0.00
00:54:51     0.00     0.00     0.00     0.00     0.00
00:54:56     0.00     0.00     0.00     0.00     0.00
00:55:01     0.00     0.00     0.00     0.00     0.00
00:55:06     0.00     0.00     0.00     0.00     0.00
00:55:11     0.00     0.00     0.00     0.00     0.00
00:55:16     0.00     0.00     0.00     0.00     0.00
00:55:21     0.00     0.00     0.00     0.00     0.00
00:55:26     0.00     0.00     0.00     0.00     0.00
00:55:31     0.00     0.00     0.00     0.00     0.00
00:55:36     0.00     0.00     0.00     0.00     0.00
00:55:41     0.00     0.00     0.00     0.00     0.00
00:55:46     0.00     0.00     0.00     0.00     0.00
00:55:51     0.00     0.00     0.00     0.00     0.00
00:55:56     0.00     0.00     0.00     0.00     0.00
00:56:01     0.00     0.00     0.00     0.00     0.00
00:56:06     0.00     0.00     0.00     0.00     0.00
00:56:11     0.00     0.00     0.00     0.00     0.00
00:56:16     0.00     0.00     0.00     0.00     0.00
00:56:22     0.00     0.00     0.00     0.00     0.00
00:56:27     0.00     0.00     0.00     0.00     0.00
00:56:32     0.00     0.00     0.00     0.00     0.00
00:56:37     0.00     0.00     0.00     0.00     0.00
00:56:42     0.00     0.00     0.00     0.00     0.00
00:56:47     0.00     0.00     0.00     0.00     0.00
00:56:52     0.00     0.00     0.00     0.00     0.00
00:56:57     0.00     0.00     0.00     0.00     0.00
00:57:02     0.00     0.00     0.00     0.00     0.00
00:57:07     0.00     0.00     0.00     0.00     0.00
00:57:12     0.00     0.00     0.00     0.00     0.00
00:57:17     0.00     0.00     0.00     0.00     0.00
00:57:22     0.00     0.00     0.00     0.00     0.00
00:57:27     0.00     0.00     0.00     0.00     0.00
00:57:32     0.00     0.00     0.00     0.00     0.00
00:57:37     0.00     0.00     0.00     0.00     0.00
00:57:42     0.00     0.00     0.00     0.00     0.00
00:57:47     0.00     0.00     0.00     0.00     0.00
00:57:52     0.00     0.00     0.00     0.00     0.00
00:57:57     0.00     0.00     0.00     0.00     0.00
00:58:02     0.00     0.00     0.00     0.00     0.00
00:58:07     0.00     0.00     0.00     0.00     0.00
00:58:12     0.00     0.00     0.00     0.00     0.00
00:58:17     0.00     0.00     0.00     0.00     0.00
00:58:22     0.00     0.00     0.00     0.00     0.00
00:58:27     0.00     0.00     0.00     0.00     0.00
00:58:32     0.00     0.00     0.00     0.00     0.00
00:58:37     0.00     0.00     0.00     0.00     0.00
00:58:42     0.00     0.00     0.00     0.00     0.00
00:58:47     0.00     0.00     0.00     0.00     0.00
00:58:52     0.00     0.00     0.00     0.00     0.00
00:58:57     0.00     0.00     0.00     0.00     0.00
00:59:02     0.00     0.00     0.00     0.00     0.00
00:59:07     0.00     0.00     0.00     0.00     0.00
00:59:12     0.00     0.00     0.00     0.00     0.00
00:59:17     0.00     0.00     0.00     0.00     0.00
00:59:22     0.00     0.00     0.00     0.00     0.00
00:59:27     0.00     0.00     0.00     0.00     0.00
00:59:32     0.00     0.00     0.00     0.00     0.00
00:59:37     0.00     0.00     0.00     0.00     0.00
00:59:42     0.00     0.00     0.00     0.00     0.00
00:59:47     0.00     0.00     0.00     0.00     0.00
00:59:52     0.00     0.00     0.00     0.00     0.00
00:59:57     0.00     0.00     0.00     0.00     0.00
01:00:02     0.00     0.00     0.00     0.00     0.00
01:00:07     0.00     0.00     0.00     0.00     0.00
01:00:12     0.00     0.00     0.00     0.00     0.00
01:00:17     0.00     0.00     0.00     0.00     0.00
01:00:22     0.00     0.00     0.00     0.00     0.00
01:00:27     0.00     0.00     0.00     0.00     0.00
01:00:32     0.00     0.00     0.00     0.00     0.00
01:00:37     0.00     0.00     0.00     0.00     0.00
01:00:42     0.00     0.00     0.00     0.00     0.00
01:00:47     0.00     0.00     0.00     0.00     0.00
