
SunOS canfire03 5.11 onnv-gate i86pc    05/10/2009

01:38:57  pgout/s ppgout/s pgfree/s pgscan/s %ufs_ipf
01:39:02     0.00     0.00     0.00     0.00     0.00
01:39:07     0.00     0.00     0.00     0.00     0.00
01:39:12     0.00     0.00     0.00     0.00     0.00
01:39:17     0.00     0.00     0.00     0.00     0.00
01:39:23     0.00     0.00     0.00     0.00     0.00
01:39:28     0.00     0.00     0.00     0.00     0.00
01:39:33     0.00     0.00     0.00     0.00     0.00
01:39:38     0.00     0.00     0.00     0.00     0.00
01:39:43     0.00     0.00     0.00     0.00     0.00
01:39:48     0.00     0.00     0.00     0.00     0.00
01:39:53     0.00     0.00     0.00     0.00     0.00
01:39:58     0.00     0.00     0.00     0.00     0.00
01:40:03     0.00     0.00     0.00     0.00     0.00
01:40:08     0.00     0.00     0.00     0.00     0.00
01:40:13     0.00     0.00     0.00     0.00     0.00
01:40:18     0.00     0.00     0.00     0.00     0.00
01:40:23     0.00     0.00     0.00     0.00     0.00
01:40:28     0.00     0.00     0.00     0.00     0.00
01:40:33     0.00     0.00     0.00     0.00     0.00
01:40:38     0.00     0.00     0.00     0.00     0.00
01:40:43     0.00     0.00     0.00     0.00     0.00
01:40:48     0.00     0.00     0.00     0.00     0.00
01:40:53     0.00     0.00     0.00     0.00     0.00
01:40:58     0.00     0.00     0.00     0.00     0.00
01:41:03     0.00     0.00     0.00     0.00     0.00
01:41:08     0.00     0.00     0.00     0.00     0.00
01:41:13     0.00     0.00     0.00     0.00     0.00
01:41:18     0.00     0.00     0.00     0.00     0.00
01:41:23     0.00     0.00     0.00     0.00     0.00
01:41:28     0.00     0.00     0.00     0.00     0.00
01:41:33     0.00     0.00     0.00     0.00     0.00
01:41:38     0.00     0.00     0.00     0.00     0.00
01:41:43     0.00     0.00     0.00     0.00     0.00
01:41:48     0.00     0.00     0.00     0.00     0.00
01:41:53     0.00     0.00     0.00     0.00     0.00
01:41:58     0.00     0.00     0.00     0.00     0.00
01:42:03     0.00     0.00     0.00     0.00     0.00
01:42:08     0.00     0.00     0.00     0.00     0.00
01:42:13     0.00     0.00     0.00     0.00     0.00
01:42:18     0.00     0.00     0.00     0.00     0.00
01:42:23     0.00     0.00     0.00     0.00     0.00
01:42:28     0.00     0.00     0.00     0.00     0.00
01:42:33     0.00     0.00     0.00     0.00     0.00
01:42:38     0.00     0.00     0.00     0.00     0.00
01:42:43     0.00     0.00     0.00     0.00     0.00
01:42:48     0.00     0.00     0.00     0.00     0.00
01:42:53     0.00     0.00     0.00     0.00     0.00
01:42:58     0.00     0.00     0.00     0.00     0.00
01:43:03     0.00     0.00     0.00     0.00     0.00
01:43:08     0.00     0.00     0.00     0.00     0.00
01:43:13     0.00     0.00     0.00     0.00     0.00
01:43:18     0.00     0.00     0.00     0.00     0.00
01:43:23     0.00     0.00     0.00     0.00     0.00
01:43:28     0.00     0.00     0.00     0.00     0.00
01:43:33     0.00     0.00     0.00     0.00     0.00
01:43:38     0.00     0.00     0.00     0.00     0.00
01:43:43     0.00     0.00     0.00     0.00     0.00
01:43:48     0.00     0.00     0.00     0.00     0.00
01:43:53     0.00     0.00     0.00     0.00     0.00
01:43:58     0.00     0.00     0.00     0.00     0.00
01:44:03     0.00     0.00     0.00     0.00     0.00
01:44:08     0.00     0.00     0.00     0.00     0.00
01:44:13     0.00     0.00     0.00     0.00     0.00
01:44:18     0.00     0.00     0.00     0.00     0.00
01:44:23     0.00     0.00     0.00     0.00     0.00
01:44:28     0.00     0.00     0.00     0.00     0.00
01:44:33     0.00     0.00     0.00     0.00     0.00
01:44:38     0.00     0.00     0.00     0.00     0.00
01:44:43     0.00     0.00     0.00     0.00     0.00
01:44:48     0.00     0.00     0.00     0.00     0.00
01:44:53     0.00     0.00     0.00     0.00     0.00
01:44:58     0.00     0.00     0.00     0.00     0.00
01:45:03     0.00     0.00     0.00     0.00     0.00
01:45:08     0.00     0.00     0.00     0.00     0.00
01:45:13     0.00     0.00     0.00     0.00     0.00
01:45:18     0.00     0.00     0.00     0.00     0.00
01:45:23     0.00     0.00     0.00     0.00     0.00
01:45:28     0.00     0.00     0.00     0.00     0.00
01:45:33     0.00     0.00     0.00     0.00     0.00
01:45:38     0.00     0.00     0.00     0.00     0.00
01:45:43     0.00     0.00     0.00     0.00     0.00
01:45:48     0.00     0.00     0.00     0.00     0.00
01:45:53     0.00     0.00     0.00     0.00     0.00
01:45:58     0.00     0.00     0.00     0.00     0.00
01:46:03     0.00     0.00     0.00     0.00     0.00
01:46:08     0.00     0.00     0.00     0.00     0.00
01:46:13     0.00     0.00     0.00     0.00     0.00
01:46:18     0.00     0.00     0.00     0.00     0.00
01:46:23     0.00     0.00     0.00     0.00     0.00
01:46:28     0.00     0.00     0.00     0.00     0.00
01:46:33     0.00     0.00     0.00     0.00     0.00
01:46:38     0.00     0.00     0.00     0.00     0.00
01:46:43     0.00     0.00     0.00     0.00     0.00
01:46:48     0.00     0.00     0.00     0.00     0.00
01:46:53     0.00     0.00     0.00     0.00     0.00
01:46:58     0.00     0.00     0.00     0.00     0.00
01:47:03     0.00     0.00     0.00     0.00     0.00
01:47:08     0.00     0.00     0.00     0.00     0.00
01:47:13     0.00     0.00     0.00     0.00     0.00
01:47:18     0.00     0.00     0.00     0.00     0.00
01:47:23     0.00     0.00     0.00     0.00     0.00
01:47:28     0.00     0.00     0.00     0.00     0.00
01:47:33     0.00     0.00     0.00     0.00     0.00
01:47:38     0.00     0.00     0.00     0.00     0.00
01:47:44     0.00     0.00     0.00     0.00     0.00
01:47:49     0.00     0.00     0.00     0.00     0.00
01:47:54     0.00     0.00     0.00     0.00     0.00
01:47:59     0.00     0.00     0.00     0.00     0.00
01:48:04     0.00     0.00     0.00     0.00     0.00
01:48:09     0.00     0.00     0.00     0.00     0.00
01:48:14     0.00     0.00     0.00     0.00     0.00
01:48:19     0.00     0.00     0.00     0.00     0.00
01:48:24     0.00     0.00     0.00     0.00     0.00
01:48:29     0.00     0.00     0.00     0.00     0.00
01:48:34     0.00     0.00     0.00     0.00     0.00
01:48:39     0.00     0.00     0.00     0.00     0.00
01:48:44     0.00     0.00     0.00     0.00     0.00
01:48:49     0.00     0.00     0.00     0.00     0.00
01:48:54     0.00     0.00     0.00     0.00     0.00
01:48:59     0.00     0.00     0.00     0.00     0.00
01:49:04     0.00     0.00     0.00     0.00     0.00
01:49:09     0.00     0.00     0.00     0.00     0.00
01:49:14     0.00     0.00     0.00     0.00     0.00
01:49:19     0.00     0.00     0.00     0.00     0.00
01:49:24     0.00     0.00     0.00     0.00     0.00
01:49:29     0.00     0.00     0.00     0.00     0.00
01:49:34     0.00     0.00     0.00     0.00     0.00
01:49:39     0.00     0.00     0.00     0.00     0.00
01:49:44     0.00     0.00     0.00     0.00     0.00
01:49:49     0.00     0.00     0.00     0.00     0.00
01:49:54     0.00     0.00     0.00     0.00     0.00
01:49:59     0.00     0.00     0.00     0.00     0.00
01:50:04     0.00     0.00     0.00     0.00     0.00
01:50:09     0.00     0.00     0.00     0.00     0.00
01:50:14     0.00     0.00     0.00     0.00     0.00
01:50:19     0.00     0.00     0.00     0.00     0.00
01:50:24     0.00     0.00     0.00     0.00     0.00
01:50:29     0.00     0.00     0.00     0.00     0.00
01:50:34     0.00     0.00     0.00     0.00     0.00
01:50:39     0.00     0.00     0.00     0.00     0.00
01:50:44     0.00     0.00     0.00     0.00     0.00
01:50:49     0.00     0.00     0.00     0.00     0.00
01:50:54     0.00     0.00     0.00     0.00     0.00
01:50:59     0.00     0.00     0.00     0.00     0.00
01:51:04     0.00     0.00     0.00     0.00     0.00
01:51:09     0.00     0.00     0.00     0.00     0.00
01:51:14     0.00     0.00     0.00     0.00     0.00
01:51:19     0.00     0.00     0.00     0.00     0.00
01:51:24     0.00     0.00     0.00     0.00     0.00
01:51:29     0.00     0.00     0.00     0.00     0.00
01:51:34     0.00     0.00     0.00     0.00     0.00
01:51:39     0.00     0.00     0.00     0.00     0.00
01:51:44     0.00     0.00     0.00     0.00     0.00
01:51:49     0.00     0.00     0.00     0.00     0.00
01:51:54     0.00     0.00     0.00     0.00     0.00
01:51:59     0.00     0.00     0.00     0.00     0.00
01:52:04     0.00     0.00     0.00     0.00     0.00
01:52:09     0.00     0.00     0.00     0.00     0.00
01:52:14     0.00     0.00     0.00     0.00     0.00
01:52:19     0.00     0.00     0.00     0.00     0.00
01:52:24     0.00     0.00     0.00     0.00     0.00
01:52:29     0.00     0.00     0.00     0.00     0.00
01:52:34     0.00     0.00     0.00     0.00     0.00
01:52:39     0.00     0.00     0.00     0.00     0.00
01:52:44     0.00     0.00     0.00     0.00     0.00
01:52:49     0.00     0.00     0.00     0.00     0.00
01:52:54     0.00     0.00     0.00     0.00     0.00
01:52:59     0.00     0.00     0.00     0.00     0.00
01:53:04     0.00     0.00     0.00     0.00     0.00
01:53:09     0.00     0.00     0.00     0.00     0.00
01:53:14     0.00     0.00     0.00     0.00     0.00
01:53:19     0.00     0.00     0.00     0.00     0.00
01:53:24     0.00     0.00     0.00     0.00     0.00
01:53:29     0.00     0.00     0.00     0.00     0.00
01:53:34     0.00     0.00     0.00     0.00     0.00
01:53:39     0.00     0.00     0.00     0.00     0.00
01:53:44     0.00     0.00     0.00     0.00     0.00
01:53:49     0.00     0.00     0.00     0.00     0.00
01:53:54     0.00     0.00     0.00     0.00     0.00
01:53:59     0.00     0.00     0.00     0.00     0.00
01:54:04     0.00     0.00     0.00     0.00     0.00
01:54:09     0.00     0.00     0.00     0.00     0.00
01:54:14     0.00     0.00     0.00     0.00     0.00
01:54:19     0.00     0.00     0.00     0.00     0.00
01:54:24     0.00     0.00     0.00     0.00     0.00
01:54:29     0.00     0.00     0.00     0.00     0.00
01:54:34     0.00     0.00     0.00     0.00     0.00
01:54:39     0.00     0.00     0.00     0.00     0.00
01:54:44     0.00     0.00     0.00     0.00     0.00
01:54:49     0.00     0.00     0.00     0.00     0.00
01:54:54     0.00     0.00     0.00     0.00     0.00
01:54:59     0.00     0.00     0.00     0.00     0.00
01:55:04     0.00     0.00     0.00     0.00     0.00
01:55:09     0.00     0.00     0.00     0.00     0.00
01:55:14     0.00     0.00     0.00     0.00     0.00
01:55:19     0.00     0.00     0.00     0.00     0.00
01:55:24     0.00     0.00     0.00     0.00     0.00
01:55:29     0.00     0.00     0.00     0.00     0.00
01:55:34     0.00     0.00     0.00     0.00     0.00
01:55:39     0.00     0.00     0.00     0.00     0.00
01:55:44     0.00     0.00     0.00     0.00     0.00
01:55:49     0.00     0.00     0.00     0.00     0.00
01:55:54     0.00     0.00     0.00     0.00     0.00
01:55:59     0.00     0.00     0.00     0.00     0.00
01:56:05     0.00     0.00     0.00     0.00     0.00
01:56:10     0.00     0.00     0.00     0.00     0.00
01:56:15     0.00     0.00     0.00     0.00     0.00
01:56:20     0.00     0.00     0.00     0.00     0.00
01:56:25     0.00     0.00     0.00     0.00     0.00
01:56:30     0.00     0.00     0.00     0.00     0.00
01:56:35     0.00     0.00     0.00     0.00     0.00
01:56:40     0.00     0.00     0.00     0.00     0.00
01:56:45     0.00     0.00     0.00     0.00     0.00
01:56:50     0.00     0.00     0.00     0.00     0.00
01:56:55     0.00     0.00     0.00     0.00     0.00
01:57:00     0.00     0.00     0.00     0.00     0.00
01:57:05     0.00     0.00     0.00     0.00     0.00
01:57:10     0.00     0.00     0.00     0.00     0.00
01:57:15     0.00     0.00     0.00     0.00     0.00
01:57:20     0.00     0.00     0.00     0.00     0.00
01:57:25     0.00     0.00     0.00     0.00     0.00
01:57:30     0.00     0.00     0.00     0.00     0.00
01:57:35     0.00     0.00     0.00     0.00     0.00
01:57:40     0.00     0.00     0.00     0.00     0.00
01:57:45     0.00     0.00     0.00     0.00     0.00
01:57:50     0.00     0.00     0.00     0.00     0.00
01:57:55     0.00     0.00     0.00     0.00     0.00
01:58:00     0.00     0.00     0.00     0.00     0.00
01:58:05     0.00     0.00     0.00     0.00     0.00
01:58:10     0.00     0.00     0.00     0.00     0.00
01:58:15     0.00     0.00     0.00     0.00     0.00
01:58:20     0.00     0.00     0.00     0.00     0.00
01:58:25     0.00     0.00     0.00     0.00     0.00
01:58:30     0.00     0.00     0.00     0.00     0.00
01:58:35     0.00     0.00     0.00     0.00     0.00
01:58:40     0.00     0.00     0.00     0.00     0.00
01:58:45     0.00     0.00     0.00     0.00     0.00
01:58:50     0.00     0.00     0.00     0.00     0.00
01:58:55     0.00     0.00     0.00     0.00     0.00
01:59:00     0.00     0.00     0.00     0.00     0.00
01:59:05     0.00     0.00     0.00     0.00     0.00
01:59:10     0.00     0.00     0.00     0.00     0.00
01:59:15     0.00     0.00     0.00     0.00     0.00
01:59:20     0.00     0.00     0.00     0.00     0.00
01:59:25     0.00     0.00     0.00     0.00     0.00
01:59:30     0.00     0.00     0.00     0.00     0.00
01:59:35     0.00     0.00     0.00     0.00     0.00
01:59:40     0.00     0.00     0.00     0.00     0.00
01:59:45     0.00     0.00     0.00     0.00     0.00
01:59:50     0.00     0.00     0.00     0.00     0.00
01:59:55     0.00     0.00     0.00     0.00     0.00
02:00:00     0.00     0.00     0.00     0.00     0.00
02:00:05     0.00     0.00     0.00     0.00     0.00
02:00:10     0.00     0.00     0.00     0.00     0.00
02:00:15     0.00     0.00     0.00     0.00     0.00
02:00:20     0.00     0.00     0.00     0.00     0.00
02:00:25     0.00     0.00     0.00     0.00     0.00
02:00:30     0.00     0.00     0.00     0.00     0.00
02:00:35     0.00     0.00     0.00     0.00     0.00
02:00:40     0.00     0.00     0.00     0.00     0.00
02:00:45     0.00     0.00     0.00     0.00     0.00
02:00:50     0.00     0.00     0.00     0.00     0.00
02:00:55     0.00     0.00     0.00     0.00     0.00
02:01:00     0.00     0.00     0.00     0.00     0.00
02:01:05     0.00     0.00     0.00     0.00     0.00
02:01:10     0.00     0.00     0.00     0.00     0.00
02:01:15     0.00     0.00     0.00     0.00     0.00
02:01:20     0.00     0.00     0.00     0.00     0.00
02:01:25     0.00     0.00     0.00     0.00     0.00
02:01:30     0.00     0.00     0.00     0.00     0.00
02:01:35     0.00     0.00     0.00     0.00     0.00
02:01:40     0.00     0.00     0.00     0.00     0.00
02:01:45     0.00     0.00     0.00     0.00     0.00
02:01:50     0.00     0.00     0.00     0.00     0.00
02:01:55     0.00     0.00     0.00     0.00     0.00
02:02:00     0.00     0.00     0.00     0.00     0.00
02:02:05     0.00     0.00     0.00     0.00     0.00
02:02:10     0.00     0.00     0.00     0.00     0.00
02:02:15     0.00     0.00     0.00     0.00     0.00
02:02:20     0.00     0.00     0.00     0.00     0.00
02:02:25     0.00     0.00     0.00     0.00     0.00
02:02:30     0.00     0.00     0.00     0.00     0.00
02:02:35     0.00     0.00     0.00     0.00     0.00
02:02:40     0.00     0.00     0.00     0.00     0.00
02:02:45     0.00     0.00     0.00     0.00     0.00
02:02:50     0.00     0.00     0.00     0.00     0.00
02:02:55     0.00     0.00     0.00     0.00     0.00
02:03:00     0.00     0.00     0.00     0.00     0.00
02:03:05     0.00     0.00     0.00     0.00     0.00
02:03:10     0.00     0.00     0.00     0.00     0.00
02:03:15     0.00     0.00     0.00     0.00     0.00
02:03:20     0.00     0.00     0.00     0.00     0.00
02:03:25     0.00     0.00     0.00     0.00     0.00
02:03:30     0.00     0.00     0.00     0.00     0.00
02:03:35     0.00     0.00     0.00     0.00     0.00
02:03:40     0.00     0.00     0.00     0.00     0.00
02:03:45     0.00     0.00     0.00     0.00     0.00
02:03:50     0.00     0.00     0.00     0.00     0.00
02:03:55     0.00     0.00     0.00     0.00     0.00
02:04:00     0.00     0.00     0.00     0.00     0.00
02:04:05     0.00     0.00     0.00     0.00     0.00
02:04:10     0.00     0.00     0.00     0.00     0.00
02:04:15     0.00     0.00     0.00     0.00     0.00
02:04:20     0.00     0.00     0.00     0.00     0.00
02:04:26     0.00     0.00     0.00     0.00     0.00
02:04:31     0.00     0.00     0.00     0.00     0.00
02:04:36     0.00     0.00     0.00     0.00     0.00
02:04:41     0.00     0.00     0.00     0.00     0.00
02:04:46     0.00     0.00     0.00     0.00     0.00
02:04:51     0.00     0.00     0.00     0.00     0.00
02:04:56     0.00     0.00     0.00     0.00     0.00
02:05:01     0.00     0.00     0.00     0.00     0.00
02:05:06     0.00     0.00     0.00     0.00     0.00
02:05:11     0.00     0.00     0.00     0.00     0.00
02:05:16     0.00     0.00     0.00     0.00     0.00
02:05:21     0.00     0.00     0.00     0.00     0.00
02:05:26     0.00     0.00     0.00     0.00     0.00
02:05:31     0.00     0.00     0.00     0.00     0.00
02:05:36     0.00     0.00     0.00     0.00     0.00
02:05:41     0.00     0.00     0.00     0.00     0.00
02:05:46     0.00     0.00     0.00     0.00     0.00
02:05:51     0.00     0.00     0.00     0.00     0.00
02:05:56     0.00     0.00     0.00     0.00     0.00
02:06:01     0.00     0.00     0.00     0.00     0.00
02:06:06     0.00     0.00     0.00     0.00     0.00
02:06:11     0.00     0.00     0.00     0.00     0.00
02:06:16     0.00     0.00     0.00     0.00     0.00
02:06:21     0.00     0.00     0.00     0.00     0.00
02:06:26     0.00     0.00     0.00     0.00     0.00
02:06:31     0.00     0.00     0.00     0.00     0.00
02:06:36     0.00     0.00     0.00     0.00     0.00
02:06:41     0.00     0.00     0.00     0.00     0.00
02:06:46     0.00     0.00     0.00     0.00     0.00
02:06:51     0.00     0.00     0.00     0.00     0.00
02:06:56     0.00     0.00     0.00     0.00     0.00
02:07:01     0.00     0.00     0.00     0.00     0.00
02:07:06     0.00     0.00     0.00     0.00     0.00
02:07:11     0.00     0.00     0.00     0.00     0.00
02:07:16     0.00     0.00     0.00     0.00     0.00
02:07:21     0.00     0.00     0.00     0.00     0.00
02:07:26     0.00     0.00     0.00     0.00     0.00
02:07:31     0.00     0.00     0.00     0.00     0.00
02:07:36     0.00     0.00     0.00     0.00     0.00
02:07:41     0.00     0.00     0.00     0.00     0.00
