
SunOS canfire03 5.11 onnv-gate i86pc    05/10/2009

01:38:57 sml_mem   alloc  fail  lg_mem   alloc  fail  ovsz_alloc  fail
01:39:02 342507712 297603136     0 882069504 837106752     0    76648448     0
01:39:07 342507712 297583104     0 882049024 837092608     0    76648448     0
01:39:12 342507712 297587296     0 882053120 837096064     0    76648448     0
01:39:17 342507712 297593568     0 882069504 837111424     0    76648448     0
01:39:23 342507712 297597216     0 882069504 837114496     0    76648448     0
01:39:28 342507712 297600320     0 882053120 837106816     0    76648448     0
01:39:33 342507712 297588992     0 882053120 837162624     0    76648448     0
01:39:38 342507712 297696096     0 882094080 837198912     0    76648448     0
01:39:43 342507712 297589824     0 882069504 837129600     0    76648448     0
01:39:48 342507712 297592544     0 882061312 837118592     0    76648448     0
01:39:53 342507712 297596224     0 882069504 837124736     0    76648448     0
01:39:58 342507712 297602496     0 882085888 837138560     0    76648448     0
01:40:03 342507712 297579584     0 882085888 837143168     0    76648448     0
01:40:08 342507712 297584768     0 882069504 837132416     0    76648448     0
01:40:13 342507712 297588352     0 882069504 837138560     0    76648448     0
01:40:18 342507712 297606016     0 882085888 837201984     0    76648448     0
01:40:23 342507712 297585760     0 882057216 837131072     0    76648448     0
01:40:28 342507712 297601536     0 882069504 837149056     0    76648448     0
01:40:33 342507712 297578208     0 882069504 837149312     0    76648448     0
01:40:38 342507712 297586720     0 882085888 837165184     0    76648448     0
01:40:43 342507712 297590304     0 882085888 837165632     0    76648448     0
01:40:48 342507712 297593248     0 882069504 837160064     0    76648448     0
01:40:53 342507712 297596928     0 882110464 837162112     0    76648448     0
01:40:58 342507712 297603744     0 882126848 837180992     0    76648448     0
01:41:03 342507712 297592608     0 882126848 837234816     0    76648448     0
01:41:08 342507712 297663296     0 882126848 837210688     0    76648448     0
01:41:13 342507712 297589088     0 882110464 837177728     0    76648448     0
01:41:18 342507712 297595008     0 882126848 837188672     0    76648448     0
01:41:23 342507712 297598752     0 882126848 837196864     0    76648448     0
01:41:28 342507712 297601920     0 882135040 837185088     0    76648448     0
01:41:33 342507712 297581280     0 882139136 837193856     0    76648448     0
01:41:38 342507712 297589792     0 882155520 837206144     0    76648448     0
01:41:43 342507712 297604832     0 882155520 837262016     0    76648448     0
01:41:48 342507712 297706720     0 882163712 837275712     0    76648448     0
01:41:53 342507712 297599744     0 882139136 837206720     0    76648448     0
01:41:58 342507712 297606016     0 882155520 837220992     0    76648448     0
01:42:03 342507712 297583264     0 882159616 837227200     0    76648448     0
01:42:08 342507712 297587840     0 882143232 837222144     0    76648448     0
01:42:13 342507712 297592128     0 882147328 837223552     0    76648448     0
01:42:18 342507712 297598528     0 882163712 837239424     0    76648448     0
01:42:23 342507712 297602272     0 882163712 837243520     0    76648448     0
01:42:28 342507712 297616576     0 882147328 837285568     0    76648448     0
01:42:33 342507712 297564000     0 882114560 837217664     0    76648448     0
01:42:38 342507712 297590432     0 882163712 837247616     0    76648448     0
01:42:43 342507712 297594016     0 882163712 837253824     0    76648448     0
01:42:48 342507712 297596960     0 882147328 837247168     0    76648448     0
01:42:53 342507712 297600896     0 882147328 837252480     0    76648448     0
01:42:58 342507712 297606816     0 882163712 837267648     0    76648448     0
01:43:03 342507712 297583680     0 882163712 837267648     0    76648448     0
01:43:08 342507712 297588864     0 882147328 837260480     0    76648448     0
01:43:13 342507712 297603840     0 882147328 837311104     0    76648448     0
01:43:18 342507712 297675840     0 882192384 837329920     0    76648448     0
01:43:23 342507712 297602976     0 882216960 837288960     0    76648448     0
01:43:28 342507712 297605920     0 882200576 837281280     0    76648448     0
01:43:33 342507712 297582848     0 882200576 837281280     0    76648448     0
01:43:38 342507712 297591360     0 882216960 837293568     0    76648448     0
01:43:43 342507712 297594944     0 882216960 837302784     0    76648448     0
01:43:48 342507712 297597888     0 882200576 837295104     0    76648448     0
01:43:53 342507712 297613184     0 882200576 837352320     0    76648448     0
01:43:58 342507712 298232512     0 882413568 837630144     0    76648448     0
01:44:03 342589632 300864064     0 893267968 850313792     0    76648448     0
01:44:08 342589632 300866848     0 893251584 850300736     0    76648448     0
01:44:13 342589632 300871200     0 893251584 850301120     0    76648448     0
01:44:18 342589632 300877632     0 893267968 850321600     0    76648448     0
01:44:23 342589632 300881216     0 893267968 850321024     0    76648448     0
01:44:28 342589632 300884160     0 893251584 850319552     0    76648448     0
01:44:33 342593728 300864160     0 893399040 850335936     0    76648448     0
01:44:38 342593728 300883616     0 893415424 850402432     0    76648448     0
01:44:43 342593728 300952672     0 893431808 850397824     0    76648448     0
01:44:48 342593728 300878496     0 893399040 850343552     0    76648448     0
01:44:53 342593728 300882112     0 893399040 850349248     0    76648448     0
01:44:58 342597824 300889024     0 893415424 850359424     0    76648448     0
01:45:03 342597824 300865888     0 893415424 850365120     0    76648448     0
01:45:08 342601920 300871808     0 893530112 850355840     0    76648448     0
01:45:13 342601920 300876576     0 893530112 850490048     0    76648448     0
01:45:18 342601920 300894368     0 893546496 850556544     0    76648448     0
01:45:23 342601920 300907744     0 893554688 850533824     0    76648448     0
01:45:28 342601920 300889312     0 893530112 850495680     0    76648448     0
01:45:33 342601920 300866624     0 893530112 850520832     0    76648448     0
01:45:38 342601920 300875360     0 893546496 850533632     0    76648448     0
01:45:43 342601920 300878880     0 893546496 850537728     0    76648448     0
01:45:48 342601920 300881824     0 893530112 850525952     0    76648448     0
01:45:53 342601920 300885408     0 893530112 850525952     0    76648448     0
01:45:58 342601920 300903360     0 893546496 850588352     0    76648448     0
01:46:03 342606016 300980800     0 893571072 850610816     0    76648448     0
01:46:08 342606016 300873536     0 893530112 850533760     0    76648448     0
01:46:13 342610112 300878496     0 893530112 850532544     0    76648448     0
01:46:18 342614208 300885408     0 893546496 850544320     0    76648448     0
01:46:23 342618304 300889632     0 893546496 850544320     0    76648448     0
01:46:28 342618304 300892576     0 893530112 850534144     0    76648448     0
01:46:33 342618304 300869568     0 893530112 850534080     0    76648448     0
01:46:38 342618304 300878304     0 893546496 850551552     0    76648448     0
01:46:43 342618304 300893280     0 893546496 850605824     0    76648448     0
01:46:48 342618304 300961760     0 893546496 850583808     0    76648448     0
01:46:53 342618304 300888160     0 893530112 850546944     0    76648448     0
01:46:58 342618304 300894432     0 893546496 850558720     0    76648448     0
01:47:03 342618304 300871040     0 893534208 850547520     0    76648448     0
01:47:08 342618304 300876960     0 893530112 850551040     0    76648448     0
01:47:13 342618304 300883360     0 893546496 850562816     0    76648448     0
01:47:18 342618304 300886944     0 893546496 850562816     0    76648448     0
01:47:23 342618304 300901280     0 893530112 850601664     0    76648448     0
01:47:28 342618304 300914432     0 893550592 850591296     0    76648448     0
01:47:33 342618304 300873152     0 893546496 850562816     0    76648448     0
01:47:38 342618304 300878752     0 893546496 850568384     0    76648448     0
01:47:44 342618304 300881696     0 893530112 850562304     0    76648448     0
01:47:49 342618304 300885280     0 893530112 850560704     0    76648448     0
01:47:54 342618304 300891552     0 893546496 850574080     0    76648448     0
01:47:59 342618304 300895200     0 893546496 850574080     0    76648448     0
01:48:04 342618304 300883936     0 893530112 850617024     0    76648448     0
01:48:09 342618304 300990624     0 893554688 850643968     0    76648448     0
01:48:14 342618304 300883968     0 893566976 850578176     0    76648448     0
01:48:19 342618304 300887552     0 893566976 850578176     0    76648448     0
01:48:24 342618304 300890496     0 893550592 850567424     0    76648448     0
01:48:29 342618304 300894080     0 893550592 850571520     0    76648448     0
01:48:34 342618304 300873760     0 893566976 850585344     0    76648448     0
01:48:39 342618304 300879360     0 893566976 850589440     0    76648448     0
01:48:44 342618304 300882368     0 893550592 850577664     0    76648448     0
01:48:49 342618304 300865568     0 893513728 850574592     0    76648448     0
01:48:54 342618304 300892320     0 893566976 850590080     0    76648448     0
01:48:59 342618304 300895584     0 893566976 850587840     0    76648448     0
01:49:04 342618304 300872352     0 893550592 850577664     0    76648448     0
01:49:09 342618304 300877536     0 893550592 850581760     0    76648448     0
01:49:14 342618304 300884352     0 893566976 850593536     0    76648448     0
01:49:19 342618304 300887936     0 893566976 850596032     0    76648448     0
01:49:24 342618304 300890880     0 893550592 850585856     0    76648448     0
01:49:29 342618304 300905856     0 893550592 850638080     0    76648448     0
01:49:34 342618304 300951424     0 893583360 850638592     0    76648448     0
01:49:39 342618304 300880160     0 893566976 850604032     0    76648448     0
01:49:44 342618304 300882784     0 893550592 850588352     0    76648448     0
01:49:49 342618304 300886368     0 893550592 850592000     0    76648448     0
01:49:54 342618304 300892640     0 893566976 850604800     0    76648448     0
01:49:59 342618304 300896416     0 893566976 850605824     0    76648448     0
01:50:04 342618304 300873792     0 893550592 850598144     0    76648448     0
01:50:09 342618304 300891776     0 893550592 850658944     0    76648448     0
01:50:14 342618304 300893600     0 893571072 850638976     0    76648448     0
01:50:19 342618304 300888608     0 893566976 850614016     0    76648448     0
01:50:24 342618304 300891552     0 893550592 850602240     0    76648448     0
01:50:29 342618304 300895168     0 893550592 850602240     0    76648448     0
01:50:34 342618304 300874720     0 893566976 850614464     0    76648448     0
01:50:39 342618304 300880320     0 893566976 850614464     0    76648448     0
01:50:44 342618304 300883264     0 893550592 850606784     0    76648448     0
01:50:49 342618304 300898240     0 893550592 850660608     0    76648448     0
01:50:54 342618304 301006560     0 893591552 850696640     0    76648448     0
01:50:59 342618304 300897984     0 893566976 850627200     0    76648448     0
01:51:04 342618304 300872384     0 893534208 850595392     0    76648448     0
01:51:09 342618304 300876832     0 893534208 850595008     0    76648448     0
01:51:14 342618304 300883712     0 893550592 850611264     0    76648448     0
01:51:19 342618304 300887328     0 893550592 850609664     0    76648448     0
01:51:24 342618304 300891072     0 893534208 850730880     0    76648448     0
01:51:29 342618304 300894656     0 893534208 850730880     0    76648448     0
01:51:34 342618304 300885952     0 893550592 850796928     0    76648448     0
01:51:39 342618304 300956704     0 893566976 850784000     0    76648448     0
01:51:44 342618304 300882400     0 893534208 850739520     0    76648448     0
01:51:49 342618304 300885984     0 893534208 850739520     0    76648448     0
01:51:54 342618304 300892416     0 893550592 850753344     0    76648448     0
01:51:59 342618304 300896128     0 893550592 850754944     0    76648448     0
01:52:04 342618304 300873184     0 893534208 850744192     0    76648448     0
01:52:09 342618304 300878400     0 893534208 850742592     0    76648448     0
01:52:14 342618304 300896064     0 893550592 850810688     0    76648448     0
01:52:19 342618304 300861664     0 893513728 850728768     0    76648448     0
01:52:24 342618304 300890944     0 893534208 850746688     0    76648448     0
01:52:29 342618304 300894528     0 893534208 850752384     0    76648448     0
01:52:34 342618304 300874240     0 893550592 850764608     0    76648448     0
01:52:39 342618304 300879840     0 893550592 850766208     0    76648448     0
01:52:44 342618304 300882784     0 893534208 850758528     0    76648448     0
01:52:49 342618304 300886368     0 893534208 850758528     0    76648448     0
01:52:54 342618304 300904160     0 893550592 850822528     0    76648448     0
01:52:59 342622400 301008256     0 893575168 850841792     0    76648448     0
01:53:04 342622400 300872928     0 893550592 850766144     0    76648448     0
01:53:09 342622400 300877920     0 893550592 850765760     0    76648448     0
01:53:14 342622400 300884800     0 893566976 850777920     0    76648448     0
01:53:19 342622400 300888384     0 893566976 850786112     0    76648448     0
01:53:24 342622400 300891328     0 893550592 850774336     0    76648448     0
01:53:29 342622400 300894912     0 893550592 850774336     0    76648448     0
01:53:34 342622400 300875456     0 893665280 850790464     0    76648448     0
01:53:39 342622400 300892000     0 893665280 850842752     0    76648448     0
01:53:44 342622400 300960448     0 893665280 850819648     0    76648448     0
01:53:49 342622400 300887072     0 893648896 850782784     0    76648448     0
01:53:54 342622400 300893504     0 893665280 850794560     0    76648448     0
01:53:59 342622400 300897088     0 893665280 850794560     0    76648448     0
01:54:04 342622400 300873760     0 893648896 850788928     0    76648448     0
01:54:09 342622400 300879360     0 893648896 850788928     0    76648448     0
01:54:14 342622400 300885632     0 893665280 850801728     0    76648448     0
01:54:19 342622400 300900608     0 893665280 850852352     0    76648448     0
01:54:24 342622400 300899136     0 893784064 850812032     0    76648448     0
01:54:29 342622400 300895584     0 893779968 850794048     0    76648448     0
01:54:34 342622400 300875520     0 893927424 850809920     0    76648448     0
01:54:39 342622400 300881280     0 894058496 850809920     0    76648448     0
01:54:44 342622400 300884224     0 894042112 850800192     0    76648448     0
01:54:49 342622400 300887936     0 894042112 850800192     0    76648448     0
01:54:54 342622400 300895904     0 894058496 850946112     0    76648448     0
01:54:59 342622400 300911072     0 894058496 851000832     0    76648448     0
01:55:04 342622400 300986656     0 894066688 851026304     0    76648448     0
01:55:09 342622400 300879904     0 894042112 850951936     0    76648448     0
01:55:14 342622400 300886752     0 894058496 850964096     0    76648448     0
01:55:19 342622400 300890336     0 894058496 850964096     0    76648448     0
01:55:24 342622400 300893280     0 894042112 850952320     0    76648448     0
01:55:29 342622400 300899616     0 894058496 850962496     0    76648448     0
01:55:34 342622400 300877312     0 894058496 850964096     0    76648448     0
01:55:39 342622400 300881824     0 894042112 850956416     0    76648448     0
01:55:44 342622400 300896928     0 894042112 851008640     0    76648448     0
01:55:49 342622400 300968864     0 894074880 851009152     0    76648448     0
01:55:54 342622400 300895840     0 894058496 850966592     0    76648448     0
01:55:59 342622400 300898784     0 894042112 850956416     0    76648448     0
01:56:05 342622400 300875968     0 894042112 850956416     0    76648448     0
01:56:10 342622400 300883712     0 894058496 850968192     0    76648448     0
01:56:15 342622400 300887296     0 894058496 850970688     0    76648448     0
01:56:20 342622400 300890240     0 894042112 850960512     0    76648448     0
01:56:25 342622400 300905344     0 894062592 851012736     0    76648448     0
01:56:30 342622400 300872192     0 894042112 850937024     0    76648448     0
01:56:35 342622400 300877216     0 894078976 850978432     0    76648448     0
01:56:40 342622400 300882176     0 894062592 850965056     0    76648448     0
01:56:45 342622400 300885920     0 894062592 850965056     0    76648448     0
01:56:50 342622400 300892320     0 894078976 850978432     0    76648448     0
01:56:55 342622400 300895904     0 894078976 850976832     0    76648448     0
01:57:00 342622400 300633664     0 893992960 850884352     0    76648448     0
01:57:05 342622400 300619136     0 893992960 850929664     0    76648448     0
01:57:10 342626496 300764576     0 894042112 851019648     0    76648448     0
01:57:15 342630592 300054080     0 893857792 850849664     0    76648448     0
01:57:20 342634688 300057664     0 893841408 850840384     0    76648448     0
01:57:25 342634688 300061248     0 893841408 850840384     0    76648448     0
01:57:30 342634688 300067520     0 893857792 850852160     0    76648448     0
01:57:35 342634688 298399904     0 893558784 850734656     0    76648448     0
01:57:40 342634688 298404576     0 893542400 850722880     0    76648448     0
01:57:45 342638784 297882816     0 893435904 850708160     0    76648448     0
01:57:50 342638784 297900416     0 893452288 850772160     0    76648448     0
01:57:55 342638784 297969280     0 893468672 850762944     0    76648448     0
01:58:00 342638784 297895296     0 893435904 850710208     0    76648448     0
01:58:05 342638784 297844448     0 893452288 850730688     0    76648448     0
01:58:10 342638784 297851424     0 893468672 850742080     0    76648448     0
01:58:15 342638784 297855008     0 893468672 850742080     0    76648448     0
01:58:20 342638784 297857952     0 893452288 850730304     0    76648448     0
01:58:25 342638784 297861536     0 893452288 850734400     0    76648448     0
01:58:30 342638784 297879200     0 893468672 850798400     0    76648448     0
01:58:35 342638784 297958912     0 893493248 850820160     0    76648448     0
01:58:40 342638784 297850400     0 893452288 850732800     0    76648448     0
01:58:45 342638784 297854048     0 893452288 850732800     0    76648448     0
01:58:50 342638784 297860384     0 893468672 850746176     0    76648448     0
01:58:55 342638784 297863968     0 893468672 850750272     0    76648448     0
01:59:00 342638784 297867008     0 893476864 850736896     0    76648448     0
01:59:05 342638784 297847648     0 893480960 850747520     0    76648448     0
01:59:10 342638784 297855488     0 893497344 850759296     0    76648448     0
01:59:15 342638784 297870464     0 893497344 850811520     0    76648448     0
01:59:20 342638784 297872480     0 893480960 850771904     0    76648448     0
01:59:25 342638784 297865344     0 893480960 850747520     0    76648448     0
01:59:30 342638784 297871616     0 893497344 850757696     0    76648448     0
01:59:35 342638784 297848800     0 893497344 850759296     0    76648448     0
01:59:40 342638784 297853888     0 893480960 850751616     0    76648448     0
01:59:45 342638784 297857472     0 893480960 850751616     0    76648448     0
01:59:50 342638784 297863744     0 893497344 850763392     0    76648448     0
01:59:55 342638784 297867328     0 893497344 850763392     0    76648448     0
02:00:00 342638784 297858784     0 893632512 850953792     0    76648448     0
02:00:05 342638784 297930368     0 893648896 850944128     0    76648448     0
02:00:10 342638784 297859168     0 893648896 850914944     0    76648448     0
02:00:15 342638784 297863296     0 893648896 850914944     0    76648448     0
02:00:20 342638784 297866240     0 893632512 850903168     0    76648448     0
02:00:25 342638784 297869824     0 893632512 850901568     0    76648448     0
02:00:30 342638784 297848896     0 893665280 850935424     0    76648448     0
02:00:35 342638784 297855552     0 893665280 850937920     0    76648448     0
02:00:40 342638784 297870016     0 893648896 850979968     0    76648448     0
02:00:45 342638784 297972768     0 893673472 851000896     0    76648448     0
02:00:50 342638784 297868224     0 893665280 850939520     0    76648448     0
02:00:55 342638784 297872512     0 893665280 850941568     0    76648448     0
02:01:00 342638784 297848256     0 893779968 850929792     0    76648448     0
02:01:05 342638784 297854752     0 893779968 850931840     0    76648448     0
02:01:10 342638784 297860480     0 893796352 850943616     0    76648448     0
02:01:15 342638784 297864064     0 893796352 850947712     0    76648448     0
02:01:20 342638784 297867008     0 893779968 850935936     0    76648448     0
02:01:25 342638784 297881984     0 893779968 850988160     0    76648448     0
02:01:30 342638784 297837216     0 893759488 850929920     0    76648448     0
02:01:35 342638784 297856288     0 893796352 850947712     0    76648448     0
02:01:40 342638784 297859232     0 893779968 850935936     0    76648448     0
02:01:45 342638784 297862816     0 893779968 850935936     0    76648448     0
02:01:50 342638784 297869088     0 893796352 850947712     0    76648448     0
02:01:55 342638784 297872672     0 893796352 850947712     0    76648448     0
02:02:00 342638784 297848000     0 893911040 850935936     0    76648448     0
02:02:05 342638784 297854496     0 893911040 850940032     0    76648448     0
02:02:10 342638784 297873568     0 893927424 851010176     0    76648448     0
02:02:15 342638784 297941088     0 893943808 850991168     0    76648448     0
02:02:20 342638784 297867040     0 893911040 850940032     0    76648448     0
02:02:25 342638784 297870624     0 893911040 850944128     0    76648448     0
02:02:30 342638784 297849824     0 893927424 850955904     0    76648448     0
02:02:35 342638784 297856448     0 893927424 850955904     0    76648448     0
02:02:40 342638784 297859392     0 893911040 850944128     0    76648448     0
02:02:45 342638784 297862976     0 893911040 850944128     0    76648448     0
02:02:50 342638784 297880640     0 893927424 851008128     0    76648448     0
02:02:55 342638784 297983648     0 893952000 851033984     0    76648448     0
02:03:00 342638784 297848288     0 893911040 850948224     0    76648448     0
02:03:05 342638784 297854784     0 893911040 850948224     0    76648448     0
02:03:10 342638784 297861056     0 893927424 850960000     0    76648448     0
02:03:15 342638784 297864640     0 893927424 850960000     0    76648448     0
02:03:20 342638784 297867584     0 893911040 850948224     0    76648448     0
02:03:25 342638784 297871328     0 893911040 850946624     0    76648448     0
02:03:30 342638784 297851008     0 893927424 850960000     0    76648448     0
02:03:35 342638784 297868416     0 893927424 851012224     0    76648448     0
02:03:40 342638784 297937248     0 893923328 850992576     0    76648448     0
02:03:45 342638784 297865568     0 894050304 851089536     0    76648448     0
02:03:50 342638784 297870496     0 894058496 851095424     0    76648448     0
02:03:55 342638784 297873440     0 894042112 851083648     0    76648448     0
02:04:00 342638784 297849088     0 894042112 851083648     0    76648448     0
02:04:05 342638784 297858368     0 894189568 851095424     0    76648448     0
02:04:10 342638784 297861952     0 894189568 851095424     0    76648448     0
02:04:15 342638784 297864896     0 894173184 851087744     0    76648448     0
02:04:20 342638784 297879872     0 894173184 851140032     0    76648448     0
02:04:26 342638784 297951520     0 894205952 851140480     0    76648448     0
02:04:31 342638784 297851712     0 894189568 851247552     0    76648448     0
02:04:36 342638784 297857792     0 894173184 851235776     0    76648448     0
02:04:41 342638784 297861376     0 894173184 851235776     0    76648448     0
02:04:46 342638784 297867648     0 894189568 851247552     0    76648448     0
02:04:51 342638784 297871232     0 894189568 851247552     0    76648448     0
02:04:56 342638784 297874176     0 894173184 851239872     0    76648448     0
02:05:01 342638784 297862336     0 894173184 851292096     0    76648448     0
02:05:06 342638784 297975552     0 894214144 851325248     0    76648448     0
02:05:11 342638784 297862432     0 894189568 851251648     0    76648448     0
02:05:16 342638784 297865920     0 894173184 851241920     0    76648448     0
02:05:21 342638784 297869664     0 894173184 851241920     0    76648448     0
02:05:26 342638784 297876064     0 894189568 851253696     0    76648448     0
02:05:31 342638784 297851936     0 894189568 851253696     0    76648448     0
02:05:36 342638784 297858016     0 894173184 851241920     0    76648448     0
02:05:41 342638784 297861600     0 894173184 851241920     0    76648448     0
02:05:46 342638784 297879264     0 894189568 851305920     0    76648448     0
02:05:51 342638784 297917344     0 894197760 851290048     0    76648448     0
02:05:56 342638784 297874688     0 894173184 851241920     0    76648448     0
02:06:01 342638784 297850720     0 894173184 851241920     0    76648448     0
02:06:06 342638784 297861024     0 894189568 851253312     0    76648448     0
02:06:11 342638784 297863168     0 894189568 851253696     0    76648448     0
02:06:16 342638784 297866112     0 894173184 851246016     0    76648448     0
02:06:21 342638784 297869824     0 894173184 851246016     0    76648448     0
02:06:26 342638784 297876256     0 894189568 851257792     0    76648448     0
02:06:31 342638784 297864160     0 894189568 851310016     0    76648448     0
02:06:36 342638784 297935104     0 894189568 851286976     0    76648448     0
02:06:41 342638784 297861728     0 894173184 851246016     0    76648448     0
02:06:46 342638784 297868000     0 894189568 851257792     0    76648448     0
02:06:51 342638784 297871584     0 894189568 851257792     0    76648448     0
02:06:56 342638784 297874688     0 894173184 851246016     0    76648448     0
02:07:01 342642880 297852064     0 894173184 851228288     0    76648448     0
02:07:06 342646976 297878720     0 894189568 851243776     0    76648448     0
02:07:11 342651072 297890720     0 894189568 851300864     0    76648448     0
02:07:16 342651072 297991648     0 894197760 851305472     0    76648448     0
02:07:21 342651072 297884512     0 894173184 851232384     0    76648448     0
02:07:26 342655168 297891424     0 894189568 851242560     0    76648448     0
02:07:31 342655168 297866816     0 894189568 851244160     0    76648448     0
02:07:36 342655168 297872896     0 894173184 851232384     0    76648448     0
02:07:41 342655168 297876480     0 894173184 851232384     0    76648448     0
