
SunOS canfire03 5.11 onnv-gate i86pc    05/10/2009

03:24:05 sml_mem   alloc  fail  lg_mem   alloc  fail  ovsz_alloc  fail
03:24:10 342995136 298339712     0 899264512 855829248     0    76648448     0
03:24:15 342995136 298344896     0 899248128 855821632     0    76648448     0
03:24:20 342995136 298348736     0 899248128 855827520     0    76648448     0
03:24:25 342995136 298320672     0 899284992 855861056     0    76648448     0
03:24:30 342995136 298325440     0 899284992 855863616     0    76648448     0
03:24:35 342995136 298328544     0 899268608 855855424     0    76648448     0
03:24:40 342995136 298343552     0 899268608 855911232     0    76648448     0
03:24:45 342995136 298448960     0 899313664 855946944     0    76648448     0
03:24:50 342995136 298341920     0 899289088 855875904     0    76648448     0
03:24:55 342995136 298319488     0 899272704 855866176     0    76648448     0
03:25:00 342995136 298324256     0 899272704 855873344     0    76648448     0
03:25:05 342995136 298327232     0 899305472 855879552     0    76648448     0
03:25:10 342995136 298331392     0 899305472 855884544     0    76648448     0
03:25:15 342995136 298334432     0 899313664 855874816     0    76648448     0
03:25:20 342995136 298338016     0 899313664 855880960     0    76648448     0
03:25:25 342995136 298330752     0 899354624 855962368     0    76648448     0
03:25:30 342995136 298414656     0 899387392 855977344     0    76648448     0
03:25:35 342995136 298326976     0 899366912 855903488     0    76648448     0
03:25:40 342995136 298330560     0 899366912 855908096     0    76648448     0
03:25:45 342995136 298336832     0 899383296 855923968     0    76648448     0
03:25:50 342995136 298340512     0 899420160 855923968     0    76648448     0
03:25:55 342995136 298318944     0 899420160 855935232     0    76648448     0
03:26:00 342995136 298323424     0 899420160 855937280     0    76648448     0
03:26:05 342995136 298329152     0 899436544 855953664     0    76648448     0
03:26:10 342995136 298344096     0 899436544 856005888     0    76648448     0
03:26:15 342995136 298412192     0 899436544 855985408     0    76648448     0
03:26:20 342995136 298339008     0 899420160 855949056     0    76648448     0
03:26:25 342995136 298319488     0 899436544 855963392     0    76648448     0
03:26:30 342995136 298324544     0 899436544 855967488     0    76648448     0
03:26:35 342995136 298327584     0 899420160 855959808     0    76648448     0
03:26:40 342995136 298331168     0 899420160 855963904     0    76648448     0
03:26:45 342995136 298337440     0 899436544 855976192     0    76648448     0
03:26:50 342995136 298352416     0 899436544 856030464     0    76648448     0
03:26:55 342995136 298344768     0 899432448 856026816     0    76648448     0
03:27:00 342995136 298322816     0 899420160 855971072     0    76648448     0
03:27:05 342995136 298328512     0 899436544 855987072     0    76648448     0
03:27:10 342995136 298332672     0 899436544 855987456     0    76648448     0
03:27:15 342995136 298335616     0 899420160 855988480     0    76648448     0
03:27:20 342995136 298339264     0 899420160 855989504     0    76648448     0
03:27:25 342995136 298320576     0 899436544 856001280     0    76648448     0
03:27:30 342995136 298325152     0 899436544 856005376     0    76648448     0
03:27:35 342995136 298339488     0 899420160 856045824     0    76648448     0
03:27:40 342995136 298441952     0 899444736 856070784     0    76648448     0
03:27:45 342995136 298337696     0 899436544 856009472     0    76648448     0
03:27:50 342995136 298341376     0 899440640 856014080     0    76648448     0
03:27:55 342995136 298318368     0 899424256 856007936     0    76648448     0
03:28:00 342995136 298323296     0 899424256 856012032     0    76648448     0
03:28:05 342995136 298328960     0 899440640 856027520     0    76648448     0
03:28:10 342995136 298333152     0 899440640 856027904     0    76648448     0
03:28:15 342995136 298336096     0 899424256 856020224     0    76648448     0
03:28:20 342995136 298351360     0 899428352 856075456     0    76648448     0
03:28:25 342995136 298404192     0 899604480 856090176     0    76648448     0
03:28:30 342995136 298332032     0 899588096 856049216     0    76648448     0
03:28:35 342995136 298334976     0 899571712 856045632     0    76648448     0
03:28:40 342995136 298338560     0 899571712 856046144     0    76648448     0
03:28:45 342995136 298344832     0 899588096 856057920     0    76648448     0
03:28:50 342995136 298348416     0 899588096 856067136     0    76648448     0
03:28:55 342995136 298328768     0 899686400 856060032     0    76648448     0
03:29:00 342995136 298333376     0 899686400 856064128     0    76648448     0
03:29:05 342995136 298903264     0 899883008 856398080     0    76648448     0
03:29:10 343019712 302905472     0 901562368 857803712     0    76648448     0
03:29:15 343036096 302917408     0 901545984 857798400     0    76648448     0
03:29:20 343040192 302921888     0 901545984 857798400     0    76648448     0
03:29:25 343040192 302812032     0 901562368 857792256     0    76648448     0
03:29:30 343044288 302817152     0 901562368 857793792     0    76648448     0
03:29:35 343044288 302820096     0 901545984 857790208     0    76648448     0
03:29:40 343044288 302823680     0 901545984 857790208     0    76648448     0
03:29:45 343044288 302841344     0 901562368 857858304     0    76648448     0
03:29:50 343044288 302910560     0 901578752 857848960     0    76648448     0
03:29:55 343044288 302810848     0 901545984 857832192     0    76648448     0
03:30:00 343044288 302825376     0 901545984 857848512     0    76648448     0
03:30:05 343048384 302832672     0 901603328 857856384     0    76648448     0
03:30:10 343052480 302837664     0 901775360 857860864     0    76648448     0
03:30:15 343052480 302840704     0 901890048 857850112     0    76648448     0
03:30:20 343052480 302845344     0 901890048 857981696     0    76648448     0
03:30:25 343056576 302835904     0 901922816 858091008     0    76648448     0
03:30:30 343056576 302906144     0 901939200 858079744     0    76648448     0
03:30:35 343060672 302832736     0 901947392 858028544     0    76648448     0
03:30:40 343060672 302836320     0 901947392 858028544     0    76648448     0
03:30:45 343060672 302842592     0 901963776 858041344     0    76648448     0
03:30:50 343064768 302846752     0 901963776 858045440     0    76648448     0
03:30:55 343064768 302824768     0 901947392 858037760     0    76648448     0
03:31:00 343068864 302830112     0 901947392 858037760     0    76648448     0
03:31:05 343072960 302852640     0 901963776 858116608     0    76648448     0
03:31:11 343072960 302917088     0 901980160 858090496     0    76648448     0
03:31:16 343072960 302842752     0 901947392 858041856     0    76648448     0
03:31:21 343072960 302846336     0 901947392 858041856     0    76648448     0
03:31:26 343077056 302827616     0 901980160 858070016     0    76648448     0
03:31:31 343077056 302832768     0 901980160 858070016     0    76648448     0
03:31:36 343077056 302835712     0 901963776 858058240     0    76648448     0
03:31:41 343077056 302838720     0 901947392 858047168     0    76648448     0
03:31:46 343077056 302856352     0 901963776 858111168     0    76648448     0
03:31:51 343077056 302853856     0 901967872 858075136     0    76648448     0
03:31:56 343077056 302825408     0 901947392 858054336     0    76648448     0
03:32:01 343077056 302830560     0 901947392 858058432     0    76648448     0
03:32:06 343077056 302836256     0 901963776 858069824     0    76648448     0
03:32:11 343077056 302839936     0 901951488 858061376     0    76648448     0
03:32:16 343077056 302843456     0 901947392 858058432     0    76648448     0
03:32:21 343077056 302849728     0 901963776 858070208     0    76648448     0
03:32:26 343077056 302839296     0 901963776 858126528     0    76648448     0
03:32:31 343077056 302942784     0 901971968 858135680     0    76648448     0
03:32:36 343077056 302835296     0 901947392 858062528     0    76648448     0
03:32:41 343077056 302841568     0 901963776 858074304     0    76648448     0
03:32:46 343077056 302845152     0 901963776 858077376     0    76648448     0
03:32:51 343077056 302848096     0 901947392 858069696     0    76648448     0
03:32:56 343077056 302826240     0 901947392 858073792     0    76648448     0
03:33:01 343077056 302833632     0 901963776 858085568     0    76648448     0
03:33:06 343077056 302837312     0 901963776 858089664     0    76648448     0
03:33:11 343077056 302951776     0 901971968 858151040     0    76648448     0
03:33:16 343077056 302843584     0 901947392 858077888     0    76648448     0
03:33:21 343077056 302849856     0 901963776 858089664     0    76648448     0
03:33:26 343077056 302827296     0 901963776 858094784     0    76648448     0
03:33:31 343077056 302831808     0 901947392 858083008     0    76648448     0
03:33:36 343077056 302835392     0 901947392 858087104     0    76648448     0
03:33:41 343077056 302841664     0 901963776 858100928     0    76648448     0
03:33:46 343077056 302845248     0 901963776 858100928     0    76648448     0
03:33:51 343077056 302854080     0 901947392 858129536     0    76648448     0
03:33:56 343077056 302825728     0 901947392 858097344     0    76648448     0
03:34:01 343077056 302833568     0 901963776 858109120     0    76648448     0
03:34:06 343077056 302836576     0 901963776 858108736     0    76648448     0
03:34:11 343077056 302840096     0 901947392 858097344     0    76648448     0
03:34:16 343077056 302843680     0 901947392 858097344     0    76648448     0
03:34:21 343077056 302849952     0 901963776 858109120     0    76648448     0
03:34:26 343077056 302828064     0 901963776 858113216     0    76648448     0
03:34:31 343077056 302814720     0 901910528 858116544     0    76648448     0
03:34:36 343077056 302835456     0 901947392 858105536     0    76648448     0
03:34:41 343077056 302841728     0 901963776 858117312     0    76648448     0
03:34:46 343077056 302845408     0 901963776 858117312     0    76648448     0
03:34:51 343081152 302864192     0 901947392 858109632     0    76648448     0
03:34:56 343081152 302842336     0 901947392 858115776     0    76648448     0
03:35:01 343081152 302849728     0 901963776 858129600     0    76648448     0
03:35:06 343081152 302853376     0 901963776 858129600     0    76648448     0
03:35:11 343085248 302868352     0 901947392 858174144     0    76648448     0
03:35:16 343085248 302937472     0 901963776 858166976     0    76648448     0
03:35:21 343085248 302866560     0 901963776 858137792     0    76648448     0
03:35:26 343085248 302844032     0 901963776 858141888     0    76648448     0
03:35:31 343085248 302848544     0 901947392 858130112     0    76648448     0
03:35:36 343085248 302852128     0 901947392 858130112     0    76648448     0
03:35:41 343085248 302858496     0 901963776 858143936     0    76648448     0
03:35:46 343085248 302862080     0 901963776 858143936     0    76648448     0
03:35:51 343085248 302876416     0 901947392 858184384     0    76648448     0
03:35:56 343085248 302921120     0 901980160 858189824     0    76648448     0
03:36:01 343085248 302852576     0 901980160 858169344     0    76648448     0
03:36:06 343085248 302854336     0 901980160 858168448     0    76648448     0
03:36:11 343085248 302858048     0 901963776 858157056     0    76648448     0
03:36:16 343085248 302861632     0 901963776 858157056     0    76648448     0
03:36:21 343085248 302867904     0 901980160 858168832     0    76648448     0
03:36:26 343085248 302844896     0 901980160 858103616     0    76648448     0
03:36:31 343085248 302861344     0 902094848 858275392     0    76648448     0
03:36:36 343085248 302887616     0 902119424 858273792     0    76648448     0
03:36:41 343085248 302859584     0 902111232 858236992     0    76648448     0
03:36:46 343089344 302863808     0 902111232 858236992     0    76648448     0
03:36:51 343089344 302866752     0 902094848 858233408     0    76648448     0
03:36:56 343089344 302844352     0 902094848 858233408     0    76648448     0
03:37:01 343089344 302851744     0 902111232 858247232     0    76648448     0
03:37:06 343089344 302855392     0 902111232 858247232     0    76648448     0
03:37:11 343089344 302869728     0 902094848 858288704     0    76648448     0
03:37:16 343089344 302972736     0 902119424 858309568     0    76648448     0
03:37:21 343089344 302868032     0 902111232 858248256     0    76648448     0
03:37:26 343089344 302845600     0 902111232 858248256     0    76648448     0
03:37:31 343089344 302850112     0 902094848 858236480     0    76648448     0
03:37:36 343089344 302853824     0 902123520 858244672     0    76648448     0
03:37:41 343089344 302860096     0 902139904 858258496     0    76648448     0
03:37:46 343089344 302863680     0 902139904 858258496     0    76648448     0
03:37:51 343089344 302877984     0 902123520 858298944     0    76648448     0
03:37:56 343089344 302955616     0 902148096 858319808     0    76648448     0
03:38:01 343089344 302851936     0 902139904 858258496     0    76648448     0
03:38:06 343089344 302854944     0 902139904 858258112     0    76648448     0
03:38:11 343089344 302858560     0 902123520 858246720     0    76648448     0
03:38:16 343089344 302862144     0 902123520 858246720     0    76648448     0
03:38:21 343089344 302868416     0 902139904 858262592     0    76648448     0
03:38:26 343089344 302846528     0 902139904 858266688     0    76648448     0
03:38:31 343089344 302850592     0 902123520 858254912     0    76648448     0
03:38:36 343089344 302967456     0 902148096 858328000     0    76648448     0
03:38:41 343089344 302860192     0 902139904 858266688     0    76648448     0
03:38:46 343089344 302863776     0 902139904 858266688     0    76648448     0
03:38:51 343089344 302866720     0 902123520 858254912     0    76648448     0
03:38:56 343089344 302844864     0 902123520 858254912     0    76648448     0
03:39:01 343093440 302852992     0 902139904 858266688     0    76648448     0
03:39:06 343093440 302856576     0 902139904 858266688     0    76648448     0
03:39:11 343093440 302859520     0 902123520 858265152     0    76648448     0
03:39:16 343093440 302874688     0 902123520 858318272     0    76648448     0
03:39:21 343093440 302872992     0 902148096 858294784     0    76648448     0
03:39:27 343093440 302846848     0 902139904 858282304     0    76648448     0
03:39:32 343093440 302851360     0 902123520 858270528     0    76648448     0
03:39:37 343093440 302854944     0 902123520 858270528     0    76648448     0
03:39:42 343093440 302861216     0 902139904 858286400     0    76648448     0
03:39:47 343093440 302864800     0 902139904 858288448     0    76648448     0
03:39:52 343093440 302867840     0 902123520 858276672     0    76648448     0
03:39:57 343093440 302857504     0 902139904 858349376     0    76648448     0
03:40:02 343093440 302930400     0 902172672 858353984     0    76648448     0
03:40:07 343093440 302856256     0 902156288 858312640     0    76648448     0
03:40:12 343093440 302859776     0 902139904 858301248     0    76648448     0
03:40:17 343093440 302863360     0 902139904 858301248     0    76648448     0
03:40:22 343093440 302869632     0 902156288 858313024     0    76648448     0
03:40:27 343093440 302847424     0 902156288 858317632     0    76648448     0
03:40:32 343093440 302852128     0 902156288 858317632     0    76648448     0
03:40:37 343093440 302869792     0 902172672 858381632     0    76648448     0
03:40:42 343093440 302941344     0 902189056 858370368     0    76648448     0
03:40:47 343093440 302864768     0 902156288 858325824     0    76648448     0
03:40:52 343093440 302868352     0 902156288 858325824     0    76648448     0
03:40:57 343093440 302849440     0 902172672 858337600     0    76648448     0
03:41:02 343093440 302854144     0 902172672 858337600     0    76648448     0
03:41:07 343093440 302856544     0 902156288 858325824     0    76648448     0
03:41:12 343093440 302859712     0 902156288 858325824     0    76648448     0
03:41:17 343093440 302877568     0 902172672 858390720     0    76648448     0
03:41:22 343097536 302904288     0 902184960 858375360     0    76648448     0
03:41:27 343097536 302851648     0 902156288 858334016     0    76648448     0
03:41:32 343097536 302856896     0 902176768 858334016     0    76648448     0
03:41:37 343097536 302863264     0 902193152 858353984     0    76648448     0
03:41:42 343097536 302866848     0 902193152 858356032     0    76648448     0
03:41:47 343097536 302869792     0 902176768 858344256     0    76648448     0
03:41:52 343097536 302873376     0 902176768 858344256     0    76648448     0
03:41:57 343097536 302865728     0 902193152 858408256     0    76648448     0
03:42:02 343097536 302886080     0 902201344 858385536     0    76648448     0
03:42:07 343097536 302861216     0 902176768 858343872     0    76648448     0
03:42:12 343097536 302865376     0 902176768 858344256     0    76648448     0
03:42:17 343097536 302872000     0 902193152 858358336     0    76648448     0
03:42:22 343097536 302875232     0 902193152 858356032     0    76648448     0
03:42:27 343097536 302852864     0 902176768 858352448     0    76648448     0
03:42:32 343097536 302857568     0 902176768 858352448     0    76648448     0
03:42:37 343097536 302875232     0 902193152 858416448     0    76648448     0
03:42:42 343097536 302979008     0 902217728 858568704     0    76648448     0
03:42:47 343101632 299627808     0 901578752 857996672     0    76648448     0
03:42:52 343101632 299629408     0 901578752 857982912     0    76648448     0
03:42:57 343105728 298602400     0 901427200 858028864     0    76648448     0
03:43:02 343105728 298522368     0 901332992 857917184     0    76648448     0
03:43:07 343105728 298523968     0 901316608 857905024     0    76648448     0
03:43:12 343105728 298527488     0 901316608 857913216     0    76648448     0
03:43:17 343105728 298533824     0 901332992 857924992     0    76648448     0
03:43:22 343105728 298548768     0 901332992 857977216     0    76648448     0
03:43:27 343105728 298542016     0 901390336 857954176     0    76648448     0
03:43:32 343105728 298470176     0 901373952 857917312     0    76648448     0
03:43:37 343105728 298476512     0 901390336 857929088     0    76648448     0
03:43:42 343105728 298480096     0 901390336 857929088     0    76648448     0
03:43:47 343105728 298483360     0 901373952 857919616     0    76648448     0
03:43:52 343105728 298486688     0 901394432 857917312     0    76648448     0
03:43:57 343105728 298468224     0 901410816 857933184     0    76648448     0
03:44:02 343105728 298484288     0 901410816 857989504     0    76648448     0
03:44:07 343105728 298589216     0 901419008 858004736     0    76648448     0
03:44:12 343105728 298479200     0 901394432 857925504     0    76648448     0
03:44:17 343105728 298485472     0 901410816 857937280     0    76648448     0
03:44:22 343105728 298489056     0 901410816 857937280     0    76648448     0
03:44:27 343105728 298466592     0 901394432 857925504     0    76648448     0
03:44:32 343105728 298471296     0 901394432 857925504     0    76648448     0
03:44:37 343105728 298477568     0 901410816 857937280     0    76648448     0
03:44:42 343105728 298481152     0 901410816 857941376     0    76648448     0
03:44:47 343105728 298495488     0 901394432 857985920     0    76648448     0
03:44:52 343105728 298476320     0 901361664 857917504     0    76648448     0
03:44:57 343105728 298467808     0 901410816 857949824     0    76648448     0
03:45:02 343105728 298472960     0 901410816 857949824     0    76648448     0
03:45:07 343105728 298475328     0 901394432 857938048     0    76648448     0
03:45:12 343105728 298479488     0 901394432 857938048     0    76648448     0
03:45:17 343105728 298485760     0 901410816 857949824     0    76648448     0
03:45:22 343105728 298489344     0 901410816 857949824     0    76648448     0
03:45:27 343109824 298470272     0 901394432 857946240     0    76648448     0
03:45:32 343109824 298486368     0 901394432 857998464     0    76648448     0
03:45:37 343109824 298558048     0 901427200 858003072     0    76648448     0
03:45:42 343109824 298484576     0 901410816 857966208     0    76648448     0
03:45:47 343109824 298487520     0 901394432 857954432     0    76648448     0
03:45:52 343109824 298491104     0 901394432 857954432     0    76648448     0
03:45:57 343109824 298472768     0 901410816 857966208     0    76648448     0
03:46:02 343109824 298477664     0 901410816 857968256     0    76648448     0
03:46:07 343109824 298480192     0 901394432 857958528     0    76648448     0
03:46:12 343109824 298495168     0 901394432 858014848     0    76648448     0
03:46:17 343109824 298600544     0 901435392 858047552     0    76648448     0
03:46:22 343109824 298493376     0 901410816 857978496     0    76648448     0
03:46:27 343109824 298470880     0 901394432 857966720     0    76648448     0
03:46:32 343109824 298475616     0 901394432 857966720     0    76648448     0
03:46:37 343109824 298481984     0 901410816 857978496     0    76648448     0
03:46:42 343109824 298485632     0 901410816 857978496     0    76648448     0
03:46:47 343109824 298488672     0 901394432 857966720     0    76648448     0
03:46:52 343109824 298492256     0 901394432 857966720     0    76648448     0
03:46:57 343109824 298484384     0 901541888 858035712     0    76648448     0
03:47:02 343109824 298525888     0 901689344 858030464     0    76648448     0
03:47:07 343109824 298479680     0 901656576 857970432     0    76648448     0
03:47:12 343109824 298483968     0 901787648 857974912     0    76648448     0
03:47:17 343109824 298490240     0 901804032 857986688     0    76648448     0
03:47:22 343109824 298493824     0 901804032 857986688     0    76648448     0
03:47:27 343109824 298471424     0 901787648 857974912     0    76648448     0
03:47:32 343109824 298476192     0 901787648 857979008     0    76648448     0
03:47:37 343109824 298482592     0 901804032 857990784     0    76648448     0
03:47:42 343109824 298499456     0 901804032 858174656     0    76648448     0
03:47:48 343109824 298567648     0 901804032 858151552     0    76648448     0
03:47:53 343109824 298494368     0 901787648 858110656     0    76648448     0
03:47:58 343109824 298473984     0 901804032 858138816     0    76648448     0
03:48:03 343109824 298478688     0 901804032 858142912     0    76648448     0
03:48:08 343109824 298481632     0 901787648 858131136     0    76648448     0
03:48:13 343109824 298485216     0 901787648 858131136     0    76648448     0
03:48:18 343109824 298491488     0 901804032 858142912     0    76648448     0
03:48:23 343109824 298506464     0 901804032 858195136     0    76648448     0
03:48:28 343109824 298582560     0 901828608 858204224     0    76648448     0
03:48:33 343109824 298476928     0 901804032 858131136     0    76648448     0
03:48:38 343109824 298483264     0 901820416 858142912     0    76648448     0
03:48:43 343109824 298486944     0 901820416 858142912     0    76648448     0
03:48:48 343109824 298489984     0 901935104 858135232     0    76648448     0
03:48:53 343109824 298504096     0 902086656 858502272     0    76648448     0
03:48:58 343109824 298476512     0 902082560 858278336     0    76648448     0
03:49:03 343109824 298479456     0 902066176 858266560     0    76648448     0
03:49:08 343109824 298495840     0 902066176 858324864     0    76648448     0
03:49:13 343109824 298527904     0 902090752 858305728     0    76648448     0
03:49:18 343109824 298492640     0 902082560 858282432     0    76648448     0
03:49:23 343109824 298494016     0 902066176 858272832     0    76648448     0
03:49:28 343109824 298475392     0 902066176 858270656     0    76648448     0
03:49:33 343109824 298481824     0 902082560 858282432     0    76648448     0
03:49:38 343109824 298486528     0 902082560 858414016     0    76648448     0
03:49:43 343109824 298489472     0 902066176 858402240     0    76648448     0
03:49:48 343109824 298493056     0 902066176 858402240     0    76648448     0
03:49:53 343109824 298509280     0 902082560 858484864     0    76648448     0
03:49:58 343109824 298554880     0 902098944 858471360     0    76648448     0
03:50:03 343109824 298481024     0 902066176 858422720     0    76648448     0
03:50:08 343109824 298484608     0 902066176 858422720     0    76648448     0
03:50:13 343109824 298490880     0 902082560 858434496     0    76648448     0
03:50:18 343109824 298494464     0 902082560 858434496     0    76648448     0
03:50:23 343109824 298495680     0 902066176 858427008     0    76648448     0
03:50:28 343109824 298476576     0 902066176 858424768     0    76648448     0
03:50:33 343109824 298494304     0 902082560 858488832     0    76648448     0
03:50:38 343109824 298597536     0 902107136 858512000     0    76648448     0
03:50:43 343109824 298489280     0 902066176 858424768     0    76648448     0
03:50:48 343109824 298492864     0 902066176 858424768     0    76648448     0
03:50:53 343109824 298501888     0 902234112 858462080     0    76648448     0
03:50:58 343109824 298483168     0 902234112 858457600     0    76648448     0
03:51:03 343109824 298484448     0 902184960 858412416     0    76648448     0
03:51:08 343109824 298487808     0 902184960 858414720     0    76648448     0
03:51:13 343109824 298493760     0 902201344 858424192     0    76648448     0
03:51:18 343109824 298508736     0 902201344 858476416     0    76648448     0
03:51:23 343109824 298549664     0 902201344 858459776     0    76648448     0
03:51:28 343109824 298479520     0 902184960 858416512     0    76648448     0
03:51:33 343109824 298485888     0 902201344 858428288     0    76648448     0
03:51:38 343109824 298489824     0 902201344 858430592     0    76648448     0
03:51:43 343109824 298492416     0 902184960 858416512     0    76648448     0
03:51:48 343109824 298496000     0 902184960 858416512     0    76648448     0
03:51:53 343109824 298474624     0 902201344 858430592     0    76648448     0
03:51:58 343109824 298481248     0 902201344 858428288     0    76648448     0
03:52:03 343109824 298493440     0 902189056 858475136     0    76648448     0
03:52:08 343109824 298486944     0 902184960 858416128     0    76648448     0
03:52:13 343109824 298493792     0 902201344 858428288     0    76648448     0
03:52:18 343109824 298497440     0 902201344 858428288     0    76648448     0
03:52:23 343109824 298472800     0 902184960 858416512     0    76648448     0
03:52:28 343109824 298479776     0 902184960 858416512     0    76648448     0
03:52:33 343109824 298486144     0 902201344 858428288     0    76648448     0
03:52:38 343109824 298489728     0 902201344 858428288     0    76648448     0
03:52:43 343109824 298504064     0 902184960 858468736     0    76648448     0
03:52:48 343109824 298606944     0 902209536 858489600     0    76648448     0
03:52:53 343109824 298474656     0 902201344 858428288     0    76648448     0
