
SunOS canfire03 5.11 onnv-gate i86pc    05/10/2009

03:24:05  pgout/s ppgout/s pgfree/s pgscan/s %ufs_ipf
03:24:10     0.00     0.00     0.00     0.00     0.00
03:24:15     0.00     0.00     0.00     0.00     0.00
03:24:20     0.00     0.00     0.00     0.00     0.00
03:24:25     0.00     0.00     0.00     0.00     0.00
03:24:30     0.00     0.00     0.00     0.00     0.00
03:24:35     0.00     0.00     0.00     0.00     0.00
03:24:40     0.00     0.00     0.00     0.00     0.00
03:24:45     0.00     0.00     0.00     0.00     0.00
03:24:50     0.00     0.00     0.00     0.00     0.00
03:24:55     0.00     0.00     0.00     0.00     0.00
03:25:00     0.00     0.00     0.00     0.00     0.00
03:25:05     0.00     0.00     0.00     0.00     0.00
03:25:10     0.00     0.00     0.00     0.00     0.00
03:25:15     0.00     0.00     0.00     0.00     0.00
03:25:20     0.00     0.00     0.00     0.00     0.00
03:25:25     0.00     0.00     0.00     0.00     0.00
03:25:30     0.00     0.00     0.00     0.00     0.00
03:25:35     0.00     0.00     0.00     0.00     0.00
03:25:40     0.00     0.00     0.00     0.00     0.00
03:25:45     0.00     0.00     0.00     0.00     0.00
03:25:50     0.00     0.00     0.00     0.00     0.00
03:25:55     0.00     0.00     0.00     0.00     0.00
03:26:00     0.00     0.00     0.00     0.00     0.00
03:26:05     0.00     0.00     0.00     0.00     0.00
03:26:10     0.00     0.00     0.00     0.00     0.00
03:26:15     0.00     0.00     0.00     0.00     0.00
03:26:20     0.00     0.00     0.00     0.00     0.00
03:26:25     0.00     0.00     0.00     0.00     0.00
03:26:30     0.00     0.00     0.00     0.00     0.00
03:26:35     0.00     0.00     0.00     0.00     0.00
03:26:40     0.00     0.00     0.00     0.00     0.00
03:26:45     0.00     0.00     0.00     0.00     0.00
03:26:50     0.00     0.00     0.00     0.00     0.00
03:26:55     0.00     0.00     0.00     0.00     0.00
03:27:00     0.00     0.00     0.00     0.00     0.00
03:27:05     0.00     0.00     0.00     0.00     0.00
03:27:10     0.00     0.00     0.00     0.00     0.00
03:27:15     0.00     0.00     0.00     0.00     0.00
03:27:20     0.00     0.00     0.00     0.00     0.00
03:27:25     0.00     0.00     0.00     0.00     0.00
03:27:30     0.00     0.00     0.00     0.00     0.00
03:27:35     0.00     0.00     0.00     0.00     0.00
03:27:40     0.00     0.00     0.00     0.00     0.00
03:27:45     0.00     0.00     0.00     0.00     0.00
03:27:50     0.00     0.00     0.00     0.00     0.00
03:27:55     0.00     0.00     0.00     0.00     0.00
03:28:00     0.00     0.00     0.00     0.00     0.00
03:28:05     0.00     0.00     0.00     0.00     0.00
03:28:10     0.00     0.00     0.00     0.00     0.00
03:28:15     0.00     0.00     0.00     0.00     0.00
03:28:20     0.00     0.00     0.00     0.00     0.00
03:28:25     0.00     0.00     0.00     0.00     0.00
03:28:30     0.00     0.00     0.00     0.00     0.00
03:28:35     0.00     0.00     0.00     0.00     0.00
03:28:40     0.00     0.00     0.00     0.00     0.00
03:28:45     0.00     0.00     0.00     0.00     0.00
03:28:50     0.00     0.00     0.00     0.00     0.00
03:28:55     0.00     0.00     0.00     0.00     0.00
03:29:00     0.00     0.00     0.00     0.00     0.00
03:29:05     0.00     0.00     0.00     0.00     0.00
03:29:10     0.00     0.00     0.00     0.00     0.00
03:29:15     0.00     0.00     0.00     0.00     0.00
03:29:20     0.00     0.00     0.00     0.00     0.00
03:29:25     0.00     0.00     0.00     0.00     0.00
03:29:30     0.00     0.00     0.00     0.00     0.00
03:29:35     0.00     0.00     0.00     0.00     0.00
03:29:40     0.00     0.00     0.00     0.00     0.00
03:29:45     0.00     0.00     0.00     0.00     0.00
03:29:50     0.00     0.00     0.00     0.00     0.00
03:29:55     0.00     0.00     0.00     0.00     0.00
03:30:00     0.00     0.00     0.00     0.00     0.00
03:30:05     0.00     0.00     0.00     0.00     0.00
03:30:10     0.00     0.00     0.00     0.00     0.00
03:30:15     0.00     0.00     0.00     0.00     0.00
03:30:20     0.00     0.00     0.00     0.00     0.00
03:30:25     0.00     0.00     0.00     0.00     0.00
03:30:30     0.00     0.00     0.00     0.00     0.00
03:30:35     0.00     0.00     0.00     0.00     0.00
03:30:40     0.00     0.00     0.00     0.00     0.00
03:30:45     0.00     0.00     0.00     0.00     0.00
03:30:50     0.00     0.00     0.00     0.00     0.00
03:30:55     0.00     0.00     0.00     0.00     0.00
03:31:00     0.00     0.00     0.00     0.00     0.00
03:31:05     0.00     0.00     0.00     0.00     0.00
03:31:10     0.00     0.00     0.00     0.00     0.00
03:31:16     0.00     0.00     0.00     0.00     0.00
03:31:21     0.00     0.00     0.00     0.00     0.00
03:31:26     0.00     0.00     0.00     0.00     0.00
03:31:31     0.00     0.00     0.00     0.00     0.00
03:31:36     0.00     0.00     0.00     0.00     0.00
03:31:41     0.00     0.00     0.00     0.00     0.00
03:31:46     0.00     0.00     0.00     0.00     0.00
03:31:51     0.00     0.00     0.00     0.00     0.00
03:31:56     0.00     0.00     0.00     0.00     0.00
03:32:01     0.00     0.00     0.00     0.00     0.00
03:32:06     0.00     0.00     0.00     0.00     0.00
03:32:11     0.00     0.00     0.00     0.00     0.00
03:32:16     0.00     0.00     0.00     0.00     0.00
03:32:21     0.00     0.00     0.00     0.00     0.00
03:32:26     0.00     0.00     0.00     0.00     0.00
03:32:31     0.00     0.00     0.00     0.00     0.00
03:32:36     0.00     0.00     0.00     0.00     0.00
03:32:41     0.00     0.00     0.00     0.00     0.00
03:32:46     0.00     0.00     0.00     0.00     0.00
03:32:51     0.00     0.00     0.00     0.00     0.00
03:32:56     0.00     0.00     0.00     0.00     0.00
03:33:01     0.00     0.00     0.00     0.00     0.00
03:33:06     0.00     0.00     0.00     0.00     0.00
03:33:11     0.00     0.00     0.00     0.00     0.00
03:33:16     0.00     0.00     0.00     0.00     0.00
03:33:21     0.00     0.00     0.00     0.00     0.00
03:33:26     0.00     0.00     0.00     0.00     0.00
03:33:31     0.00     0.00     0.00     0.00     0.00
03:33:36     0.00     0.00     0.00     0.00     0.00
03:33:41     0.00     0.00     0.00     0.00     0.00
03:33:46     0.00     0.00     0.00     0.00     0.00
03:33:51     0.00     0.00     0.00     0.00     0.00
03:33:56     0.00     0.00     0.00     0.00     0.00
03:34:01     0.00     0.00     0.00     0.00     0.00
03:34:06     0.00     0.00     0.00     0.00     0.00
03:34:11     0.00     0.00     0.00     0.00     0.00
03:34:16     0.00     0.00     0.00     0.00     0.00
03:34:21     0.00     0.00     0.00     0.00     0.00
03:34:26     0.00     0.00     0.00     0.00     0.00
03:34:31     0.00     0.00     0.00     0.00     0.00
03:34:36     0.00     0.00     0.00     0.00     0.00
03:34:41     0.00     0.00     0.00     0.00     0.00
03:34:46     0.00     0.00     0.00     0.00     0.00
03:34:51     0.00     0.00     0.00     0.00     0.00
03:34:56     0.00     0.00     0.00     0.00     0.00
03:35:01     0.00     0.00     0.00     0.00     0.00
03:35:06     0.00     0.00     0.00     0.00     0.00
03:35:11     0.00     0.00     0.00     0.00     0.00
03:35:16     0.00     0.00     0.00     0.00     0.00
03:35:21     0.00     0.00     0.00     0.00     0.00
03:35:26     0.00     0.00     0.00     0.00     0.00
03:35:31     0.00     0.00     0.00     0.00     0.00
03:35:36     0.00     0.00     0.00     0.00     0.00
03:35:41     0.00     0.00     0.00     0.00     0.00
03:35:46     0.00     0.00     0.00     0.00     0.00
03:35:51     0.00     0.00     0.00     0.00     0.00
03:35:56     0.00     0.00     0.00     0.00     0.00
03:36:01     0.00     0.00     0.00     0.00     0.00
03:36:06     0.00     0.00     0.00     0.00     0.00
03:36:11     0.00     0.00     0.00     0.00     0.00
03:36:16     0.00     0.00     0.00     0.00     0.00
03:36:21     0.00     0.00     0.00     0.00     0.00
03:36:26     0.00     0.00     0.00     0.00     0.00
03:36:31     0.00     0.00     0.00     0.00     0.00
03:36:36     0.00     0.00     0.00     0.00     0.00
03:36:41     0.00     0.00     0.00     0.00     0.00
03:36:46     0.00     0.00     0.00     0.00     0.00
03:36:51     0.00     0.00     0.00     0.00     0.00
03:36:56     0.00     0.00     0.00     0.00     0.00
03:37:01     0.00     0.00     0.00     0.00     0.00
03:37:06     0.00     0.00     0.00     0.00     0.00
03:37:11     0.00     0.00     0.00     0.00     0.00
03:37:16     0.00     0.00     0.00     0.00     0.00
03:37:21     0.00     0.00     0.00     0.00     0.00
03:37:26     0.00     0.00     0.00     0.00     0.00
03:37:31     0.00     0.00     0.00     0.00     0.00
03:37:36     0.00     0.00     0.00     0.00     0.00
03:37:41     0.00     0.00     0.00     0.00     0.00
03:37:46     0.00     0.00     0.00     0.00     0.00
03:37:51     0.00     0.00     0.00     0.00     0.00
03:37:56     0.00     0.00     0.00     0.00     0.00
03:38:01     0.00     0.00     0.00     0.00     0.00
03:38:06     0.00     0.00     0.00     0.00     0.00
03:38:11     0.00     0.00     0.00     0.00     0.00
03:38:16     0.00     0.00     0.00     0.00     0.00
03:38:21     0.00     0.00     0.00     0.00     0.00
03:38:26     0.00     0.00     0.00     0.00     0.00
03:38:31     0.00     0.00     0.00     0.00     0.00
03:38:36     0.00     0.00     0.00     0.00     0.00
03:38:41     0.00     0.00     0.00     0.00     0.00
03:38:46     0.00     0.00     0.00     0.00     0.00
03:38:51     0.00     0.00     0.00     0.00     0.00
03:38:56     0.00     0.00     0.00     0.00     0.00
03:39:01     0.00     0.00     0.00     0.00     0.00
03:39:06     0.00     0.00     0.00     0.00     0.00
03:39:11     0.00     0.00     0.00     0.00     0.00
03:39:16     0.00     0.00     0.00     0.00     0.00
03:39:21     0.00     0.00     0.00     0.00     0.00
03:39:26     0.00     0.00     0.00     0.00     0.00
03:39:31     0.00     0.00     0.00     0.00     0.00
03:39:37     0.00     0.00     0.00     0.00     0.00
03:39:42     0.00     0.00     0.00     0.00     0.00
03:39:47     0.00     0.00     0.00     0.00     0.00
03:39:52     0.00     0.00     0.00     0.00     0.00
03:39:57     0.00     0.00     0.00     0.00     0.00
03:40:02     0.00     0.00     0.00     0.00     0.00
03:40:07     0.00     0.00     0.00     0.00     0.00
03:40:12     0.00     0.00     0.00     0.00     0.00
03:40:17     0.00     0.00     0.00     0.00     0.00
03:40:22     0.00     0.00     0.00     0.00     0.00
03:40:27     0.00     0.00     0.00     0.00     0.00
03:40:32     0.00     0.00     0.00     0.00     0.00
03:40:37     0.00     0.00     0.00     0.00     0.00
03:40:42     0.00     0.00     0.00     0.00     0.00
03:40:47     0.00     0.00     0.00     0.00     0.00
03:40:52     0.00     0.00     0.00     0.00     0.00
03:40:57     0.00     0.00     0.00     0.00     0.00
03:41:02     0.00     0.00     0.00     0.00     0.00
03:41:07     0.00     0.00     0.00     0.00     0.00
03:41:12     0.00     0.00     0.00     0.00     0.00
03:41:17     0.00     0.00     0.00     0.00     0.00
03:41:22     0.00     0.00     0.00     0.00     0.00
03:41:27     0.00     0.00     0.00     0.00     0.00
03:41:32     0.00     0.00     0.00     0.00     0.00
03:41:37     0.00     0.00     0.00     0.00     0.00
03:41:42     0.00     0.00     0.00     0.00     0.00
03:41:47     0.00     0.00     0.00     0.00     0.00
03:41:52     0.00     0.00     0.00     0.00     0.00
03:41:57     0.00     0.00     0.00     0.00     0.00
03:42:02     0.00     0.00     0.00     0.00     0.00
03:42:07     0.00     0.00     0.00     0.00     0.00
03:42:12     0.00     0.00     0.00     0.00     0.00
03:42:17     0.00     0.00     0.00     0.00     0.00
03:42:22     0.00     0.00     0.00     0.00     0.00
03:42:27     0.00     0.00     0.00     0.00     0.00
03:42:32     0.00     0.00     0.00     0.00     0.00
03:42:37     0.00     0.00     0.00     0.00     0.00
03:42:42     0.00     0.00     0.00     0.00     0.00
03:42:47     0.00     0.00     0.00     0.00     0.00
03:42:52     0.00     0.00     0.00     0.00     0.00
03:42:57     0.00     0.00     0.00     0.00     0.00
03:43:02     0.00     0.00     0.00     0.00     0.00
03:43:07     0.00     0.00     0.00     0.00     0.00
03:43:12     0.00     0.00     0.00     0.00     0.00
03:43:17     0.00     0.00     0.00     0.00     0.00
03:43:22     0.00     0.00     0.00     0.00     0.00
03:43:27     0.00     0.00     0.00     0.00     0.00
03:43:32     0.00     0.00     0.00     0.00     0.00
03:43:37     0.00     0.00     0.00     0.00     0.00
03:43:42     0.00     0.00     0.00     0.00     0.00
03:43:47     0.00     0.00     0.00     0.00     0.00
03:43:52     0.00     0.00     0.00     0.00     0.00
03:43:57     0.00     0.00     0.00     0.00     0.00
03:44:02     0.00     0.00     0.00     0.00     0.00
03:44:07     0.00     0.00     0.00     0.00     0.00
03:44:12     0.00     0.00     0.00     0.00     0.00
03:44:17     0.00     0.00     0.00     0.00     0.00
03:44:22     0.00     0.00     0.00     0.00     0.00
03:44:27     0.00     0.00     0.00     0.00     0.00
03:44:32     0.00     0.00     0.00     0.00     0.00
03:44:37     0.00     0.00     0.00     0.00     0.00
03:44:42     0.00     0.00     0.00     0.00     0.00
03:44:47     0.00     0.00     0.00     0.00     0.00
03:44:52     0.00     0.00     0.00     0.00     0.00
03:44:57     0.00     0.00     0.00     0.00     0.00
03:45:02     0.00     0.00     0.00     0.00     0.00
03:45:07     0.00     0.00     0.00     0.00     0.00
03:45:12     0.00     0.00     0.00     0.00     0.00
03:45:17     0.00     0.00     0.00     0.00     0.00
03:45:22     0.00     0.00     0.00     0.00     0.00
03:45:27     0.00     0.00     0.00     0.00     0.00
03:45:32     0.00     0.00     0.00     0.00     0.00
03:45:37     0.00     0.00     0.00     0.00     0.00
03:45:42     0.00     0.00     0.00     0.00     0.00
03:45:47     0.00     0.00     0.00     0.00     0.00
03:45:52     0.00     0.00     0.00     0.00     0.00
03:45:57     0.00     0.00     0.00     0.00     0.00
03:46:02     0.00     0.00     0.00     0.00     0.00
03:46:07     0.00     0.00     0.00     0.00     0.00
03:46:12     0.00     0.00     0.00     0.00     0.00
03:46:17     0.00     0.00     0.00     0.00     0.00
03:46:22     0.00     0.00     0.00     0.00     0.00
03:46:27     0.00     0.00     0.00     0.00     0.00
03:46:32     0.00     0.00     0.00     0.00     0.00
03:46:37     0.00     0.00     0.00     0.00     0.00
03:46:42     0.00     0.00     0.00     0.00     0.00
03:46:47     0.00     0.00     0.00     0.00     0.00
03:46:52     0.00     0.00     0.00     0.00     0.00
03:46:57     0.00     0.00     0.00     0.00     0.00
03:47:02     0.00     0.00     0.00     0.00     0.00
03:47:07     0.00     0.00     0.00     0.00     0.00
03:47:12     0.00     0.00     0.00     0.00     0.00
03:47:17     0.00     0.00     0.00     0.00     0.00
03:47:22     0.00     0.00     0.00     0.00     0.00
03:47:27     0.00     0.00     0.00     0.00     0.00
03:47:32     0.00     0.00     0.00     0.00     0.00
03:47:37     0.00     0.00     0.00     0.00     0.00
03:47:42     0.00     0.00     0.00     0.00     0.00
03:47:47     0.00     0.00     0.00     0.00     0.00
03:47:52     0.00     0.00     0.00     0.00     0.00
03:47:58     0.00     0.00     0.00     0.00     0.00
03:48:03     0.00     0.00     0.00     0.00     0.00
03:48:08     0.00     0.00     0.00     0.00     0.00
03:48:13     0.00     0.00     0.00     0.00     0.00
03:48:18     0.00     0.00     0.00     0.00     0.00
03:48:23     0.00     0.00     0.00     0.00     0.00
03:48:28     0.00     0.00     0.00     0.00     0.00
03:48:33     0.00     0.00     0.00     0.00     0.00
03:48:38     0.00     0.00     0.00     0.00     0.00
03:48:43     0.00     0.00     0.00     0.00     0.00
03:48:48     0.00     0.00     0.00     0.00     0.00
03:48:53     0.00     0.00     0.00     0.00     0.00
03:48:58     0.00     0.00     0.00     0.00     0.00
03:49:03     0.00     0.00     0.00     0.00     0.00
03:49:08     0.00     0.00     0.00     0.00     0.00
03:49:13     0.00     0.00     0.00     0.00     0.00
03:49:18     0.00     0.00     0.00     0.00     0.00
03:49:23     0.00     0.00     0.00     0.00     0.00
03:49:28     0.00     0.00     0.00     0.00     0.00
03:49:33     0.00     0.00     0.00     0.00     0.00
03:49:38     0.00     0.00     0.00     0.00     0.00
03:49:43     0.00     0.00     0.00     0.00     0.00
03:49:48     0.00     0.00     0.00     0.00     0.00
03:49:53     0.00     0.00     0.00     0.00     0.00
03:49:58     0.00     0.00     0.00     0.00     0.00
03:50:03     0.00     0.00     0.00     0.00     0.00
03:50:08     0.00     0.00     0.00     0.00     0.00
03:50:13     0.00     0.00     0.00     0.00     0.00
03:50:18     0.00     0.00     0.00     0.00     0.00
03:50:23     0.00     0.00     0.00     0.00     0.00
03:50:28     0.00     0.00     0.00     0.00     0.00
03:50:33     0.00     0.00     0.00     0.00     0.00
03:50:38     0.00     0.00     0.00     0.00     0.00
03:50:43     0.00     0.00     0.00     0.00     0.00
03:50:48     0.00     0.00     0.00     0.00     0.00
03:50:53     0.00     0.00     0.00     0.00     0.00
03:50:58     0.00     0.00     0.00     0.00     0.00
03:51:03     0.00     0.00     0.00     0.00     0.00
03:51:08     0.00     0.00     0.00     0.00     0.00
03:51:13     0.00     0.00     0.00     0.00     0.00
03:51:18     0.00     0.00     0.00     0.00     0.00
03:51:23     0.00     0.00     0.00     0.00     0.00
03:51:28     0.00     0.00     0.00     0.00     0.00
03:51:33     0.00     0.00     0.00     0.00     0.00
03:51:38     0.00     0.00     0.00     0.00     0.00
03:51:43     0.00     0.00     0.00     0.00     0.00
03:51:48     0.00     0.00     0.00     0.00     0.00
03:51:53     0.00     0.00     0.00     0.00     0.00
03:51:58     0.00     0.00     0.00     0.00     0.00
03:52:03     0.00     0.00     0.00     0.00     0.00
03:52:08     0.00     0.00     0.00     0.00     0.00
03:52:13     0.00     0.00     0.00     0.00     0.00
03:52:18     0.00     0.00     0.00     0.00     0.00
03:52:23     0.00     0.00     0.00     0.00     0.00
03:52:28     0.00     0.00     0.00     0.00     0.00
03:52:33     0.00     0.00     0.00     0.00     0.00
03:52:38     0.00     0.00     0.00     0.00     0.00
03:52:43     0.00     0.00     0.00     0.00     0.00
03:52:48     0.00     0.00     0.00     0.00     0.00
03:52:53     0.00     0.00     0.00     0.00     0.00
