
SunOS canfire03 5.11 onnv-gate i86pc    05/09/2009

23:08:25 sml_mem   alloc  fail  lg_mem   alloc  fail  ovsz_alloc  fail
23:08:30 281407680 222468656     0 832835584 784143296     0    76648448     0
23:08:35 281407680 222475120     0 832819200 784135680     0    76648448     0
23:08:40 281411776 222488704     0 832819200 784145152     0    76648448     0
23:08:45 281411776 222495008     0 832843776 784166400     0    76648448     0
23:08:50 281411776 222498880     0 832856064 784169472     0    76648448     0
23:08:55 281411776 222502032     0 832839680 784160768     0    76648448     0
23:09:00 281415872 222504160     0 832839680 784220160     0    76648448     0
23:09:05 281415872 222610400     0 832880640 784256896     0    76648448     0
23:09:10 281415872 222500272     0 832851968 784181568     0    76648448     0
23:09:15 281415872 222503472     0 832835584 784170944     0    76648448     0
23:09:20 281415872 222507056     0 832835584 784177088     0    76648448     0
23:09:25 281415872 222513760     0 832872448 784191168     0    76648448     0
23:09:30 281415872 222491872     0 832872448 784194496     0    76648448     0
23:09:35 281415872 222495808     0 832880640 784183744     0    76648448     0
23:09:40 281415872 222499392     0 832880640 784188864     0    76648448     0
23:09:45 281415872 222517088     0 832897024 784253888     0    76648448     0
23:09:50 281415872 222525184     0 832901120 784235264     0    76648448     0
23:09:55 281415872 222512752     0 832880640 784200192     0    76648448     0
23:10:00 281415872 222489888     0 832880640 784199616     0    76648448     0
23:10:05 281415872 222497504     0 832897024 784215488     0    76648448     0
23:10:10 281415872 222501504     0 832933888 784219840     0    76648448     0
23:10:15 281415872 222504128     0 832917504 784210368     0    76648448     0
23:10:20 281415872 222507712     0 832917504 784212416     0    76648448     0
23:10:25 281415872 222513984     0 832933888 784228800     0    76648448     0
23:10:30 281415872 222503648     0 832933888 784281024     0    76648448     0
23:10:35 281415872 222572640     0 832933888 784260544     0    76648448     0
23:10:40 281415872 222499776     0 832917504 784226496     0    76648448     0
23:10:45 281415872 222505760     0 832933888 784238528     0    76648448     0
23:10:50 281415872 222509488     0 832933888 784242624     0    76648448     0
23:10:55 281415872 222513072     0 832917504 784232896     0    76648448     0
23:11:00 281415872 222491776     0 832921600 784241088     0    76648448     0
23:11:05 281415872 222498944     0 832937984 784253376     0    76648448     0
23:11:10 281415872 222514880     0 832954368 784313728     0    76648448     0
23:11:15 281415872 222517952     0 832954368 784282496     0    76648448     0
23:11:20 281415872 222508448     0 832954368 784252352     0    76648448     0
23:11:25 281415872 222515056     0 832970752 784271040     0    76648448     0
23:11:30 281415872 222493136     0 832970752 784268736     0    76648448     0
23:11:35 281415872 222496976     0 832954368 784265664     0    76648448     0
23:11:40 281415872 222500608     0 832954368 784266688     0    76648448     0
23:11:45 281415872 222507024     0 832970752 784278464     0    76648448     0
23:11:50 281415872 222510704     0 832970752 784282560     0    76648448     0
23:11:55 281415872 222525024     0 832954368 784327104     0    76648448     0
23:12:00 281415872 222601600     0 832978944 784352064     0    76648448     0
23:12:05 281415872 222498752     0 832970752 784290752     0    76648448     0
23:12:10 281415872 222502336     0 832970752 784295360     0    76648448     0
23:12:15 281415872 222505280     0 832954368 784285120     0    76648448     0
23:12:20 281415872 222508864     0 832954368 784289216     0    76648448     0
23:12:25 281415872 222515232     0 832995328 784305088     0    76648448     0
23:12:30 281415872 222496096     0 832999424 784309760     0    76648448     0
23:12:35 281415872 222499936     0 832983040 784302592     0    76648448     0
23:12:40 281415872 222515200     0 832987136 784357312     0    76648448     0
23:12:45 281415872 222587040     0 833028096 784371968     0    76648448     0
23:12:50 281415872 222513936     0 833011712 784331008     0    76648448     0
23:12:55 281415872 222517024     0 832995328 784323328     0    76648448     0
23:13:00 281415872 222495296     0 832995328 784323840     0    76648448     0
23:13:05 281415872 222502464     0 833011712 784335616     0    76648448     0
23:13:10 281415872 222506048     0 833011712 784344832     0    76648448     0
23:13:15 281415872 222508992     0 832995328 784333056     0    76648448     0
23:13:20 281415872 222524064     0 832995328 784389440     0    76648448     0
23:13:25 281415872 223082992     0 833200128 784665024     0    76648448     0
23:13:30 281436352 233325408     0 837484544 788659072     0    76648448     0
23:13:35 281448640 233397072     0 837468160 788657856     0    76648448     0
23:13:40 281452736 233408224     0 837468160 788661952     0    76648448     0
23:13:45 281452736 233417120     0 837492736 788687680     0    76648448     0
23:13:50 281452736 233420704     0 837492736 788689216     0    76648448     0
23:13:55 281452736 233423904     0 837476352 788686656     0    76648448     0
23:14:00 281456832 233321632     0 837509120 788670592     0    76648448     0
23:14:05 281456832 233340192     0 837525504 788738688     0    76648448     0
23:14:10 281456832 233411008     0 837541888 788728064     0    76648448     0
23:14:15 281456832 233335424     0 837509120 788675328     0    76648448     0
23:14:20 281456832 233339264     0 837509120 788679424     0    76648448     0
23:14:25 281456832 233345632     0 837652480 788695296     0    76648448     0
23:14:30 281456832 233324128     0 837783552 788708096     0    76648448     0
23:14:35 281456832 233329040     0 837898240 788697344     0    76648448     0
23:14:40 281456832 233333792     0 837898240 788828992     0    76648448     0
23:14:45 281456832 233351552     0 837914624 788897088     0    76648448     0
23:14:50 281456832 233420928     0 837931008 788885824     0    76648448     0
23:14:55 281456832 233346880     0 837898240 788834624     0    76648448     0
23:15:00 281456832 233324560     0 837898240 788851008     0    76648448     0
23:15:05 281456832 233331952     0 837914624 788863808     0    76648448     0
23:15:10 281456832 233335472     0 837914624 788863808     0    76648448     0
23:15:15 281456832 233338672     0 837898240 788856128     0    76648448     0
23:15:20 281456832 233342256     0 837898240 788856128     0    76648448     0
23:15:25 281456832 233360256     0 837955584 788920128     0    76648448     0
23:15:31 281456832 233436560     0 837980160 788940992     0    76648448     0
23:15:36 281456832 233329632     0 837939200 788860224     0    76648448     0
23:15:41 281456832 233334336     0 837980160 788860224     0    76648448     0
23:15:46 281456832 233340608     0 837996544 788872000     0    76648448     0
23:15:51 281456832 233344448     0 837996544 788872000     0    76648448     0
23:15:56 281456832 233348128     0 837980160 788860224     0    76648448     0
23:16:01 281456832 233325376     0 837980160 788861760     0    76648448     0
23:16:06 281456832 233349600     0 837996544 788929472     0    76648448     0
23:16:11 281456832 233450400     0 838021120 788969152     0    76648448     0
23:16:16 281456832 233339728     0 837980160 788868928     0    76648448     0
23:16:21 281456832 233343312     0 837980160 788873024     0    76648448     0
23:16:26 281456832 233349584     0 837996544 788884800     0    76648448     0
23:16:31 281456832 233327056     0 837992448 788875968     0    76648448     0
23:16:36 281456832 233331792     0 837988352 788873024     0    76648448     0
23:16:41 281456832 233027776     0 837832704 788616960     0    76648448     0
23:16:46 281460928 233031728     0 837832704 788605440     0    76648448     0
23:16:51 281460928 233046080     0 837816320 788649984     0    76648448     0
23:16:56 281460928 233115616     0 837832704 788638720     0    76648448     0
23:17:01 281460928 233013280     0 837849088 788625920     0    76648448     0
23:17:06 281460928 233019136     0 837849088 788627840     0    76648448     0
23:17:11 281460928 233020944     0 837832704 788620544     0    76648448     0
23:17:16 281460928 233024528     0 837832704 788620544     0    76648448     0
23:17:21 281460928 233031056     0 837849088 788632320     0    76648448     0
23:17:26 281460928 233035280     0 837849088 788632320     0    76648448     0
23:17:31 281460928 233023312     0 837832704 788672768     0    76648448     0
23:17:36 281460928 233095008     0 837869568 788661504     0    76648448     0
23:17:41 281460928 233023792     0 837869568 788633920     0    76648448     0
23:17:46 281460928 233027632     0 837869568 788639040     0    76648448     0
23:17:51 281460928 233030576     0 837853184 788627264     0    76648448     0
23:17:56 281460928 233034160     0 837853184 788629760     0    76648448     0
23:18:01 281460928 233014848     0 837869568 788645184     0    76648448     0
23:18:06 281460928 233024032     0 837869568 788643200     0    76648448     0
23:18:11 281460928 233034992     0 837853184 788691776     0    76648448     0
23:18:16 281460928 233133440     0 837877760 788704960     0    76648448     0
23:18:21 281460928 233032192     0 837869568 788647488     0    76648448     0
23:18:26 281460928 233035744     0 837869568 788645184     0    76648448     0
23:18:31 281460928 233011712     0 837853184 788633408     0    76648448     0
23:18:36 281460928 233017440     0 837853184 788633408     0    76648448     0
23:18:41 281460928 233023712     0 837869568 788647680     0    76648448     0
23:18:46 281460928 233027312     0 837869568 788653376     0    76648448     0
23:18:51 281460928 233042096     0 837853184 788693120     0    76648448     0
23:18:56 281460928 233152208     0 837881856 788884352     0    76648448     0
23:19:01 281460928 233017392     0 838000640 788794688     0    76648448     0
23:19:06 281460928 233021408     0 838000640 788792704     0    76648448     0
23:19:11 281460928 233023488     0 837984256 788782912     0    76648448     0
23:19:16 281460928 233027328     0 837984256 788784960     0    76648448     0
23:19:21 281460928 233033648     0 838000640 788798784     0    76648448     0
23:19:26 281460928 233034688     0 838017024 788678592     0    76648448     0
23:19:31 281460928 233015264     0 838000640 788669696     0    76648448     0
23:19:36 281460928 233030432     0 838000640 788722816     0    76648448     0
23:19:41 281460928 233102256     0 838033408 788724032     0    76648448     0
23:19:46 281460928 233028704     0 838017024 788683072     0    76648448     0
23:19:51 281460928 233031648     0 838000640 788669696     0    76648448     0
23:19:56 281460928 233033184     0 838000640 788673536     0    76648448     0
23:20:01 281460928 233016016     0 838017024 788683520     0    76648448     0
23:20:06 281460928 233025536     0 838017024 788684736     0    76648448     0
23:20:11 281460928 233023472     0 838000640 788673344     0    76648448     0
23:20:16 281460928 233038432     0 838000640 788729728     0    76648448     0
23:20:21 281460928 233110800     0 838033408 788735168     0    76648448     0
23:20:26 281460928 233035360     0 838017024 788695552     0    76648448     0
23:20:31 281460928 233016192     0 838000640 788681536     0    76648448     0
23:20:36 281460928 233019776     0 838000640 788681536     0    76648448     0
23:20:41 281460928 233026048     0 838017024 788693312     0    76648448     0
23:20:46 281460928 233029936     0 838017024 788693312     0    76648448     0
23:20:51 281460928 233033776     0 838131712 788812928     0    76648448     0
23:20:56 281460928 233046928     0 838131712 788871168     0    76648448     0
23:21:01 281460928 233058704     0 838156288 788865664     0    76648448     0
23:21:06 281460928 233022192     0 838148096 788830464     0    76648448     0
23:21:11 281460928 233024000     0 838131712 788823168     0    76648448     0
23:21:16 281460928 233027696     0 838131712 788823168     0    76648448     0
23:21:21 281460928 233034112     0 838148096 788836992     0    76648448     0
23:21:26 281460928 233036048     0 838148096 788839168     0    76648448     0
23:21:31 281460928 233015488     0 838131712 788826240     0    76648448     0
23:21:36 281460928 233031392     0 838131712 788876864     0    76648448     0
23:21:41 281460928 233136560     0 838172672 788912000     0    76648448     0
23:21:46 281460928 233029392     0 838148096 788838016     0    76648448     0
23:21:51 281460928 233032592     0 838131712 788826240     0    76648448     0
23:21:56 281460928 233008512     0 838131712 788830336     0    76648448     0
23:22:01 281460928 233018624     0 838148096 788848256     0    76648448     0
23:22:06 281460928 233020528     0 838148096 788847872     0    76648448     0
23:22:11 281460928 233024608     0 838131712 788836480     0    76648448     0
23:22:16 281460928 233028496     0 838131712 788838528     0    76648448     0
23:22:21 281460928 233030224     0 838148096 788887808     0    76648448     0
23:22:26 281460928 233010208     0 838148096 788854656     0    76648448     0
23:22:31 281460928 233016112     0 838131712 788842880     0    76648448     0
23:22:36 281460928 233019696     0 838131712 788842880     0    76648448     0
23:22:41 281460928 233026896     0 838148096 788854656     0    76648448     0
23:22:46 281460928 233030480     0 838148096 788858752     0    76648448     0
23:22:51 281460928 233033680     0 838131712 788846976     0    76648448     0
23:22:56 281460928 233008624     0 838131712 788849472     0    76648448     0
23:23:01 281460928 233029200     0 838148096 788913472     0    76648448     0
23:23:06 281460928 233103360     0 838164480 788902208     0    76648448     0
23:23:11 281460928 233025264     0 838131712 788851072     0    76648448     0
23:23:16 281460928 233029248     0 838131712 788849472     0    76648448     0
23:23:21 281460928 233035664     0 838148096 788862848     0    76648448     0
23:23:26 281460928 233011040     0 838164480 788879232     0    76648448     0
23:23:31 281460928 233017824     0 838148096 788873600     0    76648448     0
23:23:36 281460928 233021408     0 838148096 788872000     0    76648448     0
23:23:41 281460928 233039072     0 838164480 788938624     0    76648448     0
23:23:47 281460928 233108496     0 838180864 788925760     0    76648448     0
23:23:52 281460928 233034208     0 838148096 788878720     0    76648448     0
23:23:57 281460928 233009344     0 838148096 788877120     0    76648448     0
23:24:02 281460928 233018528     0 838164480 788894592     0    76648448     0
23:24:07 281460928 233021024     0 838164480 788894656     0    76648448     0
23:24:12 281460928 233010480     0 838148096 788965184     0    76648448     0
23:24:17 281460928 233017104     0 838230016 788967488     0    76648448     0
23:24:22 281460928 233035456     0 838246400 789033280     0    76648448     0
23:24:27 281460928 233138944     0 838270976 789054144     0    76648448     0
23:24:32 281460928 233030336     0 838230016 788970880     0    76648448     0
23:24:37 281460928 233034176     0 838230016 788970880     0    76648448     0
23:24:42 281460928 233013248     0 838246400 788989248     0    76648448     0
23:24:47 281460928 233019744     0 838234112 788982016     0    76648448     0
23:24:52 281460928 233023168     0 838230016 788979072     0    76648448     0
23:24:57 281460928 233029984     0 838246400 788990848     0    76648448     0
23:25:02 281460928 233045360     0 838332416 789043072     0    76648448     0
23:25:07 281460928 233145328     0 838340608 789044992     0    76648448     0
23:25:12 281460928 233012848     0 838316032 788981568     0    76648448     0
23:25:17 281460928 233021680     0 838332416 788994944     0    76648448     0
23:25:22 281460928 233025264     0 838332416 788994944     0    76648448     0
23:25:27 281460928 233028464     0 838316032 788987264     0    76648448     0
23:25:32 281460928 233032160     0 838316032 788987264     0    76648448     0
23:25:37 281460928 233038432     0 838332416 788999040     0    76648448     0
23:25:42 281460928 233013856     0 838332416 789005632     0    76648448     0
23:25:47 281460928 233045072     0 838316032 789051904     0    76648448     0
23:25:52 281460928 233023376     0 838316032 788993856     0    76648448     0
23:25:57 281460928 233030192     0 838332416 789009728     0    76648448     0
23:26:02 281460928 233033776     0 838332416 789011776     0    76648448     0
23:26:07 281460928 233035632     0 838316032 788999616     0    76648448     0
23:26:12 281460928 233012528     0 838406144 789001600     0    76648448     0
23:26:17 281460928 233022288     0 838422528 789013376     0    76648448     0
23:26:22 281460928 233025872     0 838422528 789013376     0    76648448     0
23:26:27 281460928 233040192     0 838406144 789057920     0    76648448     0
23:26:32 281460928 233109120     0 838422528 789046656     0    76648448     0
23:26:37 281460928 233038672     0 838422528 789017472     0    76648448     0
23:26:42 281460928 233014816     0 838422528 789025920     0    76648448     0
23:26:47 281460928 233020224     0 838406144 789018240     0    76648448     0
23:26:52 281460928 233023808     0 838406144 789016640     0    76648448     0
23:26:57 281460928 233031008     0 838422528 789030016     0    76648448     0
23:27:02 281460928 233035456     0 838422528 789161344     0    76648448     0
23:27:07 281460928 231425440     0 838238208 789058752     0    76648448     0
23:27:12 281460928 231411296     0 838307840 789051648     0    76648448     0
23:27:17 281460928 230848224     0 838410240 789326272     0    76648448     0
23:27:22 281460928 230851536     0 838410240 789319360     0    76648448     0
23:27:27 281460928 230854480     0 838393856 789307584     0    76648448     0
23:27:32 281460928 230858320     0 838393856 789311680     0    76648448     0
23:27:37 281460928 230864656     0 838410240 789321856     0    76648448     0
23:27:42 281465024 230820640     0 838426624 789348032     0    76648448     0
23:27:47 281465024 230826528     0 838410240 789338304     0    76648448     0
23:27:52 281465024 230824928     0 838377472 789352192     0    76648448     0
23:27:57 281465024 230836128     0 838426624 789354176     0    76648448     0
23:28:02 281465024 230840016     0 838426624 789354176     0    76648448     0
23:28:07 281465024 230841696     0 838410240 789341632     0    76648448     0
23:28:12 281465024 230818368     0 838443008 789378880     0    76648448     0
23:28:17 281465024 230827168     0 838459392 789390656     0    76648448     0
23:28:22 281465024 230830752     0 838459392 789394752     0    76648448     0
23:28:27 281465024 230834624     0 838443008 789382976     0    76648448     0
23:28:32 281465024 230849792     0 838443008 789436096     0    76648448     0
23:28:37 281465024 230852816     0 838463488 789419712     0    76648448     0
23:28:42 281465024 230820128     0 838459392 789397248     0    76648448     0
23:28:47 281465024 230825536     0 838443008 789385472     0    76648448     0
23:28:52 281465024 230830048     0 838443008 789385472     0    76648448     0
23:28:57 281465024 230836368     0 838459392 789398848     0    76648448     0
23:29:02 281465024 230840352     0 838459392 789402944     0    76648448     0
23:29:07 281465024 230843392     0 838443008 789395264     0    76648448     0
23:29:12 281465024 230819424     0 838443008 789399360     0    76648448     0
23:29:17 281465024 230849472     0 838459392 789454656     0    76648448     0
23:29:22 281465024 230832288     0 838459392 789413440     0    76648448     0
23:29:27 281465024 230835808     0 838443008 789399360     0    76648448     0
23:29:32 281465024 230839456     0 838443008 789399360     0    76648448     0
23:29:37 281465024 230845728     0 838459392 789411136     0    76648448     0
23:29:42 281465024 230819200     0 838459392 789303040     0    76648448     0
23:29:47 281465024 230825056     0 838443008 789292864     0    76648448     0
23:29:52 281465024 230829584     0 838443008 789296960     0    76648448     0
23:29:57 281465024 230847296     0 838459392 789365056     0    76648448     0
23:30:02 281465024 230855264     0 838455296 789330240     0    76648448     0
23:30:07 281465024 230841552     0 838443008 789304768     0    76648448     0
23:30:12 281465024 230817392     0 838565888 789305152     0    76648448     0
23:30:17 281465024 230826576     0 838582272 789316928     0    76648448     0
23:30:22 281465024 230831088     0 838582272 789318976     0    76648448     0
23:30:27 281465024 230834032     0 838565888 789307648     0    76648448     0
23:30:32 281465024 230837872     0 838565888 789309248     0    76648448     0
23:30:37 281465024 230844144     0 838582272 789321024     0    76648448     0
23:30:42 281469120 230851904     0 838582272 789369216     0    76648448     0
23:30:47 281469120 230838688     0 838565888 789323840     0    76648448     0
23:30:52 281469120 230841984     0 838565888 789321536     0    76648448     0
23:30:57 281469120 230849408     0 838582272 789333312     0    76648448     0
23:31:02 281469120 230853088     0 838582272 789331712     0    76648448     0
23:31:07 281469120 230854960     0 838565888 789321152     0    76648448     0
23:31:12 281469120 230831152     0 838565888 789319936     0    76648448     0
23:31:17 281469120 230839888     0 838582272 789333312     0    76648448     0
23:31:22 281469120 230855776     0 838582272 789385536     0    76648448     0
23:31:27 281469120 230863088     0 838574080 789347520     0    76648448     0
23:31:32 281469120 230850672     0 838565888 789325632     0    76648448     0
23:31:37 281469120 230857200     0 838582272 789341504     0    76648448     0
23:31:42 281469120 230830832     0 838541312 789299584     0    76648448     0
23:31:47 281469120 230837616     0 838524928 789287808     0    76648448     0
23:31:52 281469120 230841248     0 838524928 789290240     0    76648448     0
23:31:57 281469120 230847664     0 838541312 789303680     0    76648448     0
23:32:02 281469120 230851600     0 838541312 789303680     0    76648448     0
23:32:08 281469120 230884256     0 838529024 789311296     0    76648448     0
23:32:13 281469120 230830448     0 838541312 789308288     0    76648448     0
23:32:18 281469120 230839632     0 838557696 789320064     0    76648448     0
23:32:23 281469120 230843600     0 838557696 789326400     0    76648448     0
23:32:28 281469120 230846464     0 838541312 789316480     0    76648448     0
23:32:33 281469120 230850048     0 838541312 789316480     0    76648448     0
23:32:38 281469120 230856576     0 838557696 789326592     0    76648448     0
23:32:43 281469120 230832080     0 838557696 789328256     0    76648448     0
23:32:48 281469120 230848912     0 838541312 789367104     0    76648448     0
23:32:53 281469120 230849696     0 838541312 789331136     0    76648448     0
23:32:58 281469120 230848448     0 838557696 789328256     0    76648448     0
23:33:03 281469120 230852032     0 838557696 789326592     0    76648448     0
23:33:08 281469120 230854736     0 838672384 789320192     0    76648448     0
23:33:13 281469120 230834048     0 838950912 789467776     0    76648448     0
23:33:18 281469120 230841024     0 838950912 789468224     0    76648448     0
23:33:23 281469120 230843968     0 838934528 789456448     0    76648448     0
23:33:28 281469120 230847552     0 838934528 789458048     0    76648448     0
23:33:33 281469120 230905200     0 838963200 789537664     0    76648448     0
23:33:38 281469120 230857408     0 838950912 789472320     0    76648448     0
23:33:43 281469120 230833328     0 838934528 789464896     0    76648448     0
23:33:48 281469120 230839424     0 838934528 789466496     0    76648448     0
23:33:53 281469120 230845936     0 839081984 789478272     0    76648448     0
23:33:58 281469120 230850896     0 839081984 789609856     0    76648448     0
23:34:03 281469120 230853840     0 839065600 789596544     0    76648448     0
23:34:08 281469120 230857680     0 839065600 789598080     0    76648448     0
23:34:13 281469120 230847248     0 839213056 789682624     0    76648448     0
23:34:18 281469120 230880800     0 839221248 789665920     0    76648448     0
23:34:23 281469120 230845296     0 839196672 789622656     0    76648448     0
23:34:28 281469120 230848880     0 839196672 789622656     0    76648448     0
23:34:33 281469120 230855600     0 839213056 789634432     0    76648448     0
23:34:38 281469120 230859184     0 839213056 789634944     0    76648448     0
23:34:43 281469120 230834576     0 839213056 789641088     0    76648448     0
23:34:48 281469120 222964768     0 837636096 788040960     0    76648448     0
23:34:53 281469120 222971136     0 837652480 788054336     0    76648448     0
23:34:58 281469120 222444656     0 837545984 788095232     0    76648448     0
23:35:03 281469120 222511344     0 837545984 788064320     0    76648448     0
23:35:08 281469120 222437616     0 837529600 788155840     0    76648448     0
23:35:13 281469120 222387824     0 837550080 788188480     0    76648448     0
23:35:18 281469120 222394096     0 837550080 788188480     0    76648448     0
23:35:23 281469120 222397040     0 837533696 788176704     0    76648448     0
23:35:28 281469120 222400624     0 837533696 788176704     0    76648448     0
23:35:33 281469120 222406896     0 837550080 788188480     0    76648448     0
23:35:38 281469120 222421872     0 837550080 788240704     0    76648448     0
23:35:43 281469120 222498464     0 837558272 788252288     0    76648448     0
23:35:48 281469120 222392912     0 837533696 788179200     0    76648448     0
23:35:53 281469120 222399280     0 837550080 788192576     0    76648448     0
23:35:58 281469120 222403920     0 837566464 788209280     0    76648448     0
23:36:03 281469120 222406864     0 837550080 788195904     0    76648448     0
23:36:08 281469120 222412384     0 837558272 788316608     0    76648448     0
23:36:13 281469120 222395408     0 837566464 788229760     0    76648448     0
23:36:18 281473216 222402320     0 837566464 788232256     0    76648448     0
23:36:23 281473216 222416656     0 837550080 788274304     0    76648448     0
23:36:28 281473216 222434128     0 837558272 788251328     0    76648448     0
23:36:33 281473216 222414864     0 837566464 788233856     0    76648448     0
23:36:38 281473216 222416672     0 837578752 788232256     0    76648448     0
23:36:43 281473216 222397520     0 837562368 788218240     0    76648448     0
23:36:48 281473216 222401200     0 837562368 788216640     0    76648448     0
23:36:53 281473216 222407472     0 837578752 788230016     0    76648448     0
23:36:58 281473216 222411056     0 837578752 788230016     0    76648448     0
23:37:03 281473216 222414000     0 837562368 788218240     0    76648448     0
23:37:08 281473216 222430656     0 837562368 788286656     0    76648448     0
23:37:13 281473216 222476144     0 837595136 788270976     0    76648448     0
23:37:18 281473216 222402928     0 837578752 788230016     0    76648448     0
23:37:23 281473216 222405872     0 837562368 788216640     0    76648448     0
23:37:28 281473216 222409568     0 837562368 788216640     0    76648448     0
23:37:33 281473216 222415840     0 837578752 788230016     0    76648448     0
23:37:38 281473216 222417216     0 837578752 788230656     0    76648448     0
23:37:43 281473216 222398064     0 837562368 788216640     0    76648448     0
23:37:48 281473216 222413120     0 837562368 788268864     0    76648448     0
23:37:53 281473216 222518640     0 837603328 788303104     0    76648448     0
23:37:58 281473216 222411344     0 837578752 788230016     0    76648448     0
23:38:03 281473216 222414288     0 837562368 788216640     0    76648448     0
23:38:08 281473216 222415808     0 837578752 788240832     0    76648448     0
23:38:13 281473216 222400480     0 837595136 788249216     0    76648448     0
23:38:18 281473216 222404064     0 837595136 788249216     0    76648448     0
23:38:23 281473216 222407008     0 837578752 788238976     0    76648448     0
23:38:28 281473216 222410592     0 837578752 788237440     0    76648448     0
23:38:33 281473216 222428304     0 837595136 788303040     0    76648448     0
23:38:38 281473216 222461776     0 837603328 788279424     0    76648448     0
23:38:43 281473216 222399152     0 837578752 788243072     0    76648448     0
23:38:48 281473216 222402736     0 837578752 788243072     0    76648448     0
23:38:53 281473216 222409008     0 837595136 788254848     0    76648448     0
23:38:58 281473216 222412592     0 837595136 788256896     0    76648448     0
23:39:03 281473216 222415536     0 837578752 788245120     0    76648448     0
23:39:08 281473216 222391056     0 837578752 788245120     0    76648448     0
23:39:13 281473216 222400624     0 837595136 788255360     0    76648448     0
23:39:18 281473216 222492000     0 837607424 788473984     0    76648448     0
23:39:23 281473216 222407712     0 837578752 788374912     0    76648448     0
23:39:28 281473216 222411296     0 837578752 788376512     0    76648448     0
23:39:33 281473216 222417616     0 837595136 788388288     0    76648448     0
23:39:38 281473216 222393216     0 837595136 788386688     0    76648448     0
23:39:43 281473216 222399616     0 837578752 788380608     0    76648448     0
23:39:48 281473216 222403200     0 837578752 788379008     0    76648448     0
23:39:53 281473216 222409472     0 837595136 788392384     0    76648448     0
23:39:58 281473216 222424640     0 837595136 788449536     0    76648448     0
23:40:03 281473216 222526144     0 837603328 788457792     0    76648448     0
23:40:08 281473216 222391152     0 837578752 788384320     0    76648448     0
23:40:13 281473216 222401360     0 837595136 788396480     0    76648448     0
23:40:18 281473216 222404944     0 837595136 788396480     0    76648448     0
23:40:23 281473216 222407888     0 837578752 788384704     0    76648448     0
23:40:29 281473216 222411520     0 837578752 788384704     0    76648448     0
23:40:34 281473216 222417936     0 837595136 788394880     0    76648448     0
23:40:39 281473216 222393600     0 837595136 788394880     0    76648448     0
23:40:44 281473216 222411488     0 837578752 788437760     0    76648448     0
23:40:49 281473216 222480704     0 837595136 788424064     0    76648448     0
23:40:54 281473216 222409504     0 837595136 788394880     0    76648448     0
23:40:59 281473216 222413376     0 837595136 788396480     0    76648448     0
23:41:04 281473216 222416320     0 837578752 788384704     0    76648448     0
23:41:09 281473216 222391728     0 837578752 788384704     0    76648448     0
23:41:14 281473216 222401408     0 837595136 788396480     0    76648448     0
23:41:19 281473216 222404992     0 837595136 788396480     0    76648448     0
23:41:24 281473216 222407968     0 837578752 788384704     0    76648448     0
23:41:29 281473216 222423472     0 837586944 788441664     0    76648448     0
23:41:34 281473216 222494704     0 837611520 788437440     0    76648448     0
23:41:39 281473216 222393104     0 837578752 788375936     0    76648448     0
23:41:44 281473216 222399376     0 837578752 788375936     0    76648448     0
23:41:49 281473216 222405648     0 837595136 788387712     0    76648448     0
23:41:54 281473216 222409232     0 837595136 788386112     0    76648448     0
23:41:59 281473216 222412240     0 837578752 788375936     0    76648448     0
23:42:04 281473216 222415824     0 837578752 788376320     0    76648448     0
23:42:09 281473216 222407952     0 837595136 788446080     0    76648448     0
23:42:14 281473216 222511616     0 837619712 788459264     0    76648448     0
23:42:19 281473216 222403680     0 837578752 788374336     0    76648448     0
23:42:24 281473216 222407312     0 837578752 788374336     0    76648448     0
23:42:29 281473216 222413728     0 837595136 788387712     0    76648448     0
23:42:34 281473216 222417408     0 837595136 788386112     0    76648448     0
23:42:39 281473216 222395776     0 837582848 788380608     0    76648448     0
23:42:44 281473216 222402048     0 837582848 788379008     0    76648448     0
23:42:49 281473216 222408320     0 837599232 788392384     0    76648448     0
23:42:54 281473216 222423296     0 837599232 788443008     0    76648448     0
23:42:59 281473216 222408208     0 837582848 788382272     0    76648448     0
23:43:04 281473216 222418176     0 837582848 788384704     0    76648448     0
23:43:09 281473216 222396896     0 837599232 788394496     0    76648448     0
23:43:14 281473216 222403760     0 837599232 788396480     0    76648448     0
23:43:19 281473216 222406704     0 837582848 788387200     0    76648448     0
23:43:24 281473216 222410336     0 837582848 788387200     0    76648448     0
23:43:29 281473216 222416752     0 837599232 788400576     0    76648448     0
23:43:34 281473216 222420432     0 837599232 788403072     0    76648448     0
23:43:39 281473216 222408112     0 837582848 788445120     0    76648448     0
23:43:44 281473216 222478640     0 837599232 788433856     0    76648448     0
23:43:49 281473216 222408560     0 837599232 788404672     0    76648448     0
23:43:54 281473216 222412144     0 837599232 788404672     0    76648448     0
23:43:59 281473216 222415088     0 837582848 788391296     0    76648448     0
23:44:04 281473216 222418672     0 837582848 788392896     0    76648448     0
23:44:09 281473216 222399648     0 837787648 788421056     0    76648448     0
23:44:14 281473216 222405920     0 837787648 788419456     0    76648448     0
23:44:19 281473216 222420288     0 837771264 788459904     0    76648448     0
23:44:24 281473216 222522800     0 837795840 788482432     0    76648448     0
23:44:29 281473216 222418752     0 837787648 788421056     0    76648448     0
23:44:34 281473216 222422336     0 837787648 788421056     0    76648448     0
23:44:39 281473216 222398272     0 837771264 788407680     0    76648448     0
23:44:44 281473216 222404544     0 837771264 788409280     0    76648448     0
23:44:49 281473216 222410816     0 837787648 788419456     0    76648448     0
23:44:54 281473216 222414400     0 837787648 788419456     0    76648448     0
