This is pdfTeX, Version 3.1415926-1.40.10 (TeX Live 2009) (format=pdflatex 2009.11.7)  9 NOV 2010 15:56
entering extended mode
 %&-line parsing enabled.
**\input scheduler3.tex
(./scheduler3.tex (./acmtrans2m.cls
Document Class: acmtrans2m 1996/07/03 ACM Transactions class based on <23 April
 96>
(/usr/local/texlive/2009/texmf-dist/tex/latex/base/latexsym.sty
Package: latexsym 1998/08/17 v2.2e Standard LaTeX package (lasy symbols)
\symlasy=\mathgroup4
LaTeX Font Info:    Overwriting symbol font `lasy' in version `bold'
(Font)                  U/lasy/m/n --> U/lasy/b/n on input line 47.
)
(/usr/local/texlive/2009/texmf-dist/tex/latex/ltxmisc/url.sty
\Urlmuskip=\muskip10
Package: url 2006/04/12  ver 3.3  Verb mode for urls, etc.
)

Using ACM, TACO option: 2010 by Adam Lewis et al..

\normaltextheight=\dimen102
\c@secnumbookdepth=\count79
\c@part=\count80
\c@section=\count81
\c@subsection=\count82
\c@subsubsection=\count83
\c@paragraph=\count84
\c@figure=\count85
\c@table=\count86
\@narrowfig=\dimen103
\@nfigbox=\box26
\@nfcapbox=\box27
\@abstract=\box28
\@terms=\box29
\@keywords=\box30
\bibhang=\skip41
\bibindent=\dimen104
) (/usr/local/texlive/2009/texmf-dist/tex/latex/graphics/graphicx.sty
Package: graphicx 1999/02/16 v1.0f Enhanced LaTeX Graphics (DPC,SPQR)

(/usr/local/texlive/2009/texmf-dist/tex/latex/graphics/keyval.sty
Package: keyval 1999/03/16 v1.13 key=value parser (DPC)
\KV@toks@=\toks14
)
(/usr/local/texlive/2009/texmf-dist/tex/latex/graphics/graphics.sty
Package: graphics 2009/02/05 v1.0o Standard LaTeX Graphics (DPC,SPQR)

(/usr/local/texlive/2009/texmf-dist/tex/latex/graphics/trig.sty
Package: trig 1999/03/16 v1.09 sin cos tan (DPC)
)
(/usr/local/texlive/2009/texmf-dist/tex/latex/latexconfig/graphics.cfg
File: graphics.cfg 2009/08/28 v1.8 graphics configuration of TeX Live
)
Package graphics Info: Driver file: pdftex.def on input line 91.

(/usr/local/texlive/2009/texmf-dist/tex/latex/pdftex-def/pdftex.def
File: pdftex.def 2009/08/25 v0.04m Graphics/color for pdfTeX
\Gread@gobject=\count87
))
\Gin@req@height=\dimen105
\Gin@req@width=\dimen106
)
(/usr/local/texlive/2009/texmf-dist/tex/latex/amsmath/amsmath.sty
Package: amsmath 2000/07/18 v2.13 AMS math features
\@mathmargin=\skip42

For additional information on amsmath, use the `?' option.
(/usr/local/texlive/2009/texmf-dist/tex/latex/amsmath/amstext.sty
Package: amstext 2000/06/29 v2.01

(/usr/local/texlive/2009/texmf-dist/tex/latex/amsmath/amsgen.sty
File: amsgen.sty 1999/11/30 v2.0
\@emptytoks=\toks15
\ex@=\dimen107
))
(/usr/local/texlive/2009/texmf-dist/tex/latex/amsmath/amsbsy.sty
Package: amsbsy 1999/11/29 v1.2d
\pmbraise@=\dimen108
)
(/usr/local/texlive/2009/texmf-dist/tex/latex/amsmath/amsopn.sty
Package: amsopn 1999/12/14 v2.01 operator names
)
\inf@bad=\count88
LaTeX Info: Redefining \frac on input line 211.
\uproot@=\count89
\leftroot@=\count90
LaTeX Info: Redefining \overline on input line 307.
\classnum@=\count91
\DOTSCASE@=\count92
LaTeX Info: Redefining \ldots on input line 379.
LaTeX Info: Redefining \dots on input line 382.
LaTeX Info: Redefining \cdots on input line 467.
\Mathstrutbox@=\box31
\strutbox@=\box32
\big@size=\dimen109
LaTeX Font Info:    Redeclaring font encoding OML on input line 567.
LaTeX Font Info:    Redeclaring font encoding OMS on input line 568.
\macc@depth=\count93
\c@MaxMatrixCols=\count94
\dotsspace@=\muskip11
\c@parentequation=\count95
\dspbrk@lvl=\count96
\tag@help=\toks16
\row@=\count97
\column@=\count98
\maxfields@=\count99
\andhelp@=\toks17
\eqnshift@=\dimen110
\alignsep@=\dimen111
\tagshift@=\dimen112
\tagwidth@=\dimen113
\totwidth@=\dimen114
\lineht@=\dimen115
\@envbody=\toks18
\multlinegap=\skip43
\multlinetaggap=\skip44
\mathdisplay@stack=\toks19
LaTeX Info: Redefining \[ on input line 2666.
LaTeX Info: Redefining \] on input line 2667.
)
(/usr/local/texlive/2009/texmf-dist/tex/latex/tools/array.sty
Package: array 2008/09/09 v2.4c Tabular extension package (FMi)
\col@sep=\dimen116
\extrarowheight=\dimen117
\NC@list=\toks20
\extratabsurround=\skip45
\backup@length=\skip46
)
(/usr/local/texlive/2009/texmf-dist/tex/latex/subfig/subfig.sty
Package: subfig 2005/06/28 ver: 1.3 subfig package


Package subfig Warning: Your document class has a bad definition
 of \endfigure, most likely
 \let\endfigure=\end@float
 which has now been changed to
 \def\endfigure{\end@float}
 because otherwise subsequent changes to \end@float
 (like done by several packages changing float behaviour)
 can't take effect on \endfigure.
 Please complain to your document class author.


Package subfig Warning: Your document class has a bad definition
 of \endtable, most likely
 \let\endtable=\end@float
 which has now been changed to
 \def\endtable{\end@float}
 because otherwise subsequent changes to \end@float
 (like done by several packages changing float behaviour)
 can't take effect on \endtable.
 Please complain to your document class author.

(/usr/local/texlive/2009/texmf-dist/tex/latex/caption/caption3.sty
Package: caption3 2009/10/09 v3.1k caption3 kernel (AR)
\captionmargin=\dimen118
\captionmargin@=\dimen119
\captionwidth=\dimen120
\caption@indent=\dimen121
\caption@parindent=\dimen122
\caption@hangindent=\dimen123
\abovecaptionskip=\skip47
\belowcaptionskip=\skip48
Package caption Info: Unknown document class (or package),
(caption)             standard defaults will be used on input line 1068.
)
\c@KVtest=\count100
\sf@farskip=\skip49
\sf@captopadj=\dimen124
\sf@capskip=\skip50
\sf@nearskip=\skip51
\c@subfigure=\count101
\c@subfigure@save=\count102
\c@lofdepth=\count103
\c@subtable=\count104
\c@subtable@save=\count105
\c@lotdepth=\count106
\sf@top=\skip52
\sf@bottom=\skip53
)
(/usr/local/texlive/2009/texmf-dist/tex/latex/base/fixltx2e.sty
Package: fixltx2e 2006/09/13 v1.1m fixes to LaTeX
LaTeX Info: Redefining \em on input line 420.
LaTeX Info: The control sequence `\[' is already robust on input line 471.
LaTeX Info: The control sequence `\]' is already robust on input line 472.
)
(./scheduler3.aux)
\openout1 = `scheduler3.aux'.

LaTeX Font Info:    Checking defaults for OML/cmm/m/it on input line 89.
LaTeX Font Info:    ... okay on input line 89.
LaTeX Font Info:    Checking defaults for T1/cmr/m/n on input line 89.
LaTeX Font Info:    ... okay on input line 89.
LaTeX Font Info:    Checking defaults for OT1/cmr/m/n on input line 89.
LaTeX Font Info:    ... okay on input line 89.
LaTeX Font Info:    Checking defaults for OMS/cmsy/m/n on input line 89.
LaTeX Font Info:    ... okay on input line 89.
LaTeX Font Info:    Checking defaults for OMX/cmex/m/n on input line 89.
LaTeX Font Info:    ... okay on input line 89.
LaTeX Font Info:    Checking defaults for U/cmr/m/n on input line 89.
LaTeX Font Info:    ... okay on input line 89.

(/usr/local/texlive/2009/texmf-dist/tex/context/base/supp-pdf.mkii
[Loading MPS to PDF converter (version 2006.09.02).]
\scratchcounter=\count107
\scratchdimen=\dimen125
\scratchbox=\box33
\nofMPsegments=\count108
\nofMParguments=\count109
\everyMPshowfont=\toks21
\MPscratchCnt=\count110
\MPscratchDim=\dimen126
\MPnumerator=\count111
\everyMPtoPDFconversion=\toks22
)
Package caption Info: Begin \AtBeginDocument code.
Package caption3 Info: subfig package 1.2 or 1.3 is loaded.
LaTeX Info: Redefining \subref on input line 89.
Package caption Info: End \AtBeginDocument code.

Underfull \hbox (badness 10000) in paragraph at lines 91--94

 []

LaTeX Font Info:    Try loading font information for OMS+cmr on input line 94.
(/usr/local/texlive/2009/texmf-dist/tex/latex/base/omscmr.fd
File: omscmr.fd 1999/05/25 v2.5h Standard LaTeX font definitions
)
LaTeX Font Info:    Font shape `OMS/cmr/m/n' in size <8> not available
(Font)              Font shape `OMS/cmsy/m/n' tried instead on input line 94.
\c@tempo=\count112

Underfull \vbox (badness 10000) has occurred while \output is active []



LaTeX Warning: Reference `@lastpg' on page 1 undefined on input line 105.

[1

{/usr/local/texlive/2009/texmf-var/fonts/map/pdftex/updmap/pdftex.map}]
Overfull \hbox (0.90771pt too wide) in paragraph at lines 152--159
\OT1/cmr/m/n/10 meth-ods been ap-plied in at-tempts to solve this prob-lem. In 
Coskun \OT1/cmtt/m/n/10 et. al\OT1/cmr/m/n/10 [Coskun
 []

LaTeX Font Info:    External font `cmex10' loaded for size
(Font)              <14.4> on input line 160.
LaTeX Font Info:    External font `cmex10' loaded for size
(Font)              <7> on input line 160.
LaTeX Font Info:    Try loading font information for U+lasy on input line 160.
(/usr/local/texlive/2009/texmf-dist/tex/latex/base/ulasy.fd
File: ulasy.fd 1998/08/17 v2.2e LaTeX symbol font definitions
) [2]
Overfull \hbox (174.13474pt too wide) has occurred while \output is active
[] \OT1/cmss/m/n/9 Thermally-aware Fair Scheduling and Load Balancing Using Pre
dictive Energy Consumption Models in High-Performance Systems $\OMS/cmsy/m/n/14
.4 ^^A$ \OT1/cmss/m/n/9 3
 []

[3] [4]
LaTeX Font Info:    External font `cmex10' loaded for size
(Font)              <5> on input line 295.

Overfull \hbox (69.17302pt too wide) in paragraph at lines 292--300
\OML/cmm/m/it/10 DCRefillsL\OT1/cmr/m/n/10 2$, $\OML/cmm/m/it/10 DCRefillsFromS
ystem$\OT1/cmr/m/n/10 , $\OML/cmm/m/it/10 ICFetches$\OT1/cmr/m/n/10 , $\OML/cmm
/m/it/10 ICrefillsFromL\OT1/cmr/m/n/10 2$, $\OML/cmm/m/it/10 ICRefillsFromSyste
m$\OT1/cmr/m/n/10 ,
 []


Overfull \hbox (174.13474pt too wide) has occurred while \output is active
[] \OT1/cmss/m/n/9 Thermally-aware Fair Scheduling and Load Balancing Using Pre
dictive Energy Consumption Models in High-Performance Systems $\OMS/cmsy/m/n/14
.4 ^^A$ \OT1/cmss/m/n/9 5
 []

[5] [6]
Overfull \hbox (108.52676pt too wide) detected at line 423
[] \OT1/cmr/m/n/10 = [][][]  \OMS/cmsy/m/n/10 ^^B []
 []

<schedarch.pdf, id=38, 548.0475pt x 296.10625pt>
File: schedarch.pdf Graphic file (type pdf)
 <use schedarch.pdf>
Overfull \hbox (174.13474pt too wide) has occurred while \output is active
[] \OT1/cmss/m/n/9 Thermally-aware Fair Scheduling and Load Balancing Using Pre
dictive Energy Consumption Models in High-Performance Systems $\OMS/cmsy/m/n/14
.4 ^^A$ \OT1/cmss/m/n/9 7
 []

[7 <./schedarch.pdf>]
Missing character: There is no ‚ in font cmr10!
Missing character: There is no Ä in font cmr10!
Missing character: There is no ô in font cmr10!
Missing character: There is no Ô in font cmr10!
Missing character: There is no ¨ in font cmr10!
Missing character: There is no Å in font cmr10!
 <padarch.pdf, id=157, 413.545pt x 314.17375pt>
File: padarch.pdf Graphic file (type pdf)

<use padarch.pdf> <procgroup.pdf, id=158, 687.56876pt x 353.32pt>
File: procgroup.pdf Graphic file (type pdf)

<use procgroup.pdf> [8 <./padarch.pdf>]
<thermalpredictor.pdf, id=223, 373.395pt x 217.81375pt>
File: thermalpredictor.pdf Graphic file (type pdf)

<use thermalpredictor.pdf>
<threadinsert.pdf, id=224, 402.50375pt x 512.91624pt>
File: threadinsert.pdf Graphic file (type pdf)
 <use threadinsert.pdf>
Overfull \hbox (174.13474pt too wide) has occurred while \output is active
[] \OT1/cmss/m/n/9 Thermally-aware Fair Scheduling and Load Balancing Using Pre
dictive Energy Consumption Models in High-Performance Systems $\OMS/cmsy/m/n/14
.4 ^^A$ \OT1/cmss/m/n/9 9
 []

[9 <./procgroup.pdf> <./thermalpredictor.pdf>]
LaTeX Font Info:    External font `cmex10' loaded for size
(Font)              <8> on input line 563.
LaTeX Font Info:    External font `cmex10' loaded for size
(Font)              <6> on input line 563.

<testfixture.png, id=316, 1343.0175pt x 431.6125pt>
File: testfixture.png Graphic file (type png)
 <use testfixture.png>
[10 <./threadinsert.pdf>] (./scheduler3.bbl
Overfull \hbox (178.7597pt too wide) has occurred while \output is active
[] \OT1/cmss/m/n/9 Thermally-aware Fair Scheduling and Load Balancing Using Pre
dictive Energy Consumption Models in High-Performance Systems $\OMS/cmsy/m/n/14
.4 ^^A$ \OT1/cmss/m/n/9 11
 []

[11 <./testfixture.png>] [12])
Overfull \hbox (178.7597pt too wide) has occurred while \output is active
[] \OT1/cmss/m/n/9 Thermally-aware Fair Scheduling and Load Balancing Using Pre
dictive Energy Consumption Models in High-Performance Systems $\OMS/cmsy/m/n/14
.4 ^^A$ \OT1/cmss/m/n/9 13
 []

[13] (./scheduler3.aux)

LaTeX Warning: There were undefined references.

 ) 
Here is how much of TeX's memory you used:
 2633 strings out of 493848
 35853 string characters out of 3149207
 103861 words of memory out of 3000000
 5892 multiletter control sequences out of 15000+200000
 10924 words of font info for 42 fonts, out of 3000000 for 9000
 717 hyphenation exceptions out of 8191
 36i,10n,38p,471b,345s stack positions out of 5000i,500n,10000p,200000b,50000s
</usr/local/texlive/2009/texmf-dist/fonts/type1/public/amsfonts/cm/cmbx6.pfb>
</usr/local/texlive/2009/texmf-dist/fonts/type1/public/amsfonts/cm/cmbx8.pfb></
usr/local/texlive/2009/texmf-dist/fonts/type1/public/amsfonts/cm/cmcsc10.pfb></
usr/local/texlive/2009/texmf-dist/fonts/type1/public/amsfonts/cm/cmex10.pfb></u
sr/local/texlive/2009/texmf-dist/fonts/type1/public/amsfonts/cm/cmmi10.pfb></us
r/local/texlive/2009/texmf-dist/fonts/type1/public/amsfonts/cm/cmmi5.pfb></usr/
local/texlive/2009/texmf-dist/fonts/type1/public/amsfonts/cm/cmmi7.pfb></usr/lo
cal/texlive/2009/texmf-dist/fonts/type1/public/amsfonts/cm/cmr10.pfb></usr/loca
l/texlive/2009/texmf-dist/fonts/type1/public/amsfonts/cm/cmr17.pfb></usr/local/
texlive/2009/texmf-dist/fonts/type1/public/amsfonts/cm/cmr6.pfb></usr/local/tex
live/2009/texmf-dist/fonts/type1/public/amsfonts/cm/cmr7.pfb></usr/local/texliv
e/2009/texmf-dist/fonts/type1/public/amsfonts/cm/cmr8.pfb></usr/local/texlive/2
009/texmf-dist/fonts/type1/public/amsfonts/cm/cmss10.pfb></usr/local/texlive/20
09/texmf-dist/fonts/type1/public/amsfonts/cm/cmss8.pfb></usr/local/texlive/2009
/texmf-dist/fonts/type1/public/amsfonts/cm/cmss9.pfb></usr/local/texlive/2009/t
exmf-dist/fonts/type1/public/amsfonts/cm/cmsy10.pfb></usr/local/texlive/2009/te
xmf-dist/fonts/type1/public/amsfonts/cm/cmsy7.pfb></usr/local/texlive/2009/texm
f-dist/fonts/type1/public/amsfonts/cm/cmsy8.pfb></usr/local/texlive/2009/texmf-
dist/fonts/type1/public/amsfonts/cm/cmti10.pfb></usr/local/texlive/2009/texmf-d
ist/fonts/type1/public/amsfonts/cm/cmti8.pfb></usr/local/texlive/2009/texmf-dis
t/fonts/type1/public/amsfonts/cm/cmtt10.pfb>
Output written on scheduler3.pdf (13 pages, 1570469 bytes).
PDF statistics:
 427 PDF objects out of 1000 (max. 8388607)
 0 named destinations out of 1000 (max. 500000)
 31 words of extra memory for PDF output out of 10000 (max. 10000000)

