 kthr      memory            page            disk          faults      cpu
 r b w   swap  free  re  mf pi po fr de sr s0 s1 s2 --   in   sy   cs us sy id
 0 0 0 9007684 5919320 116 2079 0 0 0 0  4  3 -0  0  0  699 1609  267 24  3 73
 0 0 0 9386660 6246772 150 2545 0 0 0 0  0  0  0  0  0  682 2103  259  0  4 96
 0 0 0 9386420 6246516 136 2161 0 0 0 0  0  0  0  0  0  582 1685  259  0  4 96
 0 0 0 9386712 6246644 130 2158 0 0 0 0  0  0  0  0  0  596 1681  259  0  4 96
 0 0 0 9386456 6246548 129 2155 0 0 0 0  0  0  0  0  0  576 1696  259  0  4 96
 0 0 0 9386408 6246584 134 2158 0 0 0 0  0  2  0  0  0  655 1754  337  0  4 96
 0 0 0 9386680 6246752 129 2157 0 0 0 0  0  0  0  0  0  580 1686  264  0  4 96
 0 0 0 9386236 6246456 129 2156 0 0 0 0  0  0  0  0  0  598 1671  279  0  4 96
 0 0 0 9386656 6246932 95 1187 0 0 0  0  0  0  0  0  0  534 1256  218  0  2 98
 0 0 0 9386356 6246584 52 979 0 0  0  0  0  0  0  0  0  500 1101  218  0  1 98
 0 0 0 9386652 6246712 129 2159 0 0 0 0  0  0  0  0  0  578 1685  256  0  4 96
 0 0 0 9386400 6246640 129 2157 0 0 0 0  0  2  0  0  0  595 1671  299  0  4 96
 0 0 0 9386352 6246600 131 2158 0 0 0 0  0  0  0  0  0  579 1689  267  0  4 96
 0 0 0 9386644 6246704 129 2157 0 0 0 0  0  0  0  0  0  559 1671  254  0  4 96
 0 0 0 9386388 6246736 147 2166 0 0 0 0  0  0  0  0  0  573 1684  254  0  4 96
 0 0 0 9386352 6246580 129 2156 0 0 0 0  0  0  0  0  0  575 1674  264  0  4 96
 0 0 0 9386648 6246708 129 2160 0 0 0 0  0  3  0  0  0  630 1687  299  0  4 96
 0 0 0 9386616 6246740 17 98 0  0  0  0  0  0  0  0  0  461  737  171  0  1 99
 kthr      memory            page            disk          faults      cpu
 r b w   swap  free  re  mf pi po fr de sr s0 s1 s2 --   in   sy   cs us sy id
 0 0 0 9386348 6246572 117 2061 0 0 0 0  0  0  0  0  0  586 1611  263  0  3 97
 0 0 0 9386208 6246432 129 2159 0 0 0 0  0  0  0  0  0  589 1675  276  0  4 96
 0 0 0 9386560 6246624 147 2166 0 0 0 0  0  0  0  0  0  581 1684  258  0  4 96
 0 0 0 9386300 6246524 129 2157 0 0 0 0  0  0  0  0  0  593 1686  266  0  4 96
 0 0 0 9386260 6246488 129 2160 0 0 0 0  0  2  0  0  0  605 1685  298  0  4 96
 0 0 0 9386528 6246620 134 2155 0 0 0 0  0  0  0  0  0  565 1673  259  0  4 96
 0 0 0 9386264 6246484 129 2159 0 0 0 0  0  0  0  0  0  579 1686  269  0  4 96
 0 0 0 9386516 6246576 77 1180 0 0 0  0  0  0  0  0  0  518 1255  213  0  2 97
 0 0 0 9386220 6246660 52 978 0 0  0  0  0  0  0  0  0  520 1095  218  0  1 99
 0 0 0 9386520 6246652 147 2164 0 0 0 0  0  0  0  0  0  590 1675  261  0  4 96
 0 0 0 9386444 6246548 129 2158 0 0 0 0  0  3  0  0  0  631 1685  316  0  4 96
 0 0 0 9386336 6246524 132 2160 0 0 0 0  0  0  0  0  0  588 1762  302  0  4 96
 0 0 0 9386472 6246560 131 2159 0 0 0 0  0  0  0  0  0  592 1687  268  0  4 96
 0 0 0 9386240 6246384 129 2156 0 0 0 0  0  0  0  0  0  593 1671  280  0  4 96
 0 0 0 9386432 6246688 147 2165 0 0 0 0  0  0  0  0  0  574 1684  263  0  4 96
 0 0 0 9386472 6246532 129 2161 0 0 0 0  0  0  0  0  0  587 1689  265  0  4 96
 0 0 0 9386472 6246532 12 98 0  0  0  0  0  2  0  0  0  493  770  216  0  1 99
 0 0 0 9386440 6246620 117 2062 0 0 0 0  0  0  0  0  0  579 1577  256  0  3 97
 0 0 0 9386396 6246528 134 2157 0 0 0 0  0  0  0  0  0  588 1682  268  0  4 96
 kthr      memory            page            disk          faults      cpu
 r b w   swap  free  re  mf pi po fr de sr s0 s1 s2 --   in   sy   cs us sy id
 0 0 0 9386472 6246532 128 2159 0 0 0 0  0  0  0  0  0  582 1673  258  0  4 96
 0 0 0 9386432 6246564 147 2167 0 0 0 0  0  0  0  0  0  583 1685  260  0  4 96
 0 0 0 9386492 6246560 129 2162 0 0 0 0  0  0  0  0  0  583 1681  269  0  4 96
 0 0 0 9386456 6246528 129 2161 0 0 0 0  0  2  0  0  0  611 1686  301  0  4 96
 0 0 0 9386408 6246564 134 2163 0 0 0 0  0  0  0  0  0  586 1687  265  0  4 96
 0 0 0 9386416 6246476 77 1183 0 0 0  0  0  0  0  0  0  505 1285  220  0  3 97
 0 0 0 9386144 6246292 52 981 0 0  0  0  0  0  0  0  0  518 1064  229  0  1 99
 0 0 0 9386420 6246696 129 2166 0 0 0 0  0  0  0  0  0  590 1685  259  0  4 96
 0 0 0 9386360 6246556 147 2170 0 0 0 0  0  0  0  0  0  583 1683  266  0  4 96
 0 0 0 9386380 6246504 129 2164 0 0 0 0  0  3  0  0  0  629 1685  312  0  4 96
 0 0 0 9386420 6246500 134 2163 0 0 0 0  0  0  0  0  0  579 1671  256  0  4 96
 0 0 0 9386376 6246472 128 2164 0 0 0 0  0  0  0  0  0  592 1688  264  0  4 96
 0 0 0 9386376 6246480 129 2171 0 0 0 0  0  0  0  0  0  574 1679  255  0  4 96
 0 0 0 9386416 6246696 147 2174 0 0 0 0  0  0  0  0  0  575 1687  260  0  4 96
 0 0 0 9386420 6246480 12 98 0  0  0  0  0  0  0  0  0  457  774  180  0  1 99
 0 0 0 9386352 6246472 117 2066 0 0 0 0  0  2  0  0  0  647 1579  298  0  3 97
 0 0 0 9386380 6246504 129 2168 0 0 0 0  0  0  0  0  0  580 1763  298  0  4 96
 0 0 0 9386380 6246484 134 2166 0 0 0 0  0  0  0  0  0  580 1691  270  0  4 96
 0 0 0 9386276 6246380 129 2169 0 0 0 0  0  0  0  0  0  595 1679  280  0  4 96
 kthr      memory            page            disk          faults      cpu
 r b w   swap  free  re  mf pi po fr de sr s0 s1 s2 --   in   sy   cs us sy id
 0 0 0 9386340 6246516 147 2179 0 0 0 0  0  0  0  0  0  575 1692  260  0  4 96
 0 0 0 9386380 6246440 129 2166 0 0 0 0  0  0  0  0  0  593 1690  268  0  4 96
 0 0 0 9386420 6246480 129 2171 0 0 0 0  0  2  0  0  0  614 1692  304  0  4 96
 0 0 0 9386404 6246528 82 1187 0 0 0  0  0  0  0  0  0  513 1278  215  0  3 97
 0 0 0 9386356 6246460 63 1175 0 0 0  0  0  0  0  0  0  537 1155  225  0  1 99
 0 0 0 9107996 5997548 381 34481 0 0 0 0 0  0  0  0  0 1007 10318 285 43 11 46
 0 0 0 8744652 5619640 148 2179 0 0 0 0  0  0  0  0  0  820 1701  240 50  4 46
 0 0 0 8744416 5619536 129 2170 0 0 0 0  0  0  0  0  0  782 1685  245 50  4 46
 0 0 0 8744708 5619652 129 2174 0 0 0 0  0  3  0  0  0 1021 1700  306 50  4 46
 0 0 0 8744444 5619716 134 2172 0 0 0 0  0  0  0  0  0  808 1683  240 50  4 46
 0 0 0 8744404 5619764 129 2171 0 0 0 0  0  0  0  0  0  813 1700  248 50  4 46
 0 0 0 8744584 5619776 76 1186 0 0 0  0  0  0  0  0  0  661 1283  220 50  3 47
 0 0 0 8744584 5620040 60 988 0 0  0  0  0  0  0  0  0  613 1080  198 50  1 49
 0 0 0 8744696 5619936 141 2176 0 0 0 0  0  0  0  0  0  820 1701  247 50  4 46
 0 0 0 8744440 5619796 129 2170 0 0 0 0  0  3  0  0  0  955 1695  299 50  4 46
 0 0 0 8744404 5619764 134 2174 0 0 0 0  0  0  0  0  0  814 1683  241 50  4 46
 0 0 0 8744656 5619896 129 2172 0 0 0 0  0  0  0  0  0  839 1692  252 50  4 46
 0 0 0 8744692 5619884 129 2168 0 0 0 0  0  0  0  0  0  803 1685  239 50  4 46
 0 0 0 8744648 5620104 148 2182 0 0 0 0  0  0  0  0  0  810 1697  244 50  4 46
 kthr      memory            page            disk          faults      cpu
 r b w   swap  free  re  mf pi po fr de sr s0 s1 s2 --   in   sy   cs us sy id
 0 0 0 8744676 5619880 77 1187 0 0 0  0  0  0  0  0  0  643 1256  217 50  3 47
 0 0 0 8744376 5619736 53 986 0 0  0  0  0  2  0  0  0 1051 1111  250 50  2 48
 0 0 0 8744668 5619924 129 2172 0 0 0 0  0  0  0  0  0  798 1777  285 50  4 46
 0 0 0 8744416 5619788 134 2172 0 0 0 0  0  0  0  0  0  796 1696  242 50  4 46
 0 0 0 8744204 5619560 129 2172 0 0 0 0  0  0  0  0  0  854 1686  262 50  4 46
 0 0 0 8744484 5619960 147 2179 0 0 0 0  0  0  0  0  0  767 1698  244 50  4 46
 0 0 0 8744664 5619852 129 2172 0 0 0 0  0  0  0  0  0  816 1693  254 50  4 46
 0 0 0 8744408 5619760 129 2172 0 0 0 0  0  2  0  0  0  894 1696  288 50  4 46
 0 0 0 8744668 5619920 61 906 0 0  0  0  0  0  0  0  0  588 1100  201 50  2 48
 0 0 0 8744372 5619728 73 1266 0 0 0  0  0  0  0  0  0  654 1262  217 50  2 48
 0 0 0 8744584 5619824 129 2171 0 0 0 0  0  0  0  0  0  790 1694  239 50  4 46
 0 0 0 8744644 5619904 148 2182 0 0 0 0  0  0  0  0  0  817 1700  241 50  4 46
 0 0 0 8744564 5619808 129 2171 0 0 0 0  0  0  0  0  0  790 1683  248 50  4 46
 0 0 0 8744348 5619700 129 2172 0 0 0 0  0  2  0  0  0  885 1701  281 50  4 46
 0 0 0 8744640 5619868 134 2173 0 0 0 0  0  0  0  0  0  811 1683  239 50  4 46
 0 0 0 8744388 5619732 129 2170 0 0 0 0  0  0  0  0  0  804 1696  245 50  4 46
 0 0 0 8744524 5619708 25 287 0 0  0  0  0  0  0  0  0  528  859  199 50  2 48
 0 0 0 8744312 5619732 112 1890 0 0 0 0  0  0  0  0  0  785 1502  235 50  3 47
 0 0 0 8744492 5619792 131 2172 0 0 0 0  0  0  0  0  0  804 1701  248 50  4 46
 kthr      memory            page            disk          faults      cpu
 r b w   swap  free  re  mf pi po fr de sr s0 s1 s2 --   in   sy   cs us sy id
 0 0 0 8744636 5619820 129 2171 0 0 0 0  0  2  0  0  0  912 1699  286 50  4 46
 0 0 0 8744384 5619732 135 2174 0 0 0 0  0  0  0  0  0  787 1685  240 50  4 46
 0 0 0 8744344 5619696 129 2170 0 0 0 0  0  0  0  0  0  804 1694  246 50  4 46
 0 0 0 8744636 5619820 129 2172 0 0 0 0  0  0  0  0  0  793 1676  243 50  4 46
 0 0 0 8744364 5619980 148 2183 0 0 0 0  0  0  0  0  0  779 1701  243 50  4 46
 0 0 0 8744616 5619800 12 99 0  0  0  0  0  0  0  0  0  446  773  178 50  1 49
 0 0 0 8744572 5619800 117 2075 0 0 0 0  0  2  0  0  0 1228 1590  285 50  3 47
 0 0 0 8744316 5619664 131 2173 0 0 0 0  0  0  0  0  0  806 1785  288 50  4 46
 0 0 0 8744636 5619816 130 2243 0 0 0 0  0  0  0  0  0  844 1730  243 50  4 46
 0 0 0 8744312 5619652 129 2170 0 0 0 0  0  0  0  0  0  841 1679  257 50  4 46
 0 0 0 8744356 5619840 147 2179 0 0 0 0  0  0  0  0  0  780 1697  240 50  4 46
 0 0 0 8744600 5619824 129 2171 0 0 0 0  0  0  0  0  0  800 1695  244 50  4 46
 0 0 0 8744648 5619828 129 2172 0 0 0 0  0  2  0  0  0  903 1698  274 50  4 46
 0 0 0 8744652 5619904 17 98 0  0  0  0  0  0  0  0  0  451  745  168 50  1 49
 0 0 0 8744688 5619864 117 2075 0 0 0 0  0  0  0  0  0  803 1618  247 50  3 46
 0 0 0 8744332 5619688 129 2170 0 0 0 0  0  0  0  0  0  801 1685  238 50  4 46
 0 0 0 8744624 5619868 148 2183 0 0 0 0  0  0  0  0  0  804 1700  241 50  4 46
 0 0 0 8744372 5619712 129 2171 0 0 0 0  0  0  0  0  0  802 1691  246 50  4 46
 0 0 0 8744656 5619832 129 2172 0 0 0 0  0  2  0  0  0  890 1699  286 50  4 46
 kthr      memory            page            disk          faults      cpu
 r b w   swap  free  re  mf pi po fr de sr s0 s1 s2 --   in   sy   cs us sy id
 0 0 0 8744532 5619804 134 2173 0 0 0 0  0  0  0  0  0  775 1678  241 50  4 46
 0 0 0 8744624 5619800 129 2170 0 0 0 0  0  0  0  0  0  781 1702  245 50  4 46
 0 0 0 8744508 5619684 12 98 0  0  0  0  0  0  0  0  0  499  722  187 50  1 49
 0 0 0 8744316 5619672 129 2081 0 0 0 0  0  0  0  0  0  810 1641  241 50  4 46
 0 0 0 8744328 5619680 131 2169 0 0 0 0  0  0  0  0  0  834 1694  253 50  4 46
 0 0 0 8744468 5619760 129 2173 0 0 0 0  0  2  0  0  0  927 1696  282 50  4 46
 0 0 0 8744628 5619832 134 2173 0 0 0 0  0  0  0  0  0  807 1680  241 50  4 46
 0 0 0 8744440 5619752 129 2171 0 0 0 0  0  0  0  0  0  812 1700  244 50  4 46
 0 0 0 8744312 5619660 129 2173 0 0 0 0  0  0  0  0  0  806 1684  240 50  4 46
 0 0 0 8744600 5620064 126 1771 0 0 0 0  0  0  0  0  0  723 1532  225 50  4 46
 0 0 0 8744604 5619776 21 409 0 0  0  0  0  0  0  0  0  543  834  191 50  1 49
 0 0 0 8744348 5619684 129 2172 0 0 0 0  0  2  0  0  0 1278 1693  287 50  4 46
 0 0 0 8744564 5619800 134 2171 0 0 0 0  0  0  0  0  0  814 1773  283 50  4 46
 0 0 0 8744304 5619640 129 2172 0 0 0 0  0  0  0  0  0  787 1700  245 50  4 46
 0 0 0 8744428 5619600 129 2173 0 0 0 0  0  0  0  0  0  854 1685  258 50  4 46
 0 0 0 8744328 5619856 147 2180 0 0 0 0  0  0  0  0  0  810 1698  245 50  4 46
 0 0 0 8744284 5619620 129 2175 0 0 0 0  0  0  0  0  0  822 1698  252 50  4 46
 0 0 0 8744580 5619748 77 1187 0 0 0  0  0  2  0  0  0  724 1293  250 50  3 47
 0 0 0 8744532 5619820 53 984 0 0  0  0  0  0  0  0  0  637 1072  203 50  1 49
 kthr      memory            page            disk          faults      cpu
 r b w   swap  free  re  mf pi po fr de sr s0 s1 s2 --   in   sy   cs us sy id
 0 0 0 8744568 5619764 134 2172 0 0 0 0  0  0  0  0  0  809 1694  244 50  4 46
 0 0 0 8744300 5619636 129 2174 0 0 0 0  0  0  0  0  0  796 1685  242 50  4 46
 0 0 0 8744260 5619664 147 2179 0 0 0 0  0  0  0  0  0  787 1698  244 50  4 46
 0 0 0 8744560 5619728 129 2172 0 0 0 0  0  0  0  0  0  802 1686  251 50  4 46
 0 0 0 8744304 5619636 129 2172 0 0 0 0  0  2  0  0  0  907 1696  287 50  4 46
 0 0 0 8744464 5619724 134 2172 0 0 0 0  0  0  0  0  0  772 1683  243 50  4 46
 0 0 0 8744556 5619724 77 1187 0 0 0  0  0  0  0  0  0  635 1273  216 50  3 47
 0 0 0 8744144 5619472 53 985 0 0  0  0  0  0  0  0  0  628 1093  220 50  2 48
 0 0 0 8744560 5619736 146 2178 0 0 0 0  0  0  0  0  0  787 1694  238 50  4 46
 0 0 0 8744300 5619632 130 2172 0 0 0 0  0  0  0  0  0  790 1698  251 50  4 46
 0 0 0 8744248 5619580 129 2172 0 0 0 0  0  4  0  0  0  997 1695  311 50  4 46
 0 0 0 8744500 5619744 135 2174 0 0 0 0  0  0  0  0  0  813 1683  241 50  4 46
 0 0 0 8744528 5619700 129 2171 0 0 0 0  0  0  0  0  0  817 1700  248 50  4 46
 0 0 0 8744256 5619588 129 2174 0 0 0 0  0  0  0  0  0  778 1686  242 50  4 46
 0 0 0 8744512 5619964 87 1179 0 0 0  0  0  0  0  0  0  630 1219  210 50  2 48
 0 0 0 8744220 5619552 60 1001 0 0 0  0  0  0  0  0  0  659 1149  212 50  2 48
 0 0 0 8744516 5619680 129 2171 0 0 0 0  0  2  0  0  0 1207 1694  286 50  4 46
 0 0 0 8744260 5619592 132 2175 0 0 0 0  0  0  0  0  0  784 1774  286 50  4 46
 0 0 0 8744468 5619680 129 2170 0 0 0 0  0  0  0  0  0  799 1692  241 50  4 46
 kthr      memory            page            disk          faults      cpu
 r b w   swap  free  re  mf pi po fr de sr s0 s1 s2 --   in   sy   cs us sy id
 0 0 0 8744156 5619484 129 2174 0 0 0 0  0  0  0  0  0  826 1689  260 50  4 46
 0 0 0 8744516 5619892 147 2179 0 0 0 0  0  0  0  0  0  823 1694  244 50  4 46
 0 0 0 8744260 5619580 129 2171 0 0 0 0  0  0  0  0  0  799 1695  246 50  4 46
 0 0 0 8744512 5619672 31 437 0 0  0  0  0  2  0  0  0  621  923  230 50  2 48
 0 0 0 8744204 5619572 98 1734 0 0 0  0  0  0  0  0  0  701 1438  223 50  3 47
 0 0 0 8744448 5619668 132 2174 0 0 0 0  0  0  0  0  0  799 1700  248 50  4 46
 0 0 0 8744488 5619648 129 2172 0 0 0 0  0  0  0  0  0  775 1687  236 50  4 46
 0 0 0 8744232 5619680 147 2178 0 0 0 0  0  0  0  0  0  830 1693  245 50  4 46
 0 0 0 8744196 5619524 129 2175 0 0 0 0  0  0  0  0  0  831 1689  248 50  4 46
 0 0 0 8744492 5619648 129 2171 0 0 0 0  0  2  0  0  0  932 1700  284 50  4 46
 0 0 0 8744236 5619604 134 2173 0 0 0 0  0  0  0  0  0  768 1692  244 50  4 46
 0 0 0 8744488 5619644 12 99 0  0  0  0  0  0  0  0  0  471  781  178 50  1 49
 0 0 0 8744260 5619468 117 2073 0 0 0 0  0  0  0  0  0  790 1580  250 50  3 47
 0 0 0 8744196 5619516 147 2179 0 0 0 0  0  0  0  0  0  810 1696  245 50  4 46
 0 0 0 8744488 5619644 129 2172 0 0 0 0  0  0  0  0  0  793 1696  247 50  5 45
 0 0 0 8744236 5619564 129 2174 0 0 0 0  0  3  0  0  0  927 1693  298 50  4 46
 0 0 0 8744384 5619620 134 2172 0 0 0 0  0  0  0  0  0  794 1686  240 50  4 46
 0 0 0 8744172 5619500 129 2175 0 0 0 0  0  0  0  0  0  786 1694  251 50  4 46
 0 0 0 8744464 5619620 126 2091 0 0 0 0  0  0  0  0  0  765 1650  241 50  4 46
 kthr      memory            page            disk          faults      cpu
 r b w   swap  free  re  mf pi po fr de sr s0 s1 s2 --   in   sy   cs us sy id
 0 0 0 8744464 5619908 2 80  0  0  0  0  0  0  0  0  0  464  707  176 50  0 50
 0 0 0 8744212 5619580 147 2180 0 0 0 0  0  0  0  0  0  838 1691  251 50  4 46
 0 0 0 8744140 5619508 129 2171 0 0 0 0  0  2  0  0  0 1242 1692  286 50  4 46
 0 0 0 8744360 5619636 134 2173 0 0 0 0  0  0  0  0  0  783 1775  285 50  4 46
 0 0 0 8744464 5619616 129 2171 0 0 0 0  0  0  0  0  0  810 1704  249 50  4 46
 0 0 0 8743996 5619308 129 2172 0 0 0 0  0  0  0  0  0  851 1687  259 50  4 46
 0 0 0 8744172 5619708 148 2182 0 0 0 0  0  0  0  0  0  795 1698  242 50  4 46
 0 0 0 8744464 5619616 83 1320 0 0 0  0  0  0  0  0  0  683 1354  217 50  4 46
 0 0 0 8744472 5619628 46 852 0 0  0  0  0  2  0  0  0  743 1022  243 50  1 49
 0 0 0 8744444 5619600 132 2173 0 0 0 0  0  0  0  0  0  798 1684  238 50  4 46
 0 0 0 8744364 5619560 129 2172 0 0 0 0  0  0  0  0  0  814 1697  248 50  4 46
 0 0 0 8744144 5619460 129 2173 0 0 0 0  0  0  0  0  0  768 1683  239 50  4 46
 0 0 0 8744424 5619716 147 2182 0 0 0 0  0  0  0  0  0  810 1695  246 50  4 46
 0 0 0 8744172 5619484 129 2172 0 0 0 0  0  0  0  0  0  784 1694  249 50  4 46
 0 0 0 8744132 5619448 129 2176 0 0 0 0  0  4  0  0  0 1027 1697  316 50  4 46
 0 0 0 8744424 5619656 81 1188 0 0 0  0  0  0  0  0  0  628 1275  210 50  3 47
 0 0 0 8744236 5619524 53 987 0 0  0  0  0  0  0  0  0  626 1086  213 50  1 49
 0 0 0 8744364 5619512 129 2176 0 0 0 0  0  0  0  0  0  810 1688  256 50  4 46
 0 0 0 8744172 5619536 147 2183 0 0 0 0  0  0  0  0  0  793 1691  243 50  4 46
 kthr      memory            page            disk          faults      cpu
 r b w   swap  free  re  mf pi po fr de sr s0 s1 s2 --   in   sy   cs us sy id
 0 0 0 8744128 5619444 129 2178 0 0 0 0  0  0  0  0  0  785 1701  252 50  4 46
 0 0 0 8744380 5619532 129 2180 0 0 0 0  0  3  0  0  0  872 1698  296 50  4 46
 0 0 0 8744368 5619576 134 2178 0 0 0 0  0  0  0  0  0  803 1679  242 50  4 46
 0 0 0 8744276 5619460 129 2178 0 0 0 0  0  0  0  0  0  809 1701  245 50  4 46
 0 0 0 8744364 5619504 76 1190 0 0 0  0  0  0  0  0  0  588 1243  206 50  3 47
 0 0 0 8744068 5619376 61 994 0 0  0  0  0  0  0  0  0  603 1120  203 50  2 48
 0 0 0 8744368 5619508 129 2177 0 0 0 0  0  0  0  0  0  759 1691  247 50  4 46
 0 0 0 8744112 5619416 129 2183 0 0 0 0  0  2  0  0  0 1166 1698  283 50  4 46
 0 0 0 8744392 5619552 134 2182 0 0 0 0  0  0  0  0  0  813 1776  282 50  4 46
 0 0 0 8744248 5619476 129 2181 0 0 0 0  0  0  0  0  0  817 1698  247 50  4 46
 0 0 0 8744240 5619380 129 2180 0 0 0 0  0  0  0  0  0  855 1687  263 50  4 46
 0 0 0 8744112 5619732 147 2185 0 0 0 0  0  0  0  0  0  808 1696  243 50  4 46
 0 0 0 8744352 5619492 50 843 0 0  0  0  0  0  0  0  0  630 1089  212 50  2 48
 0 0 0 8744044 5619352 80 1342 0 0 0  0  0  2  0  0  0  805 1291  255 50  3 47
 0 0 0 8744244 5619480 134 2186 0 0 0 0  0  0  0  0  0  775 1692  239 50  4 46
 0 0 0 8744340 5619476 129 2183 0 0 0 0  0  0  0  0  0  817 1701  238 50  4 46
 0 0 0 8744292 5619472 129 2181 0 0 0 0  0  0  0  0  0  768 1692  237 50  4 46
 0 0 0 8744036 5619548 148 2195 0 0 0 0  0  0  0  0  0  810 1694  243 50  4 46
 0 0 0 8744336 5619472 129 2184 0 0 0 0  0  0  0  0  0  825 1686  255 50  4 46
 kthr      memory            page            disk          faults      cpu
 r b w   swap  free  re  mf pi po fr de sr s0 s1 s2 --   in   sy   cs us sy id
 0 0 0 8744080 5619380 129 2183 0 0 0 0  0  2  0  0  0  908 1695  282 50  4 46
 0 0 0 8744320 5619540 17 100 0 0  0  0  0  0  0  0  0  442  770  167 50  1 49
 0 0 0 8744224 5619404 117 2086 0 0 0 0  0  0  0  0  0  802 1598  246 50  3 47
 0 0 0 8744188 5619360 129 2184 0 0 0 0  0  0  0  0  0  812 1689  252 50  4 46
 0 0 0 8744308 5619576 147 2192 0 0 0 0  0  0  0  0  0  812 1695  239 50  4 46
 0 0 0 8744040 5619336 129 2189 0 0 0 0  0  0  0  0  0  855 1696  255 50  4 46
 0 0 0 8743984 5619292 129 2184 0 0 0 0  0  2  0  0  0  886 1691  282 50  4 46
 0 0 0 8744248 5619480 134 2186 0 0 0 0  0  0  0  0  0  780 1683  239 50  4 46
 0 0 0 8744284 5619416 129 2185 0 0 0 0  0  0  0  0  0  811 1692  250 50  4 46
 0 0 0 8744280 5619412 16 100 0 0  0  0  0  0  0  0  0  489  735  172 50  1 49
 0 0 0 8744024 5619364 131 2095 0 0 0 0  0  0  0  0  0  799 1627  240 50  4 46
 0 0 0 8743984 5619288 129 2185 0 0 0 0  0  0  0  0  0  839 1690  249 50  4 46
 0 0 0 8744284 5619416 129 2182 0 0 0 0  0  2  0  0  0 1213 1698  283 50  4 46
 0 0 0 8744032 5619352 134 2186 0 0 0 0  0  0  0  0  0  807 1789  289 50  4 46
 0 0 0 8744192 5619364 129 2185 0 0 0 0  0  0  0  0  0  813 1690  246 50  4 46
 0 0 0 8743864 5619164 136 2191 0 0 0 0  0  0  0  0  0  859 1687  257 50  4 46
 0 0 0 8744276 5619448 130 2171 0 0 0 0  0  0  0  0  0  807 1689  239 50  4 46
 0 0 0 8829396 5695276 3 16  0  0  0  0  0  0  0  0  0  475  689  179 33  1 66
 0 0 0 8885900 5745808 140 2581 0 0 0 0  0  2  0  0  0  781 2865  298 26  4 70
 kthr      memory            page            disk          faults      cpu
 r b w   swap  free  re  mf pi po fr de sr s0 s1 s2 --   in   sy   cs us sy id
 0 0 0 8900624 5761028 142 2284 0 0 0 0  0  0  0  0  0  708 1825  259 27  4 69
 0 0 0 8925712 5784228 129 2183 0 0 0 0  0  0  0  0  0  703 1689  263 25  4 71
 0 0 0 8925708 5784460 129 2188 0 0 0 0  0  0  0  0  0  693 1683  253 25  4 71
 0 0 0 8925716 5785196 147 2191 0 0 0 0  0  0  0  0  0  697 1687  255 25  4 71
 0 0 0 8925412 5784836 129 2185 0 0 0 0  0  0  0  0  0  700 1683  262 25  4 71
 0 0 0 8925712 5784972 130 2186 0 0 0 0  0  2  0  0  0  732 1691  300 25  4 71
 0 0 0 8925708 5785088 17 99 0  0  0  0  0  0  0  0  0  452  722  170 25  0 74
 0 0 0 8925452 5784916 117 2087 0 0 0 0  0  0  0  0  0  707 1635  264 25  4 71
 0 0 0 8925328 5784804 129 2184 0 0 0 0  0  0  0  0  0  714 1674  276 25  4 71
 0 0 0 8925704 5785148 147 2191 0 0 0 0  0  0  0  0  0  696 1691  257 25  4 71
 0 0 0 8925428 5784900 129 2185 0 0 0 0  0  0  0  0  0  715 1695  264 25  4 71
 0 0 0 8925388 5784860 129 2186 0 0 0 0  0  2  0  0  0  770 1690  296 25  4 71
 0 0 0 8925692 5785080 134 2182 0 0 0 0  0  0  0  0  0  700 1677  255 25  4 71
 0 0 0 8925688 5784992 129 2184 0 0 0 0  0  0  0  0  0  688 1690  266 25  4 71
 0 0 0 8925684 5784988 16 100 0 0  0  0  0  0  0  0  0  463  747  174 25  1 74
 0 0 0 8925640 5785012 132 2091 0 0 0 0  0  0  0  0  0  704 1605  260 25  3 71
 0 0 0 8925388 5784864 129 2184 0 0 0 0  0  0  0  0  0  701 1679  268 25  4 71
 0 0 0 8925688 5784992 129 2182 0 0 0 0  0  2  0  0  0  930 1691  295 25  4 71
 0 0 0 8925428 5784924 134 2182 0 0 0 0  0  0  0  0  0  711 1764  298 25  4 71
 kthr      memory            page            disk          faults      cpu
 r b w   swap  free  re  mf pi po fr de sr s0 s1 s2 --   in   sy   cs us sy id
 0 0 0 8925388 5784860 129 2184 0 0 0 0  0  0  0  0  0  712 1696  263 25  4 71
 0 0 0 8925568 5784920 130 2182 0 0 0 0  0  0  0  0  0  723 1680  275 25  4 71
 0 0 0 8925664 5785332 147 2191 0 0 0 0  0  0  0  0  0  684 1689  255 25  4 71
 0 0 0 8925660 5784964 12 99 0  0  0  0  0  0  0  0  0  454  775  182 25  1 74
 0 0 0 8925616 5784964 117 2084 0 0 0 0  0  2  0  0  0  801 1590  292 25  3 72
 0 0 0 8925364 5784844 134 2183 0 0 0 0  0  0  0  0  0  668 1676  253 25  4 71
 0 0 0 8925664 5784968 129 2185 0 0 0 0  0  0  0  0  0  703 1686  263 25  4 71
 0 0 0 8925404 5784868 129 2181 0 0 0 0  0  0  0  0  0  697 1680  252 25  4 71
 0 0 0 8925364 5785048 148 2192 0 0 0 0  0  0  0  0  0  707 1691  255 25  4 71
 0 0 0 8925664 5784968 129 2181 0 0 0 0  0  0  0  0  0  693 1686  259 25  4 71
 0 0 0 8925396 5784860 129 2183 0 0 0 0  0  2  0  0  0  742 1688  309 25  4 71
 0 0 0 8925644 5784992 15 101 0 0  0  0  0  0  0  0  0  458  771  172 25  1 74
 0 0 0 8925560 5784912 117 2083 0 0 0 0  0  0  0  0  0  702 1582  262 25  3 72
 0 0 0 8925380 5784836 129 2185 0 0 0 0  0  0  0  0  0  707 1683  272 25  4 71
 0 0 0 8925624 5785076 147 2190 0 0 0 0  0  0  0  0  0  662 1687  255 25  4 71
 0 0 0 8925364 5784828 129 2183 0 0 0 0  0  0  0  0  0  690 1689  263 25  5 70
 0 0 0 8925576 5784936 129 2183 0 0 0 0  0  2  0  0  0  736 1687  295 25  4 71
 0 0 0 8925432 5784956 134 2183 0 0 0 0  0  0  0  0  0  692 1677  253 25  4 71
 0 0 0 8925624 5784928 129 2183 0 0 0 0  0  0  0  0  0  696 1695  267 25  4 71
 kthr      memory            page            disk          faults      cpu
 r b w   swap  free  re  mf pi po fr de sr s0 s1 s2 --   in   sy   cs us sy id
 0 0 0 8925620 5784924 16 100 0 0  0  0  0  0  0  0  0  455  750  173 25  1 74
 0 0 0 8925576 5784956 132 2092 0 0 0 0  0  0  0  0  0  689 1608  255 25  3 72
 0 0 0 8925324 5784800 129 2184 0 0 0 0  0  0  0  0  0  696 1682  261 25  4 71
 0 0 0 8925612 5784916 129 2182 0 0 0 0  0  3  0  0  0  897 1688  313 25  4 71
 0 0 0 8925348 5784844 134 2182 0 0 0 0  0  0  0  0  0  696 1764  297 25  4 71
 0 0 0 8925300 5784776 129 2186 0 0 0 0  0  0  0  0  0  688 1689  263 25  4 71
 0 0 0 8925504 5784816 129 2181 0 0 0 0  0  0  0  0  0  735 1680  276 25  4 71
 0 0 0 8925328 5785136 147 2190 0 0 0 0  0  0  0  0  0  682 1687  254 25  4 71
 0 0 0 8925580 5784884 12 99 0  0  0  0  0  0  0  0  0  458  784  184 25  1 74
 0 0 0 8925492 5784844 117 2083 0 0 0 0  0  2  0  0  0  766 1581  293 25  3 72
 0 0 0 8925392 5784840 134 2183 0 0 0 0  0  0  0  0  0  685 1679  255 25  4 71
 0 0 0 8925584 5784888 129 2185 0 0 0 0  0  0  0  0  0  680 1688  260 25  4 71
 0 0 0 8925324 5784788 129 2183 0 0 0 0  0  0  0  0  0  679 1674  256 25  4 71
 0 0 0 8925284 5784968 147 2188 0 0 0 0  0  0  0  0  0  690 1687  254 25  4 71
 0 0 0 8925584 5784888 129 2183 0 0 0 0  0  0  0  0  0  693 1679  260 25  4 71
 0 0 0 8925328 5784792 129 2184 0 0 0 0  0  2  0  0  0  763 1688  304 25  4 71
 0 0 0 8925580 5784928 40 563 0 0  0  0  0  0  0  0  0  523  969  197 25  2 73
 0 0 0 8925276 5784752 93 1691 0 0 0  0  0  0  0  0  0  640 1428  244 25  2 72
 0 0 0 8925496 5784808 129 2183 0 0 0 0  0  0  0  0  0  724 1675  278 25  4 71
 kthr      memory            page            disk          faults      cpu
 r b w   swap  free  re  mf pi po fr de sr s0 s1 s2 --   in   sy   cs us sy id
 0 0 0 8925560 5785004 147 2190 0 0 0 0  0  0  0  0  0  678 1687  257 25  4 71
 0 0 0 8925476 5784832 129 2183 0 0 0 0  0  0  0  0  0  717 1687  268 25  4 71
 0 0 0 8925260 5784728 129 2183 0 0 0 0  0  2  0  0  0  749 1688  306 25  4 71
 0 0 0 8925560 5784936 135 2185 0 0 0 0  0  0  0  0  0  694 1681  252 25  4 71
 0 0 0 8925304 5784768 129 2181 0 0 0 0  0  0  0  0  0  707 1687  264 25  4 71
 0 0 0 8925556 5784860 75 1033 0 0 0  0  0  0  0  0  0  580 1146  209 25  2 73
 0 0 0 8925260 5784732 72 1156 0 0 0  0  0  0  0  0  0  589 1208  217 25  2 73
 0 0 0 8925560 5784864 130 2188 0 0 0 0  0  0  0  0  0  690 1688  261 25  4 71
 0 0 0 8925304 5784768 129 2179 0 0 0 0  0  2  0  0  0  893 1686  308 25  4 71
 0 0 0 8925328 5784824 134 2180 0 0 0 0  0  0  0  0  0  692 1764  299 25  4 71
 0 0 0 8925488 5784852 129 2187 0 0 0 0  0  0  0  0  0  692 1695  262 25  4 71
 0 0 0 8925460 5784764 129 2183 0 0 0 0  0  0  0  0  0  720 1682  277 25  4 71
 0 0 0 8925572 5785184 147 2189 0 0 0 0  0  0  0  0  0  692 1689  261 25  4 71
 0 0 0 8925532 5784836 77 1194 0 0 0  0  0  0  0  0  0  582 1253  226 25  3 72
 0 0 0 8925236 5784708 53 989 0 0  0  0  0  2  0  0  0  681 1107  258 25  2 73
 0 0 0 8925536 5784848 134 2184 0 0 0 0  0  0  0  0  0  687 1681  255 25  4 71
 0 0 0 8925280 5784740 129 2186 0 0 0 0  0  0  0  0  0  700 1693  265 25  4 71
 0 0 0 8925236 5784704 129 2182 0 0 0 0  0  0  0  0  0  705 1680  260 25  4 71
 0 0 0 8925532 5785048 147 2189 0 0 0 0  0  0  0  0  0  680 1688  251 25  4 71
 kthr      memory            page            disk          faults      cpu
 r b w   swap  free  re  mf pi po fr de sr s0 s1 s2 --   in   sy   cs us sy id
 0 0 0 8925536 5784836 129 2182 0 0 0 0  0  0  0  0  0  701 1685  265 23  5 72
 0 0 0 9346820 6206096 133 2185 0 0 0 0  0  2  0  0  0  609 1687  307  0  4 96
 0 0 0 9346800 6206132 92 1613 0 0 0  0  0  0  0  0  0  506 2545  221  1  3 96
 0 0 0 9376664 6235916 71 1250 0 0 0  0  0  0  0  0  0  565 1216  224  2  1 97
 0 0 0 9385420 6243464 129 2184 0 0 0 0  0  0  0  0  0  580 1675  279  0  4 96
 0 0 0 9385452 6244992 147 2192 0 0 0 0  0  0  0  0  0  594 1687  259  0  4 96
 0 0 0 9385408 6244868 129 2182 0 0 0 0  0  0  0  0  0  589 1687  272  0  4 96
 0 0 0 9385488 6244908 128 2182 0 0 0 0  0  2  0  0  0  624 1684  321  0  4 96
 0 0 0 9385448 6245604 134 2185 0 0 0 0  0  0  0  0  0  585 1676  265  0  4 96
 0 0 0 9385448 6245564 129 2180 0 0 0 0  0  0  0  0  0  588 1682  262  0  4 96
 0 0 0 9385488 6245548 147 2190 0 0 0 0  0  0  0  0  0  575 1672  258  0  4 96
 0 0 0 9385488 6245556 12 99 0  0  0  0  0  0  0  0  0  462  780  175  0  1 99
 0 0 0 9385440 6245544 117 2084 0 0 0 0  0  0  0  0  0  580 1575  261  0  3 97
 0 0 0 9385444 6245548 129 2186 0 0 0 0  0  3  0  0  0  622 1687  314  0  4 96
 0 0 0 9385464 6245576 134 2180 0 0 0 0  0  0  0  0  0  578 1761  300  0  4 96
 0 0 0 9385384 6245492 129 2183 0 0 0 0  0  0  0  0  0  584 1687  264  0  4 96
 0 0 0 9385356 6245460 129 2184 0 0 0 0  0  0  0  0  0  580 1675  275  0  4 96
 0 0 0 9385468 6245816 147 2190 0 0 0 0  0  0  0  0  0  576 1686  256  0  4 96
 0 0 0 9385420 6245524 128 2184 0 0 0 0  0  0  0  0  0  598 1683  267  0  4 96
 kthr      memory            page            disk          faults      cpu
 r b w   swap  free  re  mf pi po fr de sr s0 s1 s2 --   in   sy   cs us sy id
 0 0 0 9385460 6245520 82 1193 0 0 0  0  0  2  0  0  0  557 1287  261  0  3 97
 0 0 0 9385276 6245464 52 989 0 0  0  0  0  0  0  0  0  506 1063  213  0  1 99
 0 0 0 9385464 6245524 129 2185 0 0 0 0  0  0  0  0  0  592 1685  266  0  4 96
 0 0 0 9385372 6245476 129 2182 0 0 0 0  0  0  0  0  0  569 1676  258  0  4 96
 0 0 0 9385460 6245684 147 2189 0 0 0 0  0  0  0  0  0  558 1683  259  0  4 96
 0 0 0 9385464 6245524 129 2185 0 0 0 0  0  0  0  0  0  578 1680  266  0  4 96
 0 0 0 9385396 6245508 129 2185 0 0 0 0  0  2  0  0  0  618 1684  297  0  4 96
 0 0 0 9385388 6245584 134 2188 0 0 0 0  0  0  0  0  0  581 1676  259  0  4 96
 0 0 0 9385432 6245492 128 2187 0 0 0 0  0  0  0  0  0  574 1685  262  0  4 96
 0 0 0 9385316 6245376 17 100 0 0  0  0  0  0  0  0  0  470  766  194  0  1 99
 0 0 0 9385292 6245472 130 2095 0 0 0 0  0  0  0  0  0  573 1584  257  0  3 97
 0 0 0 9385316 6245476 128 2185 0 0 0 0  0  0  0  0  0  593 1681  265  0  4 96
 0 0 0 9385420 6245480 129 2190 0 0 0 0  0  2  0  0  0  605 1686  310  0  4 96
 0 0 0 9385356 6245500 134 2187 0 0 0 0  0  0  0  0  0  564 1672  255  0  4 96
 0 0 0 9385400 6245492 129 2191 0 0 0 0  0  0  0  0  0  573 1688  269  0  4 96
 0 0 0 9385416 6245476 141 2196 0 0 0 0  0  0  0  0  0  568 1673  257  0  4 96
 0 0 0 9385336 6245544 134 2189 0 0 0 0  0  0  0  0  0  578 1685  256  0  4 96
 0 0 0 9385416 6245476 77 1199 0 0 0  0  0  0  0  0  0  524 1278  223  0  3 97
 0 0 0 9385404 6245484 52 994 0 0  0  0  0  2  0  0  0  557 1082  261  0  1 99
 kthr      memory            page            disk          faults      cpu
 r b w   swap  free  re  mf pi po fr de sr s0 s1 s2 --   in   sy   cs us sy id
 0 0 0 9385392 6245472 134 2191 0 0 0 0  0  0  0  0  0  599 1774  303  0  4 96
 0 0 0 9385348 6245444 129 2192 0 0 0 0  0  0  0  0  0  582 1687  266  0  4 96
 0 0 0 9385160 6245396 129 2189 0 0 0 0  0  0  0  0  0  585 1673  276  0  4 96
 0 0 0 9385396 6245676 147 2200 0 0 0 0  0  0  0  0  0  578 1686  259  0  4 96
 0 0 0 9385428 6245484 129 2191 0 0 0 0  0  0  0  0  0  586 1688  266  0  4 96
 0 0 0 9385400 6245472 128 2194 0 0 0 0  0  2  0  0  0  624 1689  302  0  4 96
 0 0 0 9385396 6245560 134 2197 0 0 0 0  0  0  0  0  0  567 1679  257  0  4 96
 0 0 0 9385396 6245456 12 99 0  0  0  0  0  0  0  0  0  447  761  184  0  1 99
 0 0 0 9385340 6245504 117 2097 0 0 0 0  0  0  0  0  0  562 1592  257  0  3 97
 0 0 0 9385308 6245492 147 2204 0 0 0 0  0  0  0  0  0  574 1683  256  0  4 96
 0 0 0 9385388 6245448 129 2193 0 0 0 0  0  0  0  0  0  585 1675  268  0  4 96
 0 0 0 9385312 6245424 129 2197 0 0 0 0  0  2  0  0  0  613 1684  300  0  4 96
 0 0 0 9385304 6245472 134 2195 0 0 0 0  0  0  0  0  0  566 1672  258  0  4 96
 0 0 0 9385364 6245424 129 2200 0 0 0 0  0  0  0  0  0  579 1695  265  0  4 96
 1 0 0 9384916 6245180 146 2199 0 0 0 0  0  0  0  0  0  563 1670  273  0  4 96
 0 0 0 9385348 6245408 77 1201 0 0 0  0  0  0  0  0  0  516 1255  215  0  2 98
 0 0 0 9385044 6245272 52 996 0 0  0  0  0  0  0  0  0  502 1103  223  0  2 98
 0 0 0 9385344 6245404 129 2194 0 0 0 0  0  3  0  0  0  659 1685  316  0  4 96
 0 0 0 9385092 6245332 134 2198 0 0 0 0  0  0  0  0  0  588 1673  261  0  4 96
 kthr      memory            page            disk          faults      cpu
 r b w   swap  free  re  mf pi po fr de sr s0 s1 s2 --   in   sy   cs us sy id
 0 0 0 9385048 6245276 129 2196 0 0 0 0  0  0  0  0  0  578 1684  265  0  4 96
 0 0 0 9385344 6245468 129 2199 0 0 0 0  0  0  0  0  0  586 1674  256  0  4 96
 0 0 0 9385084 6245576 147 2203 0 0 0 0  0  0  0  0  0  589 1684  259  0  4 96
 0 0 0 9385024 6245260 129 2196 0 0 0 0  0  0  0  0  0  575 1679  261  0  4 96
 0 0 0 9385312 6245372 134 2196 0 0 0 0  0  2  0  0  0  773 1683  306  0  4 96
 0 0 0 9385304 6245364 12 99 0  0  0  0  0  0  0  0  0  448  815  215  0  0 99
 0 0 0 9385048 6245268 117 2097 0 0 0 0  0  0  0  0  0  585 1619  263  0  3 96
 0 0 0 9384944 6245236 128 2197 0 0 0 0  0  0  0  0  0  605 1673  277  0  4 96
 0 0 0 9385308 6245512 147 2203 0 0 0 0  0  0  0  0  0  558 1683  257  0  4 96
 0 0 0 9385048 6245268 129 2196 0 0 0 0  0  0  0  0  0  583 1683  269  0  4 96
 0 0 0 9385004 6245232 129 2198 0 0 0 0  0  2  0  0  0  623 1686  303  0  4 96
 0 0 0 9385308 6245440 133 2195 0 0 0 0  0  0  0  0  0  553 1671  255  0  4 96
 0 0 0 9385052 6245272 128 2194 0 0 0 0  0  0  0  0  0  577 1685  259  0  4 96
 0 0 0 9385304 6245428 94 1206 0 0 0  0  0  0  0  0  0  513 1235  214  0  2 98
 0 0 0 9385000 6245232 52 996 0 0  0  0  0  0  0  0  0  493 1113  212  0  2 98
 0 0 0 9385284 6245352 129 2198 0 0 0 0  0  0  0  0  0  569 1676  266  0  4 96
 0 0 0 9385028 6245252 129 2195 0 0 0 0  0  2  0  0  0  612 1685  303  0  4 96
 0 0 0 9384980 6245252 134 2196 0 0 0 0  0  0  0  0  0  572 1688  258  0  4 96
 0 0 0 9385280 6245340 129 2194 0 0 0 0  0  0  0  0  0  579 1683  265  0  4 96
 kthr      memory            page            disk          faults      cpu
 r b w   swap  free  re  mf pi po fr de sr s0 s1 s2 --   in   sy   cs us sy id
 0 0 0 9384908 6245128 140 2200 0 0 0 0  0  0  0  0  0  582 1672  276  0  4 96
 0 0 0 9384984 6245244 131 2196 0 0 0 0  0  0  0  0  0  582 1684  257  0  4 96
 0 0 0 9385280 6245340 129 2196 0 0 0 0  0  0  0  0  0  585 1692  272  0  4 96
 0 0 0 9385280 6245348 17 99 0  0  0  0  0  2  0  0  0  498  726  219  0  0 99
 0 0 0 9385028 6245248 117 2098 0 0 0 0  0  0  0  0  0  586 1621  256  0  3 96
 0 0 0 9384984 6245212 129 2194 0 0 0 0  0  0  0  0  0  556 1683  263  0  4 96
 0 0 0 9385276 6245404 129 2195 0 0 0 0  0  0  0  0  0  559 1676  254  0  4 96
 0 0 0 9385000 6245428 147 2203 0 0 0 0  0  0  0  0  0  583 1684  260  0  4 96
 0 0 0 9384960 6245188 129 2194 0 0 0 0  0  0  0  0  0  588 1676  266  0  4 96
 0 0 0 9385260 6245320 131 2193 0 0 0 0  0  2  0  0  0  615 1683  299  0  4 96
 0 0 0 9385000 6245264 132 2194 0 0 0 0  0  0  0  0  0  582 1762  302  0  4 96
 0 0 0 9385256 6245316 77 1199 0 0 0  0  0  0  0  0  0  531 1232  227  0  2 98
 0 0 0 9384840 6245136 52 995 0 0  0  0  0  0  0  0  0  515 1119  227  0  2 98
 0 0 0 9385260 6245392 147 2200 0 0 0 0  0  0  0  0  0  569 1682  257  0  4 96
 0 0 0 9385000 6245220 128 2192 0 0 0 0  0  0  0  0  0  580 1683  259  0  4 96
 0 0 0 9384956 6245196 129 2194 0 0 0 0  0  2  0  0  0  618 1687  306  0  4 96
 0 0 0 9385256 6245376 134 2195 0 0 0 0  0  0  0  0  0  575 1690  261  0  4 96
 0 0 0 9385004 6245224 128 2192 0 0 0 0  0  0  0  0  0  585 1683  262  0  4 96
 0 0 0 9384952 6245184 146 2199 0 0 0 0  0  0  0  0  0  571 1673  258  0  4 96
 kthr      memory            page            disk          faults      cpu
 r b w   swap  free  re  mf pi po fr de sr s0 s1 s2 --   in   sy   cs us sy id
 0 0 0 9385232 6245304 125 2099 0 0 0 0  0  0  0  0  0  590 1651  253  0  4 96
 0 0 0 9385200 6245260 4 95  0  0  0  0  0  0  0  0  0  457  707  191  0  0 100
 0 0 0 9384944 6245172 129 2191 0 0 0 0  0  3  0  0  0  684 1685  318  0  4 96
 0 0 0 9384900 6245148 133 2189 0 0 0 0  0  0  0  0  0  573 1681  263  0  4 96
 0 0 0 9385196 6245256 129 2194 0 0 0 0  0  0  0  0  0  582 1687  269  0  4 96
 0 0 0 9384880 6245168 129 2189 0 0 0 0  0  0  0  0  0  591 1672  276  0  4 96
 0 0 0 9384904 6245348 147 2198 0 0 0 0  0  0  0  0  0  567 1684  258  0  4 96
 0 0 0 9385196 6245256 129 2185 0 0 0 0  0  0  0  0  0  578 1682  267  0  4 96
 0 0 0 9384940 6245160 131 2184 0 0 0 0  0  2  0  0  0  601 1682  294  0  4 96
 0 0 0 9385200 6245260 48 757 0 0  0  0  0  0  0  0  0  470 1036  199  0  2 98
 0 0 0 9384896 6245128 81 1431 0 0 0  0  0  0  0  0  0  542 1317  237  0  2 98
 0 0 0 9385172 6245312 129 2187 0 0 0 0  0  0  0  0  0  561 1672  260  0  4 96
 0 0 0 9384916 6245264 147 2196 0 0 0 0  0  0  0  0  0  580 1684  258  0  4 96
 0 0 0 9384880 6245104 129 2184 0 0 0 0  0  0  0  0  0  576 1674  260  0  4 96
 0 0 0 9385176 6245248 129 2184 0 0 0 0  0  2  0  0  0  625 1685  305  0  4 96
 0 0 0 9384916 6245200 134 2189 0 0 0 0  0  0  0  0  0  587 1768  304  0  4 96
 0 0 0 9384876 6245104 129 2185 0 0 0 0  0  0  0  0  0  571 1688  265  0  4 96
 0 0 0 9385056 6245184 126 1775 0 0 0 0  0  0  0  0  0  564 1511  262  0  3 96
 0 0 0 9385176 6245236 21 418 0 0  0  0  0  0  0  0  0  479  837  190  0  0 99
 kthr      memory            page            disk          faults      cpu
 r b w   swap  free  re  mf pi po fr de sr s0 s1 s2 --   in   sy   cs us sy id
 0 0 0 9384916 6245136 129 2188 0 0 0 0  0  0  0  0  0  584 1689  269  0  4 96
 0 0 0 9384876 6245112 128 2186 0 0 0 0  0  2  0  0  0  613 1686  302  0  4 96
 0 0 0 9385176 6245276 134 2186 0 0 0 0  0  0  0  0  0  579 1673  256  0  4 96
 1 0 0 9384920 6245140 129 2186 0 0 0 0  0  0  0  0  0  592 1683  267  0  4 96
 0 0 0 9384852 6245092 136 2192 0 0 0 0  0  0  0  0  0  586 1675  262  0  4 96
 0 0 0 9385108 6245184 130 2186 0 0 0 0  0  0  0  0  0  585 1684  256  0  4 96
 0 0 0 9384856 6245076 129 2186 0 0 0 0  0  0  0  0  0  586 1676  265  0  4 96
 0 0 0 9385112 6245184 42 557 0 0  0  0  0  2  0  0  0  524  970  235  0  2 98
 0 0 0 9384812 6245040 92 1628 0 0 0  0  0  0  0  0  0  546 1378  241  0  2 98
