
SunOS canfire03 5.11 onnv-gate i86pc    05/10/2009

14:12:31 sml_mem   alloc  fail  lg_mem   alloc  fail  ovsz_alloc  fail
14:12:36 366903488 319938240     0 1187336192 1139344000     0    76648448     0
14:12:41 366903488 319943552     0 1187323904 1139335296     0    76648448     0
14:12:46 366903488 319947168     0 1187328000 1139340544     0    76648448     0
14:12:51 366907584 319960160     0 1187344384 1139360512     0    76648448     0
14:12:56 366907584 319925504     0 1187344384 1139362432     0    76648448     0
14:13:01 366907584 319929888     0 1187328000 1139355904     0    76648448     0
14:13:06 366907584 319943648     0 1187336192 1139411584     0    76648448     0
14:13:11 366907584 320047584     0 1187377152 1139442176     0    76648448     0
14:13:17 366907584 319940544     0 1187352576 1139371136     0    76648448     0
14:13:22 366907584 319943488     0 1187336192 1139363456     0    76648448     0
14:13:27 366911680 319923616     0 1187340288 1139373696     0    76648448     0
14:13:32 366911680 319931456     0 1187356672 1139385472     0    76648448     0
14:13:37 366911680 319935040     0 1187356672 1139392128     0    76648448     0
14:13:42 366911680 319937984     0 1187340288 1139381376     0    76648448     0
14:13:47 366911680 319947680     0 1187344384 1139536128     0    76648448     0
14:13:52 366911680 319941792     0 1187364864 1139453568     0    76648448     0
14:13:57 366911680 319937984     0 1187381248 1139425792     0    76648448     0
14:14:02 366911680 319938656     0 1187356672 1139394816     0    76648448     0
14:14:07 366911680 319940768     0 1187405824 1139399296     0    76648448     0
14:14:12 366911680 319947040     0 1187422208 1139413632     0    76648448     0
14:14:17 366911680 319948768     0 1187422208 1139420416     0    76648448     0
14:14:22 366911680 319929088     0 1187405824 1139411072     0    76648448     0
14:14:27 366911680 319932768     0 1187446784 1139413120     0    76648448     0
14:14:32 366911680 319939040     0 1187463168 1139427968     0    76648448     0
14:14:37 366911680 319953984     0 1187463168 1139480704     0    76648448     0
14:14:42 366911680 320022016     0 1187463168 1139463296     0    76648448     0
14:14:47 366915776 319950624     0 1187463168 1139449600     0    76648448     0
14:14:52 366915776 319934368     0 1187479552 1139461760     0    76648448     0
14:14:57 366915776 319937952     0 1187479552 1139465856     0    76648448     0
14:15:02 366915776 319942272     0 1187463168 1139452160     0    76648448     0
14:15:07 366915776 319944608     0 1187463168 1139460736     0    76648448     0
14:15:12 366915776 319950880     0 1187479552 1139473024     0    76648448     0
14:15:17 366915776 319964352     0 1187479552 1139529472     0    76648448     0
14:15:22 366915776 320042720     0 1187487744 1139542528     0    76648448     0
14:15:27 366915776 319936192     0 1187463168 1139467904     0    76648448     0
14:15:32 366915776 319942464     0 1187479552 1139488384     0    76648448     0
14:15:37 366915776 319946048     0 1187479552 1139488384     0    76648448     0
14:15:42 366915776 319948992     0 1187463168 1139485824     0    76648448     0
14:15:47 366915776 319951040     0 1187463168 1139490048     0    76648448     0
14:15:52 366915776 319934688     0 1187479552 1139498112     0    76648448     0
14:15:57 366915776 319940576     0 1187512320 1139537152     0    76648448     0
14:16:02 366915776 319960384     0 1187495936 1139581696     0    76648448     0
14:16:07 366915776 319935520     0 1187463168 1139512192     0    76648448     0
14:16:12 366915776 319952576     0 1187512320 1139545856     0    76648448     0
14:16:17 366915776 319954560     0 1187512320 1139552256     0    76648448     0
14:16:22 366915776 319934784     0 1187495936 1139539712     0    76648448     0
14:16:27 366915776 319938368     0 1187495936 1139546368     0    76648448     0
14:16:32 366915776 319944640     0 1187512320 1139563776     0    76648448     0
14:16:37 366915776 319948224     0 1187512320 1139562240     0    76648448     0
14:16:42 366915776 319951168     0 1187495936 1139556608     0    76648448     0
14:16:47 366915776 319939808     0 1187500032 1139610752     0    76648448     0
14:16:52 366915776 320014784     0 1187540992 1139624448     0    76648448     0
14:16:57 366915776 319941248     0 1187524608 1139583488     0    76648448     0
14:17:02 366915776 319945280     0 1187508224 1139577088     0    76648448     0
14:17:07 366915776 319947776     0 1187508224 1139576320     0    76648448     0
14:17:12 366915776 319954048     0 1187524608 1139589760     0    76648448     0
14:17:17 366915776 319930080     0 1187524608 1139598976     0    76648448     0
14:17:22 366915776 319935680     0 1187508224 1139589632     0    76648448     0
14:17:27 366915776 319950976     0 1187508224 1139646848     0    76648448     0
14:17:32 366915776 320581056     0 1187737600 1139943424     0    76648448     0
14:17:37 366915776 327997024     0 1189027840 1141157632     0    76648448     0
14:17:42 366960832 328040512     0 1189011456 1141152256     0    76648448     0
14:17:47 366960832 327928704     0 1189011456 1141134208     0    76648448     0
14:17:52 366964928 327938304     0 1189027840 1141150720     0    76648448     0
14:17:57 366964928 327941888     0 1189027840 1141152896     0    76648448     0
14:18:02 366964928 327949568     0 1189011456 1141149184     0    76648448     0
14:18:07 366969024 327961248     0 1189011456 1141207296     0    76648448     0
14:18:12 366969024 328065024     0 1189052416 1141236352     0    76648448     0
14:18:17 366969024 327931584     0 1189027840 1141168128     0    76648448     0
14:18:22 366969024 327937120     0 1189011456 1141158144     0    76648448     0
14:18:27 366969024 327940704     0 1189011456 1141162240     0    76648448     0
14:18:32 366973120 327947968     0 1189027840 1141176320     0    76648448     0
14:18:37 366973120 327951200     0 1189027840 1141178112     0    76648448     0
14:18:42 366973120 327954208     0 1189011456 1141165696     0    76648448     0
14:18:47 366973120 327943776     0 1189011456 1141376896     0    76648448     0
14:18:52 366973120 328052224     0 1189052416 1141413120     0    76648448     0
14:18:57 366973120 327944896     0 1189027840 1141341440     0    76648448     0
14:19:02 366973120 327948736     0 1189011456 1141331328     0    76648448     0
14:19:07 366977216 327951776     0 1189011456 1141329408     0    76648448     0
14:19:12 366977216 327958048     0 1189027840 1141342208     0    76648448     0
14:19:17 366977216 327933728     0 1189027840 1141346304     0    76648448     0
14:19:22 366977216 327939808     0 1189011456 1141334528     0    76648448     0
14:19:27 366977216 327954784     0 1189011456 1141386752     0    76648448     0
14:19:32 366977216 328060672     0 1189052416 1141418752     0    76648448     0
14:19:37 366977216 327953024     0 1189027840 1141346304     0    76648448     0
14:19:42 366977216 327956128     0 1189011456 1141342720     0    76648448     0
14:19:47 366977216 327932896     0 1189011456 1141343488     0    76648448     0
14:19:52 366977216 327941952     0 1189027840 1141355520     0    76648448     0
14:19:57 366977216 327945536     0 1189027840 1141355520     0    76648448     0
14:20:02 366977216 327947680     0 1189011456 1141346176     0    76648448     0
14:20:07 366981312 327965504     0 1189011456 1141402624     0    76648448     0
14:20:12 366981312 328069856     0 1189052416 1141433344     0    76648448     0
14:20:17 366981312 327935168     0 1189027840 1141363968     0    76648448     0
14:20:22 366981312 327940896     0 1189011456 1141351424     0    76648448     0
14:20:27 366981312 327944480     0 1189011456 1141353984     0    76648448     0
14:20:32 366981312 327950752     0 1189027840 1141367296     0    76648448     0
14:20:37 366981312 327953760     0 1189011456 1141358080     0    76648448     0
14:20:42 366981312 327957536     0 1189011456 1141359616     0    76648448     0
14:20:47 366981312 327948736     0 1189027840 1141423616     0    76648448     0
14:20:52 366981312 328054304     0 1189052416 1141445376     0    76648448     0
14:20:57 366981312 327946272     0 1189011456 1141361664     0    76648448     0
14:21:02 366985408 327951616     0 1189011456 1141359744     0    76648448     0
14:21:07 366985408 327955840     0 1189027840 1141373440     0    76648448     0
14:21:12 366985408 327959424     0 1189027840 1141378560     0    76648448     0
14:21:17 366985408 327935360     0 1189011456 1141373696     0    76648448     0
14:21:22 366985408 327941632     0 1189011456 1141375232     0    76648448     0
14:21:27 366985408 327959264     0 1189027840 1141439232     0    76648448     0
14:21:32 366985408 328062720     0 1189052416 1141460992     0    76648448     0
14:21:38 366985408 327954400     0 1189011456 1141375232     0    76648448     0
14:21:43 366985408 327958080     0 1189011456 1141379328     0    76648448     0
14:21:48 366985408 327937376     0 1189027840 1141391104     0    76648448     0
14:21:53 366985408 327943648     0 1189027840 1141392128     0    76648448     0
14:21:58 366985408 327946592     0 1189011456 1141380352     0    76648448     0
14:22:03 366985408 327949056     0 1189011456 1141384064     0    76648448     0
14:22:08 366985408 327969248     0 1189027840 1141455104     0    76648448     0
14:22:13 366985408 328071488     0 1189052416 1141473920     0    76648448     0
14:22:18 366985408 327935872     0 1189011456 1141389056     0    76648448     0
14:22:23 366985408 327942208     0 1189011456 1141390592     0    76648448     0
14:22:28 366985408 327948480     0 1189027840 1141400832     0    76648448     0
14:22:33 366985408 327952096     0 1189027840 1141402368     0    76648448     0
14:22:38 366985408 327955200     0 1189011456 1141389056     0    76648448     0
14:22:43 366985408 327958880     0 1189011456 1141393152     0    76648448     0
14:22:48 366985408 327950208     0 1189027840 1141458688     0    76648448     0
14:22:53 366985408 328055552     0 1189052416 1141484544     0    76648448     0
14:22:58 366985408 327947328     0 1189011456 1141397248     0    76648448     0
14:23:03 366985408 327949824     0 1189011456 1141400448     0    76648448     0
14:23:08 366985408 327957248     0 1189027840 1141412608     0    76648448     0
14:23:13 366985408 327960896     0 1189027840 1141411072     0    76648448     0
14:23:18 366985408 327936512     0 1189011456 1141404928     0    76648448     0
14:23:23 366985408 327942784     0 1189011456 1141405952     0    76648448     0
14:23:28 366985408 327960512     0 1189027840 1141470976     0    76648448     0
14:23:33 366985408 328063680     0 1189052416 1141491968     0    76648448     0
14:23:38 366985408 327955680     0 1189011456 1141409536     0    76648448     0
14:23:43 366985408 327959264     0 1189011456 1141413632     0    76648448     0
14:23:48 366985408 327938560     0 1189027840 1141426944     0    76648448     0
14:23:53 366985408 327944832     0 1189027840 1141426944     0    76648448     0
14:23:58 366985408 327947776     0 1189011456 1141413632     0    76648448     0
14:24:03 366985408 327950272     0 1189011456 1141415168     0    76648448     0
14:24:08 366985408 327969088     0 1189027840 1141481216     0    76648448     0
14:24:13 366985408 328071520     0 1189052416 1141504640     0    76648448     0
14:24:18 366985408 327937216     0 1189027840 1141437696     0    76648448     0
14:24:23 366985408 327943488     0 1189027840 1141437696     0    76648448     0
14:24:28 366985408 327949824     0 1189044224 1141453568     0    76648448     0
14:24:33 366989504 327954176     0 1189044224 1141453568     0    76648448     0
14:24:38 366989504 327957472     0 1189027840 1141440256     0    76648448     0
14:24:43 366989504 327960800     0 1189027840 1141445888     0    76648448     0
14:24:48 366989504 327952064     0 1189044224 1141509888     0    76648448     0
14:24:53 366989504 328058048     0 1189068800 1141531008     0    76648448     0
14:24:58 366989504 327950048     0 1189027840 1141577344     0    76648448     0
14:25:03 366989504 327952480     0 1189027840 1141577344     0    76648448     0
14:25:08 366989504 327959904     0 1189044224 1141591168     0    76648448     0
14:25:13 366989504 327963488     0 1189044224 1141597312     0    76648448     0
14:25:18 366989504 327938304     0 1189027840 1141589632     0    76648448     0
14:25:23 366989504 327944640     0 1189027840 1141589632     0    76648448     0
14:25:28 366989504 327962432     0 1189044224 1141653632     0    76648448     0
14:25:33 366989504 328065504     0 1189068800 1141674496     0    76648448     0
14:25:38 366989504 327957440     0 1189027840 1141590656     0    76648448     0
14:25:43 366989504 327961024     0 1189027840 1141594752     0    76648448     0
14:25:48 366989504 327940352     0 1189044224 1141606528     0    76648448     0
14:25:53 366989504 327946624     0 1189044224 1141604864     0    76648448     0
14:25:58 366989504 327950112     0 1189027840 1141594752     0    76648448     0
14:26:03 366989504 327952608     0 1189027840 1141598848     0    76648448     0
14:26:08 366989504 327970816     0 1189044224 1141664896     0    76648448     0
14:26:13 366989504 328073280     0 1189068800 1141684096     0    76648448     0
14:26:18 366989504 327939008     0 1189027840 1141609344     0    76648448     0
14:26:23 366989504 327945344     0 1189027840 1141609344     0    76648448     0
14:26:28 366989504 327951744     0 1189044224 1141621120     0    76648448     0
14:26:33 366989504 327955456     0 1189044224 1141619456     0    76648448     0
14:26:38 366989504 327958432     0 1189027840 1141609344     0    76648448     0
14:26:43 366989504 327962016     0 1189027840 1141607680     0    76648448     0
14:26:48 366989504 327953120     0 1189044224 1141677440     0    76648448     0
14:26:53 366989504 327995616     0 1189056512 1141668096     0    76648448     0
14:26:58 366989504 327950240     0 1189027840 1141617536     0    76648448     0
14:27:03 366989504 327952704     0 1189027840 1141617152     0    76648448     0
14:27:08 366989504 327960096     0 1189044224 1141629312     0    76648448     0
14:27:13 366989504 327963680     0 1189044224 1141629312     0    76648448     0
14:27:18 366989504 327939584     0 1189027840 1141623680     0    76648448     0
14:27:23 366989504 327945984     0 1189027840 1141623680     0    76648448     0
14:27:28 366989504 327963968     0 1189044224 1141688576     0    76648448     0
14:27:33 366989504 328003520     0 1189056512 1141673856     0    76648448     0
14:27:38 366989504 327958784     0 1189044224 1141626112     0    76648448     0
14:27:43 366989504 327962688     0 1189044224 1141630080     0    76648448     0
14:27:48 366989504 327943040     0 1189060608 1141771136     0    76648448     0
14:27:53 366989504 327949312     0 1189060608 1141772160     0    76648448     0
14:27:58 366989504 327952256     0 1189044224 1141760384     0    76648448     0
14:28:03 366989504 327955264     0 1189044224 1141760384     0    76648448     0
14:28:08 366989504 327973472     0 1189060608 1141828480     0    76648448     0
14:28:13 366989504 328003008     0 1189076992 1141817728     0    76648448     0
14:28:18 367009984 327966912     0 1189044224 1141738624     0    76648448     0
14:28:23 367009984 327973376     0 1189044224 1141738624     0    76648448     0
14:28:28 367009984 327980064     0 1189060608 1141755264     0    76648448     0
14:28:33 367009984 327983328     0 1189060608 1141752960     0    76648448     0
14:28:38 367009984 327986272     0 1189044224 1141742720     0    76648448     0
14:28:43 367009984 327989856     0 1189044224 1141742720     0    76648448     0
14:28:48 367009984 327979264     0 1189060608 1141806848     0    76648448     0
14:28:53 367009984 328050656     0 1189072896 1141792512     0    76648448     0
14:28:58 367009984 327976704     0 1189044224 1141745024     0    76648448     0
14:29:03 367009984 327982080     0 1189060608 1141752576     0    76648448     0
14:29:08 367009984 327986304     0 1189060608 1141754496     0    76648448     0
14:29:13 367009984 327989280     0 1189044224 1141746816     0    76648448     0
14:29:18 367009984 327966400     0 1189044224 1141746816     0    76648448     0
14:29:23 367009984 327975040     0 1189060608 1141762688     0    76648448     0
14:29:28 367014080 327990848     0 1189060608 1141815808     0    76648448     0
14:29:33 367014080 328059232     0 1189060608 1141790336     0    76648448     0
14:29:38 367014080 327985536     0 1189044224 1141750912     0    76648448     0
14:29:43 367014080 327992224     0 1189060608 1141763456     0    76648448     0
14:29:48 367014080 327968256     0 1189060608 1141762688     0    76648448     0
14:29:53 367014080 327973888     0 1189044224 1141750912     0    76648448     0
14:29:59 367014080 327977568     0 1189064704 1141749376     0    76648448     0
14:30:04 367018176 327984544     0 1189081088 1141767296     0    76648448     0
14:30:09 367022272 328000128     0 1189081088 1141819520     0    76648448     0
14:30:14 367022272 328068416     0 1189081088 1141798912     0    76648448     0
14:30:19 367022272 327968192     0 1189064704 1141755520     0    76648448     0
14:30:24 367022272 327977216     0 1189081088 1141768832     0    76648448     0
14:30:29 367022272 327980800     0 1189081088 1141768832     0    76648448     0
14:30:34 367022272 327983744     0 1189064704 1141757056     0    76648448     0
14:30:39 367022272 327987328     0 1189064704 1141757056     0    76648448     0
14:30:44 367022272 327993600     0 1189081088 1141768832     0    76648448     0
14:30:49 367022272 327982080     0 1189081088 1141821184     0    76648448     0
14:30:54 367022272 328052448     0 1189081088 1141802112     0    76648448     0
14:30:59 367022272 327979776     0 1189064704 1141761152     0    76648448     0
14:31:04 367022272 327984928     0 1189081088 1141772544     0    76648448     0
14:31:09 367022272 327989952     0 1189081088 1141904384     0    76648448     0
14:31:14 367022272 326379008     0 1188765696 1141649024     0    76648448     0
14:31:19 367022272 326353152     0 1188765696 1141642112     0    76648448     0
14:31:24 367022272 326396672     0 1188798464 1141716224     0    76648448     0
14:31:29 367022272 325812416     0 1188630528 1141658752     0    76648448     0
14:31:34 367022272 325880512     0 1188630528 1141635712     0    76648448     0
14:31:39 367022272 325807328     0 1188614144 1141597184     0    76648448     0
14:31:44 367022272 325813536     0 1188630528 1141610624     0    76648448     0
14:31:49 367022272 325766016     0 1188630528 1141608960     0    76648448     0
14:31:54 367022272 325771648     0 1188614144 1141598848     0    76648448     0
14:31:59 367022272 325775232     0 1188614144 1141601280     0    76648448     0
14:32:04 367022272 325780928     0 1188630528 1141613056     0    76648448     0
14:32:09 367022272 325795968     0 1188630528 1141666944     0    76648448     0
14:32:14 367022272 325835264     0 1188622336 1141642368     0    76648448     0
14:32:19 367022272 325764480     0 1188614144 1141602944     0    76648448     0
14:32:24 367022272 325773376     0 1188630528 1141614720     0    76648448     0
14:32:29 367022272 325777024     0 1188630528 1141618816     0    76648448     0
14:32:34 367022272 325779968     0 1188614144 1141607040     0    76648448     0
14:32:39 367022272 325783552     0 1188614144 1141607040     0    76648448     0
14:32:44 367022272 325789824     0 1188630528 1141618816     0    76648448     0
14:32:49 367022272 325778240     0 1188630528 1141671040     0    76648448     0
14:32:54 367022272 325882592     0 1188638720 1141681024     0    76648448     0
14:32:59 367022272 325775360     0 1188614144 1141607040     0    76648448     0
14:33:04 367022272 325781120     0 1188630528 1141618432     0    76648448     0
14:33:09 367022272 325785408     0 1188630528 1141617152     0    76648448     0
14:33:14 367022272 325788480     0 1188614144 1141611136     0    76648448     0
14:33:19 367022272 325765504     0 1188614144 1141611136     0    76648448     0
14:33:24 367022272 325774016     0 1188630528 1141622912     0    76648448     0
14:33:29 367022272 325777600     0 1188630528 1141622912     0    76648448     0
14:33:34 367022272 325790464     0 1188618240 1141643776     0    76648448     0
14:33:39 367022272 325783872     0 1188614144 1141615232     0    76648448     0
14:33:44 367022272 325790144     0 1188630528 1141627008     0    76648448     0
14:33:49 367022272 325768480     0 1188777984 1141647744     0    76648448     0
14:33:54 367022272 325774112     0 1188761600 1141635968     0    76648448     0
14:33:59 367022272 325777696     0 1188761600 1141635968     0    76648448     0
14:34:04 367022272 325784000     0 1188777984 1141650304     0    76648448     0
14:34:09 367022272 325787744     0 1188777984 1141650304     0    76648448     0
14:34:14 367022272 325901856     0 1188786176 1141713152     0    76648448     0
14:34:19 367022272 325767136     0 1188761600 1141640064     0    76648448     0
14:34:24 367022272 325776096     0 1188777984 1141651840     0    76648448     0
14:34:29 367022272 325779680     0 1188777984 1141652352     0    76648448     0
14:34:34 367022272 325782624     0 1188761600 1141644160     0    76648448     0
14:34:39 367022272 325786208     0 1188761600 1141644160     0    76648448     0
14:34:44 367022272 325792480     0 1188777984 1141655936     0    76648448     0
14:34:49 367022272 325769760     0 1188794368 1141676416     0    76648448     0
14:34:54 367022272 325786528     0 1188777984 1141717760     0    76648448     0
14:34:59 367022272 325855648     0 1188794368 1141705600     0    76648448     0
14:35:04 367022272 325784160     0 1188794368 1141676032     0    76648448     0
14:35:09 367022272 325788416     0 1188794368 1141676416     0    76648448     0
14:35:14 367022272 325791360     0 1188777984 1141663104     0    76648448     0
14:35:19 367022272 325768384     0 1188777984 1141664640     0    76648448     0
14:35:24 367022272 325776896     0 1188794368 1141676416     0    76648448     0
14:35:29 367022272 325780480     0 1188794368 1141676416     0    76648448     0
14:35:34 367022272 325794816     0 1188777984 1141716864     0    76648448     0
14:35:39 367022272 325864192     0 1188794368 1141709696     0    76648448     0
14:35:44 367022272 325793024     0 1188794368 1141680512     0    76648448     0
14:35:49 367022272 325769408     0 1188794368 1141680512     0    76648448     0
14:35:54 367022272 325775040     0 1188777984 1141668736     0    76648448     0
14:35:59 367022272 325780032     0 1188777984 1141677440     0    76648448     0
14:36:04 367022272 325785088     0 1188794368 1141684608     0    76648448     0
14:36:09 367022272 325788736     0 1188794368 1141684608     0    76648448     0
14:36:14 367022272 325803072     0 1188777984 1141725056     0    76648448     0
14:36:19 367022272 325765376     0 1188777984 1141693952     0    76648448     0
14:36:24 367022272 325777024     0 1188794368 1141684608     0    76648448     0
14:36:29 367022272 325780608     0 1188794368 1141688704     0    76648448     0
14:36:34 367022272 325783552     0 1188777984 1141676928     0    76648448     0
14:36:39 367022272 325787136     0 1188777984 1141676928     0    76648448     0
14:36:44 367022272 325793408     0 1188794368 1141688704     0    76648448     0
14:36:49 367022272 325770720     0 1188794368 1141693056     0    76648448     0
14:36:54 367022272 325787520     0 1188777984 1141734400     0    76648448     0
14:36:59 367022272 325890688     0 1188802560 1141754368     0    76648448     0
14:37:04 367022272 325785216     0 1188794368 1141692672     0    76648448     0
14:37:09 367022272 325789696     0 1188794368 1141695360     0    76648448     0
14:37:14 367022272 325792320     0 1188777984 1141683840     0    76648448     0
14:37:19 367022272 325772384     0 1188794368 1141828480     0    76648448     0
14:37:24 367022272 325778272     0 1188794368 1141826944     0    76648448     0
14:37:29 367022272 325781216     0 1188777984 1141816704     0    76648448     0
14:37:34 367022272 325784800     0 1188777984 1141815168     0    76648448     0
14:37:39 367022272 325843968     0 1188802560 1141887744     0    76648448     0
14:37:44 367022272 325794400     0 1188794368 1141832576     0    76648448     0
14:37:49 367022272 320593440     0 1187897344 1140934016     0    76648448     0
14:37:54 367022272 320613376     0 1187897344 1140952832     0    76648448     0
14:37:59 367022272 320083552     0 1187934208 1140924032     0    76648448     0
14:38:04 367022272 320088256     0 1187934208 1141055744     0    76648448     0
14:38:09 367022272 320091200     0 1187917824 1141043968     0    76648448     0
14:38:14 367022272 320094784     0 1187917824 1141043968     0    76648448     0
14:38:20 367022272 320059200     0 1187938304 1141126784     0    76648448     0
14:38:25 367022272 320047008     0 1187938304 1141092096     0    76648448     0
14:38:30 367022272 320056576     0 1187921920 1141062784     0    76648448     0
14:38:35 367022272 320060160     0 1187921920 1141062784     0    76648448     0
14:38:40 367022272 320066432     0 1187938304 1141074560     0    76648448     0
14:38:45 367022272 320070016     0 1187938304 1141074560     0    76648448     0
14:38:50 367022272 320046656     0 1187921920 1141066496     0    76648448     0
14:38:55 367022272 320052864     0 1187921920 1141064832     0    76648448     0
14:39:00 367022272 320059200     0 1187938304 1141078272     0    76648448     0
14:39:05 367022272 320075584     0 1187938304 1141136512     0    76648448     0
14:39:10 367022272 320142496     0 1187938304 1141108224     0    76648448     0
14:39:15 367022272 320069056     0 1187921920 1141066496     0    76648448     0
14:39:20 367026368 320051200     0 1187938304 1141082368     0    76648448     0
14:39:25 367026368 320057664     0 1187938304 1141082368     0    76648448     0
14:39:30 367026368 320060608     0 1187921920 1141068928     0    76648448     0
14:39:35 367026368 320064192     0 1187921920 1141070592     0    76648448     0
14:39:40 367026368 320070464     0 1187938304 1141082368     0    76648448     0
14:39:45 367026368 320085440     0 1187938304 1141132928     0    76648448     0
14:39:50 367026368 320168768     0 1188081664 1141152384     0    76648448     0
14:39:55 367026368 320065312     0 1188057088 1141081600     0    76648448     0
14:40:00 367026368 320071360     0 1188073472 1141091072     0    76648448     0
14:40:05 367026368 320074368     0 1188073472 1141090688     0    76648448     0
14:40:10 367026368 320077888     0 1188057088 1141079296     0    76648448     0
14:40:15 367026368 320081472     0 1188057088 1141079296     0    76648448     0
14:40:20 367026368 320061024     0 1188089856 1141105920     0    76648448     0
14:40:25 367026368 320067072     0 1188089856 1141105920     0    76648448     0
14:40:30 367026368 320081408     0 1188073472 1141146368     0    76648448     0
14:40:35 367026368 320150624     0 1188089856 1141134976     0    76648448     0
14:40:40 367026368 320079616     0 1188089856 1141107456     0    76648448     0
14:40:45 367026368 320083232     0 1188089856 1141107456     0    76648448     0
14:40:50 367026368 320058816     0 1188073472 1141095680     0    76648448     0
14:40:55 367026368 320065408     0 1188073472 1141094144     0    76648448     0
14:41:00 367026368 320072192     0 1188089856 1141107456     0    76648448     0
14:41:05 367026368 320075264     0 1188089856 1141107456     0    76648448     0
14:41:10 367026368 320078208     0 1188073472 1141095680     0    76648448     0
14:41:15 367026368 320119680     0 1188085760 1141156608     0    76648448     0
14:41:20 367026368 320060608     0 1188089856 1141107456     0    76648448     0
14:41:25 367026368 320067104     0 1188089856 1141107456     0    76648448     0
14:41:30 367026368 320070048     0 1188073472 1141095680     0    76648448     0
14:41:35 367026368 320073632     0 1188073472 1141095680     0    76648448     0
14:41:40 367026368 320080000     0 1188089856 1141107456     0    76648448     0
14:41:45 367026368 320083840     0 1188089856 1141107456     0    76648448     0
14:41:50 367026368 320060160     0 1188073472 1141095680     0    76648448     0
14:41:55 367026368 320077664     0 1188073472 1141147904     0    76648448     0
14:42:00 367026368 320183072     0 1188114432 1141180544     0    76648448     0
14:42:05 367026368 320075360     0 1188089856 1141111168     0    76648448     0
14:42:10 367026368 320078880     0 1188073472 1141099776     0    76648448     0
14:42:15 367026368 320082464     0 1188073472 1141098240     0    76648448     0
14:42:20 367026368 320062272     0 1188089856 1141114368     0    76648448     0
14:42:25 367026368 320068352     0 1188089856 1141115904     0    76648448     0
14:42:30 367026368 320071296     0 1188073472 1141104128     0    76648448     0
14:42:35 367026368 320074880     0 1188073472 1141102592     0    76648448     0
14:42:40 367026368 320092576     0 1188089856 1141168128     0    76648448     0
14:42:45 367026368 320161536     0 1188106240 1141156864     0    76648448     0
14:42:50 367026368 320060416     0 1188089856 1141118976     0    76648448     0
14:42:55 367026368 320066912     0 1188089856 1141120512     0    76648448     0
14:43:00 367026368 320073184     0 1188106240 1141132288     0    76648448     0
14:43:05 367026368 320076768     0 1188106240 1141134336     0    76648448     0
14:43:10 367026368 320079712     0 1188089856 1141122560     0    76648448     0
14:43:15 367026368 320083296     0 1188089856 1141122560     0    76648448     0
14:43:20 367026368 320074240     0 1188106240 1141186560     0    76648448     0
14:43:25 367026368 320180384     0 1188130816 1141338880     0    76648448     0
14:43:30 367026368 320072352     0 1188089856 1141253888     0    76648448     0
14:43:35 367026368 320075936     0 1188089856 1141253888     0    76648448     0
14:43:40 367026368 320082240     0 1188106240 1141265664     0    76648448     0
14:43:45 367026368 320085984     0 1188106240 1141264128     0    76648448     0
14:43:50 367026368 320061760     0 1188089856 1141257984     0    76648448     0
14:43:55 367026368 320069760     0 1188089856 1141390080     0    76648448     0
14:44:00 367026368 320075680     0 1188106240 1141399552     0    76648448     0
14:44:05 367026368 320091520     0 1188106240 1141463552     0    76648448     0
14:44:10 367026368 320158816     0 1188106240 1141432832     0    76648448     0
14:44:15 367026368 320084992     0 1188089856 1141391872     0    76648448     0
14:44:20 367026368 320063040     0 1188106240 1141405184     0    76648448     0
14:44:25 367026368 320069536     0 1188106240 1141405184     0    76648448     0
14:44:30 367026368 320072480     0 1188089856 1141391872     0    76648448     0
14:44:35 367026368 320076128     0 1188089856 1141393408     0    76648448     0
14:44:40 367026368 320082528     0 1188106240 1141403648     0    76648448     0
14:44:45 367026368 320097600     0 1188106240 1141455872     0    76648448     0
14:44:50 367026368 320143168     0 1188102144 1141454080     0    76648448     0
14:44:55 367026368 320068224     0 1188089856 1141391872     0    76648448     0
14:45:00 367026368 320074496     0 1188106240 1141403648     0    76648448     0
14:45:05 367026368 320077504     0 1188106240 1141405184     0    76648448     0
14:45:10 367026368 320081024     0 1188089856 1141393408     0    76648448     0
14:45:15 367026368 320084608     0 1188089856 1141393408     0    76648448     0
14:45:20 367026368 320064064     0 1188106240 1141405184     0    76648448     0
14:45:25 367026368 320070656     0 1188106240 1141405184     0    76648448     0
14:45:30 367026368 320084992     0 1188089856 1141445632     0    76648448     0
14:45:35 367026368 320115296     0 1188102144 1141428352     0    76648448     0
14:45:40 367026368 320083392     0 1188106240 1141405184     0    76648448     0
14:45:45 367026368 320086592     0 1188126720 1141393408     0    76648448     0
14:45:50 367026368 320063360     0 1188126720 1141393408     0    76648448     0
14:45:55 367026368 320072064     0 1188143104 1141405184     0    76648448     0
14:46:00 367026368 320075648     0 1188143104 1141403648     0    76648448     0
14:46:05 367026368 320078080     0 1188126720 1141391872     0    76648448     0
14:46:10 367026368 320081728     0 1188126720 1141393408     0    76648448     0
14:46:15 367026368 320099360     0 1188143104 1141455872     0    76648448     0
14:46:20 367026368 320140768     0 1188159488 1141448704     0    76648448     0
14:46:25 367026368 320069696     0 1188126720 1141395968     0    76648448     0
14:46:30 367026368 320073312     0 1188126720 1141397504     0    76648448     0
14:46:35 367026368 320079744     0 1188143104 1141409280     0    76648448     0
14:46:41 367026368 320083392     0 1188143104 1141409280     0    76648448     0
14:46:46 367026368 320086336     0 1188126720 1141395968     0    76648448     0
14:46:51 367026368 320063168     0 1188126720 1141395968     0    76648448     0
14:46:56 367026368 320083456     0 1188143104 1141462400     0    76648448     0
14:47:01 367026368 320186080     0 1188167680 1141482496     0    76648448     0
14:47:06 367026368 320077568     0 1188126720 1141397120     0    76648448     0
14:47:11 367026368 320081728     0 1188126720 1141397504     0    76648448     0
14:47:16 367026368 320088000     0 1188143104 1141407744     0    76648448     0
14:47:21 367026368 320064768     0 1188143104 1141409280     0    76648448     0
14:47:26 367026368 320070176     0 1188126720 1141400064     0    76648448     0
14:47:31 367026368 320073824     0 1188126720 1141400064     0    76648448     0
14:47:36 367026368 320080224     0 1188143104 1141411840     0    76648448     0
14:47:41 367026368 320095392     0 1188184064 1141469696     0    76648448     0
14:47:46 367026368 320163712     0 1188184064 1141445120     0    76648448     0
14:47:51 367026368 320062752     0 1188167680 1141405696     0    76648448     0
14:47:56 367026368 320071936     0 1188184064 1141417472     0    76648448     0
