
SunOS canfire03 5.11 onnv-gate i86pc    05/10/2009

14:12:31  pgout/s ppgout/s pgfree/s pgscan/s %ufs_ipf
14:12:36     0.00     0.00     0.00     0.00     0.00
14:12:41     0.00     0.00     0.00     0.00     0.00
14:12:46     0.00     0.00     0.00     0.00     0.00
14:12:51     0.00     0.00     0.00     0.00     0.00
14:12:56     0.00     0.00     0.00     0.00     0.00
14:13:01     0.00     0.00     0.00     0.00     0.00
14:13:06     0.00     0.00     0.00     0.00     0.00
14:13:11     0.00     0.00     0.00     0.00     0.00
14:13:16     0.00     0.00     0.00     0.00     0.00
14:13:22     0.00     0.00     0.00     0.00     0.00
14:13:27     0.00     0.00     0.00     0.00     0.00
14:13:32     0.00     0.00     0.00     0.00     0.00
14:13:37     0.00     0.00     0.00     0.00     0.00
14:13:42     0.00     0.00     0.00     0.00     0.00
14:13:47     0.00     0.00     0.00     0.00     0.00
14:13:52     0.00     0.00     0.00     0.00     0.00
14:13:57     0.00     0.00     0.00     0.00     0.00
14:14:02     0.00     0.00     0.00     0.00     0.00
14:14:07     0.00     0.00     0.00     0.00     0.00
14:14:12     0.00     0.00     0.00     0.00     0.00
14:14:17     0.00     0.00     0.00     0.00     0.00
14:14:22     0.00     0.00     0.00     0.00     0.00
14:14:27     0.00     0.00     0.00     0.00     0.00
14:14:32     0.00     0.00     0.00     0.00     0.00
14:14:37     0.00     0.00     0.00     0.00     0.00
14:14:42     0.00     0.00     0.00     0.00     0.00
14:14:47     0.00     0.00     0.00     0.00     0.00
14:14:52     0.00     0.00     0.00     0.00     0.00
14:14:57     0.00     0.00     0.00     0.00     0.00
14:15:02     0.00     0.00     0.00     0.00     0.00
14:15:07     0.00     0.00     0.00     0.00     0.00
14:15:12     0.00     0.00     0.00     0.00     0.00
14:15:17     0.00     0.00     0.00     0.00     0.00
14:15:22     0.00     0.00     0.00     0.00     0.00
14:15:27     0.00     0.00     0.00     0.00     0.00
14:15:32     0.00     0.00     0.00     0.00     0.00
14:15:37     0.00     0.00     0.00     0.00     0.00
14:15:42     0.00     0.00     0.00     0.00     0.00
14:15:47     0.00     0.00     0.00     0.00     0.00
14:15:52     0.00     0.00     0.00     0.00     0.00
14:15:57     0.00     0.00     0.00     0.00     0.00
14:16:02     0.00     0.00     0.00     0.00     0.00
14:16:07     0.00     0.00     0.00     0.00     0.00
14:16:12     0.00     0.00     0.00     0.00     0.00
14:16:17     0.00     0.00     0.00     0.00     0.00
14:16:22     0.00     0.00     0.00     0.00     0.00
14:16:27     0.00     0.00     0.00     0.00     0.00
14:16:32     0.00     0.00     0.00     0.00     0.00
14:16:37     0.00     0.00     0.00     0.00     0.00
14:16:42     0.00     0.00     0.00     0.00     0.00
14:16:47     0.00     0.00     0.00     0.00     0.00
14:16:52     0.00     0.00     0.00     0.00     0.00
14:16:57     0.00     0.00     0.00     0.00     0.00
14:17:02     0.00     0.00     0.00     0.00     0.00
14:17:07     0.00     0.00     0.00     0.00     0.00
14:17:12     0.00     0.00     0.00     0.00     0.00
14:17:17     0.00     0.00     0.00     0.00     0.00
14:17:22     0.00     0.00     0.00     0.00     0.00
14:17:27     0.00     0.00     0.00     0.00     0.00
14:17:32     0.00     0.00     0.00     0.00     0.00
14:17:37     0.00     0.00     0.00     0.00     0.00
14:17:42     0.00     0.00     0.00     0.00     0.00
14:17:47     0.00     0.00     0.00     0.00     0.00
14:17:52     0.00     0.00     0.00     0.00     0.00
14:17:57     0.00     0.00     0.00     0.00     0.00
14:18:02     0.00     0.00     0.00     0.00     0.00
14:18:07     0.00     0.00     0.00     0.00     0.00
14:18:12     0.00     0.00     0.00     0.00     0.00
14:18:17     0.00     0.00     0.00     0.00     0.00
14:18:22     0.00     0.00     0.00     0.00     0.00
14:18:27     0.00     0.00     0.00     0.00     0.00
14:18:32     0.00     0.00     0.00     0.00     0.00
14:18:37     0.00     0.00     0.00     0.00     0.00
14:18:42     0.00     0.00     0.00     0.00     0.00
14:18:47     0.00     0.00     0.00     0.00     0.00
14:18:52     0.00     0.00     0.00     0.00     0.00
14:18:57     0.00     0.00     0.00     0.00     0.00
14:19:02     0.00     0.00     0.00     0.00     0.00
14:19:07     0.00     0.00     0.00     0.00     0.00
14:19:12     0.00     0.00     0.00     0.00     0.00
14:19:17     0.00     0.00     0.00     0.00     0.00
14:19:22     0.00     0.00     0.00     0.00     0.00
14:19:27     0.00     0.00     0.00     0.00     0.00
14:19:32     0.00     0.00     0.00     0.00     0.00
14:19:37     0.00     0.00     0.00     0.00     0.00
14:19:42     0.00     0.00     0.00     0.00     0.00
14:19:47     0.00     0.00     0.00     0.00     0.00
14:19:52     0.00     0.00     0.00     0.00     0.00
14:19:57     0.00     0.00     0.00     0.00     0.00
14:20:02     0.00     0.00     0.00     0.00     0.00
14:20:07     0.00     0.00     0.00     0.00     0.00
14:20:12     0.00     0.00     0.00     0.00     0.00
14:20:17     0.00     0.00     0.00     0.00     0.00
14:20:22     0.00     0.00     0.00     0.00     0.00
14:20:27     0.00     0.00     0.00     0.00     0.00
14:20:32     0.00     0.00     0.00     0.00     0.00
14:20:37     0.00     0.00     0.00     0.00     0.00
14:20:42     0.00     0.00     0.00     0.00     0.00
14:20:47     0.00     0.00     0.00     0.00     0.00
14:20:52     0.00     0.00     0.00     0.00     0.00
14:20:57     0.00     0.00     0.00     0.00     0.00
14:21:02     0.00     0.00     0.00     0.00     0.00
14:21:07     0.00     0.00     0.00     0.00     0.00
14:21:12     0.00     0.00     0.00     0.00     0.00
14:21:17     0.00     0.00     0.00     0.00     0.00
14:21:22     0.00     0.00     0.00     0.00     0.00
14:21:27     0.00     0.00     0.00     0.00     0.00
14:21:32     0.00     0.00     0.00     0.00     0.00
14:21:37     0.00     0.00     0.00     0.00     0.00
14:21:43     0.00     0.00     0.00     0.00     0.00
14:21:48     0.00     0.00     0.00     0.00     0.00
14:21:53     0.00     0.00     0.00     0.00     0.00
14:21:58     0.00     0.00     0.00     0.00     0.00
14:22:03     0.00     0.00     0.00     0.00     0.00
14:22:08     0.00     0.00     0.00     0.00     0.00
14:22:13     0.00     0.00     0.00     0.00     0.00
14:22:18     0.00     0.00     0.00     0.00     0.00
14:22:23     0.00     0.00     0.00     0.00     0.00
14:22:28     0.00     0.00     0.00     0.00     0.00
14:22:33     0.00     0.00     0.00     0.00     0.00
14:22:38     0.00     0.00     0.00     0.00     0.00
14:22:43     0.00     0.00     0.00     0.00     0.00
14:22:48     0.00     0.00     0.00     0.00     0.00
14:22:53     0.00     0.00     0.00     0.00     0.00
14:22:58     0.00     0.00     0.00     0.00     0.00
14:23:03     0.00     0.00     0.00     0.00     0.00
14:23:08     0.00     0.00     0.00     0.00     0.00
14:23:13     0.00     0.00     0.00     0.00     0.00
14:23:18     0.00     0.00     0.00     0.00     0.00
14:23:23     0.00     0.00     0.00     0.00     0.00
14:23:28     0.00     0.00     0.00     0.00     0.00
14:23:33     0.00     0.00     0.00     0.00     0.00
14:23:38     0.00     0.00     0.00     0.00     0.00
14:23:43     0.00     0.00     0.00     0.00     0.00
14:23:48     0.00     0.00     0.00     0.00     0.00
14:23:53     0.00     0.00     0.00     0.00     0.00
14:23:58     0.00     0.00     0.00     0.00     0.00
14:24:03     0.00     0.00     0.00     0.00     0.00
14:24:08     0.00     0.00     0.00     0.00     0.00
14:24:13     0.00     0.00     0.00     0.00     0.00
14:24:18     0.00     0.00     0.00     0.00     0.00
14:24:23     0.00     0.00     0.00     0.00     0.00
14:24:28     0.00     0.00     0.00     0.00     0.00
14:24:33     0.00     0.00     0.00     0.00     0.00
14:24:38     0.00     0.00     0.00     0.00     0.00
14:24:43     0.00     0.00     0.00     0.00     0.00
14:24:48     0.00     0.00     0.00     0.00     0.00
14:24:53     0.00     0.00     0.00     0.00     0.00
14:24:58     0.00     0.00     0.00     0.00     0.00
14:25:03     0.00     0.00     0.00     0.00     0.00
14:25:08     0.00     0.00     0.00     0.00     0.00
14:25:13     0.00     0.00     0.00     0.00     0.00
14:25:18     0.00     0.00     0.00     0.00     0.00
14:25:23     0.00     0.00     0.00     0.00     0.00
14:25:28     0.00     0.00     0.00     0.00     0.00
14:25:33     0.00     0.00     0.00     0.00     0.00
14:25:38     0.00     0.00     0.00     0.00     0.00
14:25:43     0.00     0.00     0.00     0.00     0.00
14:25:48     0.00     0.00     0.00     0.00     0.00
14:25:53     0.00     0.00     0.00     0.00     0.00
14:25:58     0.00     0.00     0.00     0.00     0.00
14:26:03     0.00     0.00     0.00     0.00     0.00
14:26:08     0.00     0.00     0.00     0.00     0.00
14:26:13     0.00     0.00     0.00     0.00     0.00
14:26:18     0.00     0.00     0.00     0.00     0.00
14:26:23     0.00     0.00     0.00     0.00     0.00
14:26:28     0.00     0.00     0.00     0.00     0.00
14:26:33     0.00     0.00     0.00     0.00     0.00
14:26:38     0.00     0.00     0.00     0.00     0.00
14:26:43     0.00     0.00     0.00     0.00     0.00
14:26:48     0.00     0.00     0.00     0.00     0.00
14:26:53     0.00     0.00     0.00     0.00     0.00
14:26:58     0.00     0.00     0.00     0.00     0.00
14:27:03     0.00     0.00     0.00     0.00     0.00
14:27:08     0.00     0.00     0.00     0.00     0.00
14:27:13     0.00     0.00     0.00     0.00     0.00
14:27:18     0.00     0.00     0.00     0.00     0.00
14:27:23     0.00     0.00     0.00     0.00     0.00
14:27:28     0.00     0.00     0.00     0.00     0.00
14:27:33     0.00     0.00     0.00     0.00     0.00
14:27:38     0.00     0.00     0.00     0.00     0.00
14:27:43     0.00     0.00     0.00     0.00     0.00
14:27:48     0.00     0.00     0.00     0.00     0.00
14:27:53     0.00     0.00     0.00     0.00     0.00
14:27:58     0.00     0.00     0.00     0.00     0.00
14:28:03     0.00     0.00     0.00     0.00     0.00
14:28:08     0.00     0.00     0.00     0.00     0.00
14:28:13     0.00     0.00     0.00     0.00     0.00
14:28:18     0.00     0.00     0.00     0.00     0.00
14:28:23     0.00     0.00     0.00     0.00     0.00
14:28:28     0.00     0.00     0.00     0.00     0.00
14:28:33     0.00     0.00     0.00     0.00     0.00
14:28:38     0.00     0.00     0.00     0.00     0.00
14:28:43     0.00     0.00     0.00     0.00     0.00
14:28:48     0.00     0.00     0.00     0.00     0.00
14:28:53     0.00     0.00     0.00     0.00     0.00
14:28:58     0.00     0.00     0.00     0.00     0.00
14:29:03     0.00     0.00     0.00     0.00     0.00
14:29:08     0.00     0.00     0.00     0.00     0.00
14:29:13     0.00     0.00     0.00     0.00     0.00
14:29:18     0.00     0.00     0.00     0.00     0.00
14:29:23     0.00     0.00     0.00     0.00     0.00
14:29:28     0.00     0.00     0.00     0.00     0.00
14:29:33     0.00     0.00     0.00     0.00     0.00
14:29:38     0.00     0.00     0.00     0.00     0.00
14:29:43     0.00     0.00     0.00     0.00     0.00
14:29:48     0.00     0.00     0.00     0.00     0.00
14:29:53     0.00     0.00     0.00     0.00     0.00
14:29:58     0.00     0.00     0.00     0.00     0.00
14:30:04     0.00     0.00     0.00     0.00     0.00
14:30:09     0.00     0.00     0.00     0.00     0.00
14:30:14     0.00     0.00     0.00     0.00     0.00
14:30:19     0.00     0.00     0.00     0.00     0.00
14:30:24     0.00     0.00     0.00     0.00     0.00
14:30:29     0.00     0.00     0.00     0.00     0.00
14:30:34     0.00     0.00     0.00     0.00     0.00
14:30:39     0.00     0.00     0.00     0.00     0.00
14:30:44     0.00     0.00     0.00     0.00     0.00
14:30:49     0.00     0.00     0.00     0.00     0.00
14:30:54     0.00     0.00     0.00     0.00     0.00
14:30:59     0.00     0.00     0.00     0.00     0.00
14:31:04     0.00     0.00     0.00     0.00     0.00
14:31:09     0.00     0.00     0.00     0.00     0.00
14:31:14     0.00     0.00     0.00     0.00     0.00
14:31:19     0.00     0.00     0.00     0.00     0.00
14:31:24     0.00     0.00     0.00     0.00     0.00
14:31:29     0.00     0.00     0.00     0.00     0.00
14:31:34     0.00     0.00     0.00     0.00     0.00
14:31:39     0.00     0.00     0.00     0.00     0.00
14:31:44     0.00     0.00     0.00     0.00     0.00
14:31:49     0.00     0.00     0.00     0.00     0.00
14:31:54     0.00     0.00     0.00     0.00     0.00
14:31:59     0.00     0.00     0.00     0.00     0.00
14:32:04     0.00     0.00     0.00     0.00     0.00
14:32:09     0.00     0.00     0.00     0.00     0.00
14:32:14     0.00     0.00     0.00     0.00     0.00
14:32:19     0.00     0.00     0.00     0.00     0.00
14:32:24     0.00     0.00     0.00     0.00     0.00
14:32:29     0.00     0.00     0.00     0.00     0.00
14:32:34     0.00     0.00     0.00     0.00     0.00
14:32:39     0.00     0.00     0.00     0.00     0.00
14:32:44     0.00     0.00     0.00     0.00     0.00
14:32:49     0.00     0.00     0.00     0.00     0.00
14:32:54     0.00     0.00     0.00     0.00     0.00
14:32:59     0.00     0.00     0.00     0.00     0.00
14:33:04     0.00     0.00     0.00     0.00     0.00
14:33:09     0.00     0.00     0.00     0.00     0.00
14:33:14     0.00     0.00     0.00     0.00     0.00
14:33:19     0.00     0.00     0.00     0.00     0.00
14:33:24     0.00     0.00     0.00     0.00     0.00
14:33:29     0.00     0.00     0.00     0.00     0.00
14:33:34     0.00     0.00     0.00     0.00     0.00
14:33:39     0.00     0.00     0.00     0.00     0.00
14:33:44     0.00     0.00     0.00     0.00     0.00
14:33:49     0.00     0.00     0.00     0.00     0.00
14:33:54     0.00     0.00     0.00     0.00     0.00
14:33:59     0.00     0.00     0.00     0.00     0.00
14:34:04     0.00     0.00     0.00     0.00     0.00
14:34:09     0.00     0.00     0.00     0.00     0.00
14:34:14     0.00     0.00     0.00     0.00     0.00
14:34:19     0.00     0.00     0.00     0.00     0.00
14:34:24     0.00     0.00     0.00     0.00     0.00
14:34:29     0.00     0.00     0.00     0.00     0.00
14:34:34     0.00     0.00     0.00     0.00     0.00
14:34:39     0.00     0.00     0.00     0.00     0.00
14:34:44     0.00     0.00     0.00     0.00     0.00
14:34:49     0.00     0.00     0.00     0.00     0.00
14:34:54     0.00     0.00     0.00     0.00     0.00
14:34:59     0.00     0.00     0.00     0.00     0.00
14:35:04     0.00     0.00     0.00     0.00     0.00
14:35:09     0.00     0.00     0.00     0.00     0.00
14:35:14     0.00     0.00     0.00     0.00     0.00
14:35:19     0.00     0.00     0.00     0.00     0.00
14:35:24     0.00     0.00     0.00     0.00     0.00
14:35:29     0.00     0.00     0.00     0.00     0.00
14:35:34     0.00     0.00     0.00     0.00     0.00
14:35:39     0.00     0.00     0.00     0.00     0.00
14:35:44     0.00     0.00     0.00     0.00     0.00
14:35:49     0.00     0.00     0.00     0.00     0.00
14:35:54     0.00     0.00     0.00     0.00     0.00
14:35:59     0.00     0.00     0.00     0.00     0.00
14:36:04     0.00     0.00     0.00     0.00     0.00
14:36:09     0.00     0.00     0.00     0.00     0.00
14:36:14     0.00     0.00     0.00     0.00     0.00
14:36:19     0.00     0.00     0.00     0.00     0.00
14:36:24     0.00     0.00     0.00     0.00     0.00
14:36:29     0.00     0.00     0.00     0.00     0.00
14:36:34     0.00     0.00     0.00     0.00     0.00
14:36:39     0.00     0.00     0.00     0.00     0.00
14:36:44     0.00     0.00     0.00     0.00     0.00
14:36:49     0.00     0.00     0.00     0.00     0.00
14:36:54     0.00     0.00     0.00     0.00     0.00
14:36:59     0.00     0.00     0.00     0.00     0.00
14:37:04     0.00     0.00     0.00     0.00     0.00
14:37:09     0.00     0.00     0.00     0.00     0.00
14:37:14     0.00     0.00     0.00     0.00     0.00
14:37:19     0.00     0.00     0.00     0.00     0.00
14:37:24     0.00     0.00     0.00     0.00     0.00
14:37:29     0.00     0.00     0.00     0.00     0.00
14:37:34     0.00     0.00     0.00     0.00     0.00
14:37:39     0.00     0.00     0.00     0.00     0.00
14:37:44     0.00     0.00     0.00     0.00     0.00
14:37:49     0.00     0.00     0.00     0.00     0.00
14:37:54     0.00     0.00     0.00     0.00     0.00
14:37:59     0.00     0.00     0.00     0.00     0.00
14:38:04     0.00     0.00     0.00     0.00     0.00
14:38:09     0.00     0.00     0.00     0.00     0.00
14:38:14     0.00     0.00     0.00     0.00     0.00
14:38:19     0.00     0.00     0.00     0.00     0.00
14:38:25     0.00     0.00     0.00     0.00     0.00
14:38:30     0.00     0.00     0.00     0.00     0.00
14:38:35     0.00     0.00     0.00     0.00     0.00
14:38:40     0.00     0.00     0.00     0.00     0.00
14:38:45     0.00     0.00     0.00     0.00     0.00
14:38:50     0.00     0.00     0.00     0.00     0.00
14:38:55     0.00     0.00     0.00     0.00     0.00
14:39:00     0.00     0.00     0.00     0.00     0.00
14:39:05     0.00     0.00     0.00     0.00     0.00
14:39:10     0.00     0.00     0.00     0.00     0.00
14:39:15     0.00     0.00     0.00     0.00     0.00
14:39:20     0.00     0.00     0.00     0.00     0.00
14:39:25     0.00     0.00     0.00     0.00     0.00
14:39:30     0.00     0.00     0.00     0.00     0.00
14:39:35     0.00     0.00     0.00     0.00     0.00
14:39:40     0.00     0.00     0.00     0.00     0.00
14:39:45     0.00     0.00     0.00     0.00     0.00
14:39:50     0.00     0.00     0.00     0.00     0.00
14:39:55     0.00     0.00     0.00     0.00     0.00
14:40:00     0.00     0.00     0.00     0.00     0.00
14:40:05     0.00     0.00     0.00     0.00     0.00
14:40:10     0.00     0.00     0.00     0.00     0.00
14:40:15     0.00     0.00     0.00     0.00     0.00
14:40:20     0.00     0.00     0.00     0.00     0.00
14:40:25     0.00     0.00     0.00     0.00     0.00
14:40:30     0.00     0.00     0.00     0.00     0.00
14:40:35     0.00     0.00     0.00     0.00     0.00
14:40:40     0.00     0.00     0.00     0.00     0.00
14:40:45     0.00     0.00     0.00     0.00     0.00
14:40:50     0.00     0.00     0.00     0.00     0.00
14:40:55     0.00     0.00     0.00     0.00     0.00
14:41:00     0.00     0.00     0.00     0.00     0.00
14:41:05     0.00     0.00     0.00     0.00     0.00
14:41:10     0.00     0.00     0.00     0.00     0.00
14:41:15     0.00     0.00     0.00     0.00     0.00
14:41:20     0.00     0.00     0.00     0.00     0.00
14:41:25     0.00     0.00     0.00     0.00     0.00
14:41:30     0.00     0.00     0.00     0.00     0.00
14:41:35     0.00     0.00     0.00     0.00     0.00
14:41:40     0.00     0.00     0.00     0.00     0.00
14:41:45     0.00     0.00     0.00     0.00     0.00
14:41:50     0.00     0.00     0.00     0.00     0.00
14:41:55     0.00     0.00     0.00     0.00     0.00
14:42:00     0.00     0.00     0.00     0.00     0.00
14:42:05     0.00     0.00     0.00     0.00     0.00
14:42:10     0.00     0.00     0.00     0.00     0.00
14:42:15     0.00     0.00     0.00     0.00     0.00
14:42:20     0.00     0.00     0.00     0.00     0.00
14:42:25     0.00     0.00     0.00     0.00     0.00
14:42:30     0.00     0.00     0.00     0.00     0.00
14:42:35     0.00     0.00     0.00     0.00     0.00
14:42:40     0.00     0.00     0.00     0.00     0.00
14:42:45     0.00     0.00     0.00     0.00     0.00
14:42:50     0.00     0.00     0.00     0.00     0.00
14:42:55     0.00     0.00     0.00     0.00     0.00
14:43:00     0.00     0.00     0.00     0.00     0.00
14:43:05     0.00     0.00     0.00     0.00     0.00
14:43:10     0.00     0.00     0.00     0.00     0.00
14:43:15     0.00     0.00     0.00     0.00     0.00
14:43:20     0.00     0.00     0.00     0.00     0.00
14:43:25     0.00     0.00     0.00     0.00     0.00
14:43:30     0.00     0.00     0.00     0.00     0.00
14:43:35     0.00     0.00     0.00     0.00     0.00
14:43:40     0.00     0.00     0.00     0.00     0.00
14:43:45     0.00     0.00     0.00     0.00     0.00
14:43:50     0.00     0.00     0.00     0.00     0.00
14:43:55     0.00     0.00     0.00     0.00     0.00
14:44:00     0.00     0.00     0.00     0.00     0.00
14:44:05     0.00     0.00     0.00     0.00     0.00
14:44:10     0.00     0.00     0.00     0.00     0.00
14:44:15     0.00     0.00     0.00     0.00     0.00
14:44:20     0.00     0.00     0.00     0.00     0.00
14:44:25     0.00     0.00     0.00     0.00     0.00
14:44:30     0.00     0.00     0.00     0.00     0.00
14:44:35     0.00     0.00     0.00     0.00     0.00
14:44:40     0.00     0.00     0.00     0.00     0.00
14:44:45     0.00     0.00     0.00     0.00     0.00
14:44:50     0.00     0.00     0.00     0.00     0.00
14:44:55     0.00     0.00     0.00     0.00     0.00
14:45:00     0.00     0.00     0.00     0.00     0.00
14:45:05     0.00     0.00     0.00     0.00     0.00
14:45:10     0.00     0.00     0.00     0.00     0.00
14:45:15     0.00     0.00     0.00     0.00     0.00
14:45:20     0.00     0.00     0.00     0.00     0.00
14:45:25     0.00     0.00     0.00     0.00     0.00
14:45:30     0.00     0.00     0.00     0.00     0.00
14:45:35     0.00     0.00     0.00     0.00     0.00
14:45:40     0.00     0.00     0.00     0.00     0.00
14:45:45     0.00     0.00     0.00     0.00     0.00
14:45:50     0.00     0.00     0.00     0.00     0.00
14:45:55     0.00     0.00     0.00     0.00     0.00
14:46:00     0.00     0.00     0.00     0.00     0.00
14:46:05     0.00     0.00     0.00     0.00     0.00
14:46:10     0.00     0.00     0.00     0.00     0.00
14:46:15     0.00     0.00     0.00     0.00     0.00
14:46:20     0.00     0.00     0.00     0.00     0.00
14:46:25     0.00     0.00     0.00     0.00     0.00
14:46:30     0.00     0.00     0.00     0.00     0.00
14:46:35     0.00     0.00     0.00     0.00     0.00
14:46:40     0.00     0.00     0.00     0.00     0.00
14:46:46     0.00     0.00     0.00     0.00     0.00
14:46:51     0.00     0.00     0.00     0.00     0.00
14:46:56     0.00     0.00     0.00     0.00     0.00
14:47:01     0.00     0.00     0.00     0.00     0.00
14:47:06     0.00     0.00     0.00     0.00     0.00
14:47:11     0.00     0.00     0.00     0.00     0.00
14:47:16     0.00     0.00     0.00     0.00     0.00
14:47:21     0.00     0.00     0.00     0.00     0.00
14:47:26     0.00     0.00     0.00     0.00     0.00
14:47:31     0.00     0.00     0.00     0.00     0.00
14:47:36     0.00     0.00     0.00     0.00     0.00
14:47:41     0.00     0.00     0.00     0.00     0.00
14:47:46     0.00     0.00     0.00     0.00     0.00
14:47:51     0.00     0.00     0.00     0.00     0.00
14:47:56     0.00     0.00     0.00     0.00     0.00
