/opt/wattsup/benchcmd.sh 464.h64ref
~/Research/cpu2006 ~/Research/vmpowermgt/Programs/scheduler/Analysis/amd/x2200/cross2
runspec v4662 - Copyright 1999-2006 Standard Performance Evaluation Corporation
Using 'solaris-x86' tools
Reading MANIFEST... 17935 files
Loading runspec modules...............
Locating benchmarks...found 31 benchmarks in 12 benchsets.
Locating output formats: ASCII, config, CSV, flags, HTML, mail, PDF, PostScript, raw, Screen, Submission Check
Reading config file '/export/home/awl8049/Research/cpu2006/config/powermodel.cfg'
Benchmarks selected: 464.h264ref
Compiling Binaries
  Up to date 464.h264ref ref base mar30.amd64 default


Parsing Flags
  Looking at 464.h264ref base mar30.amd64 default: done
Flag Parsing Complete

Setting Up Run Directories
  Setting up 464.h264ref ref base mar30.amd64 default: existing (run_base_ref_mar30.amd64.0001)
Running Benchmarks
  Running 464.h264ref ref base mar30.amd64 default
Success: 1x464.h264ref
Producing Reports
mach: default
  ext: mar30.amd64
    size: ref
      set: int
        format: raw -> /export/home/awl8049/Research/cpu2006/result/CINT2006.251.rsf
        format: flags -> /export/home/awl8049/Research/cpu2006/result/CINT2006.251.flags.html
        format: ASCII -> /export/home/awl8049/Research/cpu2006/result/CINT2006.251.txt
        format: HTML -> /export/home/awl8049/Research/cpu2006/result/CINT2006.251.html, CINT2006.251.gif
      set: fp

The log for this run is in /export/home/awl8049/Research/cpu2006/result/CPU2006.251.log

runspec finished at Sat May  9 22:20:21 2009; 1428 total seconds elapsed
~/Research/vmpowermgt/Programs/scheduler/Analysis/amd/x2200/cross2
