
SunOS canfire03 5.11 onnv-gate i86pc    05/09/2009

21:51:33 sml_mem   alloc  fail  lg_mem   alloc  fail  ovsz_alloc  fail
21:51:38 289104064 259450016     0 821780480 782939584     0    76648448     0
21:51:43 289108160 259456064     0 821735424 782899136     0    76648448     0
21:51:48 289108160 259460864     0 821739520 782900608     0    76648448     0
21:51:53 289116352 259477376     0 821755904 782922176     0    76648448     0
21:51:58 289116352 259442240     0 821755904 782925248     0    76648448     0
21:52:03 289116352 259446848     0 821739520 782917056     0    76648448     0
21:52:08 289120448 259462528     0 821735424 782979840     0    76648448     0
21:52:13 289124544 259567376     0 821792768 783003904     0    76648448     0
21:52:18 289124544 259460320     0 821768192 782932352     0    76648448     0
21:52:23 289124544 259463360     0 821760000 782923648     0    76648448     0
21:52:28 289124544 259440672     0 821760000 782931840     0    76648448     0
21:52:33 289124544 259448800     0 821776384 782943616     0    76648448     0
21:52:38 289124544 259452384     0 821776384 782948224     0    76648448     0
21:52:43 289124544 259455424     0 821772288 782939520     0    76648448     0
21:52:49 289124544 259459008     0 821772288 782943616     0    76648448     0
21:52:54 289124544 259476752     0 821796864 783010688     0    76648448     0
21:52:59 289124544 259426688     0 821772288 782946112     0    76648448     0
21:53:04 289124544 259447904     0 821788672 782951808     0    76648448     0
21:53:09 289124544 259450992     0 821821440 782956032     0    76648448     0
21:53:14 289124544 259457856     0 821837824 782972288     0    76648448     0
21:53:19 289128640 259462080     0 821837824 782972288     0    76648448     0
21:53:24 289128640 259465024     0 821821440 782969216     0    76648448     0
21:53:29 289128640 259443008     0 821821440 782971264     0    76648448     0
21:53:34 289128640 259450624     0 821837824 782986048     0    76648448     0
21:53:39 289128640 259465600     0 821837824 783039872     0    76648448     0
21:53:44 289128640 259533696     0 821837824 783015680     0    76648448     0
21:53:49 289128640 259460480     0 821821440 782984576     0    76648448     0
21:53:54 289128640 259466752     0 821837824 782999424     0    76648448     0
21:53:59 289128640 259444128     0 821837824 783001920     0    76648448     0
21:54:04 289128640 259448992     0 821821440 782990144     0    76648448     0
21:54:09 289128640 259452576     0 821821440 782995840     0    76648448     0
21:54:14 289128640 259458848     0 821837824 783008128     0    76648448     0
21:54:19 289128640 259473824     0 821837824 783064896     0    76648448     0
21:54:24 289128640 259578176     0 821846016 783080192     0    76648448     0
21:54:29 289128640 259442928     0 821821440 783011456     0    76648448     0
21:54:34 289128640 259450992     0 821837824 783027328     0    76648448     0
21:54:39 289128640 259454576     0 821837824 783027840     0    76648448     0
21:54:44 289128640 259457632     0 821825536 783028864     0    76648448     0
21:54:49 289128640 259461312     0 821846016 783029888     0    76648448     0
21:54:54 289128640 259467744     0 821862400 783041664     0    76648448     0
21:54:59 289128640 259445728     0 821862400 783045760     0    76648448     0
21:55:04 289128640 259461392     0 821846016 783086208     0    76648448     0
21:55:09 289128640 259565216     0 821870592 783117312     0    76648448     0
21:55:14 289128640 259459616     0 821862400 783053952     0    76648448     0
21:55:19 289128640 259463200     0 821862400 783056960     0    76648448     0
21:55:24 289128640 259466144     0 821846016 783047808     0    76648448     0
21:55:29 289128640 259444320     0 821846016 783052416     0    76648448     0
21:55:34 289128640 259451936     0 821862400 783068288     0    76648448     0
21:55:39 289128640 259455520     0 821862400 783068288     0    76648448     0
21:55:44 289128640 259458464     0 821846016 783065216     0    76648448     0
21:55:49 289128640 259473424     0 821846016 783117440     0    76648448     0
21:55:54 289128640 259545792     0 821891072 783130560     0    76648448     0
21:55:59 289128640 259446784     0 821874688 783089600     0    76648448     0
21:56:04 289128640 259451616     0 821899264 783081920     0    76648448     0
21:56:09 289128640 259454176     0 821899264 783081920     0    76648448     0
21:56:14 289128640 259460992     0 821915648 783094208     0    76648448     0
21:56:19 289128640 259464576     0 821915648 783107520     0    76648448     0
21:56:24 289128640 259467712     0 821972992 783095744     0    76648448     0
21:56:29 289128640 259457280     0 822128640 783152192     0    76648448     0
21:56:34 289128640 259963072     0 822312960 783405248     0    76648448     0
21:56:39 289349824 268936064     0 828243968 791511104     0    76648448     0
21:56:44 289353920 269194528     0 828309504 791534592     0    76648448     0
21:56:49 289353920 269210560     0 828309504 791534592     0    76648448     0
21:56:54 289386688 269252064     0 828461056 791567360     0    76648448     0
21:56:59 289386688 269112256     0 828477440 791530240     0    76648448     0
21:57:04 289386688 269117536     0 828461056 791528192     0    76648448     0
21:57:09 289386688 269120576     0 828461056 791527808     0    76648448     0
21:57:14 289386688 269138432     0 828477440 791596800     0    76648448     0
21:57:19 289386688 269105088     0 828440576 791518464     0    76648448     0
21:57:24 289386688 269133376     0 828461056 791531392     0    76648448     0
21:57:29 289386688 269111424     0 828624896 791572096     0    76648448     0
21:57:34 289386688 269120096     0 828641280 791581568     0    76648448     0
21:57:39 289390784 269124416     0 828694528 791590144     0    76648448     0
21:57:44 289390784 269127712     0 828809216 791577984     0    76648448     0
21:57:49 289390784 269132480     0 828809216 791710656     0    76648448     0
21:57:54 289390784 269150368     0 828878848 791778752     0    76648448     0
21:57:59 289394880 269156256     0 828903424 791804480     0    76648448     0
21:58:04 289394880 269120576     0 828878848 791749056     0    76648448     0
21:58:09 289394880 269124512     0 828878848 791748672     0    76648448     0
21:58:14 289394880 269131680     0 828895232 791764160     0    76648448     0
21:58:19 289394880 269134912     0 828895232 791761856     0    76648448     0
21:58:24 289394880 269138112     0 828878848 791754176     0    76648448     0
21:58:29 289394880 269114976     0 828936192 791758528     0    76648448     0
21:58:34 289394880 269122656     0 829009920 791770304     0    76648448     0
21:58:39 289394880 269138656     0 829009920 791822528     0    76648448     0
21:58:44 289394880 269207552     0 829009920 791802880     0    76648448     0
21:58:49 289394880 269134080     0 828993536 791762624     0    76648448     0
21:58:54 289394880 269140544     0 829009920 791774400     0    76648448     0
21:58:59 289394880 269117120     0 829009920 791774400     0    76648448     0
21:59:04 289394880 269122560     0 828993536 791767232     0    76648448     0
21:59:09 289394880 269126272     0 829054976 791768256     0    76648448     0
21:59:14 289394880 269132800     0 829071360 791778432     0    76648448     0
21:59:19 289394880 269147840     0 829071360 791834304     0    76648448     0
21:59:24 289394880 269250784     0 829079552 791843776     0    76648448     0
21:59:29 289403072 268947424     0 829181952 791795968     0    76648448     0
21:59:34 289403072 269004704     0 829251584 791811840     0    76648448     0
21:59:39 289403072 269023424     0 829243392 791808448     0    76648448     0
21:59:44 289403072 269030432     0 829235200 791804160     0    76648448     0
21:59:49 289403072 269036960     0 829251584 791814336     0    76648448     0
21:59:54 289403072 269040800     0 829251584 791815360     0    76648448     0
21:59:59 289403072 269013152     0 829235200 791805184     0    76648448     0
22:00:04 289403072 269007328     0 829202432 791824640     0    76648448     0
22:00:09 289403072 269044704     0 829263872 791845248     0    76648448     0
22:00:14 289403072 269029184     0 829251584 791826432     0    76648448     0
22:00:19 289407168 269032704     0 829235200 791814848     0    76648448     0
22:00:24 289407168 269036288     0 829235200 791816448     0    76648448     0
22:00:29 289407168 269015712     0 829251584 791828224     0    76648448     0
22:00:34 289407168 269021792     0 829251584 791828224     0    76648448     0
22:00:39 289407168 269024960     0 829308928 791820544     0    76648448     0
22:00:44 289407168 269040384     0 829308928 791872768     0    76648448     0
22:00:49 289407168 269075904     0 829333504 791866368     0    76648448     0
22:00:54 289407168 269039168     0 829325312 791832320     0    76648448     0
22:00:59 289407168 269014368     0 829382656 791821568     0    76648448     0
22:01:04 289407168 269019968     0 829382656 791825664     0    76648448     0
22:01:10 289407168 269026624     0 829399040 791839488     0    76648448     0
22:01:15 289407168 269030208     0 829399040 791839488     0    76648448     0
22:01:20 289407168 269033152     0 829382656 791831808     0    76648448     0
22:01:25 289407168 269036992     0 829382656 791831808     0    76648448     0
22:01:30 289407168 269028288     0 829407232 791919552     0    76648448     0
22:01:35 289407168 269169152     0 829423616 791890368     0    76648448     0
22:01:40 289411264 269195008     0 829411328 791882304     0    76648448     0
22:01:45 289411264 269289344     0 829423616 791894592     0    76648448     0
22:01:50 289411264 269317728     0 829444096 791910464     0    76648448     0
22:01:55 289411264 269411968     0 829460480 791929344     0    76648448     0
22:02:00 289411264 269406944     0 829509632 791931776     0    76648448     0
22:02:05 289411264 269502656     0 829521920 791944064     0    76648448     0
22:02:10 289411264 269521792     0 829620224 792012544     0    76648448     0
22:02:15 289411264 269611520     0 829640704 792000896     0    76648448     0
22:02:20 289411264 269594368     0 829620224 791960448     0    76648448     0
22:02:25 289411264 269598208     0 829620224 791963520     0    76648448     0
22:02:30 289411264 269593664     0 829636608 791977600     0    76648448     0
22:02:35 289411264 269598688     0 829636608 791976320     0    76648448     0
22:02:40 289411264 269610624     0 829624320 791973760     0    76648448     0
22:02:45 289411264 269614208     0 829624320 791977856     0    76648448     0
22:02:50 289411264 269632320     0 829640704 792042688     0    76648448     0
22:02:55 289411264 269734720     0 829665280 792062720     0    76648448     0
22:03:00 289411264 269599648     0 829624320 791977856     0    76648448     0
22:03:05 289411264 269606176     0 829624320 791977856     0    76648448     0
22:03:10 289411264 269612480     0 829640704 791991680     0    76648448     0
22:03:15 289411264 269616032     0 829640704 791991680     0    76648448     0
22:03:20 289411264 269619232     0 829624320 791979904     0    76648448     0
22:03:25 289411264 269622816     0 829624320 791979904     0    76648448     0
22:03:30 289411264 269602944     0 829640704 791996160     0    76648448     0
22:03:35 289411264 269596352     0 829607936 792007488     0    76648448     0
22:03:40 289411264 269611072     0 829624320 791988096     0    76648448     0
22:03:45 289411264 269614912     0 829624320 791988096     0    76648448     0
22:03:50 289411264 269621248     0 829640704 791999872     0    76648448     0
22:03:55 289411264 269625088     0 829640704 791999872     0    76648448     0
22:04:00 289411264 269601248     0 829755392 792119424     0    76648448     0
22:04:05 289411264 269606400     0 829755392 792119424     0    76648448     0
22:04:10 289411264 269613600     0 829771776 792131648     0    76648448     0
22:04:15 289411264 269628608     0 829771776 792185472     0    76648448     0
22:04:20 289411264 269625696     0 829759488 792141120     0    76648448     0
22:04:25 289411264 269623712     0 829755392 792129664     0    76648448     0
22:04:30 289411264 269603520     0 829882368 792164224     0    76648448     0
22:04:35 289411264 269609728     0 829882368 792164224     0    76648448     0
22:04:40 289411264 269612672     0 829865984 792153472     0    76648448     0
22:04:45 289411264 269616256     0 829865984 792153472     0    76648448     0
22:04:50 289415360 269623424     0 829882368 792165248     0    76648448     0
22:04:55 289415360 269638432     0 829882368 792217472     0    76648448     0
22:05:00 289415360 269714176     0 829890560 792226624     0    76648448     0
22:05:05 289415360 269608832     0 829894656 792161664     0    76648448     0
22:05:10 289415360 269615200     0 829984768 792175488     0    76648448     0
22:05:15 289415360 269619040     0 829984768 792175488     0    76648448     0
22:05:20 289415360 269621984     0 829968384 792163712     0    76648448     0
22:05:25 289415360 269625824     0 829968384 792165760     0    76648448     0
22:05:30 289415360 269604896     0 829984768 792175936     0    76648448     0
22:05:35 289415360 269610208     0 829984768 792177536     0    76648448     0
22:05:40 289415360 269625472     0 829968384 792217984     0    76648448     0
22:05:45 289415360 269694592     0 829984768 792210816     0    76648448     0
22:05:50 289415360 269624032     0 830087168 792181632     0    76648448     0
22:05:55 289415360 269628096     0 830087168 792185728     0    76648448     0
22:06:00 289415360 269603776     0 830070784 792173952     0    76648448     0
22:06:05 289415360 269609856     0 830070784 792173952     0    76648448     0
22:06:10 289415360 269615584     0 830087168 792185728     0    76648448     0
22:06:15 289415360 269619424     0 830087168 792185728     0    76648448     0
22:06:20 289415360 269633760     0 830070784 792230272     0    76648448     0
22:06:25 289415360 269736352     0 830095360 792251200     0    76648448     0
22:06:30 289415360 269605536     0 830087168 792189824     0    76648448     0
22:06:35 289415360 269611136     0 830087168 792189824     0    76648448     0
22:06:40 289415360 269614176     0 830087168 792184192     0    76648448     0
22:06:45 289415360 269618016     0 830087168 792184192     0    76648448     0
22:06:50 289415360 269624288     0 830103552 792195392     0    76648448     0
22:06:55 289415360 269628352     0 830103552 792196992     0    76648448     0
22:07:00 289415360 269603904     0 830087168 792185216     0    76648448     0
22:07:05 289415360 269605984     0 830054400 792207232     0    76648448     0
22:07:10 289415360 269615424     0 830103552 792204800     0    76648448     0
22:07:15 289415360 269619584     0 830103552 792205184     0    76648448     0
22:07:20 289415360 269622784     0 830087168 792195456     0    76648448     0
22:07:25 289415360 269626496     0 830087168 792193856     0    76648448     0
22:07:30 289415360 269605888     0 830103552 792211328     0    76648448     0
22:07:35 289415360 269612000     0 830103552 792211328     0    76648448     0
22:07:40 289415360 269614912     0 830087168 792199552     0    76648448     0
22:07:45 289415360 269630144     0 830087168 792251776     0    76648448     0
22:07:50 289415360 269655584     0 830115840 792248704     0    76648448     0
22:07:55 289415360 269628672     0 830103552 792217728     0    76648448     0
22:08:00 289415360 269605280     0 830201856 792203648     0    76648448     0
22:08:05 289415360 269613120     0 830218240 792215424     0    76648448     0
22:08:10 289415360 269616736     0 830218240 792215424     0    76648448     0
22:08:15 289415360 269619904     0 830201856 792207744     0    76648448     0
22:08:20 289415360 269623648     0 830201856 792207744     0    76648448     0
22:08:25 289415360 269630304     0 830218240 792219520     0    76648448     0
22:08:30 289415360 269672672     0 830234624 792295936     0    76648448     0
22:08:35 289415360 269610496     0 830201856 792207744     0    76648448     0
22:08:40 289415360 269615424     0 830201856 792214144     0    76648448     0
22:08:45 289419456 269622016     0 830218240 792222016     0    76648448     0
22:08:50 289419456 269625856     0 830218240 792227712     0    76648448     0
22:08:55 289419456 269628960     0 830201856 792215936     0    76648448     0
22:09:00 289419456 269605152     0 830201856 792216384     0    76648448     0
22:09:05 289423552 269619456     0 830218240 792237952     0    76648448     0
22:09:10 289423552 269636096     0 830337024 792297152     0    76648448     0
22:09:15 289423552 269703424     0 830337024 792267136     0    76648448     0
22:09:20 289423552 269629824     0 830320640 792228672     0    76648448     0
22:09:25 289423552 269636224     0 830337024 792242048     0    76648448     0
22:09:31 289423552 269613696     0 830337024 792240448     0    76648448     0
22:09:36 289423552 269618272     0 830320640 792230272     0    76648448     0
22:09:41 289423552 269621856     0 830320640 792230272     0    76648448     0
22:09:46 289423552 269628384     0 830337024 792242048     0    76648448     0
22:09:51 289423552 269643328     0 830337024 792294272     0    76648448     0
22:09:56 289423552 269746176     0 830345216 792308352     0    76648448     0
22:10:01 289423552 269610688     0 830402560 792234368     0    76648448     0
22:10:06 289423552 269621024     0 830418944 792249856     0    76648448     0
22:10:11 289423552 269624384     0 830550016 792379968     0    76648448     0
22:10:16 289423552 269627456     0 830533632 792369792     0    76648448     0
22:10:21 289423552 269631456     0 830533632 792369792     0    76648448     0
22:10:26 289423552 269637664     0 830550016 792381568     0    76648448     0
22:10:31 289472704 269646944     0 830590976 792339136     0    76648448     0
22:10:36 289472704 269663776     0 830574592 792379584     0    76648448     0
22:10:41 289472704 269733248     0 830590976 792373312     0    76648448     0
22:10:46 289472704 269662336     0 830722048 792347328     0    76648448     0
22:10:51 289472704 269665920     0 830722048 792347328     0    76648448     0
22:10:56 289472704 269669504     0 830705664 792335552     0    76648448     0
22:11:01 289472704 269645632     0 830705664 792341696     0    76648448     0
22:11:06 289472704 269651872     0 830853120 792353088     0    76648448     0
22:11:11 289472704 269656960     0 830984192 792353472     0    76648448     0
22:11:16 289472704 269671424     0 830967808 792393920     0    76648448     0
22:11:21 289472704 269774720     0 830992384 792414848     0    76648448     0
22:11:26 289476800 269672224     0 830984192 792485120     0    76648448     0
22:11:31 289476800 269648128     0 831090688 792505600     0    76648448     0
22:11:36 289476800 269652640     0 831074304 792493824     0    76648448     0
22:11:41 289476800 269657152     0 831074304 792493824     0    76648448     0
22:11:46 289476800 269663424     0 831090688 792505600     0    76648448     0
22:11:51 289476800 269667264     0 831090688 792505600     0    76648448     0
22:11:56 289476800 269670208     0 831074304 792493824     0    76648448     0
22:12:01 289476800 269658016     0 831090688 792562432     0    76648448     0
22:12:06 289476800 269735744     0 831123456 792562944     0    76648448     0
22:12:11 289476800 269658880     0 831107072 792521984     0    76648448     0
22:12:16 289476800 269662208     0 831090688 792514304     0    76648448     0
22:12:21 289476800 269665792     0 831090688 792514304     0    76648448     0
22:12:26 289476800 269670336     0 831111168 792549376     0    76648448     0
22:12:31 289476800 269652160     0 831119360 792526080     0    76648448     0
22:12:36 289476800 269655104     0 831102976 792514304     0    76648448     0
22:12:41 289476800 269670336     0 831102976 792564928     0    76648448     0
22:12:46 289476800 269661440     0 831119360 792547200     0    76648448     0
22:12:51 289476800 269668544     0 831119360 792526080     0    76648448     0
22:12:56 289476800 269667744     0 831102976 792516480     0    76648448     0
22:13:01 289476800 269649504     0 831102976 792514304     0    76648448     0
22:13:06 289476800 269657632     0 831119360 792529792     0    76648448     0
22:13:11 289476800 269660416     0 831119360 792534656     0    76648448     0
22:13:16 289476800 269663520     0 831102976 792522496     0    76648448     0
22:13:21 289476800 269667360     0 831102976 792522944     0    76648448     0
22:13:26 289476800 269651712     0 831082496 792540416     0    76648448     0
22:13:31 289476800 269651680     0 831119360 792536320     0    76648448     0
22:13:36 289476800 269655584     0 831127552 792524544     0    76648448     0
22:13:41 289476800 269659200     0 831127552 792526592     0    76648448     0
22:13:46 289476800 269665728     0 831143936 792538368     0    76648448     0
22:13:51 289476800 269669312     0 831143936 792542464     0    76648448     0
22:13:56 289476800 269668256     0 831127552 792537216     0    76648448     0
22:14:01 289476800 269651072     0 831127552 792535040     0    76648448     0
22:14:06 289476800 269674944     0 831143936 792599040     0    76648448     0
22:14:11 289476800 269706432     0 831152128 792581120     0    76648448     0
22:14:16 289476800 269664192     0 831127552 792535040     0    76648448     0
22:14:21 289476800 269667776     0 831127552 792535040     0    76648448     0
22:14:26 289476800 269669920     0 831143936 792548992     0    76648448     0
22:14:31 289476800 269652096     0 831143936 792546816     0    76648448     0
22:14:36 289476800 269656000     0 831127552 792535040     0    76648448     0
22:14:41 289476800 269659584     0 831127552 792539136     0    76648448     0
22:14:46 289476800 269677216     0 831143936 792603136     0    76648448     0
22:14:51 289476800 269780160     0 831168512 792624000     0    76648448     0
22:14:56 289476800 269642016     0 831127552 792539520     0    76648448     0
22:15:01 289476800 269650624     0 831127552 792543232     0    76648448     0
22:15:06 289476800 269659808     0 831143936 792554624     0    76648448     0
22:15:11 289476800 269661696     0 831143936 792555008     0    76648448     0
22:15:16 289476800 269664896     0 831127552 792543232     0    76648448     0
22:15:21 289476800 269668512     0 831127552 792543232     0    76648448     0
22:15:26 289476800 269670720     0 831143936 792557184     0    76648448     0
22:15:31 289476800 269665024     0 831143936 792611328     0    76648448     0
22:15:36 289476800 269733696     0 831143936 792588288     0    76648448     0
22:15:41 289476800 269660192     0 831127552 792547328     0    76648448     0
22:15:46 289476800 269666464     0 831143936 792559104     0    76648448     0
22:15:51 289476800 269670048     0 831143936 792559104     0    76648448     0
22:15:56 289476800 269645024     0 831168512 792588928     0    76648448     0
22:16:01 289476800 269653888     0 831168512 792588928     0    76648448     0
22:16:06 289476800 269659616     0 831184896 792600320     0    76648448     0
22:16:11 289476800 269677120     0 831184896 792659072     0    76648448     0
22:16:16 289476800 269778304     0 831193088 792666176     0    76648448     0
22:16:21 289476800 269673120     0 831307776 792730240     0    76648448     0
22:16:26 289476800 269646912     0 831315968 792736128     0    76648448     0
22:16:31 289476800 269655008     0 831299584 792724352     0    76648448     0
22:16:36 289476800 269659616     0 831430656 792724800     0    76648448     0
22:16:41 289476800 269665888     0 831447040 792738176     0    76648448     0
22:16:46 289476800 269669728     0 831447040 792738176     0    76648448     0
22:16:51 289476800 269672672     0 831430656 792730496     0    76648448     0
22:16:56 289476800 269659168     0 831430656 792783616     0    76648448     0
22:17:01 289476800 269735104     0 831463424 792783232     0    76648448     0
22:17:06 289476800 269664480     0 831447040 792873536     0    76648448     0
22:17:11 289476800 269665792     0 831430656 792861440     0    76648448     0
22:17:16 289476800 269669376     0 831430656 792862144     0    76648448     0
22:17:21 289476800 269675648     0 831447040 792873920     0    76648448     0
22:17:26 289476800 269648128     0 831447040 792890304     0    76648448     0
22:17:31 289476800 269656448     0 831430656 792882624     0    76648448     0
22:17:36 289476800 269672544     0 831430656 792935744     0    76648448     0
22:17:41 289476800 269778752     0 831471616 792967488     0    76648448     0
22:17:46 289476800 269670560     0 831447040 792896448     0    76648448     0
22:17:52 289476800 269673760     0 831430656 792884672     0    76648448     0
22:17:57 289476800 269646656     0 831430656 792884672     0    76648448     0
22:18:02 289476800 267852496     0 831442944 792891136     0    76648448     0
22:18:07 289476800 261789184     0 829870080 791297536     0    76648448     0
22:18:12 289476800 261809440     0 829861888 791324032     0    76648448     0
22:18:17 289476800 261217504     0 829693952 791249600     0    76648448     0
22:18:22 289476800 261235360     0 829710336 791314496     0    76648448     0
22:18:27 289476800 261248672     0 829767680 791343296     0    76648448     0
22:18:32 289476800 261179680     0 829734912 791290560     0    76648448     0
22:18:37 289476800 261183264     0 829734912 791290560     0    76648448     0
22:18:42 289476800 261189536     0 829751296 791302336     0    76648448     0
22:18:47 289476800 261193120     0 829751296 791302336     0    76648448     0
22:18:52 289476800 261196064     0 829734912 791294656     0    76648448     0
22:18:57 289476800 261170224     0 829751296 791311040     0    76648448     0
22:19:02 289476800 261193408     0 829767680 791375040     0    76648448     0
22:19:07 289476800 261295248     0 829792256 791392448     0    76648448     0
22:19:12 289476800 261188288     0 829751296 791311040     0    76648448     0
22:19:17 289476800 261191872     0 829751296 791311040     0    76648448     0
22:19:22 289476800 261198144     0 829767680 791322816     0    76648448     0
22:19:27 289476800 261173152     0 829784064 791343552     0    76648448     0
22:19:32 289476800 261181472     0 829767680 791331776     0    76648448     0
22:19:37 289476800 261185056     0 829767680 791331776     0    76648448     0
22:19:42 289476800 261191328     0 829784064 791343552     0    76648448     0
22:19:47 289476800 261206304     0 829784064 791395776     0    76648448     0
22:19:52 289476800 261275232     0 829784064 791372736     0    76648448     0
22:19:57 289476800 261171776     0 829767680 791331776     0    76648448     0
22:20:02 289476800 261183424     0 829784064 791343552     0    76648448     0
22:20:07 289476800 261185328     0 829784064 791343168     0    76648448     0
22:20:12 289476800 260316176     0 829595648 791157376     0    76648448     0
22:20:17 289476800 260348544     0 829612032 791213440     0    76648448     0
22:20:22 289476800 259800992     0 829521920 791169920     0    76648448     0
22:20:27 289476800 259753664     0 829534208 791234432     0    76648448     0
22:20:32 289476800 259753664     0 829517824 791201024     0    76648448     0
22:20:37 289476800 259752016     0 829517824 791170432     0    76648448     0
22:20:42 289476800 259758288     0 829534208 791182208     0    76648448     0
22:20:47 289476800 259761872     0 829534208 791182208     0    76648448     0
22:20:52 289476800 259764960     0 829517824 791168832     0    76648448     0
22:20:57 289476800 259739680     0 829517824 791170432     0    76648448     0
22:21:02 289476800 259751328     0 829534208 791182208     0    76648448     0
22:21:07 289476800 259753824     0 829534208 791182208     0    76648448     0
22:21:12 289476800 259768704     0 829517824 791222656     0    76648448     0
22:21:17 289476800 259871424     0 829542400 791243520     0    76648448     0
22:21:22 289476800 259766912     0 829534208 791182208     0    76648448     0
22:21:27 289476800 259740992     0 829534208 791180608     0    76648448     0
22:21:32 289476800 259749312     0 829517824 791170432     0    76648448     0
22:21:37 289476800 259752896     0 829517824 791170432     0    76648448     0
22:21:42 289476800 259759168     0 829534208 791182208     0    76648448     0
22:21:47 289476800 259762912     0 829534208 791180608     0    76648448     0
22:21:52 289476800 259765984     0 829517824 791172928     0    76648448     0
22:21:57 289476800 259753200     0 829517824 791226752     0    76648448     0
22:22:02 289476800 259828160     0 829550592 791227264     0    76648448     0
22:22:07 289476800 259753632     0 829534208 791187968     0    76648448     0
22:22:12 289476800 259757728     0 829517824 791176576     0    76648448     0
22:22:17 289476800 259761312     0 829517824 791176576     0    76648448     0
22:22:22 289476800 259767520     0 829534208 791188352     0    76648448     0
22:22:27 289476800 259742080     0 829665280 791319680     0    76648448     0
22:22:32 289476800 259750144     0 829648896 791306304     0    76648448     0
22:22:37 289476800 259753728     0 829648896 791307904     0    76648448     0
22:22:42 289476800 259834864     0 829681664 791395776     0    76648448     0
22:22:47 289476800 259763472     0 829665280 791319680     0    76648448     0
22:22:52 289476800 259766560     0 829648896 791312000     0    76648448     0
22:22:57 289476800 259740528     0 829648896 791312000     0    76648448     0
22:23:02 289476800 259752176     0 829665280 791323776     0    76648448     0
22:23:07 289476800 259754080     0 829665280 791323392     0    76648448     0
22:23:12 289476800 259758160     0 829648896 791316096     0    76648448     0
22:23:17 289476800 259761744     0 829648896 791316096     0    76648448     0
22:23:22 289476800 259779392     0 829665280 791380096     0    76648448     0
22:23:27 289476800 259852576     0 829689856 791400960     0    76648448     0
22:23:32 289476800 259749888     0 829648896 791316096     0    76648448     0
22:23:37 289476800 259753472     0 829648896 791316096     0    76648448     0
22:23:42 289476800 259759888     0 829665280 791327872     0    76648448     0
22:23:47 289476800 259763616     0 829665280 791327872     0    76648448     0
22:23:52 289476800 259766560     0 829648896 791316096     0    76648448     0
22:23:57 289476800 259740704     0 829648896 791316096     0    76648448     0
22:24:02 289476800 259752352     0 829665280 791327872     0    76648448     0
22:24:07 289476800 259769408     0 829665280 791394048     0    76648448     0
22:24:12 289476800 259835088     0 829665280 791357056     0    76648448     0
22:24:17 289476800 259761664     0 829648896 791316096     0    76648448     0
22:24:22 289476800 259767936     0 829665280 791327872     0    76648448     0
22:24:27 289476800 259741776     0 829665280 791327872     0    76648448     0
22:24:32 289476800 259750096     0 829648896 791316096     0    76648448     0
22:24:37 289476800 259753680     0 829648896 791316096     0    76648448     0
22:24:42 289476800 259760096     0 829665280 791327872     0    76648448     0
22:24:47 289476800 259763184     0 829648896 791316096     0    76648448     0
22:24:52 289476800 259818752     0 829665280 791398528     0    76648448     0
22:24:57 289476800 259748160     0 829730816 791332544     0    76648448     0
22:25:02 289476800 259754720     0 829730816 791332544     0    76648448     0
22:25:07 289476800 259757152     0 829714432 791320384     0    76648448     0
22:25:12 289476800 259761312     0 829714432 791320768     0    76648448     0
22:25:17 289476800 259767584     0 829730816 791332544     0    76648448     0
22:25:22 289476800 259771168     0 829730816 791332544     0    76648448     0
22:25:27 289476800 259747104     0 829714432 791320768     0    76648448     0
22:25:32 289476800 259764768     0 829714432 791372992     0    76648448     0
22:25:37 289476800 259870432     0 829755392 791404032     0    76648448     0
22:25:42 289476800 259763264     0 829730816 791332544     0    76648448     0
22:25:47 289476800 259766208     0 829714432 791320768     0    76648448     0
22:25:52 289476800 259769792     0 829714432 791320768     0    76648448     0
22:25:57 289476800 259748944     0 829730816 791332544     0    76648448     0
22:26:02 289476800 259755664     0 829730816 791330944     0    76648448     0
22:26:07 289476800 259758064     0 829714432 791320768     0    76648448     0
22:26:13 289476800 259761648     0 829714432 791324864     0    76648448     0
22:26:18 289476800 259779296     0 829730816 791388864     0    76648448     0
22:26:23 289476800 259850432     0 829747200 791377600     0    76648448     0
22:26:28 289476800 259747072     0 829714432 791333312     0    76648448     0
22:26:33 289476800 259753728     0 829714432 791333312     0    76648448     0
22:26:38 289476800 259760192     0 829730816 791345088     0    76648448     0
22:26:43 289476800 259763936     0 829730816 791349184     0    76648448     0
22:26:48 289476800 259766880     0 829714432 791337408     0    76648448     0
22:26:53 289476800 259771520     0 829714432 791339712     0    76648448     0
22:26:58 289476800 259750528     0 829730816 791349184     0    76648448     0
22:27:03 289476800 259768192     0 829730816 791401408     0    76648448     0
22:27:08 289476800 259837216     0 829730816 791378368     0    76648448     0
22:27:13 289476800 259762528     0 829714432 791337408     0    76648448     0
22:27:18 289476800 259768896     0 829771776 791347584     0    76648448     0
22:27:23 289476800 259772480     0 829771776 791349184     0    76648448     0
22:27:28 289476800 259747760     0 829755392 791337408     0    76648448     0
22:27:33 289476800 259754624     0 829755392 791337408     0    76648448     0
22:27:38 289476800 259761040     0 829771776 791349184     0    76648448     0
22:27:43 289476800 259776000     0 829771776 791401408     0    76648448     0
22:27:48 289476800 259878240     0 829779968 791408896     0    76648448     0
22:27:53 289476800 259770896     0 829755392 791337408     0    76648448     0
22:27:58 289476800 259750160     0 829771776 791353536     0    76648448     0
22:28:03 289476800 259756880     0 829771776 791353536     0    76648448     0
22:28:08 289476800 259759232     0 829755392 791341376     0    76648448     0
22:28:13 289476800 259763408     0 829755392 791341760     0    76648448     0
22:28:18 289476800 259769680     0 829771776 791353536     0    76648448     0
22:28:23 289476800 259773264     0 829771776 791353536     0    76648448     0
22:28:28 289476800 259760512     0 829755392 791393984     0    76648448     0
22:28:33 289476800 259762976     0 829755392 791357632     0    76648448     0
22:28:38 289476800 259762592     0 829902848 791484928     0    76648448     0
22:28:43 289476800 259766176     0 829902848 791484928     0    76648448     0
22:28:48 289476800 259769120     0 829886464 791473152     0    76648448     0
22:28:53 289476800 259772704     0 829886464 791473152     0    76648448     0
22:28:58 289476800 259751584     0 829902848 791484928     0    76648448     0
22:29:03 289476800 259757856     0 829902848 791484928     0    76648448     0
22:29:08 289476800 259760800     0 829886464 791473152     0    76648448     0
22:29:13 289476800 259762096     0 829853696 791491456     0    76648448     0
22:29:18 289476800 259802480     0 829915136 791510016     0    76648448     0
22:29:23 289476800 259773984     0 829902848 791484928     0    76648448     0
22:29:28 289476800 259749344     0 829886464 791473152     0    76648448     0
22:29:33 289476800 259756224     0 829886464 791477248     0    76648448     0
22:29:38 289476800 259762496     0 829902848 791489024     0    76648448     0
22:29:43 289476800 259766080     0 829902848 791489024     0    76648448     0
22:29:48 289476800 259769024     0 829886464 791477248     0    76648448     0
22:29:53 289476800 259784512     0 829886464 791532608     0    76648448     0
22:29:58 289476800 259861984     0 829927424 791562112     0    76648448     0
22:30:03 289476800 259757840     0 829902848 791489024     0    76648448     0
22:30:08 289476800 259760192     0 829886464 791476864     0    76648448     0
22:30:13 289476800 259764368     0 829886464 791477248     0    76648448     0
22:30:18 289476800 259772064     0 830033920 791620352     0    76648448     0
