
SunOS canfire03 5.11 onnv-gate i86pc    05/09/2009

21:51:33  pgout/s ppgout/s pgfree/s pgscan/s %ufs_ipf
21:51:38     0.00     0.00     0.00     0.00     0.00
21:51:43     0.00     0.00     0.00     0.00     0.00
21:51:48     0.00     0.00     0.00     0.00     0.00
21:51:53     0.00     0.00     0.00     0.00     0.00
21:51:58     0.00     0.00     0.00     0.00     0.00
21:52:03     0.00     0.00     0.00     0.00     0.00
21:52:08     0.00     0.00     0.00     0.00     0.00
21:52:13     0.00     0.00     0.00     0.00     0.00
21:52:18     0.00     0.00     0.00     0.00     0.00
21:52:23     0.00     0.00     0.00     0.00     0.00
21:52:28     0.00     0.00     0.00     0.00     0.00
21:52:33     0.00     0.00     0.00     0.00     0.00
21:52:38     0.00     0.00     0.00     0.00     0.00
21:52:43     0.00     0.00     0.00     0.00     0.00
21:52:49     0.00     0.00     0.00     0.00     0.00
21:52:54     0.00     0.00     0.00     0.00     0.00
21:52:59     0.00     0.00     0.00     0.00     0.00
21:53:04     0.00     0.00     0.00     0.00     0.00
21:53:09     0.00     0.00     0.00     0.00     0.00
21:53:14     0.00     0.00     0.00     0.00     0.00
21:53:19     0.00     0.00     0.00     0.00     0.00
21:53:24     0.00     0.00     0.00     0.00     0.00
21:53:29     0.00     0.00     0.00     0.00     0.00
21:53:34     0.00     0.00     0.00     0.00     0.00
21:53:39     0.00     0.00     0.00     0.00     0.00
21:53:44     0.00     0.00     0.00     0.00     0.00
21:53:49     0.00     0.00     0.00     0.00     0.00
21:53:54     0.00     0.00     0.00     0.00     0.00
21:53:59     0.00     0.00     0.00     0.00     0.00
21:54:04     0.00     0.00     0.00     0.00     0.00
21:54:09     0.00     0.00     0.00     0.00     0.00
21:54:14     0.00     0.00     0.00     0.00     0.00
21:54:19     0.00     0.00     0.00     0.00     0.00
21:54:24     0.00     0.00     0.00     0.00     0.00
21:54:29     0.00     0.00     0.00     0.00     0.00
21:54:34     0.00     0.00     0.00     0.00     0.00
21:54:39     0.00     0.00     0.00     0.00     0.00
21:54:44     0.00     0.00     0.00     0.00     0.00
21:54:49     0.00     0.00     0.00     0.00     0.00
21:54:54     0.00     0.00     0.00     0.00     0.00
21:54:59     0.00     0.00     0.00     0.00     0.00
21:55:04     0.00     0.00     0.00     0.00     0.00
21:55:09     0.00     0.00     0.00     0.00     0.00
21:55:14     0.00     0.00     0.00     0.00     0.00
21:55:19     0.00     0.00     0.00     0.00     0.00
21:55:24     0.00     0.00     0.00     0.00     0.00
21:55:29     0.00     0.00     0.00     0.00     0.00
21:55:34     0.00     0.00     0.00     0.00     0.00
21:55:39     0.00     0.00     0.00     0.00     0.00
21:55:44     0.00     0.00     0.00     0.00     0.00
21:55:49     0.00     0.00     0.00     0.00     0.00
21:55:54     0.00     0.00     0.00     0.00     0.00
21:55:59     0.00     0.00     0.00     0.00     0.00
21:56:04     0.00     0.00     0.00     0.00     0.00
21:56:09     0.00     0.00     0.00     0.00     0.00
21:56:14     0.00     0.00     0.00     0.00     0.00
21:56:19     0.00     0.00     0.00     0.00     0.00
21:56:24     0.00     0.00     0.00     0.00     0.00
21:56:29     0.00     0.00     0.00     0.00     0.00
21:56:34     0.00     0.00     0.00     0.00     0.00
21:56:39     0.00     0.00     0.00     0.00     0.00
21:56:44     0.00     0.00     0.00     0.00     0.00
21:56:49     0.00     0.00     0.00     0.00     0.00
21:56:54     0.00     0.00     0.00     0.00     0.00
21:56:59     0.00     0.00     0.00     0.00     0.00
21:57:04     0.00     0.00     0.00     0.00     0.00
21:57:09     0.00     0.00     0.00     0.00     0.00
21:57:14     0.00     0.00     0.00     0.00     0.00
21:57:19     0.00     0.00     0.00     0.00     0.00
21:57:24     0.00     0.00     0.00     0.00     0.00
21:57:29     0.00     0.00     0.00     0.00     0.00
21:57:34     0.00     0.00     0.00     0.00     0.00
21:57:39     0.00     0.00     0.00     0.00     0.00
21:57:44     0.00     0.00     0.00     0.00     0.00
21:57:49     0.00     0.00     0.00     0.00     0.00
21:57:54     0.00     0.00     0.00     0.00     0.00
21:57:59     0.00     0.00     0.00     0.00     0.00
21:58:04     0.00     0.00     0.00     0.00     0.00
21:58:09     0.00     0.00     0.00     0.00     0.00
21:58:14     0.00     0.00     0.00     0.00     0.00
21:58:19     0.00     0.00     0.00     0.00     0.00
21:58:24     0.00     0.00     0.00     0.00     0.00
21:58:29     0.00     0.00     0.00     0.00     0.00
21:58:34     0.00     0.00     0.00     0.00     0.00
21:58:39     0.00     0.00     0.00     0.00     0.00
21:58:44     0.00     0.00     0.00     0.00     0.00
21:58:49     0.00     0.00     0.00     0.00     0.00
21:58:54     0.00     0.00     0.00     0.00     0.00
21:58:59     0.00     0.00     0.00     0.00     0.00
21:59:04     0.00     0.00     0.00     0.00     0.00
21:59:09     0.00     0.00     0.00     0.00     0.00
21:59:14     0.00     0.00     0.00     0.00     0.00
21:59:19     0.00     0.00     0.00     0.00     0.00
21:59:24     0.00     0.00     0.00     0.00     0.00
21:59:29     0.00     0.00     0.00     0.00     0.00
21:59:34     0.00     0.00     0.00     0.00     0.00
21:59:39     0.00     0.00     0.00     0.00     0.00
21:59:44     0.00     0.00     0.00     0.00     0.00
21:59:49     0.00     0.00     0.00     0.00     0.00
21:59:54     0.00     0.00     0.00     0.00     0.00
21:59:59     0.00     0.00     0.00     0.00     0.00
22:00:04     0.00     0.00     0.00     0.00     0.00
22:00:09     0.00     0.00     0.00     0.00     0.00
22:00:14     0.00     0.00     0.00     0.00     0.00
22:00:19     0.00     0.00     0.00     0.00     0.00
22:00:24     0.00     0.00     0.00     0.00     0.00
22:00:29     0.00     0.00     0.00     0.00     0.00
22:00:34     0.00     0.00     0.00     0.00     0.00
22:00:39     0.00     0.00     0.00     0.00     0.00
22:00:44     0.00     0.00     0.00     0.00     0.00
22:00:49     0.00     0.00     0.00     0.00     0.00
22:00:54     0.00     0.00     0.00     0.00     0.00
22:00:59     0.00     0.00     0.00     0.00     0.00
22:01:04     0.00     0.00     0.00     0.00     0.00
22:01:10     0.00     0.00     0.00     0.00     0.00
22:01:15     0.00     0.00     0.00     0.00     0.00
22:01:20     0.00     0.00     0.00     0.00     0.00
22:01:25     0.00     0.00     0.00     0.00     0.00
22:01:30     0.00     0.00     0.00     0.00     0.00
22:01:35     0.00     0.00     0.00     0.00     0.00
22:01:40     0.00     0.00     0.00     0.00     0.00
22:01:45     0.00     0.00     0.00     0.00     0.00
22:01:50     0.00     0.00     0.00     0.00     0.00
22:01:55     0.00     0.00     0.00     0.00     0.00
22:02:00     0.00     0.00     0.00     0.00     0.00
22:02:05     0.00     0.00     0.00     0.00     0.00
22:02:10     0.00     0.00     0.00     0.00     0.00
22:02:15     0.00     0.00     0.00     0.00     0.00
22:02:20     0.00     0.00     0.00     0.00     0.00
22:02:25     0.00     0.00     0.00     0.00     0.00
22:02:30     0.00     0.00     0.00     0.00     0.00
22:02:35     0.00     0.00     0.00     0.00     0.00
22:02:40     0.00     0.00     0.00     0.00     0.00
22:02:45     0.00     0.00     0.00     0.00     0.00
22:02:50     0.00     0.00     0.00     0.00     0.00
22:02:55     0.00     0.00     0.00     0.00     0.00
22:03:00     0.00     0.00     0.00     0.00     0.00
22:03:05     0.00     0.00     0.00     0.00     0.00
22:03:10     0.00     0.00     0.00     0.00     0.00
22:03:15     0.00     0.00     0.00     0.00     0.00
22:03:20     0.00     0.00     0.00     0.00     0.00
22:03:25     0.00     0.00     0.00     0.00     0.00
22:03:30     0.00     0.00     0.00     0.00     0.00
22:03:35     0.00     0.00     0.00     0.00     0.00
22:03:40     0.00     0.00     0.00     0.00     0.00
22:03:45     0.00     0.00     0.00     0.00     0.00
22:03:50     0.00     0.00     0.00     0.00     0.00
22:03:55     0.00     0.00     0.00     0.00     0.00
22:04:00     0.00     0.00     0.00     0.00     0.00
22:04:05     0.00     0.00     0.00     0.00     0.00
22:04:10     0.00     0.00     0.00     0.00     0.00
22:04:15     0.00     0.00     0.00     0.00     0.00
22:04:20     0.00     0.00     0.00     0.00     0.00
22:04:25     0.00     0.00     0.00     0.00     0.00
22:04:30     0.00     0.00     0.00     0.00     0.00
22:04:35     0.00     0.00     0.00     0.00     0.00
22:04:40     0.00     0.00     0.00     0.00     0.00
22:04:45     0.00     0.00     0.00     0.00     0.00
22:04:50     0.00     0.00     0.00     0.00     0.00
22:04:55     0.00     0.00     0.00     0.00     0.00
22:05:00     0.00     0.00     0.00     0.00     0.00
22:05:05     0.00     0.00     0.00     0.00     0.00
22:05:10     0.00     0.00     0.00     0.00     0.00
22:05:15     0.00     0.00     0.00     0.00     0.00
22:05:20     0.00     0.00     0.00     0.00     0.00
22:05:25     0.00     0.00     0.00     0.00     0.00
22:05:30     0.00     0.00     0.00     0.00     0.00
22:05:35     0.00     0.00     0.00     0.00     0.00
22:05:40     0.00     0.00     0.00     0.00     0.00
22:05:45     0.00     0.00     0.00     0.00     0.00
22:05:50     0.00     0.00     0.00     0.00     0.00
22:05:55     0.00     0.00     0.00     0.00     0.00
22:06:00     0.00     0.00     0.00     0.00     0.00
22:06:05     0.00     0.00     0.00     0.00     0.00
22:06:10     0.00     0.00     0.00     0.00     0.00
22:06:15     0.00     0.00     0.00     0.00     0.00
22:06:20     0.00     0.00     0.00     0.00     0.00
22:06:25     0.00     0.00     0.00     0.00     0.00
22:06:30     0.00     0.00     0.00     0.00     0.00
22:06:35     0.00     0.00     0.00     0.00     0.00
22:06:40     0.00     0.00     0.00     0.00     0.00
22:06:45     0.00     0.00     0.00     0.00     0.00
22:06:50     0.00     0.00     0.00     0.00     0.00
22:06:55     0.00     0.00     0.00     0.00     0.00
22:07:00     0.00     0.00     0.00     0.00     0.00
22:07:05     0.00     0.00     0.00     0.00     0.00
22:07:10     0.00     0.00     0.00     0.00     0.00
22:07:15     0.00     0.00     0.00     0.00     0.00
22:07:20     0.00     0.00     0.00     0.00     0.00
22:07:25     0.00     0.00     0.00     0.00     0.00
22:07:30     0.00     0.00     0.00     0.00     0.00
22:07:35     0.00     0.00     0.00     0.00     0.00
22:07:40     0.00     0.00     0.00     0.00     0.00
22:07:45     0.00     0.00     0.00     0.00     0.00
22:07:50     0.00     0.00     0.00     0.00     0.00
22:07:55     0.00     0.00     0.00     0.00     0.00
22:08:00     0.00     0.00     0.00     0.00     0.00
22:08:05     0.00     0.00     0.00     0.00     0.00
22:08:10     0.00     0.00     0.00     0.00     0.00
22:08:15     0.00     0.00     0.00     0.00     0.00
22:08:20     0.00     0.00     0.00     0.00     0.00
22:08:25     0.00     0.00     0.00     0.00     0.00
22:08:30     0.00     0.00     0.00     0.00     0.00
22:08:35     0.00     0.00     0.00     0.00     0.00
22:08:40     0.00     0.00     0.00     0.00     0.00
22:08:45     0.00     0.00     0.00     0.00     0.00
22:08:50     0.00     0.00     0.00     0.00     0.00
22:08:55     0.00     0.00     0.00     0.00     0.00
22:09:00     0.00     0.00     0.00     0.00     0.00
22:09:05     0.00     0.00     0.00     0.00     0.00
22:09:10     0.00     0.00     0.00     0.00     0.00
22:09:15     0.00     0.00     0.00     0.00     0.00
22:09:20     0.00     0.00     0.00     0.00     0.00
22:09:25     0.00     0.00     0.00     0.00     0.00
22:09:31     0.00     0.00     0.00     0.00     0.00
22:09:36     0.00     0.00     0.00     0.00     0.00
22:09:41     0.00     0.00     0.00     0.00     0.00
22:09:46     0.00     0.00     0.00     0.00     0.00
22:09:51     0.00     0.00     0.00     0.00     0.00
22:09:56     0.00     0.00     0.00     0.00     0.00
22:10:01     0.00     0.00     0.00     0.00     0.00
22:10:06     0.00     0.00     0.00     0.00     0.00
22:10:11     0.00     0.00     0.00     0.00     0.00
22:10:16     0.00     0.00     0.00     0.00     0.00
22:10:21     0.00     0.00     0.00     0.00     0.00
22:10:26     0.00     0.00     0.00     0.00     0.00
22:10:31     0.00     0.00     0.00     0.00     0.00
22:10:36     0.00     0.00     0.00     0.00     0.00
22:10:41     0.00     0.00     0.00     0.00     0.00
22:10:46     0.00     0.00     0.00     0.00     0.00
22:10:51     0.00     0.00     0.00     0.00     0.00
22:10:56     0.00     0.00     0.00     0.00     0.00
22:11:01     0.00     0.00     0.00     0.00     0.00
22:11:06     0.00     0.00     0.00     0.00     0.00
22:11:11     0.00     0.00     0.00     0.00     0.00
22:11:16     0.00     0.00     0.00     0.00     0.00
22:11:21     0.00     0.00     0.00     0.00     0.00
22:11:26     0.00     0.00     0.00     0.00     0.00
22:11:31     0.00     0.00     0.00     0.00     0.00
22:11:36     0.00     0.00     0.00     0.00     0.00
22:11:41     0.00     0.00     0.00     0.00     0.00
22:11:46     0.00     0.00     0.00     0.00     0.00
22:11:51     0.00     0.00     0.00     0.00     0.00
22:11:56     0.00     0.00     0.00     0.00     0.00
22:12:01     0.00     0.00     0.00     0.00     0.00
22:12:06     0.00     0.00     0.00     0.00     0.00
22:12:11     0.00     0.00     0.00     0.00     0.00
22:12:16     0.00     0.00     0.00     0.00     0.00
22:12:21     0.00     0.00     0.00     0.00     0.00
22:12:26     0.00     0.00     0.00     0.00     0.00
22:12:31     0.00     0.00     0.00     0.00     0.00
22:12:36     0.00     0.00     0.00     0.00     0.00
22:12:41     0.00     0.00     0.00     0.00     0.00
22:12:46     0.00     0.00     0.00     0.00     0.00
22:12:51     0.00     0.00     0.00     0.00     0.00
22:12:56     0.00     0.00     0.00     0.00     0.00
22:13:01     0.00     0.00     0.00     0.00     0.00
22:13:06     0.00     0.00     0.00     0.00     0.00
22:13:11     0.00     0.00     0.00     0.00     0.00
22:13:16     0.00     0.00     0.00     0.00     0.00
22:13:21     0.00     0.00     0.00     0.00     0.00
22:13:26     0.00     0.00     0.00     0.00     0.00
22:13:31     0.00     0.00     0.00     0.00     0.00
22:13:36     0.00     0.00     0.00     0.00     0.00
22:13:41     0.00     0.00     0.00     0.00     0.00
22:13:46     0.00     0.00     0.00     0.00     0.00
22:13:51     0.00     0.00     0.00     0.00     0.00
22:13:56     0.00     0.00     0.00     0.00     0.00
22:14:01     0.00     0.00     0.00     0.00     0.00
22:14:06     0.00     0.00     0.00     0.00     0.00
22:14:11     0.00     0.00     0.00     0.00     0.00
22:14:16     0.00     0.00     0.00     0.00     0.00
22:14:21     0.00     0.00     0.00     0.00     0.00
22:14:26     0.00     0.00     0.00     0.00     0.00
22:14:31     0.00     0.00     0.00     0.00     0.00
22:14:36     0.00     0.00     0.00     0.00     0.00
22:14:41     0.00     0.00     0.00     0.00     0.00
22:14:46     0.00     0.00     0.00     0.00     0.00
22:14:51     0.00     0.00     0.00     0.00     0.00
22:14:56     0.00     0.00     0.00     0.00     0.00
22:15:01     0.00     0.00     0.00     0.00     0.00
22:15:06     0.00     0.00     0.00     0.00     0.00
22:15:11     0.00     0.00     0.00     0.00     0.00
22:15:16     0.00     0.00     0.00     0.00     0.00
22:15:21     0.00     0.00     0.00     0.00     0.00
22:15:26     0.00     0.00     0.00     0.00     0.00
22:15:31     0.00     0.00     0.00     0.00     0.00
22:15:36     0.00     0.00     0.00     0.00     0.00
22:15:41     0.00     0.00     0.00     0.00     0.00
22:15:46     0.00     0.00     0.00     0.00     0.00
22:15:51     0.00     0.00     0.00     0.00     0.00
22:15:56     0.00     0.00     0.00     0.00     0.00
22:16:01     0.00     0.00     0.00     0.00     0.00
22:16:06     0.00     0.00     0.00     0.00     0.00
22:16:11     0.00     0.00     0.00     0.00     0.00
22:16:16     0.00     0.00     0.00     0.00     0.00
22:16:21     0.00     0.00     0.00     0.00     0.00
22:16:26     0.00     0.00     0.00     0.00     0.00
22:16:31     0.00     0.00     0.00     0.00     0.00
22:16:36     0.00     0.00     0.00     0.00     0.00
22:16:41     0.00     0.00     0.00     0.00     0.00
22:16:46     0.00     0.00     0.00     0.00     0.00
22:16:51     0.00     0.00     0.00     0.00     0.00
22:16:56     0.00     0.00     0.00     0.00     0.00
22:17:01     0.00     0.00     0.00     0.00     0.00
22:17:06     0.00     0.00     0.00     0.00     0.00
22:17:11     0.00     0.00     0.00     0.00     0.00
22:17:16     0.00     0.00     0.00     0.00     0.00
22:17:21     0.00     0.00     0.00     0.00     0.00
22:17:26     0.00     0.00     0.00     0.00     0.00
22:17:31     0.00     0.00     0.00     0.00     0.00
22:17:36     0.00     0.00     0.00     0.00     0.00
22:17:41     0.00     0.00     0.00     0.00     0.00
22:17:46     0.00     0.00     0.00     0.00     0.00
22:17:52     0.00     0.00     0.00     0.00     0.00
22:17:57     0.00     0.00     0.00     0.00     0.00
22:18:02     0.00     0.00     0.00     0.00     0.00
22:18:07     0.00     0.00     0.00     0.00     0.00
22:18:12     0.00     0.00     0.00     0.00     0.00
22:18:17     0.00     0.00     0.00     0.00     0.00
22:18:22     0.00     0.00     0.00     0.00     0.00
22:18:27     0.00     0.00     0.00     0.00     0.00
22:18:32     0.00     0.00     0.00     0.00     0.00
22:18:37     0.00     0.00     0.00     0.00     0.00
22:18:42     0.00     0.00     0.00     0.00     0.00
22:18:47     0.00     0.00     0.00     0.00     0.00
22:18:52     0.00     0.00     0.00     0.00     0.00
22:18:57     0.00     0.00     0.00     0.00     0.00
22:19:02     0.00     0.00     0.00     0.00     0.00
22:19:07     0.00     0.00     0.00     0.00     0.00
22:19:12     0.00     0.00     0.00     0.00     0.00
22:19:17     0.00     0.00     0.00     0.00     0.00
22:19:22     0.00     0.00     0.00     0.00     0.00
22:19:27     0.00     0.00     0.00     0.00     0.00
22:19:32     0.00     0.00     0.00     0.00     0.00
22:19:37     0.00     0.00     0.00     0.00     0.00
22:19:42     0.00     0.00     0.00     0.00     0.00
22:19:47     0.00     0.00     0.00     0.00     0.00
22:19:52     0.00     0.00     0.00     0.00     0.00
22:19:57     0.00     0.00     0.00     0.00     0.00
22:20:02     0.00     0.00     0.00     0.00     0.00
22:20:07     0.00     0.00     0.00     0.00     0.00
22:20:12     0.00     0.00     0.00     0.00     0.00
22:20:17     0.00     0.00     0.00     0.00     0.00
22:20:22     0.00     0.00     0.00     0.00     0.00
22:20:27     0.00     0.00     0.00     0.00     0.00
22:20:32     0.00     0.00     0.00     0.00     0.00
22:20:37     0.00     0.00     0.00     0.00     0.00
22:20:42     0.00     0.00     0.00     0.00     0.00
22:20:47     0.00     0.00     0.00     0.00     0.00
22:20:52     0.00     0.00     0.00     0.00     0.00
22:20:57     0.00     0.00     0.00     0.00     0.00
22:21:02     0.00     0.00     0.00     0.00     0.00
22:21:07     0.00     0.00     0.00     0.00     0.00
22:21:12     0.00     0.00     0.00     0.00     0.00
22:21:17     0.00     0.00     0.00     0.00     0.00
22:21:22     0.00     0.00     0.00     0.00     0.00
22:21:27     0.00     0.00     0.00     0.00     0.00
22:21:32     0.00     0.00     0.00     0.00     0.00
22:21:37     0.00     0.00     0.00     0.00     0.00
22:21:42     0.00     0.00     0.00     0.00     0.00
22:21:47     0.00     0.00     0.00     0.00     0.00
22:21:52     0.00     0.00     0.00     0.00     0.00
22:21:57     0.00     0.00     0.00     0.00     0.00
22:22:02     0.00     0.00     0.00     0.00     0.00
22:22:07     0.00     0.00     0.00     0.00     0.00
22:22:12     0.00     0.00     0.00     0.00     0.00
22:22:17     0.00     0.00     0.00     0.00     0.00
22:22:22     0.00     0.00     0.00     0.00     0.00
22:22:27     0.00     0.00     0.00     0.00     0.00
22:22:32     0.00     0.00     0.00     0.00     0.00
22:22:37     0.00     0.00     0.00     0.00     0.00
22:22:42     0.00     0.00     0.00     0.00     0.00
22:22:47     0.00     0.00     0.00     0.00     0.00
22:22:52     0.00     0.00     0.00     0.00     0.00
22:22:57     0.00     0.00     0.00     0.00     0.00
22:23:02     0.00     0.00     0.00     0.00     0.00
22:23:07     0.00     0.00     0.00     0.00     0.00
22:23:12     0.00     0.00     0.00     0.00     0.00
22:23:17     0.00     0.00     0.00     0.00     0.00
22:23:22     0.00     0.00     0.00     0.00     0.00
22:23:27     0.00     0.00     0.00     0.00     0.00
22:23:32     0.00     0.00     0.00     0.00     0.00
22:23:37     0.00     0.00     0.00     0.00     0.00
22:23:42     0.00     0.00     0.00     0.00     0.00
22:23:47     0.00     0.00     0.00     0.00     0.00
22:23:52     0.00     0.00     0.00     0.00     0.00
22:23:57     0.00     0.00     0.00     0.00     0.00
22:24:02     0.00     0.00     0.00     0.00     0.00
22:24:07     0.00     0.00     0.00     0.00     0.00
22:24:12     0.00     0.00     0.00     0.00     0.00
22:24:17     0.00     0.00     0.00     0.00     0.00
22:24:22     0.00     0.00     0.00     0.00     0.00
22:24:27     0.00     0.00     0.00     0.00     0.00
22:24:32     0.00     0.00     0.00     0.00     0.00
22:24:37     0.00     0.00     0.00     0.00     0.00
22:24:42     0.00     0.00     0.00     0.00     0.00
22:24:47     0.00     0.00     0.00     0.00     0.00
22:24:52     0.00     0.00     0.00     0.00     0.00
22:24:57     0.00     0.00     0.00     0.00     0.00
22:25:02     0.00     0.00     0.00     0.00     0.00
22:25:07     0.00     0.00     0.00     0.00     0.00
22:25:12     0.00     0.00     0.00     0.00     0.00
22:25:17     0.00     0.00     0.00     0.00     0.00
22:25:22     0.00     0.00     0.00     0.00     0.00
22:25:27     0.00     0.00     0.00     0.00     0.00
22:25:32     0.00     0.00     0.00     0.00     0.00
22:25:37     0.00     0.00     0.00     0.00     0.00
22:25:42     0.00     0.00     0.00     0.00     0.00
22:25:47     0.00     0.00     0.00     0.00     0.00
22:25:52     0.00     0.00     0.00     0.00     0.00
22:25:57     0.00     0.00     0.00     0.00     0.00
22:26:02     0.00     0.00     0.00     0.00     0.00
22:26:07     0.00     0.00     0.00     0.00     0.00
22:26:13     0.00     0.00     0.00     0.00     0.00
22:26:18     0.00     0.00     0.00     0.00     0.00
22:26:23     0.00     0.00     0.00     0.00     0.00
22:26:28     0.00     0.00     0.00     0.00     0.00
22:26:33     0.00     0.00     0.00     0.00     0.00
22:26:38     0.00     0.00     0.00     0.00     0.00
22:26:43     0.00     0.00     0.00     0.00     0.00
22:26:48     0.00     0.00     0.00     0.00     0.00
22:26:53     0.00     0.00     0.00     0.00     0.00
22:26:58     0.00     0.00     0.00     0.00     0.00
22:27:03     0.00     0.00     0.00     0.00     0.00
22:27:08     0.00     0.00     0.00     0.00     0.00
22:27:13     0.00     0.00     0.00     0.00     0.00
22:27:18     0.00     0.00     0.00     0.00     0.00
22:27:23     0.00     0.00     0.00     0.00     0.00
22:27:28     0.00     0.00     0.00     0.00     0.00
22:27:33     0.00     0.00     0.00     0.00     0.00
22:27:38     0.00     0.00     0.00     0.00     0.00
22:27:43     0.00     0.00     0.00     0.00     0.00
22:27:48     0.00     0.00     0.00     0.00     0.00
22:27:53     0.00     0.00     0.00     0.00     0.00
22:27:58     0.00     0.00     0.00     0.00     0.00
22:28:03     0.00     0.00     0.00     0.00     0.00
22:28:08     0.00     0.00     0.00     0.00     0.00
22:28:13     0.00     0.00     0.00     0.00     0.00
22:28:18     0.00     0.00     0.00     0.00     0.00
22:28:23     0.00     0.00     0.00     0.00     0.00
22:28:28     0.00     0.00     0.00     0.00     0.00
22:28:33     0.00     0.00     0.00     0.00     0.00
22:28:38     0.00     0.00     0.00     0.00     0.00
22:28:43     0.00     0.00     0.00     0.00     0.00
22:28:48     0.00     0.00     0.00     0.00     0.00
22:28:53     0.00     0.00     0.00     0.00     0.00
22:28:58     0.00     0.00     0.00     0.00     0.00
22:29:03     0.00     0.00     0.00     0.00     0.00
22:29:08     0.00     0.00     0.00     0.00     0.00
22:29:13     0.00     0.00     0.00     0.00     0.00
22:29:18     0.00     0.00     0.00     0.00     0.00
22:29:23     0.00     0.00     0.00     0.00     0.00
22:29:28     0.00     0.00     0.00     0.00     0.00
22:29:33     0.00     0.00     0.00     0.00     0.00
22:29:38     0.00     0.00     0.00     0.00     0.00
22:29:43     0.00     0.00     0.00     0.00     0.00
22:29:48     0.00     0.00     0.00     0.00     0.00
22:29:53     0.00     0.00     0.00     0.00     0.00
22:29:58     0.00     0.00     0.00     0.00     0.00
22:30:03     0.00     0.00     0.00     0.00     0.00
22:30:08     0.00     0.00     0.00     0.00     0.00
22:30:13     0.00     0.00     0.00     0.00     0.00
22:30:18     0.00     0.00     0.00     0.00     0.00
