 kthr      memory            page            disk          faults      cpu
 r b w   swap  free  re  mf pi po fr de sr s0 s1 s2 --   in   sy   cs us sy id
 0 0 0 9532420 6401964 138 2014 0 0 0 0 36  4 -0  0  0  741 1839  351 25  3 72
 0 0 0 9806976 6666988 150 2549 0 0 0 0  0  0  0  0  0  672 2111  260  0  4 96
 0 0 0 9806748 6666736 128 2153 0 0 0 0  0  0  0  0  0  591 1683  257  0  4 96
 0 0 0 9807052 6666936 147 2166 0 0 0 0  0  0  0  0  0  595 1673  266  0  4 96
 0 0 0 9806960 6666836 129 2155 0 0 0 0  0  0  0  0  0  567 1686  257  0  4 96
 0 0 0 9806996 6666872 129 2157 0 0 0 0  0  2  0  0  0  610 1678  301  0  4 96
 0 0 0 9807012 6666976 134 2156 0 0 0 0  0  0  0  0  0  596 1696  269  0  4 96
 0 0 0 9806912 6666916 129 2160 0 0 0 0  0  0  0  0  0  587 1672  278  0  4 96
 0 0 0 9807008 6666968 77 1179 0 0 0  0  0  0  0  0  0  522 1257  219  0  2 98
 0 0 0 9806976 6667148 59 984 0 0  0  0  0  0  0  0  0  526 1095  218  0  1 98
 0 0 0 9806992 6666996 140 2157 0 0 0 0  0  0  0  0  0  584 1683  264  0  4 96
 0 0 0 9806852 6666912 129 2160 0 0 0 0  0  2  0  0  0  592 1678  304  0  4 96
 0 0 0 9806904 6666912 134 2158 0 0 0 0  0  0  0  0  0  578 1687  266  0  4 96
 0 0 0 9806984 6666944 129 2159 0 0 0 0  0  0  0  0  0  566 1673  253  0  4 96
 0 0 0 9807012 6666972 129 2157 0 0 0 0  0  0  0  0  0  584 1683  261  0  4 96
 0 0 0 9806992 6667172 147 2165 0 0 0 0  0  0  0  0  0  595 1761  305  0  4 96
 0 0 0 9806976 6666936 129 2158 0 0 0 0  0  0  0  0  0  589 1685  258  0  4 96
 0 0 0 9806944 6666916 12 99 0  0  0  0  0  2  0  0  0  498  758  222  0  1 99
 kthr      memory            page            disk          faults      cpu
 r b w   swap  free  re  mf pi po fr de sr s0 s1 s2 --   in   sy   cs us sy id
 0 0 0 9806896 6666956 119 2060 0 0 0 0  0  0  0  0  0  591 1611  272  0  3 97
 0 0 0 9806748 6666776 132 2160 0 0 0 0  0  0  0  0  0  597 1673  271  0  4 96
 0 0 0 9806904 6666864 129 2157 0 0 0 0  0  0  0  0  0  584 1683  266  0  4 96
 0 0 0 9806816 6666904 147 2166 0 0 0 0  0  0  0  0  0  574 1672  258  0  4 96
 0 0 0 9806852 6666852 129 2155 0 0 0 0  0  0  0  0  0  576 1682  258  0  4 96
 0 0 0 9806900 6666860 129 2160 0 0 0 0  0  3  0  0  0  614 1677  314  0  4 96
 0 0 0 9806648 6666860 134 2157 0 0 0 0  0  0  0  0  0  571 1684  264  0  4 96
 0 0 0 9806896 6666856 77 1181 0 0 0  0  0  0  0  0  0  499 1276  216  0  3 97
 0 0 0 9806896 6666856 52 978 0 0  0  0  0  0  0  0  0  505 1072  219  0  1 99
 0 0 0 9806648 6666784 140 2161 0 0 0 0  0  0  0  0  0  588 1675  267  0  4 96
 0 0 0 9806604 6666736 131 2160 0 0 0 0  0  0  0  0  0  565 1686  265  0  4 96
 0 0 0 9806876 6666848 129 2160 0 0 0 0  0  2  0  0  0  597 1679  308  0  4 96
 0 0 0 9806620 6666752 134 2158 0 0 0 0  0  0  0  0  0  592 1699  276  0  4 96
 0 0 0 9806504 6666632 129 2159 0 0 0 0  0  0  0  0  0  577 1672  274  0  4 96
 0 0 0 9806876 6666836 129 2156 0 0 0 0  0  0  0  0  0  587 1683  260  0  4 96
 0 0 0 9806620 6667008 147 2166 0 0 0 0  0  0  0  0  0  574 1672  257  0  4 96
 0 0 0 9806872 6666832 12 98 0  0  0  0  0  0  0  0  0  464  781  177  0  1 99
 0 0 0 9806580 6666708 117 2061 0 0 0 0  0  2  0  0  0  602 1570  301  0  3 97
 0 0 0 9806876 6666868 131 2159 0 0 0 0  0  0  0  0  0  587 1689  267  0  4 96
 kthr      memory            page            disk          faults      cpu
 r b w   swap  free  re  mf pi po fr de sr s0 s1 s2 --   in   sy   cs us sy id
 0 0 0 9806620 6666748 131 2159 0 0 0 0  0  0  0  0  0  571 1671  260  0  4 96
 0 0 0 9806576 6666704 129 2160 0 0 0 0  0  0  0  0  0  597 1685  260  0  4 96
 0 0 0 9806872 6666972 147 2168 0 0 0 0  0  0  0  0  0  571 1760  304  0  4 96
 0 0 0 9806580 6666708 129 2165 0 0 0 0  0  0  0  0  0  575 1688  259  0  4 96
 0 0 0 9806528 6666660 129 2161 0 0 0 0  0  2  0  0  0  607 1679  298  0  4 96
 0 0 0 9806824 6666856 89 1339 0 0 0  0  0  0  0  0  0  550 1364  239  0  3 97
 0 0 0 9806752 6666712 45 825 0 0  0  0  0  0  0  0  0  518  997  224  0  1 99
 0 0 0 9806520 6666636 128 2162 0 0 0 0  0  0  0  0  0  584 1685  271  0  4 96
 0 0 0 9806528 6666656 147 2177 0 0 0 0  0  0  0  0  0  586 1680  262  0  4 96
 0 0 0 9806824 6666784 129 2163 0 0 0 0  0  0  0  0  0  581 1682  260  0  4 96
 0 0 0 9806576 6666692 129 2163 0 0 0 0  0  2  0  0  0  638 1675  296  0  4 96
 0 0 0 9806532 6666688 134 2166 0 0 0 0  0  0  0  0  0  580 1685  265  0  4 96
 0 0 0 9806824 6666784 129 2169 0 0 0 0  0  0  0  0  0  572 1677  253  0  4 96
 0 0 0 9806568 6666688 129 2167 0 0 0 0  0  0  0  0  0  565 1688  258  0  4 96
 0 0 0 9806828 6667076 57 678 0 0  0  0  0  0  0  0  0  477 1004  200  0  2 98
 0 0 0 9806504 6666640 90 1495 0 0 0  0  0  0  0  0  0  536 1357  240  0  2 98
 0 0 0 9806788 6666752 129 2166 0 0 0 0  0  2  0  0  0  606 1689  313  0  4 96
 0 0 0 9806532 6666652 132 2164 0 0 0 0  0  0  0  0  0  585 1697  274  0  4 96
 0 0 0 9806336 6666464 129 2171 0 0 0 0  0  0  0  0  0  558 1678  272  0  4 96
 kthr      memory            page            disk          faults      cpu
 r b w   swap  free  re  mf pi po fr de sr s0 s1 s2 --   in   sy   cs us sy id
 0 0 0 9806752 6666712 129 2173 0 0 0 0  0  0  0  0  0  561 1694  258  0  4 96
 0 0 0 9806492 6666812 147 2174 0 0 0 0  0  0  0  0  0  564 1674  260  0  4 96
 0 0 0 9806416 6666544 129 2168 0 0 0 0  0  0  0  0  0  584 1689  259  0  4 96
 0 0 0 9806612 6666572 127 2091 0 0 0 0  0  2  0  0  0  602 1648  297  0  4 96
 0 0 0 9806548 6666592 10 170 0 0  0  0  0  0  0  0  0  480  747  194  0  0 100
 0 0 0 9327492 6509256 371 37775 0 0 0 0 0  5  0  0  0 1370 10933 322 41 11 48
 0 0 0 8656888 5923236 129 5004 0 0 0 0  0  0  0  0  0  842 1734  255 50  4 46
 0 0 0 8653244 5911272 147 2290 0 0 0 0  0  0  0  0  0  842 1784  295 50  4 46
 0 0 0 8651688 5909804 129 2224 0 0 0 0  0  0  0  0  0  847 1702  259 50  4 46
 0 0 0 8650980 5909108 129 2175 0 0 0 0  0  5  0  0  0 1683 1688  325 50  4 46
 0 0 0 8651236 5909456 134 2172 0 0 0 0  0  0  0  0  0  854 1709  251 50  4 46
 0 0 0 8650888 5909260 129 2172 0 0 0 0  0  0  0  0  0  882 1679  271 50  4 46
 0 0 0 8651220 5909428 20 262 0 0  0  0  0  0  0  0  0  526  854  180 50  2 49
 0 0 0 8650920 5909296 118 1914 0 0 0 0  0  0  0  0  0  799 1517  240 50  2 47
 0 0 0 8651216 5909424 129 2170 0 0 0 0  0  0  0  0  0  838 1699  241 50  4 46
 0 0 0 8650952 5909324 129 2175 0 0 0 0  0  2  0  0  0  982 1686  303 50  4 46
 0 0 0 8650892 5909288 134 2167 0 0 0 0  0  0  0  0  0  856 1696  260 50  4 46
 0 0 0 8651132 5909392 129 2175 0 0 0 0  0  0  0  0  0  846 1693  248 50  4 46
 0 0 0 8651028 5909236 129 2171 0 0 0 0  0  0  0  0  0  846 1696  254 50  4 46
 kthr      memory            page            disk          faults      cpu
 r b w   swap  free  re  mf pi po fr de sr s0 s1 s2 --   in   sy   cs us sy id
 0 0 0 8651020 5909528 147 2180 0 0 0 0  0  0  0  0  0  856 1678  253 50  4 46
 0 0 0 8650980 5909192 77 1189 0 0 0  0  0  0  0  0  0  681 1278  215 50  3 47
 0 0 0 8650832 5909088 53 984 0 0  0  0  0  2  0  0  0  797 1094  259 50  1 49
 0 0 0 8650904 5909112 134 2173 0 0 0 0  0  0  0  0  0  858 1714  249 50  4 46
 0 0 0 8650744 5908992 129 2172 0 0 0 0  0  0  0  0  0  864 1682  266 50  4 46
 0 0 0 8650612 5908984 129 2170 0 0 0 0  0  0  0  0  0  864 1693  263 50  4 46
 0 0 0 8650904 5909316 148 2183 0 0 0 0  0  0  0  0  0  867 1687  261 50  4 46
 0 0 0 8650648 5909012 129 2171 0 0 0 0  0  0  0  0  0  858 1691  262 50  4 46
 0 0 0 8650600 5908968 129 2171 0 0 0 0  0  2  0  0  0  965 1696  296 50  4 46
 0 0 0 8650828 5909112 82 1191 0 0 0  0  0  0  0  0  0  685 1293  222 50  3 47
 0 0 0 8650808 5909008 52 982 0 0  0  0  0  0  0  0  0  665 1068  214 50  1 49
 0 0 0 8650532 5908900 129 2175 0 0 0 0  0  0  0  0  0  854 1698  259 50  4 46
 0 0 0 8650488 5908920 147 2178 0 0 0 0  0  0  0  0  0  860 1772  299 50  4 46
 0 0 0 8650784 5908984 129 2172 0 0 0 0  0  0  0  0  0  841 1691  262 50  4 46
 0 0 0 8650780 5908980 129 2173 0 0 0 0  0  3  0  0  0 1360 1686  309 50  4 46
 0 0 0 8650696 5909008 134 2171 0 0 0 0  0  0  0  0  0  863 1709  255 50  4 46
 0 0 0 8650576 5908876 129 2171 0 0 0 0  0  0  0  0  0  875 1689  255 50  4 46
 0 0 0 8650704 5908904 145 2183 0 0 0 0  0  0  0  0  0  855 1704  248 50  4 46
 0 0 0 8650700 5908944 13 98 0  0  0  0  0  0  0  0  0  520  738  185 50  1 49
 kthr      memory            page            disk          faults      cpu
 r b w   swap  free  re  mf pi po fr de sr s0 s1 s2 --   in   sy   cs us sy id
 0 0 0 8650652 5908900 119 2075 0 0 0 0  0  0  0  0  0  833 1628  246 50  3 47
 0 0 0 8657572 5915896 137 2779 0 0 0 0  0  3  0  0  0 1013 1913  314 50  4 46
 0 0 0 8664864 5922948 134 2398 0 0 0 0  0  0  0  0  0  808 1740  248 50  4 46
 0 0 0 8661524 5919728 129 2273 0 0 0 0  0  0  0  0  0  800 1697  238 50  4 46
 0 0 0 8660040 5918268 129 2190 0 0 0 0  0  0  0  0  0  799 1714  240 50  4 46
 0 0 0 8660176 5918512 147 2177 0 0 0 0  0  0  0  0  0  769 1698  234 50  4 46
 0 0 0 8659916 5918124 129 2173 0 0 0 0  0  0  0  0  0  788 1702  245 50  4 46
 0 0 0 8660168 5918216 64 1091 0 0 0  0  0  3  0  0  0  780 1190  267 50  2 48
 0 0 0 8659872 5918088 67 1081 0 0 0  0  0  0  0  0  0  638 1201  212 50  2 48
 0 0 0 8660052 5918100 129 2171 0 0 0 0  0  0  0  0  0  795 1689  255 50  4 46
 0 0 0 8659860 5918068 129 2172 0 0 0 0  0  0  0  0  0  817 1706  248 50  4 46
 0 0 0 8659868 5918224 147 2180 0 0 0 0  0  0  0  0  0  801 1687  245 50  4 46
 0 0 0 8660164 5918212 129 2171 0 0 0 0  0  0  0  0  0  754 1701  237 50  4 46
 0 0 0 8659912 5918124 129 2172 0 0 0 0  0  2  0  0  0  917 1699  287 50  4 46
 0 0 0 8659872 5918160 135 2176 0 0 0 0  0  0  0  0  0  827 1707  262 50  4 46
 0 0 0 8660144 5918204 77 1187 0 0 0  0  0  0  0  0  0  615 1284  206 50  3 47
 0 0 0 8660084 5918132 52 986 0 0  0  0  0  0  0  0  0  600 1088  204 50  1 49
 0 0 0 8659816 5918072 147 2179 0 0 0 0  0  0  0  0  0  802 1780  287 50  4 46
 0 0 0 8659776 5917988 129 2171 0 0 0 0  0  0  0  0  0  790 1708  242 50  4 46
 kthr      memory            page            disk          faults      cpu
 r b w   swap  free  re  mf pi po fr de sr s0 s1 s2 --   in   sy   cs us sy id
 0 0 0 8659836 5918032 129 2172 0 0 0 0  0  2  0  0  0 1363 1706  291 50  4 46
 0 0 0 8659996 5918092 135 2175 0 0 0 0  0  0  0  0  0  824 1712  254 50  4 46
 0 0 0 8659876 5917964 129 2171 0 0 0 0  0  0  0  0  0  809 1692  252 50  4 46
 0 0 0 8659952 5918036 137 2177 0 0 0 0  0  0  0  0  0  800 1701  238 50  4 46
 0 0 0 8659996 5918260 140 2175 0 0 0 0  0  0  0  0  0  819 1700  241 50  4 46
 0 0 0 8659996 5918040 12 98 0  0  0  0  0  0  0  0  0  443  758  169 50  1 49
 0 0 0 8659912 5918004 125 2849 0 0 0 0  0  2  0  0  0  929 1848  292 50  4 46
 0 0 0 8658848 5917004 135 2548 0 0 0 0  0  0  0  0  0  836 1713  252 50  4 46
 0 0 0 8648412 5906620 129 2637 0 0 0 0  0  0  0  0  0  839 1702  254 50  4 46
 0 0 0 8644872 5903104 129 2545 0 0 0 0  0  0  0  0  0  852 1703  260 50  4 46
 0 0 0 8638856 5897296 147 2269 0 0 0 0  0  0  0  0  0  842 1690  258 50  4 46
 0 0 0 8632864 5890932 129 2543 0 0 0 0  0  0  0  0  0  847 1700  258 50  4 46
 0 0 0 8629232 5887460 129 2265 0 0 0 0  0  2  0  0  0  967 1703  293 50  4 46
 0 0 0 8628024 5886128 40 987 0 0  0  0  0  0  0  0  0  614 1017  206 50  2 48
 0 0 0 8620092 5878312 92 1557 0 0 0  0  0  0  0  0  0  763 1362  249 50  2 48
 0 0 0 8619760 5877808 129 2263 0 0 0 0  0  0  0  0  0  852 1700  256 50  4 46
 0 0 0 8618428 5876760 147 2413 0 0 0 0  0  0  0  0  0  851 1674  257 50  4 46
 0 0 0 8613676 5871904 129 2169 0 0 0 0  0  0  0  0  0  841 1691  248 50  4 46
 0 0 0 8613972 5872032 129 2239 0 0 0 0  0  2  0  0  0 1016 1696  299 50  4 46
 kthr      memory            page            disk          faults      cpu
 r b w   swap  free  re  mf pi po fr de sr s0 s1 s2 --   in   sy   cs us sy id
 0 0 0 8612652 5870784 135 2175 0 0 0 0  0  0  0  0  0  857 1695  255 50  4 46
 0 0 0 8612304 5870404 129 2203 0 0 0 0  0  0  0  0  0  837 1681  248 50  4 46
 0 0 0 8611996 5870044 94 1193 0 0 0  0  0  0  0  0  0  673 1248  214 50  2 48
 0 0 0 8611704 5869920 53 985 0 0  0  0  0  0  0  0  0  661 1199  257 50  2 48
 0 0 0 8611992 5870044 129 2173 0 0 0 0  0  0  0  0  0  854 1692  261 50  4 46
 0 0 0 8611724 5869940 129 2173 0 0 0 0  0  4  0  0  0 1408 1685  326 50  4 46
 0 0 0 8611680 5869936 135 2174 0 0 0 0  0  0  0  0  0  866 1707  255 50  4 46
 0 0 0 8611900 5869956 129 2170 0 0 0 0  0  0  0  0  0  870 1674  268 50  4 46
 0 0 0 8611724 5869940 129 2172 0 0 0 0  0  0  0  0  0  854 1684  253 50  4 46
 0 0 0 8611680 5870192 147 2179 0 0 0 0  0  0  0  0  0  839 1679  254 50  4 46
 0 0 0 8611976 5870032 102 1613 0 0 0 0  0  0  0  0  0  752 1466  231 50  4 46
 0 0 0 8611980 5870036 27 559 0 0  0  0  0  2  0  0  0  729  891  244 50  1 49
 0 0 0 8611712 5869936 133 2174 0 0 0 0  0  0  0  0  0  862 1697  261 50  4 46
 0 0 0 8611656 5869884 129 2171 0 0 0 0  0  0  0  0  0  844 1674  250 50  4 46
 0 0 0 8611908 5870000 129 2174 0 0 0 0  0  0  0  0  0  863 1693  254 50  4 46
 0 0 0 8611956 5870228 147 2177 0 0 0 0  0  0  0  0  0  849 1677  264 50  4 46
 0 0 0 8611864 5869968 129 2172 0 0 0 0  0  0  0  0  0  839 1691  240 50  4 46
 0 0 0 8611832 5869928 129 2174 0 0 0 0  0  2  0  0  0  976 1683  298 50  4 46
 0 0 0 8611824 5869980 134 2169 0 0 0 0  0  0  0  0  0  861 1695  260 50  4 46
 kthr      memory            page            disk          faults      cpu
 r b w   swap  free  re  mf pi po fr de sr s0 s1 s2 --   in   sy   cs us sy id
 0 0 0 8611744 5869796 12 98 0  0  0  0  0  0  0  0  0  542  750  205 50  1 49
 0 0 0 8611784 5869884 117 2073 0 0 0 0  0  0  0  0  0  833 1612  245 50  3 47
 0 0 0 8611780 5869952 147 2179 0 0 0 0  0  0  0  0  0  836 1690  253 50  4 46
 0 0 0 8611824 5869876 129 2174 0 0 0 0  0  0  0  0  0  859 1695  254 50  4 46
 0 0 0 8611552 5869772 129 2172 0 0 0 0  0  2  0  0  0  959 1691  286 50  4 46
 0 0 0 8611416 5869704 134 2173 0 0 0 0  0  0  0  0  0  859 1689  258 50  4 46
 0 0 0 8611692 5869744 129 2172 0 0 0 0  0  0  0  0  0  835 1679  249 50  4 46
 0 0 0 8611436 5869652 142 2175 0 0 0 0  0  0  0  0  0  854 1683  258 50  4 46
 0 0 0 8611696 5869748 20 265 0 0  0  0  0  0  0  0  0  532  933  229 50  1 49
 0 0 0 8611396 5869616 109 1908 0 0 0 0  0  0  0  0  0  812 1512  250 50  3 47
 0 0 0 8611688 5869740 129 2170 0 0 0 0  0  2  0  0  0 1310 1682  304 50  4 46
 0 0 0 8611672 5869764 134 2173 0 0 0 0  0  0  0  0  0  867 1712  251 50  4 46
 0 0 0 8611468 5869560 129 2174 0 0 0 0  0  0  0  0  0  870 1681  259 50  4 46
 0 0 0 8611548 5869672 136 2176 0 0 0 0  0  0  0  0  0  833 1689  252 50  4 46
 0 0 0 8611588 5869828 141 2174 0 0 0 0  0  0  0  0  0  851 1681  251 50  4 46
 0 0 0 8611624 5869676 129 2172 0 0 0 0  0  0  0  0  0  843 1688  250 50  4 46
 0 0 0 8611576 5869636 82 1187 0 0 0  0  0  2  0  0  0  818 1244  257 50  2 48
 0 0 0 8611272 5869492 53 986 0 0  0  0  0  0  0  0  0  661 1128  218 50  2 48
 0 0 0 8611564 5869616 129 2172 0 0 0 0  0  0  0  0  0  832 1679  250 50  4 46
 kthr      memory            page            disk          faults      cpu
 r b w   swap  free  re  mf pi po fr de sr s0 s1 s2 --   in   sy   cs us sy id
 0 0 0 8611308 5869584 129 2173 0 0 0 0  0  0  0  0  0  851 1692  252 50  4 46
 0 0 0 8611252 5869616 147 2179 0 0 0 0  0  0  0  0  0  850 1680  253 50  4 47
 0 0 0 8611468 5869520 129 2171 0 0 0 0  0  0  0  0  0  860 1692  254 50  4 46
 0 0 0 8611212 5869428 130 2244 0 0 0 0  0  3  0  0  0 1012 1726  321 50  4 46
 0 0 0 8611188 5869492 134 2169 0 0 0 0  0  0  0  0  0  857 1699  256 50  4 46
 0 0 0 8611408 5869460 90 1440 0 0 0  0  0  0  0  0  0  766 1384  241 50  3 47
 0 0 0 8611488 5869600 40 732 0 0  0  0  0  0  0  0  0  617  971  205 50  1 49
 0 0 0 8611232 5869496 148 2182 0 0 0 0  0  0  0  0  0  844 1677  258 50  4 46
 0 0 0 8611176 5869400 129 2172 0 0 0 0  0  0  0  0  0  862 1689  256 50  4 46
 0 0 0 8611464 5869520 129 2172 0 0 0 0  0  2  0  0  0  972 1685  294 50  4 46
 0 0 0 8611208 5869464 134 2172 0 0 0 0  0  0  0  0  0  849 1688  263 50  4 46
 0 0 0 8611164 5869384 129 2173 0 0 0 0  0  0  0  0  0  839 1687  243 50  4 46
 0 0 0 8611444 5869496 145 2184 0 0 0 0  0  0  0  0  0  838 1687  255 50  4 46
 0 0 0 8611192 5869456 132 2174 0 0 0 0  0  0  0  0  0  837 1769  296 50  4 46
 0 0 0 8611448 5869500 12 99 0  0  0  0  0  0  0  0  0  510  782  182 50  1 49
 0 0 0 8611260 5869472 117 2078 0 0 0 0  0  4  0  0  0 1407 1586  329 50  3 47
 0 0 0 8611396 5869524 134 2176 0 0 0 0  0  0  0  0  0  860 1708  257 50  4 46
 0 0 0 8611324 5869376 129 2177 0 0 0 0  0  0  0  0  0  873 1679  267 50  4 46
 0 0 0 8611352 5869508 129 2174 0 0 0 0  0  0  0  0  0  866 1694  255 50  4 46
 kthr      memory            page            disk          faults      cpu
 r b w   swap  free  re  mf pi po fr de sr s0 s1 s2 --   in   sy   cs us sy id
 0 0 0 8611380 5869692 147 2187 0 0 0 0  0  0  0  0  0  864 1683  254 50  4 46
 0 0 0 8611428 5869484 129 2181 0 0 0 0  0  0  0  0  0  862 1688  263 50  4 46
 0 0 0 8611164 5869384 131 2179 0 0 0 0  0  2  0  0  0  968 1689  294 50  4 46
 0 0 0 8611420 5869472 77 1189 0 0 0  0  0  0  0  0  0  693 1238  230 50  2 48
 0 0 0 8611120 5869340 53 989 0 0  0  0  0  0  0  0  0  658 1116  209 50  2 48
 0 0 0 8611416 5869532 129 2179 0 0 0 0  0  0  0  0  0  855 1689  253 50  4 46
 0 0 0 8611164 5869504 148 2192 0 0 0 0  0  0  0  0  0  838 1690  258 50  4 46
 0 0 0 8611124 5869344 129 2181 0 0 0 0  0  0  0  0  0  845 1695  253 50  4 46
 0 0 0 8611348 5869412 129 2177 0 0 0 0  0  2  0  0  0 1045 1680  306 50  4 46
 0 0 0 8611048 5869324 134 2180 0 0 0 0  0  0  0  0  0  877 1699  260 50  4 46
 0 0 0 8610876 5869096 129 2182 0 0 0 0  0  0  0  0  0  889 1680  274 50  4 46
 0 0 0 8611308 5869428 114 1541 0 0 0 0  0  0  0  0  0  747 1435  229 50  3 47
 0 0 0 8611292 5869348 33 649 0 0  0  0  0  0  0  0  0  610  924  204 50  1 49
 0 0 0 8611028 5869244 129 2187 0 0 0 0  0  0  0  0  0  856 1699  255 50  4 46
 0 0 0 8610988 5869220 129 2180 0 0 0 0  0  3  0  0  0 1015 1682  319 50  4 46
 0 0 0 8611284 5869376 134 2182 0 0 0 0  0  0  0  0  0  860 1691  259 50  4 46
 0 0 0 8611024 5869236 129 2188 0 0 0 0  0  0  0  0  0  865 1682  255 50  4 46
 0 0 0 8610980 5869200 137 2188 0 0 0 0  0  0  0  0  0  854 1688  256 50  4 46
 0 0 0 8611276 5869344 130 2188 0 0 0 0  0  0  0  0  0  848 1775  299 50  4 46
 kthr      memory            page            disk          faults      cpu
 r b w   swap  free  re  mf pi po fr de sr s0 s1 s2 --   in   sy   cs us sy id
 0 0 0 8611020 5869236 129 2180 0 0 0 0  0  0  0  0  0  858 1693  257 50  4 46
 0 0 0 8611272 5869336 17 99 0  0  0  0  0  2  0  0  0  966  761  228 50  1 49
 0 0 0 8611228 5869328 117 2085 0 0 0 0  0  0  0  0  0  863 1606  260 50  3 47
 0 0 0 8611108 5869196 129 2186 0 0 0 0  0  0  0  0  0  865 1679  270 50  4 46
 0 0 0 8611180 5869300 129 2185 0 0 0 0  0  0  0  0  0  859 1688  261 50  4 46
 0 0 0 8610948 5869316 147 2191 0 0 0 0  0  0  0  0  0  842 1684  246 50  4 46
 0 0 0 8610832 5869056 129 2187 0 0 0 0  0  0  0  0  0  846 1700  246 50  4 46
 0 0 0 8611132 5869184 132 2188 0 0 0 0  0  2  0  0  0  952 1682  292 50  4 46
 0 0 0 8610876 5869132 132 2183 0 0 0 0  0  0  0  0  0  871 1694  257 50  4 46
 0 0 0 8611128 5869176 62 1113 0 0 0  0  0  0  0  0  0  670 1174  216 50  2 48
 0 0 0 8610832 5869116 67 1073 0 0 0  0  0  0  0  0  0  671 1181  210 50  2 48
 0 0 0 8611132 5869252 147 2193 0 0 0 0  0  0  0  0  0  857 1677  258 50  4 46
 0 0 0 8610876 5869084 129 2185 0 0 0 0  0  0  0  0  0  847 1692  249 50  4 46
 0 0 0 8610800 5869024 129 2185 0 0 0 0  0  4  0  0  0 1136 1692  327 50  4 46
 0 0 0 8611048 5869160 134 2187 0 0 0 0  0  0  0  0  0  879 1695  261 50  4 46
 0 0 0 8610660 5868872 129 2183 0 0 0 0  0  0  0  0  0  873 1678  268 50  4 46
 0 0 0 8610616 5868840 147 2192 0 0 0 0  0  0  0  0  0  863 1687  260 50  4 46
 0 0 0 8610896 5868952 77 1198 0 0 0  0  0  0  0  0  0  685 1280  216 50  3 47
 0 0 0 8610896 5868944 52 988 0 0  0  0  0  0  0  0  0  678 1078  220 50  1 49
 kthr      memory            page            disk          faults      cpu
 r b w   swap  free  re  mf pi po fr de sr s0 s1 s2 --   in   sy   cs us sy id
 0 0 0 8610608 5868824 129 2186 0 0 0 0  0  3  0  0  0 1037 1680  309 50  4 46
 0 0 0 8610500 5868736 134 2186 0 0 0 0  0  0  0  0  0  839 1692  256 50  4 46
 0 0 0 8610800 5868848 129 2183 0 0 0 0  0  0  0  0  0  841 1683  252 50  4 46
 0 0 0 8610792 5868912 129 2185 0 0 0 0  0  0  0  0  0  848 1688  254 50  4 46
 0 0 0 8610624 5868968 147 2191 0 0 0 0  0  0  0  0  0  830 1777  296 50  4 46
 0 0 0 8610624 5868716 129 2187 0 0 0 0  0  0  0  0  0  863 1697  259 50  4 46
 0 0 0 8610664 5868728 134 2184 0 0 0 0  0  2  0  0  0 1306 1692  306 50  4 46
 0 0 0 8610664 5868712 12 99 0  0  0  0  0  0  0  0  0  533  759  185 50  1 50
 0 0 0 8610236 5868424 117 2085 0 0 0 0  0  0  0  0  0  858 1608  268 50  3 47
 0 0 0 8610104 5868396 129 2186 0 0 0 0  0  0  0  0  0  852 1693  250 50  4 46
 0 0 0 8610384 5868584 147 2192 0 0 0 0  0  0  0  0  0  854 1675  264 50  4 46
 0 0 0 8610128 5868336 129 2183 0 0 0 0  0  0  0  0  0  856 1687  255 50  4 46
 0 0 0 8610044 5868260 129 2183 0 0 0 0  0  2  0  0  0  984 1685  300 50  4 46
 0 0 0 8610280 5868328 129 2185 0 0 0 0  0  0  0  0  0  856 1696  263 50  4 46
 0 0 0 8610020 5868228 129 2182 0 0 0 0  0  0  0  0  0  839 1679  244 50  4 46
 0 0 0 8610276 5868396 50 647 0 0  0  0  0  0  0  0  0  601  997  197 50  2 48
 0 0 0 8609980 5868200 97 1543 0 0 0  0  0  0  0  0  0  754 1362  231 50  2 48
 0 0 0 8610280 5868328 129 2183 0 0 0 0  0  0  0  0  0  851 1697  248 50  4 46
 0 0 0 8610016 5868244 129 2183 0 0 0 0  0  2  0  0  0  989 1683  299 50  4 46
 kthr      memory            page            disk          faults      cpu
 r b w   swap  free  re  mf pi po fr de sr s0 s1 s2 --   in   sy   cs us sy id
 0 0 0 8609964 5868220 135 2185 0 0 0 0  0  0  0  0  0  874 1696  261 50  4 46
 0 0 0 8610040 5868092 129 2182 0 0 0 0  0  0  0  0  0  889 1675  272 50  4 46
 0 0 0 8609984 5868200 142 2188 0 0 0 0  0  0  0  0  0  850 1687  248 50  4 46
 0 0 0 8609940 5868156 129 2180 0 0 0 0  0  0  0  0  0  844 1675  249 50  4 46
 0 0 0 8610236 5868284 77 1194 0 0 0  0  0  0  0  0  0  680 1295  211 50  3 47
 0 0 0 8610248 5868324 53 990 0 0  0  0  0  2  0  0  0  780 1075  251 50  1 49
 0 0 0 8610228 5868296 134 2184 0 0 0 0  0  0  0  0  0  864 1690  259 50  4 46
 0 0 0 8610180 5868272 129 2181 0 0 0 0  0  0  0  0  0  847 1677  249 50  4 46
 0 0 0 8610180 5868356 136 2189 0 0 0 0  0  0  0  0  0  860 1687  251 50  4 46
 0 0 0 8610228 5868416 141 2186 0 0 0 0  0  0  0  0  0  846 1765  300 50  4 46
 0 0 0 8609972 5868180 129 2182 0 0 0 0  0  0  0  0  0  844 1695  245 50  4 46
 0 0 0 8609928 5868144 134 2184 0 0 0 0  0  3  0  0  0 1319 1684  309 50  4 46
 0 0 0 8610224 5868272 129 2184 0 0 0 0  0  0  0  0  0  863 1700  258 50  4 46
 0 0 0 8610140 5868192 12 99 0  0  0  0  0  0  0  0  0  520  715  188 50  0 50
 0 0 0 8609892 5868240 117 2088 0 0 0 0  0  0  0  0  0  852 1645  249 50  4 46
 0 0 0 8609904 5868192 147 2189 0 0 0 0  0  0  0  0  0  867 1677  264 50  4 46
 0 0 0 8610200 5868248 129 2184 0 0 0 0  0  0  0  0  0  856 1690  252 49  4 47
 0 0 0 8609948 5868172 129 2184 0 0 0 0  0  2  0  0  0 1012 1687  292 50  4 46
 0 0 0 8609904 5868180 134 2183 0 0 0 0  0  0  0  0  0  858 1688  262 50  4 46
 kthr      memory            page            disk          faults      cpu
 r b w   swap  free  re  mf pi po fr de sr s0 s1 s2 --   in   sy   cs us sy id
 0 0 0 8610176 5868220 129 2184 0 0 0 0  0  0  0  0  0  834 1675  246 50  4 46
 0 0 0 8609920 5868240 147 2188 0 0 0 0  0  0  0  0  0  840 1689  246 50  4 46
 0 0 0 8610180 5868224 25 326 0 0  0  0  0  0  0  0  0  562  871  191 50  1 49
 0 0 0 8609884 5868096 104 1857 0 0 0 0  0  0  0  0  0  789 1493  233 50  3 47
 0 0 0 8610176 5868240 129 2180 0 0 0 0  0  2  0  0  0  982 1679  301 50  4 46
 0 0 0 8609912 5868144 135 2186 0 0 0 0  0  0  0  0  0  882 1702  262 50  4 46
 0 0 0 8609740 5867960 129 2183 0 0 0 0  0  0  0  0  0  867 1680  267 50  4 46
 0 0 0 8610156 5868212 145 2191 0 0 0 0  0  0  0  0  0  842 1700  245 50  4 46
 0 0 0 8610152 5868240 132 2182 0 0 0 0  0  0  0  0  0  850 1680  249 50  4 46
 0 0 0 8610016 5868164 129 2183 0 0 0 0  0  0  0  0  0  832 1695  244 50  4 46
 0 0 0 8610156 5868224 82 1194 0 0 0  0  0  3  0  0  0  833 1252  267 50  3 48
 0 0 0 8610100 5868192 53 989 0 0  0  0  0  0  0  0  0  659 1114  217 50  2 48
 0 0 0 8610152 5868196 129 2186 0 0 0 0  0  0  0  0  0  833 1686  245 50  4 46
 0 0 0 8609896 5868240 129 2181 0 0 0 0  0  0  0  0  0  853 1688  250 50  4 46
 0 0 0 8609856 5868216 148 2192 0 0 0 0  0  0  0  0  0  841 1774  295 50  4 46
 0 0 0 8610156 5868200 129 2181 0 0 0 0  0  0  0  0  0  835 1699  242 50  4 46
 0 0 0 8609896 5868100 131 2184 0 0 0 0  0  2  0  0  0 1287 1689  297 50  4 46
 0 0 0 8609844 5868064 129 2183 0 0 0 0  0  0  0  0  0  863 1701  259 50  4 46
 0 0 0 8609980 5868032 114 1891 0 0 0 0  0  0  0  0  0  835 1556  258 50  4 46
 kthr      memory            page            disk          faults      cpu
 r b w   swap  free  re  mf pi po fr de sr s0 s1 s2 --   in   sy   cs us sy id
 0 0 0 8610132 5868312 15 292 0 0  0  0  0  0  0  0  0  537  792  181 50  0 50
 0 0 0 8609872 5868132 148 2193 0 0 0 0  0  0  0  0  0  841 1684  257 50  4 46
 0 0 0 8609832 5868040 129 2182 0 0 0 0  0  0  0  0  0  838 1685  252 50  4 46
 0 0 0 8610132 5868200 129 2182 0 0 0 0  0  2  0  0  0  963 1690  291 50  4 46
 0 0 0 8609876 5868120 135 2185 0 0 0 0  0  0  0  0  0  842 1706  253 50  4 46
 0 0 0 8609832 5868040 129 2180 0 0 0 0  0  0  0  0  0  845 1675  245 50  4 46
 0 0 0 8610128 5868236 148 2192 0 0 0 0  0  0  0  0  0  861 1692  258 50  4 46
 0 0 0 8609876 5868076 129 2179 0 0 0 0  0  0  0  0  0  856 1669  258 50  4 46
 0 0 0 8610132 5868172 12 99 0  0  0  0  0  0  0  0  0  507  795  186 50  1 49
 0 0 0 8609792 5868036 117 2084 0 0 0 0  0  2  0  0  0  972 1587  314 50  3 47
 0 0 0 8609992 5868120 134 2183 0 0 0 0  0  0  0  0  0  875 1693  258 50  4 46
 0 0 0 8609936 5867976 129 2180 0 0 0 0  0  0  0  0  0  864 1681  259 50  4 46
 0 0 0 8609988 5868080 147 2195 0 0 0 0  0  0  0  0  0  856 1697  255 50  4 46
 0 0 0 8610080 5868132 130 2180 0 0 0 0  0  0  0  0  0  834 1686  242 50  4 46
 0 0 0 8609916 5867956 129 2184 0 0 0 0  0  0  0  0  0  858 1695  249 50  4 46
 0 0 0 8609864 5867960 134 2178 0 0 0 0  0  2  0  0  0  991 1683  290 50  4 46
 0 0 0 8609920 5867960 76 1195 0 0 0  0  0  0  0  0  0  692 1254  220 50  2 48
 0 0 0 8609492 5867696 53 990 0 0  0  0  0  0  0  0  0  657 1105  212 50  2 48
 0 0 0 8609788 5867972 129 2183 0 0 0 0  0  0  0  0  0  848 1683  251 50  4 46
 kthr      memory            page            disk          faults      cpu
 r b w   swap  free  re  mf pi po fr de sr s0 s1 s2 --   in   sy   cs us sy id
 0 0 0 8609536 5867864 147 2191 0 0 0 0  0  0  0  0  0  843 1771  300 50  4 46
 0 0 0 8609492 5867704 129 2183 0 0 0 0  0  0  0  0  0  839 1699  248 50  4 46
 0 0 0 8609780 5867836 131 2181 0 0 0 0  0  2  0  0  0 1325 1683  297 50  4 46
 0 0 0 8609508 5867748 132 2185 0 0 0 0  0  0  0  0  0  860 1711  256 50  4 46
 0 0 0 8609388 5867596 129 2184 0 0 0 0  0  0  0  0  0  871 1679  265 50  4 46
 0 0 0 8609768 5867948 122 1749 0 0 0 0  0  0  0  0  0  776 1516  234 50  4 46
 0 0 0 8609764 5867800 26 440 0 0  0  0  0  0  0  0  0  574  846  198 50  1 50
 0 0 0 8609508 5867704 129 2184 0 0 0 0  0  0  0  0  0  858 1690  254 50  4 46
 0 0 0 8609472 5867708 129 2182 0 0 0 0  0  2  0  0  0 1017 1682  300 50  4 46
 0 0 0 8609768 5867844 134 2183 0 0 0 0  0  0  0  0  0  853 1699  259 50  4 46
 0 0 0 8609508 5867708 129 2183 0 0 0 0  0  0  0  0  0  848 1680  253 50  4 46
 0 0 0 8609468 5867672 147 2190 0 0 0 0  0  0  0  0  0  850 1692  249 50  4 46
 0 0 0 8609768 5867804 129 2182 0 0 0 0  0  0  0  0  0  845 1688  249 50  4 47
 0 0 0 8609504 5867704 129 2183 0 0 0 0  0  0  0  0  0  852 1696  253 50  4 46
 0 0 0 8609740 5867808 17 100 0 0  0  0  0  2  0  0  0  661  778  220 50  1 49
 0 0 0 8818168 6017312 117 2086 0 0 0 0  0  0  0  0  0  931 1598  256 40  5 55
 0 0 0 9651164 6509128 129 2182 0 0 0 0  0  0  0  0  0  768 1672  268 25  4 71
 0 0 0 9659060 6517912 147 2676 0 0 0 0  0  0  0  0  0  816 3011  273 27  4 68
 0 0 0 9691732 6550272 147 2190 0 0 0 0  0  0  0  0  0  750 1676  262 25  4 71
 kthr      memory            page            disk          faults      cpu
 r b w   swap  free  re  mf pi po fr de sr s0 s1 s2 --   in   sy   cs us sy id
 0 0 0 9692028 6550260 129 2182 0 0 0 0  0  0  0  0  0  756 1684  257 25  4 71
 0 0 0 9692016 6550284 134 2184 0 0 0 0  0  4  0  0  0  854 1681  312 25  4 71
 0 0 0 9691972 6550280 129 2182 0 0 0 0  0  0  0  0  0  752 1693  262 25  4 71
 0 0 0 9691988 6550264 77 1194 0 0 0  0  0  0  0  0  0  634 1273  219 25  3 72
 0 0 0 9691920 6550408 53 990 0 0  0  0  0  0  0  0  0  623 1078  212 25  1 74
 0 0 0 9691992 6550380 147 2192 0 0 0 0  0  0  0  0  0  760 1767  302 25  4 71
 0 0 0 9691796 6550244 129 2186 0 0 0 0  0  0  0  0  0  762 1689  260 25  4 71
 0 0 0 9691920 6550352 129 2189 0 0 0 0  0  2  0  0  0 1145 1685  300 25  4 71
 0 0 0 9691948 6550328 134 2186 0 0 0 0  0  0  0  0  0  774 1697  260 25  4 71
 0 0 0 9691684 6550140 129 2187 0 0 0 0  0  0  0  0  0  783 1675  276 25  4 71
 0 0 0 9691908 6550340 147 2195 0 0 0 0  0  0  0  0  0  752 1685  254 25  4 71
 0 0 0 9691948 6550264 129 2189 0 0 0 0  0  0  0  0  0  759 1681  262 25  4 71
 0 0 0 9691948 6550264 12 99 0  0  0  0  0  0  0  0  0  532  784  182 25  1 74
 0 0 0 9691796 6550252 117 2090 0 0 0 0  0  2  0  0  0  853 1593  300 25  3 72
 0 0 0 9691972 6550300 134 2189 0 0 0 0  0  0  0  0  0  757 1689  267 25  4 71
 0 0 0 9691932 6550240 129 2189 0 0 0 0  0  0  0  0  0  747 1674  256 25  4 71
 0 0 0 9691844 6550196 142 2193 0 0 0 0  0  0  0  0  0  755 1689  254 25  4 71
 0 0 0 9691888 6550252 129 2194 0 0 0 0  0  0  0  0  0  757 1683  257 25  4 71
 0 0 0 9691912 6550228 129 2194 0 0 0 0  0  0  0  0  0  745 1691  253 25  4 71
 kthr      memory            page            disk          faults      cpu
 r b w   swap  free  re  mf pi po fr de sr s0 s1 s2 --   in   sy   cs us sy id
 0 0 0 9691832 6550212 134 2189 0 0 0 0  0  2  0  0  0  836 1683  295 25  4 71
 0 0 0 9691908 6550216 77 1196 0 0 0  0  0  0  0  0  0  649 1279  221 25  2 72
 0 0 0 9691684 6550048 53 995 0 0  0  0  0  0  0  0  0  641 1093  230 21  2 77
 0 0 0 9758696 6617592 129 2192 0 0 0 0  0  0  0  0  0  583 1687  266  0  4 96
 0 0 0 9757536 6617236 210 4239 0 0 0 0  0  0  0  0  0  577 8651  278  4  5 91
 0 0 0 9774548 6633628 149 2469 0 0 0 0  0  0  0  0  0  600 1919  273  2  4 94
 0 0 0 9798676 6657268 134 2193 0 0 0 0  0  3  0  0  0  744 1680  324  0  4 96
 0 0 0 9798624 6657676 129 2197 0 0 0 0  0  0  0  0  0  598 1688  266  0  4 96
 0 0 0 9798584 6657636 129 2197 0 0 0 0  0  0  0  0  0  590 1674  260  0  4 96
 0 0 0 9798664 6658408 147 2203 0 0 0 0  0  0  0  0  0  586 1684  263  0  4 96
 0 0 0 9798664 6658600 12 100 0 0  0  0  0  0  0  0  0  466  840  223  0  1 99
 0 0 0 9798636 6658604 116 2097 0 0 0 0  0  0  0  0  0  569 1622  262  0  3 97
 0 0 0 9798448 6658560 129 2267 0 0 0 0  0  2  0  0  0  604 1719  315  0  4 96
 0 0 0 9798640 6658620 134 2196 0 0 0 0  0  0  0  0  0  552 1693  263  0  4 96
 0 0 0 9798476 6658436 129 2197 0 0 0 0  0  0  0  0  0  575 1672  275  0  4 96
 0 0 0 9798516 6658604 147 2200 0 0 0 0  0  0  0  0  0  575 1681  258  0  4 96
 0 0 0 9798640 6658576 129 2197 0 0 0 0  0  0  0  0  0  596 1673  261  0  4 96
 0 0 0 9798560 6658552 129 2197 0 0 0 0  0  0  0  0  0  595 1686  260  0  4 96
 0 0 0 9798644 6658620 82 1202 0 0 0  0  0  2  0  0  0  560 1270  267  0  3 97
 kthr      memory            page            disk          faults      cpu
 r b w   swap  free  re  mf pi po fr de sr s0 s1 s2 --   in   sy   cs us sy id
 0 0 0 9798528 6658568 52 995 0 0  0  0  0  0  0  0  0  523 1083  222  0  1 99
 0 0 0 9798640 6658576 129 2196 0 0 0 0  0  0  0  0  0  575 1671  256  0  4 96
 0 0 0 9798524 6658588 138 2203 0 0 0 0  0  0  0  0  0  578 1685  258  0  4 96
 0 0 0 9798620 6658584 131 2193 0 0 0 0  0  0  0  0  0  580 1670  263  0  4 96
 0 0 0 9798620 6658556 129 2200 0 0 0 0  0  0  0  0  0  586 1687  258  0  4 96
 0 0 0 9798320 6658424 134 2196 0 0 0 0  0  2  0  0  0  605 1675  305  0  4 96
 0 0 0 9798616 6658552 129 2194 0 0 0 0  0  0  0  0  0  592 1691  264  0  4 96
 0 0 0 9798248 6658344 129 2196 0 0 0 0  0  0  0  0  0  603 1673  279  0  4 96
 0 0 0 9798620 6658768 17 100 0 0  0  0  0  0  0  0  0  458  781  174  0  1 99
 0 0 0 9798320 6658420 130 2102 0 0 0 0  0  0  0  0  0  585 1569  255  0  3 97
 0 0 0 9798592 6658528 129 2194 0 0 0 0  0  0  0  0  0  584 1698  265  0  4 96
 0 0 0 9798236 6658352 129 2196 0 0 0 0  0  2  0  0  0  603 1676  305  0  4 96
 0 0 0 9798208 6658328 132 2196 0 0 0 0  0  0  0  0  0  576 1684  262  0  4 96
 0 0 0 9798508 6658440 129 2197 0 0 0 0  0  0  0  0  0  583 1672  260  0  4 96
 0 0 0 9798248 6658460 147 2202 0 0 0 0  0  0  0  0  0  575 1684  256  0  4 96
 0 0 0 9798192 6658300 129 2197 0 0 0 0  0  0  0  0  0  587 1763  303  0  4 96
 0 0 0 9798488 6658420 77 1200 0 0 0  0  0  0  0  0  0  523 1285  214  0  3 97
 0 0 0 9798484 6658468 52 995 0 0  0  0  0  2  0  0  0  547 1067  263  0  1 99
 0 0 0 9798228 6658320 134 2195 0 0 0 0  0  0  0  0  0  594 1695  265  0  4 96
 kthr      memory            page            disk          faults      cpu
 r b w   swap  free  re  mf pi po fr de sr s0 s1 s2 --   in   sy   cs us sy id
 0 0 0 9798072 6658168 129 2195 0 0 0 0  0  0  0  0  0  590 1672  272  0  4 96
 0 0 0 9798488 6658432 145 2203 0 0 0 0  0  0  0  0  0  594 1684  266  0  4 96
 0 0 0 9798228 6658336 130 2195 0 0 0 0  0  0  0  0  0  604 1671  263  0  4 96
 0 0 0 9798188 6658284 129 2194 0 0 0 0  0  0  0  0  0  592 1683  254  0  4 96
 0 0 0 9798488 6658452 134 2195 0 0 0 0  0  2  0  0  0  617 1676  306  0  4 96
 0 0 0 9798232 6658324 129 2194 0 0 0 0  0  0  0  0  0  585 1684  263  0  4 96
 0 0 0 9798480 6658416 23 282 0 0  0  0  0  0  0  0  0  465  848  182  0  1 99
 0 0 0 9798164 6658484 106 1912 0 0 0 0  0  0  0  0  0  574 1496  249  0  2 97
 0 0 0 9798464 6658468 147 2202 0 0 0 0  0  0  0  0  0  572 1676  262  0  4 96
 0 0 0 9798208 6658300 128 2194 0 0 0 0  0  0  0  0  0  578 1702  263  0  4 96
 0 0 0 9798164 6658260 131 2193 0 0 0 0  0  2  0  0  0  620 1676  311  0  4 96
 0 0 0 9798460 6658392 129 2193 0 0 0 0  0  0  0  0  0  591 1694  265  0  4 96
 0 0 0 9798128 6658220 129 2192 0 0 0 0  0  0  0  0  0  599 1671  274  0  4 96
 0 0 0 9798164 6658404 147 2200 0 0 0 0  0  0  0  0  0  586 1682  257  0  4 96
 0 0 0 9798460 6658392 102 1629 0 0 0 0  0  0  0  0  0  541 1458  240  0  3 97
 0 0 0 9798460 6658392 27 565 0 0  0  0  0  0  0  0  0  482  894  195  0  1 99
 0 0 0 9798208 6658352 129 2191 0 0 0 0  0  2  0  0  0  599 1676  303  0  4 96
 0 0 0 9798164 6658284 134 2193 0 0 0 0  0  0  0  0  0  586 1687  270  0  4 96
 0 0 0 9798456 6658392 129 2192 0 0 0 0  0  0  0  0  0  587 1675  262  0  4 96
 kthr      memory            page            disk          faults      cpu
 r b w   swap  free  re  mf pi po fr de sr s0 s1 s2 --   in   sy   cs us sy id
 0 0 0 9798180 6658336 147 2199 0 0 0 0  0  0  0  0  0  583 1682  263  0  4 96
 0 0 0 9798140 6658240 129 2190 0 0 0 0  0  0  0  0  0  579 1760  311  0  4 96
 0 0 0 9798440 6658372 129 2190 0 0 0 0  0  0  0  0  0  591 1685  261  0  4 96
 0 0 0 9798152 6658276 134 2191 0 0 0 0  0  2  0  0  0  621 1682  304  0  4 96
 0 0 0 9798372 6658304 50 884 0 0  0  0  0  0  0  0  0  519 1099  216  0  2 98
 0 0 0 9798012 6658112 79 1306 0 0 0  0  0  0  0  0  0  512 1258  237  0  2 98
 0 0 0 9798376 6658524 129 2184 0 0 0 0  0  0  0  0  0  582 1682  265  0  4 96
 0 0 0 9798116 6658336 147 2194 0 0 0 0  0  0  0  0  0  562 1676  261  0  4 96
 0 0 0 9798072 6658172 129 2185 0 0 0 0  0  0  0  0  0  590 1689  258  0  4 96
 0 0 0 9798376 6658324 134 2185 0 0 0 0  0  2  0  0  0  658 1675  296  0  4 96
 0 0 0 9798112 6658208 129 2188 0 0 0 0  0  0  0  0  0  586 1685  265  0  4 96
 0 0 0 9798048 6658160 129 2184 0 0 0 0  0  0  0  0  0  577 1669  256  0  4 96
 0 0 0 9798348 6658496 147 2196 0 0 0 0  0  0  0  0  0  583 1688  256  0  4 96
 0 0 0 9798352 6658284 0  0  0  0  0  0  0  0  0  0  0  456  663  180  0  0 100
 0 0 0 9798096 6658188 129 2186 0 0 0 0  0  0  0  0  0  586 1691  264  0  4 96
 0 0 0 9798048 6658148 129 2186 0 0 0 0  0  2  0  0  0  603 1688  308  0  4 96
 1 0 0 9798348 6658280 129 2185 0 0 0 0  0  0  0  0  0  588 1695  266  0  4 96
 1 0 0 9798012 6658104 129 2187 0 0 0 0  0  0  0  0  0  581 1673  272  0  4 96
 0 0 0 9798052 6658224 147 2193 0 0 0 0  0  0  0  0  0  566 1685  257  0  4 96
 kthr      memory            page            disk          faults      cpu
 r b w   swap  free  re  mf pi po fr de sr s0 s1 s2 --   in   sy   cs us sy id
 0 0 0 9798348 6658280 129 2186 0 0 0 0  0  0  0  0  0  554 1672  257  0  4 96
 1 0 0 9798092 6658184 129 2185 0 0 0 0  0  0  0  0  0  583 1682  257  0  4 96
 0 0 0 9798352 6658348 82 1195 0 0 0  0  0  3  0  0  0  552 1238  274  0  2 98
 0 0 0 9798052 6658148 52 992 0 0  0  0  0  0  0  0  0  526 1114  222  0  2 98
 0 0 0 9798324 6658268 129 2187 0 0 0 0  0  0  0  0  0  587 1673  262  0  4 96
 0 0 0 9798068 6658160 141 2191 0 0 0 0  0  0  0  0  0  591 1685  258  0  4 96
 0 0 0 9798028 6658124 129 2185 0 0 0 0  0  0  0  0  0  565 1764  301  0  4 96
 0 0 0 9798328 6658256 129 2186 0 0 0 0  0  0  0  0  0  564 1699  266  0  4 96
 0 0 0 9798260 6658252 134 2187 0 0 0 0  0  2  0  0  0  618 1678  300  0  4 96
 0 0 0 9798140 6658216 129 2186 0 0 0 0  0  0  0  0  0  589 1693  268  0  4 96
 0 0 0 9798260 6658176 129 2187 0 0 0 0  0  0  0  0  0  583 1673  283  0  4 96
 0 0 0 9798328 6658512 17 100 0 0  0  0  0  0  0  0  0  463  745  176  0  1 99
 0 0 0 9798172 6658212 130 2092 0 0 0 0  0  0  0  0  0  586 1602  258  0  3 97
 0 0 0 9798096 6658176 128 2187 0 0 0 0  0  0  0  0  0  582 1683  256  0  4 96
 0 0 0 9798288 6658204 134 2188 0 0 0 0  0  2  0  0  0  624 1679  311  0  4 96
 0 0 0 9798088 6658136 129 2186 0 0 0 0  0  0  0  0  0  596 1686  265  0  4 96
 0 0 0 9798276 6658200 129 2185 0 0 0 0  0  0  0  0  0  588 1671  259  0  4 96
 0 0 0 9798260 6658384 147 2193 0 0 0 0  0  0  0  0  0  580 1687  263  0  4 96
 0 0 0 9798228 6658180 129 2186 0 0 0 0  0  0  0  0  0  588 1671  262  0  4 96
 kthr      memory            page            disk          faults      cpu
 r b w   swap  free  re  mf pi po fr de sr s0 s1 s2 --   in   sy   cs us sy id
 0 0 0 9798264 6658180 77 1194 0 0 0  0  0  0  0  0  0  527 1264  215  0  2 97
 0 0 0 9798216 6658232 52 992 0 0  0  0  0  2  0  0  0  533 1092  258  0  1 99
 0 0 0 9798260 6658196 134 2185 0 0 0 0  0  0  0  0  0  600 1692  265  0  4 96
 0 0 0 9798136 6658144 129 2187 0 0 0 0  0  0  0  0  0  556 1673  270  0  4 96
 0 0 0 9798272 6658260 147 2193 0 0 0 0  0  0  0  0  0  567 1688  261  0  4 96
 0 0 0 9798260 6658176 129 2186 0 0 0 0  0  0  0  0  0  587 1675  265  0  4 96
 0 0 0 9798216 6658176 129 2186 0 0 0 0  0  0  0  0  0  578 1691  257  0  4 96
 0 0 0 9798072 6658188 134 2186 0 0 0 0  0  2  0  0  0  601 1678  305  0  4 96
 0 0 0 9798240 6658168 129 2186 0 0 0 0  0  0  0  0  0  584 1685  265  0  4 96
 0 0 0 9798108 6658024 12 99 0  0  0  0  0  0  0  0  0  460  754  175  0  1 99
 0 0 0 9798056 6658040 133 2092 0 0 0 0  0  0  0  0  0  582 1595  258  0  3 97
 0 0 0 9798140 6658064 131 2186 0 0 0 0  0  0  0  0  0  583 1762  308  0  4 96
 0 0 0 9798112 6658028 129 2187 0 0 0 0  0  0  0  0  0  573 1685  263  0  4 96
 0 0 0 9798028 6658000 134 2186 0 0 0 0  0  2  0  0  0  627 1680  308  0  4 96
 0 0 0 9798048 6658008 129 2184 0 0 0 0  0  0  0  0  0  593 1694  271  0  4 96
 0 0 0 9798044 6657960 129 2186 0 0 0 0  0  0  0  0  0  606 1672  282  0  4 96
 0 0 0 9797920 6658196 147 2194 0 0 0 0  0  0  0  0  0  590 1687  261  0  4 96
 0 0 0 9798108 6658024 77 1195 0 0 0  0  0  0  0  0  0  529 1264  219  0  3 97
 0 0 0 9798064 6658028 52 992 0 0  0  0  0  0  0  0  0  520 1083  217  0  1 99
 kthr      memory            page            disk          faults      cpu
 r b w   swap  free  re  mf pi po fr de sr s0 s1 s2 --   in   sy   cs us sy id
 0 0 0 9798088 6658052 131 2187 0 0 0 0  0  2  0  0  0  620 1679  308  0  4 96
 0 0 0 9798004 6657976 132 2184 0 0 0 0  0  0  0  0  0  585 1682  263  0  4 96
 0 0 0 9798060 6658028 129 2185 0 0 0 0  0  0  0  0  0  558 1672  256  0  4 96
 0 0 0 9798084 6658140 147 2196 0 0 0 0  0  0  0  0  0  582 1688  263  0  4 96
 0 0 0 9797864 6657932 129 2184 0 0 0 0  0  0  0  0  0  578 1674  265  0  4 96
 0 0 0 9798088 6658004 129 2187 0 0 0 0  0  0  0  0  0  563 1690  260  0  4 96
 0 0 0 9797828 6657956 134 2185 0 0 0 0  0  2  0  0  0  596 1683  303  0  4 96
 0 0 0 9798084 6658000 12 99 0  0  0  0  0  0  0  0  0  455  789  181  0  1 99
 0 0 0 9797720 6657800 117 2089 0 0 0 0  0  0  0  0  0  584 1568  270  0  3 97
 0 0 0 9798088 6658024 145 2190 0 0 0 0  0  0  0  0  0  578 1684  266  0  4 96
 0 0 0 9797804 6657892 130 2186 0 0 0 0  0  0  0  0  0  577 1672  262  0  4 96
