
SunOS canfire03 5.11 onnv-gate i86pc    05/10/2009

13:12:40 sml_mem   alloc  fail  lg_mem   alloc  fail  ovsz_alloc  fail
13:12:45 366837952 319732352     0 1185775616 1135643008     0    76648448     0
13:12:50 366837952 319738624     0 1185759232 1135636736     0    76648448     0
13:12:55 366837952 319742144     0 1185759232 1135638144     0    76648448     0
13:13:00 366837952 319748576     0 1185779712 1135655168     0    76648448     0
13:13:05 366837952 319749440     0 1185775616 1135652992     0    76648448     0
13:13:10 366837952 319713504     0 1185763328 1135645312     0    76648448     0
13:13:15 366837952 319730112     0 1185763328 1135701120     0    76648448     0
13:13:20 366837952 319834976     0 1185804288 1135734784     0    76648448     0
13:13:25 366837952 319728384     0 1185779712 1135664256     0    76648448     0
13:13:30 366837952 319731328     0 1185763328 1135655552     0    76648448     0
13:13:35 366837952 319734912     0 1185763328 1135663232     0    76648448     0
13:13:40 366842048 319721088     0 1185804288 1135685888     0    76648448     0
13:13:45 366842048 319726464     0 1185804288 1135690496     0    76648448     0
13:13:50 366842048 319729408     0 1185787904 1135680128     0    76648448     0
13:13:55 366842048 319732992     0 1185787904 1135684224     0    76648448     0
13:14:00 366842048 319750656     0 1185804288 1135749248     0    76648448     0
13:14:05 366842048 319743424     0 1185804288 1135707648     0    76648448     0
13:14:10 366842048 319720192     0 1185792000 1135698176     0    76648448     0
13:14:15 366842048 319725696     0 1185796096 1135700736     0    76648448     0
13:14:20 366842048 319731968     0 1185812480 1135716608     0    76648448     0
13:14:25 366842048 319735552     0 1185812480 1135718656     0    76648448     0
13:14:30 366842048 319738496     0 1185796096 1135711488     0    76648448     0
13:14:35 366842048 319742176     0 1185837056 1135715968     0    76648448     0
13:14:40 366842048 319722592     0 1185853440 1135734016     0    76648448     0
13:14:45 366842048 319738912     0 1185853440 1135786752     0    76648448     0
13:14:50 366842048 319806912     0 1185853440 1135763712     0    76648448     0
13:14:55 366842048 319733792     0 1185837056 1135725184     0    76648448     0
13:15:00 366842048 319740064     0 1185853440 1135741696     0    76648448     0
13:15:05 366842048 319743808     0 1185853440 1135749888     0    76648448     0
13:15:10 366842048 319721248     0 1185837056 1135738112     0    76648448     0
13:15:15 366842048 319726176     0 1185837056 1135742208     0    76648448     0
13:15:20 366842048 319732448     0 1185853440 1135752832     0    76648448     0
13:15:26 366842048 319747424     0 1185853440 1135808768     0    76648448     0
13:15:31 366842048 319848736     0 1185861632 1135826560     0    76648448     0
13:15:36 366842048 319742304     0 1185837056 1135753472     0    76648448     0
13:15:41 366842048 319722208     0 1185853440 1135769344     0    76648448     0
13:15:46 366842048 319727584     0 1185853440 1135769856     0    76648448     0
13:15:51 366842048 319730528     0 1185837056 1135767296     0    76648448     0
13:15:56 366842048 319734112     0 1185837056 1135766144     0    76648448     0
13:16:01 366842048 319741088     0 1185853440 1135777920     0    76648448     0
13:16:06 366842048 319744256     0 1185853440 1135787776     0    76648448     0
13:16:11 366842048 319732896     0 1185837056 1135826560     0    76648448     0
13:16:16 366842048 319802976     0 1185853440 1135821056     0    76648448     0
13:16:21 366842048 319732448     0 1185853440 1135792384     0    76648448     0
13:16:26 366842048 319736032     0 1185853440 1135794816     0    76648448     0
13:16:31 366842048 319738976     0 1185837056 1135784064     0    76648448     0
13:16:36 366842048 319742560     0 1185837056 1135794432     0    76648448     0
13:16:41 366842048 319723328     0 1185853440 1135810304     0    76648448     0
13:16:46 366842048 319728352     0 1185878016 1135810304     0    76648448     0
13:16:51 366842048 319742688     0 1185861632 1135855360     0    76648448     0
13:16:56 366842048 319711296     0 1185824768 1135790464     0    76648448     0
13:17:01 366842048 319741824     0 1185890304 1135827456     0    76648448     0
13:17:06 366842048 319744960     0 1185890304 1135829632     0    76648448     0
13:17:11 366842048 319722592     0 1185914880 1135826688     0    76648448     0
13:17:16 366842048 319727968     0 1185914880 1135828224     0    76648448     0
13:17:21 366842048 319734240     0 1185931264 1135838976     0    76648448     0
13:17:26 366842048 319737824     0 1185931264 1135849728     0    76648448     0
13:17:31 366842048 319740768     0 1185914880 1135840512     0    76648448     0
13:17:36 366842048 319755840     0 1185914880 1135898368     0    76648448     0
13:17:41 366842048 320337344     0 1186127872 1136182528     0    76648448     0
13:17:46 366846144 323862752     0 1186775040 1135480832     0    76648448     0
13:17:51 366854336 324376448     0 1186967552 1135553920     0    76648448     0
13:17:56 366854336 324401920     0 1186971648 1135821184     0    76648448     0
13:18:01 366854336 324888448     0 1187065856 1136182272     0    76648448     0
13:18:06 366854336 324916864     0 1187069952 1136185984     0    76648448     0
13:18:11 366854336 324810400     0 1187057664 1136278144     0    76648448     0
13:18:16 366854336 324910400     0 1187069952 1136473984     0    76648448     0
13:18:21 366854336 325021088     0 1187110912 1136510720     0    76648448     0
13:18:26 366854336 324923328     0 1187090432 1136442752     0    76648448     0
13:18:31 366854336 324926272     0 1187074048 1136435072     0    76648448     0
13:18:36 366854336 324934016     0 1187074048 1136439168     0    76648448     0
13:18:41 366854336 324913632     0 1187090432 1136450944     0    76648448     0
13:18:46 366854336 324919456     0 1187090432 1136455040     0    76648448     0
13:18:51 366854336 324921504     0 1187074048 1136441600     0    76648448     0
13:18:56 366854336 324937600     0 1187074048 1136627328     0    76648448     0
13:19:01 366854336 325050816     0 1187115008 1136668416     0    76648448     0
13:19:06 366854336 324944960     0 1187090432 1136594944     0    76648448     0
13:19:11 366854336 324922624     0 1187074048 1136601984     0    76648448     0
13:19:16 366854336 324928544     0 1187074048 1136604288     0    76648448     0
13:19:21 366854336 324934496     0 1187090432 1136614784     0    76648448     0
13:19:26 366854336 324938016     0 1187090432 1136614784     0    76648448     0
13:19:31 366854336 324941280     0 1187074048 1136609408     0    76648448     0
13:19:36 366854336 324944640     0 1187074048 1136605440     0    76648448     0
13:19:41 366854336 324936448     0 1187090432 1136671104     0    76648448     0
13:19:46 366854336 325007360     0 1187106816 1136660736     0    76648448     0
13:19:51 366854336 324933056     0 1187074048 1136611200     0    76648448     0
13:19:56 366854336 324936864     0 1187115008 1136611200     0    76648448     0
13:20:01 366854336 324943456     0 1187131392 1136628736     0    76648448     0
13:20:06 366854336 324946720     0 1187131392 1136628096     0    76648448     0
13:20:11 366854336 324924096     0 1187115008 1136621184     0    76648448     0
13:20:16 366854336 324929600     0 1187115008 1136621952     0    76648448     0
13:20:21 366854336 324949952     0 1187135488 1136687744     0    76648448     0
13:20:26 366854336 325018688     0 1187151872 1136680064     0    76648448     0
13:20:31 366854336 324945184     0 1187119104 1136633216     0    76648448     0
13:20:36 366854336 324948416     0 1187119104 1136636544     0    76648448     0
13:20:41 366854336 324929024     0 1187135488 1136648320     0    76648448     0
13:20:46 366854336 324933888     0 1187127296 1136640896     0    76648448     0
13:20:51 366854336 324937504     0 1187119104 1136635008     0    76648448     0
13:20:56 366854336 324944544     0 1187135488 1136646784     0    76648448     0
13:21:01 366854336 324960160     0 1187135488 1136704768     0    76648448     0
13:21:06 366854336 324981280     0 1187127296 1136689024     0    76648448     0
13:21:11 366854336 324927808     0 1187119104 1136642688     0    76648448     0
13:21:16 366854336 324936096     0 1187135488 1136652928     0    76648448     0
13:21:21 366854336 324939712     0 1187135488 1136655488     0    76648448     0
13:21:26 366854336 324942656     0 1187119104 1136646272     0    76648448     0
13:21:31 366854336 324946304     0 1187119104 1136651904     0    76648448     0
13:21:36 366854336 324952576     0 1187135488 1136662144     0    76648448     0
13:21:41 366854336 324942656     0 1187135488 1136715904     0    76648448     0
13:21:46 366854336 325047488     0 1187143680 1136724992     0    76648448     0
13:21:51 366854336 324940320     0 1187119104 1136650368     0    76648448     0
13:21:56 366854336 324946720     0 1187155968 1136663680     0    76648448     0
13:22:01 366854336 324950304     0 1187155968 1136662144     0    76648448     0
13:22:06 366854336 324953248     0 1187139584 1136657024     0    76648448     0
13:22:11 366854336 324932928     0 1187139584 1136661120     0    76648448     0
13:22:16 366854336 324940704     0 1187155968 1136674944     0    76648448     0
13:22:21 366854336 324944448     0 1187155968 1136674944     0    76648448     0
13:22:26 366854336 324929280     0 1187102720 1136669568     0    76648448     0
13:22:31 366854336 324952320     0 1187139584 1136663168     0    76648448     0
13:22:36 366854336 324958592     0 1187155968 1136677504     0    76648448     0
13:22:41 366854336 324935840     0 1187155968 1136679040     0    76648448     0
13:22:46 366854336 324940928     0 1187139584 1136667264     0    76648448     0
13:22:51 366854336 324945824     0 1187139584 1136665728     0    76648448     0
13:22:56 366854336 324951936     0 1187155968 1136679040     0    76648448     0
13:23:01 366854336 324955520     0 1187155968 1136681600     0    76648448     0
13:23:06 366854336 324971264     0 1187139584 1136732160     0    76648448     0
13:23:11 366854336 325012480     0 1187155968 1136716928     0    76648448     0
13:23:16 366854336 324945248     0 1187155968 1136687744     0    76648448     0
13:23:21 366854336 324948864     0 1187155968 1136687744     0    76648448     0
13:23:26 366854336 324951808     0 1187139584 1136677504     0    76648448     0
13:23:31 366854336 324955776     0 1187139584 1136676992     0    76648448     0
13:23:36 366854336 324962048     0 1187155968 1136694400     0    76648448     0
13:23:41 366854336 324939968     0 1187155968 1136693888     0    76648448     0
13:23:47 366854336 324956000     0 1187139584 1136738432     0    76648448     0
13:23:52 366854336 324985312     0 1187164160 1136732672     0    76648448     0
13:23:57 366854336 324956736     0 1187155968 1136701824     0    76648448     0
13:24:02 366854336 324961664     0 1187155968 1136699136     0    76648448     0
13:24:07 366854336 324962752     0 1187139584 1136690304     0    76648448     0
13:24:12 366854336 324940800     0 1187160064 1136712320     0    76648448     0
13:24:17 366854336 324948640     0 1187176448 1136726144     0    76648448     0
13:24:22 366854336 324952224     0 1187176448 1136726144     0    76648448     0
13:24:27 366854336 324966528     0 1187160064 1136766592     0    76648448     0
13:24:32 366854336 325072576     0 1187184640 1136787456     0    76648448     0
13:24:37 366854336 324967168     0 1187176448 1136734336     0    76648448     0
13:24:42 366854336 324943552     0 1187176448 1136725632     0    76648448     0
13:24:47 366854336 324951840     0 1187160064 1136712192     0    76648448     0
13:24:52 366854336 324955552     0 1187160064 1136713856     0    76648448     0
13:24:57 366854336 324962080     0 1187176448 1136725632     0    76648448     0
13:25:02 366854336 324970880     0 1187176448 1136723584     0    76648448     0
13:25:07 366854336 324969600     0 1187160064 1136847616     0    76648448     0
13:25:12 366854336 325057504     0 1187184640 1136922368     0    76648448     0
13:25:17 366854336 324954080     0 1187176448 1136863104     0    76648448     0
13:25:22 366854336 324957664     0 1187176448 1136863488     0    76648448     0
13:25:27 366854336 324960608     0 1187160064 1136857472     0    76648448     0
13:25:32 366854336 324964192     0 1187160064 1136857472     0    76648448     0
13:25:37 366854336 324970624     0 1187176448 1136871680     0    76648448     0
13:25:42 366854336 324948576     0 1187176448 1136873344     0    76648448     0
13:25:47 366854336 324953504     0 1187160064 1136862592     0    76648448     0
13:25:52 366854336 324968480     0 1187160064 1136913280     0    76648448     0
13:25:57 366854336 325041472     0 1187192832 1136915328     0    76648448     0
13:26:02 366854336 324969504     0 1187176448 1136873984     0    76648448     0
13:26:07 366854336 324970560     0 1187160064 1136866688     0    76648448     0
13:26:12 366854336 324948640     0 1187160064 1136869120     0    76648448     0
13:26:17 366854336 324959552     0 1187176448 1136884608     0    76648448     0
13:26:22 366854336 324963136     0 1187176448 1136882944     0    76648448     0
13:26:27 366854336 324966080     0 1187160064 1136871168     0    76648448     0
13:26:32 366854336 324981056     0 1187160064 1136923520     0    76648448     0
13:26:37 366854336 325053408     0 1187192832 1136923904     0    76648448     0
13:26:42 366854336 324952960     0 1187176448 1136888704     0    76648448     0
13:26:47 366854336 324957952     0 1187160064 1136876928     0    76648448     0
13:26:52 366854336 324962016     0 1187160064 1136875264     0    76648448     0
13:26:57 366854336 324968160     0 1187176448 1136887040     0    76648448     0
13:27:02 366854336 324970592     0 1187176448 1136892416     0    76648448     0
13:27:07 366854336 324974688     0 1187160064 1136881024     0    76648448     0
13:27:12 366854336 324964928     0 1187164160 1136939904     0    76648448     0
13:27:17 366854336 324976320     0 1187180544 1136924416     0    76648448     0
13:27:22 366854336 324966912     0 1187180544 1136899328     0    76648448     0
13:27:27 366854336 324970208     0 1187164160 1136893568     0    76648448     0
13:27:32 366854336 324974176     0 1187164160 1136889600     0    76648448     0
13:27:37 366854336 324980640     0 1187180544 1136901376     0    76648448     0
13:27:42 366854336 324958336     0 1187180544 1136901376     0    76648448     0
13:27:47 366854336 324962848     0 1187164160 1136897792     0    76648448     0
13:27:52 366854336 324977824     0 1187164160 1136950144     0    76648448     0
13:27:57 366854336 325087680     0 1187221504 1136985216     0    76648448     0
13:28:02 366854336 324981568     0 1187196928 1136911872     0    76648448     0
13:28:07 366854336 324983456     0 1187180544 1136900480     0    76648448     0
13:28:12 366854336 324961536     0 1187180544 1136901120     0    76648448     0
13:28:17 366854336 324969024     0 1187196928 1136918784     0    76648448     0
13:28:22 366854336 324972608     0 1187196928 1136920448     0    76648448     0
13:28:27 366854336 324975616     0 1187180544 1136910720     0    76648448     0
13:28:32 366854336 324979328     0 1187180544 1136909056     0    76648448     0
13:28:37 366854336 324969024     0 1187160064 1136926976     0    76648448     0
13:28:42 366854336 324965856     0 1187196928 1136927232     0    76648448     0
13:28:47 366854336 324971520     0 1187180544 1137046400     0    76648448     0
13:28:52 366854336 324975232     0 1187180544 1137046400     0    76648448     0
13:28:57 366854336 324981696     0 1187196928 1137060480     0    76648448     0
13:29:02 366854336 324983808     0 1187196928 1137057792     0    76648448     0
13:29:07 366854336 324987904     0 1187180544 1137046400     0    76648448     0
13:29:12 366854336 324967456     0 1187192832 1137071616     0    76648448     0
13:29:17 366854336 324984704     0 1187196928 1137126784     0    76648448     0
13:29:22 366854336 325053184     0 1187196928 1137106304     0    76648448     0
13:29:27 366854336 324980096     0 1187180544 1137069184     0    76648448     0
13:29:32 366854336 324986176     0 1187196928 1137081216     0    76648448     0
13:29:37 366854336 324989760     0 1187196928 1137081216     0    76648448     0
13:29:42 366854336 324966880     0 1187180544 1137070976     0    76648448     0
13:29:47 366854336 324972256     0 1187201024 1137070976     0    76648448     0
13:29:52 366854336 324978528     0 1187217408 1137082752     0    76648448     0
13:29:57 366858432 324999392     0 1187217408 1137140864     0    76648448     0
13:30:02 366858432 325017120     0 1187205120 1137111808     0    76648448     0
13:30:07 366858432 324993920     0 1187201024 1137075072     0    76648448     0
13:30:12 366858432 324977856     0 1187217408 1137098112     0    76648448     0
13:30:17 366858432 324982688     0 1187217408 1137097344     0    76648448     0
13:30:22 366858432 324985632     0 1187201024 1137085568     0    76648448     0
13:30:27 366858432 324989344     0 1187201024 1137085568     0    76648448     0
13:30:32 366858432 324995776     0 1187217408 1137095808     0    76648448     0
13:30:37 366858432 325010752     0 1187217408 1137149568     0    76648448     0
13:30:42 366858432 325086464     0 1187225600 1137158784     0    76648448     0
13:30:47 366858432 324981472     0 1187201024 1137084032     0    76648448     0
13:30:52 366858432 324987904     0 1187217408 1137097344     0    76648448     0
13:30:57 366858432 324991936     0 1187217408 1137095808     0    76648448     0
13:31:02 366858432 324999040     0 1187201024 1137087744     0    76648448     0
13:31:07 366858432 325000608     0 1187201024 1137089664     0    76648448     0
13:31:12 366858432 324980832     0 1187217408 1137101440     0    76648448     0
13:31:17 366858432 324998176     0 1187217408 1137283456     0    76648448     0
13:31:22 366858432 323371680     0 1186906112 1137004288     0    76648448     0
13:31:27 366858432 323377856     0 1186902016 1136968960     0    76648448     0
13:31:32 366858432 322820320     0 1186762752 1136919168     0    76648448     0
13:31:37 366858432 322822176     0 1186738176 1136887424     0    76648448     0
13:31:42 366858432 322774144     0 1186750464 1136905984     0    76648448     0
13:31:47 366858432 322779232     0 1186750464 1136910080     0    76648448     0
13:31:52 366858432 322785568     0 1186766848 1136920192     0    76648448     0
13:31:57 366858432 322789152     0 1186766848 1136921856     0    76648448     0
13:32:02 366858432 322792224     0 1186750464 1136908416     0    76648448     0
13:32:08 366858432 322872640     0 1186766848 1136953472     0    76648448     0
13:32:13 366858432 322782240     0 1186766848 1137190400     0    76648448     0
13:32:18 366858432 320380864     0 1186344960 1137009664     0    76648448     0
13:32:23 366858432 320382976     0 1186328576 1136990976     0    76648448     0
13:32:28 366858432 320402368     0 1186336768 1137015808     0    76648448     0
13:32:33 366858432 319851168     0 1186230272 1136982528     0    76648448     0
13:32:38 366858432 319854752     0 1186230272 1136985088     0    76648448     0
13:32:43 366858432 319811584     0 1186357248 1137059840     0    76648448     0
13:32:48 366858432 319782112     0 1186320384 1136996864     0    76648448     0
13:32:53 366858432 319811040     0 1186373632 1137017856     0    76648448     0
13:32:58 366858432 319814496     0 1186373632 1137017856     0    76648448     0
13:33:03 366858432 319816352     0 1186357248 1137007232     0    76648448     0
13:33:08 366858432 319820512     0 1186357248 1137007616     0    76648448     0
13:33:13 366858432 319801760     0 1186373632 1137019392     0    76648448     0
13:33:18 366858432 319806592     0 1186373632 1137017856     0    76648448     0
13:33:23 366858432 319809664     0 1186357248 1137010176     0    76648448     0
13:33:28 366858432 319824608     0 1186357248 1137063936     0    76648448     0
13:33:33 366858432 319930080     0 1186398208 1137096576     0    76648448     0
13:33:38 366858432 319822848     0 1186373632 1137023488     0    76648448     0
13:33:43 366858432 319800416     0 1186357248 1137011712     0    76648448     0
13:33:48 366858432 319805120     0 1186357248 1137014272     0    76648448     0
13:33:53 366858432 319811392     0 1186373632 1137026048     0    76648448     0
13:33:58 366858432 319814976     0 1186373632 1137027584     0    76648448     0
13:34:03 366858432 319817344     0 1186357248 1137015424     0    76648448     0
13:34:08 366858432 319821504     0 1186357248 1137015808     0    76648448     0
13:34:13 366858432 319813568     0 1186373632 1137083904     0    76648448     0
13:34:18 366858432 319883776     0 1186414592 1137072640     0    76648448     0
13:34:23 366858432 319809888     0 1186381824 1137019904     0    76648448     0
13:34:28 366858432 319813472     0 1186381824 1137019904     0    76648448     0
13:34:33 366858432 319819744     0 1186398208 1137033728     0    76648448     0
13:34:38 366858432 319823328     0 1186398208 1137032192     0    76648448     0
13:34:43 366858432 319800832     0 1186381824 1137024000     0    76648448     0
13:34:48 366858432 319805536     0 1186381824 1137022464     0    76648448     0
13:34:53 366858432 319823392     0 1186398208 1137087232     0    76648448     0
13:34:58 366858432 319925504     0 1186422784 1137112960     0    76648448     0
13:35:03 366858432 319817504     0 1186381824 1137026048     0    76648448     0
13:35:08 366858432 319821728     0 1186381824 1137028096     0    76648448     0
13:35:13 366862528 319803104     0 1186402304 1137017728     0    76648448     0
13:35:18 366862528 319807904     0 1186402304 1137016192     0    76648448     0
13:35:23 366862528 319810848     0 1186385920 1137004416     0    76648448     0
13:35:28 366862528 319814432     0 1186385920 1137004416     0    76648448     0
13:35:33 366862528 319820704     0 1186402304 1137016192     0    76648448     0
13:35:38 366862528 319839168     0 1186406400 1137176448     0    76648448     0
13:35:43 366862528 319836544     0 1186394112 1137034368     0    76648448     0
13:35:48 366862528 319805792     0 1186385920 1137010048     0    76648448     0
13:35:53 366862528 319812064     0 1186402304 1137020288     0    76648448     0
13:35:58 366862528 319817056     0 1186426880 1137045120     0    76648448     0
13:36:03 366862528 319818880     0 1186410496 1137032960     0    76648448     0
13:36:08 366862528 319821760     0 1186410496 1137045632     0    76648448     0
13:36:13 366862528 319805632     0 1186426880 1137053696     0    76648448     0
13:36:18 366862528 319809312     0 1186426880 1137055232     0    76648448     0
13:36:23 366862528 319893440     0 1186426880 1137126400     0    76648448     0
13:36:28 366862528 319815584     0 1186410496 1137043456     0    76648448     0
13:36:33 366862528 319821856     0 1186426880 1137053696     0    76648448     0
13:36:38 366862528 319823648     0 1186426880 1137061504     0    76648448     0
13:36:43 366862528 319804096     0 1186410496 1137046016     0    76648448     0
13:36:48 366862528 319807680     0 1186410496 1137047552     0    76648448     0
13:36:53 366862528 319813952     0 1186426880 1137059328     0    76648448     0
13:36:58 366862528 319817536     0 1186426880 1137059328     0    76648448     0
13:37:03 366862528 319828096     0 1186410496 1137083264     0    76648448     0
13:37:08 366862528 319932736     0 1186435072 1137121280     0    76648448     0
13:37:13 366862528 319806208     0 1186426880 1137057792     0    76648448     0
13:37:18 366862528 319809792     0 1186426880 1137059328     0    76648448     0
13:37:23 366862528 319812736     0 1186410496 1137050112     0    76648448     0
13:37:28 366862528 319826304     0 1186430976 1137506560     0    76648448     0
13:37:33 366862528 319806272     0 1186443264 1137357056     0    76648448     0
13:37:38 366862528 319809216     0 1186426880 1137345280     0    76648448     0
13:37:43 366862528 319812800     0 1186426880 1137346816     0    76648448     0
13:37:48 366862528 319830464     0 1186443264 1137409280     0    76648448     0
13:37:53 366862528 319899040     0 1186459648 1137404544     0    76648448     0
13:37:58 366862528 319823968     0 1186426880 1137340800     0    76648448     0
13:38:03 366862528 319804480     0 1186426880 1137336704     0    76648448     0
13:38:08 366862528 319811456     0 1186443264 1137350400     0    76648448     0
13:38:13 366862528 319816192     0 1186443264 1137480448     0    76648448     0
13:38:18 366862528 319819136     0 1186426880 1137468672     0    76648448     0
13:38:23 366862528 319822720     0 1186426880 1137468672     0    76648448     0
13:38:28 366862528 319841728     0 1186447360 1137557504     0    76648448     0
13:38:33 366862528 319921088     0 1186471936 1137575424     0    76648448     0
13:38:38 366862528 319813504     0 1186430976 1137493632     0    76648448     0
13:38:43 366862528 319816768     0 1186430976 1137491328     0    76648448     0
13:38:48 366862528 319823040     0 1186447360 1137503104     0    76648448     0
13:38:53 366862528 319826624     0 1186447360 1137505152     0    76648448     0
13:38:58 366862528 319828352     0 1186430976 1137495552     0    76648448     0
13:39:03 366862528 319808384     0 1186430976 1137493376     0    76648448     0
13:39:08 366862528 319815296     0 1186447360 1137505152     0    76648448     0
13:39:13 366862528 319830272     0 1186447360 1137557376     0    76648448     0
13:39:18 366862528 319793312     0 1186394112 1137453184     0    76648448     0
13:39:23 366862528 319825472     0 1186430976 1137495680     0    76648448     0
13:39:28 366862528 319832480     0 1186594816 1137532416     0    76648448     0
13:39:33 366862528 319813184     0 1186594816 1137528576     0    76648448     0
13:39:38 366862528 319816128     0 1186578432 1137518464     0    76648448     0
13:39:43 366862528 319819712     0 1186578432 1137518464     0    76648448     0
13:39:48 366862528 319825984     0 1186594816 1137530240     0    76648448     0
13:39:53 366862528 319829568     0 1186594816 1137530240     0    76648448     0
13:39:58 366862528 319817344     0 1186578432 1137574784     0    76648448     0
13:40:03 366862528 319889856     0 1186594816 1137563520     0    76648448     0
13:40:08 366862528 319818368     0 1186594816 1137536640     0    76648448     0
13:40:13 366862528 319821600     0 1186594816 1137534336     0    76648448     0
13:40:18 366862528 319824544     0 1186578432 1137522560     0    76648448     0
13:40:24 366862528 319828128     0 1186578432 1137522560     0    76648448     0
13:40:29 366862528 319807328     0 1186611200 1137550720     0    76648448     0
13:40:34 366862528 319813600     0 1186611200 1137550720     0    76648448     0
13:40:39 366862528 319827904     0 1186594816 1137591168     0    76648448     0
13:40:44 366862528 319930816     0 1186619392 1137610496     0    76648448     0
13:40:49 366862528 319826144     0 1186611200 1137549056     0    76648448     0
13:40:54 366862528 319829760     0 1186611200 1137549056     0    76648448     0
13:40:59 366862528 319806144     0 1186594816 1137537280     0    76648448     0
13:41:04 366862528 319811392     0 1186594816 1137538560     0    76648448     0
13:41:09 366862528 319818240     0 1186611200 1137550720     0    76648448     0
13:41:14 366862528 319821824     0 1186611200 1137549056     0    76648448     0
13:41:19 366862528 319824768     0 1186594816 1137538944     0    76648448     0
13:41:24 366862528 319839936     0 1186594816 1137590400     0    76648448     0
13:41:29 366862528 319884224     0 1186627584 1137590016     0    76648448     0
13:41:34 366862528 319813568     0 1186611200 1137550720     0    76648448     0
13:41:39 366862528 319816512     0 1186594816 1137537280     0    76648448     0
13:41:44 366862528 319820224     0 1186594816 1137537280     0    76648448     0
13:41:49 366862528 319826496     0 1186611200 1137549056     0    76648448     0
13:41:54 366862528 319830144     0 1186611200 1137550720     0    76648448     0
13:41:59 366862528 319806080     0 1186594816 1137537280     0    76648448     0
13:42:04 366862528 319812448     0 1186594816 1137537280     0    76648448     0
13:42:09 366862528 319932192     0 1186635776 1137622272     0    76648448     0
13:42:14 366862528 319822048     0 1186611200 1137553152     0    76648448     0
13:42:19 366862528 319824736     0 1186594816 1137543040     0    76648448     0
13:42:24 366862528 319828320     0 1186594816 1137543040     0    76648448     0
