
SunOS canfire03 5.11 onnv-gate i86pc    07/12/2009

10:25:49  pgout/s ppgout/s pgfree/s pgscan/s %ufs_ipf
10:25:54     0.00     0.00     0.00     0.00     0.00
10:25:59     0.00     0.00     0.00     0.00     0.00
10:26:04     0.00     0.00     0.00     0.00     0.00
10:26:09     0.00     0.00     0.00     0.00     0.00
10:26:14     0.00     0.00     0.00     0.00     0.00
10:26:19     0.00     0.00     0.00     0.00     0.00
10:26:24     0.00     0.00     0.00     0.00     0.00
10:26:29     0.00     0.00     0.00     0.00     0.00
10:26:34     0.00     0.00     0.00     0.00     0.00
10:26:39     0.00     0.00     0.00     0.00     0.00
10:26:44     0.00     0.00     0.00     0.00     0.00
10:26:49     0.00     0.00     0.00     0.00     0.00
10:26:54     0.00     0.00     0.00     0.00     0.00
10:26:59     0.00     0.00     0.00     0.00     0.00
10:27:04     0.00     0.00     0.00     0.00     0.00
10:27:09     0.00     0.00     0.00     0.00     0.00
10:27:14     0.00     0.00     0.00     0.00     0.00
10:27:19     0.00     0.00     0.00     0.00     0.00
10:27:24     0.00     0.00     0.00     0.00     0.00
10:27:29     0.00     0.00     0.00     0.00     0.00
10:27:34     0.00     0.00     0.00     0.00     0.00
10:27:39     0.00     0.00     0.00     0.00     0.00
10:27:44     0.00     0.00     0.00     0.00     0.00
10:27:49     0.00     0.00     0.00     0.00     0.00
10:27:54     0.00     0.00     0.00     0.00     0.00
10:27:59     0.00     0.00     0.00     0.00     0.00
10:28:04     0.00     0.00     0.00     0.00     0.00
10:28:09     0.00     0.00     0.00     0.00     0.00
10:28:14     0.00     0.00     0.00     0.00     0.00
10:28:19     0.00     0.00     0.00     0.00     0.00
10:28:24     0.00     0.00     0.00     0.00     0.00
10:28:29     0.00     0.00     0.00     0.00     0.00
10:28:34     0.00     0.00     0.00     0.00     0.00
10:28:39     0.00     0.00     0.00     0.00     0.00
10:28:44     0.00     0.00     0.00     0.00     0.00
10:28:49     0.00     0.00     0.00     0.00     0.00
10:28:54     0.00     0.00     0.00     0.00     0.00
10:28:59     0.00     0.00     0.00     0.00     0.00
10:29:04     0.00     0.00     0.00     0.00     0.00
10:29:09     0.00     0.00     0.00     0.00     0.00
10:29:14     0.00     0.00     0.00     0.00     0.00
10:29:19     0.00     0.00     0.00     0.00     0.00
10:29:24     0.00     0.00     0.00     0.00     0.00
10:29:29     0.00     0.00     0.00     0.00     0.00
10:29:34     0.00     0.00     0.00     0.00     0.00
10:29:39     0.00     0.00     0.00     0.00     0.00
10:29:44     0.00     0.00     0.00     0.00     0.00
10:29:49     0.00     0.00     0.00     0.00     0.00
10:29:54     0.00     0.00     0.00     0.00     0.00
10:29:59     0.00     0.00     0.00     0.00     0.00
10:30:04     0.00     0.00     0.00     0.00     0.00
10:30:09     0.00     0.00     0.00     0.00     0.00
10:30:14     0.00     0.00     0.00     0.00     0.00
10:30:19     0.00     0.00     0.00     0.00     0.00
10:30:24     0.00     0.00     0.00     0.00     0.00
10:30:29     0.00     0.00     0.00     0.00     0.00
10:30:34     0.00     0.00     0.00     0.00     0.00
10:30:39     0.00     0.00     0.00     0.00     0.00
10:30:44     0.00     0.00     0.00     0.00     0.00
10:30:49     0.00     0.00     0.00     0.00     0.00
10:30:54     0.00     0.00     0.00     0.00     0.00
10:30:59     0.00     0.00     0.00     0.00     0.00
10:31:04     0.00     0.00     0.00     0.00     0.00
10:31:09     0.00     0.00     0.00     0.00     0.00
10:31:14     0.00     0.00     0.00     0.00     0.00
10:31:19     0.00     0.00     0.00     0.00     0.00
10:31:24     0.00     0.00     0.00     0.00     0.00
10:31:29     0.00     0.00     0.00     0.00     0.00
10:31:34     0.00     0.00     0.00     0.00     0.00
10:31:39     0.00     0.00     0.00     0.00     0.00
10:31:44     0.00     0.00     0.00     0.00     0.00
10:31:49     0.00     0.00     0.00     0.00     0.00
10:31:54     0.00     0.00     0.00     0.00     0.00
10:31:59     0.00     0.00     0.00     0.00     0.00
10:32:04     0.00     0.00     0.00     0.00     0.00
10:32:09     0.00     0.00     0.00     0.00     0.00
10:32:14     0.00     0.00     0.00     0.00     0.00
10:32:19     0.00     0.00     0.00     0.00     0.00
10:32:24     0.00     0.00     0.00     0.00     0.00
10:32:29     0.00     0.00     0.00     0.00     0.00
10:32:34     0.00     0.00     0.00     0.00     0.00
10:32:39     0.00     0.00     0.00     0.00     0.00
10:32:44     0.00     0.00     0.00     0.00     0.00
10:32:49     0.00     0.00     0.00     0.00     0.00
10:32:54     0.00     0.00     0.00     0.00     0.00
10:32:59     0.00     0.00     0.00     0.00     0.00
10:33:04     0.00     0.00     0.00     0.00     0.00
10:33:09     0.00     0.00     0.00     0.00     0.00
10:33:14     0.00     0.00     0.00     0.00     0.00
10:33:20     0.00     0.00     0.00     0.00     0.00
10:33:25     0.00     0.00     0.00     0.00     0.00
10:33:30     0.00     0.00     0.00     0.00     0.00
10:33:35     0.00     0.00     0.00     0.00     0.00
10:33:40     0.00     0.00     0.00     0.00     0.00
10:33:45     0.00     0.00     0.00     0.00     0.00
10:33:50     0.00     0.00     0.00     0.00     0.00
10:33:55     0.00     0.00     0.00     0.00     0.00
10:34:00     0.00     0.00     0.00     0.00     0.00
10:34:05     0.00     0.00     0.00     0.00     0.00
10:34:10     0.00     0.00     0.00     0.00     0.00
10:34:15     0.00     0.00     0.00     0.00     0.00
10:34:20     0.00     0.00     0.00     0.00     0.00
10:34:25     0.00     0.00     0.00     0.00     0.00
10:34:30     0.00     0.00     0.00     0.00     0.00
10:34:35     0.00     0.00     0.00     0.00     0.00
10:34:40     0.00     0.00     0.00     0.00     0.00
10:34:45     0.00     0.00     0.00     0.00     0.00
10:34:50     0.00     0.00     0.00     0.00     0.00
10:34:55     0.00     0.00     0.00     0.00     0.00
10:35:00     0.00     0.00     0.00     0.00     0.00
10:35:05     0.00     0.00     0.00     0.00     0.00
10:35:10     0.00     0.00     0.00     0.00     0.00
10:35:15     0.00     0.00     0.00     0.00     0.00
10:35:20     0.00     0.00     0.00     0.00     0.00
10:35:25     0.00     0.00     0.00     0.00     0.00
10:35:30     0.00     0.00     0.00     0.00     0.00
10:35:35     0.00     0.00     0.00     0.00     0.00
10:35:40     0.00     0.00     0.00     0.00     0.00
10:35:45     0.00     0.00     0.00     0.00     0.00
10:35:50     0.00     0.00     0.00     0.00     0.00
10:35:55     0.00     0.00     0.00     0.00     0.00
10:36:00     0.00     0.00     0.00     0.00     0.00
10:36:05     0.00     0.00     0.00     0.00     0.00
10:36:10     0.00     0.00     0.00     0.00     0.00
10:36:15     0.00     0.00     0.00     0.00     0.00
10:36:20     0.00     0.00     0.00     0.00     0.00
10:36:25     0.00     0.00     0.00     0.00     0.00
10:36:30     0.00     0.00     0.00     0.00     0.00
10:36:35     0.00     0.00     0.00     0.00     0.00
10:36:40     0.00     0.00     0.00     0.00     0.00
10:36:45     0.00     0.00     0.00     0.00     0.00
10:36:50     0.00     0.00     0.00     0.00     0.00
10:36:55     0.00     0.00     0.00     0.00     0.00
10:37:00     0.00     0.00     0.00     0.00     0.00
10:37:05     0.00     0.00     0.00     0.00     0.00
10:37:10     0.00     0.00     0.00     0.00     0.00
10:37:15     0.00     0.00     0.00     0.00     0.00
10:37:20     0.00     0.00     0.00     0.00     0.00
10:37:25     0.00     0.00     0.00     0.00     0.00
10:37:30     0.00     0.00     0.00     0.00     0.00
10:37:35     0.00     0.00     0.00     0.00     0.00
10:37:40     0.00     0.00     0.00     0.00     0.00
10:37:45     0.00     0.00     0.00     0.00     0.00
10:37:50     0.00     0.00     0.00     0.00     0.00
10:37:55     0.00     0.00     0.00     0.00     0.00
10:38:00     0.00     0.00     0.00     0.00     0.00
10:38:05     0.00     0.00     0.00     0.00     0.00
10:38:10     0.00     0.00     0.00     0.00     0.00
10:38:15     0.00     0.00     0.00     0.00     0.00
10:38:20     0.00     0.00     0.00     0.00     0.00
10:38:25     0.00     0.00     0.00     0.00     0.00
10:38:30     0.00     0.00     0.00     0.00     0.00
10:38:35     0.00     0.00     0.00     0.00     0.00
10:38:40     0.00     0.00     0.00     0.00     0.00
10:38:45     0.00     0.00     0.00     0.00     0.00
10:38:50     0.00     0.00     0.00     0.00     0.00
10:38:55     0.00     0.00     0.00     0.00     0.00
10:39:00     0.00     0.00     0.00     0.00     0.00
10:39:05     0.00     0.00     0.00     0.00     0.00
10:39:10     0.00     0.00     0.00     0.00     0.00
10:39:15     0.00     0.00     0.00     0.00     0.00
10:39:20     0.00     0.00     0.00     0.00     0.00
10:39:25     0.00     0.00     0.00     0.00     0.00
10:39:30     0.00     0.00     0.00     0.00     0.00
10:39:35     0.00     0.00     0.00     0.00     0.00
10:39:40     0.00     0.00     0.00     0.00     0.00
10:39:45     0.00     0.00     0.00     0.00     0.00
10:39:50     0.00     0.00     0.00     0.00     0.00
10:39:55     0.00     0.00     0.00     0.00     0.00
10:40:00     0.00     0.00     0.00     0.00     0.00
10:40:05     0.00     0.00     0.00     0.00     0.00
10:40:10     0.00     0.00     0.00     0.00     0.00
10:40:15     0.00     0.00     0.00     0.00     0.00
10:40:20     0.00     0.00     0.00     0.00     0.00
10:40:25     0.00     0.00     0.00     0.00     0.00
10:40:30     0.00     0.00     0.00     0.00     0.00
10:40:35     0.00     0.00     0.00     0.00     0.00
10:40:40     0.00     0.00     0.00     0.00     0.00
10:40:45     0.00     0.00     0.00     0.00     0.00
10:40:50     0.00     0.00     0.00     0.00     0.00
10:40:55     0.00     0.00     0.00     0.00     0.00
10:41:00     0.00     0.00     0.00     0.00     0.00
10:41:05     0.00     0.00     0.00     0.00     0.00
10:41:10     0.00     0.00     0.00     0.00     0.00
10:41:15     0.00     0.00     0.00     0.00     0.00
10:41:20     0.00     0.00     0.00     0.00     0.00
10:41:25     0.00     0.00     0.00     0.00     0.00
10:41:30     0.00     0.00     0.00     0.00     0.00
10:41:35     0.00     0.00     0.00     0.00     0.00
10:41:41     0.00     0.00     0.00     0.00     0.00
10:41:46     0.00     0.00     0.00     0.00     0.00
10:41:51     0.00     0.00     0.00     0.00     0.00
10:41:56     0.00     0.00     0.00     0.00     0.00
10:42:01     0.00     0.00     0.00     0.00     0.00
10:42:06     0.00     0.00     0.00     0.00     0.00
10:42:11     0.00     0.00     0.00     0.00     0.00
10:42:16     0.00     0.00     0.00     0.00     0.00
10:42:21     0.00     0.00     0.00     0.00     0.00
10:42:26     0.00     0.00     0.00     0.00     0.00
10:42:31     0.00     0.00     0.00     0.00     0.00
10:42:36     0.00     0.00     0.00     0.00     0.00
10:42:41     0.00     0.00     0.00     0.00     0.00
10:42:46     0.00     0.00     0.00     0.00     0.00
10:42:51     0.00     0.00     0.00     0.00     0.00
10:42:56     0.00     0.00     0.00     0.00     0.00
10:43:01     0.00     0.00     0.00     0.00     0.00
10:43:06     0.00     0.00     0.00     0.00     0.00
10:43:11     0.00     0.00     0.00     0.00     0.00
10:43:16     0.00     0.00     0.00     0.00     0.00
10:43:21     0.00     0.00     0.00     0.00     0.00
10:43:26     0.00     0.00     0.00     0.00     0.00
10:43:31     0.00     0.00     0.00     0.00     0.00
10:43:36     0.00     0.00     0.00     0.00     0.00
10:43:41     0.00     0.00     0.00     0.00     0.00
10:43:46     0.00     0.00     0.00     0.00     0.00
10:43:51     0.00     0.00     0.00     0.00     0.00
10:43:56     0.00     0.00     0.00     0.00     0.00
10:44:01     0.00     0.00     0.00     0.00     0.00
10:44:06     0.00     0.00     0.00     0.00     0.00
10:44:11     0.00     0.00     0.00     0.00     0.00
10:44:16     0.00     0.00     0.00     0.00     0.00
10:44:21     0.00     0.00     0.00     0.00     0.00
10:44:26     0.00     0.00     0.00     0.00     0.00
10:44:31     0.00     0.00     0.00     0.00     0.00
10:44:36     0.00     0.00     0.00     0.00     0.00
10:44:41     0.00     0.00     0.00     0.00     0.00
10:44:46     0.00     0.00     0.00     0.00     0.00
10:44:51     0.00     0.00     0.00     0.00     0.00
10:44:56     0.00     0.00     0.00     0.00     0.00
10:45:01     0.00     0.00     0.00     0.00     0.00
10:45:06     0.00     0.00     0.00     0.00     0.00
10:45:11     0.00     0.00     0.00     0.00     0.00
10:45:16     0.00     0.00     0.00     0.00     0.00
10:45:21     0.00     0.00     0.00     0.00     0.00
10:45:26     0.00     0.00     0.00     0.00     0.00
10:45:31     0.00     0.00     0.00     0.00     0.00
10:45:36     0.00     0.00     0.00     0.00     0.00
10:45:41     0.00     0.00     0.00     0.00     0.00
10:45:46     0.00     0.00     0.00     0.00     0.00
10:45:51     0.00     0.00     0.00     0.00     0.00
10:45:56     0.00     0.00     0.00     0.00     0.00
10:46:01     0.00     0.00     0.00     0.00     0.00
10:46:06     0.00     0.00     0.00     0.00     0.00
10:46:11     0.00     0.00     0.00     0.00     0.00
10:46:16     0.00     0.00     0.00     0.00     0.00
10:46:21     0.00     0.00     0.00     0.00     0.00
10:46:26     0.00     0.00     0.00     0.00     0.00
10:46:31     0.00     0.00     0.00     0.00     0.00
10:46:36     0.00     0.00     0.00     0.00     0.00
10:46:41     0.00     0.00     0.00     0.00     0.00
10:46:46     0.00     0.00     0.00     0.00     0.00
10:46:51     0.00     0.00     0.00     0.00     0.00
10:46:56     0.00     0.00     0.00     0.00     0.00
10:47:01     0.00     0.00     0.00     0.00     0.00
10:47:06     0.00     0.00     0.00     0.00     0.00
10:47:11     0.00     0.00     0.00     0.00     0.00
10:47:16     0.00     0.00     0.00     0.00     0.00
10:47:21     0.00     0.00     0.00     0.00     0.00
10:47:26     0.00     0.00     0.00     0.00     0.00
10:47:31     0.00     0.00     0.00     0.00     0.00
10:47:36     0.00     0.00     0.00     0.00     0.00
10:47:41     0.00     0.00     0.00     0.00     0.00
10:47:46     0.00     0.00     0.00     0.00     0.00
10:47:51     0.00     0.00     0.00     0.00     0.00
10:47:56     0.00     0.00     0.00     0.00     0.00
10:48:01     0.00     0.00     0.00     0.00     0.00
10:48:06     0.00     0.00     0.00     0.00     0.00
10:48:11     0.00     0.00     0.00     0.00     0.00
10:48:16     0.00     0.00     0.00     0.00     0.00
10:48:21     0.00     0.00     0.00     0.00     0.00
10:48:26     0.00     0.00     0.00     0.00     0.00
10:48:31     0.00     0.00     0.00     0.00     0.00
10:48:36     0.00     0.00     0.00     0.00     0.00
10:48:41     0.00     0.00     0.00     0.00     0.00
10:48:46     0.00     0.00     0.00     0.00     0.00
10:48:51     0.00     0.00     0.00     0.00     0.00
10:48:56     0.00     0.00     0.00     0.00     0.00
10:49:01     0.00     0.00     0.00     0.00     0.00
10:49:06     0.00     0.00     0.00     0.00     0.00
10:49:11     0.00     0.00     0.00     0.00     0.00
10:49:16     0.00     0.00     0.00     0.00     0.00
10:49:21     0.00     0.00     0.00     0.00     0.00
10:49:26     0.00     0.00     0.00     0.00     0.00
10:49:31     0.00     0.00     0.00     0.00     0.00
10:49:36     0.00     0.00     0.00     0.00     0.00
10:49:41     0.00     0.00     0.00     0.00     0.00
10:49:46     0.00     0.00     0.00     0.00     0.00
10:49:51     0.00     0.00     0.00     0.00     0.00
10:49:56     0.00     0.00     0.00     0.00     0.00
10:50:02     0.00     0.00     0.00     0.00     0.00
10:50:07     0.00     0.00     0.00     0.00     0.00
10:50:12     0.00     0.00     0.00     0.00     0.00
10:50:17     0.00     0.00     0.00     0.00     0.00
10:50:22     0.00     0.00     0.00     0.00     0.00
10:50:27     0.00     0.00     0.00     0.00     0.00
10:50:32     0.00     0.00     0.00     0.00     0.00
10:50:37     0.00     0.00     0.00     0.00     0.00
10:50:42     0.00     0.00     0.00     0.00     0.00
10:50:47     0.00     0.00     0.00     0.00     0.00
10:50:52     0.00     0.00     0.00     0.00     0.00
10:50:57     0.00     0.00     0.00     0.00     0.00
10:51:02     0.00     0.00     0.00     0.00     0.00
10:51:07     0.00     0.00     0.00     0.00     0.00
10:51:12     0.00     0.00     0.00     0.00     0.00
10:51:17     0.00     0.00     0.00     0.00     0.00
10:51:22     0.00     0.00     0.00     0.00     0.00
10:51:27     0.00     0.00     0.00     0.00     0.00
10:51:32     0.00     0.00     0.00     0.00     0.00
10:51:37     0.00     0.00     0.00     0.00     0.00
10:51:42     0.00     0.00     0.00     0.00     0.00
10:51:47     0.00     0.00     0.00     0.00     0.00
10:51:52     0.00     0.00     0.00     0.00     0.00
10:51:57     0.00     0.00     0.00     0.00     0.00
10:52:02     0.00     0.00     0.00     0.00     0.00
10:52:07     0.00     0.00     0.00     0.00     0.00
10:52:12     0.00     0.00     0.00     0.00     0.00
10:52:17     0.00     0.00     0.00     0.00     0.00
10:52:22     0.00     0.00     0.00     0.00     0.00
10:52:27     0.00     0.00     0.00     0.00     0.00
10:52:32     0.00     0.00     0.00     0.00     0.00
10:52:37     0.00     0.00     0.00     0.00     0.00
10:52:42     0.00     0.00     0.00     0.00     0.00
10:52:47     0.00     0.00     0.00     0.00     0.00
10:52:52     0.00     0.00     0.00     0.00     0.00
10:52:57     0.00     0.00     0.00     0.00     0.00
10:53:02     0.00     0.00     0.00     0.00     0.00
10:53:07     0.00     0.00     0.00     0.00     0.00
10:53:12     0.00     0.00     0.00     0.00     0.00
10:53:17     0.00     0.00     0.00     0.00     0.00
10:53:22     0.00     0.00     0.00     0.00     0.00
10:53:27     0.00     0.00     0.00     0.00     0.00
10:53:32     0.00     0.00     0.00     0.00     0.00
10:53:37     0.00     0.00     0.00     0.00     0.00
10:53:42     0.00     0.00     0.00     0.00     0.00
10:53:47     0.00     0.00     0.00     0.00     0.00
10:53:52     0.00     0.00     0.00     0.00     0.00
10:53:57     0.00     0.00     0.00     0.00     0.00
10:54:02     0.00     0.00     0.00     0.00     0.00
10:54:07     0.00     0.00     0.00     0.00     0.00
10:54:12     0.00     0.00     0.00     0.00     0.00
10:54:17     0.00     0.00     0.00     0.00     0.00
10:54:22     0.00     0.00     0.00     0.00     0.00
10:54:27     0.00     0.00     0.00     0.00     0.00
10:54:32     0.00     0.00     0.00     0.00     0.00
10:54:37     0.00     0.00     0.00     0.00     0.00
10:54:42     0.00     0.00     0.00     0.00     0.00
10:54:47     0.00     0.00     0.00     0.00     0.00
10:54:52     0.00     0.00     0.00     0.00     0.00
10:54:57     0.00     0.00     0.00     0.00     0.00
10:55:02     0.00     0.00     0.00     0.00     0.00
10:55:07     0.00     0.00     0.00     0.00     0.00
10:55:12     0.00     0.00     0.00     0.00     0.00
10:55:17     0.00     0.00     0.00     0.00     0.00
10:55:22     0.00     0.00     0.00     0.00     0.00
10:55:27     0.00     0.00     0.00     0.00     0.00
10:55:32     0.00     0.00     0.00     0.00     0.00
10:55:37     0.00     0.00     0.00     0.00     0.00
10:55:42     0.00     0.00     0.00     0.00     0.00
10:55:47     0.00     0.00     0.00     0.00     0.00
10:55:52     0.00     0.00     0.00     0.00     0.00
10:55:57     0.00     0.00     0.00     0.00     0.00
10:56:02     0.00     0.00     0.00     0.00     0.00
10:56:07     0.00     0.00     0.00     0.00     0.00
10:56:12     0.00     0.00     0.00     0.00     0.00
10:56:17     0.00     0.00     0.00     0.00     0.00
10:56:22     0.00     0.00     0.00     0.00     0.00
10:56:27     0.00     0.00     0.00     0.00     0.00
10:56:32     0.00     0.00     0.00     0.00     0.00
10:56:37     0.00     0.00     0.00     0.00     0.00
10:56:42     0.00     0.00     0.00     0.00     0.00
10:56:47     0.00     0.00     0.00     0.00     0.00
10:56:52     0.00     0.00     0.00     0.00     0.00
10:56:57     0.00     0.00     0.00     0.00     0.00
10:57:02     0.00     0.00     0.00     0.00     0.00
10:57:07     0.00     0.00     0.00     0.00     0.00
10:57:12     0.00     0.00     0.00     0.00     0.00
10:57:17     0.00     0.00     0.00     0.00     0.00
10:57:22     0.00     0.00     0.00     0.00     0.00
10:57:27     0.00     0.00     0.00     0.00     0.00
10:57:32     0.00     0.00     0.00     0.00     0.00
10:57:37     0.00     0.00     0.00     0.00     0.00
10:57:42     0.00     0.00     0.00     0.00     0.00
10:57:47     0.00     0.00     0.00     0.00     0.00
10:57:52     0.00     0.00     0.00     0.00     0.00
10:57:57     0.00     0.00     0.00     0.00     0.00
10:58:02     0.00     0.00     0.00     0.00     0.00
10:58:07     0.00     0.00     0.00     0.00     0.00
10:58:12     0.00     0.00     0.00     0.00     0.00
10:58:17     0.00     0.00     0.00     0.00     0.00
10:58:23     0.00     0.00     0.00     0.00     0.00
10:58:28     0.00     0.00     0.00     0.00     0.00
10:58:33     0.00     0.00     0.00     0.00     0.00
10:58:38     0.00     0.00     0.00     0.00     0.00
10:58:43     0.00     0.00     0.00     0.00     0.00
10:58:48     0.00     0.00     0.00     0.00     0.00
10:58:53     0.00     0.00     0.00     0.00     0.00
10:58:58     0.00     0.00     0.00     0.00     0.00
10:59:03     0.00     0.00     0.00     0.00     0.00
10:59:08     0.00     0.00     0.00     0.00     0.00
10:59:13     0.00     0.00     0.00     0.00     0.00
10:59:18     0.00     0.00     0.00     0.00     0.00
10:59:23     0.00     0.00     0.00     0.00     0.00
10:59:28     0.00     0.00     0.00     0.00     0.00
10:59:33     0.00     0.00     0.00     0.00     0.00
10:59:38     0.00     0.00     0.00     0.00     0.00
10:59:43     0.00     0.00     0.00     0.00     0.00
10:59:48     0.00     0.00     0.00     0.00     0.00
10:59:53     0.00     0.00     0.00     0.00     0.00
10:59:58     0.00     0.00     0.00     0.00     0.00
11:00:03     0.00     0.00     0.00     0.00     0.00
11:00:08     0.00     0.00     0.00     0.00     0.00
11:00:13     0.00     0.00     0.00     0.00     0.00
11:00:18     0.00     0.00     0.00     0.00     0.00
11:00:23     0.00     0.00     0.00     0.00     0.00
11:00:28     0.00     0.00     0.00     0.00     0.00
11:00:33     0.00     0.00     0.00     0.00     0.00
11:00:38     0.00     0.00     0.00     0.00     0.00
11:00:43     0.00     0.00     0.00     0.00     0.00
11:00:48     0.00     0.00     0.00     0.00     0.00
11:00:53     0.00     0.00     0.00     0.00     0.00
11:00:58     0.00     0.00     0.00     0.00     0.00
11:01:03     0.00     0.00     0.00     0.00     0.00
11:01:08     0.00     0.00     0.00     0.00     0.00
11:01:13     0.00     0.00     0.00     0.00     0.00
11:01:18     0.00     0.00     0.00     0.00     0.00
11:01:23     0.00     0.00     0.00     0.00     0.00
11:01:28     0.00     0.00     0.00     0.00     0.00
11:01:33     0.00     0.00     0.00     0.00     0.00
11:01:38     0.00     0.00     0.00     0.00     0.00
11:01:43     0.00     0.00     0.00     0.00     0.00
11:01:48     0.00     0.00     0.00     0.00     0.00
11:01:53     0.00     0.00     0.00     0.00     0.00
11:01:58     0.00     0.00     0.00     0.00     0.00
11:02:03     0.00     0.00     0.00     0.00     0.00
11:02:08     0.00     0.00     0.00     0.00     0.00
11:02:13     0.00     0.00     0.00     0.00     0.00
11:02:18     0.00     0.00     0.00     0.00     0.00
11:02:23     0.00     0.00     0.00     0.00     0.00
11:02:28     0.00     0.00     0.00     0.00     0.00
11:02:33     0.00     0.00     0.00     0.00     0.00
11:02:38     0.00     0.00     0.00     0.00     0.00
11:02:43     0.00     0.00     0.00     0.00     0.00
11:02:48     0.00     0.00     0.00     0.00     0.00
11:02:53     0.00     0.00     0.00     0.00     0.00
11:02:58     0.00     0.00     0.00     0.00     0.00
11:03:03     0.00     0.00     0.00     0.00     0.00
11:03:08     0.00     0.00     0.00     0.00     0.00
11:03:13     0.00     0.00     0.00     0.00     0.00
11:03:18     0.00     0.00     0.00     0.00     0.00
11:03:23     0.00     0.00     0.00     0.00     0.00
11:03:28     0.00     0.00     0.00     0.00     0.00
11:03:33     0.00     0.00     0.00     0.00     0.00
11:03:38     0.00     0.00     0.00     0.00     0.00
11:03:43     0.00     0.00     0.00     0.00     0.00
11:03:48     0.00     0.00     0.00     0.00     0.00
11:03:53     0.00     0.00     0.00     0.00     0.00
11:03:58     0.00     0.00     0.00     0.00     0.00
11:04:03     0.00     0.00     0.00     0.00     0.00
11:04:08     0.00     0.00     0.00     0.00     0.00
11:04:13     0.00     0.00     0.00     0.00     0.00
11:04:18     0.00     0.00     0.00     0.00     0.00
11:04:23     0.00     0.00     0.00     0.00     0.00
11:04:28     0.00     0.00     0.00     0.00     0.00
