This is pdfTeXk, Version 3.141592-1.40.3 (Web2C 7.5.6) (format=prv_hpca09 2009.7.27)  27 JUL 2009 20:54
entering extended mode
 %&-line parsing enabled.
**&prv_hpca09 hpca09.tex
(./hpca09.tex
LaTeX2e <2005/12/01>
Babel <v3.8h> and hyphenation patterns for english, usenglishmax, dumylang, noh
yphenation, icelandic, interlingua, turkish, coptic, romanian, welsh, serbian, 
slovenian, estonian, esperanto, uppersorbian, indonesian, loaded.
CUSTOMISED FORMAT. Preloaded files:
        .
 article.cls    2005/09/16 v1.4f Standard LaTeX document class
  size10.clo    2005/09/16 v1.4f Standard LaTeX file (size option)
  latex8.sty    
setspace.sty    2000/12/01 6.7 Contributed and Supported LaTeX2e package
   times.sty    2005/04/12 PSNFSS-v9.2a (SPQR) 
graphicx.sty    1999/02/16 v1.0f Enhanced LaTeX Graphics (DPC,SPQR)
  keyval.sty    1999/03/16 v1.13 key=value parser (DPC)
graphics.sty    2006/02/20 v1.0o Standard LaTeX Graphics (DPC,SPQR)
    trig.sty    1999/03/16 v1.09 sin cos tan (DPC)
graphics.cfg    2007/01/18 v1.5 graphics configuration of teTeX/TeXLive
   dvips.def    1999/02/16 v3.0i Driver-dependant file (DPC,SPQR)
 amsmath.sty    2000/07/18 v2.13 AMS math features
 amstext.sty    2000/06/29 v2.01
  amsgen.sty    1999/11/30 v2.0
  amsbsy.sty    1999/11/29 v1.2d
  amsopn.sty    1999/12/14 v2.01 operator names
  amsthm.sty    2004/08/06 v2.20
algpseudocode.sty    
  ifthen.sty    2001/05/26 v1.1c Standard LaTeX ifthen package (DPC)
algorithmicx.sty    2005/04/27 v1.2 Algorithmicx
  ot1ptm.fd    2001/06/04 font definitions for OT1/ptm.
  ot1pcr.fd    2001/06/04 font definitions for OT1/pcr.
  ot1phv.fd    2001/06/04 scalable font definitions for OT1/phv.
        .

LaTeX Warning: Unused global option(s):
    [times].

(./hpca09.aux)
LaTeX Font Info:    Checking defaults for OML/cmm/m/it on input line 17.
LaTeX Font Info:    ... okay on input line 17.
LaTeX Font Info:    Checking defaults for T1/cmr/m/n on input line 17.
LaTeX Font Info:    ... okay on input line 17.
LaTeX Font Info:    Checking defaults for OT1/cmr/m/n on input line 17.
LaTeX Font Info:    ... okay on input line 17.
LaTeX Font Info:    Checking defaults for OMS/cmsy/m/n on input line 17.
LaTeX Font Info:    ... okay on input line 17.
LaTeX Font Info:    Checking defaults for OMX/cmex/m/n on input line 17.
LaTeX Font Info:    ... okay on input line 17.
LaTeX Font Info:    Checking defaults for U/cmr/m/n on input line 17.
LaTeX Font Info:    ... okay on input line 17.
 (/usr/share/texmf/tex/latex/preview/preview.sty
Package: preview 2006/08/25 11.84 (AUCTeX/preview-latex)

(/usr/share/texmf/tex/latex/preview/prtightpage.def
\PreviewBorder=\dimen114
)
(/usr/share/texmf/tex/latex/preview/prauctex.def
No auxiliary output files.


\hbadness=\count106
\hfuzz=\dimen115
(/usr/share/texmf/tex/latex/preview/prauctex.cfg))
(/usr/share/texmf/tex/latex/preview/prfootnotes.def)
\pr@snippet=\count107
\pr@box=\box28
\pr@output=\toks26

Preview: Fontsize 10pt
)
LaTeX Font Info:    Font shape `OT1/ptm/bx/n' in size <14.4> not available
(Font)              Font shape `OT1/ptm/b/n' tried instead on input line 28.
\c@defn=\count108
\c@thm=\count109
LaTeX Font Info:    Font shape `OT1/ptm/bx/n' in size <12> not available
(Font)              Font shape `OT1/ptm/b/n' tried instead on input line 33.

! Preview: Snippet 1 started.
<-><->
      
l.80 \section
             {Introduction}
Not a real error.

Preview: Tightpage -32891 -32891 32891 32891
! Preview: Snippet 1 ended.(541848+11006x32561971).
<-><->
      
l.80 \section{Introduction}
                           
Not a real error.

[1

]
LaTeX Font Info:    Try loading font information for OMS+ptm on input line 110.

 (/usr/share/texmf-texlive/tex/latex/psnfss/omsptm.fd
File: omsptm.fd 
)
LaTeX Font Info:    Font shape `OMS/ptm/m/n' in size <10> not available
(Font)              Font shape `OMS/cmsy/m/n' tried instead on input line 110.

! Preview: Snippet 2 started.
<-><->
      
l.120 \section
              {Related Work}
Not a real error.

! Preview: Snippet 2 ended.(541848+11006x32561971).
<-><->
      
l.120 \section{Related Work}
                            
Not a real error.

[2

]
! Preview: Snippet 3 started.
<-><->
      
l.184 \subsection
                 {Power and Energy Models}
Not a real error.

! Preview: Snippet 3 ended.(500622+140174x32561971).
<-><->
      
l.184 \subsection{Power and Energy Models}
                                          
Not a real error.

[3

]
! Preview: Snippet 4 started.
<-><->
      
l.240 \subsection
                 {Thread Migration and Load Balancing}
Not a real error.

! Preview: Snippet 4 ended.(500622+140174x32561971).
<-><->
      
l.240 ...tion{Thread Migration and Load Balancing}
                                                  
Not a real error.

[4

]
! Preview: Snippet 5 started.
<-><->
      
l.259 \section
              {Predictive Thermal Load Balancing}
Not a real error.

! Preview: Snippet 5 ended.(541848+160032x32561971).
<-><->
      
l.259 \section{Predictive Thermal Load Balancing}
                                                 
Not a real error.

[5

]
! Preview: Snippet 6 started.
<-><->
      
l.273 \section
              {Energy Models and Performance Counters}
Not a real error.

! Preview: Snippet 6 ended.(541848+160032x32561971).
<-><->
      
l.273 ...n{Energy Models and Performance Counters}
                                                  
Not a real error.

[6

]
! Preview: Snippet 7 started.
<-><->
      
l.296 $
       RetiredInstructions$, $DCAccesses$, $DCRefillsL2$,
Not a real error.

! Preview: Snippet 7 ended.(455111+0x5960466).
<-><->
      
l.296 $RetiredInstructions$
                           , $DCAccesses$, $DCRefillsL2$,
Not a real error.

[7]
! Preview: Snippet 8 started.
<-><->
      
l.296 $RetiredInstructions$, $
                              DCAccesses$, $DCRefillsL2$,
Not a real error.

! Preview: Snippet 8 ended.(447828+0x3666713).
<-><->
      
l.296 $RetiredInstructions$, $DCAccesses$
                                         , $DCRefillsL2$,
Not a real error.

[8]
! Preview: Snippet 9 started.
<-><->
      
l.296 $RetiredInstructions$, $DCAccesses$, $
                                            DCRefillsL2$,
Not a real error.

! Preview: Snippet 9 ended.(455111+127431x3998841).
<-><->
      
l.296 ...nstructions$, $DCAccesses$, $DCRefillsL2$
                                                  ,
Not a real error.

[9]
! Preview: Snippet 10 started.
<-><->
      
l.297 $
       DCRefillsFromSystem$, $ICFetches$, $ICrefillsFromL2$,
Not a real error.

! Preview: Snippet 10 ended.(455111+127431x7153451).
<-><->
      
l.297 $DCRefillsFromSystem$
                           , $ICFetches$, $ICrefillsFromL2$,
Not a real error.

[10]
! Preview: Snippet 11 started.
<-><->
      
l.297 $DCRefillsFromSystem$, $
                              ICFetches$, $ICrefillsFromL2$,
Not a real error.

! Preview: Snippet 11 ended.(455111+0x3182610).
<-><->
      
l.297 $DCRefillsFromSystem$, $ICFetches$
                                        , $ICrefillsFromL2$,
Not a real error.

[11]
! Preview: Snippet 12 started.
<-><->
      
l.297 $DCRefillsFromSystem$, $ICFetches$, $
                                           ICrefillsFromL2$,
Not a real error.

! Preview: Snippet 12 ended.(455111+127431x5308185).
<-><->
      
l.297 ...omSystem$, $ICFetches$, $ICrefillsFromL2$
                                                  ,
Not a real error.

[12]
! Preview: Snippet 13 started.
<-><->
      
l.298 $
       ICRefillsFromSystem$, $L2RequestsTLB$, and $L2MissesTLB$.  The model
Not a real error.

! Preview: Snippet 13 ended.(455111+127431x6932175).
<-><->
      
l.298 $ICRefillsFromSystem$
                           , $L2RequestsTLB$, and $L2MissesTLB$.  The model
Not a real error.

[13]
! Preview: Snippet 14 started.
<-><->
      
l.298 $ICRefillsFromSystem$, $
                              L2RequestsTLB$, and $L2MissesTLB$.  The model
Not a real error.

! Preview: Snippet 14 ended.(447828+127431x4878952).
<-><->
      
l.298 $ICRefillsFromSystem$, $L2RequestsTLB$
                                            , and $L2MissesTLB$.  The model
Not a real error.

[14]
! Preview: Snippet 15 started.
<-><->
      
l.298 ...efillsFromSystem$, $L2RequestsTLB$, and $
                                                  L2MissesTLB$.  The model
Not a real error.

! Preview: Snippet 15 ended.(447828+0x4383452).
<-><->
      
l.298 ...stem$, $L2RequestsTLB$, and $L2MissesTLB$
                                                  .  The model
Not a real error.

[15]
! Preview: Snippet 16 started.
<-><->
      
l.301 \begin{align}
                   
Not a real error.

! Preview: Snippet 16 ended.(2818583+0x23237934).
<-><->
      
l.304 \end{align}
                 
Not a real error.

[16]
! Preview: Snippet 17 started.
<-><->
      
l.316 \subsection
                 {Thermal  Extensions to the Model}
Not a real error.

! Preview: Snippet 17 ended.(500622+0x32561971).
<-><->
      
l.316 ...section{Thermal  Extensions to the Model}
                                                  
Not a real error.

[17

]
! Preview: Snippet 18 started.
<-><->
      
l.320 by $
          L$ for length ) of a certain application (denoted by $A$),
Not a real error.

! Preview: Snippet 18 ended.(447828+0x446010).
<-><->
      
l.320 by $L$
             for length ) of a certain application (denoted by $A$),
Not a real error.

[18]
! Preview: Snippet 19 started.
<-><->
      
l.320 ... ) of a certain application (denoted by $
                                                  A$),
Not a real error.

! Preview: Snippet 19 ended.(447828+0x491521).
<-><->
      
l.320 ... of a certain application (denoted by $A$
                                                  ),
Not a real error.

[19]
! Preview: Snippet 20 started.
<-><->
      
l.322 \begin{equation}
                      
Not a real error.

! Preview: Snippet 20 ended.(655360+0x18427773).
<-><->
      
l.324 \end{equation}
                    
Not a real error.

[20]
! Preview: Snippet 21 started.
<-><->
      
l.326 where application $
                         A$ has $p$ processes, each associated with a data set
Not a real error.

! Preview: Snippet 21 ended.(447828+0x491521).
<-><->
      
l.326 where application $A$
                            has $p$ processes, each associated with a data set
Not a real error.

[21]
! Preview: Snippet 22 started.
<-><->
      
l.326 where application $A$ has $
                                 p$ processes, each associated with a data set
Not a real error.

! Preview: Snippet 22 ended.(282168+127431x329728).
<-><->
      
l.326 where application $A$ has $p$
                                    processes, each associated with a data set
Not a real error.

[22]
! Preview: Snippet 23 started.
<-><->
      
l.327 of size $
               d_i$ in a single chip. $D_A$ is the total data associated with
Not a real error.

! Preview: Snippet 23 ended.(455111+98303x559294).
<-><->
      
l.327 of size $d_i$
                    in a single chip. $D_A$ is the total data associated with
Not a real error.

[23]
! Preview: Snippet 24 started.
<-><->
      
l.327 of size $d_i$ in a single chip. $
                                       D_A$ is the total data associated with
Not a real error.

! Preview: Snippet 24 ended.(447828+98303x969479).
<-><->
      
l.327 of size $d_i$ in a single chip. $D_A$
                                            is the total data associated with
Not a real error.

[24]
! Preview: Snippet 25 started.
<-><->
      
l.328 application $
                   A$, and $D_A = \sum_{i=1}^p{d_i}$.  We assume that the
Not a real error.

! Preview: Snippet 25 ended.(447828+0x491521).
<-><->
      
l.328 application $A$
                     , and $D_A = \sum_{i=1}^p{d_i}$.  We assume that the
Not a real error.

[25]
! Preview: Snippet 26 started.
<-><->
      
l.328 application $A$, and $
                            D_A = \sum_{i=1}^p{d_i}$.  We assume that the
Not a real error.

! Preview: Snippet 26 ended.(527024+196611x4085317).
<-><->
      
l.328 ...cation $A$, and $D_A = \sum_{i=1}^p{d_i}$
                                                  .  We assume that the
Not a real error.

[26]
! Preview: Snippet 27 started.
<-><->
      
l.339 workload of an application, $
                                   U(A(p_i),d_i)$. For each application $A$
Not a real error.

! Preview: Snippet 27 ended.(491520+163840x3428368).
<-><->
      
l.339 workload of an application, $U(A(p_i),d_i)$
                                                 . For each application $A$
Not a real error.

[27]
! Preview: Snippet 28 started.
<-><->
      
l.339 ..., $U(A(p_i),d_i)$. For each application $
                                                  A$
Not a real error.

! Preview: Snippet 28 ended.(447828+0x491521).
<-><->
      
l.339 ...$U(A(p_i),d_i)$. For each application $A$
                                                  
Not a real error.

[28]
! Preview: Snippet 29 started.
<-><->
      
l.340 and problem size $
                        D_A$, a measure of the workload, $W(A(p_i),d_i)$, is
Not a real error.

! Preview: Snippet 29 ended.(447828+98303x969479).
<-><->
      
l.340 and problem size $D_A$
                            , a measure of the workload, $W(A(p_i),d_i)$, is
Not a real error.

[29]
! Preview: Snippet 30 started.
<-><->
      
l.340 ... size $D_A$, a measure of the workload, $
                                                  W(A(p_i),d_i)$, is
Not a real error.

! Preview: Snippet 30 ended.(491520+163840x3619426).
<-><->
      
l.340 ... measure of the workload, $W(A(p_i),d_i)$
                                                  , is
Not a real error.

[30]
! Preview: Snippet 31 started.
<-><->
      
l.347 workload of an application $
                                  A$ operating on a data set $D_A$ can be
Not a real error.

! Preview: Snippet 31 ended.(447828+0x491521).
<-><->
      
l.347 workload of an application $A$
                                     operating on a data set $D_A$ can be
Not a real error.

[31]
! Preview: Snippet 32 started.
<-><->
      
l.347 ...application $A$ operating on a data set $
                                                  D_A$ can be
Not a real error.

! Preview: Snippet 32 ended.(447828+98303x969479).
<-><->
      
l.347 ...ication $A$ operating on a data set $D_A$
                                                   can be
Not a real error.

[32]
! Preview: Snippet 33 started.
<-><->
      
l.350 \begin{equation}
                      
Not a real error.

! Preview: Snippet 33 ended.(1050395+0x24103961).
<-><->
      
l.352 \end{equation}
                    
Not a real error.

[33]
! Preview: Snippet 34 started.
<-><->
      
l.354 where $
             L_n(k, d_i)$ is the total time to execute $n$ applications using
Not a real error.

! Preview: Snippet 34 ended.(491520+163840x2524847).
<-><->
      
l.354 where $L_n(k, d_i)$
                          is the total time to execute $n$ applications using
Not a real error.

[34]
! Preview: Snippet 35 started.
<-><->
      
l.354 ...n(k, d_i)$ is the total time to execute $
                                                  n$ applications using
Not a real error.

! Preview: Snippet 35 ended.(282168+0x393370).
<-><->
      
l.354 ...k, d_i)$ is the total time to execute $n$
                                                   applications using
Not a real error.

[35]
! Preview: Snippet 36 started.
<-><->
      
l.355 the chip. The term $
                          k_e$ is the total number of applications that can be
Not a real error.

! Preview: Snippet 36 ended.(455111+98303x622602).
<-><->
      
l.355 the chip. The term $k_e$
                               is the total number of applications that can be
Not a real error.

[36]
! Preview: Snippet 37 started.
<-><->
      
l.356 ... with the associated length of time for $
                                                  L_n$, at which point a
Not a real error.

! Preview: Snippet 37 ended.(447828+98303x802744).
<-><->
      
l.356 ...h the associated length of time for $L_n$
                                                  , at which point a
Not a real error.

[37]
! Preview: Snippet 38 started.
<-><->
      
l.367 the application $
                       A$ we express TEA as :
Not a real error.

! Preview: Snippet 38 ended.(447828+0x491521).
<-><->
      
l.367 the application $A$
                          we express TEA as :
Not a real error.

[38]
! Preview: Snippet 39 started.
<-><->
      
l.369 \begin{align}
                   
Not a real error.

! Preview: Snippet 39 ended.(4517659+0x25019850).
<-><->
      
l.372 \end{align}
                 
Not a real error.

[39]
! Preview: Snippet 40 started.
<-><->
      
l.374 In these expressions, $
                             T_{th}$ refers to the threshold temperature at
Not a real error.

! Preview: Snippet 40 ended.(447828+98303x920541).
<-><->
      
l.374 In these expressions, $T_{th}$
                                     refers to the threshold temperature at
Not a real error.

[40]
! Preview: Snippet 41 started.
<-><->
      
l.375 which a DTM triggered event will occur.  $
                                                T_{nominal}$ refers to the
Not a real error.

! Preview: Snippet 41 ended.(447828+98303x2425496).
<-><->
      
l.375 ...riggered event will occur.  $T_{nominal}$
                                                   refers to the
Not a real error.

[41]
! Preview: Snippet 42 started.
<-><->
      
l.378 The term $
                J_e$ is the ``electrical equivalent of heat'' for the chip,
Not a real error.

! Preview: Snippet 42 ended.(447828+98303x644825).
<-><->
      
l.378 The term $J_e$
                     is the ``electrical equivalent of heat'' for the chip,
Not a real error.

[42]
! Preview: Snippet 43 started.
<-><->
      
l.380 ...ed with processing the bits application $
                                                  A(p_i)$ computes and
Not a real error.

! Preview: Snippet 43 ended.(491520+163840x1549163).
<-><->
      
l.380 ... processing the bits application $A(p_i)$
                                                   computes and
Not a real error.

[43]
! Preview: Snippet 44 started.
<-><->
      
l.389 completion. In general the efficiency $
                                             \eta(A(p_i), d_i,T)$ is defined
Not a real error.

! Preview: Snippet 44 ended.(491520+163840x4023639).
<-><->
      
l.389 ...eral the efficiency $\eta(A(p_i), d_i,T)$
                                                   is defined
Not a real error.

[44]
! Preview: Snippet 45 started.
<-><->
      
l.392 \begin{equation}
                      
Not a real error.

! Preview: Snippet 45 ended.(1548261+0x22232887).
<-><->
      
l.394 \end{equation}
                    
Not a real error.

[45]
! Preview: Snippet 46 started.
<-><->
      
l.396 where $
             T_(me)$ is the maximum temperature till which the core will carry
Not a real error.

! Preview: Snippet 46 ended.(491520+233018x1755976).
<-><->
      
l.396 where $T_(me)$
                     is the maximum temperature till which the core will carry
Not a real error.

[46]
! Preview: Snippet 47 started.
<-><->
      
l.397 over till a DTM triggered event occurs. $
                                               A_e$ refers to the application
Not a real error.

! Preview: Snippet 47 ended.(447828+98303x772940).
<-><->
      
l.397 ... till a DTM triggered event occurs. $A_e$
                                                   refers to the application
Not a real error.

[47]
! Preview: Snippet 48 started.
<-><->
      
l.399 place. $
              T_e$ is the execution time of application $A_e$. Thus
Not a real error.

! Preview: Snippet 48 ended.(447828+98303x664395).
<-><->
      
l.399 place. $T_e$
                   is the execution time of application $A_e$. Thus
Not a real error.

[48]
! Preview: Snippet 49 started.
<-><->
      
l.399 ...e$ is the execution time of application $
                                                  A_e$. Thus
Not a real error.

! Preview: Snippet 49 ended.(447828+98303x772940).
<-><->
      
l.399 ...s the execution time of application $A_e$
                                                  . Thus
Not a real error.

[49]
! Preview: Snippet 50 started.
<-><->
      
l.400 $
       \eta(A(p_i), d_i,T)$ is a measure of the ``thermal efficiency of the
Not a real error.

! Preview: Snippet 50 ended.(491520+163840x4023639).
<-><->
      
l.400 $\eta(A(p_i), d_i,T)$
                            is a measure of the ``thermal efficiency of the
Not a real error.

[50]
! Preview: Snippet 51 started.
<-><->
      
l.403 event. Thus the definition of $
                                     \eta$ is linked to the definition of the
Not a real error.

! Preview: Snippet 51 ended.(282168+127431x348919).
<-><->
      
l.403 event. Thus the definition of $\eta$
                                           is linked to the definition of the
Not a real error.

[51]
! Preview: Snippet 52 started.
<-><->
      
l.408 \begin{align}
                   
Not a real error.

! Preview: Snippet 52 ended.(4504564+0x24392148).
<-><->
      
l.411 \end{align}
                 
Not a real error.

[52]
! Preview: Snippet 53 started.
<-><->
      
l.412 where $
             P(A(p_i),d_i)$ is the overall power consumed during the
Not a real error.

! Preview: Snippet 53 ended.(491520+163840x3421225).
<-><->
      
l.412 where $P(A(p_i),d_i)$
                            is the overall power consumed during the
Not a real error.

[53]
! Preview: Snippet 54 started.
<-><->
      
l.413 application lifetime. the quantity $
                                          \int_{t=0}^{t=L_A}v(t)i(t)dt$ is the
Not a real error.

! Preview: Snippet 54 ended.(679395+233020x4548512).
<-><->
      
l.413 ...e quantity $\int_{t=0}^{t=L_A}v(t)i(t)dt$
                                                   is the
Not a real error.

[54]
! Preview: Snippet 55 started.
<-><->
      
l.415 ...B) during the length of the application $
                                                  L_A$, with
Not a real error.

! Preview: Snippet 55 ended.(447828+98303x872906).
<-><->
      
l.415 ...uring the length of the application $L_A$
                                                  , with
Not a real error.

[55]
! Preview: Snippet 56 started.
<-><->
      
l.416 $
       v(t)$ and $i(t)$ being the instantaneous voltage and currents
Not a real error.

! Preview: Snippet 56 ended.(491520+163840x1087565).
<-><->
      
l.416 $v(t)$
             and $i(t)$ being the instantaneous voltage and currents
Not a real error.

[56]
! Preview: Snippet 57 started.
<-><->
      
l.416 $v(t)$ and $
                  i(t)$ being the instantaneous voltage and currents
Not a real error.

! Preview: Snippet 57 ended.(491520+163840x972164).
<-><->
      
l.416 $v(t)$ and $i(t)$
                        being the instantaneous voltage and currents
Not a real error.

[57]
! Preview: Snippet 58 started.
<-><->
      
l.419 This normalized quantity $
                                C_\theta$ gives some indication of the
Not a real error.

! Preview: Snippet 58 ended.(447828+98303x764903).
<-><->
      
l.419 This normalized quantity $C_\theta$
                                          gives some indication of the
Not a real error.

[58]
! Preview: Snippet 59 started.
<-><->
      
l.423 \begin{equation}
                      
Not a real error.

! Preview: Snippet 59 ended.(3065264+0x31779303).
<-><->
      
l.426 \end{equation}
                    
Not a real error.

[59]
! Preview: Snippet 60 started.
<-><->
      
l.435 \begin{figure}
                    [htbp]
Not a real error.


! LaTeX Error: Cannot determine size of graphic in schedarch.pdf (no BoundingBo
x).

See the LaTeX manual or LaTeX Companion for explanation.
Type  H <return>  for immediate help.
 ...                                              
                                                  
l.437 ...ncludegraphics[scale=0.40]{schedarch.pdf}
                                                  
Try typing  <return>  to proceed.
If that doesn't work, type  X <return>  to quit.

File: schedarch.pdf Graphic file (type eps)
<schedarch.pdf>
! Preview: Snippet 60 ended.(3336277+142208x32561971).
<-><->
      
l.440 \end{figure}
                  
Not a real error.

[60


]
! Preview: Snippet 61 started.
<-><->
      
l.442 \section
              {Design and Implementation}
Not a real error.

! Preview: Snippet 61 ended.(541848+160032x32561971).
<-><->
      
l.442 \section{Design and Implementation}
                                         
Not a real error.

[61

]
! Preview: Snippet 62 started.
<-><->
      
l.453 \subsection
                 {Solaris Power-Aware Dispatcher}
Not a real error.

! Preview: Snippet 62 ended.(500622+140174x32561971).
<-><->
      
l.453 \subsection{Solaris Power-Aware Dispatcher}
                                                 
Not a real error.

[62

]
Missing character: There is no â in font ptmr7t!
Missing character: There is no € in font ptmr7t!
Missing character: There is no ™ in font ptmr7t!

! Preview: Snippet 63 started.
<-><->
      
l.473 \begin{figure}
                    
Not a real error.


! LaTeX Error: Cannot determine size of graphic in padarch.pdf (no BoundingBox)
.

See the LaTeX manual or LaTeX Companion for explanation.
Type  H <return>  for immediate help.
 ...                                              
                                                  
l.475   \includegraphics[scale=0.40]{padarch.pdf}
                                                 
Try typing  <return>  to proceed.
If that doesn't work, type  X <return>  to quit.

File: padarch.pdf Graphic file (type eps)
<padarch.pdf>
! Preview: Snippet 63 ended.(3336277+142208x32561971).
<-><->
      
l.478 \end{figure}
                  
Not a real error.

[63


]
! Preview: Snippet 64 started.
<-><->
      
l.493 \begin{figure}
                    [htbp]
Not a real error.


! LaTeX Error: Cannot determine size of graphic in procgroup.pdf (no BoundingBo
x).

See the LaTeX manual or LaTeX Companion for explanation.
Type  H <return>  for immediate help.
 ...                                              
                                                  
l.495 ...ncludegraphics[scale=0.40]{procgroup.pdf}
                                                  
Try typing  <return>  to proceed.
If that doesn't work, type  X <return>  to quit.

File: procgroup.pdf Graphic file (type eps)
<procgroup.pdf>
! Preview: Snippet 64 ended.(3336277+142208x32561971).
<-><->
      
l.498 \end{figure}
                  
Not a real error.

[64


]
! Preview: Snippet 65 started.
<-><->
      
l.500 \subsection
                 {Extending Processor Groups for Thermal Management}
Not a real error.

! Preview: Snippet 65 ended.(500622+140174x32561971).
<-><->
      
l.500 ... Processor Groups for Thermal Management}
                                                  
Not a real error.

[65

]
! Preview: Snippet 66 started.
<-><->
      
l.509 \begin{figure}
                    [htbp]
Not a real error.


! LaTeX Error: Cannot determine size of graphic in thermalpredictor.pdf (no Bou
ndingBox).

See the LaTeX manual or LaTeX Companion for explanation.
Type  H <return>  for immediate help.
 ...                                              
                                                  
l.511 ...raphics[scale=0.40]{thermalpredictor.pdf}
                                                  
Try typing  <return>  to proceed.
If that doesn't work, type  X <return>  to quit.

File: thermalpredictor.pdf Graphic file (type eps)
<thermalpredictor.pdf>
! Preview: Snippet 66 ended.(3336277+142208x32561971).
<-><->
      
l.514 \end{figure}
                  
Not a real error.

[66


]
! Preview: Snippet 67 started.
<-><->
      
l.521 \begin{figure}
                    [htbp]
Not a real error.


! LaTeX Error: Cannot determine size of graphic in threadinsert.pdf (no Boundin
gBox).

See the LaTeX manual or LaTeX Companion for explanation.
Type  H <return>  for immediate help.
 ...                                              
                                                  
l.523 ...udegraphics[scale=0.40]{threadinsert.pdf}
                                                  
Try typing  <return>  to proceed.
If that doesn't work, type  X <return>  to quit.

File: threadinsert.pdf Graphic file (type eps)
<threadinsert.pdf>
! Preview: Snippet 67 ended.(3336277+142208x32561971).
<-><->
      
l.526 \end{figure}
                  
Not a real error.

[67


]
! Preview: Snippet 68 started.
<-><->
      
l.552 \section
              {Experimental Evaluation}
Not a real error.

! Preview: Snippet 68 ended.(541848+160032x32561971).
<-><->
      
l.552 \section{Experimental Evaluation}
                                       
Not a real error.

[68

]
! Preview: Snippet 69 started.
<-><->
      
l.565 \begin{table}
                   
Not a real error.

! Preview: Snippet 69 ended.(4384024+3493068x32561971).
<-><->
      
l.584 \end{table}
                 
Not a real error.

[69


]
! Preview: Snippet 70 started.
<-><->
      
l.586 \subsection
                 {Workloads}
Not a real error.

! Preview: Snippet 70 ended.(500622+0x32561971).
<-><->
      
l.586 \subsection{Workloads}
                            
Not a real error.

[70

]
! Preview: Snippet 71 started.
<-><->
      
l.594 \begin{figure}
                    [bpth]
Not a real error.


! LaTeX Error: Cannot determine size of graphic in testfixture.png (no Bounding
Box).

See the LaTeX manual or LaTeX Companion for explanation.
Type  H <return>  for immediate help.
 ...                                              
                                                  
l.596 ...ludegraphics[scale=0.25]{testfixture.png}
                                                  
Try typing  <return>  to proceed.
If that doesn't work, type  X <return>  to quit.

File: testfixture.png Graphic file (type eps)
<testfixture.png>
! Preview: Snippet 71 ended.(2625863+142208x32561971).
<-><->
      
l.599 \end{figure}
                  
Not a real error.

[71


]
! Preview: Snippet 72 started.
<-><->
      
l.602 \subsection
                 {Measurement Environment}
Not a real error.

! Preview: Snippet 72 ended.(500622+0x32561971).
<-><->
      
l.602 \subsection{Measurement Environment}
                                          
Not a real error.

[72

]
! Preview: Snippet 73 started.
<-><->
      
l.611 \begin{table}
                   
Not a real error.

! Preview: Snippet 73 ended.(4107789+3086745x32561971).
<-><->
      
l.628 \end{table}
                 
Not a real error.

[73


]
! Preview: Snippet 74 started.
<-><->
      
l.630 \subsection
                 {Benchmark Baseline Classification}
Not a real error.

! Preview: Snippet 74 ended.(500622+0x32561971).
<-><->
      
l.630 ...ection{Benchmark Baseline Classification}
                                                  
Not a real error.

[74

]
! Preview: Snippet 75 started.
<-><->
      
l.633 \subsection
                 {Thermal Scheduling Results}
Not a real error.

! Preview: Snippet 75 ended.(500622+140174x32561971).
<-><->
      
l.633 \subsection{Thermal Scheduling Results}
                                             
Not a real error.

[75

]
! Preview: Snippet 76 started.
<-><->
      
l.636 \section
              {Discussions}
Not a real error.

! Preview: Snippet 76 ended.(541848+11006x32561971).
<-><->
      
l.636 \section{Discussions}
                           
Not a real error.

[76

]
! Preview: Snippet 77 started.
<-><->
      
l.639 \section
              {Conclusions and Future Work}
Not a real error.

! Preview: Snippet 77 ended.(541848+14544x32561971).
<-><->
      
l.639 \section{Conclusions and Future Work}
                                           
Not a real error.

[77

] (./hpca09.bbl
! Preview: Snippet 78 started.
<-><->
      
l.1 \begin{thebibliography}{10}
                               \setlength{\itemsep}{-1ex}\small
Not a real error.

! Preview: Snippet 78 ended.(541848+11006x32561971).
<-><->
      
l.1 \begin{thebibliography}{10}
                               \setlength{\itemsep}{-1ex}\small
Not a real error.

[78]
LaTeX Font Info:    Font shape `OMS/ptm/m/n' in size <9> not available
(Font)              Font shape `OMS/cmsy/m/n' tried instead on input line 35.
) ) 
Here is how much of TeX's memory you used:
 311 strings out of 92887
 4055 string characters out of 1154804
 81182 words of memory out of 1500000
 5340 multiletter control sequences out of 10000+50000
 16535 words of font info for 48 fonts, out of 1200000 for 2000
 257 hyphenation exceptions out of 8191
 22i,12n,22p,1803b,302s stack positions out of 5000i,500n,6000p,200000b,5000s

Output written on hpca09.dvi (78 pages, 16416 bytes).
