
SunOS canfire03 5.11 onnv-gate i86pc    05/10/2009

16:39:12  pgout/s ppgout/s pgfree/s pgscan/s %ufs_ipf
16:39:17     0.00     0.00     0.00     0.00     0.00
16:39:22     0.00     0.00     0.00     0.00     0.00
16:39:27     0.00     0.00     0.00     0.00     0.00
16:39:32     0.00     0.00     0.00     0.00     0.00
16:39:37     0.00     0.00     0.00     0.00     0.00
16:39:42     0.00     0.00     0.00     0.00     0.00
16:39:47     0.00     0.00     0.00     0.00     0.00
16:39:52     0.00     0.00     0.00     0.00     0.00
16:39:57     0.00     0.00     0.00     0.00     0.00
16:40:02     0.00     0.00     0.00     0.00     0.00
16:40:07     0.00     0.00     0.00     0.00     0.00
16:40:12     0.00     0.00     0.00     0.00     0.00
16:40:17     0.00     0.00     0.00     0.00     0.00
16:40:22     0.00     0.00     0.00     0.00     0.00
16:40:27     0.00     0.00     0.00     0.00     0.00
16:40:32     0.00     0.00     0.00     0.00     0.00
16:40:37     0.00     0.00     0.00     0.00     0.00
16:40:42     0.00     0.00     0.00     0.00     0.00
16:40:47     0.00     0.00     0.00     0.00     0.00
16:40:52     0.00     0.00     0.00     0.00     0.00
16:40:57     0.00     0.00     0.00     0.00     0.00
16:41:02     0.00     0.00     0.00     0.00     0.00
16:41:07     0.00     0.00     0.00     0.00     0.00
16:41:12     0.00     0.00     0.00     0.00     0.00
16:41:17     0.00     0.00     0.00     0.00     0.00
16:41:22     0.00     0.00     0.00     0.00     0.00
16:41:27     0.00     0.00     0.00     0.00     0.00
16:41:32     0.00     0.00     0.00     0.00     0.00
16:41:37     0.00     0.00     0.00     0.00     0.00
16:41:42     0.00     0.00     0.00     0.00     0.00
16:41:47     0.00     0.00     0.00     0.00     0.00
16:41:52     0.00     0.00     0.00     0.00     0.00
16:41:57     0.00     0.00     0.00     0.00     0.00
16:42:02     0.00     0.00     0.00     0.00     0.00
16:42:07     0.00     0.00     0.00     0.00     0.00
16:42:12     0.00     0.00     0.00     0.00     0.00
16:42:17     0.00     0.00     0.00     0.00     0.00
16:42:22     0.00     0.00     0.00     0.00     0.00
16:42:27     0.00     0.00     0.00     0.00     0.00
16:42:32     0.00     0.00     0.00     0.00     0.00
16:42:37     0.00     0.00     0.00     0.00     0.00
16:42:42     0.00     0.00     0.00     0.00     0.00
16:42:47     0.00     0.00     0.00     0.00     0.00
16:42:52     0.00     0.00     0.00     0.00     0.00
16:42:57     0.00     0.00     0.00     0.00     0.00
16:43:02     0.00     0.00     0.00     0.00     0.00
16:43:07     0.00     0.00     0.00     0.00     0.00
16:43:12     0.00     0.00     0.00     0.00     0.00
16:43:17     0.00     0.00     0.00     0.00     0.00
16:43:22     0.00     0.00     0.00     0.00     0.00
16:43:27     0.00     0.00     0.00     0.00     0.00
16:43:32     0.00     0.00     0.00     0.00     0.00
16:43:37     0.00     0.00     0.00     0.00     0.00
16:43:42     0.00     0.00     0.00     0.00     0.00
16:43:47     0.00     0.00     0.00     0.00     0.00
16:43:52     0.00     0.00     0.00     0.00     0.00
16:43:57     0.00     0.00     0.00     0.00     0.00
16:44:02     0.00     0.00     0.00     0.00     0.00
16:44:07     0.00     0.00     0.00     0.00     0.00
16:44:12     0.00     0.00     0.00     0.00     0.00
16:44:17     0.00     0.00     0.00     0.00     0.00
16:44:22     0.00     0.00     0.00     0.00     0.00
16:44:27     0.00     0.00     0.00     0.00     0.00
16:44:32     0.00     0.00     0.00     0.00     0.00
16:44:37     0.00     0.00     0.00     0.00     0.00
16:44:43     0.00     0.00     0.00     0.00     0.00
16:44:48     0.00     0.00     0.00     0.00     0.00
16:44:53     0.00     0.00     0.00     0.00     0.00
16:44:58     0.00     0.00     0.00     0.00     0.00
16:45:03     0.00     0.00     0.00     0.00     0.00
16:45:08     0.00     0.00     0.00     0.00     0.00
16:45:13     0.00     0.00     0.00     0.00     0.00
16:45:18     0.00     0.00     0.00     0.00     0.00
16:45:23     0.00     0.00     0.00     0.00     0.00
16:45:28     0.00     0.00     0.00     0.00     0.00
16:45:33     0.00     0.00     0.00     0.00     0.00
16:45:38     0.00     0.00     0.00     0.00     0.00
16:45:43     0.00     0.00     0.00     0.00     0.00
16:45:48     0.00     0.00     0.00     0.00     0.00
16:45:53     0.00     0.00     0.00     0.00     0.00
16:45:58     0.00     0.00     0.00     0.00     0.00
16:46:03     0.00     0.00     0.00     0.00     0.00
16:46:08     0.00     0.00     0.00     0.00     0.00
16:46:13     0.00     0.00     0.00     0.00     0.00
16:46:18     0.00     0.00     0.00     0.00     0.00
16:46:23     0.00     0.00     0.00     0.00     0.00
16:46:28     0.00     0.00     0.00     0.00     0.00
16:46:33     0.00     0.00     0.00     0.00     0.00
16:46:38     0.00     0.00     0.00     0.00     0.00
16:46:43     0.00     0.00     0.00     0.00     0.00
16:46:48     0.00     0.00     0.00     0.00     0.00
16:46:53     0.00     0.00     0.00     0.00     0.00
16:46:58     0.00     0.00     0.00     0.00     0.00
16:47:03     0.00     0.00     0.00     0.00     0.00
16:47:08     0.00     0.00     0.00     0.00     0.00
16:47:13     0.00     0.00     0.00     0.00     0.00
16:47:18     0.00     0.00     0.00     0.00     0.00
16:47:23     0.00     0.00     0.00     0.00     0.00
16:47:28     0.00     0.00     0.00     0.00     0.00
16:47:33     0.00     0.00     0.00     0.00     0.00
16:47:38     0.00     0.00     0.00     0.00     0.00
16:47:43     0.00     0.00     0.00     0.00     0.00
16:47:48     0.00     0.00     0.00     0.00     0.00
16:47:53     0.00     0.00     0.00     0.00     0.00
16:47:58     0.00     0.00     0.00     0.00     0.00
16:48:03     0.00     0.00     0.00     0.00     0.00
16:48:08     0.00     0.00     0.00     0.00     0.00
16:48:13     0.00     0.00     0.00     0.00     0.00
16:48:18     0.00     0.00     0.00     0.00     0.00
16:48:23     0.00     0.00     0.00     0.00     0.00
16:48:28     0.00     0.00     0.00     0.00     0.00
16:48:33     0.00     0.00     0.00     0.00     0.00
16:48:38     0.00     0.00     0.00     0.00     0.00
16:48:43     0.00     0.00     0.00     0.00     0.00
16:48:48     0.00     0.00     0.00     0.00     0.00
16:48:53     0.00     0.00     0.00     0.00     0.00
16:48:58     0.00     0.00     0.00     0.00     0.00
16:49:03     0.00     0.00     0.00     0.00     0.00
16:49:08     0.00     0.00     0.00     0.00     0.00
16:49:13     0.00     0.00     0.00     0.00     0.00
16:49:18     0.00     0.00     0.00     0.00     0.00
16:49:23     0.00     0.00     0.00     0.00     0.00
16:49:28     0.00     0.00     0.00     0.00     0.00
16:49:33     0.00     0.00     0.00     0.00     0.00
16:49:38     0.00     0.00     0.00     0.00     0.00
16:49:43     0.00     0.00     0.00     0.00     0.00
16:49:48     0.00     0.00     0.00     0.00     0.00
16:49:53     0.00     0.00     0.00     0.00     0.00
16:49:58     0.00     0.00     0.00     0.00     0.00
16:50:03     0.00     0.00     0.00     0.00     0.00
16:50:08     0.00     0.00     0.00     0.00     0.00
16:50:13     0.00     0.00     0.00     0.00     0.00
16:50:18     0.00     0.00     0.00     0.00     0.00
16:50:23     0.00     0.00     0.00     0.00     0.00
16:50:28     0.00     0.00     0.00     0.00     0.00
16:50:33     0.00     0.00     0.00     0.00     0.00
16:50:38     0.00     0.00     0.00     0.00     0.00
16:50:43     0.00     0.00     0.00     0.00     0.00
16:50:48     0.00     0.00     0.00     0.00     0.00
16:50:53     0.00     0.00     0.00     0.00     0.00
16:50:58     0.00     0.00     0.00     0.00     0.00
16:51:03     0.00     0.00     0.00     0.00     0.00
16:51:08     0.00     0.00     0.00     0.00     0.00
16:51:13     0.00     0.00     0.00     0.00     0.00
16:51:18     0.00     0.00     0.00     0.00     0.00
16:51:23     0.00     0.00     0.00     0.00     0.00
16:51:28     0.00     0.00     0.00     0.00     0.00
16:51:33     0.00     0.00     0.00     0.00     0.00
16:51:38     0.00     0.00     0.00     0.00     0.00
16:51:43     0.00     0.00     0.00     0.00     0.00
16:51:48     0.00     0.00     0.00     0.00     0.00
16:51:53     0.00     0.00     0.00     0.00     0.00
16:51:58     0.00     0.00     0.00     0.00     0.00
16:52:03     0.00     0.00     0.00     0.00     0.00
16:52:08     0.00     0.00     0.00     0.00     0.00
16:52:13     0.00     0.00     0.00     0.00     0.00
16:52:18     0.00     0.00     0.00     0.00     0.00
16:52:23     0.00     0.00     0.00     0.00     0.00
16:52:28     0.00     0.00     0.00     0.00     0.00
16:52:33     0.00     0.00     0.00     0.00     0.00
16:52:38     0.00     0.00     0.00     0.00     0.00
16:52:43     0.00     0.00     0.00     0.00     0.00
16:52:48     0.00     0.00     0.00     0.00     0.00
16:52:53     0.00     0.00     0.00     0.00     0.00
16:52:58     0.00     0.00     0.00     0.00     0.00
16:53:04     0.00     0.00     0.00     0.00     0.00
16:53:09     0.00     0.00     0.00     0.00     0.00
16:53:14     0.00     0.00     0.00     0.00     0.00
16:53:19     0.00     0.00     0.00     0.00     0.00
16:53:24     0.00     0.00     0.00     0.00     0.00
16:53:29     0.00     0.00     0.00     0.00     0.00
16:53:34     0.00     0.00     0.00     0.00     0.00
16:53:39     0.00     0.00     0.00     0.00     0.00
16:53:44     0.00     0.00     0.00     0.00     0.00
16:53:49     0.00     0.00     0.00     0.00     0.00
16:53:54     0.00     0.00     0.00     0.00     0.00
16:53:59     0.00     0.00     0.00     0.00     0.00
16:54:04     0.00     0.00     0.00     0.00     0.00
16:54:09     0.00     0.00     0.00     0.00     0.00
16:54:14     0.00     0.00     0.00     0.00     0.00
16:54:19     0.00     0.00     0.00     0.00     0.00
16:54:24     0.00     0.00     0.00     0.00     0.00
16:54:29     0.00     0.00     0.00     0.00     0.00
16:54:34     0.00     0.00     0.00     0.00     0.00
16:54:39     0.00     0.00     0.00     0.00     0.00
16:54:44     0.00     0.00     0.00     0.00     0.00
16:54:49     0.00     0.00     0.00     0.00     0.00
16:54:54     0.00     0.00     0.00     0.00     0.00
16:54:59     0.00     0.00     0.00     0.00     0.00
16:55:04     0.00     0.00     0.00     0.00     0.00
16:55:09     0.00     0.00     0.00     0.00     0.00
16:55:14     0.00     0.00     0.00     0.00     0.00
16:55:19     0.00     0.00     0.00     0.00     0.00
16:55:24     0.00     0.00     0.00     0.00     0.00
16:55:29     0.00     0.00     0.00     0.00     0.00
16:55:34     0.00     0.00     0.00     0.00     0.00
16:55:39     0.00     0.00     0.00     0.00     0.00
16:55:44     0.00     0.00     0.00     0.00     0.00
16:55:49     0.00     0.00     0.00     0.00     0.00
16:55:54     0.00     0.00     0.00     0.00     0.00
16:55:59     0.00     0.00     0.00     0.00     0.00
16:56:04     0.00     0.00     0.00     0.00     0.00
16:56:09     0.00     0.00     0.00     0.00     0.00
16:56:14     0.00     0.00     0.00     0.00     0.00
16:56:19     0.00     0.00     0.00     0.00     0.00
16:56:24     0.00     0.00     0.00     0.00     0.00
16:56:29     0.00     0.00     0.00     0.00     0.00
16:56:34     0.00     0.00     0.00     0.00     0.00
16:56:39     0.00     0.00     0.00     0.00     0.00
16:56:44     0.00     0.00     0.00     0.00     0.00
16:56:49     0.00     0.00     0.00     0.00     0.00
16:56:54     0.00     0.00     0.00     0.00     0.00
16:56:59     0.00     0.00     0.00     0.00     0.00
16:57:04     0.00     0.00     0.00     0.00     0.00
16:57:09     0.00     0.00     0.00     0.00     0.00
16:57:14     0.00     0.00     0.00     0.00     0.00
16:57:19     0.00     0.00     0.00     0.00     0.00
16:57:24     0.00     0.00     0.00     0.00     0.00
16:57:29     0.00     0.00     0.00     0.00     0.00
16:57:34     0.00     0.00     0.00     0.00     0.00
16:57:39     0.00     0.00     0.00     0.00     0.00
16:57:44     0.00     0.00     0.00     0.00     0.00
16:57:49     0.00     0.00     0.00     0.00     0.00
16:57:54     0.00     0.00     0.00     0.00     0.00
16:57:59     0.00     0.00     0.00     0.00     0.00
16:58:04     0.00     0.00     0.00     0.00     0.00
16:58:09     0.00     0.00     0.00     0.00     0.00
16:58:14     0.00     0.00     0.00     0.00     0.00
16:58:19     0.00     0.00     0.00     0.00     0.00
16:58:24     0.00     0.00     0.00     0.00     0.00
16:58:29     0.00     0.00     0.00     0.00     0.00
16:58:34     0.00     0.00     0.00     0.00     0.00
16:58:39     0.00     0.00     0.00     0.00     0.00
16:58:44     0.00     0.00     0.00     0.00     0.00
16:58:49     0.00     0.00     0.00     0.00     0.00
16:58:54     0.00     0.00     0.00     0.00     0.00
16:58:59     0.00     0.00     0.00     0.00     0.00
16:59:04     0.00     0.00     0.00     0.00     0.00
16:59:09     0.00     0.00     0.00     0.00     0.00
16:59:14     0.00     0.00     0.00     0.00     0.00
16:59:19     0.00     0.00     0.00     0.00     0.00
16:59:24     0.00     0.00     0.00     0.00     0.00
16:59:29     0.00     0.00     0.00     0.00     0.00
16:59:34     0.00     0.00     0.00     0.00     0.00
16:59:39     0.00     0.00     0.00     0.00     0.00
16:59:44     0.00     0.00     0.00     0.00     0.00
16:59:49     0.00     0.00     0.00     0.00     0.00
16:59:54     0.00     0.00     0.00     0.00     0.00
16:59:59     0.00     0.00     0.00     0.00     0.00
17:00:04     0.00     0.00     0.00     0.00     0.00
17:00:09     0.00     0.00     0.00     0.00     0.00
17:00:14     0.00     0.00     0.00     0.00     0.00
17:00:19     0.00     0.00     0.00     0.00     0.00
17:00:24     0.00     0.00     0.00     0.00     0.00
17:00:29     0.00     0.00     0.00     0.00     0.00
17:00:34     0.00     0.00     0.00     0.00     0.00
17:00:39     0.00     0.00     0.00     0.00     0.00
17:00:44     0.00     0.00     0.00     0.00     0.00
17:00:49     0.00     0.00     0.00     0.00     0.00
17:00:54     0.00     0.00     0.00     0.00     0.00
17:00:59     0.00     0.00     0.00     0.00     0.00
17:01:04     0.00     0.00     0.00     0.00     0.00
17:01:09     0.00     0.00     0.00     0.00     0.00
17:01:14     0.00     0.00     0.00     0.00     0.00
17:01:19     0.00     0.00     0.00     0.00     0.00
17:01:25     0.00     0.00     0.00     0.00     0.00
17:01:30     0.00     0.00     0.00     0.00     0.00
17:01:35     0.00     0.00     0.00     0.00     0.00
17:01:40     0.00     0.00     0.00     0.00     0.00
17:01:45     0.00     0.00     0.00     0.00     0.00
17:01:50     0.00     0.00     0.00     0.00     0.00
17:01:55     0.00     0.00     0.00     0.00     0.00
17:02:00     0.00     0.00     0.00     0.00     0.00
17:02:05     0.00     0.00     0.00     0.00     0.00
17:02:10     0.00     0.00     0.00     0.00     0.00
17:02:15     0.00     0.00     0.00     0.00     0.00
17:02:20     0.00     0.00     0.00     0.00     0.00
17:02:25     0.00     0.00     0.00     0.00     0.00
17:02:30     0.00     0.00     0.00     0.00     0.00
17:02:35     0.00     0.00     0.00     0.00     0.00
17:02:40     0.00     0.00     0.00     0.00     0.00
17:02:45     0.00     0.00     0.00     0.00     0.00
17:02:50     0.00     0.00     0.00     0.00     0.00
17:02:55     0.00     0.00     0.00     0.00     0.00
17:03:00     0.00     0.00     0.00     0.00     0.00
17:03:05     0.00     0.00     0.00     0.00     0.00
17:03:10     0.00     0.00     0.00     0.00     0.00
17:03:15     0.00     0.00     0.00     0.00     0.00
17:03:20     0.00     0.00     0.00     0.00     0.00
17:03:25     0.00     0.00     0.00     0.00     0.00
17:03:30     0.00     0.00     0.00     0.00     0.00
17:03:35     0.00     0.00     0.00     0.00     0.00
17:03:40     0.00     0.00     0.00     0.00     0.00
17:03:45     0.00     0.00     0.00     0.00     0.00
17:03:50     0.00     0.00     0.00     0.00     0.00
17:03:55     0.00     0.00     0.00     0.00     0.00
17:04:00     0.00     0.00     0.00     0.00     0.00
17:04:05     0.00     0.00     0.00     0.00     0.00
17:04:10     0.00     0.00     0.00     0.00     0.00
17:04:15     0.00     0.00     0.00     0.00     0.00
17:04:20     0.00     0.00     0.00     0.00     0.00
17:04:25     0.00     0.00     0.00     0.00     0.00
17:04:30     0.00     0.00     0.00     0.00     0.00
17:04:35     0.00     0.00     0.00     0.00     0.00
17:04:40     0.00     0.00     0.00     0.00     0.00
17:04:45     0.00     0.00     0.00     0.00     0.00
17:04:50     0.00     0.00     0.00     0.00     0.00
17:04:55     0.00     0.00     0.00     0.00     0.00
17:05:00     0.00     0.00     0.00     0.00     0.00
17:05:05     0.00     0.00     0.00     0.00     0.00
17:05:10     0.00     0.00     0.00     0.00     0.00
17:05:15     0.00     0.00     0.00     0.00     0.00
17:05:20     0.00     0.00     0.00     0.00     0.00
17:05:25     0.00     0.00     0.00     0.00     0.00
17:05:30     0.00     0.00     0.00     0.00     0.00
17:05:35     0.00     0.00     0.00     0.00     0.00
17:05:40     0.00     0.00     0.00     0.00     0.00
17:05:45     0.00     0.00     0.00     0.00     0.00
17:05:50     0.00     0.00     0.00     0.00     0.00
17:05:55     0.00     0.00     0.00     0.00     0.00
17:06:00     0.00     0.00     0.00     0.00     0.00
17:06:05     0.00     0.00     0.00     0.00     0.00
17:06:10     0.00     0.00     0.00     0.00     0.00
17:06:15     0.00     0.00     0.00     0.00     0.00
17:06:20     0.00     0.00     0.00     0.00     0.00
17:06:25     0.00     0.00     0.00     0.00     0.00
17:06:30     0.00     0.00     0.00     0.00     0.00
17:06:35     0.00     0.00     0.00     0.00     0.00
17:06:40     0.00     0.00     0.00     0.00     0.00
17:06:45     0.00     0.00     0.00     0.00     0.00
17:06:50     0.00     0.00     0.00     0.00     0.00
17:06:55     0.00     0.00     0.00     0.00     0.00
17:07:00     0.00     0.00     0.00     0.00     0.00
17:07:05     0.00     0.00     0.00     0.00     0.00
17:07:10     0.00     0.00     0.00     0.00     0.00
17:07:15     0.00     0.00     0.00     0.00     0.00
17:07:20     0.00     0.00     0.00     0.00     0.00
17:07:25     0.00     0.00     0.00     0.00     0.00
17:07:30     0.00     0.00     0.00     0.00     0.00
17:07:35     0.00     0.00     0.00     0.00     0.00
17:07:40     0.00     0.00     0.00     0.00     0.00
17:07:45     0.00     0.00     0.00     0.00     0.00
17:07:50     0.00     0.00     0.00     0.00     0.00
17:07:55     0.00     0.00     0.00     0.00     0.00
17:08:00     0.00     0.00     0.00     0.00     0.00
17:08:05     0.00     0.00     0.00     0.00     0.00
17:08:10     0.00     0.00     0.00     0.00     0.00
17:08:15     0.00     0.00     0.00     0.00     0.00
17:08:20     0.00     0.00     0.00     0.00     0.00
17:08:25     0.00     0.00     0.00     0.00     0.00
17:08:30     0.00     0.00     0.00     0.00     0.00
17:08:35     0.00     0.00     0.00     0.00     0.00
17:08:40     0.00     0.00     0.00     0.00     0.00
17:08:45     0.00     0.00     0.00     0.00     0.00
17:08:50     0.00     0.00     0.00     0.00     0.00
17:08:55     0.00     0.00     0.00     0.00     0.00
17:09:00     0.00     0.00     0.00     0.00     0.00
17:09:05     0.00     0.00     0.00     0.00     0.00
17:09:10     0.00     0.00     0.00     0.00     0.00
17:09:15     0.00     0.00     0.00     0.00     0.00
17:09:20     0.00     0.00     0.00     0.00     0.00
17:09:25     0.00     0.00     0.00     0.00     0.00
17:09:30     0.00     0.00     0.00     0.00     0.00
17:09:35     0.00     0.00     0.00     0.00     0.00
17:09:40     0.00     0.00     0.00     0.00     0.00
17:09:46     0.00     0.00     0.00     0.00     0.00
17:09:51     0.00     0.00     0.00     0.00     0.00
17:09:56     0.00     0.00     0.00     0.00     0.00
17:10:01     0.00     0.00     0.00     0.00     0.00
17:10:06     0.00     0.00     0.00     0.00     0.00
17:10:11     0.00     0.00     0.00     0.00     0.00
17:10:16     0.00     0.00     0.00     0.00     0.00
17:10:21     0.00     0.00     0.00     0.00     0.00
17:10:26     0.00     0.00     0.00     0.00     0.00
17:10:31     0.00     0.00     0.00     0.00     0.00
17:10:36     0.00     0.00     0.00     0.00     0.00
17:10:41     0.00     0.00     0.00     0.00     0.00
17:10:46     0.00     0.00     0.00     0.00     0.00
17:10:51     0.00     0.00     0.00     0.00     0.00
17:10:56     0.00     0.00     0.00     0.00     0.00
17:11:01     0.00     0.00     0.00     0.00     0.00
17:11:06     0.00     0.00     0.00     0.00     0.00
17:11:11     0.00     0.00     0.00     0.00     0.00
17:11:16     0.00     0.00     0.00     0.00     0.00
17:11:21     0.00     0.00     0.00     0.00     0.00
17:11:26     0.00     0.00     0.00     0.00     0.00
17:11:31     0.00     0.00     0.00     0.00     0.00
17:11:36     0.00     0.00     0.00     0.00     0.00
17:11:41     0.00     0.00     0.00     0.00     0.00
17:11:46     0.00     0.00     0.00     0.00     0.00
17:11:51     0.00     0.00     0.00     0.00     0.00
17:11:56     0.00     0.00     0.00     0.00     0.00
17:12:01     0.00     0.00     0.00     0.00     0.00
17:12:06     0.00     0.00     0.00     0.00     0.00
17:12:11     0.00     0.00     0.00     0.00     0.00
17:12:16     0.00     0.00     0.00     0.00     0.00
17:12:21     0.00     0.00     0.00     0.00     0.00
17:12:26     0.00     0.00     0.00     0.00     0.00
17:12:31     0.00     0.00     0.00     0.00     0.00
17:12:36     0.00     0.00     0.00     0.00     0.00
17:12:41     0.00     0.00     0.00     0.00     0.00
17:12:46     0.00     0.00     0.00     0.00     0.00
17:12:51     0.00     0.00     0.00     0.00     0.00
17:12:56     0.00     0.00     0.00     0.00     0.00
17:13:01     0.00     0.00     0.00     0.00     0.00
17:13:06     0.00     0.00     0.00     0.00     0.00
17:13:11     0.00     0.00     0.00     0.00     0.00
17:13:16     0.00     0.00     0.00     0.00     0.00
17:13:21     0.00     0.00     0.00     0.00     0.00
17:13:26     0.00     0.00     0.00     0.00     0.00
17:13:31     0.00     0.00     0.00     0.00     0.00
17:13:36     0.00     0.00     0.00     0.00     0.00
17:13:41     0.00     0.00     0.00     0.00     0.00
17:13:46     0.00     0.00     0.00     0.00     0.00
17:13:51     0.00     0.00     0.00     0.00     0.00
17:13:56     0.00     0.00     0.00     0.00     0.00
17:14:01     0.00     0.00     0.00     0.00     0.00
17:14:06     0.00     0.00     0.00     0.00     0.00
17:14:11     0.00     0.00     0.00     0.00     0.00
17:14:16     0.00     0.00     0.00     0.00     0.00
17:14:21     0.00     0.00     0.00     0.00     0.00
17:14:26     0.00     0.00     0.00     0.00     0.00
17:14:31     0.00     0.00     0.00     0.00     0.00
17:14:36     0.00     0.00     0.00     0.00     0.00
17:14:41     0.00     0.00     0.00     0.00     0.00
17:14:46     0.00     0.00     0.00     0.00     0.00
17:14:51     0.00     0.00     0.00     0.00     0.00
17:14:56     0.00     0.00     0.00     0.00     0.00
17:15:01     0.00     0.00     0.00     0.00     0.00
17:15:06     0.00     0.00     0.00     0.00     0.00
17:15:11     0.00     0.00     0.00     0.00     0.00
17:15:16     0.00     0.00     0.00     0.00     0.00
17:15:21     0.00     0.00     0.00     0.00     0.00
17:15:26     0.00     0.00     0.00     0.00     0.00
17:15:31     0.00     0.00     0.00     0.00     0.00
17:15:36     0.00     0.00     0.00     0.00     0.00
17:15:41     0.00     0.00     0.00     0.00     0.00
17:15:46     0.00     0.00     0.00     0.00     0.00
17:15:51     0.00     0.00     0.00     0.00     0.00
17:15:56     0.00     0.00     0.00     0.00     0.00
17:16:01     0.00     0.00     0.00     0.00     0.00
17:16:06     0.00     0.00     0.00     0.00     0.00
17:16:11     0.00     0.00     0.00     0.00     0.00
17:16:16     0.00     0.00     0.00     0.00     0.00
17:16:21     0.00     0.00     0.00     0.00     0.00
17:16:26     0.00     0.00     0.00     0.00     0.00
17:16:31     0.00     0.00     0.00     0.00     0.00
17:16:36     0.00     0.00     0.00     0.00     0.00
17:16:41     0.00     0.00     0.00     0.00     0.00
17:16:46     0.00     0.00     0.00     0.00     0.00
17:16:51     0.00     0.00     0.00     0.00     0.00
17:16:56     0.00     0.00     0.00     0.00     0.00
17:17:01     0.00     0.00     0.00     0.00     0.00
17:17:06     0.00     0.00     0.00     0.00     0.00
17:17:11     0.00     0.00     0.00     0.00     0.00
17:17:16     0.00     0.00     0.00     0.00     0.00
17:17:21     0.00     0.00     0.00     0.00     0.00
17:17:26     0.00     0.00     0.00     0.00     0.00
17:17:31     0.00     0.00     0.00     0.00     0.00
17:17:36     0.00     0.00     0.00     0.00     0.00
17:17:41     0.00     0.00     0.00     0.00     0.00
17:17:46     0.00     0.00     0.00     0.00     0.00
17:17:51     0.00     0.00     0.00     0.00     0.00
17:17:56     0.00     0.00     0.00     0.00     0.00
17:18:01     0.00     0.00     0.00     0.00     0.00
17:18:07     0.00     0.00     0.00     0.00     0.00
17:18:12     0.00     0.00     0.00     0.00     0.00
17:18:17     0.00     0.00     0.00     0.00     0.00
