
SunOS canfire03 5.11 onnv-gate i86pc    05/10/2009

16:39:12 sml_mem   alloc  fail  lg_mem   alloc  fail  ovsz_alloc  fail
16:39:17 367440064 320507904     0 1194983424 1148113920     0    76648448     0
16:39:22 367440064 320513088     0 1194967040 1148106880     0    76648448     0
16:39:27 367440064 320516608     0 1194967040 1148108800     0    76648448     0
16:39:32 367440064 320488864     0 1194983424 1148125824     0    76648448     0
16:39:37 367440064 320493760     0 1194991616 1148128896     0    76648448     0
16:39:42 367440064 320496832     0 1194975232 1148120704     0    76648448     0
16:39:47 367440064 320511840     0 1194975232 1148176512     0    76648448     0
16:39:52 367440064 320617344     0 1195016192 1148212480     0    76648448     0
16:39:57 367440064 320510432     0 1194991616 1148144384     0    76648448     0
16:40:02 367440064 320487392     0 1194971136 1148128896     0    76648448     0
16:40:07 367440064 320489856     0 1194971136 1148135424     0    76648448     0
16:40:12 367440064 320496128     0 1194987520 1148147200     0    76648448     0
16:40:17 367440064 320499712     0 1194987520 1148153856     0    76648448     0
16:40:22 367440064 320502656     0 1194971136 1148143104     0    76648448     0
16:40:27 367440064 320506240     0 1194971136 1148149248     0    76648448     0
16:40:32 367440064 320498752     0 1194995712 1148214272     0    76648448     0
16:40:37 367440064 320519680     0 1195016192 1148202752     0    76648448     0
16:40:42 367440064 320494848     0 1194987520 1148157440     0    76648448     0
16:40:47 367440064 320498560     0 1194991616 1148160000     0    76648448     0
16:40:52 367440064 320504960     0 1195008000 1148175872     0    76648448     0
16:40:57 367440064 320508960     0 1195008000 1148179968     0    76648448     0
16:41:02 367444160 320488768     0 1194991616 1148174976     0    76648448     0
16:41:07 367444160 320493824     0 1194991616 1148178944     0    76648448     0
16:41:12 367444160 320500096     0 1195008000 1148193792     0    76648448     0
16:41:17 367444160 320515072     0 1195008000 1148248064     0    76648448     0
16:41:22 367444160 320583264     0 1195008000 1148230016     0    76648448     0
16:41:27 367444160 320510848     0 1194991616 1148195072     0    76648448     0
16:41:32 367444160 320491520     0 1195008000 1148207104     0    76648448     0
16:41:37 367444160 320496160     0 1195008000 1148211200     0    76648448     0
16:41:42 367444160 320499200     0 1194991616 1148197888     0    76648448     0
16:41:47 367444160 320502784     0 1194991616 1148201984     0    76648448     0
16:41:52 367444160 320509056     0 1195008000 1148218368     0    76648448     0
16:41:57 367444160 320523968     0 1195008000 1148274176     0    76648448     0
16:42:02 367444160 320607136     0 1195036672 1148305280     0    76648448     0
16:42:07 367444160 320493888     0 1195012096 1148218880     0    76648448     0
16:42:12 367444160 320500160     0 1195028480 1148233728     0    76648448     0
16:42:17 367444160 320503744     0 1195028480 1148239360     0    76648448     0
16:42:22 367444160 320506688     0 1195012096 1148235264     0    76648448     0
16:42:27 367444160 320510336     0 1195012096 1148235776     0    76648448     0
16:42:32 367444160 320491552     0 1195028480 1148249088     0    76648448     0
16:42:37 367444160 320496128     0 1195028480 1148253184     0    76648448     0
16:42:42 367444160 320510464     0 1195012096 1148296192     0    76648448     0
16:42:47 367444160 320580960     0 1195028480 1148290560     0    76648448     0
16:42:52 367444160 320509152     0 1195028480 1148262656     0    76648448     0
16:42:57 367444160 320512800     0 1195028480 1148264448     0    76648448     0
16:43:02 367444160 320491616     0 1195012096 1148253824     0    76648448     0
16:43:07 367444160 320494464     0 1195012096 1148263936     0    76648448     0
16:43:12 367444160 320500736     0 1195028480 1148279808     0    76648448     0
16:43:17 367444160 320504320     0 1195028480 1148279808     0    76648448     0
16:43:22 367444160 320507264     0 1195012096 1148271104     0    76648448     0
16:43:27 367444160 320500032     0 1195024384 1148288640     0    76648448     0
16:43:32 367444160 320492192     0 1195081728 1148297088     0    76648448     0
16:43:37 367444160 320497216     0 1195081728 1148301184     0    76648448     0
16:43:42 367444160 320500160     0 1195065344 1148293504     0    76648448     0
16:43:47 367444160 320503744     0 1195065344 1148294016     0    76648448     0
16:43:52 367444160 320510016     0 1195081728 1148304128     0    76648448     0
16:43:57 367444160 320513600     0 1195081728 1148315008     0    76648448     0
16:44:02 367444160 320490752     0 1195065344 1148306944     0    76648448     0
16:44:07 367444160 320508736     0 1195065344 1148368128     0    76648448     0
16:44:12 367444160 321132224     0 1195290624 1148657280     0    76648448     0
16:44:17 367448256 327259072     0 1196351488 1149676544     0    76648448     0
16:44:22 367448256 327336384     0 1196347392 1149677568     0    76648448     0
16:44:27 367448256 327351936     0 1196347392 1149676288     0    76648448     0
16:44:32 367448256 327243200     0 1196367872 1149672832     0    76648448     0
16:44:38 367448256 327247712     0 1196367872 1149673344     0    76648448     0
16:44:43 367448256 327250688     0 1196351488 1149669760     0    76648448     0
16:44:48 367448256 327265664     0 1196351488 1149721984     0    76648448     0
16:44:53 367448256 327371616     0 1196392448 1149759616     0    76648448     0
16:44:58 367448256 327270976     0 1196371968 1149833856     0    76648448     0
16:45:03 367448256 327243040     0 1196363776 1149680640     0    76648448     0
16:45:08 367448256 327247200     0 1196363776 1149685120     0    76648448     0
16:45:13 367448256 327253472     0 1196380160 1149698560     0    76648448     0
16:45:18 367448256 327257152     0 1196511232 1149702656     0    76648448     0
16:45:23 367448256 327260256     0 1196625920 1149691904     0    76648448     0
16:45:28 367448256 327274720     0 1196625920 1149890304     0    76648448     0
16:45:33 367448256 327356992     0 1196666880 1149928320     0    76648448     0
16:45:38 367448256 327249696     0 1196642304 1149857280     0    76648448     0
16:45:43 367448256 327252672     0 1196625920 1149845504     0    76648448     0
16:45:48 367448256 327256256     0 1196625920 1149845504     0    76648448     0
16:45:53 367448256 327262624     0 1196650496 1149858304     0    76648448     0
16:45:58 367448256 327265344     0 1196683264 1149897344     0    76648448     0
16:46:03 367448256 327244480     0 1196666880 1149881472     0    76648448     0
16:46:08 367448256 327248640     0 1196666880 1149881856     0    76648448     0
16:46:13 367448256 327268544     0 1196687360 1149945984     0    76648448     0
16:46:18 367448256 327258304     0 1196683264 1149895168     0    76648448     0
16:46:23 367448256 327261376     0 1196666880 1149891584     0    76648448     0
16:46:28 367448256 327263840     0 1196716032 1149892224     0    76648448     0
16:46:33 367448256 327247328     0 1196732416 1149904384     0    76648448     0
16:46:38 367448256 327250912     0 1196732416 1149904384     0    76648448     0
16:46:43 367448256 327253856     0 1196716032 1149891584     0    76648448     0
16:46:48 367448256 327257440     0 1196716032 1149891584     0    76648448     0
16:46:53 367448256 327275488     0 1196732416 1149963008     0    76648448     0
16:46:58 367448256 327342912     0 1196748800 1149955200     0    76648448     0
16:47:03 367448256 327037888     0 1196687360 1149892224     0    76648448     0
16:47:08 367448256 327112544     0 1196699648 1149908608     0    76648448     0
16:47:13 367448256 327137600     0 1196720128 1149924480     0    76648448     0
16:47:18 367448256 327153440     0 1196703744 1149912704     0    76648448     0
16:47:23 367448256 327157184     0 1196703744 1149915136     0    76648448     0
16:47:28 367448256 327133120     0 1196720128 1149926912     0    76648448     0
16:47:33 367448256 327150560     0 1196720128 1149980800     0    76648448     0
16:47:38 367448256 327220768     0 1196720128 1149968384     0    76648448     0
16:47:43 367448256 327145472     0 1196703744 1149918848     0    76648448     0
16:47:48 367448256 327151744     0 1196720128 1149933056     0    76648448     0
16:47:53 367448256 327155328     0 1196720128 1149935744     0    76648448     0
16:47:58 367448256 327131776     0 1196703744 1149928064     0    76648448     0
16:48:03 367448256 327136704     0 1196703744 1149926016     0    76648448     0
16:48:08 367448256 327143552     0 1196720128 1149939840     0    76648448     0
16:48:13 367448256 327158592     0 1196720128 1149992064     0    76648448     0
16:48:18 367448256 327155776     0 1196703744 1149938048     0    76648448     0
16:48:23 367448256 327153760     0 1196703744 1149932160     0    76648448     0
16:48:28 367448256 327133216     0 1196720128 1149942272     0    76648448     0
16:48:33 367448256 327139456     0 1196720128 1149944960     0    76648448     0
16:48:38 367448256 327142400     0 1196703744 1149933184     0    76648448     0
16:48:43 367448256 327145984     0 1196703744 1149937280     0    76648448     0
16:48:48 367448256 327152256     0 1196720128 1149955200     0    76648448     0
16:48:53 367448256 327167808     0 1196720128 1150008448     0    76648448     0
16:48:58 367448256 327243296     0 1196728320 1150018304     0    76648448     0
16:49:03 367448256 327137280     0 1196703744 1149943040     0    76648448     0
16:49:08 367448256 327200512     0 1196728320 1149985152     0    76648448     0
16:49:13 367448256 327295072     0 1196744704 1150001536     0    76648448     0
16:49:18 367448256 327410368     0 1196744704 1150008704     0    76648448     0
16:49:23 367448256 327414048     0 1196744704 1150010240     0    76648448     0
16:49:28 367448256 327501472     0 1196781568 1150042496     0    76648448     0
16:49:33 367448256 327540544     0 1196785664 1150102912     0    76648448     0
16:49:38 367448256 327642336     0 1196793856 1150110464     0    76648448     0
16:49:43 367448256 327625888     0 1196781568 1150053248     0    76648448     0
16:49:48 367448256 327653856     0 1196802048 1150067584     0    76648448     0
16:49:53 367448256 327657440     0 1196802048 1150073216     0    76648448     0
16:49:58 367448256 327690848     0 1196797952 1150073728     0    76648448     0
16:50:03 367448256 327696320     0 1196797952 1150074368     0    76648448     0
16:50:08 367448256 327718912     0 1196814336 1150087552     0    76648448     0
16:50:13 367448256 327742048     0 1196818432 1150142336     0    76648448     0
16:50:18 367448256 327845248     0 1196826624 1150155520     0    76648448     0
16:50:23 367448256 327737344     0 1196802048 1150086272     0    76648448     0
16:50:28 367448256 327716576     0 1196818432 1150099840     0    76648448     0
16:50:33 367448256 327722624     0 1196818432 1150099840     0    76648448     0
16:50:38 367448256 327725568     0 1196802048 1150088064     0    76648448     0
16:50:43 367448256 327729152     0 1196802048 1150088064     0    76648448     0
16:50:48 367448256 327735424     0 1196818432 1150101888     0    76648448     0
16:50:53 367448256 327750592     0 1196818432 1150153472     0    76648448     0
16:50:58 367448256 327827040     0 1196826624 1150167296     0    76648448     0
16:51:03 367448256 327720640     0 1196769280 1150060416     0    76648448     0
16:51:08 367448256 327727552     0 1196785664 1150076672     0    76648448     0
16:51:13 367448256 327731456     0 1196785664 1150075136     0    76648448     0
16:51:18 367448256 327734496     0 1196769280 1150064896     0    76648448     0
16:51:23 367448256 327737888     0 1196769280 1150063360     0    76648448     0
16:51:28 367448256 327717280     0 1196785664 1150080768     0    76648448     0
16:51:33 367448256 327734720     0 1196785664 1150132992     0    76648448     0
16:51:38 367448256 327839040     0 1196916736 1150264960     0    76648448     0
16:51:43 367448256 327730240     0 1196892160 1150193920     0    76648448     0
16:51:48 367448256 327736512     0 1196908544 1150205696     0    76648448     0
16:51:53 367448256 327740096     0 1196908544 1150206080     0    76648448     0
16:51:58 367448256 327715840     0 1196892160 1150204160     0    76648448     0
16:52:03 367448256 327721344     0 1196892160 1150203776     0    76648448     0
16:52:08 367448256 327728352     0 1196908544 1150215936     0    76648448     0
16:52:13 367448256 327732032     0 1196908544 1150216960     0    76648448     0
16:52:18 367448256 327760800     0 1196900352 1150263936     0    76648448     0
16:52:23 367448256 327738304     0 1196892160 1150205184     0    76648448     0
16:52:28 367448256 327718048     0 1196908544 1150221312     0    76648448     0
16:52:33 367448256 327724096     0 1196908544 1150225408     0    76648448     0
16:52:38 367448256 327727040     0 1196892160 1150211968     0    76648448     0
16:52:43 367448256 327730624     0 1196892160 1150217728     0    76648448     0
16:52:48 367448256 327736896     0 1196908544 1150231552     0    76648448     0
16:52:53 367448256 327740480     0 1196908544 1150229888     0    76648448     0
16:52:59 367448256 327780736     0 1196908544 1150303872     0    76648448     0
16:53:04 367448256 327721920     0 1196892160 1150223488     0    76648448     0
16:53:09 367448256 327728928     0 1196908544 1150233984     0    76648448     0
16:53:14 367448256 327732992     0 1196908544 1150236288     0    76648448     0
16:53:19 367448256 327735552     0 1196892160 1150222208     0    76648448     0
16:53:24 367448256 327739136     0 1196892160 1150222208     0    76648448     0
16:53:29 367448256 327718464     0 1196908544 1150235648     0    76648448     0
16:53:34 367448256 327724224     0 1196908544 1150239744     0    76648448     0
16:53:39 367448256 327735680     0 1196892160 1150285056     0    76648448     0
16:53:44 367448256 327730496     0 1196892160 1150232064     0    76648448     0
16:53:49 367448256 327736768     0 1196908544 1150243840     0    76648448     0
16:53:54 367448256 327740352     0 1196908544 1150243840     0    76648448     0
16:53:59 367448256 327716448     0 1196892160 1150232448     0    76648448     0
16:54:04 367448256 327722112     0 1196892160 1150234112     0    76648448     0
16:54:09 367448256 327729120     0 1197039616 1150249984     0    76648448     0
16:54:14 367448256 327732800     0 1197170688 1150248320     0    76648448     0
16:54:19 367448256 327718496     0 1197248512 1150254080     0    76648448     0
16:54:24 367448256 327749408     0 1197293568 1150260480     0    76648448     0
16:54:29 367448256 327718848     0 1197432832 1150254080     0    76648448     0
16:54:34 367448256 327724928     0 1197432832 1150253440     0    76648448     0
16:54:39 367448256 327729152     0 1197416448 1150374912     0    76648448     0
16:54:44 367448256 327732736     0 1197416448 1150373376     0    76648448     0
16:54:49 367448256 327739008     0 1197432832 1150390784     0    76648448     0
16:54:54 367448256 327742592     0 1197432832 1150392832     0    76648448     0
16:54:59 367448256 327710208     0 1197416448 1150447104     0    76648448     0
16:55:04 367448256 327727872     0 1197420544 1150409216     0    76648448     0
16:55:09 367448256 327730528     0 1197432832 1150411776     0    76648448     0
16:55:14 367448256 327734112     0 1197432832 1150411776     0    76648448     0
16:55:19 367448256 327737088     0 1197416448 1150401536     0    76648448     0
16:55:24 367448256 327740672     0 1197416448 1150400000     0    76648448     0
16:55:29 367448256 327720032     0 1197432832 1150411776     0    76648448     0
16:55:34 367448256 327725920     0 1197428736 1150408704     0    76648448     0
16:55:39 367448256 327768768     0 1197428736 1150474112     0    76648448     0
16:55:44 367448256 327735040     0 1197432832 1150413312     0    76648448     0
16:55:49 367448256 327738624     0 1197432832 1150413312     0    76648448     0
16:55:54 367448256 327741632     0 1197416448 1150404096     0    76648448     0
16:55:59 367448256 327720960     0 1197449216 1150437504     0    76648448     0
16:56:04 367448256 327728768     0 1197465600 1150454912     0    76648448     0
16:56:09 367448256 327732896     0 1197465600 1150454912     0    76648448     0
16:56:14 367448256 327735840     0 1197449216 1150441600     0    76648448     0
16:56:19 367448256 327750912     0 1197449216 1150495360     0    76648448     0
16:56:24 367448256 327822720     0 1197481984 1150495872     0    76648448     0
16:56:29 367448256 327722560     0 1197465600 1150454912     0    76648448     0
16:56:34 367448256 327727968     0 1197449216 1150443136     0    76648448     0
16:56:39 367448256 327731552     0 1197449216 1150441600     0    76648448     0
16:56:44 367448256 327737824     0 1197465600 1150461056     0    76648448     0
16:56:49 367448256 327741408     0 1197465600 1150461056     0    76648448     0
16:56:54 367448256 327744384     0 1197449216 1150449280     0    76648448     0
16:56:59 367448256 327733184     0 1197449216 1150501504     0    76648448     0
16:57:04 367448256 327808512     0 1197481984 1150500480     0    76648448     0
16:57:09 367448256 327733504     0 1197465600 1150461056     0    76648448     0
16:57:14 367448256 327736448     0 1197449216 1150447744     0    76648448     0
16:57:19 367448256 327740032     0 1197449216 1150449280     0    76648448     0
16:57:24 367448256 327746368     0 1197465600 1150461056     0    76648448     0
16:57:29 367448256 327723104     0 1197465600 1150463360     0    76648448     0
16:57:34 367448256 327728192     0 1197449216 1150451840     0    76648448     0
16:57:39 367448256 327743168     0 1197449216 1150505600     0    76648448     0
16:57:44 367448256 327815488     0 1197481984 1150508416     0    76648448     0
16:57:49 367448256 327742208     0 1197465600 1150594944     0    76648448     0
16:57:54 367448256 327745312     0 1197449216 1150584704     0    76648448     0
16:57:59 367448256 327722048     0 1197449216 1150587008     0    76648448     0
16:58:04 367448256 327729920     0 1197465600 1150598528     0    76648448     0
16:58:09 367448256 327733984     0 1197465600 1150598912     0    76648448     0
16:58:14 367448256 327737248     0 1197449216 1150589056     0    76648448     0
16:58:19 367448256 327751904     0 1197449216 1150643072     0    76648448     0
16:58:24 367448256 327823872     0 1197481984 1150643584     0    76648448     0
16:58:29 367448256 327723936     0 1197465600 1150609280     0    76648448     0
16:58:34 367448256 327729024     0 1197449216 1150593664     0    76648448     0
16:58:39 367448256 327732544     0 1197449216 1150599296     0    76648448     0
16:58:44 367448256 327739200     0 1197465600 1150613376     0    76648448     0
16:58:49 367448256 327742528     0 1197465600 1150611072     0    76648448     0
16:58:54 367448256 327745600     0 1197449216 1150597760     0    76648448     0
16:58:59 367448256 327734528     0 1197449216 1150650880     0    76648448     0
16:59:04 367448256 327811968     0 1197481984 1150652032     0    76648448     0
16:59:09 367448256 327734560     0 1197465600 1150615168     0    76648448     0
16:59:14 367448256 327737824     0 1197449216 1150604160     0    76648448     0
16:59:19 367448256 327741088     0 1197449216 1150601856     0    76648448     0
16:59:24 367448256 327747360     0 1197465600 1150615168     0    76648448     0
16:59:29 367448256 327725088     0 1197465600 1150617472     0    76648448     0
16:59:34 367448256 327729728     0 1197449216 1150601856     0    76648448     0
16:59:39 367448256 327744704     0 1197449216 1150655616     0    76648448     0
16:59:44 367448256 327778496     0 1197473792 1150648704     0    76648448     0
16:59:49 367448256 327743104     0 1197465600 1150615168     0    76648448     0
16:59:54 367448256 327746144     0 1197449216 1150607488     0    76648448     0
16:59:59 367448256 327722688     0 1197449216 1150607488     0    76648448     0
17:00:04 367448256 327730880     0 1197465600 1150617728     0    76648448     0
17:00:09 367448256 327735008     0 1197465600 1150619264     0    76648448     0
17:00:14 367448256 327737952     0 1197449216 1150605952     0    76648448     0
17:00:19 367448256 327752928     0 1197449216 1150662272     0    76648448     0
17:00:24 367448256 327846016     0 1197490176 1150694656     0    76648448     0
17:00:29 367448256 327724512     0 1197465600 1150623360     0    76648448     0
17:00:34 367448256 327729920     0 1197449216 1150611584     0    76648448     0
17:00:39 367448256 327733504     0 1197449216 1150611584     0    76648448     0
17:00:44 367448256 327740288     0 1197465600 1150625920     0    76648448     0
17:00:49 367448256 327743552     0 1197465600 1150627456     0    76648448     0
17:00:54 367448256 327746592     0 1197449216 1150615680     0    76648448     0
17:00:59 367448256 327735808     0 1197449216 1150673152     0    76648448     0
17:01:04 367448256 327720960     0 1197465600 1150642688     0    76648448     0
17:01:09 367448256 327735296     0 1197465600 1150632320     0    76648448     0
17:01:14 367448256 327738240     0 1197449216 1150624256     0    76648448     0
17:01:20 367448256 327741824     0 1197449216 1150622592     0    76648448     0
17:01:25 367448256 327748096     0 1197465600 1150636032     0    76648448     0
17:01:30 367448256 327725376     0 1197465600 1150638464     0    76648448     0
17:01:35 367448256 327730336     0 1197449216 1150628352     0    76648448     0
17:01:40 367448256 327745344     0 1197449216 1150680576     0    76648448     0
17:01:45 367448256 327838560     0 1197490176 1150711296     0    76648448     0
17:01:50 367448256 327743808     0 1197465600 1150640128     0    76648448     0
17:01:55 367448256 327746752     0 1197449216 1150626688     0    76648448     0
17:02:00 367448256 327723424     0 1197449216 1150628352     0    76648448     0
17:02:05 367448256 327732160     0 1197465600 1150638464     0    76648448     0
17:02:10 367448256 327735744     0 1197465600 1150640128     0    76648448     0
17:02:15 367448256 327738688     0 1197449216 1150628352     0    76648448     0
17:02:20 367448256 327753664     0 1197449216 1150684672     0    76648448     0
17:02:25 367448256 327858976     0 1197490176 1150717312     0    76648448     0
17:02:30 367448256 327725120     0 1197465600 1150644224     0    76648448     0
17:02:35 367448256 327730528     0 1197449216 1150632448     0    76648448     0
17:02:40 367448256 327734144     0 1197449216 1150634880     0    76648448     0
17:02:45 367448256 327740576     0 1197465600 1150646656     0    76648448     0
17:02:50 367448256 327744256     0 1197465600 1150648320     0    76648448     0
17:02:55 367448256 327747200     0 1197449216 1150636544     0    76648448     0
17:03:00 367448256 327735808     0 1197449216 1150688768     0    76648448     0
17:03:05 367448256 327845088     0 1197490176 1150725888     0    76648448     0
17:03:10 367448256 327736032     0 1197465600 1150652416     0    76648448     0
17:03:15 367448256 327739008     0 1197449216 1150640640     0    76648448     0
17:03:20 367448256 327742592     0 1197449216 1150640640     0    76648448     0
17:03:25 367448256 327748864     0 1197465600 1150650752     0    76648448     0
17:03:30 367448256 327726208     0 1197481984 1150668800     0    76648448     0
17:03:35 367448256 327731232     0 1197465600 1150655360     0    76648448     0
17:03:40 367448256 327746336     0 1197465600 1150709248     0    76648448     0
17:03:45 367448256 327854784     0 1197506560 1150740224     0    76648448     0
17:03:50 367448256 327744640     0 1197481984 1150668800     0    76648448     0
17:03:55 367448256 327747584     0 1197465600 1150661120     0    76648448     0
17:04:00 367448256 327727296     0 1197613056 1150804224     0    76648448     0
17:04:05 367448256 327733344     0 1197613056 1150802560     0    76648448     0
17:04:10 367448256 327736288     0 1197596672 1150792448     0    76648448     0
17:04:15 367448256 327739872     0 1197596672 1150792448     0    76648448     0
17:04:20 367448256 327746144     0 1197613056 1150804224     0    76648448     0
17:04:25 367448256 327794432     0 1197625344 1150872704     0    76648448     0
17:04:30 367448256 327725536     0 1197596672 1150798976     0    76648448     0
17:04:35 367448256 327731648     0 1197596672 1150800640     0    76648448     0
17:04:40 367448256 327738048     0 1197613056 1150810752     0    76648448     0
17:04:45 367448256 327742912     0 1197744128 1150942336     0    76648448     0
17:04:50 367448256 327745856     0 1197727744 1150932224     0    76648448     0
17:04:55 367448256 327749440     0 1197727744 1150932224     0    76648448     0
17:05:00 367448256 327729152     0 1197744128 1150960384     0    76648448     0
17:05:05 367448256 327847488     0 1197768704 1151039616     0    76648448     0
17:05:10 367448256 322562688     0 1196847104 1150056064     0    76648448     0
17:05:15 367448256 322581472     0 1196855296 1150085376     0    76648448     0
17:05:20 367448256 322015232     0 1196707840 1149995648     0    76648448     0
17:05:25 367448256 322018816     0 1196707840 1149999232     0    76648448     0
17:05:30 367448256 321969984     0 1196691456 1149985920     0    76648448     0
17:05:35 367448256 321975936     0 1196691456 1149985920     0    76648448     0
17:05:40 367448256 321982304     0 1196707840 1149999232     0    76648448     0
17:05:45 367448256 321997280     0 1196707840 1150049920     0    76648448     0
17:05:50 367448256 322068160     0 1196707840 1150028416     0    76648448     0
17:05:55 367448256 321992160     0 1196691456 1149987456     0    76648448     0
17:06:00 367448256 321970816     0 1196773376 1149999488     0    76648448     0
17:06:05 367448256 321975680     0 1196773376 1149994880     0    76648448     0
17:06:10 367448256 321978624     0 1196756992 1149983104     0    76648448     0
17:06:15 367448256 321982208     0 1196756992 1149983104     0    76648448     0
17:06:20 367448256 321988480     0 1196773376 1149994880     0    76648448     0
17:06:25 367448256 322003648     0 1196773376 1150046336     0    76648448     0
17:06:30 367448256 322030400     0 1196789760 1150066816     0    76648448     0
17:06:35 367448256 321974240     0 1196773376 1150003584     0    76648448     0
17:06:40 367448256 321980928     0 1196789760 1150017664     0    76648448     0
17:06:45 367448256 321984192     0 1196789760 1150013696     0    76648448     0
17:06:50 367448256 321987136     0 1196773376 1150001920     0    76648448     0
17:06:55 367448256 321990720     0 1196773376 1150001920     0    76648448     0
17:07:00 367448256 321970432     0 1196789760 1150013696     0    76648448     0
17:07:05 367448256 321976256     0 1196789760 1150015360     0    76648448     0
17:07:10 367448256 321990784     0 1196773376 1150055040     0    76648448     0
17:07:15 367448256 321981920     0 1196773376 1150011136     0    76648448     0
17:07:20 367448256 321988800     0 1196789760 1150013696     0    76648448     0
17:07:25 367448256 321992768     0 1196789760 1150017664     0    76648448     0
17:07:30 367448256 321968064     0 1196773376 1150003584     0    76648448     0
17:07:35 367448256 321974400     0 1196773376 1150001920     0    76648448     0
17:07:40 367448256 321980672     0 1196789760 1150015360     0    76648448     0
17:07:45 367448256 321984256     0 1196789760 1150013696     0    76648448     0
17:07:50 367448256 321987200     0 1196773376 1150003584     0    76648448     0
17:07:55 367448256 322004608     0 1196777472 1150055296     0    76648448     0
17:08:00 367448256 321969696     0 1196789760 1150013696     0    76648448     0
17:08:05 367448256 321106688     0 1196625920 1149873024     0    76648448     0
17:08:10 367448256 321109568     0 1196609536 1149857024     0    76648448     0
17:08:15 367452352 321150048     0 1196756992 1149906688     0    76648448     0
17:08:20 367456448 320607392     0 1196634112 1149853568     0    76648448     0
17:08:25 367456448 320611040     0 1196634112 1149855104     0    76648448     0
17:08:30 367456448 320551904     0 1196617728 1149841792     0    76648448     0
17:08:35 367456448 320569216     0 1196617728 1149895552     0    76648448     0
17:08:40 367456448 320674880     0 1196658688 1149929088     0    76648448     0
17:08:45 367456448 320567424     0 1196634112 1149857664     0    76648448     0
17:08:50 367456448 320570368     0 1196617728 1149847424     0    76648448     0
17:08:55 367456448 320574272     0 1196617728 1149848192     0    76648448     0
17:09:00 367456448 320553984     0 1196634112 1149859200     0    76648448     0
17:09:05 367456448 320559936     0 1196634112 1149859200     0    76648448     0
17:09:10 367456448 320562880     0 1196617728 1149847424     0    76648448     0
17:09:15 367456448 320566464     0 1196617728 1149845888     0    76648448     0
17:09:20 367456448 320584160     0 1196634112 1149909888     0    76648448     0
17:09:25 367456448 320653376     0 1196650496 1149899520     0    76648448     0
17:09:30 367456448 320553088     0 1196617728 1149845888     0    76648448     0
17:09:35 367456448 320558400     0 1196617728 1149847424     0    76648448     0
17:09:41 367456448 320564672     0 1196634112 1149859200     0    76648448     0
17:09:46 367456448 320568256     0 1196634112 1149859712     0    76648448     0
17:09:51 367456448 320571200     0 1196617728 1149847936     0    76648448     0
17:09:56 367456448 320574784     0 1196617728 1149849472     0    76648448     0
17:10:01 367456448 320565984     0 1196634112 1149913472     0    76648448     0
17:10:06 367456448 320672864     0 1196789760 1150070272     0    76648448     0
17:10:11 367456448 320563936     0 1196748800 1149980928     0    76648448     0
17:10:16 367456448 320567520     0 1196748800 1149979264     0    76648448     0
17:10:21 367456448 320573856     0 1196765184 1149991040     0    76648448     0
17:10:26 367456448 320577568     0 1196765184 1149992704     0    76648448     0
17:10:31 367456448 320555936     0 1196752896 1149987968     0    76648448     0
17:10:36 367456448 320561760     0 1196752896 1149989632     0    76648448     0
17:10:41 367456448 320568032     0 1196769280 1149999744     0    76648448     0
17:10:46 367456448 320583008     0 1196769280 1150057728     0    76648448     0
17:10:51 367456448 320570016     0 1196752896 1150001920     0    76648448     0
17:10:56 367456448 320577984     0 1196789760 1149992064     0    76648448     0
17:11:01 367456448 320557568     0 1196806144 1150003840     0    76648448     0
17:11:06 367456448 320563328     0 1196806144 1150005504     0    76648448     0
17:11:11 367456448 320567328     0 1196789760 1150123520     0    76648448     0
17:11:16 367456448 320570944     0 1196789760 1150123520     0    76648448     0
17:11:21 367456448 320577376     0 1196806144 1150136832     0    76648448     0
17:11:26 367456448 320581056     0 1196806144 1150136832     0    76648448     0
17:11:31 367456448 320591488     0 1196797952 1150182784     0    76648448     0
17:11:36 367456448 320562304     0 1196789760 1150125056     0    76648448     0
17:11:41 367456448 320568576     0 1196806144 1150136832     0    76648448     0
17:11:46 367456448 320572160     0 1196806144 1150135296     0    76648448     0
17:11:51 367456448 320575104     0 1196789760 1150123520     0    76648448     0
17:11:56 367456448 320578688     0 1196789760 1150123520     0    76648448     0
17:12:01 367456448 320558432     0 1196806144 1150136832     0    76648448     0
17:12:06 367456448 320564256     0 1196806144 1150136832     0    76648448     0
17:12:11 367456448 320578592     0 1196789760 1150177280     0    76648448     0
17:12:16 367456448 320681120     0 1196814336 1150198144     0    76648448     0
17:12:21 367456448 320576992     0 1196806144 1150136832     0    76648448     0
17:12:26 367456448 320580032     0 1196789760 1150125056     0    76648448     0
17:12:31 367456448 320556352     0 1196789760 1150125056     0    76648448     0
17:12:36 367456448 320565312     0 1196806144 1150135296     0    76648448     0
17:12:41 367456448 320568896     0 1196806144 1150135296     0    76648448     0
17:12:46 367456448 320571840     0 1196789760 1150125056     0    76648448     0
17:12:51 367456448 320575488     0 1196789760 1150125056     0    76648448     0
17:12:56 367456448 320593152     0 1196806144 1150187520     0    76648448     0
17:13:01 367456448 320635104     0 1196822528 1150180224     0    76648448     0
17:13:06 367456448 320563168     0 1196789760 1150128768     0    76648448     0
17:13:11 367456448 320567392     0 1196789760 1150129152     0    76648448     0
17:13:16 367456448 320573824     0 1196806144 1150140928     0    76648448     0
17:13:21 367456448 320576960     0 1196806144 1150140928     0    76648448     0
17:13:26 367456448 320579904     0 1196789760 1150127616     0    76648448     0
17:13:31 367460544 320560256     0 1196789760 1150133248     0    76648448     0
17:13:36 367460544 320580160     0 1196806144 1150197248     0    76648448     0
17:13:41 367460544 320682976     0 1196830720 1150216576     0    76648448     0
17:13:46 367460544 320575040     0 1196789760 1150133248     0    76648448     0
17:13:51 367460544 320578624     0 1196789760 1150133248     0    76648448     0
17:13:56 367460544 320584896     0 1196806144 1150145024     0    76648448     0
17:14:01 367460544 320561984     0 1196806144 1150145024     0    76648448     0
17:14:06 367460544 320567168     0 1196789760 1150137344     0    76648448     0
17:14:11 367460544 320570784     0 1196789760 1150137344     0    76648448     0
17:14:16 367460544 320577216     0 1196806144 1150149120     0    76648448     0
17:14:21 367460544 320592256     0 1196806144 1150205440     0    76648448     0
17:14:26 367460544 320588416     0 1196789760 1150148992     0    76648448     0
17:14:31 367460544 320560032     0 1196806144 1150157824     0    76648448     0
17:14:36 367460544 320568992     0 1196822528 1150169600     0    76648448     0
17:14:41 367460544 320572608     0 1196822528 1150169600     0    76648448     0
17:14:46 367460544 320575520     0 1196806144 1150156288     0    76648448     0
17:14:51 367460544 320579264     0 1196806144 1150156288     0    76648448     0
17:14:56 367460544 320585376     0 1196822528 1150168064     0    76648448     0
17:15:01 367460544 320562272     0 1196822528 1150168064     0    76648448     0
17:15:06 367460544 320580288     0 1196806144 1150216192     0    76648448     0
17:15:11 367460544 320648288     0 1196822528 1150197120     0    76648448     0
17:15:16 367460544 320577344     0 1196822528 1150169600     0    76648448     0
17:15:21 367460544 320580928     0 1196822528 1150169600     0    76648448     0
17:15:26 367460544 320583872     0 1196806144 1150157824     0    76648448     0
17:15:31 367460544 320560896     0 1196806144 1150157824     0    76648448     0
17:15:36 367460544 320569408     0 1196822528 1150169600     0    76648448     0
17:15:41 367460544 320572992     0 1196822528 1150168064     0    76648448     0
17:15:46 367460544 320587328     0 1196806144 1150208512     0    76648448     0
17:15:51 367460544 320690112     0 1196830720 1150229376     0    76648448     0
17:15:56 367460544 320587776     0 1196826624 1150174592     0    76648448     0
17:16:01 367460544 320562880     0 1196822528 1150172416     0    76648448     0
17:16:06 367460544 320568032     0 1196806144 1150160640     0    76648448     0
17:16:11 367460544 320571776     0 1196806144 1150160640     0    76648448     0
17:16:16 367460544 320579040     0 1196953600 1150303744     0    76648448     0
17:16:21 367460544 320582624     0 1196953600 1150303744     0    76648448     0
17:16:26 367460544 320585568     0 1196937216 1150291968     0    76648448     0
17:16:31 367460544 320573568     0 1196937216 1150344192     0    76648448     0
17:16:36 367460544 320647616     0 1196969984 1150347136     0    76648448     0
17:16:41 367460544 320574016     0 1196953600 1150303744     0    76648448     0
17:16:46 367460544 320576960     0 1196937216 1150291968     0    76648448     0
17:16:51 367460544 320580704     0 1196937216 1150293504     0    76648448     0
17:16:56 367460544 320586816     0 1196953600 1150305280     0    76648448     0
17:17:01 367460544 320563840     0 1196953600 1150305280     0    76648448     0
17:17:06 367460544 320569184     0 1196937216 1150297600     0    76648448     0
17:17:11 367460544 320584352     0 1196978176 1150353920     0    76648448     0
17:17:16 367460544 320689856     0 1197019136 1150386688     0    76648448     0
17:17:21 367460544 320582880     0 1196994560 1150315776     0    76648448     0
17:17:26 367460544 320585504     0 1196978176 1150301696     0    76648448     0
17:17:31 367460544 320562496     0 1196978176 1150301696     0    76648448     0
17:17:36 367460544 320571008     0 1196994560 1150313472     0    76648448     0
17:17:41 367460544 320574592     0 1196994560 1150313472     0    76648448     0
17:17:46 367460544 320577536     0 1196978176 1150301696     0    76648448     0
17:17:51 367460544 320580864     0 1196978176 1150301696     0    76648448     0
17:17:56 367460544 320598528     0 1196994560 1150365696     0    76648448     0
17:18:02 367460544 320565952     0 1196994560 1150321536     0    76648448     0
17:18:07 367460544 320569376     0 1196978176 1150302464     0    76648448     0
17:18:12 367460544 320572736     0 1196978176 1150301696     0    76648448     0
17:18:17 367460544 320579008     0 1196994560 1150313472     0    76648448     0
