parsecsingle.sh: Executing swaptions benchmark.
parsecsingle.sh: Destination directory is /usr/home/awl8049/scheduler/
parsecsingle.sh: Using parsec_awldev1swaptions as id for this run
parsecsingle.sh: Clearing memory on power meter
parsecsingle.sh: Restarting teaplant.
And now we start the Parsecsingle swaptions benchmark at 
DEBUG - PARSECPLAT is amd64-bsd.gcc
DEBUG buildfile = /usr/home/awl8049/Projects/parsec-2.1/config/gcc.bldconf
[PARSEC] Benchmarks to run:  swaptions

[PARSEC] [========== Running benchmark swaptions ==========]
[PARSEC] Deleting old run directory.
[PARSEC] Setting up run directory.
[PARSEC] No archive for input 'native' available, skipping input setup.
[PARSEC] Running 'time /usr/home/awl8049/Projects/parsec-2.1/pkgs/apps/swaptions/inst/amd64-bsd.gcc/bin/swaptions -ns 128 -sm 1000000 -nt 1':
[PARSEC] [---------- Beginning of output ----------]
PARSEC Benchmark Suite Version 2.1
Swaption0: [SwaptionPrice: 0.0000176943 StdError: 0.0000004602] 
Swaption1: [SwaptionPrice: 0.0000176943 StdError: 0.0000004602] 
Swaption2: [SwaptionPrice: 0.0000176943 StdError: 0.0000004602] 
Swaption3: [SwaptionPrice: 0.0000176943 StdError: 0.0000004602] 
Swaption4: [SwaptionPrice: 0.0000176943 StdError: 0.0000004602] 
Swaption5: [SwaptionPrice: 0.0000176943 StdError: 0.0000004602] 
Swaption6: [SwaptionPrice: 0.0000176943 StdError: 0.0000004602] 
Swaption7: [SwaptionPrice: 0.0000176943 StdError: 0.0000004602] 
Swaption8: [SwaptionPrice: 0.0000176943 StdError: 0.0000004602] 
Swaption9: [SwaptionPrice: 0.0000176943 StdError: 0.0000004602] 
Swaption10: [SwaptionPrice: 0.0000176943 StdError: 0.0000004602] 
Swaption11: [SwaptionPrice: 0.0000176943 StdError: 0.0000004602] 
Swaption12: [SwaptionPrice: 0.0000176943 StdError: 0.0000004602] 
Swaption13: [SwaptionPrice: 0.0000176943 StdError: 0.0000004602] 
Swaption14: [SwaptionPrice: 0.0000176943 StdError: 0.0000004602] 
Swaption15: [SwaptionPrice: 0.0000176943 StdError: 0.0000004602] 
Swaption16: [SwaptionPrice: 0.0000176943 StdError: 0.0000004602] 
Swaption17: [SwaptionPrice: 0.0000176943 StdError: 0.0000004602] 
Swaption18: [SwaptionPrice: 0.0000176943 StdError: 0.0000004602] 
Swaption19: [SwaptionPrice: 0.0000176943 StdError: 0.0000004602] 
Swaption20: [SwaptionPrice: 0.0000176943 StdError: 0.0000004602] 
Swaption21: [SwaptionPrice: 0.0000176943 StdError: 0.0000004602] 
Swaption22: [SwaptionPrice: 0.0000176943 StdError: 0.0000004602] 
Swaption23: [SwaptionPrice: 0.0000176943 StdError: 0.0000004602] 
Swaption24: [SwaptionPrice: 0.0000176943 StdError: 0.0000004602] 
Swaption25: [SwaptionPrice: 0.0000176943 StdError: 0.0000004602] 
Swaption26: [SwaptionPrice: 0.0000176943 StdError: 0.0000004602] 
Swaption27: [SwaptionPrice: 0.0000176943 StdError: 0.0000004602] 
Swaption28: [SwaptionPrice: 0.0000176943 StdError: 0.0000004602] 
Swaption29: [SwaptionPrice: 0.0000176943 StdError: 0.0000004602] 
Swaption30: [SwaptionPrice: 0.0000176943 StdError: 0.0000004602] 
Swaption31: [SwaptionPrice: 0.0000176943 StdError: 0.0000004602] 
Swaption32: [SwaptionPrice: 0.0000176943 StdError: 0.0000004602] 
Swaption33: [SwaptionPrice: 0.0000176943 StdError: 0.0000004602] 
Swaption34: [SwaptionPrice: 0.0000176943 StdError: 0.0000004602] 
Swaption35: [SwaptionPrice: 0.0000176943 StdError: 0.0000004602] 
Swaption36: [SwaptionPrice: 0.0000176943 StdError: 0.0000004602] 
Swaption37: [SwaptionPrice: 0.0000176943 StdError: 0.0000004602] 
Swaption38: [SwaptionPrice: 0.0000176943 StdError: 0.0000004602] 
Swaption39: [SwaptionPrice: 0.0000176943 StdError: 0.0000004602] 
Swaption40: [SwaptionPrice: 0.0000176943 StdError: 0.0000004602] 
Swaption41: [SwaptionPrice: 0.0000176943 StdError: 0.0000004602] 
Swaption42: [SwaptionPrice: 0.0000176943 StdError: 0.0000004602] 
Swaption43: [SwaptionPrice: 0.0000176943 StdError: 0.0000004602] 
Swaption44: [SwaptionPrice: 0.0000176943 StdError: 0.0000004602] 
Swaption45: [SwaptionPrice: 0.0000176943 StdError: 0.0000004602] 
Swaption46: [SwaptionPrice: 0.0000176943 StdError: 0.0000004602] 
Swaption47: [SwaptionPrice: 0.0000176943 StdError: 0.0000004602] 
Swaption48: [SwaptionPrice: 0.0000176943 StdError: 0.0000004602] 
Swaption49: [SwaptionPrice: 0.0000176943 StdError: 0.0000004602] 
Swaption50: [SwaptionPrice: 0.0000176943 StdError: 0.0000004602] 
Swaption51: [SwaptionPrice: 0.0000176943 StdError: 0.0000004602] 
Swaption52: [SwaptionPrice: 0.0000176943 StdError: 0.0000004602] 
Swaption53: [SwaptionPrice: 0.0000176943 StdError: 0.0000004602] 
Swaption54: [SwaptionPrice: 0.0000176943 StdError: 0.0000004602] 
Swaption55: [SwaptionPrice: 0.0000176943 StdError: 0.0000004602] 
Swaption56: [SwaptionPrice: 0.0000176943 StdError: 0.0000004602] 
Swaption57: [SwaptionPrice: 0.0000176943 StdError: 0.0000004602] 
Swaption58: [SwaptionPrice: 0.0000176943 StdError: 0.0000004602] 
Swaption59: [SwaptionPrice: 0.0000176943 StdError: 0.0000004602] 
Swaption60: [SwaptionPrice: 0.0000176943 StdError: 0.0000004602] 
Swaption61: [SwaptionPrice: 0.0000176943 StdError: 0.0000004602] 
Swaption62: [SwaptionPrice: 0.0000176943 StdError: 0.0000004602] 
Swaption63: [SwaptionPrice: 0.0000176943 StdError: 0.0000004602] 
Swaption64: [SwaptionPrice: 0.0000176943 StdError: 0.0000004602] 
Swaption65: [SwaptionPrice: 0.0000176943 StdError: 0.0000004602] 
Swaption66: [SwaptionPrice: 0.0000176943 StdError: 0.0000004602] 
Swaption67: [SwaptionPrice: 0.0000176943 StdError: 0.0000004602] 
Swaption68: [SwaptionPrice: 0.0000176943 StdError: 0.0000004602] 
Swaption69: [SwaptionPrice: 0.0000176943 StdError: 0.0000004602] 
Swaption70: [SwaptionPrice: 0.0000176943 StdError: 0.0000004602] 
Swaption71: [SwaptionPrice: 0.0000176943 StdError: 0.0000004602] 
Swaption72: [SwaptionPrice: 0.0000176943 StdError: 0.0000004602] 
Swaption73: [SwaptionPrice: 0.0000176943 StdError: 0.0000004602] 
Swaption74: [SwaptionPrice: 0.0000176943 StdError: 0.0000004602] 
Swaption75: [SwaptionPrice: 0.0000176943 StdError: 0.0000004602] 
Swaption76: [SwaptionPrice: 0.0000176943 StdError: 0.0000004602] 
Swaption77: [SwaptionPrice: 0.0000176943 StdError: 0.0000004602] 
Swaption78: [SwaptionPrice: 0.0000176943 StdError: 0.0000004602] 
Swaption79: [SwaptionPrice: 0.0000176943 StdError: 0.0000004602] 
Swaption80: [SwaptionPrice: 0.0000176943 StdError: 0.0000004602] 
Swaption81: [SwaptionPrice: 0.0000176943 StdError: 0.0000004602] 
Swaption82: [SwaptionPrice: 0.0000176943 StdError: 0.0000004602] 
Swaption83: [SwaptionPrice: 0.0000176943 StdError: 0.0000004602] 
Swaption84: [SwaptionPrice: 0.0000176943 StdError: 0.0000004602] 
Swaption85: [SwaptionPrice: 0.0000176943 StdError: 0.0000004602] 
Swaption86: [SwaptionPrice: 0.0000176943 StdError: 0.0000004602] 
Swaption87: [SwaptionPrice: 0.0000176943 StdError: 0.0000004602] 
Swaption88: [SwaptionPrice: 0.0000176943 StdError: 0.0000004602] 
Swaption89: [SwaptionPrice: 0.0000176943 StdError: 0.0000004602] 
Swaption90: [SwaptionPrice: 0.0000176943 StdError: 0.0000004602] 
Swaption91: [SwaptionPrice: 0.0000176943 StdError: 0.0000004602] 
Swaption92: [SwaptionPrice: 0.0000176943 StdError: 0.0000004602] 
Swaption93: [SwaptionPrice: 0.0000176943 StdError: 0.0000004602] 
Swaption94: [SwaptionPrice: 0.0000176943 StdError: 0.0000004602] 
Swaption95: [SwaptionPrice: 0.0000176943 StdError: 0.0000004602] 
Swaption96: [SwaptionPrice: 0.0000176943 StdError: 0.0000004602] 
Swaption97: [SwaptionPrice: 0.0000176943 StdError: 0.0000004602] 
Swaption98: [SwaptionPrice: 0.0000176943 StdError: 0.0000004602] 
Swaption99: [SwaptionPrice: 0.0000176943 StdError: 0.0000004602] 
Swaption100: [SwaptionPrice: 0.0000176943 StdError: 0.0000004602] 
Swaption101: [SwaptionPrice: 0.0000176943 StdError: 0.0000004602] 
Swaption102: [SwaptionPrice: 0.0000176943 StdError: 0.0000004602] 
Swaption103: [SwaptionPrice: 0.0000176943 StdError: 0.0000004602] 
Swaption104: [SwaptionPrice: 0.0000176943 StdError: 0.0000004602] 
Swaption105: [SwaptionPrice: 0.0000176943 StdError: 0.0000004602] 
Swaption106: [SwaptionPrice: 0.0000176943 StdError: 0.0000004602] 
Swaption107: [SwaptionPrice: 0.0000176943 StdError: 0.0000004602] 
Swaption108: [SwaptionPrice: 0.0000176943 StdError: 0.0000004602] 
Swaption109: [SwaptionPrice: 0.0000176943 StdError: 0.0000004602] 
Swaption110: [SwaptionPrice: 0.0000176943 StdError: 0.0000004602] 
Swaption111: [SwaptionPrice: 0.0000176943 StdError: 0.0000004602] 
Swaption112: [SwaptionPrice: 0.0000176943 StdError: 0.0000004602] 
Swaption113: [SwaptionPrice: 0.0000176943 StdError: 0.0000004602] 
Swaption114: [SwaptionPrice: 0.0000176943 StdError: 0.0000004602] 
Swaption115: [SwaptionPrice: 0.0000176943 StdError: 0.0000004602] 
Swaption116: [SwaptionPrice: 0.0000176943 StdError: 0.0000004602] 
Swaption117: [SwaptionPrice: 0.0000176943 StdError: 0.0000004602] 
Swaption118: [SwaptionPrice: 0.0000176943 StdError: 0.0000004602] 
Swaption119: [SwaptionPrice: 0.0000176943 StdError: 0.0000004602] 
Swaption120: [SwaptionPrice: 0.0000176943 StdError: 0.0000004602] 
Swaption121: [SwaptionPrice: 0.0000176943 StdError: 0.0000004602] 
Swaption122: [SwaptionPrice: 0.0000176943 StdError: 0.0000004602] 
Swaption123: [SwaptionPrice: 0.0000176943 StdError: 0.0000004602] 
Swaption124: [SwaptionPrice: 0.0000176943 StdError: 0.0000004602] 
Swaption125: [SwaptionPrice: 0.0000176943 StdError: 0.0000004602] 
Swaption126: [SwaptionPrice: 0.0000176943 StdError: 0.0000004602] 
Swaption127: [SwaptionPrice: 0.0000176943 StdError: 0.0000004602] 
Number of Simulations: 1000000,  Number of threads: 1 Number of swaptions: 128

real	9m9.879s
user	9m9.803s
sys	0m0.064s
[PARSEC] [----------    End of output    ----------]
[PARSEC] Done.
And the Parsecsingle swaptions benchmark has completed at 17:30
parsecsingle.sh: Telling teaplant to cycle log files
parsecsingle.sh: Downloading data from the power meter
parsecsingle.sh: Data collection complete
