parsecsingle.sh: Executing facesim benchmark.
parsecsingle.sh: Destination directory is /usr/home/awl8049/scheduler/
parsecsingle.sh: Using parsec_awldev1facesim as id for this run
parsecsingle.sh: Clearing memory on power meter
parsecsingle.sh: Restarting teaplant.
And now we start the Parsecsingle facesim benchmark at 
DEBUG - PARSECPLAT is amd64-bsd.gcc
DEBUG buildfile = /usr/home/awl8049/Projects/parsec-2.1/config/gcc.bldconf
[PARSEC] Benchmarks to run:  facesim

[PARSEC] [========== Running benchmark facesim ==========]
[PARSEC] Deleting old run directory.
[PARSEC] Setting up run directory.
[PARSEC] Unpacking benchmark input 'native'.
[PARSEC] Running 'time /usr/home/awl8049/Projects/parsec-2.1/pkgs/apps/facesim/inst/amd64-bsd.gcc/bin/facesim -timing -threads 1 -lastframe 100':
[PARSEC] [---------- Beginning of output ----------]
PARSEC Benchmark Suite Version 2.1
Creating directory using system("mkdir -p Storytelling/output")...Successful!
Simulation                                        Reading simulation model : ./Face_Data/Eftychis_840k/Front_370k/face_simulation_1.tet
Total particles = 80598
Total tetrahedra = 372126
muscles = 32
attachments = 3

  Frame 1                                         
  END Frame 1                                      11.5945 s
  Frame 2                                         
  END Frame 2                                      11.2674 s
  Frame 3                                         
  END Frame 3                                      11.1744 s
  Frame 4                                         
  END Frame 4                                      11.2078 s
  Frame 5                                         
  END Frame 5                                      11.2693 s
  Frame 6                                         
  END Frame 6                                      11.2580 s
  Frame 7                                         
  END Frame 7                                      11.2591 s
  Frame 8                                         
  END Frame 8                                      11.2681 s
  Frame 9                                         
  END Frame 9                                      11.2828 s
  Frame 10                                        
  END Frame 10                                     11.2576 s
  Frame 11                                        
  END Frame 11                                     11.2590 s
  Frame 12                                        
  END Frame 12                                     11.3081 s
  Frame 13                                        
  END Frame 13                                     11.2689 s
  Frame 14                                        
  END Frame 14                                     11.2640 s
  Frame 15                                        
  END Frame 15                                     11.3061 s
  Frame 16                                        
  END Frame 16                                     11.2674 s
  Frame 17                                        
  END Frame 17                                     11.2657 s
  Frame 18                                        
  END Frame 18                                     11.2686 s
  Frame 19                                        
  END Frame 19                                     11.2574 s
  Frame 20                                        
  END Frame 20                                     11.2560 s
  Frame 21                                        
  END Frame 21                                     11.2595 s
  Frame 22                                        
  END Frame 22                                     11.2574 s
  Frame 23                                        
  END Frame 23                                     11.3071 s
  Frame 24                                        
  END Frame 24                                     11.2666 s
  Frame 25                                        
  END Frame 25                                     11.2682 s
  Frame 26                                        
  END Frame 26                                     11.3174 s
  Frame 27                                        
  END Frame 27                                     11.2641 s
  Frame 28                                        
  END Frame 28                                     11.2634 s
  Frame 29                                        
  END Frame 29                                     11.2703 s
  Frame 30                                        
  END Frame 30                                     11.2689 s
  Frame 31                                        
  END Frame 31                                     11.3834 s
  Frame 32                                        
  END Frame 32                                     11.2677 s
  Frame 33                                        
  END Frame 33                                     11.2678 s
  Frame 34                                        
  END Frame 34                                     11.3174 s
  Frame 35                                        
  END Frame 35                                     11.2682 s
  Frame 36                                        
  END Frame 36                                     11.2663 s
  Frame 37                                        
  END Frame 37                                     11.3162 s
  Frame 38                                        
  END Frame 38                                     11.2666 s
  Frame 39                                        
  END Frame 39                                     11.2674 s
  Frame 40                                        
  END Frame 40                                     11.2725 s
  Frame 41                                        
  END Frame 41                                     11.2728 s
  Frame 42                                        
  END Frame 42                                     11.2783 s
  Frame 43                                        
  END Frame 43                                     11.2756 s
  Frame 44                                        
  END Frame 44                                     11.2786 s
  Frame 45                                        
  END Frame 45                                     11.3291 s
  Frame 46                                        
  END Frame 46                                     11.2827 s
  Frame 47                                        
  END Frame 47                                     11.2848 s
  Frame 48                                        
  END Frame 48                                     11.3250 s
  Frame 49                                        
  END Frame 49                                     11.2831 s
  Frame 50                                        
  END Frame 50                                     11.2762 s
  Frame 51                                        
  END Frame 51                                     11.2806 s
  Frame 52                                        
  END Frame 52                                     11.2803 s
  Frame 53                                        
  END Frame 53                                     11.2837 s
  Frame 54                                        
  END Frame 54                                     11.2777 s
  Frame 55                                        
  END Frame 55                                     11.2810 s
  Frame 56                                        
  END Frame 56                                     11.3316 s
  Frame 57                                        
  END Frame 57                                     11.2812 s
  Frame 58                                        
  END Frame 58                                     11.2848 s
  Frame 59                                        
  END Frame 59                                     11.3073 s
  Frame 60                                        
  END Frame 60                                     11.2854 s
  Frame 61                                        
  END Frame 61                                     11.2770 s
  Frame 62                                        
  END Frame 62                                     11.2902 s
  Frame 63                                        
  END Frame 63                                     11.2840 s
  Frame 64                                        
  END Frame 64                                     11.2911 s
  Frame 65                                        
  END Frame 65                                     11.2795 s
  Frame 66                                        
  END Frame 66                                     11.2832 s
  Frame 67                                        
  END Frame 67                                     11.3376 s
  Frame 68                                        
  END Frame 68                                     11.2842 s
  Frame 69                                        
  END Frame 69                                     11.2748 s
  Frame 70                                        
  END Frame 70                                     11.3297 s
  Frame 71                                        
  END Frame 71                                     11.2765 s
  Frame 72                                        
  END Frame 72                                     11.2809 s
  Frame 73                                        
  END Frame 73                                     11.2857 s
  Frame 74                                        
  END Frame 74                                     11.2749 s
  Frame 75                                        
  END Frame 75                                     11.2757 s
  Frame 76                                        
  END Frame 76                                     11.2805 s
  Frame 77                                        
  END Frame 77                                     11.2812 s
  Frame 78                                        
  END Frame 78                                     11.3302 s
  Frame 79                                        
  END Frame 79                                     11.2817 s
  Frame 80                                        
  END Frame 80                                     11.2753 s
  Frame 81                                        
  END Frame 81                                     11.3231 s
  Frame 82                                        
  END Frame 82                                     11.2747 s
  Frame 83                                        
  END Frame 83                                     11.2769 s
  Frame 84                                        
  END Frame 84                                     11.3585 s
  Frame 85                                        
  END Frame 85                                     11.2838 s
  Frame 86                                        
  END Frame 86                                     11.2753 s
  Frame 87                                        
  END Frame 87                                     11.2774 s
  Frame 88                                        
  END Frame 88                                     11.2781 s
  Frame 89                                        
  END Frame 89                                     11.3097 s
  Frame 90                                        
  END Frame 90                                     11.2811 s
  Frame 91                                        
  END Frame 91                                     11.2812 s
  Frame 92                                        
  END Frame 92                                     11.3366 s
  Frame 93                                        
  END Frame 93                                     11.2832 s
  Frame 94                                        
  END Frame 94                                     11.2774 s
  Frame 95                                        
  END Frame 95                                     11.2821 s
  Frame 96                                        
  END Frame 96                                     11.2841 s
  Frame 97                                        
  END Frame 97                                     11.2876 s
  Frame 98                                        
  END Frame 98                                     11.2773 s
  Frame 99                                        
  END Frame 99                                     11.2741 s
  Frame 100                                       
  END Frame 100                                    11.3230 s
SIMULATION                                          0.0000
  FRAME                                           1128.5956
    ADB                                           1128.4422
      UPBS                                        162.6260
        UPBS (FEM) - Initialize                     0.2766 s
        UPBS (FEM) - Element Loop                 162.3143 s
        UPBS (CPF)                                  0.0001 s
      ADO                                         965.8002
        ADO - Update collision bodies               0.0008 s
        AOTSQ                                     965.7951
          AOTSQ - Initialize                        0.0054 s
          AOTSQ - NR loop                         965.7854
            AOTSQ - NR loop - Initialize            0.1268 s
            UCPF                                   11.5084 s
            NRS                                   771.7514
              NRS - Initialize                      0.0002 s
              NRS - Boundary conditions 1           0.1000 s
              UPBS                                162.8668
                UPBS (FEM) - Initialize             0.0005 s
                UPBS (FEM) - Element Loop         162.7730 s
                UPBS (CPF)                          0.0001 s
              AFD (FEM)                             1.8566 s
              AVIF                                 17.3920
                AVIF (FEM)                         17.3105 s
                AVIF (CPF)                          0.0713 s
              NRS - Boundary conditions 2           0.0217 s
              NRS - Compute residual                0.0916
              NRS - Copy initial guess              0.0052 s
              CGI                                 589.1867
            UPBS                                  164.6319
              UPBS (FEM) - Initialize               0.0005 s
              UPBS (FEM) - Element Loop           164.5920 s
              UPBS (CPF)                            0.0001 s
            AVIF                                   17.4611
              AVIF (FEM)                           17.3174 s
              AVIF (CPF)                            0.0715 s
            AOTSQ - NR loop - Boundary conditions   0.0218 s
            AOTSQ - NR loop - Compute residual      0.0486 s

real	18m55.425s
user	18m53.363s
sys	0m1.710s
[PARSEC] [----------    End of output    ----------]
[PARSEC] Done.
And the Parsecsingle facesim benchmark has completed at 16:51
parsecsingle.sh: Telling teaplant to cycle log files
parsecsingle.sh: Downloading data from the power meter
parsecsingle.sh: Data collection complete
