parsecsingle.sh: Executing ferret benchmark.
parsecsingle.sh: Destination directory is /usr/home/awl8049/scheduler/
parsecsingle.sh: Using parsec_tasdev1ferret as id for this run
parsecsingle.sh: Clearing memory on power meter
parsecsingle.sh: Restarting teaplant.
And now we start the Parsecsingle ferret benchmark at 
DEBUG - PARSECPLAT is amd64-bsd.gcc
DEBUG buildfile = /usr/home/awl8049/Projects/parsec-2.1/config/gcc.bldconf
[PARSEC] Benchmarks to run:  ferret

[PARSEC] [========== Running benchmark ferret ==========]
[PARSEC] Deleting old run directory.
[PARSEC] Setting up run directory.
[PARSEC] Unpacking benchmark input 'native'.
[PARSEC] Running 'time /usr/home/awl8049/Projects/parsec-2.1/pkgs/apps/ferret/inst/amd64-bsd.gcc/bin/ferret corel lsh queries 50 20 1 output.txt':
[PARSEC] [---------- Beginning of output ----------]
PARSEC Benchmark Suite Version 2.1
(7,1)
(39,2)
(76,3)
(83,4)
(89,5)
(90,6)
(91,7)
(92,8)
(93,9)
(94,10)
(95,11)
(95,12)
(95,13)
(95,14)
(99,15)
(99,16)
(100,17)
(100,18)
(100,19)
(101,20)
(101,21)
(102,22)
(102,23)
(102,24)
(103,25)
(103,26)
(106,27)
(106,28)
(107,29)
(109,30)
(109,31)
(110,32)
(117,33)
(118,34)
(118,35)
(118,36)
(119,37)
(119,38)
(119,39)
(119,40)
(119,41)
(121,42)
(122,43)
(123,44)
(124,45)
(126,46)
(130,47)
(130,48)
(132,49)
(132,50)
(132,51)
(132,52)
(133,53)
(134,54)
(135,55)
(138,56)
(138,57)
(138,58)
(139,59)
(142,60)
(144,61)
(146,62)
(146,63)
(147,64)
(148,65)
(148,66)
(151,67)
(151,68)
(153,69)
(154,70)
(154,71)
(155,72)
(155,73)
(155,74)
(156,75)
(156,76)
(158,77)
(160,78)
(163,79)
(164,80)
(165,81)
(166,82)
(167,83)
(168,84)
(169,85)
(170,86)
(171,87)
(172,88)
(172,89)
(172,90)
(173,91)
(176,92)
(177,93)
(178,94)
(179,95)
(180,96)
(181,97)
(182,98)
(182,99)
(184,100)
(185,101)
(186,102)
(187,103)
(188,104)
(189,105)
(190,106)
(191,107)
(192,108)
(193,109)
(194,110)
(195,111)
(196,112)
(197,113)
(198,114)
(199,115)
(200,116)
(201,117)
(202,118)
(203,119)
(204,120)
(205,121)
(206,122)
(207,123)
(208,124)
(209,125)
(210,126)
(211,127)
(212,128)
(213,129)
(214,130)
(215,131)
(216,132)
(217,133)
(218,134)
(219,135)
(220,136)
(221,137)
(222,138)
(223,139)
(224,140)
(225,141)
(226,142)
(227,143)
(228,144)
(229,145)
(229,146)
(231,147)
(232,148)
(233,149)
(234,150)
(235,151)
(236,152)
(237,153)
(238,154)
(239,155)
(240,156)
(241,157)
(242,158)
(243,159)
(244,160)
(245,161)
(246,162)
(247,163)
(248,164)
(249,165)
(250,166)
(251,167)
(252,168)
(253,169)
(254,170)
(255,171)
(256,172)
(257,173)
(258,174)
(259,175)
(260,176)
(261,177)
(262,178)
(263,179)
(264,180)
(264,181)
(266,182)
(267,183)
(267,184)
(269,185)
(270,186)
(271,187)
(272,188)
(273,189)
(274,190)
(275,191)
(276,192)
(277,193)
(278,194)
(279,195)
(280,196)
(280,197)
(281,198)
(283,199)
(284,200)
(285,201)
(286,202)
(287,203)
(288,204)
(289,205)
(290,206)
(291,207)
(292,208)
(293,209)
(293,210)
(295,211)
(296,212)
(297,213)
(298,214)
(299,215)
(300,216)
(300,217)
(302,218)
(303,219)
(304,220)
(304,221)
(306,222)
(307,223)
(308,224)
(309,225)
(309,226)
(311,227)
(311,228)
(313,229)
(314,230)
(315,231)
(315,232)
(317,233)
(318,234)
(319,235)
(319,236)
(320,237)
(321,238)
(321,239)
(323,240)
(325,241)
(326,242)
(326,243)
(328,244)
(329,245)
(330,246)
(331,247)
(332,248)
(333,249)
(334,250)
(335,251)
(336,252)
(337,253)
(337,254)
(339,255)
(340,256)
(341,257)
(342,258)
(343,259)
(343,260)
(343,261)
(343,262)
(345,263)
(345,264)
(345,265)
(345,266)
(345,267)
(349,268)
(349,269)
(350,270)
(352,271)
(356,272)
(356,273)
(358,274)
(359,275)
(360,276)
(361,277)
(362,278)
(363,279)
(364,280)
(365,281)
(365,282)
(367,283)
(368,284)
(369,285)
(370,286)
(371,287)
(371,288)
(371,289)
(373,290)
(375,291)
(376,292)
(376,293)
(376,294)
(376,295)
(380,296)
(381,297)
(382,298)
(383,299)
(384,300)
(385,301)
(386,302)
(387,303)
(388,304)
(389,305)
(390,306)
(391,307)
(392,308)
(393,309)
(394,310)
(394,311)
(396,312)
(397,313)
(398,314)
(399,315)
(400,316)
(401,317)
(402,318)
(403,319)
(404,320)
(405,321)
(406,322)
(407,323)
(408,324)
(409,325)
(410,326)
(411,327)
(412,328)
(413,329)
(414,330)
(415,331)
(416,332)
(417,333)
(418,334)
(419,335)
(420,336)
(421,337)
(422,338)
(423,339)
(424,340)
(425,341)
(426,342)
(427,343)
(428,344)
(429,345)
(430,346)
(431,347)
(432,348)
(433,349)
(434,350)
(435,351)
(436,352)
(437,353)
(438,354)
(439,355)
(440,356)
(441,357)
(442,358)
(443,359)
(444,360)
(445,361)
(446,362)
(447,363)
(448,364)
(448,365)
(450,366)
(451,367)
(452,368)
(453,369)
(454,370)
(455,371)
(455,372)
(456,373)
(457,374)
(459,375)
(459,376)
(460,377)
(462,378)
(463,379)
(463,380)
(465,381)
(466,382)
(467,383)
(468,384)
(469,385)
(469,386)
(471,387)
(472,388)
(473,389)
(474,390)
(475,391)
(476,392)
(477,393)
(478,394)
(478,395)
(480,396)
(481,397)
(482,398)
(483,399)
(484,400)
(485,401)
(486,402)
(487,403)
(488,404)
(489,405)
(490,406)
(491,407)
(492,408)
(493,409)
(494,410)
(494,411)
(496,412)
(497,413)
(498,414)
(499,415)
(500,416)
(500,417)
(500,418)
(502,419)
(502,420)
(502,421)
(503,422)
(503,423)
(503,424)
(503,425)
(506,426)
(509,427)
(509,428)
(512,429)
(514,430)
(515,431)
(515,432)
(517,433)
(518,434)
(518,435)
(520,436)
(521,437)
(522,438)
(523,439)
(524,440)
(525,441)
(526,442)
(527,443)
(528,444)
(529,445)
(530,446)
(531,447)
(532,448)
(533,449)
(534,450)
(535,451)
(536,452)
(536,453)
(536,454)
(539,455)
(540,456)
(541,457)
(542,458)
(542,459)
(542,460)
(545,461)
(546,462)
(547,463)
(548,464)
(549,465)
(550,466)
(551,467)
(552,468)
(552,469)
(554,470)
(555,471)
(556,472)
(557,473)
(558,474)
(558,475)
(558,476)
(558,477)
(560,478)
(560,479)
(562,480)
(562,481)
(563,482)
(567,483)
(568,484)
(569,485)
(569,486)
(571,487)
(571,488)
(573,489)
(573,490)
(575,491)
(576,492)
(576,493)
(578,494)
(578,495)
(579,496)
(581,497)
(582,498)
(583,499)
(584,500)
(585,501)
(586,502)
(587,503)
(588,504)
(589,505)
(590,506)
(591,507)
(592,508)
(592,509)
(592,510)
(595,511)
(596,512)
(596,513)
(598,514)
(599,515)
(600,516)
(601,517)
(602,518)
(603,519)
(604,520)
(605,521)
(606,522)
(607,523)
(608,524)
(609,525)
(609,526)
(611,527)
(612,528)
(613,529)
(614,530)
(615,531)
(616,532)
(617,533)
(618,534)
(619,535)
(619,536)
(619,537)
(622,538)
(622,539)
(624,540)
(625,541)
(626,542)
(627,543)
(628,544)
(629,545)
(630,546)
(631,547)
(632,548)
(633,549)
(634,550)
(635,551)
(636,552)
(637,553)
(638,554)
(639,555)
(640,556)
(640,557)
(642,558)
(643,559)
(643,560)
(645,561)
(646,562)
(646,563)
(648,564)
(649,565)
(650,566)
(651,567)
(652,568)
(653,569)
(654,570)
(655,571)
(655,572)
(657,573)
(658,574)
(658,575)
(660,576)
(661,577)
(662,578)
(662,579)
(662,580)
(662,581)
(666,582)
(667,583)
(668,584)
(669,585)
(669,586)
(671,587)
(672,588)
(673,589)
(674,590)
(675,591)
(676,592)
(677,593)
(678,594)
(679,595)
(680,596)
(681,597)
(682,598)
(682,599)
(683,600)
(683,601)
(686,602)
(687,603)
(688,604)
(688,605)
(689,606)
(690,607)
(692,608)
(692,609)
(694,610)
(695,611)
(696,612)
(696,613)
(698,614)
(698,615)
(700,616)
(701,617)
(702,618)
(703,619)
(704,620)
(705,621)
(706,622)
(707,623)
(708,624)
(709,625)
(710,626)
(710,627)
(712,628)
(713,629)
(714,630)
(714,631)
(715,632)
(715,633)
(715,634)
(717,635)
(719,636)
(719,637)
(720,638)
(720,639)
(720,640)
(720,641)
(721,642)
(723,643)
(725,644)
(727,645)
(729,646)
(730,647)
(732,648)
(733,649)
(734,650)
(734,651)
(736,652)
(737,653)
(738,654)
(739,655)
(740,656)
(741,657)
(742,658)
(743,659)
(744,660)
(745,661)
(746,662)
(747,663)
(748,664)
(749,665)
(749,666)
(749,667)
(752,668)
(752,669)
(754,670)
(754,671)
(756,672)
(757,673)
(758,674)
(759,675)
(760,676)
(761,677)
(762,678)
(763,679)
(764,680)
(765,681)
(766,682)
(767,683)
(767,684)
(769,685)
(770,686)
(770,687)
(770,688)
(772,689)
(774,690)
(774,691)
(774,692)
(774,693)
(776,694)
(779,695)
(780,696)
(781,697)
(782,698)
(783,699)
(784,700)
(785,701)
(786,702)
(787,703)
(788,704)
(789,705)
(790,706)
(791,707)
(792,708)
(793,709)
(793,710)
(795,711)
(796,712)
(797,713)
(798,714)
(799,715)
(800,716)
(801,717)
(802,718)
(802,719)
(804,720)
(805,721)
(806,722)
(806,723)
(808,724)
(809,725)
(810,726)
(811,727)
(812,728)
(813,729)
(814,730)
(815,731)
(816,732)
(817,733)
(818,734)
(819,735)
(820,736)
(821,737)
(822,738)
(823,739)
(824,740)
(825,741)
(826,742)
(827,743)
(828,744)
(829,745)
(830,746)
(831,747)
(832,748)
(833,749)
(834,750)
(835,751)
(836,752)
(837,753)
(838,754)
(839,755)
(840,756)
(841,757)
(842,758)
(842,759)
(844,760)
(845,761)
(846,762)
(847,763)
(848,764)
(849,765)
(849,766)
(851,767)
(852,768)
(853,769)
(854,770)
(855,771)
(856,772)
(857,773)
(858,774)
(859,775)
(860,776)
(861,777)
(862,778)
(863,779)
(864,780)
(865,781)
(866,782)
(867,783)
(867,784)
(867,785)
(867,786)
(867,787)
(867,788)
(868,789)
(869,790)
(869,791)
(874,792)
(874,793)
(876,794)
(878,795)
(880,796)
(881,797)
(882,798)
(883,799)
(884,800)
(885,801)
(886,802)
(887,803)
(888,804)
(889,805)
(890,806)
(891,807)
(892,808)
(893,809)
(894,810)
(895,811)
(896,812)
(896,813)
(896,814)
(899,815)
(899,816)
(901,817)
(902,818)
(903,819)
(903,820)
(905,821)
(906,822)
(906,823)
(908,824)
(909,825)
(910,826)
(911,827)
(912,828)
(913,829)
(913,830)
(915,831)
(915,832)
(915,833)
(918,834)
(918,835)
(918,836)
(918,837)
(921,838)
(923,839)
(923,840)
(923,841)
(923,842)
(926,843)
(926,844)
(926,845)
(926,846)
(928,847)
(928,848)
(928,849)
(928,850)
(930,851)
(932,852)
(932,853)
(932,854)
(933,855)
(933,856)
(933,857)
(936,858)
(936,859)
(939,860)
(942,861)
(942,862)
(944,863)
(944,864)
(949,865)
(950,866)
(951,867)
(952,868)
(953,869)
(954,870)
(955,871)
(956,872)
(957,873)
(957,874)
(958,875)
(958,876)
(959,877)
(959,878)
(961,879)
(961,880)
(965,881)
(965,882)
(965,883)
(965,884)
(969,885)
(969,886)
(970,887)
(971,888)
(972,889)
(974,890)
(975,891)
(975,892)
(977,893)
(977,894)
(978,895)
(979,896)
(979,897)
(980,898)
(980,899)
(980,900)
(985,901)
(986,902)
(987,903)
(987,904)
(989,905)
(990,906)
(991,907)
(992,908)
(993,909)
(994,910)
(995,911)
(996,912)
(996,913)
(998,914)
(999,915)
(1000,916)
(1001,917)
(1002,918)
(1003,919)
(1003,920)
(1005,921)
(1005,922)
(1007,923)
(1008,924)
(1009,925)
(1010,926)
(1011,927)
(1012,928)
(1013,929)
(1014,930)
(1015,931)
(1016,932)
(1017,933)
(1018,934)
(1019,935)
(1019,936)
(1021,937)
(1022,938)
(1022,939)
(1022,940)
(1024,941)
(1025,942)
(1026,943)
(1028,944)
(1029,945)
(1030,946)
(1031,947)
(1032,948)
(1032,949)
(1033,950)
(1035,951)
(1036,952)
(1037,953)
(1038,954)
(1038,955)
(1040,956)
(1041,957)
(1042,958)
(1043,959)
(1043,960)
(1044,961)
(1046,962)
(1047,963)
(1047,964)
(1049,965)
(1050,966)
(1051,967)
(1052,968)
(1053,969)
(1054,970)
(1055,971)
(1056,972)
(1057,973)
(1058,974)
(1059,975)
(1060,976)
(1061,977)
(1062,978)
(1063,979)
(1064,980)
(1065,981)
(1066,982)
(1067,983)
(1068,984)
(1069,985)
(1070,986)
(1071,987)
(1072,988)
(1073,989)
(1074,990)
(1075,991)
(1075,992)
(1077,993)
(1077,994)
(1079,995)
(1080,996)
(1081,997)
(1082,998)
(1082,999)
(1084,1000)
(1085,1001)
(1086,1002)
(1086,1003)
(1088,1004)
(1088,1005)
(1089,1006)
(1089,1007)
(1092,1008)
(1092,1009)
(1094,1010)
(1095,1011)
(1095,1012)
(1096,1013)
(1097,1014)
(1099,1015)
(1100,1016)
(1101,1017)
(1102,1018)
(1103,1019)
(1103,1020)
(1103,1021)
(1106,1022)
(1107,1023)
(1107,1024)
(1109,1025)
(1110,1026)
(1110,1027)
(1112,1028)
(1112,1029)
(1114,1030)
(1115,1031)
(1115,1032)
(1117,1033)
(1118,1034)
(1119,1035)
(1120,1036)
(1121,1037)
(1121,1038)
(1123,1039)
(1124,1040)
(1125,1041)
(1126,1042)
(1127,1043)
(1127,1044)
(1129,1045)
(1130,1046)
(1131,1047)
(1131,1048)
(1133,1049)
(1134,1050)
(1135,1051)
(1136,1052)
(1137,1053)
(1138,1054)
(1139,1055)
(1140,1056)
(1141,1057)
(1141,1058)
(1143,1059)
(1144,1060)
(1144,1061)
(1146,1062)
(1147,1063)
(1148,1064)
(1149,1065)
(1150,1066)
(1151,1067)
(1152,1068)
(1153,1069)
(1153,1070)
(1155,1071)
(1156,1072)
(1157,1073)
(1157,1074)
(1159,1075)
(1159,1076)
(1161,1077)
(1161,1078)
(1163,1079)
(1164,1080)
(1164,1081)
(1166,1082)
(1167,1083)
(1168,1084)
(1169,1085)
(1170,1086)
(1170,1087)
(1172,1088)
(1173,1089)
(1173,1090)
(1175,1091)
(1175,1092)
(1176,1093)
(1178,1094)
(1178,1095)
(1180,1096)
(1180,1097)
(1181,1098)
(1181,1099)
(1181,1100)
(1185,1101)
(1186,1102)
(1186,1103)
(1188,1104)
(1189,1105)
(1189,1106)
(1191,1107)
(1191,1108)
(1193,1109)
(1194,1110)
(1195,1111)
(1195,1112)
(1197,1113)
(1198,1114)
(1199,1115)
(1200,1116)
(1201,1117)
(1202,1118)
(1203,1119)
(1203,1120)
(1205,1121)
(1206,1122)
(1207,1123)
(1208,1124)
(1209,1125)
(1210,1126)
(1211,1127)
(1211,1128)
(1211,1129)
(1214,1130)
(1215,1131)
(1216,1132)
(1216,1133)
(1218,1134)
(1219,1135)
(1220,1136)
(1221,1137)
(1222,1138)
(1222,1139)
(1224,1140)
(1225,1141)
(1226,1142)
(1227,1143)
(1228,1144)
(1229,1145)
(1230,1146)
(1231,1147)
(1232,1148)
(1233,1149)
(1233,1150)
(1235,1151)
(1236,1152)
(1237,1153)
(1238,1154)
(1239,1155)
(1240,1156)
(1241,1157)
(1242,1158)
(1243,1159)
(1244,1160)
(1245,1161)
(1246,1162)
(1247,1163)
(1248,1164)
(1249,1165)
(1250,1166)
(1251,1167)
(1252,1168)
(1253,1169)
(1254,1170)
(1255,1171)
(1256,1172)
(1257,1173)
(1257,1174)
(1259,1175)
(1260,1176)
(1261,1177)
(1262,1178)
(1263,1179)
(1264,1180)
(1265,1181)
(1266,1182)
(1267,1183)
(1268,1184)
(1269,1185)
(1270,1186)
(1271,1187)
(1272,1188)
(1273,1189)
(1274,1190)
(1275,1191)
(1276,1192)
(1277,1193)
(1278,1194)
(1279,1195)
(1280,1196)
(1280,1197)
(1282,1198)
(1282,1199)
(1284,1200)
(1285,1201)
(1286,1202)
(1286,1203)
(1286,1204)
(1289,1205)
(1290,1206)
(1290,1207)
(1290,1208)
(1293,1209)
(1293,1210)
(1293,1211)
(1293,1212)
(1297,1213)
(1298,1214)
(1298,1215)
(1298,1216)
(1298,1217)
(1302,1218)
(1302,1219)
(1302,1220)
(1302,1221)
(1306,1222)
(1306,1223)
(1307,1224)
(1309,1225)
(1309,1226)
(1310,1227)
(1310,1228)
(1311,1229)
(1311,1230)
(1311,1231)
(1313,1232)
(1313,1233)
(1313,1234)
(1313,1235)
(1313,1236)
(1313,1237)
(1313,1238)
(1315,1239)
(1315,1240)
(1315,1241)
(1315,1242)
(1327,1243)
(1328,1244)
(1329,1245)
(1330,1246)
(1331,1247)
(1332,1248)
(1333,1249)
(1334,1250)
(1335,1251)
(1336,1252)
(1337,1253)
(1338,1254)
(1339,1255)
(1339,1256)
(1341,1257)
(1342,1258)
(1342,1259)
(1344,1260)
(1345,1261)
(1345,1262)
(1346,1263)
(1348,1264)
(1348,1265)
(1350,1266)
(1350,1267)
(1352,1268)
(1352,1269)
(1352,1270)
(1353,1271)
(1353,1272)
(1355,1273)
(1358,1274)
(1359,1275)
(1360,1276)
(1361,1277)
(1362,1278)
(1363,1279)
(1364,1280)
(1364,1281)
(1366,1282)
(1366,1283)
(1366,1284)
(1369,1285)
(1370,1286)
(1371,1287)
(1372,1288)
(1373,1289)
(1374,1290)
(1375,1291)
(1376,1292)
(1377,1293)
(1378,1294)
(1379,1295)
(1379,1296)
(1379,1297)
(1379,1298)
(1379,1299)
(1379,1300)
(1379,1301)
(1379,1302)
(1379,1303)
(1381,1304)
(1381,1305)
(1382,1306)
(1382,1307)
(1382,1308)
(1382,1309)
(1382,1310)
(1383,1311)
(1383,1312)
(1383,1313)
(1383,1314)
(1385,1315)
(1389,1316)
(1390,1317)
(1402,1318)
(1403,1319)
(1404,1320)
(1405,1321)
(1406,1322)
(1407,1323)
(1408,1324)
(1409,1325)
(1410,1326)
(1411,1327)
(1412,1328)
(1413,1329)
(1414,1330)
(1415,1331)
(1416,1332)
(1417,1333)
(1418,1334)
(1419,1335)
(1420,1336)
(1421,1337)
(1422,1338)
(1423,1339)
(1424,1340)
(1425,1341)
(1426,1342)
(1427,1343)
(1428,1344)
(1429,1345)
(1430,1346)
(1431,1347)
(1431,1348)
(1432,1349)
(1432,1350)
(1432,1351)
(1434,1352)
(1436,1353)
(1436,1354)
(1439,1355)
(1440,1356)
(1441,1357)
(1442,1358)
(1443,1359)
(1444,1360)
(1445,1361)
(1446,1362)
(1447,1363)
(1448,1364)
(1448,1365)
(1450,1366)
(1451,1367)
(1452,1368)
(1453,1369)
(1454,1370)
(1455,1371)
(1455,1372)
(1457,1373)
(1458,1374)
(1459,1375)
(1460,1376)
(1461,1377)
(1462,1378)
(1462,1379)
(1463,1380)
(1463,1381)
(1464,1382)
(1464,1383)
(1464,1384)
(1466,1385)
(1470,1386)
(1471,1387)
(1472,1388)
(1473,1389)
(1474,1390)
(1475,1391)
(1476,1392)
(1476,1393)
(1476,1394)
(1479,1395)
(1480,1396)
(1481,1397)
(1482,1398)
(1483,1399)
(1484,1400)
(1485,1401)
(1486,1402)
(1487,1403)
(1488,1404)
(1488,1405)
(1490,1406)
(1490,1407)
(1492,1408)
(1493,1409)
(1494,1410)
(1495,1411)
(1495,1412)
(1497,1413)
(1498,1414)
(1499,1415)
(1500,1416)
(1501,1417)
(1502,1418)
(1503,1419)
(1503,1420)
(1503,1421)
(1505,1422)
(1505,1423)
(1508,1424)
(1508,1425)
(1509,1426)
(1509,1427)
(1512,1428)
(1513,1429)
(1513,1430)
(1515,1431)
(1516,1432)
(1517,1433)
(1518,1434)
(1519,1435)
(1519,1436)
(1521,1437)
(1522,1438)
(1523,1439)
(1524,1440)
(1525,1441)
(1526,1442)
(1527,1443)
(1528,1444)
(1529,1445)
(1529,1446)
(1531,1447)
(1532,1448)
(1533,1449)
(1534,1450)
(1535,1451)
(1535,1452)
(1537,1453)
(1538,1454)
(1539,1455)
(1540,1456)
(1541,1457)
(1541,1458)
(1543,1459)
(1543,1460)
(1545,1461)
(1546,1462)
(1546,1463)
(1548,1464)
(1549,1465)
(1550,1466)
(1551,1467)
(1552,1468)
(1553,1469)
(1554,1470)
(1555,1471)
(1556,1472)
(1556,1473)
(1558,1474)
(1559,1475)
(1560,1476)
(1561,1477)
(1562,1478)
(1563,1479)
(1564,1480)
(1565,1481)
(1566,1482)
(1566,1483)
(1568,1484)
(1569,1485)
(1569,1486)
(1569,1487)
(1569,1488)
(1569,1489)
(1574,1490)
(1574,1491)
(1574,1492)
(1577,1493)
(1578,1494)
(1578,1495)
(1578,1496)
(1581,1497)
(1582,1498)
(1583,1499)
(1583,1500)
(1585,1501)
(1585,1502)
(1587,1503)
(1588,1504)
(1588,1505)
(1588,1506)
(1591,1507)
(1591,1508)
(1591,1509)
(1591,1510)
(1591,1511)
(1591,1512)
(1591,1513)
(1598,1514)
(1598,1515)
(1600,1516)
(1600,1517)
(1600,1518)
(1600,1519)
(1600,1520)
(1605,1521)
(1606,1522)
(1607,1523)
(1608,1524)
(1608,1525)
(1610,1526)
(1611,1527)
(1612,1528)
(1612,1529)
(1612,1530)
(1614,1531)
(1614,1532)
(1614,1533)
(1614,1534)
(1616,1535)
(1616,1536)
(1617,1537)
(1622,1538)
(1623,1539)
(1624,1540)
(1624,1541)
(1626,1542)
(1626,1543)
(1626,1544)
(1629,1545)
(1630,1546)
(1631,1547)
(1632,1548)
(1632,1549)
(1634,1550)
(1635,1551)
(1636,1552)
(1637,1553)
(1638,1554)
(1639,1555)
(1640,1556)
(1640,1557)
(1642,1558)
(1643,1559)
(1644,1560)
(1645,1561)
(1646,1562)
(1647,1563)
(1648,1564)
(1648,1565)
(1650,1566)
(1650,1567)
(1652,1568)
(1653,1569)
(1654,1570)
(1655,1571)
(1655,1572)
(1657,1573)
(1657,1574)
(1659,1575)
(1659,1576)
(1660,1577)
(1661,1578)
(1663,1579)
(1664,1580)
(1665,1581)
(1666,1582)
(1667,1583)
(1668,1584)
(1669,1585)
(1669,1586)
(1670,1587)
(1672,1588)
(1673,1589)
(1674,1590)
(1675,1591)
(1676,1592)
(1676,1593)
(1678,1594)
(1679,1595)
(1679,1596)
(1681,1597)
(1682,1598)
(1683,1599)
(1684,1600)
(1685,1601)
(1686,1602)
(1687,1603)
(1688,1604)
(1689,1605)
(1690,1606)
(1691,1607)
(1692,1608)
(1693,1609)
(1694,1610)
(1695,1611)
(1696,1612)
(1697,1613)
(1698,1614)
(1699,1615)
(1700,1616)
(1701,1617)
(1702,1618)
(1703,1619)
(1704,1620)
(1705,1621)
(1706,1622)
(1707,1623)
(1708,1624)
(1709,1625)
(1710,1626)
(1711,1627)
(1712,1628)
(1713,1629)
(1714,1630)
(1715,1631)
(1716,1632)
(1717,1633)
(1718,1634)
(1719,1635)
(1720,1636)
(1721,1637)
(1722,1638)
(1723,1639)
(1723,1640)
(1725,1641)
(1726,1642)
(1727,1643)
(1728,1644)
(1729,1645)
(1730,1646)
(1731,1647)
(1732,1648)
(1733,1649)
(1734,1650)
(1735,1651)
(1736,1652)
(1737,1653)
(1738,1654)
(1739,1655)
(1740,1656)
(1741,1657)
(1742,1658)
(1743,1659)
(1744,1660)
(1745,1661)
(1745,1662)
(1747,1663)
(1748,1664)
(1749,1665)
(1750,1666)
(1751,1667)
(1752,1668)
(1753,1669)
(1754,1670)
(1755,1671)
(1756,1672)
(1757,1673)
(1758,1674)
(1758,1675)
(1760,1676)
(1761,1677)
(1761,1678)
(1761,1679)
(1761,1680)
(1761,1681)
(1766,1682)
(1767,1683)
(1768,1684)
(1768,1685)
(1768,1686)
(1768,1687)
(1770,1688)
(1771,1689)
(1774,1690)
(1775,1691)
(1776,1692)
(1777,1693)
(1777,1694)
(1779,1695)
(1779,1696)
(1781,1697)
(1782,1698)
(1783,1699)
(1784,1700)
(1785,1701)
(1786,1702)
(1786,1703)
(1788,1704)
(1789,1705)
(1790,1706)
(1790,1707)
(1792,1708)
(1792,1709)
(1793,1710)
(1795,1711)
(1796,1712)
(1797,1713)
(1798,1714)
(1799,1715)
(1800,1716)
(1800,1717)
(1802,1718)
(1802,1719)
(1804,1720)
(1805,1721)
(1806,1722)
(1807,1723)
(1808,1724)
(1808,1725)
(1810,1726)
(1810,1727)
(1812,1728)
(1813,1729)
(1814,1730)
(1814,1731)
(1816,1732)
(1816,1733)
(1818,1734)
(1819,1735)
(1819,1736)
(1819,1737)
(1819,1738)
(1822,1739)
(1822,1740)
(1825,1741)
(1825,1742)
(1827,1743)
(1828,1744)
(1828,1745)
(1828,1746)
(1830,1747)
(1830,1748)
(1830,1749)
(1830,1750)
(1833,1751)
(1834,1752)
(1834,1753)
(1836,1754)
(1837,1755)
(1837,1756)
(1838,1757)
(1838,1758)
(1840,1759)
(1840,1760)
(1840,1761)
(1843,1762)
(1847,1763)
(1848,1764)
(1849,1765)
(1850,1766)
(1851,1767)
(1852,1768)
(1852,1769)
(1854,1770)
(1855,1771)
(1856,1772)
(1857,1773)
(1858,1774)
(1859,1775)
(1860,1776)
(1861,1777)
(1862,1778)
(1863,1779)
(1864,1780)
(1865,1781)
(1866,1782)
(1867,1783)
(1868,1784)
(1868,1785)
(1868,1786)
(1869,1787)
(1872,1788)
(1873,1789)
(1874,1790)
(1875,1791)
(1876,1792)
(1876,1793)
(1876,1794)
(1879,1795)
(1880,1796)
(1881,1797)
(1882,1798)
(1883,1799)
(1884,1800)
(1885,1801)
(1886,1802)
(1887,1803)
(1888,1804)
(1889,1805)
(1890,1806)
(1891,1807)
(1892,1808)
(1893,1809)
(1894,1810)
(1895,1811)
(1896,1812)
(1897,1813)
(1898,1814)
(1899,1815)
(1900,1816)
(1900,1817)
(1900,1818)
(1903,1819)
(1904,1820)
(1905,1821)
(1905,1822)
(1907,1823)
(1907,1824)
(1907,1825)
(1910,1826)
(1910,1827)
(1912,1828)
(1912,1829)
(1914,1830)
(1915,1831)
(1915,1832)
(1917,1833)
(1918,1834)
(1919,1835)
(1919,1836)
(1921,1837)
(1922,1838)
(1923,1839)
(1924,1840)
(1925,1841)
(1925,1842)
(1927,1843)
(1928,1844)
(1928,1845)
(1930,1846)
(1931,1847)
(1932,1848)
(1933,1849)
(1933,1850)
(1935,1851)
(1936,1852)
(1936,1853)
(1936,1854)
(1938,1855)
(1940,1856)
(1941,1857)
(1941,1858)
(1943,1859)
(1944,1860)
(1945,1861)
(1946,1862)
(1947,1863)
(1948,1864)
(1949,1865)
(1949,1866)
(1950,1867)
(1952,1868)
(1952,1869)
(1952,1870)
(1955,1871)
(1955,1872)
(1955,1873)
(1957,1874)
(1959,1875)
(1959,1876)
(1959,1877)
(1960,1878)
(1960,1879)
(1960,1880)
(1965,1881)
(1966,1882)
(1967,1883)
(1968,1884)
(1969,1885)
(1970,1886)
(1971,1887)
(1972,1888)
(1973,1889)
(1973,1890)
(1973,1891)
(1976,1892)
(1977,1893)
(1978,1894)
(1979,1895)
(1980,1896)
(1981,1897)
(1981,1898)
(1982,1899)
(1982,1900)
(1984,1901)
(1984,1902)
(1984,1903)
(1985,1904)
(1985,1905)
(1989,1906)
(1990,1907)
(1992,1908)
(1992,1909)
(1993,1910)
(1994,1911)
(1996,1912)
(1997,1913)
(1998,1914)
(1999,1915)
(2000,1916)
(2001,1917)
(2002,1918)
(2003,1919)
(2004,1920)
(2005,1921)
(2006,1922)
(2007,1923)
(2008,1924)
(2009,1925)
(2010,1926)
(2011,1927)
(2012,1928)
(2013,1929)
(2014,1930)
(2015,1931)
(2016,1932)
(2017,1933)
(2018,1934)
(2019,1935)
(2020,1936)
(2021,1937)
(2022,1938)
(2023,1939)
(2024,1940)
(2025,1941)
(2026,1942)
(2027,1943)
(2027,1944)
(2029,1945)
(2030,1946)
(2031,1947)
(2032,1948)
(2032,1949)
(2034,1950)
(2034,1951)
(2036,1952)
(2037,1953)
(2038,1954)
(2039,1955)
(2039,1956)
(2041,1957)
(2041,1958)
(2043,1959)
(2044,1960)
(2044,1961)
(2044,1962)
(2047,1963)
(2047,1964)
(2047,1965)
(2047,1966)
(2047,1967)
(2049,1968)
(2053,1969)
(2054,1970)
(2054,1971)
(2056,1972)
(2057,1973)
(2057,1974)
(2059,1975)
(2060,1976)
(2061,1977)
(2062,1978)
(2063,1979)
(2064,1980)
(2064,1981)
(2066,1982)
(2067,1983)
(2068,1984)
(2069,1985)
(2070,1986)
(2071,1987)
(2072,1988)
(2073,1989)
(2074,1990)
(2075,1991)
(2076,1992)
(2077,1993)
(2077,1994)
(2079,1995)
(2080,1996)
(2081,1997)
(2082,1998)
(2083,1999)
(2084,2000)
(2085,2001)
(2086,2002)
(2086,2003)
(2086,2004)
(2086,2005)
(2086,2006)
(2086,2007)
(2092,2008)
(2093,2009)
(2094,2010)
(2095,2011)
(2096,2012)
(2097,2013)
(2097,2014)
(2099,2015)
(2100,2016)
(2101,2017)
(2101,2018)
(2103,2019)
(2104,2020)
(2105,2021)
(2106,2022)
(2107,2023)
(2108,2024)
(2109,2025)
(2110,2026)
(2110,2027)
(2110,2028)
(2112,2029)
(2113,2030)
(2114,2031)
(2114,2032)
(2115,2033)
(2115,2034)
(2116,2035)
(2116,2036)
(2121,2037)
(2121,2038)
(2123,2039)
(2124,2040)
(2125,2041)
(2126,2042)
(2126,2043)
(2128,2044)
(2129,2045)
(2129,2046)
(2131,2047)
(2132,2048)
(2133,2049)
(2133,2050)
(2134,2051)
(2136,2052)
(2137,2053)
(2138,2054)
(2138,2055)
(2139,2056)
(2141,2057)
(2141,2058)
(2143,2059)
(2144,2060)
(2145,2061)
(2145,2062)
(2145,2063)
(2147,2064)
(2148,2065)
(2150,2066)
(2151,2067)
(2152,2068)
(2153,2069)
(2153,2070)
(2155,2071)
(2155,2072)
(2157,2073)
(2158,2074)
(2158,2075)
(2160,2076)
(2161,2077)
(2162,2078)
(2163,2079)
(2164,2080)
(2165,2081)
(2165,2082)
(2165,2083)
(2168,2084)
(2168,2085)
(2169,2086)
(2171,2087)
(2172,2088)
(2172,2089)
(2174,2090)
(2174,2091)
(2176,2092)
(2177,2093)
(2178,2094)
(2179,2095)
(2179,2096)
(2181,2097)
(2181,2098)
(2181,2099)
(2184,2100)
(2185,2101)
(2185,2102)
(2187,2103)
(2188,2104)
(2189,2105)
(2190,2106)
(2191,2107)
(2191,2108)
(2191,2109)
(2194,2110)
(2195,2111)
(2196,2112)
(2197,2113)
(2198,2114)
(2199,2115)
(2200,2116)
(2201,2117)
(2202,2118)
(2203,2119)
(2204,2120)
(2205,2121)
(2206,2122)
(2207,2123)
(2208,2124)
(2209,2125)
(2210,2126)
(2211,2127)
(2212,2128)
(2213,2129)
(2214,2130)
(2215,2131)
(2216,2132)
(2217,2133)
(2218,2134)
(2219,2135)
(2220,2136)
(2221,2137)
(2222,2138)
(2223,2139)
(2224,2140)
(2225,2141)
(2226,2142)
(2227,2143)
(2228,2144)
(2229,2145)
(2230,2146)
(2231,2147)
(2231,2148)
(2231,2149)
(2232,2150)
(2232,2151)
(2235,2152)
(2235,2153)
(2236,2154)
(2239,2155)
(2240,2156)
(2241,2157)
(2242,2158)
(2243,2159)
(2244,2160)
(2245,2161)
(2246,2162)
(2247,2163)
(2248,2164)
(2249,2165)
(2250,2166)
(2250,2167)
(2252,2168)
(2252,2169)
(2252,2170)
(2255,2171)
(2256,2172)
(2257,2173)
(2258,2174)
(2258,2175)
(2260,2176)
(2261,2177)
(2262,2178)
(2263,2179)
(2264,2180)
(2265,2181)
(2266,2182)
(2267,2183)
(2267,2184)
(2268,2185)
(2270,2186)
(2271,2187)
(2271,2188)
(2272,2189)
(2272,2190)
(2273,2191)
(2276,2192)
(2276,2193)
(2278,2194)
(2278,2195)
(2278,2196)
(2280,2197)
(2280,2198)
(2280,2199)
(2284,2200)
(2285,2201)
(2286,2202)
(2287,2203)
(2288,2204)
(2289,2205)
(2289,2206)
(2291,2207)
(2291,2208)
(2292,2209)
(2294,2210)
(2294,2211)
(2296,2212)
(2297,2213)
(2298,2214)
(2299,2215)
(2299,2216)
(2299,2217)
(2302,2218)
(2302,2219)
(2304,2220)
(2304,2221)
(2304,2222)
(2307,2223)
(2307,2224)
(2309,2225)
(2310,2226)
(2310,2227)
(2311,2228)
(2313,2229)
(2314,2230)
(2315,2231)
(2316,2232)
(2316,2233)
(2317,2234)
(2319,2235)
(2319,2236)
(2321,2237)
(2321,2238)
(2321,2239)
(2324,2240)
(2325,2241)
(2326,2242)
(2326,2243)
(2326,2244)
(2329,2245)
(2330,2246)
(2331,2247)
(2331,2248)
(2333,2249)
(2333,2250)
(2335,2251)
(2335,2252)
(2335,2253)
(2335,2254)
(2335,2255)
(2338,2256)
(2338,2257)
(2340,2258)
(2340,2259)
(2342,2260)
(2343,2261)
(2343,2262)
(2344,2263)
(2344,2264)
(2344,2265)
(2344,2266)
(2344,2267)
(2350,2268)
(2350,2269)
(2350,2270)
(2352,2271)
(2352,2272)
(2353,2273)
(2353,2274)
(2353,2275)
(2354,2276)
(2354,2277)
(2355,2278)
(2357,2279)
(2357,2280)
(2359,2281)
(2360,2282)
(2360,2283)
(2360,2284)
(2360,2285)
(2360,2286)
(2360,2287)
(2363,2288)
(2363,2289)
(2364,2290)
(2366,2291)
(2368,2292)
(2368,2293)
(2369,2294)
(2373,2295)
(2376,2296)
(2377,2297)
(2377,2298)
(2377,2299)
(2384,2300)
(2385,2301)
(2386,2302)
(2387,2303)
(2388,2304)
(2389,2305)
(2390,2306)
(2390,2307)
(2392,2308)
(2393,2309)
(2394,2310)
(2395,2311)
(2396,2312)
(2397,2313)
(2398,2314)
(2398,2315)
(2400,2316)
(2401,2317)
(2402,2318)
(2403,2319)
(2404,2320)
(2405,2321)
(2406,2322)
(2406,2323)
(2406,2324)
(2408,2325)
(2409,2326)
(2409,2327)
(2412,2328)
(2412,2329)
(2413,2330)
(2415,2331)
(2416,2332)
(2417,2333)
(2418,2334)
(2419,2335)
(2419,2336)
(2421,2337)
(2422,2338)
(2423,2339)
(2423,2340)
(2425,2341)
(2425,2342)
(2427,2343)
(2427,2344)
(2429,2345)
(2430,2346)
(2431,2347)
(2432,2348)
(2433,2349)
(2434,2350)
(2434,2351)
(2436,2352)
(2436,2353)
(2438,2354)
(2439,2355)
(2440,2356)
(2441,2357)
(2441,2358)
(2443,2359)
(2444,2360)
(2445,2361)
(2446,2362)
(2447,2363)
(2447,2364)
(2449,2365)
(2450,2366)
(2451,2367)
(2452,2368)
(2453,2369)
(2454,2370)
(2455,2371)
(2455,2372)
(2457,2373)
(2458,2374)
(2459,2375)
(2460,2376)
(2461,2377)
(2461,2378)
(2461,2379)
(2461,2380)
(2465,2381)
(2466,2382)
(2467,2383)
(2468,2384)
(2469,2385)
(2470,2386)
(2471,2387)
(2471,2388)
(2473,2389)
(2474,2390)
(2475,2391)
(2476,2392)
(2476,2393)
(2476,2394)
(2479,2395)
(2480,2396)
(2481,2397)
(2482,2398)
(2483,2399)
(2484,2400)
(2485,2401)
(2486,2402)
(2487,2403)
(2487,2404)
(2489,2405)
(2489,2406)
(2491,2407)
(2492,2408)
(2493,2409)
(2493,2410)
(2494,2411)
(2496,2412)
(2497,2413)
(2498,2414)
(2499,2415)
(2500,2416)
(2501,2417)
(2501,2418)
(2503,2419)
(2504,2420)
(2505,2421)
(2506,2422)
(2507,2423)
(2508,2424)
(2509,2425)
(2510,2426)
(2511,2427)
(2512,2428)
(2513,2429)
(2514,2430)
(2515,2431)
(2516,2432)
(2517,2433)
(2518,2434)
(2519,2435)
(2520,2436)
(2521,2437)
(2522,2438)
(2522,2439)
(2523,2440)
(2524,2441)
(2524,2442)
(2526,2443)
(2528,2444)
(2529,2445)
(2530,2446)
(2531,2447)
(2531,2448)
(2533,2449)
(2534,2450)
(2534,2451)
(2534,2452)
(2535,2453)
(2535,2454)
(2536,2455)
(2536,2456)
(2541,2457)
(2542,2458)
(2542,2459)
(2544,2460)
(2545,2461)
(2545,2462)
(2547,2463)
(2548,2464)
(2549,2465)
(2550,2466)
(2551,2467)
(2552,2468)
(2553,2469)
(2553,2470)
(2555,2471)
(2556,2472)
(2557,2473)
(2558,2474)
(2559,2475)
(2560,2476)
(2561,2477)
(2562,2478)
(2563,2479)
(2563,2480)
(2563,2481)
(2566,2482)
(2567,2483)
(2568,2484)
(2569,2485)
(2570,2486)
(2571,2487)
(2571,2488)
(2573,2489)
(2574,2490)
(2575,2491)
(2576,2492)
(2577,2493)
(2578,2494)
(2579,2495)
(2580,2496)
(2581,2497)
(2582,2498)
(2583,2499)
(2584,2500)
(2585,2501)
(2586,2502)
(2587,2503)
(2588,2504)
(2589,2505)
(2590,2506)
(2591,2507)
(2592,2508)
(2593,2509)
(2594,2510)
(2595,2511)
(2596,2512)
(2597,2513)
(2598,2514)
(2599,2515)
(2600,2516)
(2600,2517)
(2602,2518)
(2603,2519)
(2604,2520)
(2605,2521)
(2605,2522)
(2606,2523)
(2608,2524)
(2609,2525)
(2609,2526)
(2611,2527)
(2612,2528)
(2613,2529)
(2614,2530)
(2615,2531)
(2616,2532)
(2617,2533)
(2618,2534)
(2619,2535)
(2620,2536)
(2621,2537)
(2622,2538)
(2623,2539)
(2624,2540)
(2625,2541)
(2626,2542)
(2627,2543)
(2628,2544)
(2629,2545)
(2630,2546)
(2631,2547)
(2632,2548)
(2633,2549)
(2633,2550)
(2635,2551)
(2635,2552)
(2635,2553)
(2635,2554)
(2639,2555)
(2640,2556)
(2641,2557)
(2642,2558)
(2643,2559)
(2644,2560)
(2645,2561)
(2646,2562)
(2647,2563)
(2648,2564)
(2649,2565)
(2649,2566)
(2651,2567)
(2651,2568)
(2653,2569)
(2654,2570)
(2655,2571)
(2656,2572)
(2657,2573)
(2658,2574)
(2659,2575)
(2660,2576)
(2660,2577)
(2660,2578)
(2662,2579)
(2664,2580)
(2665,2581)
(2666,2582)
(2667,2583)
(2668,2584)
(2668,2585)
(2670,2586)
(2671,2587)
(2672,2588)
(2673,2589)
(2674,2590)
(2675,2591)
(2676,2592)
(2677,2593)
(2678,2594)
(2678,2595)
(2679,2596)
(2681,2597)
(2682,2598)
(2683,2599)
(2683,2600)
(2685,2601)
(2685,2602)
(2686,2603)
(2686,2604)
(2689,2605)
(2690,2606)
(2691,2607)
(2692,2608)
(2693,2609)
(2694,2610)
(2695,2611)
(2696,2612)
(2696,2613)
(2698,2614)
(2699,2615)
(2700,2616)
(2700,2617)
(2701,2618)
(2703,2619)
(2704,2620)
(2705,2621)
(2706,2622)
(2707,2623)
(2708,2624)
(2709,2625)
(2710,2626)
(2711,2627)
(2712,2628)
(2713,2629)
(2714,2630)
(2715,2631)
(2716,2632)
(2717,2633)
(2718,2634)
(2719,2635)
(2720,2636)
(2721,2637)
(2722,2638)
(2723,2639)
(2724,2640)
(2724,2641)
(2724,2642)
(2727,2643)
(2727,2644)
(2727,2645)
(2730,2646)
(2730,2647)
(2730,2648)
(2730,2649)
(2730,2650)
(2732,2651)
(2732,2652)
(2733,2653)
(2733,2654)
(2733,2655)
(2733,2656)
(2733,2657)
(2733,2658)
(2736,2659)
(2744,2660)
(2745,2661)
(2746,2662)
(2747,2663)
(2748,2664)
(2749,2665)
(2750,2666)
(2750,2667)
(2752,2668)
(2753,2669)
(2754,2670)
(2755,2671)
(2756,2672)
(2757,2673)
(2758,2674)
(2759,2675)
(2760,2676)
(2761,2677)
(2762,2678)
(2763,2679)
(2764,2680)
(2765,2681)
(2766,2682)
(2767,2683)
(2768,2684)
(2769,2685)
(2769,2686)
(2771,2687)
(2772,2688)
(2773,2689)
(2774,2690)
(2774,2691)
(2776,2692)
(2777,2693)
(2778,2694)
(2779,2695)
(2780,2696)
(2781,2697)
(2782,2698)
(2783,2699)
(2784,2700)
(2785,2701)
(2786,2702)
(2787,2703)
(2788,2704)
(2789,2705)
(2790,2706)
(2791,2707)
(2791,2708)
(2793,2709)
(2793,2710)
(2795,2711)
(2796,2712)
(2797,2713)
(2798,2714)
(2798,2715)
(2800,2716)
(2801,2717)
(2802,2718)
(2802,2719)
(2804,2720)
(2805,2721)
(2806,2722)
(2807,2723)
(2808,2724)
(2809,2725)
(2809,2726)
(2809,2727)
(2811,2728)
(2811,2729)
(2811,2730)
(2811,2731)
(2814,2732)
(2814,2733)
(2814,2734)
(2814,2735)
(2815,2736)
(2817,2737)
(2821,2738)
(2823,2739)
(2824,2740)
(2825,2741)
(2825,2742)
(2825,2743)
(2828,2744)
(2829,2745)
(2830,2746)
(2830,2747)
(2832,2748)
(2832,2749)
(2834,2750)
(2835,2751)
(2835,2752)
(2837,2753)
(2837,2754)
(2839,2755)
(2840,2756)
(2840,2757)
(2842,2758)
(2842,2759)
(2842,2760)
(2842,2761)
(2846,2762)
(2847,2763)
(2848,2764)
(2849,2765)
(2850,2766)
(2850,2767)
(2852,2768)
(2853,2769)
(2853,2770)
(2855,2771)
(2856,2772)
(2856,2773)
(2858,2774)
(2859,2775)
(2860,2776)
(2861,2777)
(2862,2778)
(2862,2779)
(2864,2780)
(2865,2781)
(2865,2782)
(2865,2783)
(2868,2784)
(2869,2785)
(2870,2786)
(2871,2787)
(2871,2788)
(2871,2789)
(2873,2790)
(2875,2791)
(2876,2792)
(2877,2793)
(2878,2794)
(2879,2795)
(2879,2796)
(2880,2797)
(2881,2798)
(2883,2799)
(2883,2800)
(2885,2801)
(2886,2802)
(2886,2803)
(2887,2804)
(2889,2805)
(2890,2806)
(2891,2807)
(2892,2808)
(2893,2809)
(2894,2810)
(2895,2811)
(2896,2812)
(2897,2813)
(2898,2814)
(2898,2815)
(2900,2816)
(2901,2817)
(2902,2818)
(2903,2819)
(2903,2820)
(2903,2821)
(2905,2822)
(2906,2823)
(2908,2824)
(2909,2825)
(2910,2826)
(2911,2827)
(2912,2828)
(2913,2829)
(2914,2830)
(2915,2831)
(2916,2832)
(2917,2833)
(2918,2834)
(2919,2835)
(2919,2836)
(2921,2837)
(2922,2838)
(2923,2839)
(2924,2840)
(2925,2841)
(2926,2842)
(2927,2843)
(2928,2844)
(2928,2845)
(2928,2846)
(2928,2847)
(2928,2848)
(2933,2849)
(2934,2850)
(2935,2851)
(2936,2852)
(2937,2853)
(2938,2854)
(2938,2855)
(2940,2856)
(2941,2857)
(2942,2858)
(2943,2859)
(2944,2860)
(2945,2861)
(2946,2862)
(2947,2863)
(2948,2864)
(2949,2865)
(2950,2866)
(2951,2867)
(2951,2868)
(2951,2869)
(2954,2870)
(2955,2871)
(2956,2872)
(2957,2873)
(2957,2874)
(2959,2875)
(2959,2876)
(2961,2877)
(2962,2878)
(2963,2879)
(2964,2880)
(2965,2881)
(2966,2882)
(2967,2883)
(2968,2884)
(2969,2885)
(2970,2886)
(2971,2887)
(2972,2888)
(2973,2889)
(2974,2890)
(2975,2891)
(2976,2892)
(2976,2893)
(2976,2894)
(2976,2895)
(2976,2896)
(2981,2897)
(2982,2898)
(2983,2899)
(2984,2900)
(2985,2901)
(2986,2902)
(2987,2903)
(2988,2904)
(2988,2905)
(2989,2906)
(2989,2907)
(2990,2908)
(2992,2909)
(2994,2910)
(2995,2911)
(2996,2912)
(2997,2913)
(2998,2914)
(2999,2915)
(3000,2916)
(3001,2917)
(3002,2918)
(3003,2919)
(3004,2920)
(3005,2921)
(3006,2922)
(3007,2923)
(3008,2924)
(3009,2925)
(3010,2926)
(3011,2927)
(3012,2928)
(3013,2929)
(3014,2930)
(3015,2931)
(3016,2932)
(3016,2933)
(3018,2934)
(3019,2935)
(3020,2936)
(3021,2937)
(3022,2938)
(3023,2939)
(3024,2940)
(3024,2941)
(3024,2942)
(3027,2943)
(3027,2944)
(3029,2945)
(3030,2946)
(3031,2947)
(3031,2948)
(3033,2949)
(3034,2950)
(3034,2951)
(3034,2952)
(3034,2953)
(3035,2954)
(3035,2955)
(3035,2956)
(3040,2957)
(3040,2958)
(3041,2959)
(3043,2960)
(3043,2961)
(3043,2962)
(3045,2963)
(3045,2964)
(3045,2965)
(3045,2966)
(3048,2967)
(3048,2968)
(3048,2969)
(3049,2970)
(3052,2971)
(3055,2972)
(3057,2973)
(3058,2974)
(3059,2975)
(3060,2976)
(3061,2977)
(3062,2978)
(3062,2979)
(3064,2980)
(3065,2981)
(3066,2982)
(3066,2983)
(3066,2984)
(3069,2985)
(3070,2986)
(3071,2987)
(3072,2988)
(3073,2989)
(3074,2990)
(3075,2991)
(3076,2992)
(3077,2993)
(3078,2994)
(3079,2995)
(3080,2996)
(3080,2997)
(3082,2998)
(3083,2999)
(3083,3000)
(3083,3001)
(3086,3002)
(3087,3003)
(3088,3004)
(3089,3005)
(3090,3006)
(3091,3007)
(3092,3008)
(3093,3009)
(3094,3010)
(3095,3011)
(3095,3012)
(3097,3013)
(3098,3014)
(3099,3015)
(3100,3016)
(3101,3017)
(3102,3018)
(3103,3019)
(3103,3020)
(3103,3021)
(3106,3022)
(3107,3023)
(3108,3024)
(3109,3025)
(3110,3026)
(3111,3027)
(3112,3028)
(3113,3029)
(3114,3030)
(3115,3031)
(3116,3032)
(3116,3033)
(3118,3034)
(3119,3035)
(3120,3036)
(3120,3037)
(3122,3038)
(3123,3039)
(3124,3040)
(3125,3041)
(3126,3042)
(3127,3043)
(3128,3044)
(3128,3045)
(3130,3046)
(3131,3047)
(3132,3048)
(3133,3049)
(3134,3050)
(3135,3051)
(3136,3052)
(3137,3053)
(3138,3054)
(3139,3055)
(3139,3056)
(3139,3057)
(3139,3058)
(3140,3059)
(3144,3060)
(3145,3061)
(3146,3062)
(3147,3063)
(3148,3064)
(3149,3065)
(3150,3066)
(3151,3067)
(3152,3068)
(3153,3069)
(3154,3070)
(3155,3071)
(3155,3072)
(3157,3073)
(3158,3074)
(3159,3075)
(3159,3076)
(3161,3077)
(3162,3078)
(3163,3079)
(3163,3080)
(3165,3081)
(3166,3082)
(3166,3083)
(3168,3084)
(3168,3085)
(3170,3086)
(3171,3087)
(3171,3088)
(3171,3089)
(3172,3090)
(3172,3091)
(3174,3092)
(3175,3093)
(3177,3094)
(3179,3095)
(3180,3096)
(3181,3097)
(3182,3098)
(3183,3099)
(3184,3100)
(3185,3101)
(3186,3102)
(3187,3103)
(3188,3104)
(3189,3105)
(3190,3106)
(3191,3107)
(3192,3108)
(3193,3109)
(3194,3110)
(3195,3111)
(3196,3112)
(3197,3113)
(3198,3114)
(3199,3115)
(3200,3116)
(3201,3117)
(3202,3118)
(3203,3119)
(3204,3120)
(3205,3121)
(3206,3122)
(3207,3123)
(3208,3124)
(3209,3125)
(3210,3126)
(3211,3127)
(3212,3128)
(3213,3129)
(3214,3130)
(3215,3131)
(3216,3132)
(3217,3133)
(3218,3134)
(3219,3135)
(3220,3136)
(3221,3137)
(3222,3138)
(3223,3139)
(3223,3140)
(3225,3141)
(3226,3142)
(3227,3143)
(3227,3144)
(3229,3145)
(3230,3146)
(3231,3147)
(3231,3148)
(3231,3149)
(3234,3150)
(3234,3151)
(3236,3152)
(3237,3153)
(3237,3154)
(3239,3155)
(3239,3156)
(3239,3157)
(3241,3158)
(3242,3159)
(3242,3160)
(3244,3161)
(3244,3162)
(3244,3163)
(3246,3164)
(3249,3165)
(3250,3166)
(3251,3167)
(3251,3168)
(3253,3169)
(3254,3170)
(3255,3171)
(3256,3172)
(3257,3173)
(3258,3174)
(3259,3175)
(3259,3176)
(3261,3177)
(3261,3178)
(3262,3179)
(3263,3180)
(3265,3181)
(3266,3182)
(3267,3183)
(3268,3184)
(3269,3185)
(3269,3186)
(3271,3187)
(3272,3188)
(3272,3189)
(3274,3190)
(3275,3191)
(3276,3192)
(3277,3193)
(3277,3194)
(3279,3195)
(3280,3196)
(3281,3197)
(3282,3198)
(3283,3199)
(3284,3200)
(3285,3201)
(3286,3202)
(3287,3203)
(3288,3204)
(3289,3205)
(3290,3206)
(3291,3207)
(3292,3208)
(3293,3209)
(3294,3210)
(3295,3211)
(3296,3212)
(3297,3213)
(3298,3214)
(3298,3215)
(3300,3216)
(3301,3217)
(3302,3218)
(3303,3219)
(3304,3220)
(3305,3221)
(3306,3222)
(3307,3223)
(3308,3224)
(3309,3225)
(3310,3226)
(3311,3227)
(3312,3228)
(3312,3229)
(3314,3230)
(3315,3231)
(3315,3232)
(3317,3233)
(3318,3234)
(3319,3235)
(3319,3236)
(3321,3237)
(3322,3238)
(3323,3239)
(3324,3240)
(3325,3241)
(3325,3242)
(3327,3243)
(3328,3244)
(3328,3245)
(3330,3246)
(3331,3247)
(3332,3248)
(3333,3249)
(3334,3250)
(3335,3251)
(3336,3252)
(3336,3253)
(3338,3254)
(3339,3255)
(3340,3256)
(3341,3257)
(3342,3258)
(3343,3259)
(3344,3260)
(3345,3261)
(3346,3262)
(3347,3263)
(3348,3264)
(3348,3265)
(3350,3266)
(3351,3267)
(3352,3268)
(3353,3269)
(3354,3270)
(3354,3271)
(3354,3272)
(3356,3273)
(3358,3274)
(3359,3275)
(3360,3276)
(3361,3277)
(3362,3278)
(3362,3279)
(3364,3280)
(3365,3281)
(3366,3282)
(3367,3283)
(3367,3284)
(3369,3285)
(3370,3286)
(3371,3287)
(3372,3288)
(3373,3289)
(3374,3290)
(3375,3291)
(3376,3292)
(3377,3293)
(3378,3294)
(3379,3295)
(3380,3296)
(3381,3297)
(3382,3298)
(3382,3299)
(3384,3300)
(3385,3301)
(3386,3302)
(3387,3303)
(3387,3304)
(3389,3305)
(3390,3306)
(3391,3307)
(3392,3308)
(3393,3309)
(3393,3310)
(3395,3311)
(3396,3312)
(3397,3313)
(3398,3314)
(3399,3315)
(3400,3316)
(3401,3317)
(3402,3318)
(3403,3319)
(3403,3320)
(3405,3321)
(3406,3322)
(3407,3323)
(3408,3324)
(3409,3325)
(3410,3326)
(3411,3327)
(3412,3328)
(3413,3329)
(3414,3330)
(3414,3331)
(3416,3332)
(3417,3333)
(3418,3334)
(3419,3335)
(3420,3336)
(3420,3337)
(3422,3338)
(3423,3339)
(3424,3340)
(3425,3341)
(3425,3342)
(3427,3343)
(3428,3344)
(3428,3345)
(3430,3346)
(3431,3347)
(3432,3348)
(3433,3349)
(3434,3350)
(3434,3351)
(3436,3352)
(3437,3353)
(3437,3354)
(3439,3355)
(3440,3356)
(3441,3357)
(3442,3358)
(3442,3359)
(3443,3360)
(3445,3361)
(3446,3362)
(3446,3363)
(3448,3364)
(3449,3365)
(3449,3366)
(3449,3367)
(3452,3368)
(3452,3369)
(3452,3370)
(3455,3371)
(3456,3372)
(3456,3373)
(3458,3374)
(3459,3375)
(3459,3376)
(3461,3377)
(3461,3378)
(3462,3379)
(3462,3380)
(3465,3381)
(3466,3382)
(3467,3383)
(3468,3384)
(3469,3385)
(3470,3386)
(3471,3387)
(3471,3388)
(3471,3389)
(3471,3390)
(3474,3391)
(3474,3392)
(3476,3393)
(3476,3394)
(3479,3395)
(3480,3396)
(3481,3397)
(3482,3398)
(3483,3399)
(3484,3400)
(3485,3401)
(3486,3402)
(3487,3403)
(3488,3404)
(3488,3405)
(3489,3406)
(3490,3407)
(3490,3408)
(3492,3409)
(3494,3410)
(3495,3411)
(3496,3412)
(3497,3413)
(3498,3414)
(3499,3415)
(3500,3416)
(3500,3417)
(3500,3418)
(3500,3419)
(3500,3420)
(3500,3421)
(3500,3422)
(3500,3423)
(3500,3424)
(3500,3425)
(3500,3426)
(3500,3427)
(3500,3428)
(3500,3429)
(3500,3430)
(3500,3431)
(3500,3432)
(3500,3433)
(3500,3434)
(3500,3435)
(3500,3436)
(3500,3437)
(3500,3438)
(3500,3439)
(3500,3440)
(3500,3441)
(3500,3442)
(3500,3443)
(3500,3444)
(3500,3445)
(3500,3446)
(3500,3447)
(3500,3448)
(3500,3449)
(3500,3450)
(3500,3451)
(3500,3452)
(3500,3453)
(3500,3454)
(3500,3455)
(3500,3456)
(3500,3457)
(3500,3458)
(3500,3459)
(3500,3460)
(3500,3461)
(3500,3462)
(3500,3463)
(3500,3464)
(3500,3465)
(3500,3466)
(3500,3467)
(3500,3468)
(3500,3469)
(3500,3470)
(3500,3471)
(3500,3472)
(3500,3473)
(3500,3474)
(3500,3475)
(3500,3476)
(3500,3477)
(3500,3478)
(3500,3479)
(3500,3480)
(3500,3481)
(3500,3482)
(3500,3483)
(3500,3484)
(3500,3485)
(3500,3486)
(3500,3487)
(3500,3488)
(3500,3489)
(3500,3490)
(3500,3491)
(3500,3492)
(3500,3493)
(3500,3494)
(3500,3495)
(3500,3496)
(3500,3497)
(3500,3498)
(3500,3499)
(3500,3500)
QUERY TIME: 617.313 seconds

real	10m18.061s
user	13m10.100s
sys	0m14.750s
[PARSEC] [----------    End of output    ----------]
[PARSEC] Done.
And the Parsecsingle ferret benchmark has completed at 12:59
parsecsingle.sh: Telling teaplant to cycle log files
parsecsingle.sh: Downloading data from the power meter
parsecsingle.sh: Data collection complete
