parsecsingle.sh: Executing facesim benchmark.
parsecsingle.sh: Destination directory is /usr/home/awl8049/scheduler/
parsecsingle.sh: Using pthreads_tasdev1facesim as id for this run
parsecsingle.sh: Clearing memory on power meter
parsecsingle.sh: Restarting teaplant.
And now we start the Parsecsingle facesim benchmark at 
DEBUG - PARSECPLAT is amd64-bsd.gcc-pthreads
DEBUG buildfile = /usr/home/awl8049/Projects/parsec-2.1/config/gcc-pthreads.bldconf
[PARSEC] Benchmarks to run:  facesim

[PARSEC] [========== Running benchmark facesim ==========]
[PARSEC] Deleting old run directory.
[PARSEC] Setting up run directory.
[PARSEC] Unpacking benchmark input 'native'.
[PARSEC] Running 'time /usr/home/awl8049/Projects/parsec-2.1/pkgs/apps/facesim/inst/amd64-bsd.gcc-pthreads/bin/facesim -timing -threads 1 -lastframe 100':
[PARSEC] [---------- Beginning of output ----------]
PARSEC Benchmark Suite Version 2.1
Creating directory using system("mkdir -p Storytelling/output")...Successful!
Simulation                                        Reading simulation model : ./Face_Data/Eftychis_840k/Front_370k/face_simulation_1.tet
Total particles = 80598
Total tetrahedra = 372126
muscles = 32
attachments = 3

  Frame 1                                         
  END Frame 1                                      12.5796 s
  Frame 2                                         
  END Frame 2                                      12.3033 s
  Frame 3                                         
  END Frame 3                                      12.3390 s
  Frame 4                                         
  END Frame 4                                      12.3181 s
  Frame 5                                         
  END Frame 5                                      12.3279 s
  Frame 6                                         
  END Frame 6                                      12.3075 s
  Frame 7                                         
  END Frame 7                                      12.2967 s
  Frame 8                                         
  END Frame 8                                      12.3298 s
  Frame 9                                         
  END Frame 9                                      12.3057 s
  Frame 10                                        
  END Frame 10                                     12.2996 s
  Frame 11                                        
  END Frame 11                                     12.3156 s
  Frame 12                                        
  END Frame 12                                     12.3077 s
  Frame 13                                        
  END Frame 13                                     12.2998 s
  Frame 14                                        
  END Frame 14                                     12.3165 s
  Frame 15                                        
  END Frame 15                                     12.3294 s
  Frame 16                                        
  END Frame 16                                     12.3442 s
  Frame 17                                        
  END Frame 17                                     12.3086 s
  Frame 18                                        
  END Frame 18                                     12.3144 s
  Frame 19                                        
  END Frame 19                                     12.2947 s
  Frame 20                                        
  END Frame 20                                     12.3127 s
  Frame 21                                        
  END Frame 21                                     12.3002 s
  Frame 22                                        
  END Frame 22                                     12.3191 s
  Frame 23                                        
  END Frame 23                                     12.3229 s
  Frame 24                                        
  END Frame 24                                     12.3166 s
  Frame 25                                        
  END Frame 25                                     12.3198 s
  Frame 26                                        
  END Frame 26                                     12.3023 s
  Frame 27                                        
  END Frame 27                                     12.3184 s
  Frame 28                                        
  END Frame 28                                     12.3262 s
  Frame 29                                        
  END Frame 29                                     12.3113 s
  Frame 30                                        
  END Frame 30                                     12.3148 s
  Frame 31                                        
  END Frame 31                                     12.3209 s
  Frame 32                                        
  END Frame 32                                     12.3226 s
  Frame 33                                        
  END Frame 33                                     12.3242 s
  Frame 34                                        
  END Frame 34                                     12.3133 s
  Frame 35                                        
  END Frame 35                                     12.3069 s
  Frame 36                                        
  END Frame 36                                     12.3237 s
  Frame 37                                        
  END Frame 37                                     12.3235 s
  Frame 38                                        
  END Frame 38                                     12.3224 s
  Frame 39                                        
  END Frame 39                                     12.3136 s
  Frame 40                                        
  END Frame 40                                     12.3069 s
  Frame 41                                        
  END Frame 41                                     12.3260 s
  Frame 42                                        
  END Frame 42                                     12.2957 s
  Frame 43                                        
  END Frame 43                                     12.2963 s
  Frame 44                                        
  END Frame 44                                     12.3025 s
  Frame 45                                        
  END Frame 45                                     12.2856 s
  Frame 46                                        
  END Frame 46                                     12.3019 s
  Frame 47                                        
  END Frame 47                                     12.2892 s
  Frame 48                                        
  END Frame 48                                     12.3458 s
  Frame 49                                        
  END Frame 49                                     12.4450 s
  Frame 50                                        
  END Frame 50                                     12.2995 s
  Frame 51                                        
  END Frame 51                                     12.3006 s
  Frame 52                                        
  END Frame 52                                     12.2912 s
  Frame 53                                        
  END Frame 53                                     12.3031 s
  Frame 54                                        
  END Frame 54                                     12.2925 s
  Frame 55                                        
  END Frame 55                                     12.2790 s
  Frame 56                                        
  END Frame 56                                     12.3066 s
  Frame 57                                        
  END Frame 57                                     12.2768 s
  Frame 58                                        
  END Frame 58                                     12.3022 s
  Frame 59                                        
  END Frame 59                                     12.2750 s
  Frame 60                                        
  END Frame 60                                     12.2850 s
  Frame 61                                        
  END Frame 61                                     12.3158 s
  Frame 62                                        
  END Frame 62                                     12.2865 s
  Frame 63                                        
  END Frame 63                                     12.3130 s
  Frame 64                                        
  END Frame 64                                     12.2933 s
  Frame 65                                        
  END Frame 65                                     12.2770 s
  Frame 66                                        
  END Frame 66                                     12.3062 s
  Frame 67                                        
  END Frame 67                                     12.2709 s
  Frame 68                                        
  END Frame 68                                     12.2980 s
  Frame 69                                        
  END Frame 69                                     12.3506 s
  Frame 70                                        
  END Frame 70                                     12.2736 s
  Frame 71                                        
  END Frame 71                                     12.3019 s
  Frame 72                                        
  END Frame 72                                     12.3023 s
  Frame 73                                        
  END Frame 73                                     12.2947 s
  Frame 74                                        
  END Frame 74                                     12.4471 s
  Frame 75                                        
  END Frame 75                                     12.4566 s
  Frame 76                                        
  END Frame 76                                     12.4676 s
  Frame 77                                        
  END Frame 77                                     12.4568 s
  Frame 78                                        
  END Frame 78                                     12.4629 s
  Frame 79                                        
  END Frame 79                                     12.4566 s
  Frame 80                                        
  END Frame 80                                     12.4498 s
  Frame 81                                        
  END Frame 81                                     12.4554 s
  Frame 82                                        
  END Frame 82                                     12.4560 s
  Frame 83                                        
  END Frame 83                                     12.4603 s
  Frame 84                                        
  END Frame 84                                     12.4567 s
  Frame 85                                        
  END Frame 85                                     12.4573 s
  Frame 86                                        
  END Frame 86                                     12.4636 s
  Frame 87                                        
  END Frame 87                                     12.4577 s
  Frame 88                                        
  END Frame 88                                     12.4662 s
  Frame 89                                        
  END Frame 89                                     12.4559 s
  Frame 90                                        
  END Frame 90                                     12.4593 s
  Frame 91                                        
  END Frame 91                                     12.4610 s
  Frame 92                                        
  END Frame 92                                     12.4585 s
  Frame 93                                        
  END Frame 93                                     12.4688 s
  Frame 94                                        
  END Frame 94                                     12.4537 s
  Frame 95                                        
  END Frame 95                                     12.4571 s
  Frame 96                                        
  END Frame 96                                     12.2943 s
  Frame 97                                        
  END Frame 97                                     12.2817 s
  Frame 98                                        
  END Frame 98                                     12.2950 s
  Frame 99                                        
  END Frame 99                                     12.2763 s
  Frame 100                                       
  END Frame 100                                    12.2837 s
SIMULATION                                          0.0000
  FRAME                                           1234.3793
    ADB                                           1234.2260
      UPBS                                        164.2082
        UPBS (FEM) - Initialize                     0.4575 s
        UPBS (FEM) - Element Loop                 163.7145 s
        UPBS (CPF)                                  0.0001 s
      ADO                                         1070.0033
        ADO - Update collision bodies               0.0009 s
        AOTSQ                                     1069.9980
          AOTSQ - Initialize                        0.0047 s
          AOTSQ - NR loop                         1069.9889
            AOTSQ - NR loop - Initialize            0.1335 s
            UCPF                                   11.5595 s
            NRS                                   874.8410
              NRS - Initialize                      0.0002 s
              NRS - Boundary conditions 1           0.1044 s
              UPBS                                163.6405
                UPBS (FEM) - Initialize             0.0005 s
                UPBS (FEM) - Element Loop         163.6269 s
                UPBS (CPF)                          0.0001 s
              AFD (FEM)                             1.9198 s
              AVIF                                 17.5683
                AVIF (FEM)                         17.4813 s
                AVIF (CPF)                          0.0752 s
              NRS - Boundary conditions 2           0.0111 s
              NRS - Compute residual                0.0861
              NRS - Copy initial guess              0.0047 s
              CGI                                 691.2626
            UPBS                                  165.6278
              UPBS (FEM) - Initialize               0.0007 s
              UPBS (FEM) - Element Loop           165.6133 s
              UPBS (CPF)                            0.0001 s
            AVIF                                   17.5743
              AVIF (FEM)                           17.4854 s
              AVIF (CPF)                            0.0752 s
            AOTSQ - NR loop - Boundary conditions   0.0111 s
            AOTSQ - NR loop - Compute residual      0.0439 s

real	20m41.372s
user	20m37.891s
sys	0m1.628s
[PARSEC] [----------    End of output    ----------]
[PARSEC] Done.
And the Parsecsingle facesim benchmark has completed at 20:50
parsecsingle.sh: Telling teaplant to cycle log files
parsecsingle.sh: Downloading data from the power meter
parsecsingle.sh: Data collection complete
