parsecsingle.sh: Executing blackscholes benchmark.
parsecsingle.sh: Destination directory is /usr/home/awl8049/scheduler/
parsecsingle.sh: Using pthreads_tasdev1blackscholes as id for this run
parsecsingle.sh: Clearing memory on power meter
parsecsingle.sh: Restarting teaplant.
And now we start the Parsecsingle blackscholes benchmark at 
DEBUG - PARSECPLAT is amd64-bsd.gcc-pthreads
DEBUG buildfile = /usr/home/awl8049/Projects/parsec-2.1/config/gcc-pthreads.bldconf
[PARSEC] Benchmarks to run:  blackscholes

[PARSEC] [========== Running benchmark blackscholes ==========]
[PARSEC] Deleting old run directory.
[PARSEC] Setting up run directory.
[PARSEC] Unpacking benchmark input 'native'.
[PARSEC] Running 'time /usr/home/awl8049/Projects/parsec-2.1/pkgs/apps/blackscholes/inst/amd64-bsd.gcc-pthreads/bin/blackscholes 1 in_10M.txt prices.txt':
[PARSEC] [---------- Beginning of output ----------]
PARSEC Benchmark Suite Version 2.1
Num of Options: 10000000
Num of Runs: 100
Size of data: 400000000

real	6m42.168s
user	6m38.311s
sys	0m3.156s
[PARSEC] [----------    End of output    ----------]
[PARSEC] Done.
And the Parsecsingle blackscholes benchmark has completed at 20:22
parsecsingle.sh: Telling teaplant to cycle log files
parsecsingle.sh: Downloading data from the power meter
parsecsingle.sh: Data collection complete
