parsecsingle.sh: Executing facesim benchmark.
parsecsingle.sh: Destination directory is /usr/home/awl8049/scheduler/
parsecsingle.sh: Using pthreads_awldev1facesim as id for this run
parsecsingle.sh: Clearing memory on power meter
parsecsingle.sh: Restarting teaplant.
And now we start the Parsecsingle facesim benchmark at 
DEBUG - PARSECPLAT is amd64-bsd.gcc-pthreads
DEBUG buildfile = /usr/home/awl8049/Projects/parsec-2.1/config/gcc-pthreads.bldconf
[PARSEC] Benchmarks to run:  facesim

[PARSEC] [========== Running benchmark facesim ==========]
[PARSEC] Deleting old run directory.
[PARSEC] Setting up run directory.
[PARSEC] Unpacking benchmark input 'native'.
[PARSEC] Running 'time /usr/home/awl8049/Projects/parsec-2.1/pkgs/apps/facesim/inst/amd64-bsd.gcc-pthreads/bin/facesim -timing -threads 1 -lastframe 100':
[PARSEC] [---------- Beginning of output ----------]
PARSEC Benchmark Suite Version 2.1
Creating directory using system("mkdir -p Storytelling/output")...Successful!
Simulation                                        Reading simulation model : ./Face_Data/Eftychis_840k/Front_370k/face_simulation_1.tet
Total particles = 80598
Total tetrahedra = 372126
muscles = 32
attachments = 3

  Frame 1                                         
  END Frame 1                                      10.4313 s
  Frame 2                                         
  END Frame 2                                      10.3013 s
  Frame 3                                         
  END Frame 3                                      10.3131 s
  Frame 4                                         
  END Frame 4                                      10.4129 s
  Frame 5                                         
  END Frame 5                                      10.4026 s
  Frame 6                                         
  END Frame 6                                      10.4128 s
  Frame 7                                         
  END Frame 7                                      10.4119 s
  Frame 8                                         
  END Frame 8                                      10.3903 s
  Frame 9                                         
  END Frame 9                                      10.3878 s
  Frame 10                                        
  END Frame 10                                     10.3216 s
  Frame 11                                        
  END Frame 11                                     10.3036 s
  Frame 12                                        
  END Frame 12                                     10.2761 s
  Frame 13                                        
  END Frame 13                                     10.4058 s
  Frame 14                                        
  END Frame 14                                     10.3926 s
  Frame 15                                        
  END Frame 15                                     10.2597 s
  Frame 16                                        
  END Frame 16                                     10.3312 s
  Frame 17                                        
  END Frame 17                                     10.3296 s
  Frame 18                                        
  END Frame 18                                     10.4224 s
  Frame 19                                        
  END Frame 19                                     10.3990 s
  Frame 20                                        
  END Frame 20                                     10.4157 s
  Frame 21                                        
  END Frame 21                                     10.3320 s
  Frame 22                                        
  END Frame 22                                     10.3696 s
  Frame 23                                        
  END Frame 23                                     10.4059 s
  Frame 24                                        
  END Frame 24                                     10.2829 s
  Frame 25                                        
  END Frame 25                                     10.3698 s
  Frame 26                                        
  END Frame 26                                     10.4134 s
  Frame 27                                        
  END Frame 27                                     10.4371 s
  Frame 28                                        
  END Frame 28                                     10.4161 s
  Frame 29                                        
  END Frame 29                                     10.4156 s
  Frame 30                                        
  END Frame 30                                     10.4359 s
  Frame 31                                        
  END Frame 31                                     10.4058 s
  Frame 32                                        
  END Frame 32                                     10.4047 s
  Frame 33                                        
  END Frame 33                                     10.3744 s
  Frame 34                                        
  END Frame 34                                     10.3913 s
  Frame 35                                        
  END Frame 35                                     10.4114 s
  Frame 36                                        
  END Frame 36                                     10.4220 s
  Frame 37                                        
  END Frame 37                                     10.4082 s
  Frame 38                                        
  END Frame 38                                     10.4248 s
  Frame 39                                        
  END Frame 39                                     10.4258 s
  Frame 40                                        
  END Frame 40                                     10.3291 s
  Frame 41                                        
  END Frame 41                                     10.4219 s
  Frame 42                                        
  END Frame 42                                     10.4216 s
  Frame 43                                        
  END Frame 43                                     10.3363 s
  Frame 44                                        
  END Frame 44                                     10.3349 s
  Frame 45                                        
  END Frame 45                                     10.4215 s
  Frame 46                                        
  END Frame 46                                     10.4276 s
  Frame 47                                        
  END Frame 47                                     10.3298 s
  Frame 48                                        
  END Frame 48                                     10.2672 s
  Frame 49                                        
  END Frame 49                                     10.3016 s
  Frame 50                                        
  END Frame 50                                     10.3845 s
  Frame 51                                        
  END Frame 51                                     10.4285 s
  Frame 52                                        
  END Frame 52                                     10.2717 s
  Frame 53                                        
  END Frame 53                                     10.3294 s
  Frame 54                                        
  END Frame 54                                     10.3423 s
  Frame 55                                        
  END Frame 55                                     10.3331 s
  Frame 56                                        
  END Frame 56                                     10.3734 s
  Frame 57                                        
  END Frame 57                                     10.3483 s
  Frame 58                                        
  END Frame 58                                     10.3425 s
  Frame 59                                        
  END Frame 59                                     10.4335 s
  Frame 60                                        
  END Frame 60                                     10.3475 s
  Frame 61                                        
  END Frame 61                                     10.3944 s
  Frame 62                                        
  END Frame 62                                     10.3376 s
  Frame 63                                        
  END Frame 63                                     10.4312 s
  Frame 64                                        
  END Frame 64                                     10.3991 s
  Frame 65                                        
  END Frame 65                                     10.4308 s
  Frame 66                                        
  END Frame 66                                     10.4431 s
  Frame 67                                        
  END Frame 67                                     10.3191 s
  Frame 68                                        
  END Frame 68                                     10.3242 s
  Frame 69                                        
  END Frame 69                                     10.3371 s
  Frame 70                                        
  END Frame 70                                     10.2898 s
  Frame 71                                        
  END Frame 71                                     10.3322 s
  Frame 72                                        
  END Frame 72                                     10.3037 s
  Frame 73                                        
  END Frame 73                                     10.2758 s
  Frame 74                                        
  END Frame 74                                     10.3055 s
  Frame 75                                        
  END Frame 75                                     10.4212 s
  Frame 76                                        
  END Frame 76                                     10.3901 s
  Frame 77                                        
  END Frame 77                                     10.4135 s
  Frame 78                                        
  END Frame 78                                     10.3068 s
  Frame 79                                        
  END Frame 79                                     10.3615 s
  Frame 80                                        
  END Frame 80                                     10.4237 s
  Frame 81                                        
  END Frame 81                                     10.4285 s
  Frame 82                                        
  END Frame 82                                     10.4316 s
  Frame 83                                        
  END Frame 83                                     10.4297 s
  Frame 84                                        
  END Frame 84                                     10.4186 s
  Frame 85                                        
  END Frame 85                                     10.2707 s
  Frame 86                                        
  END Frame 86                                     10.4342 s
  Frame 87                                        
  END Frame 87                                     10.4352 s
  Frame 88                                        
  END Frame 88                                     10.4275 s
  Frame 89                                        
  END Frame 89                                     10.4144 s
  Frame 90                                        
  END Frame 90                                     10.4111 s
  Frame 91                                        
  END Frame 91                                     10.4207 s
  Frame 92                                        
  END Frame 92                                     10.3949 s
  Frame 93                                        
  END Frame 93                                     10.4355 s
  Frame 94                                        
  END Frame 94                                     10.4168 s
  Frame 95                                        
  END Frame 95                                     10.4045 s
  Frame 96                                        
  END Frame 96                                     10.4235 s
  Frame 97                                        
  END Frame 97                                     10.3768 s
  Frame 98                                        
  END Frame 98                                     10.4206 s
  Frame 99                                        
  END Frame 99                                     10.4266 s
  Frame 100                                       
  END Frame 100                                    10.4130 s
SIMULATION                                          0.0000
  FRAME                                           1037.8689
    ADB                                           1037.7167
      UPBS                                        161.0299
        UPBS (FEM) - Initialize                     0.2752 s
        UPBS (FEM) - Element Loop                 160.7419 s
        UPBS (CPF)                                  0.0001 s
      ADO                                         876.6821
        ADO - Update collision bodies               0.0008 s
        AOTSQ                                     876.6765
          AOTSQ - Initialize                        0.0041 s
          AOTSQ - NR loop                         876.6681
            AOTSQ - NR loop - Initialize            0.1204 s
            UCPF                                   11.3357 s
            NRS                                   685.0768
              NRS - Initialize                      0.0002 s
              NRS - Boundary conditions 1           0.0913 s
              UPBS                                160.2404
                UPBS (FEM) - Initialize             0.0005 s
                UPBS (FEM) - Element Loop         160.2278 s
                UPBS (CPF)                          0.0001 s
              AFD (FEM)                             1.7974 s
              AVIF                                 17.1562
                AVIF (FEM)                         17.0885 s
                AVIF (CPF)                          0.0581 s
              NRS - Boundary conditions 2           0.0064 s
              NRS - Compute residual                0.0820
              NRS - Copy initial guess              0.0039 s
              CGI                                 505.4786
            UPBS                                  162.7454
              UPBS (FEM) - Initialize               0.0005 s
              UPBS (FEM) - Element Loop           162.7316 s
              UPBS (CPF)                            0.0001 s
            AVIF                                   17.1926
              AVIF (FEM)                           17.1240 s
              AVIF (CPF)                            0.0582 s
            AOTSQ - NR loop - Boundary conditions   0.0063 s
            AOTSQ - NR loop - Compute residual      0.0407 s

real	17m24.412s
user	17m22.511s
sys	0m1.300s
[PARSEC] [----------    End of output    ----------]
[PARSEC] Done.
And the Parsecsingle facesim benchmark has completed at 07:28
parsecsingle.sh: Telling teaplant to cycle log files
parsecsingle.sh: Downloading data from the power meter
parsecsingle.sh: Data collection complete
