
SunOS canfire03 5.11 onnv-gate i86pc    05/10/2009

15:26:47  pgout/s ppgout/s pgfree/s pgscan/s %ufs_ipf
15:26:52     0.00     0.00     0.00     0.00     0.00
15:26:57     0.00     0.00     0.00     0.00     0.00
15:27:02     0.00     0.00     0.00     0.00     0.00
15:27:07     0.00     0.00     0.00     0.00     0.00
15:27:12     0.00     0.00     0.00     0.00     0.00
15:27:17     0.00     0.00     0.00     0.00     0.00
15:27:22     0.00     0.00     0.00     0.00     0.00
15:27:27     0.00     0.00     0.00     0.00     0.00
15:27:32     0.00     0.00     0.00     0.00     0.00
15:27:37     0.00     0.00     0.00     0.00     0.00
15:27:42     0.00     0.00     0.00     0.00     0.00
15:27:47     0.00     0.00     0.00     0.00     0.00
15:27:52     0.00     0.00     0.00     0.00     0.00
15:27:57     0.00     0.00     0.00     0.00     0.00
15:28:02     0.00     0.00     0.00     0.00     0.00
15:28:07     0.00     0.00     0.00     0.00     0.00
15:28:12     0.00     0.00     0.00     0.00     0.00
15:28:17     0.00     0.00     0.00     0.00     0.00
15:28:22     0.00     0.00     0.00     0.00     0.00
15:28:27     0.00     0.00     0.00     0.00     0.00
15:28:32     0.00     0.00     0.00     0.00     0.00
15:28:37     0.00     0.00     0.00     0.00     0.00
15:28:42     0.00     0.00     0.00     0.00     0.00
15:28:47     0.00     0.00     0.00     0.00     0.00
15:28:52     0.00     0.00     0.00     0.00     0.00
15:28:57     0.00     0.00     0.00     0.00     0.00
15:29:02     0.00     0.00     0.00     0.00     0.00
15:29:07     0.00     0.00     0.00     0.00     0.00
15:29:12     0.00     0.00     0.00     0.00     0.00
15:29:17     0.00     0.00     0.00     0.00     0.00
15:29:22     0.00     0.00     0.00     0.00     0.00
15:29:27     0.00     0.00     0.00     0.00     0.00
15:29:32     0.00     0.00     0.00     0.00     0.00
15:29:37     0.00     0.00     0.00     0.00     0.00
15:29:42     0.00     0.00     0.00     0.00     0.00
15:29:47     0.00     0.00     0.00     0.00     0.00
15:29:52     0.00     0.00     0.00     0.00     0.00
15:29:57     0.00     0.00     0.00     0.00     0.00
15:30:02     0.00     0.00     0.00     0.00     0.00
15:30:07     0.00     0.00     0.00     0.00     0.00
15:30:12     0.00     0.00     0.00     0.00     0.00
15:30:17     0.00     0.00     0.00     0.00     0.00
15:30:22     0.00     0.00     0.00     0.00     0.00
15:30:27     0.00     0.00     0.00     0.00     0.00
15:30:32     0.00     0.00     0.00     0.00     0.00
15:30:37     0.00     0.00     0.00     0.00     0.00
15:30:42     0.00     0.00     0.00     0.00     0.00
15:30:47     0.00     0.00     0.00     0.00     0.00
15:30:52     0.00     0.00     0.00     0.00     0.00
15:30:57     0.00     0.00     0.00     0.00     0.00
15:31:03     0.00     0.00     0.00     0.00     0.00
15:31:08     0.00     0.00     0.00     0.00     0.00
15:31:13     0.00     0.00     0.00     0.00     0.00
15:31:18     0.00     0.00     0.00     0.00     0.00
15:31:23     0.00     0.00     0.00     0.00     0.00
15:31:28     0.00     0.00     0.00     0.00     0.00
15:31:33     0.00     0.00     0.00     0.00     0.00
15:31:38     0.00     0.00     0.00     0.00     0.00
15:31:43     0.00     0.00     0.00     0.00     0.00
15:31:48     0.00     0.00     0.00     0.00     0.00
15:31:53     0.00     0.00     0.00     0.00     0.00
15:31:58     0.00     0.00     0.00     0.00     0.00
15:32:03     0.00     0.00     0.00     0.00     0.00
15:32:08     0.00     0.00     0.00     0.00     0.00
15:32:13     0.00     0.00     0.00     0.00     0.00
15:32:18     0.00     0.00     0.00     0.00     0.00
15:32:23     0.00     0.00     0.00     0.00     0.00
15:32:28     0.00     0.00     0.00     0.00     0.00
15:32:33     0.00     0.00     0.00     0.00     0.00
15:32:38     0.00     0.00     0.00     0.00     0.00
15:32:43     0.00     0.00     0.00     0.00     0.00
15:32:48     0.00     0.00     0.00     0.00     0.00
15:32:53     0.00     0.00     0.00     0.00     0.00
15:32:58     0.00     0.00     0.00     0.00     0.00
15:33:03     0.00     0.00     0.00     0.00     0.00
15:33:08     0.00     0.00     0.00     0.00     0.00
15:33:13     0.00     0.00     0.00     0.00     0.00
15:33:18     0.00     0.00     0.00     0.00     0.00
15:33:23     0.00     0.00     0.00     0.00     0.00
15:33:28     0.00     0.00     0.00     0.00     0.00
15:33:33     0.00     0.00     0.00     0.00     0.00
15:33:38     0.00     0.00     0.00     0.00     0.00
15:33:43     0.00     0.00     0.00     0.00     0.00
15:33:48     0.00     0.00     0.00     0.00     0.00
15:33:53     0.00     0.00     0.00     0.00     0.00
15:33:58     0.00     0.00     0.00     0.00     0.00
15:34:03     0.00     0.00     0.00     0.00     0.00
15:34:08     0.00     0.00     0.00     0.00     0.00
15:34:13     0.00     0.00     0.00     0.00     0.00
15:34:18     0.00     0.00     0.00     0.00     0.00
15:34:23     0.00     0.00     0.00     0.00     0.00
15:34:28     0.00     0.00     0.00     0.00     0.00
15:34:33     0.00     0.00     0.00     0.00     0.00
15:34:38     0.00     0.00     0.00     0.00     0.00
15:34:43     0.00     0.00     0.00     0.00     0.00
15:34:48     0.00     0.00     0.00     0.00     0.00
15:34:53     0.00     0.00     0.00     0.00     0.00
15:34:58     0.00     0.00     0.00     0.00     0.00
15:35:03     0.00     0.00     0.00     0.00     0.00
15:35:08     0.00     0.00     0.00     0.00     0.00
15:35:13     0.00     0.00     0.00     0.00     0.00
15:35:18     0.00     0.00     0.00     0.00     0.00
15:35:23     0.00     0.00     0.00     0.00     0.00
15:35:28     0.00     0.00     0.00     0.00     0.00
15:35:33     0.00     0.00     0.00     0.00     0.00
15:35:38     0.00     0.00     0.00     0.00     0.00
15:35:43     0.00     0.00     0.00     0.00     0.00
15:35:48     0.00     0.00     0.00     0.00     0.00
15:35:53     0.00     0.00     0.00     0.00     0.00
15:35:58     0.00     0.00     0.00     0.00     0.00
15:36:03     0.00     0.00     0.00     0.00     0.00
15:36:08     0.00     0.00     0.00     0.00     0.00
15:36:13     0.00     0.00     0.00     0.00     0.00
15:36:18     0.00     0.00     0.00     0.00     0.00
15:36:23     0.00     0.00     0.00     0.00     0.00
15:36:28     0.00     0.00     0.00     0.00     0.00
15:36:33     0.00     0.00     0.00     0.00     0.00
15:36:38     0.00     0.00     0.00     0.00     0.00
15:36:43     0.00     0.00     0.00     0.00     0.00
15:36:48     0.00     0.00     0.00     0.00     0.00
15:36:53     0.00     0.00     0.00     0.00     0.00
15:36:58     0.00     0.00     0.00     0.00     0.00
15:37:03     0.00     0.00     0.00     0.00     0.00
15:37:08     0.00     0.00     0.00     0.00     0.00
15:37:13     0.00     0.00     0.00     0.00     0.00
15:37:18     0.00     0.00     0.00     0.00     0.00
15:37:23     0.00     0.00     0.00     0.00     0.00
15:37:28     0.00     0.00     0.00     0.00     0.00
15:37:33     0.00     0.00     0.00     0.00     0.00
15:37:38     0.00     0.00     0.00     0.00     0.00
15:37:43     0.00     0.00     0.00     0.00     0.00
15:37:48     0.00     0.00     0.00     0.00     0.00
15:37:53     0.00     0.00     0.00     0.00     0.00
15:37:58     0.00     0.00     0.00     0.00     0.00
15:38:03     0.00     0.00     0.00     0.00     0.00
15:38:08     0.00     0.00     0.00     0.00     0.00
15:38:13     0.00     0.00     0.00     0.00     0.00
15:38:18     0.00     0.00     0.00     0.00     0.00
15:38:23     0.00     0.00     0.00     0.00     0.00
15:38:28     0.00     0.00     0.00     0.00     0.00
15:38:33     0.00     0.00     0.00     0.00     0.00
15:38:38     0.00     0.00     0.00     0.00     0.00
15:38:43     0.00     0.00     0.00     0.00     0.00
15:38:48     0.00     0.00     0.00     0.00     0.00
15:38:53     0.00     0.00     0.00     0.00     0.00
15:38:58     0.00     0.00     0.00     0.00     0.00
15:39:03     0.00     0.00     0.00     0.00     0.00
15:39:08     0.00     0.00     0.00     0.00     0.00
15:39:13     0.00     0.00     0.00     0.00     0.00
15:39:19     0.00     0.00     0.00     0.00     0.00
15:39:24     0.00     0.00     0.00     0.00     0.00
15:39:29     0.00     0.00     0.00     0.00     0.00
15:39:34     0.00     0.00     0.00     0.00     0.00
15:39:39     0.00     0.00     0.00     0.00     0.00
15:39:44     0.00     0.00     0.00     0.00     0.00
15:39:49     0.00     0.00     0.00     0.00     0.00
15:39:54     0.00     0.00     0.00     0.00     0.00
15:39:59     0.00     0.00     0.00     0.00     0.00
15:40:04     0.00     0.00     0.00     0.00     0.00
15:40:09     0.00     0.00     0.00     0.00     0.00
15:40:14     0.00     0.00     0.00     0.00     0.00
15:40:19     0.00     0.00     0.00     0.00     0.00
15:40:24     0.00     0.00     0.00     0.00     0.00
15:40:29     0.00     0.00     0.00     0.00     0.00
15:40:34     0.00     0.00     0.00     0.00     0.00
15:40:39     0.00     0.00     0.00     0.00     0.00
15:40:44     0.00     0.00     0.00     0.00     0.00
15:40:49     0.00     0.00     0.00     0.00     0.00
15:40:54     0.00     0.00     0.00     0.00     0.00
15:40:59     0.00     0.00     0.00     0.00     0.00
15:41:04     0.00     0.00     0.00     0.00     0.00
15:41:09     0.00     0.00     0.00     0.00     0.00
15:41:14     0.00     0.00     0.00     0.00     0.00
15:41:19     0.00     0.00     0.00     0.00     0.00
15:41:24     0.00     0.00     0.00     0.00     0.00
15:41:29     0.00     0.00     0.00     0.00     0.00
15:41:34     0.00     0.00     0.00     0.00     0.00
15:41:39     0.00     0.00     0.00     0.00     0.00
15:41:44     0.00     0.00     0.00     0.00     0.00
15:41:49     0.00     0.00     0.00     0.00     0.00
15:41:54     0.00     0.00     0.00     0.00     0.00
15:41:59     0.00     0.00     0.00     0.00     0.00
15:42:04     0.00     0.00     0.00     0.00     0.00
15:42:09     0.00     0.00     0.00     0.00     0.00
15:42:14     0.00     0.00     0.00     0.00     0.00
15:42:19     0.00     0.00     0.00     0.00     0.00
15:42:24     0.00     0.00     0.00     0.00     0.00
15:42:29     0.00     0.00     0.00     0.00     0.00
15:42:34     0.00     0.00     0.00     0.00     0.00
15:42:39     0.00     0.00     0.00     0.00     0.00
15:42:44     0.00     0.00     0.00     0.00     0.00
15:42:49     0.00     0.00     0.00     0.00     0.00
15:42:54     0.00     0.00     0.00     0.00     0.00
15:42:59     0.00     0.00     0.00     0.00     0.00
15:43:04     0.00     0.00     0.00     0.00     0.00
15:43:09     0.00     0.00     0.00     0.00     0.00
15:43:14     0.00     0.00     0.00     0.00     0.00
15:43:19     0.00     0.00     0.00     0.00     0.00
15:43:24     0.00     0.00     0.00     0.00     0.00
15:43:29     0.00     0.00     0.00     0.00     0.00
15:43:34     0.00     0.00     0.00     0.00     0.00
15:43:39     0.00     0.00     0.00     0.00     0.00
15:43:44     0.00     0.00     0.00     0.00     0.00
15:43:49     0.00     0.00     0.00     0.00     0.00
15:43:54     0.00     0.00     0.00     0.00     0.00
15:43:59     0.00     0.00     0.00     0.00     0.00
15:44:04     0.00     0.00     0.00     0.00     0.00
15:44:09     0.00     0.00     0.00     0.00     0.00
15:44:14     0.00     0.00     0.00     0.00     0.00
15:44:19     0.00     0.00     0.00     0.00     0.00
15:44:24     0.00     0.00     0.00     0.00     0.00
15:44:29     0.00     0.00     0.00     0.00     0.00
15:44:34     0.00     0.00     0.00     0.00     0.00
15:44:39     0.00     0.00     0.00     0.00     0.00
15:44:44     0.00     0.00     0.00     0.00     0.00
15:44:49     0.00     0.00     0.00     0.00     0.00
15:44:54     0.00     0.00     0.00     0.00     0.00
15:44:59     0.00     0.00     0.00     0.00     0.00
15:45:04     0.00     0.00     0.00     0.00     0.00
15:45:09     0.00     0.00     0.00     0.00     0.00
15:45:14     0.00     0.00     0.00     0.00     0.00
15:45:19     0.00     0.00     0.00     0.00     0.00
15:45:24     0.00     0.00     0.00     0.00     0.00
15:45:29     0.00     0.00     0.00     0.00     0.00
15:45:34     0.00     0.00     0.00     0.00     0.00
15:45:39     0.00     0.00     0.00     0.00     0.00
15:45:44     0.00     0.00     0.00     0.00     0.00
15:45:49     0.00     0.00     0.00     0.00     0.00
15:45:54     0.00     0.00     0.00     0.00     0.00
15:45:59     0.00     0.00     0.00     0.00     0.00
15:46:04     0.00     0.00     0.00     0.00     0.00
15:46:09     0.00     0.00     0.00     0.00     0.00
15:46:14     0.00     0.00     0.00     0.00     0.00
15:46:19     0.00     0.00     0.00     0.00     0.00
15:46:24     0.00     0.00     0.00     0.00     0.00
15:46:29     0.00     0.00     0.00     0.00     0.00
15:46:34     0.00     0.00     0.00     0.00     0.00
15:46:39     0.00     0.00     0.00     0.00     0.00
15:46:44     0.00     0.00     0.00     0.00     0.00
15:46:49     0.00     0.00     0.00     0.00     0.00
15:46:54     0.00     0.00     0.00     0.00     0.00
15:46:59     0.00     0.00     0.00     0.00     0.00
15:47:04     0.00     0.00     0.00     0.00     0.00
15:47:09     0.00     0.00     0.00     0.00     0.00
15:47:14     0.00     0.00     0.00     0.00     0.00
15:47:19     0.00     0.00     0.00     0.00     0.00
15:47:24     0.00     0.00     0.00     0.00     0.00
15:47:29     0.00     0.00     0.00     0.00     0.00
15:47:34     0.00     0.00     0.00     0.00     0.00
15:47:40     0.00     0.00     0.00     0.00     0.00
15:47:45     0.00     0.00     0.00     0.00     0.00
15:47:50     0.00     0.00     0.00     0.00     0.00
15:47:55     0.00     0.00     0.00     0.00     0.00
15:48:00     0.00     0.00     0.00     0.00     0.00
15:48:05     0.00     0.00     0.00     0.00     0.00
15:48:10     0.00     0.00     0.00     0.00     0.00
15:48:15     0.00     0.00     0.00     0.00     0.00
15:48:20     0.00     0.00     0.00     0.00     0.00
15:48:25     0.00     0.00     0.00     0.00     0.00
15:48:30     0.00     0.00     0.00     0.00     0.00
15:48:35     0.00     0.00     0.00     0.00     0.00
15:48:40     0.00     0.00     0.00     0.00     0.00
15:48:45     0.00     0.00     0.00     0.00     0.00
15:48:50     0.00     0.00     0.00     0.00     0.00
15:48:55     0.00     0.00     0.00     0.00     0.00
15:49:00     0.00     0.00     0.00     0.00     0.00
15:49:05     0.00     0.00     0.00     0.00     0.00
15:49:10     0.00     0.00     0.00     0.00     0.00
15:49:15     0.00     0.00     0.00     0.00     0.00
15:49:20     0.00     0.00     0.00     0.00     0.00
15:49:25     0.00     0.00     0.00     0.00     0.00
15:49:30     0.00     0.00     0.00     0.00     0.00
15:49:35     0.00     0.00     0.00     0.00     0.00
15:49:40     0.00     0.00     0.00     0.00     0.00
15:49:45     0.00     0.00     0.00     0.00     0.00
15:49:50     0.00     0.00     0.00     0.00     0.00
15:49:55     0.00     0.00     0.00     0.00     0.00
15:50:00     0.00     0.00     0.00     0.00     0.00
15:50:05     0.00     0.00     0.00     0.00     0.00
15:50:10     0.00     0.00     0.00     0.00     0.00
15:50:15     0.00     0.00     0.00     0.00     0.00
15:50:20     0.00     0.00     0.00     0.00     0.00
15:50:25     0.00     0.00     0.00     0.00     0.00
15:50:30     0.00     0.00     0.00     0.00     0.00
15:50:35     0.00     0.00     0.00     0.00     0.00
15:50:40     0.00     0.00     0.00     0.00     0.00
15:50:45     0.00     0.00     0.00     0.00     0.00
15:50:50     0.00     0.00     0.00     0.00     0.00
15:50:55     0.00     0.00     0.00     0.00     0.00
15:51:00     0.00     0.00     0.00     0.00     0.00
15:51:05     0.00     0.00     0.00     0.00     0.00
15:51:10     0.00     0.00     0.00     0.00     0.00
15:51:15     0.00     0.00     0.00     0.00     0.00
15:51:20     0.00     0.00     0.00     0.00     0.00
15:51:25     0.00     0.00     0.00     0.00     0.00
15:51:30     0.00     0.00     0.00     0.00     0.00
15:51:35     0.00     0.00     0.00     0.00     0.00
15:51:40     0.00     0.00     0.00     0.00     0.00
15:51:45     0.00     0.00     0.00     0.00     0.00
15:51:50     0.00     0.00     0.00     0.00     0.00
15:51:55     0.00     0.00     0.00     0.00     0.00
15:52:00     0.00     0.00     0.00     0.00     0.00
15:52:05     0.00     0.00     0.00     0.00     0.00
15:52:10     0.00     0.00     0.00     0.00     0.00
15:52:15     0.00     0.00     0.00     0.00     0.00
15:52:20     0.00     0.00     0.00     0.00     0.00
15:52:25     0.00     0.00     0.00     0.00     0.00
15:52:30     0.00     0.00     0.00     0.00     0.00
15:52:35     0.00     0.00     0.00     0.00     0.00
15:52:40     0.00     0.00     0.00     0.00     0.00
15:52:45     0.00     0.00     0.00     0.00     0.00
15:52:50     0.00     0.00     0.00     0.00     0.00
15:52:55     0.00     0.00     0.00     0.00     0.00
15:53:00     0.00     0.00     0.00     0.00     0.00
15:53:05     0.00     0.00     0.00     0.00     0.00
15:53:10     0.00     0.00     0.00     0.00     0.00
15:53:15     0.00     0.00     0.00     0.00     0.00
15:53:20     0.00     0.00     0.00     0.00     0.00
15:53:25     0.00     0.00     0.00     0.00     0.00
15:53:30     0.00     0.00     0.00     0.00     0.00
15:53:35     0.00     0.00     0.00     0.00     0.00
15:53:40     0.00     0.00     0.00     0.00     0.00
15:53:45     0.00     0.00     0.00     0.00     0.00
15:53:50     0.00     0.00     0.00     0.00     0.00
15:53:55     0.00     0.00     0.00     0.00     0.00
15:54:00     0.00     0.00     0.00     0.00     0.00
15:54:05     0.00     0.00     0.00     0.00     0.00
15:54:10     0.00     0.00     0.00     0.00     0.00
15:54:15     0.00     0.00     0.00     0.00     0.00
15:54:20     0.00     0.00     0.00     0.00     0.00
15:54:25     0.00     0.00     0.00     0.00     0.00
15:54:30     0.00     0.00     0.00     0.00     0.00
15:54:35     0.00     0.00     0.00     0.00     0.00
15:54:40     0.00     0.00     0.00     0.00     0.00
15:54:45     0.00     0.00     0.00     0.00     0.00
15:54:50     0.00     0.00     0.00     0.00     0.00
15:54:55     0.00     0.00     0.00     0.00     0.00
15:55:00     0.00     0.00     0.00     0.00     0.00
15:55:05     0.00     0.00     0.00     0.00     0.00
15:55:10     0.00     0.00     0.00     0.00     0.00
15:55:15     0.00     0.00     0.00     0.00     0.00
15:55:20     0.00     0.00     0.00     0.00     0.00
15:55:25     0.00     0.00     0.00     0.00     0.00
15:55:30     0.00     0.00     0.00     0.00     0.00
15:55:35     0.00     0.00     0.00     0.00     0.00
15:55:40     0.00     0.00     0.00     0.00     0.00
15:55:45     0.00     0.00     0.00     0.00     0.00
15:55:50     0.00     0.00     0.00     0.00     0.00
15:55:55     0.00     0.00     0.00     0.00     0.00
15:56:01     0.00     0.00     0.00     0.00     0.00
15:56:06     0.00     0.00     0.00     0.00     0.00
15:56:11     0.00     0.00     0.00     0.00     0.00
15:56:16     0.00     0.00     0.00     0.00     0.00
15:56:21     0.00     0.00     0.00     0.00     0.00
15:56:26     0.00     0.00     0.00     0.00     0.00
15:56:31     0.00     0.00     0.00     0.00     0.00
15:56:36     0.00     0.00     0.00     0.00     0.00
15:56:41     0.00     0.00     0.00     0.00     0.00
15:56:46     0.00     0.00     0.00     0.00     0.00
15:56:51     0.00     0.00     0.00     0.00     0.00
15:56:56     0.00     0.00     0.00     0.00     0.00
15:57:01     0.00     0.00     0.00     0.00     0.00
15:57:06     0.00     0.00     0.00     0.00     0.00
15:57:11     0.00     0.00     0.00     0.00     0.00
15:57:16     0.00     0.00     0.00     0.00     0.00
15:57:21     0.00     0.00     0.00     0.00     0.00
15:57:26     0.00     0.00     0.00     0.00     0.00
15:57:31     0.00     0.00     0.00     0.00     0.00
15:57:36     0.00     0.00     0.00     0.00     0.00
15:57:41     0.00     0.00     0.00     0.00     0.00
15:57:46     0.00     0.00     0.00     0.00     0.00
15:57:51     0.00     0.00     0.00     0.00     0.00
15:57:56     0.00     0.00     0.00     0.00     0.00
15:58:01     0.00     0.00     0.00     0.00     0.00
15:58:06     0.00     0.00     0.00     0.00     0.00
15:58:11     0.00     0.00     0.00     0.00     0.00
15:58:16     0.00     0.00     0.00     0.00     0.00
15:58:21     0.00     0.00     0.00     0.00     0.00
15:58:26     0.00     0.00     0.00     0.00     0.00
15:58:31     0.00     0.00     0.00     0.00     0.00
15:58:36     0.00     0.00     0.00     0.00     0.00
15:58:41     0.00     0.00     0.00     0.00     0.00
15:58:46     0.00     0.00     0.00     0.00     0.00
15:58:51     0.00     0.00     0.00     0.00     0.00
15:58:56     0.00     0.00     0.00     0.00     0.00
15:59:01     0.00     0.00     0.00     0.00     0.00
15:59:06     0.00     0.00     0.00     0.00     0.00
15:59:11     0.00     0.00     0.00     0.00     0.00
15:59:16     0.00     0.00     0.00     0.00     0.00
15:59:21     0.00     0.00     0.00     0.00     0.00
15:59:26     0.00     0.00     0.00     0.00     0.00
15:59:31     0.00     0.00     0.00     0.00     0.00
15:59:36     0.00     0.00     0.00     0.00     0.00
15:59:41     0.00     0.00     0.00     0.00     0.00
15:59:46     0.00     0.00     0.00     0.00     0.00
15:59:51     0.00     0.00     0.00     0.00     0.00
15:59:56     0.00     0.00     0.00     0.00     0.00
16:00:01     0.00     0.00     0.00     0.00     0.00
16:00:06     0.00     0.00     0.00     0.00     0.00
16:00:11     0.00     0.00     0.00     0.00     0.00
16:00:16     0.00     0.00     0.00     0.00     0.00
16:00:21     0.00     0.00     0.00     0.00     0.00
16:00:26     0.00     0.00     0.00     0.00     0.00
16:00:31     0.00     0.00     0.00     0.00     0.00
16:00:36     0.00     0.00     0.00     0.00     0.00
16:00:41     0.00     0.00     0.00     0.00     0.00
16:00:46     0.00     0.00     0.00     0.00     0.00
16:00:51     0.00     0.00     0.00     0.00     0.00
16:00:56     0.00     0.00     0.00     0.00     0.00
16:01:01     0.00     0.00     0.00     0.00     0.00
16:01:06     0.00     0.00     0.00     0.00     0.00
16:01:11     0.00     0.00     0.00     0.00     0.00
16:01:16     0.00     0.00     0.00     0.00     0.00
16:01:21     0.00     0.00     0.00     0.00     0.00
16:01:26     0.00     0.00     0.00     0.00     0.00
16:01:31     0.00     0.00     0.00     0.00     0.00
16:01:36     0.00     0.00     0.00     0.00     0.00
16:01:41     0.00     0.00     0.00     0.00     0.00
16:01:46     0.00     0.00     0.00     0.00     0.00
16:01:51     0.00     0.00     0.00     0.00     0.00
16:01:56     0.00     0.00     0.00     0.00     0.00
16:02:01     0.00     0.00     0.00     0.00     0.00
16:02:06     0.00     0.00     0.00     0.00     0.00
