
SunOS canfire03 5.11 onnv-gate i86pc    05/10/2009

15:26:47 sml_mem   alloc  fail  lg_mem   alloc  fail  ovsz_alloc  fail
15:26:52 367333568 320243296     0 1190318080 1143852800     0    76648448     0
15:26:57 367333568 320248352     0 1190301696 1143845632     0    76648448     0
15:27:02 367333568 320247904     0 1190301696 1143841536     0    76648448     0
15:27:07 367333568 320252704     0 1190318080 1143858816     0    76648448     0
15:27:12 367333568 320256608     0 1190330368 1143862400     0    76648448     0
15:27:17 367333568 320225664     0 1190313984 1143854208     0    76648448     0
15:27:22 367333568 320242208     0 1190313984 1143910016     0    76648448     0
15:27:27 367333568 320347616     0 1190359040 1143945856     0    76648448     0
15:27:32 367333568 320240576     0 1190334464 1143874688     0    76648448     0
15:27:37 367333568 320243520     0 1190318080 1143865984     0    76648448     0
15:27:42 367333568 320247200     0 1190326272 1143872128     0    76648448     0
15:27:47 367333568 320228128     0 1190342656 1143885952     0    76648448     0
15:27:52 367333568 320233056     0 1190342656 1143890560     0    76648448     0
15:27:57 367333568 320236000     0 1190326272 1143880320     0    76648448     0
15:28:02 367333568 320238464     0 1190326272 1143885568     0    76648448     0
15:28:07 367333568 320258688     0 1190342656 1143957120     0    76648448     0
15:28:12 367333568 320326464     0 1190359040 1143943296     0    76648448     0
15:28:17 367333568 320226912     0 1190326272 1143892608     0    76648448     0
15:28:22 367333568 320231840     0 1190326272 1143896704     0    76648448     0
15:28:27 367333568 320238240     0 1190363136 1143912576     0    76648448     0
15:28:32 367333568 320241824     0 1190363136 1143914624     0    76648448     0
15:28:37 367333568 320244768     0 1190346752 1143907456     0    76648448     0
15:28:42 367333568 320248352     0 1190346752 1143909504     0    76648448     0
15:28:47 367333568 320228512     0 1190383616 1143928448     0    76648448     0
15:28:52 367333568 320280256     0 1190387712 1143991552     0    76648448     0
15:28:57 367333568 320236128     0 1190367232 1143918720     0    76648448     0
15:29:02 367333568 320240704     0 1190387712 1143922944     0    76648448     0
15:29:07 367333568 320246144     0 1190404096 1143936128     0    76648448     0
15:29:12 367333568 320249856     0 1190404096 1143945856     0    76648448     0
15:29:17 367333568 320229440     0 1190535168 1143954816     0    76648448     0
15:29:22 367333568 320234368     0 1190535168 1143958912     0    76648448     0
15:29:27 367333568 320240640     0 1190551552 1143969664     0    76648448     0
15:29:32 367333568 320255584     0 1190551552 1144025600     0    76648448     0
15:29:37 367333568 320357408     0 1190559744 1144039296     0    76648448     0
15:29:42 367333568 320250496     0 1190535168 1143970176     0    76648448     0
15:29:47 367333568 320231136     0 1190551552 1143986560     0    76648448     0
15:29:52 367333568 320236064     0 1190551552 1143986560     0    76648448     0
15:29:57 367333568 320239008     0 1190535168 1143982464     0    76648448     0
15:30:02 367333568 320241504     0 1190535168 1143984128     0    76648448     0
15:30:07 367333568 320249056     0 1190551552 1143996288     0    76648448     0
15:30:12 367333568 320252736     0 1190551552 1144002944     0    76648448     0
15:30:17 367333568 320242048     0 1190535168 1144047744     0    76648448     0
15:30:22 367333568 320311680     0 1190551552 1144042240     0    76648448     0
15:30:27 367333568 320241184     0 1190551552 1144011904     0    76648448     0
15:30:32 367333568 320244768     0 1190551552 1144017024     0    76648448     0
15:30:37 367333568 320247712     0 1190535168 1144011520     0    76648448     0
15:30:42 367333568 320251296     0 1190535168 1144015616     0    76648448     0
15:30:47 367333568 320231680     0 1190551552 1144029824     0    76648448     0
15:30:52 367333568 320236608     0 1190551552 1144031488     0    76648448     0
15:30:58 367333568 320240096     0 1190535168 1144024320     0    76648448     0
15:31:03 367333568 320254848     0 1190539264 1144042496     0    76648448     0
15:31:08 367333568 320250144     0 1190563840 1144051200     0    76648448     0
15:31:13 367333568 320253920     0 1190604800 1144052736     0    76648448     0
15:31:18 367333568 320231264     0 1190588416 1144045056     0    76648448     0
15:31:23 367333568 320236192     0 1190588416 1144045568     0    76648448     0
15:31:28 367333568 320242464     0 1190604800 1144058368     0    76648448     0
15:31:33 367333568 320246048     0 1190604800 1144069120     0    76648448     0
15:31:38 367333568 320248128     0 1190563840 1144032000     0    76648448     0
15:31:43 367333568 320263232     0 1190563840 1144088320     0    76648448     0
15:31:48 367333568 320858720     0 1190772736 1144366464     0    76648448     0
15:31:53 367345856 327927904     0 1192132608 1144288768     0    76648448     0
15:31:58 367349952 328428032     0 1192194048 1144359296     0    76648448     0
15:32:03 367354048 328473984     0 1192194048 1144630016     0    76648448     0
15:32:08 367354048 328966400     0 1192292352 1144991360     0    76648448     0
15:32:13 367354048 328995968     0 1192296448 1144995968     0    76648448     0
15:32:18 367354048 328894624     0 1192284160 1145091456     0    76648448     0
15:32:23 367354048 328994336     0 1192296448 1145288832     0    76648448     0
15:32:28 367354048 329104704     0 1192337408 1145324032     0    76648448     0
15:32:33 367354048 329006016     0 1192316928 1145260160     0    76648448     0
15:32:38 367354048 329010368     0 1192300544 1145249920     0    76648448     0
15:32:43 367354048 329018112     0 1192300544 1145254016     0    76648448     0
15:32:48 367354048 328997856     0 1192316928 1145264256     0    76648448     0
15:32:53 367354048 329002784     0 1192316928 1145269888     0    76648448     0
15:32:58 367354048 329005760     0 1192300544 1145259136     0    76648448     0
15:33:03 367354048 329009984     0 1192300544 1145393280     0    76648448     0
15:33:08 367354048 329132544     0 1192341504 1145483264     0    76648448     0
15:33:13 367354048 329030016     0 1192316928 1145410176     0    76648448     0
15:33:18 367354048 329007776     0 1192300544 1145416960     0    76648448     0
15:33:23 367354048 329012928     0 1192300544 1145416960     0    76648448     0
15:33:28 367354048 329019200     0 1192316928 1145429760     0    76648448     0
15:33:33 367354048 329022720     0 1192316928 1145432192     0    76648448     0
15:33:38 367354048 329025664     0 1192300544 1145422080     0    76648448     0
15:33:43 367354048 329029248     0 1192300544 1145422080     0    76648448     0
15:33:48 367354048 328992064     0 1192284160 1145426048     0    76648448     0
15:33:53 367354048 329014688     0 1192316928 1145433856     0    76648448     0
15:33:58 367354048 329017760     0 1192300544 1145426176     0    76648448     0
15:34:03 367354048 329020352     0 1192300544 1145429888     0    76648448     0
15:34:08 367354048 329027776     0 1192316928 1145441408     0    76648448     0
15:34:13 367354048 329031456     0 1192357888 1145443072     0    76648448     0
15:34:18 367354048 329008960     0 1192341504 1145430144     0    76648448     0
15:34:23 367354048 329025024     0 1192341504 1145484032     0    76648448     0
15:34:28 367354048 329134368     0 1192386560 1145520768     0    76648448     0
15:34:33 367354048 329026304     0 1192361984 1145449088     0    76648448     0
15:34:38 367354048 329029248     0 1192345600 1145443072     0    76648448     0
15:34:43 367354048 329032832     0 1192345600 1145447168     0    76648448     0
15:34:48 367354048 329013056     0 1192361984 1145458944     0    76648448     0
15:34:53 367354048 329017664     0 1192345600 1145445504     0    76648448     0
15:34:58 367354048 329021376     0 1192345600 1145447168     0    76648448     0
15:35:03 367354048 329027776     0 1192361984 1145457280     0    76648448     0
15:35:08 367354048 329142752     0 1192386560 1145534464     0    76648448     0
15:35:13 367354048 329034592     0 1192345600 1145451648     0    76648448     0
15:35:18 367354048 329012288     0 1192345600 1145451648     0    76648448     0
15:35:23 367354048 329020128     0 1192361984 1145463424     0    76648448     0
15:35:28 367354048 329023744     0 1192361984 1145466112     0    76648448     0
15:35:33 367354048 329026688     0 1192345600 1145462528     0    76648448     0
15:35:38 367354048 329030336     0 1192345600 1145462528     0    76648448     0
15:35:43 367354048 329048000     0 1192361984 1145526528     0    76648448     0
15:35:48 367354048 329126400     0 1192386560 1145546624     0    76648448     0
15:35:53 367354048 329019744     0 1192345600 1145464832     0    76648448     0
15:35:58 367354048 329025472     0 1192370176 1145487360     0    76648448     0
15:36:03 367354048 329030592     0 1192386560 1145498752     0    76648448     0
15:36:08 367354048 329034784     0 1192386560 1145504896     0    76648448     0
15:36:13 367354048 329037728     0 1192370176 1145495040     0    76648448     0
15:36:18 367354048 329017408     0 1192370176 1145498240     0    76648448     0
15:36:23 367354048 329025280     0 1192386560 1145512064     0    76648448     0
15:36:28 367354048 329049280     0 1192407040 1145573120     0    76648448     0
15:36:33 367354048 329032192     0 1192370176 1145498624     0    76648448     0
15:36:38 367354048 329036832     0 1192370176 1145504384     0    76648448     0
15:36:43 367354048 329043104     0 1192386560 1145512960     0    76648448     0
15:36:48 367354048 329020096     0 1192386560 1145516160     0    76648448     0
15:36:53 367354048 329025536     0 1192370176 1145505920     0    76648448     0
15:36:58 367354048 329029952     0 1192370176 1145504384     0    76648448     0
15:37:03 367354048 329040256     0 1192386560 1145535488     0    76648448     0
15:37:08 367354048 329052928     0 1192386560 1145571456     0    76648448     0
15:37:13 367354048 329043008     0 1192370176 1145509376     0    76648448     0
15:37:18 367354048 329020032     0 1192370176 1145515264     0    76648448     0
15:37:23 367354048 329028288     0 1192386560 1145527040     0    76648448     0
15:37:28 367354048 329033856     0 1192386560 1145523200     0    76648448     0
15:37:33 367354048 329036288     0 1192370176 1145514624     0    76648448     0
15:37:38 367354048 329040192     0 1192370176 1145518848     0    76648448     0
15:37:43 367354048 329046528     0 1192386560 1145529856     0    76648448     0
15:37:48 367354048 329035136     0 1192386560 1145574400     0    76648448     0
15:37:53 367354048 329105504     0 1192386560 1145557888     0    76648448     0
15:37:58 367354048 329033440     0 1192370176 1145516032     0    76648448     0
15:38:03 367354048 329039104     0 1192386560 1145525888     0    76648448     0
15:38:08 367354048 329044192     0 1192386560 1145530112     0    76648448     0
15:38:13 367354048 329046816     0 1192370176 1145518592     0    76648448     0
15:38:18 367354048 329024064     0 1192370176 1145518592     0    76648448     0
15:38:23 367354048 329031904     0 1192386560 1145533952     0    76648448     0
15:38:28 367354048 329070528     0 1192394752 1145596032     0    76648448     0
15:38:33 367354048 329038176     0 1192370176 1145520640     0    76648448     0
15:38:38 367354048 329044992     0 1192370176 1145521280     0    76648448     0
15:38:43 367354048 329050432     0 1192386560 1145542144     0    76648448     0
15:38:48 367354048 329027808     0 1192386560 1145540608     0    76648448     0
15:38:53 367354048 329036416     0 1192370176 1145531136     0    76648448     0
15:38:58 367354048 329039680     0 1192370176 1145528832     0    76648448     0
15:39:03 367354048 329053888     0 1192386560 1145576320     0    76648448     0
15:39:08 367354048 329061632     0 1192386560 1145595264     0    76648448     0
15:39:13 367354048 329130752     0 1192386560 1145706880     0    76648448     0
15:39:19 367354048 329030304     0 1192370176 1145665920     0    76648448     0
15:39:24 367354048 329038912     0 1192386560 1145680384     0    76648448     0
15:39:29 367354048 329041920     0 1192386560 1145681792     0    76648448     0
15:39:34 367354048 329044864     0 1192370176 1145674112     0    76648448     0
15:39:39 367354048 329048768     0 1192370176 1145674752     0    76648448     0
15:39:44 367354048 329054880     0 1192386560 1145688320     0    76648448     0
15:39:49 367354048 329044128     0 1192386560 1145742208     0    76648448     0
15:39:54 367354048 329114816     0 1192386560 1145719936     0    76648448     0
15:39:59 367354048 329041024     0 1192370176 1145679232     0    76648448     0
15:40:04 367354048 329047232     0 1192386560 1145687424     0    76648448     0
15:40:09 367354048 329051744     0 1192386560 1145691008     0    76648448     0
15:40:14 367354048 329054688     0 1192370176 1145683328     0    76648448     0
15:40:19 367354048 329032512     0 1192370176 1145687424     0    76648448     0
15:40:24 367354048 329040736     0 1192386560 1145701248     0    76648448     0
15:40:29 367354048 329060416     0 1192386560 1145754368     0    76648448     0
15:40:34 367354048 329127264     0 1192386560 1145730432     0    76648448     0
15:40:39 367354048 329054944     0 1192370176 1145686272     0    76648448     0
15:40:44 367354048 329060736     0 1192386560 1145703680     0    76648448     0
15:40:49 367354048 329037792     0 1192386560 1145703680     0    76648448     0
15:40:54 367354048 329042752     0 1192370176 1145693568     0    76648448     0
15:40:59 367354048 329046880     0 1192370176 1145691904     0    76648448     0
15:41:04 367354048 329052672     0 1192386560 1145703680     0    76648448     0
15:41:09 367354048 329068544     0 1192386560 1145761664     0    76648448     0
15:41:14 367354048 329136096     0 1192386560 1145741056     0    76648448     0
15:41:19 367354048 329036160     0 1192370176 1145701760     0    76648448     0
15:41:24 367354048 329045600     0 1192390656 1145715968     0    76648448     0
15:41:29 367354048 329051392     0 1192390656 1145715968     0    76648448     0
15:41:34 367354048 329054336     0 1192374272 1145707904     0    76648448     0
15:41:39 367354048 329058080     0 1192374272 1145707904     0    76648448     0
15:41:44 367354048 329065056     0 1192390656 1145719680     0    76648448     0
15:41:49 367354048 329054304     0 1192390656 1145774336     0    76648448     0
15:41:54 367354048 329103648     0 1192390656 1145768064     0    76648448     0
15:41:59 367354048 329051296     0 1192374272 1145715840     0    76648448     0
15:42:04 367354048 329056448     0 1192390656 1145724288     0    76648448     0
15:42:09 367354048 329065024     0 1192390656 1145728896     0    76648448     0
15:42:14 367354048 329068480     0 1192374272 1145713920     0    76648448     0
15:42:19 367354048 329045696     0 1192374272 1145721216     0    76648448     0
15:42:24 367354048 329053632     0 1192521728 1145735424     0    76648448     0
15:42:29 367354048 329068672     0 1192652800 1145789312     0    76648448     0
15:42:34 367354048 329089216     0 1192648704 1145758464     0    76648448     0
15:42:39 367354048 329063904     0 1192767488 1145727360     0    76648448     0
15:42:44 367354048 329073344     0 1192783872 1145743232     0    76648448     0
15:42:49 367354048 329050112     0 1192783872 1145743232     0    76648448     0
15:42:54 367354048 329056608     0 1192767488 1145863040     0    76648448     0
15:42:59 367354048 329060192     0 1192767488 1145863424     0    76648448     0
15:43:04 367354048 329066464     0 1192783872 1145873152     0    76648448     0
15:43:09 367354048 329081280     0 1192779776 1145924096     0    76648448     0
15:43:14 367354048 329059392     0 1192734720 1145831808     0    76648448     0
15:43:19 367354048 329052256     0 1192783872 1145889536     0    76648448     0
15:43:24 367354048 329057856     0 1192783872 1145889536     0    76648448     0
15:43:29 367354048 329060800     0 1192767488 1145881856     0    76648448     0
15:43:34 367354048 329064512     0 1192767488 1145880320     0    76648448     0
15:43:39 367354048 329070944     0 1192783872 1145897728     0    76648448     0
15:43:44 367354048 329074528     0 1192783872 1145899392     0    76648448     0
15:43:49 367354048 329063104     0 1192767488 1145939584     0    76648448     0
15:43:54 367354048 329080160     0 1192779776 1145917824     0    76648448     0
15:43:59 367354048 329063008     0 1192783872 1145899392     0    76648448     0
15:44:04 367354048 329066016     0 1192783872 1145899008     0    76648448     0
15:44:09 367354048 329069536     0 1192767488 1145885952     0    76648448     0
15:44:14 367354048 329073120     0 1192767488 1145887616     0    76648448     0
15:44:19 367354048 329053312     0 1192783872 1145905536     0    76648448     0
15:44:24 367354048 329061120     0 1192783872 1145903872     0    76648448     0
15:44:29 367354048 329076032     0 1192767488 1145942784     0    76648448     0
15:44:34 367354048 329042784     0 1192730624 1145871104     0    76648448     0
15:44:39 367354048 329073920     0 1192783872 1145903872     0    76648448     0
15:44:44 367354048 329077504     0 1192783872 1145903872     0    76648448     0
15:44:49 367354048 329053824     0 1192767488 1145893760     0    76648448     0
15:44:54 367354048 329059680     0 1192767488 1145893760     0    76648448     0
15:44:59 367354048 329066688     0 1192783872 1145903872     0    76648448     0
15:45:04 367354048 329069728     0 1192783872 1145903872     0    76648448     0
15:45:09 367354048 329084032     0 1192767488 1145946880     0    76648448     0
15:45:14 367354048 329188736     0 1192792064 1145969408     0    76648448     0
15:45:19 367354048 329058944     0 1192783872 1145914368     0    76648448     0
15:45:24 367354048 329065504     0 1192914944 1146045312     0    76648448     0
15:45:29 367354048 329068544     0 1192898560 1146033920     0    76648448     0
15:45:34 367354048 329072256     0 1192898560 1146032000     0    76648448     0
15:45:39 367354048 329078592     0 1192914944 1146043776     0    76648448     0
15:45:44 367354048 329082560     0 1192914944 1146044160     0    76648448     0
15:45:49 367354048 329070912     0 1192898560 1146087808     0    76648448     0
15:45:54 367354048 329175584     0 1192923136 1146111232     0    76648448     0
15:45:59 367354048 329071264     0 1192914944 1146051456     0    76648448     0
15:46:04 367354048 329073728     0 1192914944 1146049536     0    76648448     0
15:46:09 367354048 329077248     0 1192898560 1146038528     0    76648448     0
15:46:14 367354048 329081376     0 1192898560 1146043776     0    76648448     0
15:46:19 367354048 329061920     0 1192914944 1146054016     0    76648448     0
15:46:24 367354048 329072320     0 1193177088 1146320128     0    76648448     0
15:46:29 367354048 326681984     0 1192869888 1146178176     0    76648448     0
15:46:34 367354048 326700608     0 1192882176 1146158080     0    76648448     0
15:46:39 367354048 326697312     0 1192894464 1146182528     0    76648448     0
15:46:44 367354048 326105216     0 1192726528 1146081280     0    76648448     0
15:46:49 367354048 326052352     0 1192710144 1146088192     0    76648448     0
15:46:54 367354048 326057632     0 1192710144 1146084352     0    76648448     0
15:46:59 367354048 326063904     0 1192726528 1146097664     0    76648448     0
15:47:04 367354048 326066400     0 1192726528 1146097664     0    76648448     0
15:47:09 367354048 326080704     0 1192710144 1146138112     0    76648448     0
15:47:14 367354048 326183424     0 1192734720 1146159104     0    76648448     0
15:47:19 367354048 326053216     0 1192742912 1146116352     0    76648448     0
15:47:24 367354048 326058624     0 1192742912 1146112512     0    76648448     0
15:47:29 367354048 326061728     0 1192726528 1146106368     0    76648448     0
15:47:34 367354048 326065312     0 1192726528 1146106368     0    76648448     0
15:47:40 367354048 326071584     0 1192742912 1146116608     0    76648448     0
15:47:45 367354048 326075168     0 1192742912 1146116608     0    76648448     0
15:47:50 367354048 326063968     0 1192726528 1146157952     0    76648448     0
15:47:55 367354048 326168736     0 1192751104 1146182912     0    76648448     0
15:48:00 367354048 326063552     0 1192742912 1146122240     0    76648448     0
15:48:05 367354048 326066880     0 1192742912 1146124160     0    76648448     0
15:48:10 367354048 326070080     0 1192726528 1146110464     0    76648448     0
15:48:15 367354048 326073664     0 1192726528 1146108928     0    76648448     0
15:48:20 367354048 326055872     0 1192759296 1146139520     0    76648448     0
15:48:25 367354048 326059456     0 1192759296 1146142720     0    76648448     0
15:48:30 367354048 326062528     0 1192742912 1146130944     0    76648448     0
15:48:35 367354048 326057856     0 1192742912 1146181504     0    76648448     0
15:48:40 367354048 326084672     0 1192763392 1146153600     0    76648448     0
15:48:45 367354048 326075712     0 1192759296 1146144768     0    76648448     0
15:48:50 367354048 326052384     0 1192742912 1146135296     0    76648448     0
15:48:55 367354048 326057664     0 1192742912 1146135040     0    76648448     0
15:49:00 367354048 326063936     0 1192759296 1146146816     0    76648448     0
15:49:05 367354048 326067520     0 1192759296 1146150912     0    76648448     0
15:49:10 367354048 326070496     0 1192742912 1146139136     0    76648448     0
15:49:15 367354048 326085440     0 1192742912 1146191360     0    76648448     0
15:49:20 367354048 326133472     0 1192779776 1146195840     0    76648448     0
15:49:25 367354048 326062528     0 1192763392 1146157952     0    76648448     0
15:49:30 367354048 326065120     0 1192747008 1146142208     0    76648448     0
15:49:35 367354048 326068704     0 1192747008 1146143872     0    76648448     0
15:49:40 367354048 326074976     0 1192763392 1146155648     0    76648448     0
15:49:45 367354048 326078560     0 1192763392 1146153984     0    76648448     0
15:49:50 367354048 326057248     0 1192747008 1146140672     0    76648448     0
15:49:55 367354048 326072160     0 1192747008 1146200192     0    76648448     0
15:50:00 367354048 326108000     0 1192775680 1146196608     0    76648448     0
15:50:05 367354048 326070304     0 1192763392 1146156160     0    76648448     0
15:50:10 367354048 326073312     0 1192747008 1146147968     0    76648448     0
15:50:15 367354048 326076896     0 1192747008 1146150400     0    76648448     0
15:50:20 367354048 326057216     0 1192763392 1146162176     0    76648448     0
15:50:25 367354048 326062528     0 1192763392 1146163840     0    76648448     0
15:50:30 367354048 326065792     0 1192747008 1146154368     0    76648448     0
15:50:35 367354048 326080448     0 1192747008 1146202624     0    76648448     0
15:50:40 367354048 326185728     0 1192787968 1146236928     0    76648448     0
15:50:45 367354048 326078656     0 1192763392 1146167936     0    76648448     0
15:50:50 367354048 326055360     0 1192747008 1146156800     0    76648448     0
15:50:55 367354048 326061568     0 1192747008 1146158464     0    76648448     0
15:51:00 367354048 326067200     0 1192763392 1146167936     0    76648448     0
15:51:05 367354048 326068576     0 1192730624 1146134528     0    76648448     0
15:51:10 367354048 326071520     0 1192714240 1146122752     0    76648448     0
15:51:15 367354048 326086656     0 1192714240 1146173312     0    76648448     0
15:51:20 367354048 326166976     0 1192755200 1146207616     0    76648448     0
15:51:25 367354048 326060768     0 1192730624 1146134528     0    76648448     0
15:51:30 367354048 326063808     0 1192845312 1146126848     0    76648448     0
15:51:35 367354048 326070976     0 1192992768 1146269952     0    76648448     0
15:51:40 367354048 326074624     0 1192992768 1146269952     0    76648448     0
15:51:45 367354048 326077632     0 1193107456 1146256512     0    76648448     0
15:51:50 367354048 326054912     0 1193107456 1146256512     0    76648448     0
15:51:55 367354048 326062752     0 1193123840 1146268288     0    76648448     0
15:52:00 367354048 320907200     0 1192247296 1145436672     0    76648448     0
15:52:05 367354048 320893120     0 1192226816 1145374976     0    76648448     0
15:52:10 367354048 320912832     0 1192235008 1145401600     0    76648448     0
15:52:15 367354048 320384000     0 1192148992 1145382656     0    76648448     0
15:52:20 367354048 320336736     0 1192148992 1145513344     0    76648448     0
15:52:25 367354048 320339616     0 1192132608 1145503104     0    76648448     0
15:52:30 367354048 320342880     0 1192132608 1145502464     0    76648448     0
15:52:35 367354048 320349152     0 1192148992 1145514240     0    76648448     0
15:52:40 367354048 320364128     0 1192148992 1145566464     0    76648448     0
15:52:45 367354048 320465664     0 1192157184 1145574016     0    76648448     0
15:52:50 367354048 320333280     0 1192153088 1145542144     0    76648448     0
15:52:55 367354048 320341568     0 1192169472 1145553920     0    76648448     0
15:53:00 367354048 320345152     0 1192169472 1145555456     0    76648448     0
15:53:05 367354048 320348096     0 1192153088 1145545728     0    76648448     0
15:53:10 367354048 320351808     0 1192153088 1145544192     0    76648448     0
15:53:15 367354048 320358240     0 1192169472 1145555968     0    76648448     0
15:53:20 367354048 320336096     0 1192185856 1145573888     0    76648448     0
15:53:25 367354048 320352000     0 1192169472 1145614336     0    76648448     0
15:53:30 367354048 320420544     0 1192185856 1145602304     0    76648448     0
15:53:35 367354048 320350208     0 1192185856 1145573888     0    76648448     0
15:53:40 367354048 320353792     0 1192185856 1145573888     0    76648448     0
15:53:45 367354048 320356736     0 1192169472 1145562112     0    76648448     0
15:53:50 367354048 320335232     0 1192169472 1145567232     0    76648448     0
15:53:55 367354048 320342720     0 1192185856 1145576704     0    76648448     0
15:54:00 367354048 320346304     0 1192185856 1145578240     0    76648448     0
15:54:05 367354048 320362048     0 1192169472 1145628928     0    76648448     0
15:54:10 367354048 320463680     0 1192194048 1145642112     0    76648448     0
15:54:15 367354048 320359136     0 1192185856 1145582336     0    76648448     0
15:54:20 367354048 320336256     0 1192185856 1145580800     0    76648448     0
15:54:25 367354048 320341216     0 1192169472 1145570560     0    76648448     0
15:54:30 367354048 320344800     0 1192169472 1145570560     0    76648448     0
15:54:35 367354048 320351072     0 1192185856 1145580800     0    76648448     0
15:54:40 367354048 320354656     0 1192185856 1145580800     0    76648448     0
15:54:45 367354048 320357600     0 1192169472 1145570560     0    76648448     0
15:54:50 367358144 320359040     0 1192169472 1145626880     0    76648448     0
15:54:55 367358144 320432192     0 1192202240 1145625856     0    76648448     0
15:55:00 367358144 320358816     0 1192185856 1145584896     0    76648448     0
15:55:05 367358144 320361312     0 1192169472 1145574272     0    76648448     0
15:55:10 367358144 320365632     0 1192169472 1145574656     0    76648448     0
15:55:15 367358144 320371904     0 1192185856 1145584896     0    76648448     0
15:55:20 367358144 320349600     0 1192185856 1145584896     0    76648448     0
15:55:25 367358144 320354112     0 1192169472 1145574656     0    76648448     0
15:55:30 367358144 320358208     0 1192169472 1145571456     0    76648448     0
15:55:35 367358144 320378336     0 1192181760 1145631872     0    76648448     0
15:55:40 367358144 320367296     0 1192185856 1145584896     0    76648448     0
15:55:45 367358144 320370240     0 1192169472 1145574656     0    76648448     0
15:55:50 367358144 320350720     0 1192189952 1145595776     0    76648448     0
15:55:55 367358144 320358656     0 1192206336 1145605888     0    76648448     0
15:56:01 367358144 320362880     0 1192226816 1145607552     0    76648448     0
15:56:06 367358144 320365440     0 1192210432 1145595776     0    76648448     0
15:56:11 367358144 320369152     0 1192210432 1145595776     0    76648448     0
15:56:16 367358144 320386816     0 1192226816 1145658112     0    76648448     0
15:56:21 367358144 320463136     0 1192251392 1145684736     0    76648448     0
15:56:26 367358144 320357408     0 1192210432 1145599872     0    76648448     0
15:56:31 367358144 320360992     0 1192210432 1145598208     0    76648448     0
15:56:36 367358144 320367264     0 1192226816 1145609984     0    76648448     0
15:56:41 367358144 320370848     0 1192226816 1145609984     0    76648448     0
15:56:46 367358144 320352448     0 1192210432 1145729280     0    76648448     0
15:56:51 367358144 320357568     0 1192210432 1145729280     0    76648448     0
15:56:56 367358144 320363840     0 1192226816 1145741056     0    76648448     0
15:57:01 367358144 320379168     0 1192226816 1145795840     0    76648448     0
15:57:06 367358144 320448256     0 1192226816 1145768704     0    76648448     0
15:57:11 367358144 320374048     0 1192210432 1145729280     0    76648448     0
15:57:16 367358144 320354688     0 1192357888 1145742720     0    76648448     0
15:57:21 367358144 320359808     0 1192357888 1145742720     0    76648448     0
15:57:26 367358144 320362752     0 1192341504 1145731328     0    76648448     0
15:57:31 367358144 320366336     0 1192341504 1145732992     0    76648448     0
15:57:36 367358144 320372608     0 1192357888 1145743104     0    76648448     0
15:57:41 367358144 320388416     0 1192488960 1145928704     0    76648448     0
15:57:46 367358144 320463936     0 1192628224 1145938304     0    76648448     0
15:57:51 367358144 320358368     0 1192603648 1145862656     0    76648448     0
15:57:56 367358144 320364640     0 1192620032 1145874816     0    76648448     0
15:58:01 367358144 320368352     0 1192620032 1145876096     0    76648448     0
15:58:06 367358144 320371456     0 1192603648 1145868416     0    76648448     0
15:58:11 367358144 320375040     0 1192603648 1145868416     0    76648448     0
15:58:16 367358144 320355520     0 1192751104 1145878528     0    76648448     0
15:58:21 367358144 320360672     0 1192751104 1145878528     0    76648448     0
15:58:26 367358144 320375200     0 1192734720 1145925632     0    76648448     0
15:58:31 367358144 320442688     0 1192779776 1145902848     0    76648448     0
15:58:36 367358144 320373312     0 1192787968 1145884288     0    76648448     0
15:58:41 367358144 320376896     0 1192787968 1145882624     0    76648448     0
15:58:46 367358144 320354048     0 1192824832 1145872512     0    76648448     0
15:58:51 367358144 320359200     0 1192824832 1145870848     0    76648448     0
15:58:56 367358144 320365600     0 1192841216 1145882624     0    76648448     0
15:59:01 367358144 320369344     0 1192841216 1145884288     0    76648448     0
15:59:06 367358144 320373088     0 1192824832 1146003840     0    76648448     0
15:59:11 367358144 320386016     0 1192824832 1146051456     0    76648448     0
15:59:16 367358144 320355904     0 1192841216 1146016256     0    76648448     0
15:59:21 367358144 320361184     0 1192841216 1146015616     0    76648448     0
15:59:26 367358144 320364128     0 1192824832 1146003840     0    76648448     0
15:59:31 367358144 320367712     0 1192824832 1146003840     0    76648448     0
15:59:36 367358144 320373984     0 1192841216 1146015616     0    76648448     0
15:59:41 367358144 320377568     0 1192841216 1146013952     0    76648448     0
15:59:46 367358144 320354752     0 1192955904 1146003840     0    76648448     0
15:59:51 367358144 320370944     0 1192960000 1146057856     0    76648448     0
15:59:56 367358144 320476704     0 1192996864 1146089600     0    76648448     0
16:00:01 367358144 320369152     0 1192955904 1146002176     0    76648448     0
16:00:06 367358144 320372736     0 1192955904 1146003840     0    76648448     0
16:00:11 367358144 320385920     0 1192976384 1146170368     0    76648448     0
16:00:16 367358144 320359072     0 1192972288 1146013952     0    76648448     0
16:00:21 367358144 320362016     0 1192955904 1146002176     0    76648448     0
16:00:26 367358144 320365664     0 1192955904 1146002176     0    76648448     0
16:00:31 367358144 320371936     0 1192972288 1146015616     0    76648448     0
16:00:36 367358144 320386912     0 1192972288 1146070272     0    76648448     0
16:00:41 367358144 320453184     0 1192972288 1146053888     0    76648448     0
16:00:46 367358144 320357952     0 1192955904 1146010624     0    76648448     0
16:00:51 367358144 320364544     0 1192972288 1146022400     0    76648448     0
16:00:56 367358144 320368128     0 1192972288 1146024064     0    76648448     0
16:01:01 367358144 320371584     0 1192955904 1146010624     0    76648448     0
16:01:06 367358144 320374656     0 1192955904 1146010624     0    76648448     0
16:01:11 367358144 320379072     0 1192972288 1146026240     0    76648448     0
16:01:16 367358144 320371200     0 1192972288 1146076288     0    76648448     0
16:01:21 367358144 320473344     0 1192980480 1146085376     0    76648448     0
16:01:26 367358144 320366400     0 1192955904 1146014592     0    76648448     0
16:01:31 367358144 320372352     0 1192972288 1146024064     0    76648448     0
16:01:36 367358144 320375936     0 1192972288 1146022400     0    76648448     0
16:01:41 367358144 320378720     0 1192955904 1146015360     0    76648448     0
16:01:46 367358144 320358208     0 1192955904 1146014720     0    76648448     0
16:01:51 367358144 320364640     0 1192972288 1146026496     0    76648448     0
16:01:56 367358144 320368352     0 1192972288 1146032256     0    76648448     0
16:02:01 367358144 320382688     0 1192955904 1146072704     0    76648448     0
16:02:06 367358144 320454976     0 1192972288 1146068480     0    76648448     0
