
SunOS canfire03 5.11 onnv-gate i86pc    05/10/2009

06:05:49  pgout/s ppgout/s pgfree/s pgscan/s %ufs_ipf
06:05:54     0.00     0.00     0.00     0.00     0.00
06:05:59     0.00     0.00     0.00     0.00     0.00
06:06:04     0.00     0.00     0.00     0.00     0.00
06:06:09     0.00     0.00     0.00     0.00     0.00
06:06:14     0.00     0.00     0.00     0.00     0.00
06:06:19     0.00     0.00     0.00     0.00     0.00
06:06:24     0.00     0.00     0.00     0.00     0.00
06:06:29     0.00     0.00     0.00     0.00     0.00
06:06:34     0.00     0.00     0.00     0.00     0.00
06:06:39     0.00     0.00     0.00     0.00     0.00
06:06:44     0.00     0.00     0.00     0.00     0.00
06:06:49     0.00     0.00     0.00     0.00     0.00
06:06:54     0.00     0.00     0.00     0.00     0.00
06:06:59     0.00     0.00     0.00     0.00     0.00
06:07:04     0.00     0.00     0.00     0.00     0.00
06:07:09     0.00     0.00     0.00     0.00     0.00
06:07:14     0.00     0.00     0.00     0.00     0.00
06:07:19     0.00     0.00     0.00     0.00     0.00
06:07:24     0.00     0.00     0.00     0.00     0.00
06:07:29     0.00     0.00     0.00     0.00     0.00
06:07:34     0.00     0.00     0.00     0.00     0.00
06:07:39     0.00     0.00     0.00     0.00     0.00
06:07:44     0.00     0.00     0.00     0.00     0.00
06:07:49     0.00     0.00     0.00     0.00     0.00
06:07:54     0.00     0.00     0.00     0.00     0.00
06:07:59     0.00     0.00     0.00     0.00     0.00
06:08:04     0.00     0.00     0.00     0.00     0.00
06:08:09     0.00     0.00     0.00     0.00     0.00
06:08:14     0.00     0.00     0.00     0.00     0.00
06:08:19     0.00     0.00     0.00     0.00     0.00
06:08:24     0.00     0.00     0.00     0.00     0.00
06:08:29     0.00     0.00     0.00     0.00     0.00
06:08:34     0.00     0.00     0.00     0.00     0.00
06:08:39     0.00     0.00     0.00     0.00     0.00
06:08:44     0.00     0.00     0.00     0.00     0.00
06:08:49     0.00     0.00     0.00     0.00     0.00
06:08:54     0.00     0.00     0.00     0.00     0.00
06:08:59     0.00     0.00     0.00     0.00     0.00
06:09:04     0.00     0.00     0.00     0.00     0.00
06:09:09     0.00     0.00     0.00     0.00     0.00
06:09:14     0.00     0.00     0.00     0.00     0.00
06:09:19     0.00     0.00     0.00     0.00     0.00
06:09:24     0.00     0.00     0.00     0.00     0.00
06:09:29     0.00     0.00     0.00     0.00     0.00
06:09:34     0.00     0.00     0.00     0.00     0.00
06:09:39     0.00     0.00     0.00     0.00     0.00
06:09:44     0.00     0.00     0.00     0.00     0.00
06:09:49     0.00     0.00     0.00     0.00     0.00
06:09:55     0.00     0.00     0.00     0.00     0.00
06:10:00     0.00     0.00     0.00     0.00     0.00
06:10:05     0.00     0.00     0.00     0.00     0.00
06:10:10     0.00     0.00     0.00     0.00     0.00
06:10:15     0.00     0.00     0.00     0.00     0.00
06:10:20     0.00     0.00     0.00     0.00     0.00
06:10:25     0.00     0.00     0.00     0.00     0.00
06:10:30     0.00     0.00     0.00     0.00     0.00
06:10:35     0.00     0.00     0.00     0.00     0.00
06:10:40     0.00     0.00     0.00     0.00     0.00
06:10:45     0.00     0.00     0.00     0.00     0.00
06:10:50     0.00     0.00     0.00     0.00     0.00
06:10:55     0.00     0.00     0.00     0.00     0.00
06:11:00     0.00     0.00     0.00     0.00     0.00
06:11:05     0.00     0.00     0.00     0.00     0.00
06:11:10     0.00     0.00     0.00     0.00     0.00
06:11:15     0.00     0.00     0.00     0.00     0.00
06:11:20     0.00     0.00     0.00     0.00     0.00
06:11:25     0.00     0.00     0.00     0.00     0.00
06:11:30     0.00     0.00     0.00     0.00     0.00
06:11:35     0.00     0.00     0.00     0.00     0.00
06:11:40     0.00     0.00     0.00     0.00     0.00
06:11:45     0.00     0.00     0.00     0.00     0.00
06:11:50     0.00     0.00     0.00     0.00     0.00
06:11:55     0.00     0.00     0.00     0.00     0.00
06:12:00     0.00     0.00     0.00     0.00     0.00
06:12:05     0.00     0.00     0.00     0.00     0.00
06:12:10     0.00     0.00     0.00     0.00     0.00
06:12:15     0.00     0.00     0.00     0.00     0.00
06:12:20     0.00     0.00     0.00     0.00     0.00
06:12:25     0.00     0.00     0.00     0.00     0.00
06:12:30     0.00     0.00     0.00     0.00     0.00
06:12:35     0.00     0.00     0.00     0.00     0.00
06:12:40     0.00     0.00     0.00     0.00     0.00
06:12:45     0.00     0.00     0.00     0.00     0.00
06:12:50     0.00     0.00     0.00     0.00     0.00
06:12:55     0.00     0.00     0.00     0.00     0.00
06:13:00     0.00     0.00     0.00     0.00     0.00
06:13:05     0.00     0.00     0.00     0.00     0.00
06:13:10     0.00     0.00     0.00     0.00     0.00
06:13:15     0.00     0.00     0.00     0.00     0.00
06:13:20     0.00     0.00     0.00     0.00     0.00
06:13:25     0.00     0.00     0.00     0.00     0.00
06:13:30     0.00     0.00     0.00     0.00     0.00
06:13:35     0.00     0.00     0.00     0.00     0.00
06:13:40     0.00     0.00     0.00     0.00     0.00
06:13:45     0.00     0.00     0.00     0.00     0.00
06:13:50     0.00     0.00     0.00     0.00     0.00
06:13:55     0.00     0.00     0.00     0.00     0.00
06:14:00     0.00     0.00     0.00     0.00     0.00
06:14:05     0.00     0.00     0.00     0.00     0.00
06:14:10     0.00     0.00     0.00     0.00     0.00
06:14:15     0.00     0.00     0.00     0.00     0.00
06:14:20     0.00     0.00     0.00     0.00     0.00
06:14:25     0.00     0.00     0.00     0.00     0.00
06:14:30     0.00     0.00     0.00     0.00     0.00
06:14:35     0.00     0.00     0.00     0.00     0.00
06:14:40     0.00     0.00     0.00     0.00     0.00
06:14:45     0.00     0.00     0.00     0.00     0.00
06:14:50     0.00     0.00     0.00     0.00     0.00
06:14:55     0.00     0.00     0.00     0.00     0.00
06:15:00     0.00     0.00     0.00     0.00     0.00
06:15:05     0.00     0.00     0.00     0.00     0.00
06:15:10     0.00     0.00     0.00     0.00     0.00
06:15:15     0.00     0.00     0.00     0.00     0.00
06:15:20     0.00     0.00     0.00     0.00     0.00
06:15:25     0.00     0.00     0.00     0.00     0.00
06:15:30     0.00     0.00     0.00     0.00     0.00
06:15:35     0.00     0.00     0.00     0.00     0.00
06:15:40     0.00     0.00     0.00     0.00     0.00
06:15:45     0.00     0.00     0.00     0.00     0.00
06:15:50     0.00     0.00     0.00     0.00     0.00
06:15:55     0.00     0.00     0.00     0.00     0.00
06:16:00     0.00     0.00     0.00     0.00     0.00
06:16:05     0.00     0.00     0.00     0.00     0.00
06:16:10     0.00     0.00     0.00     0.00     0.00
06:16:15     0.00     0.00     0.00     0.00     0.00
06:16:20     0.00     0.00     0.00     0.00     0.00
06:16:25     0.00     0.00     0.00     0.00     0.00
06:16:30     0.00     0.00     0.00     0.00     0.00
06:16:35     0.00     0.00     0.00     0.00     0.00
06:16:40     0.00     0.00     0.00     0.00     0.00
06:16:45     0.00     0.00     0.00     0.00     0.00
06:16:50     0.00     0.00     0.00     0.00     0.00
06:16:55     0.00     0.00     0.00     0.00     0.00
06:17:00     0.00     0.00     0.00     0.00     0.00
06:17:05     0.00     0.00     0.00     0.00     0.00
06:17:10     0.00     0.00     0.00     0.00     0.00
06:17:15     0.00     0.00     0.00     0.00     0.00
06:17:20     0.00     0.00     0.00     0.00     0.00
06:17:25     0.00     0.00     0.00     0.00     0.00
06:17:30     0.00     0.00     0.00     0.00     0.00
06:17:35     0.00     0.00     0.00     0.00     0.00
06:17:40     0.00     0.00     0.00     0.00     0.00
06:17:45     0.00     0.00     0.00     0.00     0.00
06:17:50     0.00     0.00     0.00     0.00     0.00
06:17:55     0.00     0.00     0.00     0.00     0.00
06:18:00     0.00     0.00     0.00     0.00     0.00
06:18:05     0.00     0.00     0.00     0.00     0.00
06:18:10     0.00     0.00     0.00     0.00     0.00
06:18:16     0.00     0.00     0.00     0.00     0.00
06:18:21     0.00     0.00     0.00     0.00     0.00
06:18:26     0.00     0.00     0.00     0.00     0.00
06:18:31     0.00     0.00     0.00     0.00     0.00
06:18:36     0.00     0.00     0.00     0.00     0.00
06:18:41     0.00     0.00     0.00     0.00     0.00
06:18:46     0.00     0.00     0.00     0.00     0.00
06:18:51     0.00     0.00     0.00     0.00     0.00
06:18:56     0.00     0.00     0.00     0.00     0.00
06:19:01     0.00     0.00     0.00     0.00     0.00
06:19:06     0.00     0.00     0.00     0.00     0.00
06:19:11     0.00     0.00     0.00     0.00     0.00
06:19:16     0.00     0.00     0.00     0.00     0.00
06:19:21     0.00     0.00     0.00     0.00     0.00
06:19:26     0.00     0.00     0.00     0.00     0.00
06:19:31     0.00     0.00     0.00     0.00     0.00
06:19:36     0.00     0.00     0.00     0.00     0.00
06:19:41     0.00     0.00     0.00     0.00     0.00
06:19:46     0.00     0.00     0.00     0.00     0.00
06:19:51     0.00     0.00     0.00     0.00     0.00
06:19:56     0.00     0.00     0.00     0.00     0.00
06:20:01     0.00     0.00     0.00     0.00     0.00
06:20:06     0.00     0.00     0.00     0.00     0.00
06:20:11     0.00     0.00     0.00     0.00     0.00
06:20:16     0.00     0.00     0.00     0.00     0.00
06:20:21     0.00     0.00     0.00     0.00     0.00
06:20:26     0.00     0.00     0.00     0.00     0.00
06:20:31     0.00     0.00     0.00     0.00     0.00
06:20:36     0.00     0.00     0.00     0.00     0.00
06:20:41     0.00     0.00     0.00     0.00     0.00
06:20:46     0.00     0.00     0.00     0.00     0.00
06:20:51     0.00     0.00     0.00     0.00     0.00
06:20:56     0.00     0.00     0.00     0.00     0.00
06:21:01     0.00     0.00     0.00     0.00     0.00
06:21:06     0.00     0.00     0.00     0.00     0.00
06:21:11     0.00     0.00     0.00     0.00     0.00
06:21:16     0.00     0.00     0.00     0.00     0.00
06:21:21     0.00     0.00     0.00     0.00     0.00
06:21:26     0.00     0.00     0.00     0.00     0.00
06:21:31     0.00     0.00     0.00     0.00     0.00
06:21:36     0.00     0.00     0.00     0.00     0.00
06:21:41     0.00     0.00     0.00     0.00     0.00
06:21:46     0.00     0.00     0.00     0.00     0.00
06:21:51     0.00     0.00     0.00     0.00     0.00
06:21:56     0.00     0.00     0.00     0.00     0.00
06:22:01     0.00     0.00     0.00     0.00     0.00
06:22:06     0.00     0.00     0.00     0.00     0.00
06:22:11     0.00     0.00     0.00     0.00     0.00
06:22:16     0.00     0.00     0.00     0.00     0.00
06:22:21     0.00     0.00     0.00     0.00     0.00
06:22:26     0.00     0.00     0.00     0.00     0.00
06:22:31     0.00     0.00     0.00     0.00     0.00
06:22:36     0.00     0.00     0.00     0.00     0.00
06:22:41     0.00     0.00     0.00     0.00     0.00
06:22:46     0.00     0.00     0.00     0.00     0.00
06:22:51     0.00     0.00     0.00     0.00     0.00
06:22:56     0.00     0.00     0.00     0.00     0.00
06:23:01     0.00     0.00     0.00     0.00     0.00
06:23:06     0.00     0.00     0.00     0.00     0.00
06:23:11     0.00     0.00     0.00     0.00     0.00
06:23:16     0.00     0.00     0.00     0.00     0.00
06:23:21     0.00     0.00     0.00     0.00     0.00
06:23:26     0.00     0.00     0.00     0.00     0.00
06:23:31     0.00     0.00     0.00     0.00     0.00
06:23:36     0.00     0.00     0.00     0.00     0.00
06:23:41     0.00     0.00     0.00     0.00     0.00
06:23:46     0.00     0.00     0.00     0.00     0.00
06:23:51     0.00     0.00     0.00     0.00     0.00
06:23:56     0.00     0.00     0.00     0.00     0.00
06:24:01     0.00     0.00     0.00     0.00     0.00
06:24:06     0.00     0.00     0.00     0.00     0.00
06:24:11     0.00     0.00     0.00     0.00     0.00
06:24:16     0.00     0.00     0.00     0.00     0.00
06:24:21     0.00     0.00     0.00     0.00     0.00
06:24:26     0.00     0.00     0.00     0.00     0.00
06:24:31     0.00     0.00     0.00     0.00     0.00
06:24:36     0.00     0.00     0.00     0.00     0.00
06:24:41     0.00     0.00     0.00     0.00     0.00
06:24:46     0.00     0.00     0.00     0.00     0.00
06:24:51     0.00     0.00     0.00     0.00     0.00
06:24:56     0.00     0.00     0.00     0.00     0.00
06:25:01     0.00     0.00     0.00     0.00     0.00
06:25:06     0.00     0.00     0.00     0.00     0.00
06:25:11     0.00     0.00     0.00     0.00     0.00
06:25:16     0.00     0.00     0.00     0.00     0.00
06:25:21     0.00     0.00     0.00     0.00     0.00
06:25:26     0.00     0.00     0.00     0.00     0.00
06:25:31     0.00     0.00     0.00     0.00     0.00
06:25:36     0.00     0.00     0.00     0.00     0.00
06:25:41     0.00     0.00     0.00     0.00     0.00
06:25:46     0.00     0.00     0.00     0.00     0.00
06:25:51     0.00     0.00     0.00     0.00     0.00
06:25:56     0.00     0.00     0.00     0.00     0.00
06:26:01     0.00     0.00     0.00     0.00     0.00
06:26:06     0.00     0.00     0.00     0.00     0.00
06:26:11     0.00     0.00     0.00     0.00     0.00
06:26:16     0.00     0.00     0.00     0.00     0.00
06:26:21     0.00     0.00     0.00     0.00     0.00
06:26:26     0.00     0.00     0.00     0.00     0.00
06:26:31     0.00     0.00     0.00     0.00     0.00
06:26:37     0.00     0.00     0.00     0.00     0.00
06:26:42     0.00     0.00     0.00     0.00     0.00
06:26:47     0.00     0.00     0.00     0.00     0.00
06:26:52     0.00     0.00     0.00     0.00     0.00
06:26:57     0.00     0.00     0.00     0.00     0.00
06:27:02     0.00     0.00     0.00     0.00     0.00
06:27:07     0.00     0.00     0.00     0.00     0.00
06:27:12     0.00     0.00     0.00     0.00     0.00
06:27:17     0.00     0.00     0.00     0.00     0.00
06:27:22     0.00     0.00     0.00     0.00     0.00
06:27:27     0.00     0.00     0.00     0.00     0.00
06:27:32     0.00     0.00     0.00     0.00     0.00
06:27:37     0.00     0.00     0.00     0.00     0.00
06:27:42     0.00     0.00     0.00     0.00     0.00
06:27:47     0.00     0.00     0.00     0.00     0.00
06:27:52     0.00     0.00     0.00     0.00     0.00
06:27:57     0.00     0.00     0.00     0.00     0.00
06:28:02     0.00     0.00     0.00     0.00     0.00
06:28:07     0.00     0.00     0.00     0.00     0.00
06:28:12     0.00     0.00     0.00     0.00     0.00
06:28:17     0.00     0.00     0.00     0.00     0.00
06:28:22     0.00     0.00     0.00     0.00     0.00
06:28:27     0.00     0.00     0.00     0.00     0.00
06:28:32     0.00     0.00     0.00     0.00     0.00
06:28:37     0.00     0.00     0.00     0.00     0.00
06:28:42     0.00     0.00     0.00     0.00     0.00
06:28:47     0.00     0.00     0.00     0.00     0.00
06:28:52     0.00     0.00     0.00     0.00     0.00
06:28:57     0.00     0.00     0.00     0.00     0.00
06:29:02     0.00     0.00     0.00     0.00     0.00
06:29:07     0.00     0.00     0.00     0.00     0.00
06:29:12     0.00     0.00     0.00     0.00     0.00
06:29:17     0.00     0.00     0.00     0.00     0.00
06:29:22     0.00     0.00     0.00     0.00     0.00
06:29:27     0.00     0.00     0.00     0.00     0.00
06:29:32     0.00     0.00     0.00     0.00     0.00
06:29:37     0.00     0.00     0.00     0.00     0.00
06:29:42     0.00     0.00     0.00     0.00     0.00
06:29:47     0.00     0.00     0.00     0.00     0.00
06:29:52     0.00     0.00     0.00     0.00     0.00
06:29:57     0.00     0.00     0.00     0.00     0.00
06:30:02     0.00     0.00     0.00     0.00     0.00
06:30:07     0.00     0.00     0.00     0.00     0.00
06:30:12     0.00     0.00     0.00     0.00     0.00
06:30:17     0.00     0.00     0.00     0.00     0.00
06:30:22     0.00     0.00     0.00     0.00     0.00
06:30:27     0.00     0.00     0.00     0.00     0.00
06:30:32     0.00     0.00     0.00     0.00     0.00
06:30:37     0.00     0.00     0.00     0.00     0.00
06:30:42     0.00     0.00     0.00     0.00     0.00
06:30:47     0.00     0.00     0.00     0.00     0.00
06:30:52     0.00     0.00     0.00     0.00     0.00
06:30:57     0.00     0.00     0.00     0.00     0.00
06:31:02     0.00     0.00     0.00     0.00     0.00
06:31:07     0.00     0.00     0.00     0.00     0.00
06:31:12     0.00     0.00     0.00     0.00     0.00
06:31:17     0.00     0.00     0.00     0.00     0.00
06:31:22     0.00     0.00     0.00     0.00     0.00
06:31:27     0.00     0.00     0.00     0.00     0.00
06:31:32     0.00     0.00     0.00     0.00     0.00
06:31:37     0.00     0.00     0.00     0.00     0.00
06:31:42     0.00     0.00     0.00     0.00     0.00
06:31:47     0.00     0.00     0.00     0.00     0.00
06:31:52     0.00     0.00     0.00     0.00     0.00
06:31:57     0.00     0.00     0.00     0.00     0.00
06:32:02     0.00     0.00     0.00     0.00     0.00
06:32:07     0.00     0.00     0.00     0.00     0.00
06:32:12     0.00     0.00     0.00     0.00     0.00
06:32:17     0.00     0.00     0.00     0.00     0.00
06:32:22     0.00     0.00     0.00     0.00     0.00
06:32:27     0.00     0.00     0.00     0.00     0.00
06:32:32     0.00     0.00     0.00     0.00     0.00
06:32:37     0.00     0.00     0.00     0.00     0.00
06:32:42     0.00     0.00     0.00     0.00     0.00
06:32:47     0.00     0.00     0.00     0.00     0.00
06:32:52     0.00     0.00     0.00     0.00     0.00
06:32:57     0.00     0.00     0.00     0.00     0.00
06:33:02     0.00     0.00     0.00     0.00     0.00
06:33:07     0.00     0.00     0.00     0.00     0.00
06:33:12     0.00     0.00     0.00     0.00     0.00
06:33:17     0.00     0.00     0.00     0.00     0.00
06:33:22     0.00     0.00     0.00     0.00     0.00
06:33:27     0.00     0.00     0.00     0.00     0.00
06:33:32     0.00     0.00     0.00     0.00     0.00
06:33:37     0.00     0.00     0.00     0.00     0.00
06:33:42     0.00     0.00     0.00     0.00     0.00
06:33:47     0.00     0.00     0.00     0.00     0.00
06:33:52     0.00     0.00     0.00     0.00     0.00
06:33:57     0.00     0.00     0.00     0.00     0.00
06:34:02     0.00     0.00     0.00     0.00     0.00
06:34:07     0.00     0.00     0.00     0.00     0.00
06:34:12     0.00     0.00     0.00     0.00     0.00
06:34:17     0.00     0.00     0.00     0.00     0.00
06:34:22     0.00     0.00     0.00     0.00     0.00
06:34:27     0.00     0.00     0.00     0.00     0.00
06:34:32     0.00     0.00     0.00     0.00     0.00
06:34:37     0.00     0.00     0.00     0.00     0.00
06:34:42     0.00     0.00     0.00     0.00     0.00
06:34:47     0.00     0.00     0.00     0.00     0.00
06:34:52     0.00     0.00     0.00     0.00     0.00
06:34:58     0.00     0.00     0.00     0.00     0.00
06:35:03     0.00     0.00     0.00     0.00     0.00
06:35:08     0.00     0.00     0.00     0.00     0.00
06:35:13     0.00     0.00     0.00     0.00     0.00
06:35:18     0.00     0.00     0.00     0.00     0.00
06:35:23     0.00     0.00     0.00     0.00     0.00
06:35:28     0.00     0.00     0.00     0.00     0.00
06:35:33     0.00     0.00     0.00     0.00     0.00
06:35:38     0.00     0.00     0.00     0.00     0.00
06:35:43     0.00     0.00     0.00     0.00     0.00
06:35:48     0.00     0.00     0.00     0.00     0.00
06:35:53     0.00     0.00     0.00     0.00     0.00
06:35:58     0.00     0.00     0.00     0.00     0.00
06:36:03     0.00     0.00     0.00     0.00     0.00
06:36:08     0.00     0.00     0.00     0.00     0.00
06:36:13     0.00     0.00     0.00     0.00     0.00
06:36:18     0.00     0.00     0.00     0.00     0.00
06:36:23     0.00     0.00     0.00     0.00     0.00
06:36:28     0.00     0.00     0.00     0.00     0.00
06:36:33     0.00     0.00     0.00     0.00     0.00
06:36:38     0.00     0.00     0.00     0.00     0.00
06:36:43     0.00     0.00     0.00     0.00     0.00
06:36:48     0.00     0.00     0.00     0.00     0.00
06:36:53     0.00     0.00     0.00     0.00     0.00
06:36:58     0.00     0.00     0.00     0.00     0.00
06:37:03     0.00     0.00     0.00     0.00     0.00
06:37:08     0.00     0.00     0.00     0.00     0.00
06:37:13     0.00     0.00     0.00     0.00     0.00
06:37:18     0.00     0.00     0.00     0.00     0.00
06:37:23     0.00     0.00     0.00     0.00     0.00
06:37:28     0.00     0.00     0.00     0.00     0.00
06:37:33     0.00     0.00     0.00     0.00     0.00
06:37:38     0.00     0.00     0.00     0.00     0.00
06:37:43     0.00     0.00     0.00     0.00     0.00
06:37:48     0.00     0.00     0.00     0.00     0.00
06:37:53     0.00     0.00     0.00     0.00     0.00
06:37:58     0.00     0.00     0.00     0.00     0.00
06:38:03     0.00     0.00     0.00     0.00     0.00
06:38:08     0.00     0.00     0.00     0.00     0.00
06:38:13     0.00     0.00     0.00     0.00     0.00
06:38:18     0.00     0.00     0.00     0.00     0.00
06:38:23     0.00     0.00     0.00     0.00     0.00
06:38:28     0.00     0.00     0.00     0.00     0.00
06:38:33     0.00     0.00     0.00     0.00     0.00
06:38:38     0.00     0.00     0.00     0.00     0.00
06:38:43     0.00     0.00     0.00     0.00     0.00
06:38:48     0.00     0.00     0.00     0.00     0.00
