
SunOS canfire03 5.11 onnv-gate i86pc    05/10/2009

06:05:49 sml_mem   alloc  fail  lg_mem   alloc  fail  ovsz_alloc  fail
06:05:54 346587328 302029536     0 1145638912 1100464768     0    76648448     0
06:05:59 346587328 302008576     0 1145622528 1100462208     0    76648448     0
06:06:04 346587328 302010048     0 1145618432 1100455040     0    76648448     0
06:06:09 346587328 302015232     0 1145634816 1100471296     0    76648448     0
06:06:14 346587328 302018944     0 1145634816 1100474368     0    76648448     0
06:06:19 346587328 302022016     0 1145618432 1100466176     0    76648448     0
06:06:24 346587328 302038112     0 1145618432 1100525184     0    76648448     0
06:06:29 346587328 302118336     0 1145659392 1100557184     0    76648448     0
06:06:34 346587328 302011904     0 1145634816 1100486656     0    76648448     0
06:06:39 346587328 302014944     0 1145626624 1100477952     0    76648448     0
06:06:44 346587328 302018816     0 1145651200 1100486144     0    76648448     0
06:06:49 346587328 302025088     0 1145667584 1100497920     0    76648448     0
06:06:54 346587328 302029056     0 1145692160 1100500992     0    76648448     0
06:06:59 346587328 302006688     0 1145675776 1100493824     0    76648448     0
06:07:04 346587328 302009472     0 1145675776 1100497536     0    76648448     0
06:07:09 346587328 302029728     0 1145692160 1100571136     0    76648448     0
06:07:14 346587328 302038240     0 1145700352 1100545792     0    76648448     0
06:07:19 346587328 302023456     0 1145675776 1100508160     0    76648448     0
06:07:24 346587328 302027040     0 1145675776 1100510720     0    76648448     0
06:07:29 346587328 302008192     0 1145708544 1100526592     0    76648448     0
06:07:34 346587328 302012672     0 1145708544 1100530688     0    76648448     0
06:07:39 346587328 302015616     0 1145692160 1100521984     0    76648448     0
06:07:44 346587328 302019200     0 1145692160 1100525568     0    76648448     0
06:07:49 346587328 302025472     0 1145708544 1100540416     0    76648448     0
06:07:54 346587328 302041184     0 1145708544 1100595584     0    76648448     0
06:07:59 346587328 302083360     0 1145712640 1100578304     0    76648448     0
06:08:04 346587328 302012480     0 1145696256 1100543104     0    76648448     0
06:08:09 346587328 302017312     0 1145712640 1100557824     0    76648448     0
06:08:14 346587328 302021056     0 1145712640 1100561920     0    76648448     0
06:08:19 346587328 302024096     0 1145696256 1100550144     0    76648448     0
06:08:24 346587328 302027680     0 1145696256 1100554240     0    76648448     0
06:08:29 346587328 302011328     0 1145716736 1100573696     0    76648448     0
06:08:34 346587328 302027200     0 1145716736 1100627968     0    76648448     0
06:08:39 346587328 302130784     0 1145741312 1100641792     0    76648448     0
06:08:44 346587328 302022176     0 1145716736 1100570240     0    76648448     0
06:08:49 346587328 302028448     0 1145733120 1100586624     0    76648448     0
06:08:54 346587328 302032192     0 1145733120 1100590720     0    76648448     0
06:08:59 346587328 302009984     0 1145716736 1100586496     0    76648448     0
06:09:04 346587328 302013472     0 1145786368 1100586624     0    76648448     0
06:09:09 346587328 302021024     0 1145802752 1100600448     0    76648448     0
06:09:14 346587328 302024704     0 1145802752 1100604544     0    76648448     0
06:09:19 346587328 302039040     0 1145786368 1100647424     0    76648448     0
06:09:24 346587328 302074528     0 1145794560 1100638208     0    76648448     0
06:09:29 346587328 302012960     0 1145802752 1100613632     0    76648448     0
06:09:34 346587328 302017440     0 1145802752 1100619392     0    76648448     0
06:09:39 346587328 302020384     0 1145786368 1100607488     0    76648448     0
06:09:44 346587328 302023968     0 1145786368 1100613248     0    76648448     0
06:09:50 346587328 302030240     0 1145802752 1100633216     0    76648448     0
06:09:55 346587328 302033824     0 1145802752 1100633216     0    76648448     0
06:10:00 346587328 302010720     0 1145827328 1100621824     0    76648448     0
06:10:05 346587328 302014432     0 1145831424 1100625920     0    76648448     0
06:10:10 346587328 302098400     0 1145872384 1100689280     0    76648448     0
06:10:15 346587328 302025344     0 1145856000 1100650880     0    76648448     0
06:10:20 346587328 302028288     0 1145839616 1100644736     0    76648448     0
06:10:25 346587328 302031872     0 1145839616 1100643712     0    76648448     0
06:10:30 346587328 302013024     0 1145856000 1100657024     0    76648448     0
06:10:35 346587328 302017504     0 1145856000 1100666240     0    76648448     0
06:10:40 346587328 302020448     0 1145839616 1100657024     0    76648448     0
06:10:45 346587328 302035520     0 1145839616 1100714880     0    76648448     0
06:10:50 346587328 302653984     0 1146056704 1101002752     0    76648448     0
06:10:55 346640576 314190944     0 1148153856 1102983040     0    76648448     0
06:11:00 346640576 314057536     0 1148248064 1102934784     0    76648448     0
06:11:05 346644672 314059776     0 1148248064 1102938752     0    76648448     0
06:11:10 346665152 314085696     0 1148264448 1102959616     0    76648448     0
06:11:15 346665152 314089280     0 1148264448 1102958464     0    76648448     0
06:11:20 346669248 314092864     0 1148248064 1102956544     0    76648448     0
06:11:25 346669248 314096448     0 1148248064 1102956544     0    76648448     0
06:11:30 346673344 314089472     0 1148264448 1103023104     0    76648448     0
06:11:35 346673344 314158848     0 1148280832 1103018496     0    76648448     0
06:11:40 346673344 314091328     0 1148260352 1102965760     0    76648448     0
06:11:45 346673344 314094912     0 1148260352 1102969856     0    76648448     0
06:11:50 346673344 314101248     0 1148276736 1102981632     0    76648448     0
06:11:55 346673344 314115712     0 1148280832 1102989824     0    76648448     0
06:12:00 346673344 314101792     0 1148264448 1102979072     0    76648448     0
06:12:05 346673344 314106336     0 1148264448 1103113216     0    76648448     0
06:12:10 346677440 314125824     0 1148280832 1103183872     0    76648448     0
06:12:15 346677440 314228800     0 1148305408 1103204736     0    76648448     0
06:12:20 346677440 314121056     0 1148264448 1103122688     0    76648448     0
06:12:25 346677440 314133440     0 1148268544 1103336064     0    76648448     0
06:12:30 346677440 314107584     0 1148411904 1103285760     0    76648448     0
06:12:35 346681536 314111744     0 1148411904 1103289856     0    76648448     0
06:12:40 346681536 314114752     0 1148395520 1103278080     0    76648448     0
06:12:45 346718400 314151168     0 1148395520 1103282176     0    76648448     0
06:12:50 346718400 314157440     0 1148411904 1103293952     0    76648448     0
06:12:55 346718400 314146176     0 1148375040 1103321344     0    76648448     0
06:13:00 346722496 314148512     0 1148399616 1103161088     0    76648448     0
06:13:05 346722496 314151040     0 1148399616 1103160704     0    76648448     0
06:13:10 346722496 314158464     0 1148416000 1103175424     0    76648448     0
06:13:15 346722496 314162048     0 1148416000 1103175424     0    76648448     0
06:13:20 346722496 314164992     0 1148399616 1103162112     0    76648448     0
06:13:25 346722496 314166848     0 1148399616 1103166464     0    76648448     0
06:13:30 346726592 314151072     0 1148416000 1103178496     0    76648448     0
06:13:35 346726592 314166016     0 1148416000 1103233792     0    76648448     0
06:13:40 346726592 314179136     0 1148411904 1103207936     0    76648448     0
06:13:45 346726592 314160928     0 1148399616 1103175424     0    76648448     0
06:13:50 346726592 314167712     0 1148416000 1103190400     0    76648448     0
06:13:55 346726592 314169376     0 1148399616 1103180032     0    76648448     0
06:14:00 346726592 314149696     0 1148399616 1103179520     0    76648448     0
06:14:05 346726592 304781152     0 1146867712 1101647744     0    76648448     0
06:14:10 346726592 304785344     0 1146867712 1101646464     0    76648448     0
06:14:15 346726592 304799744     0 1146851328 1101688960     0    76648448     0
06:14:20 346726592 304804160     0 1146859520 1101675008     0    76648448     0
06:14:25 346726592 304811744     0 1146871808 1101660544     0    76648448     0
06:14:30 346726592 304791360     0 1146871808 1101659392     0    76648448     0
06:14:35 346726592 304821504     0 1146859520 1101655808     0    76648448     0
06:14:40 346726592 304825088     0 1146859520 1101655808     0    76648448     0
06:14:45 346726592 304831360     0 1146875904 1101667584     0    76648448     0
06:14:50 346726592 304835008     0 1146875904 1101667584     0    76648448     0
06:14:55 346726592 304811200     0 1146859520 1101658240     0    76648448     0
06:15:00 346726592 304828896     0 1146859520 1101712896     0    76648448     0
06:15:05 346726592 304901760     0 1146892288 1101710976     0    76648448     0
06:15:10 346726592 304826688     0 1146875904 1101672704     0    76648448     0
06:15:15 346726592 304829632     0 1146859520 1101659264     0    76648448     0
06:15:20 346726592 304833568     0 1146859520 1101667328     0    76648448     0
06:15:25 346726592 304814624     0 1146892288 1101698304     0    76648448     0
06:15:30 346726592 304788544     0 1146892288 1101705984     0    76648448     0
06:15:35 346726592 304791520     0 1146875904 1101694208     0    76648448     0
06:15:40 346726592 304806496     0 1146875904 1101746432     0    76648448     0
06:15:45 346726592 304792928     0 1146892288 1101710336     0    76648448     0
06:15:50 346726592 304804768     0 1146892288 1101705984     0    76648448     0
06:15:55 346726592 304778592     0 1146884096 1101704960     0    76648448     0
06:16:00 346726592 304784736     0 1146884096 1101706496     0    76648448     0
06:16:05 346726592 304789952     0 1146900480 1101717888     0    76648448     0
06:16:10 346726592 304794112     0 1146900480 1101722368     0    76648448     0
06:16:15 346726592 304797152     0 1146884096 1101710592     0    76648448     0
06:16:20 346726592 304831232     0 1146888192 1101773056     0    76648448     0
06:16:25 346726592 304936640     0 1146945536 1101827200     0    76648448     0
06:16:30 346726592 304805824     0 1146920960 1101753472     0    76648448     0
06:16:35 346726592 304808768     0 1146904576 1101741696     0    76648448     0
06:16:40 346726592 304812352     0 1146904576 1101740032     0    76648448     0
06:16:45 346726592 304818688     0 1146920960 1101755520     0    76648448     0
06:16:50 346726592 304822656     0 1146920960 1101759616     0    76648448     0
06:16:55 346726592 304798656     0 1146904576 1101751936     0    76648448     0
06:17:00 346726592 304804704     0 1146904576 1101751936     0    76648448     0
06:17:05 346726592 304827200     0 1146920960 1101829120     0    76648448     0
06:17:10 346726592 304890880     0 1146937344 1101804544     0    76648448     0
06:17:15 346726592 304817280     0 1146904576 1101751936     0    76648448     0
06:17:20 346726592 304839936     0 1146908672 1101760128     0    76648448     0
06:17:25 346726592 304819616     0 1146925056 1101773952     0    76648448     0
06:17:30 346726592 304825664     0 1146925056 1101772288     0    76648448     0
06:17:35 346726592 304828608     0 1146908672 1101762176     0    76648448     0
06:17:40 346726592 304832192     0 1146908672 1101760512     0    76648448     0
06:17:45 346726592 304849888     0 1146925056 1101830272     0    76648448     0
06:17:50 346726592 304859392     0 1146925056 1101801216     0    76648448     0
06:17:55 346726592 304818656     0 1146908672 1101774720     0    76648448     0
06:18:00 346726592 304824704     0 1146908672 1101774720     0    76648448     0
06:18:05 346726592 304830400     0 1146925056 1101786112     0    76648448     0
06:18:11 346726592 304834560     0 1146925056 1101786496     0    76648448     0
06:18:16 346726592 304838400     0 1147039744 1101906048     0    76648448     0
06:18:21 346726592 304841984     0 1147039744 1101912192     0    76648448     0
06:18:26 346726592 314136224     0 1148588032 1103514752     0    76648448     0
06:18:31 346726592 314240512     0 1148612608 1103534976     0    76648448     0
06:18:36 346726592 314132512     0 1148571648 1103454208     0    76648448     0
06:18:41 346730688 314136800     0 1148571648 1103454208     0    76648448     0
06:18:46 346734784 314143840     0 1148588032 1103465984     0    76648448     0
06:18:51 346734784 314147520     0 1148588032 1103465984     0    76648448     0
06:18:56 346734784 314124064     0 1148571648 1103459328     0    76648448     0
06:19:01 346734784 314130112     0 1148571648 1103459328     0    76648448     0
06:19:06 346734784 314136384     0 1148588032 1103471104     0    76648448     0
06:19:11 346734784 314168960     0 1148596224 1103528192     0    76648448     0
06:19:16 346734784 314142816     0 1148571648 1103459328     0    76648448     0
06:19:21 346734784 314146400     0 1148571648 1103463424     0    76648448     0
06:19:26 346734784 314126208     0 1148588032 1103483648     0    76648448     0
06:19:31 346734784 314148640     0 1148592128 1103485440     0    76648448     0
06:19:36 346734784 314151584     0 1148575744 1103473664     0    76648448     0
06:19:41 346734784 314155520     0 1148575744 1103475968     0    76648448     0
06:19:46 346734784 314161632     0 1148592128 1103485440     0    76648448     0
06:19:51 346734784 314176672     0 1148592128 1103537664     0    76648448     0
06:19:56 346734784 314217216     0 1148592128 1103510912     0    76648448     0
06:20:01 346734784 314146368     0 1148575744 1103469056     0    76648448     0
06:20:06 346734784 314152128     0 1148592128 1103478784     0    76648448     0
06:20:11 346734784 314156608     0 1148592128 1103487232     0    76648448     0
06:20:16 346734784 314159232     0 1148575744 1103473152     0    76648448     0
06:20:21 346734784 314162816     0 1148575744 1103473152     0    76648448     0
06:20:26 346734784 314142176     0 1148723200 1103487360     0    76648448     0
06:20:31 346734784 314159264     0 1148854272 1103541248     0    76648448     0
06:20:36 346734784 314184192     0 1148841984 1103505152     0    76648448     0
06:20:41 346734784 314171424     0 1148841984 1103485696     0    76648448     0
06:20:46 346734784 314177568     0 1148989440 1103495168     0    76648448     0
06:20:51 346734784 314181152     0 1148989440 1103495168     0    76648448     0
06:20:56 346734784 314157824     0 1148989440 1103488128     0    76648448     0
06:21:01 346734784 314164832     0 1148989440 1103617536     0    76648448     0
06:21:06 346734784 314170560     0 1149005824 1103630848     0    76648448     0
06:21:11 346734784 314185856     0 1149005824 1103684864     0    76648448     0
06:21:16 346734784 314287904     0 1149014016 1103691648     0    76648448     0
06:21:21 346734784 314180416     0 1148989440 1103620096     0    76648448     0
06:21:26 346734784 314159936     0 1149108224 1103653120     0    76648448     0
06:21:31 346734784 314165664     0 1149108224 1103654400     0    76648448     0
06:21:36 346734784 314168640     0 1149091840 1103642624     0    76648448     0
06:21:41 346734784 311041920     0 1148575744 1103131008     0    76648448     0
06:21:46 346734784 314149376     0 1149100032 1103654784     0    76648448     0
06:21:51 346734784 314152960     0 1149100032 1103654784     0    76648448     0
06:21:56 346734784 314138560     0 1149100032 1103712512     0    76648448     0
06:22:01 346734784 314209632     0 1149116416 1103700352     0    76648448     0
06:22:06 346738880 314139168     0 1149116416 1103670784     0    76648448     0
06:22:11 346738880 314143488     0 1149112320 1103670528     0    76648448     0
06:22:16 346738880 314146272     0 1149100032 1103657856     0    76648448     0
06:22:21 346738880 314152544     0 1149116416 1103669632     0    76648448     0
06:22:26 346738880 314129568     0 1149116416 1103671168     0    76648448     0
06:22:31 346738880 314135040     0 1149100032 1103663488     0    76648448     0
06:22:36 346738880 314150144     0 1149100032 1103715712     0    76648448     0
06:22:41 346738880 314255872     0 1149140992 1103752576     0    76648448     0
06:22:46 346738880 314148608     0 1149116416 1103679360     0    76648448     0
06:22:51 346738880 314151552     0 1149100032 1103667584     0    76648448     0
06:22:56 346738880 314128224     0 1149100032 1103666048     0    76648448     0
06:23:01 346738880 314153664     0 1149120512 1103683456     0    76648448     0
06:23:06 346738880 314157248     0 1149120512 1103683456     0    76648448     0
06:23:11 346738880 314160192     0 1149104128 1103671680     0    76648448     0
06:23:16 346738880 314163776     0 1149104128 1103671680     0    76648448     0
06:23:21 346738880 314182304     0 1149120512 1103740288     0    76648448     0
06:23:26 346738880 314223680     0 1149136896 1103730560     0    76648448     0
06:23:31 346738880 314152000     0 1149104128 1103677824     0    76648448     0
06:23:36 346738880 314155712     0 1149104128 1103677824     0    76648448     0
06:23:41 346738880 314162080     0 1149120512 1103689600     0    76648448     0
06:23:46 346738880 314165664     0 1149120512 1103689600     0    76648448     0
06:23:51 346738880 313905344     0 1149026304 1103580800     0    76648448     0
06:23:56 346738880 313879520     0 1149026304 1103580800     0    76648448     0
06:24:01 346738880 313959360     0 1149583360 1104298752     0    76648448     0
06:24:06 346738880 313430304     0 1149431808 1104171776     0    76648448     0
06:24:11 346738880 313321344     0 1149390848 1104084864     0    76648448     0
06:24:16 346742976 313325568     0 1149390848 1104083328     0    76648448     0
06:24:21 346742976 313331840     0 1149407232 1104096640     0    76648448     0
06:24:26 346742976 313301664     0 1149558784 1104248448     0    76648448     0
06:24:31 346742976 313307232     0 1149542400 1104236672     0    76648448     0
06:24:36 346742976 313310912     0 1149542400 1104236672     0    76648448     0
06:24:41 346742976 313317120     0 1149558784 1104250496     0    76648448     0
06:24:46 346742976 313332096     0 1149558784 1104302720     0    76648448     0
06:24:51 346742976 313400160     0 1149558784 1104279680     0    76648448     0
06:24:56 346742976 313302656     0 1149706240 1104275584     0    76648448     0
06:25:01 346742976 313311648     0 1149722624 1104287360     0    76648448     0
06:25:06 346742976 313314688     0 1149722624 1104286976     0    76648448     0
06:25:11 346742976 313318240     0 1149706240 1104275584     0    76648448     0
06:25:16 346742976 313321824     0 1149706240 1104278144     0    76648448     0
06:25:21 346742976 313328096     0 1149722624 1104291456     0    76648448     0
06:25:26 346742976 313316896     0 1149722624 1104343680     0    76648448     0
06:25:31 346742976 313422208     0 1149730816 1104352768     0    76648448     0
06:25:36 346742976 313313952     0 1149706240 1104279680     0    76648448     0
06:25:41 346742976 313320288     0 1149722624 1104289920     0    76648448     0
06:25:46 346742976 313323872     0 1149722624 1104294016     0    76648448     0
06:25:51 346742976 313326816     0 1149706240 1104283776     0    76648448     0
06:25:56 346742976 313303872     0 1149706240 1104283776     0    76648448     0
06:26:01 346742976 313312608     0 1149722624 1104295552     0    76648448     0
06:26:06 346742976 310295776     0 1149231104 1103844992     0    76648448     0
06:26:11 346742976 310302528     0 1149214720 1103848192     0    76648448     0
06:26:16 346742976 310371744     0 1149231104 1103838464     0    76648448     0
06:26:21 346742976 310306592     0 1149231104 1103807744     0    76648448     0
06:26:26 346742976 310280256     0 1149231104 1103809408     0    76648448     0
06:26:32 346742976 310285760     0 1149214720 1103801728     0    76648448     0
06:26:37 346742976 310289344     0 1149214720 1103801728     0    76648448     0
06:26:42 346742976 310295680     0 1149231104 1103813504     0    76648448     0
06:26:47 346742976 310299264     0 1149231104 1103811840     0    76648448     0
06:26:52 346742976 310332640     0 1149218816 1103856384     0    76648448     0
06:26:57 346742976 310409536     0 1149243392 1103883904     0    76648448     0
06:27:02 346742976 310306848     0 1149235200 1103820032     0    76648448     0
06:27:07 346742976 310309856     0 1149235200 1103821312     0    76648448     0
06:27:12 346742976 310313376     0 1149218816 1103809920     0    76648448     0
06:27:17 346742976 310316960     0 1149218816 1103809920     0    76648448     0
06:27:22 346742976 310323296     0 1149235200 1103825792     0    76648448     0
06:27:27 346742976 310300832     0 1149259776 1103824128     0    76648448     0
06:27:32 346742976 310305888     0 1149243392 1103812352     0    76648448     0
06:27:37 346742976 310320832     0 1149243392 1103864576     0    76648448     0
06:27:42 346742976 310411968     0 1149280256 1103870720     0    76648448     0
06:27:47 346742976 310338176     0 1149263872 1103831936     0    76648448     0
06:27:52 346742976 310341120     0 1149247488 1103820544     0    76648448     0
06:27:57 346742976 310317760     0 1149247488 1103822208     0    76648448     0
06:28:02 346742976 310326496     0 1149263872 1103832320     0    76648448     0
06:28:07 346742976 310330080     0 1149263872 1103836416     0    76648448     0
06:28:12 346742976 310333024     0 1149247488 1103826304     0    76648448     0
06:28:17 346742976 310348032     0 1149247488 1103878528     0    76648448     0
06:28:22 346742976 310438048     0 1149288448 1103910912     0    76648448     0
06:28:27 346742976 310319808     0 1149263872 1103838080     0    76648448     0
06:28:32 346742976 310325216     0 1149247488 1103826304     0    76648448     0
06:28:37 346742976 310328800     0 1149247488 1103826304     0    76648448     0
06:28:42 346742976 302700256     0 1147969536 1102525184     0    76648448     0
06:28:47 346742976 302735744     0 1147981824 1102575616     0    76648448     0
06:28:52 346747072 302202912     0 1147846656 1102512896     0    76648448     0
06:28:57 346747072 302144032     0 1147846656 1102516992     0    76648448     0
06:29:02 346747072 302163712     0 1147863040 1102582528     0    76648448     0
06:29:07 346747072 302233184     0 1147879424 1102569216     0    76648448     0
06:29:12 346747072 302157792     0 1147846656 1102518144     0    76648448     0
06:29:17 346747072 302161408     0 1147846656 1102522240     0    76648448     0
06:29:22 346747072 302167840     0 1147863040 1102534016     0    76648448     0
06:29:27 346747072 302144800     0 1147879424 1102534016     0    76648448     0
06:29:32 346747072 302150208     0 1147863040 1102522240     0    76648448     0
06:29:37 346747072 302153792     0 1147863040 1102522240     0    76648448     0
06:29:42 346747072 302171456     0 1147879424 1102586240     0    76648448     0
06:29:47 346747072 302274272     0 1147904000 1102611200     0    76648448     0
06:29:52 346747072 302166656     0 1147863040 1102528640     0    76648448     0
06:29:57 346747072 302143168     0 1147863040 1102524672     0    76648448     0
06:30:02 346747072 302151648     0 1147879424 1102538112     0    76648448     0
06:30:07 346747072 302155232     0 1147879424 1102536448     0    76648448     0
06:30:12 346747072 302158240     0 1147863040 1102524672     0    76648448     0
06:30:17 346747072 302161952     0 1147863040 1102526336     0    76648448     0
06:30:22 346747072 302168320     0 1147879424 1102538112     0    76648448     0
06:30:27 346747072 302157504     0 1147879424 1102594688     0    76648448     0
06:30:32 346747072 302172000     0 1148010496 1102582400     0    76648448     0
06:30:37 346747072 302158400     0 1148141568 1102680192     0    76648448     0
06:30:42 346747072 302161664     0 1148141568 1102677888     0    76648448     0
06:30:47 346747072 302164608     0 1148125184 1102666112     0    76648448     0
06:30:52 346747072 302168000     0 1148125184 1102664576     0    76648448     0
06:30:57 346747072 302148032     0 1148141568 1102676352     0    76648448     0
06:31:02 346747072 302153632     0 1148141568 1102680448     0    76648448     0
06:31:07 346747072 302156032     0 1148125184 1102672768     0    76648448     0
06:31:12 346747072 302171040     0 1148125184 1102726528     0    76648448     0
06:31:17 346747072 302242688     0 1148157952 1102727040     0    76648448     0
06:31:22 346747072 302173440     0 1148145664 1102824704     0    76648448     0
06:31:27 346747072 302148800     0 1148129280 1102827008     0    76648448     0
06:31:32 346747072 302155072     0 1148129280 1102827008     0    76648448     0
06:31:37 346747072 302161344     0 1148145664 1102838784     0    76648448     0
06:31:42 346747072 302164928     0 1148145664 1102838784     0    76648448     0
06:31:47 346747072 302167872     0 1148129280 1102825344     0    76648448     0
06:31:52 346747072 302183040     0 1148129280 1102880128     0    76648448     0
06:31:57 346747072 302261376     0 1148170240 1102911872     0    76648448     0
06:32:02 346747072 302156768     0 1148145664 1102840832     0    76648448     0
06:32:07 346747072 302159520     0 1148129280 1102830976     0    76648448     0
06:32:12 346747072 302163488     0 1148129280 1102829056     0    76648448     0
06:32:17 346747072 302169856     0 1148145664 1102840832     0    76648448     0
06:32:22 346747072 302173440     0 1148145664 1102840832     0    76648448     0
06:32:27 346747072 302150112     0 1148129280 1102833408     0    76648448     0
06:32:32 346747072 302155936     0 1148129280 1102833408     0    76648448     0
06:32:37 346747072 302173600     0 1148145664 1102897408     0    76648448     0
06:32:42 346747072 302242752     0 1148162048 1102884480     0    76648448     0
06:32:47 346747072 302168480     0 1148129280 1102833408     0    76648448     0
06:32:52 346747072 302172064     0 1148129280 1102833408     0    76648448     0
06:32:57 346747072 302151232     0 1148145664 1102845184     0    76648448     0
06:33:02 346747072 302157504     0 1148145664 1102845184     0    76648448     0
06:33:07 346747072 302160512     0 1148129280 1102837504     0    76648448     0
06:33:12 346747072 302164224     0 1148129280 1102837504     0    76648448     0
06:33:17 346747072 302170592     0 1148145664 1102847744     0    76648448     0
06:33:22 346747072 302159520     0 1148108800 1102846976     0    76648448     0
06:33:27 346751168 302153216     0 1148129280 1102841600     0    76648448     0
06:33:32 346751168 302159488     0 1148129280 1102840064     0    76648448     0
06:33:37 346751168 302165760     0 1148145664 1102853376     0    76648448     0
06:33:42 346751168 302169344     0 1148145664 1102853376     0    76648448     0
06:33:47 346751168 302172288     0 1148129280 1102841600     0    76648448     0
06:33:52 346751168 302175872     0 1148129280 1102841600     0    76648448     0
06:33:57 346751168 302155552     0 1148145664 1102853376     0    76648448     0
06:34:02 346751168 302172800     0 1148145664 1102905600     0    76648448     0
06:34:07 346751168 302276480     0 1148153856 1102920832     0    76648448     0
06:34:12 346751168 302167936     0 1148129280 1102841600     0    76648448     0
06:34:17 346751168 302174208     0 1148145664 1102853376     0    76648448     0
06:34:22 346751168 302177792     0 1148145664 1102853376     0    76648448     0
06:34:27 346751168 302153472     0 1148129280 1102841600     0    76648448     0
06:34:32 346751168 302159808     0 1148129280 1102841600     0    76648448     0
06:34:37 346751168 302166016     0 1148145664 1102853376     0    76648448     0
06:34:42 346751168 302169600     0 1148145664 1102851840     0    76648448     0
06:34:47 346751168 302184032     0 1148129280 1102893824     0    76648448     0
06:34:53 346751168 302253024     0 1148145664 1102882560     0    76648448     0
06:34:58 346751168 302155840     0 1148149760 1102861824     0    76648448     0
06:35:03 346751168 302162176     0 1148149760 1102861824     0    76648448     0
06:35:08 346751168 302165248     0 1148133376 1102850048     0    76648448     0
06:35:13 346751168 302168928     0 1148133376 1102850048     0    76648448     0
06:35:18 346751168 302175200     0 1148149760 1102861824     0    76648448     0
06:35:23 346751168 302178784     0 1148149760 1102865920     0    76648448     0
06:35:28 346755264 302179008     0 1148149760 1102926848     0    76648448     0
06:35:33 346755264 302284832     0 1148174336 1102947712     0    76648448     0
06:35:38 346755264 302179456     0 1148166144 1102884864     0    76648448     0
06:35:43 346755264 302183040     0 1148166144 1102886400     0    76648448     0
06:35:48 346755264 302185984     0 1148149760 1102873088     0    76648448     0
06:35:53 346755264 302189504     0 1148149760 1102874624     0    76648448     0
06:35:58 346755264 302169792     0 1148166144 1102886400     0    76648448     0
06:36:03 346755264 302175744     0 1148166144 1102886400     0    76648448     0
06:36:08 346755264 302178240     0 1148149760 1102874624     0    76648448     0
06:36:13 346755264 302193216     0 1148149760 1102926848     0    76648448     0
06:36:18 346755264 302207168     0 1148178432 1102916736     0    76648448     0
06:36:23 346755264 302191424     0 1148166144 1102888448     0    76648448     0
06:36:28 346755264 302166912     0 1148149760 1102876672     0    76648448     0
06:36:33 346755264 302173184     0 1148149760 1102876672     0    76648448     0
06:36:38 346755264 302179392     0 1148166144 1102888448     0    76648448     0
06:36:43 346755264 302185024     0 1148428288 1103151104     0    76648448     0
06:36:48 346755264 302187968     0 1148411904 1103137792     0    76648448     0
06:36:53 346755264 302191552     0 1148411904 1103137792     0    76648448     0
06:36:58 346755264 302181536     0 1148428288 1103203328     0    76648448     0
06:37:03 346755264 302252320     0 1148444672 1103190528     0    76648448     0
06:37:08 346755264 302178048     0 1148411904 1103143040     0    76648448     0
06:37:13 346755264 302182240     0 1148411904 1103143424     0    76648448     0
06:37:18 346755264 302188512     0 1148428288 1103155200     0    76648448     0
06:37:23 346755264 302192096     0 1148428288 1103159296     0    76648448     0
06:37:28 346755264 302168544     0 1148411904 1103147520     0    76648448     0
06:37:33 346755264 302174368     0 1148411904 1103147520     0    76648448     0
06:37:38 346755264 302192032     0 1148428288 1103211520     0    76648448     0
06:37:43 346755264 302294976     0 1148452864 1103232512     0    76648448     0
06:37:48 346755264 302186912     0 1148411904 1103147520     0    76648448     0
06:37:53 346755264 302190560     0 1148411904 1103147520     0    76648448     0
06:37:58 346755264 302169664     0 1148428288 1103159296     0    76648448     0
06:38:03 346755264 302176032     0 1148428288 1103159296     0    76648448     0
06:38:08 346755264 302178976     0 1148411904 1103147520     0    76648448     0
06:38:13 346755264 302182560     0 1148411904 1103147520     0    76648448     0
06:38:18 346755264 302188864     0 1148428288 1103159296     0    76648448     0
06:38:23 346755264 302203808     0 1148428288 1103209984     0    76648448     0
06:38:28 346755264 302244576     0 1148428288 1103188480     0    76648448     0
06:38:33 346755264 302174368     0 1148411904 1103147520     0    76648448     0
06:38:38 346755264 302180640     0 1148428288 1103159296     0    76648448     0
06:38:43 346755264 302184224     0 1148428288 1103159296     0    76648448     0
06:38:48 346755264 302187168     0 1148411904 1103147520     0    76648448     0
