This is pdfTeX, Version 3.1415926-2.3-1.40.12 (TeX Live 2011) (format=pdflatex 2011.7.3)  1 AUG 2012 11:29
entering extended mode
 restricted \write18 enabled.
 %&-line parsing enabled.
**\input powermodel.tex
(./powermodel.tex (./acmsmall.cls
Document Class: acmsmall 2010/07/15, fonts included on 28 June 2010
ACM, Production Font style: 2010/06/28 by Aptara

Using ACM, TACO option: 2010/05/04 by Aptara

(/usr/local/texlive/2011/texmf-dist/tex/latex/base/latexsym.sty
Package: latexsym 1998/08/17 v2.2e Standard LaTeX package (lasy symbols)
\symlasy=\mathgroup4
LaTeX Font Info:    Overwriting symbol font `lasy' in version `bold'
(Font)                  U/lasy/m/n --> U/lasy/b/n on input line 47.
)
(/usr/local/texlive/2011/texmf-dist/tex/latex/graphics/color.sty
Package: color 2005/11/14 v1.0j Standard LaTeX Color (DPC)

(/usr/local/texlive/2011/texmf-dist/tex/latex/latexconfig/color.cfg
File: color.cfg 2007/01/18 v1.5 color configuration of teTeX/TeXLive
)
Package color Info: Driver file: pdftex.def on input line 130.

(/usr/local/texlive/2011/texmf-dist/tex/latex/pdftex-def/pdftex.def
File: pdftex.def 2011/05/27 v0.06d Graphics/color for pdfTeX

(/usr/local/texlive/2011/texmf-dist/tex/generic/oberdiek/infwarerr.sty
Package: infwarerr 2010/04/08 v1.3 Providing info/warning/message (HO)
)
(/usr/local/texlive/2011/texmf-dist/tex/generic/oberdiek/ltxcmds.sty
Package: ltxcmds 2011/04/18 v1.20 LaTeX kernel commands for general use (HO)
)
\Gread@gobject=\count79
))
(/usr/local/texlive/2011/texmf-dist/tex/latex/graphics/graphicx.sty
Package: graphicx 1999/02/16 v1.0f Enhanced LaTeX Graphics (DPC,SPQR)

(/usr/local/texlive/2011/texmf-dist/tex/latex/graphics/keyval.sty
Package: keyval 1999/03/16 v1.13 key=value parser (DPC)
\KV@toks@=\toks14
)
(/usr/local/texlive/2011/texmf-dist/tex/latex/graphics/graphics.sty
Package: graphics 2009/02/05 v1.0o Standard LaTeX Graphics (DPC,SPQR)

(/usr/local/texlive/2011/texmf-dist/tex/latex/graphics/trig.sty
Package: trig 1999/03/16 v1.09 sin cos tan (DPC)
)
(/usr/local/texlive/2011/texmf-dist/tex/latex/latexconfig/graphics.cfg
File: graphics.cfg 2010/04/23 v1.9 graphics configuration of TeX Live
)
Package graphics Info: Driver file: pdftex.def on input line 91.
)
\Gin@req@height=\dimen102
\Gin@req@width=\dimen103
)
Document Class `acmsmall' Electronic Submissions v1.2 <Nov. 04, 2011> (ACM).
\@firstpg=\count80
\@lastpg=\count81
\trimheight=\dimen104
\trimwidth=\dimen105
\normaltextheight=\dimen106
\tempdimen=\dimen107
\tempbox=\box26
\tbbox=\box27
\tabledim=\dimen108
\symnewlargesymbols=\mathgroup5
LaTeX Font Info:    Redeclaring math symbol \bigsqcup on input line 1889.
\normalparindent=\dimen109
\footheight=\skip41
\@maxsep=\skip42
\@dblmaxsep=\skip43
\@totalpg=\count82
\@abstract=\box28
\@permissionbox=\box29
\c@part=\count83
\c@section=\count84
\c@subsection=\count85
\c@subsubsection=\count86
\c@paragraph=\count87
\enumdim=\dimen110
\c@theorem=\count88
\belowcaptionskip=\skip44
\abovecaptionskip=\skip45
\c@figure=\count89
\c@table=\count90
\@narrowfig=\dimen111
\@nfigbox=\box30
\@nfcapbox=\box31
\@nfigbox=\box32
\@nfcapbox=\box33
\bibindent=\dimen112
LaTeX Font Info:    Overwriting math alphabet `\mathbb' in version `normal'
(Font)                  OT1/ams/bx/n --> OT1/ams/bx/n on input line 3471.
LaTeX Font Info:    Overwriting math alphabet `\mathbb' in version `bold'
(Font)                  OT1/ams/bx/n --> OT1/ams/bx/n on input line 3472.
) (/usr/local/texlive/2011/texmf-dist/tex/latex/cite/cite.sty
LaTeX Info: Redefining \cite on input line 302.
LaTeX Info: Redefining \nocite on input line 373.
Package: cite 2010/09/10  v 5.3
)
(/usr/local/texlive/2011/texmf-dist/tex/latex/amsmath/amsmath.sty
Package: amsmath 2000/07/18 v2.13 AMS math features
\@mathmargin=\skip46

For additional information on amsmath, use the `?' option.
(/usr/local/texlive/2011/texmf-dist/tex/latex/amsmath/amstext.sty
Package: amstext 2000/06/29 v2.01

(/usr/local/texlive/2011/texmf-dist/tex/latex/amsmath/amsgen.sty
File: amsgen.sty 1999/11/30 v2.0
\@emptytoks=\toks15
\ex@=\dimen113
)
LaTeX Info: Redefining \text on input line 53.
)
(/usr/local/texlive/2011/texmf-dist/tex/latex/amsmath/amsbsy.sty
Package: amsbsy 1999/11/29 v1.2d
\pmbraise@=\dimen114
)
(/usr/local/texlive/2011/texmf-dist/tex/latex/amsmath/amsopn.sty
Package: amsopn 1999/12/14 v2.01 operator names
)
\inf@bad=\count91
LaTeX Info: Redefining \frac on input line 211.
\uproot@=\count92
\leftroot@=\count93
LaTeX Info: Redefining \overline on input line 307.
\classnum@=\count94
\DOTSCASE@=\count95
LaTeX Info: Redefining \ldots on input line 379.
LaTeX Info: Redefining \dots on input line 382.
LaTeX Info: Redefining \cdots on input line 467.
\Mathstrutbox@=\box34
\strutbox@=\box35
\big@size=\dimen115
LaTeX Font Info:    Redeclaring font encoding OML on input line 567.
LaTeX Font Info:    Redeclaring font encoding OMS on input line 568.
\macc@depth=\count96
\c@MaxMatrixCols=\count97
\dotsspace@=\muskip10
\c@parentequation=\count98
\dspbrk@lvl=\count99
\tag@help=\toks16
\row@=\count100
\column@=\count101
\maxfields@=\count102
\andhelp@=\toks17
\eqnshift@=\dimen116
\alignsep@=\dimen117
\tagshift@=\dimen118
\tagwidth@=\dimen119
\totwidth@=\dimen120
\lineht@=\dimen121
\@envbody=\toks18
\multlinegap=\skip47
\multlinetaggap=\skip48
\mathdisplay@stack=\toks19
LaTeX Info: Redefining \[ on input line 2666.
LaTeX Info: Redefining \] on input line 2667.
)
(/usr/local/texlive/2011/texmf-dist/tex/latex/tools/array.sty
Package: array 2008/09/09 v2.4c Tabular extension package (FMi)
\col@sep=\dimen122
\extrarowheight=\dimen123
\NC@list=\toks20
\extratabsurround=\skip49
\backup@length=\skip50
)
(/usr/local/texlive/2011/texmf-dist/tex/latex/url/url.sty
\Urlmuskip=\muskip11
Package: url 2006/04/12  ver 3.3  Verb mode for urls, etc.
)
(/usr/local/texlive/2011/texmf-dist/tex/latex/subfig/subfig.sty
Package: subfig 2005/06/28 ver: 1.3 subfig package

(/usr/local/texlive/2011/texmf-dist/tex/latex/caption/caption3.sty
Package: caption3 2010/01/14 v3.1m caption3 kernel (AR)
\captionmargin=\dimen124
\captionmargin@=\dimen125
\captionwidth=\dimen126
\caption@indent=\dimen127
\caption@parindent=\dimen128
\caption@hangindent=\dimen129
Package caption Info: Unknown document class (or package),
(caption)             standard defaults will be used on input line 1084.
)
\c@KVtest=\count103
\sf@farskip=\skip51
\sf@captopadj=\dimen130
\sf@capskip=\skip52
\sf@nearskip=\skip53
\c@subfigure=\count104
\c@subfigure@save=\count105
\c@lofdepth=\count106
\c@subtable=\count107
\c@subtable@save=\count108
\c@lotdepth=\count109
\sf@top=\skip54
\sf@bottom=\skip55
)
(/usr/local/texlive/2011/texmf-dist/tex/latex/base/fixltx2e.sty
Package: fixltx2e 2006/09/13 v1.1m fixes to LaTeX
LaTeX Info: Redefining \em on input line 420.
LaTeX Info: The control sequence `\[' is already robust on input line 471.
LaTeX Info: The control sequence `\]' is already robust on input line 472.
)
(/usr/local/texlive/2011/texmf-dist/tex/latex/comment/comment.sty
\CommentStream=\write3

Excluding comment 'comment') (./powermodel.aux)
\openout1 = `powermodel.aux'.

LaTeX Font Info:    Checking defaults for OML/cmm/m/it on input line 28.
LaTeX Font Info:    ... okay on input line 28.
LaTeX Font Info:    Checking defaults for T1/cmr/m/n on input line 28.
LaTeX Font Info:    ... okay on input line 28.
LaTeX Font Info:    Checking defaults for OT1/cmr/m/n on input line 28.
LaTeX Font Info:    ... okay on input line 28.
LaTeX Font Info:    Checking defaults for OMS/cmsy/m/n on input line 28.
LaTeX Font Info:    ... okay on input line 28.
LaTeX Font Info:    Checking defaults for OMX/cmex/m/n on input line 28.
LaTeX Font Info:    ... okay on input line 28.
LaTeX Font Info:    Checking defaults for U/cmr/m/n on input line 28.
LaTeX Font Info:    ... okay on input line 28.
LaTeX Font Info:    Try loading font information for OT1+pnc on input line 28.

(/usr/local/texlive/2011/texmf-dist/tex/latex/psnfss/ot1pnc.fd
File: ot1pnc.fd 2001/06/04 font definitions for OT1/pnc.
)
(/usr/local/texlive/2011/texmf-dist/tex/context/base/supp-pdf.mkii
[Loading MPS to PDF converter (version 2006.09.02).]
\scratchcounter=\count110
\scratchdimen=\dimen131
\scratchbox=\box36
\nofMPsegments=\count111
\nofMParguments=\count112
\everyMPshowfont=\toks21
\MPscratchCnt=\count113
\MPscratchDim=\dimen132
\MPnumerator=\count114
\makeMPintoPDFobject=\count115
\everyMPtoPDFconversion=\toks22
) (/usr/local/texlive/2011/texmf-dist/tex/generic/oberdiek/pdftexcmds.sty
Package: pdftexcmds 2011/04/22 v0.16 Utilities of pdfTeX for LuaTeX (HO)

(/usr/local/texlive/2011/texmf-dist/tex/generic/oberdiek/ifluatex.sty
Package: ifluatex 2010/03/01 v1.3 Provides the ifluatex switch (HO)
Package ifluatex Info: LuaTeX not detected.
)
(/usr/local/texlive/2011/texmf-dist/tex/generic/oberdiek/ifpdf.sty
Package: ifpdf 2011/01/30 v2.3 Provides the ifpdf switch (HO)
Package ifpdf Info: pdfTeX in PDF mode is detected.
)
Package pdftexcmds Info: LuaTeX not detected.
Package pdftexcmds Info: \pdf@primitive is available.
Package pdftexcmds Info: \pdf@ifprimitive is available.
Package pdftexcmds Info: \pdfdraftmode found.
)
(/usr/local/texlive/2011/texmf-dist/tex/latex/oberdiek/epstopdf-base.sty
Package: epstopdf-base 2010/02/09 v2.5 Base part for package epstopdf

(/usr/local/texlive/2011/texmf-dist/tex/latex/oberdiek/grfext.sty
Package: grfext 2010/08/19 v1.1 Managing graphics extensions (HO)

(/usr/local/texlive/2011/texmf-dist/tex/generic/oberdiek/kvdefinekeys.sty
Package: kvdefinekeys 2011/04/07 v1.3 Defining keys (HO)
))
(/usr/local/texlive/2011/texmf-dist/tex/latex/oberdiek/kvoptions.sty
Package: kvoptions 2010/12/23 v3.10 Keyval support for LaTeX options (HO)

(/usr/local/texlive/2011/texmf-dist/tex/generic/oberdiek/kvsetkeys.sty
Package: kvsetkeys 2011/04/07 v1.13 Key value parser (HO)

(/usr/local/texlive/2011/texmf-dist/tex/generic/oberdiek/etexcmds.sty
Package: etexcmds 2011/02/16 v1.5 Prefix for e-TeX command names (HO)
Package etexcmds Info: Could not find \expanded.
(etexcmds)             That can mean that you are not using pdfTeX 1.50 or
(etexcmds)             that some package has redefined \expanded.
(etexcmds)             In the latter case, load this package earlier.
)))
Package grfext Info: Graphics extension search list:
(grfext)             [.png,.jpg,.pdf,.eps]
(grfext)             \AppendGraphicsExtensions on input line 452.

(/usr/local/texlive/2011/texmf-dist/tex/latex/latexconfig/epstopdf-sys.cfg
File: epstopdf-sys.cfg 2010/07/13 v1.3 Configuration of (r)epstopdf for TeX Liv
e
))
Package caption Info: Begin \AtBeginDocument code.
Package caption3 Info: subfig package 1.2 or 1.3 is loaded.
LaTeX Info: Redefining \subref on input line 28.
Package caption Info: End \AtBeginDocument code.

Underfull \hbox (badness 10000) in paragraph at lines 69--85

 []


Underfull \hbox (badness 10000) in paragraph at lines 69--85

 []


Underfull \hbox (badness 1616) in paragraph at lines 69--85
\OT1/pnc/m/n/8 Authors' ad-dresses: A.W. Lewis, Cen-ter for Ad-vanced Com-puter
 Stud-ies, Uni-ver-sity of Louisiana,
 []


Underfull \hbox (badness 10000) in paragraph at lines 69--85

 []

LaTeX Font Info:    External font `cmex10' loaded for size
(Font)              <8> on input line 85.
LaTeX Font Info:    External font `cmex10' loaded for size
(Font)              <6> on input line 85.
LaTeX Font Info:    External font `cmex10' loaded for size
(Font)              <5> on input line 85.
LaTeX Font Info:    Try loading font information for U+lasy on input line 85.
(/usr/local/texlive/2011/texmf-dist/tex/latex/base/ulasy.fd
File: ulasy.fd 1998/08/17 v2.2e LaTeX symbol font definitions
)
LaTeX Font Info:    Try loading font information for OMS+pnc on input line 85.

(/usr/local/texlive/2011/texmf-dist/tex/latex/psnfss/omspnc.fd
File: omspnc.fd 
)
LaTeX Font Info:    Font shape `OMS/pnc/m/n' in size <8> not available
(Font)              Font shape `OMS/cmsy/m/n' tried instead on input line 85.
LaTeX Font Info:    Try loading font information for OT1+phv on input line 86.

(/usr/local/texlive/2011/texmf-dist/tex/latex/psnfss/ot1phv.fd
File: ot1phv.fd 2001/06/04 scalable font definitions for OT1/phv.
)
LaTeX Font Info:    Font shape `OT1/phv/bx/n' in size <12> not available
(Font)              Font shape `OT1/phv/b/n' tried instead on input line 86.
LaTeX Font Info:    Font shape `OT1/pnc/bx/n' in size <8> not available
(Font)              Font shape `OT1/pnc/b/n' tried instead on input line 86.

Underfull \hbox (badness 2799) in paragraph at lines 86--86
\OT1/pnc/m/n/8 Categories and Sub-ject De-scrip-tors: B.8 [\OT1/pnc/b/n/8 Hardw
are\OT1/pnc/m/n/8 ]: PER-FOR-MANCE AND RE-LI-A-BIL-ITY; C.4
 []

LaTeX Font Info:    Font shape `OT1/phv/bx/n' in size <9> not available
(Font)              Font shape `OT1/phv/b/n' tried instead on input line 87.

Underfull \vbox (badness 10000) has occurred while \output is active []


Overfull \vbox (72.27pt too high) has occurred while \output is active []

 [1{/usr/local/texlive/2011/texmf-var/fonts/map/pdftex/updmap/pdftex.map}
Non-PDF special ignored!

]
Underfull \vbox (badness 10000) has occurred while \output is active []

 [2]
Overfull \hbox (53.51811pt too wide) has occurred while \output is active
\OT1/phv/m/n/9 Run-Time Energy Consumption Estimation for Server Workloads base
d on Chaotic Time-Series Approximation  A:3
 []

[3]
Underfull \vbox (badness 10000) has occurred while \output is active []

 [4]
LaTeX Font Info:    External font `cmex10' loaded for size
(Font)              <7> on input line 316.

Overfull \hbox (53.51811pt too wide) has occurred while \output is active
\OT1/phv/m/n/9 Run-Time Energy Consumption Estimation for Server Workloads base
d on Chaotic Time-Series Approximation  A:5
 []

[5] <x2200sys.pdf, id=31, 580.5088pt x 512.99654pt>
File: x2200sys.pdf Graphic file (type pdf)
 <use x2200sys.pdf>
Package pdftex.def Info: x2200sys.pdf used on input line 362.
(pdftex.def)             Requested size: 174.15398pt x 153.90013pt.

<newgraph/intelnehalem.pdf, id=32, 293.095pt x 326.21875pt>
File: newgraph/intelnehalem.pdf Graphic file (type pdf)

<use newgraph/intelnehalem.pdf>
Package pdftex.def Info: newgraph/intelnehalem.pdf used on input line 368.
(pdftex.def)             Requested size: 146.54713pt x 163.10896pt.

Overfull \hbox (4.96542pt too wide) in paragraph at lines 360--372
[]$[]$  $[]$ 
 []

[6 <./x2200sys.pdf> <./newgraph/intelnehalem.pdf>]
Overfull \hbox (53.51811pt too wide) has occurred while \output is active
\OT1/phv/m/n/9 Run-Time Energy Consumption Estimation for Server Workloads base
d on Chaotic Time-Series Approximation  A:7
 []

[7] [8]
Overfull \hbox (53.51811pt too wide) has occurred while \output is active
\OT1/phv/m/n/9 Run-Time Energy Consumption Estimation for Server Workloads base
d on Chaotic Time-Series Approximation  A:9
 []

[9]
Underfull \hbox (badness 2080) in paragraph at lines 700--700
[]\OT1/phv/m/n/8 Table II. PeCs and per-for-mance met-rics for AMD
 []

[10]
Overfull \hbox (58.52205pt too wide) has occurred while \output is active
\OT1/phv/m/n/9 Run-Time Energy Consumption Estimation for Server Workloads base
d on Chaotic Time-Series Approximation  A:11
 []

[11]
Underfull \vbox (badness 10000) has occurred while \output is active []

 [12]
LaTeX Font Info:    Font shape `OT1/phv/m/it' in size <9> not available
(Font)              Font shape `OT1/phv/m/sl' tried instead on input line 858.

Overfull \hbox (58.52205pt too wide) has occurred while \output is active
\OT1/phv/m/n/9 Run-Time Energy Consumption Estimation for Server Workloads base
d on Chaotic Time-Series Approximation  A:13
 []

[13] [14] <newgraph/complexity.png, id=110, 525.965pt x 321.2pt>
File: newgraph/complexity.png Graphic file (type png)

<use newgraph/complexity.png>
Package pdftex.def Info: newgraph/complexity.png used on input line 1021.
(pdftex.def)             Requested size: 356.40749pt x 180.67946pt.

<newgraph/complexity_p.png, id=112, 606.265pt x 332.442pt>
File: newgraph/complexity_p.png Graphic file (type png)

<use newgraph/complexity_p.png>
Package pdftex.def Info: newgraph/complexity_p.png used on input line 1029.
(pdftex.def)             Requested size: 396.001pt x 180.67256pt.

<newgraph/hwtestsetup2.png, id=113, 2452.66313pt x 956.82469pt>
File: newgraph/hwtestsetup2.png Graphic file (type png)

<use newgraph/hwtestsetup2.png>
Package pdftex.def Info: newgraph/hwtestsetup2.png used on input line 1055.
(pdftex.def)             Requested size: 367.8836pt x 143.5175pt.

Overfull \hbox (58.52205pt too wide) has occurred while \output is active
\OT1/phv/m/n/9 Run-Time Energy Consumption Estimation for Server Workloads base
d on Chaotic Time-Series Approximation  A:15
 []

[15]
Underfull \vbox (badness 10000) has occurred while \output is active []

 [16 <./newgraph/complexity.png> <./newgraph/complexity_p.png>]
Overfull \hbox (58.52205pt too wide) has occurred while \output is active
\OT1/phv/m/n/9 Run-Time Energy Consumption Estimation for Server Workloads base
d on Chaotic Time-Series Approximation  A:17
 []

[17 <./newgraph/hwtestsetup2.png>]
<newgraph/rmsep.png, id=125, 982.3902pt x 473.1276pt>
File: newgraph/rmsep.png Graphic file (type png)
 <use newgraph/rmsep.png>
Package pdftex.def Info: newgraph/rmsep.png used on input line 1192.
(pdftex.def)             Requested size: 395.9921pt x 180.67111pt.

[18 <./newgraph/rmsep.png>]
<newgraph/allpower/amd_ch_astar.png, id=130, 976.64874pt x 593.21625pt>
File: newgraph/allpower/amd_ch_astar.png Graphic file (type png)

<use newgraph/allpower/amd_ch_astar.png>
Package pdftex.def Info: newgraph/allpower/amd_ch_astar.png used on input line 
1217.
(pdftex.def)             Requested size: 197.99382pt x 144.53816pt.

<newgraph/allpower/amd_ar_astar.png, id=131, 981.6675pt x 591.20876pt>
File: newgraph/allpower/amd_ar_astar.png Graphic file (type png)

<use newgraph/allpower/amd_ar_astar.png>
Package pdftex.def Info: newgraph/allpower/amd_ar_astar.png used on input line 
1220.
(pdftex.def)             Requested size: 197.99269pt x 144.53618pt.

Overfull \hbox (5.5463pt too wide) in paragraph at lines 1217--1220
 [][][] 
 []

<newgraph/allpower/amd_ch_zeusmp.png, id=132, 963.6pt x 593.21625pt>
File: newgraph/allpower/amd_ch_zeusmp.png Graphic file (type png)

<use newgraph/allpower/amd_ch_zeusmp.png>
Package pdftex.def Info: newgraph/allpower/amd_ch_zeusmp.png used on input line
 1223.
(pdftex.def)             Requested size: 197.99509pt x 144.53816pt.

<newgraph/allpower/amd_ar_zeusmp.png, id=133, 969.6225pt x 590.205pt>
File: newgraph/allpower/amd_ar_zeusmp.png Graphic file (type png)

<use newgraph/allpower/amd_ar_zeusmp.png>
Package pdftex.def Info: newgraph/allpower/amd_ar_zeusmp.png used on input line
 1226.
(pdftex.def)             Requested size: 197.98975pt x 144.53394pt.

Overfull \hbox (5.54462pt too wide) in paragraph at lines 1223--1227
 [][][] 
 []

<newgraph/allpower/intel_ch_astar.png, id=134, 977.6525pt x 596.2275pt>
File: newgraph/allpower/intel_ch_astar.png Graphic file (type png)

<use newgraph/allpower/intel_ch_astar.png>
Package pdftex.def Info: newgraph/allpower/intel_ch_astar.png used on input lin
e 1249.
(pdftex.def)             Requested size: 197.98846pt x 144.53496pt.

<newgraph/allpower/intel_ar_astar.png, id=135, 983.675pt x 603.25375pt>
File: newgraph/allpower/intel_ar_astar.png Graphic file (type png)

<use newgraph/allpower/intel_ar_astar.png>
Package pdftex.def Info: newgraph/allpower/intel_ar_astar.png used on input lin
e 1252.
(pdftex.def)             Requested size: 197.99232pt x 144.53532pt.

Overfull \hbox (5.54057pt too wide) in paragraph at lines 1249--1252
 [][][] 
 []

<newgraph/allpower/intel_ch_zeusmp.png, id=136, 965.6075pt x 602.25pt>
File: newgraph/allpower/intel_ch_zeusmp.png Graphic file (type png)

<use newgraph/allpower/intel_ch_zeusmp.png>
Package pdftex.def Info: newgraph/allpower/intel_ch_zeusmp.png used on input li
ne 1255.
(pdftex.def)             Requested size: 197.99501pt x 144.54294pt.

<newgraph/allpower/intel_ar_zeusmp.png, id=137, 979.66pt x 595.22375pt>
File: newgraph/allpower/intel_ar_zeusmp.png Graphic file (type png)

<use newgraph/allpower/intel_ar_zeusmp.png>
Package pdftex.def Info: newgraph/allpower/intel_ar_zeusmp.png used on input li
ne 1258.
(pdftex.def)             Requested size: 197.99141pt x 144.53685pt.

Overfull \hbox (5.5462pt too wide) in paragraph at lines 1255--1260
 [][][] 
 []


Underfull \vbox (badness 10000) has occurred while \output is active []


Overfull \hbox (58.52205pt too wide) has occurred while \output is active
\OT1/phv/m/n/9 Run-Time Energy Consumption Estimation for Server Workloads base
d on Chaotic Time-Series Approximation  A:19
 []

[19 <./newgraph/allpower/amd_ch_astar.png (PNG copy)> <./newgraph/allpower/amd_
ar_astar.png (PNG copy)> <./newgraph/allpower/amd_ch_zeusmp.png (PNG copy)> <./
newgraph/allpower/amd_ar_zeusmp.png (PNG copy)>]
Underfull \vbox (badness 1803) has occurred while \output is active []

 [20 <./newgraph/allpower/intel_ch_astar.png (PNG copy)> <./newgraph/allpower/i
ntel_ar_astar.png (PNG copy)> <./newgraph/allpower/intel_ch_zeusmp.png (PNG cop
y)> <./newgraph/allpower/intel_ar_zeusmp.png (PNG copy)>]
Overfull \hbox (58.52205pt too wide) has occurred while \output is active
\OT1/phv/m/n/9 Run-Time Energy Consumption Estimation for Server Workloads base
d on Chaotic Time-Series Approximation  A:21
 []

[21] [22] (./powermodel.bbl
Overfull \hbox (58.52205pt too wide) has occurred while \output is active
\OT1/phv/m/n/9 Run-Time Energy Consumption Estimation for Server Workloads base
d on Chaotic Time-Series Approximation  A:23
 []

[23]
Underfull \vbox (badness 10000) has occurred while \output is active []

 [24]
LaTeX Font Info:    Font shape `OMS/pnc/m/it' in size <8> not available
(Font)              Font shape `OMS/cmsy/m/n' tried instead on input line 213.

Underfull \vbox (badness 10000) has occurred while \output is active []


Overfull \hbox (58.52205pt too wide) has occurred while \output is active
\OT1/phv/m/n/9 Run-Time Energy Consumption Estimation for Server Workloads base
d on Chaotic Time-Series Approximation  A:25
 []

[25]) [26] (./powermodel.aux) ) 
Here is how much of TeX's memory you used:
 3827 strings out of 493633
 54485 string characters out of 3143378
 131319 words of memory out of 3000000
 7032 multiletter control sequences out of 15000+200000
 29038 words of font info for 57 fonts, out of 3000000 for 9000
 834 hyphenation exceptions out of 8191
 38i,12n,45p,343b,353s stack positions out of 5000i,500n,10000p,200000b,50000s
{/usr/local/texlive/2011/texmf-dist/fonts/enc/dv
ips/base/8r.enc}</usr/local/texlive/2011/texmf-dist/fonts/type1/public/amsfonts
/cm/cmex10.pfb></usr/local/texlive/2011/texmf-dist/fonts/type1/public/amsfonts/
cm/cmmi10.pfb></usr/local/texlive/2011/texmf-dist/fonts/type1/public/amsfonts/c
m/cmmi5.pfb></usr/local/texlive/2011/texmf-dist/fonts/type1/public/amsfonts/cm/
cmmi6.pfb></usr/local/texlive/2011/texmf-dist/fonts/type1/public/amsfonts/cm/cm
mi7.pfb></usr/local/texlive/2011/texmf-dist/fonts/type1/public/amsfonts/cm/cmmi
8.pfb></usr/local/texlive/2011/texmf-dist/fonts/type1/public/amsfonts/cm/cmr10.
pfb></usr/local/texlive/2011/texmf-dist/fonts/type1/public/amsfonts/cm/cmr5.pfb
></usr/local/texlive/2011/texmf-dist/fonts/type1/public/amsfonts/cm/cmr6.pfb></
usr/local/texlive/2011/texmf-dist/fonts/type1/public/amsfonts/cm/cmr7.pfb></usr
/local/texlive/2011/texmf-dist/fonts/type1/public/amsfonts/cm/cmr8.pfb></usr/lo
cal/texlive/2011/texmf-dist/fonts/type1/public/amsfonts/cm/cmsy10.pfb></usr/loc
al/texlive/2011/texmf-dist/fonts/type1/public/amsfonts/cm/cmsy5.pfb></usr/local
/texlive/2011/texmf-dist/fonts/type1/public/amsfonts/cm/cmsy7.pfb></usr/local/t
exlive/2011/texmf-dist/fonts/type1/public/amsfonts/cm/cmsy8.pfb></usr/local/tex
live/2011/texmf-dist/fonts/type1/public/amsfonts/cm/cmtt10.pfb></usr/local/texl
ive/2011/texmf-dist/fonts/type1/urw/helvetic/uhvb8a.pfb></usr/local/texlive/201
1/texmf-dist/fonts/type1/urw/helvetic/uhvr8a.pfb></usr/local/texlive/2011/texmf
-dist/fonts/type1/urw/helvetic/uhvro8a.pfb></usr/local/texlive/2011/texmf-dist/
fonts/type1/urw/ncntrsbk/uncb8a.pfb></usr/local/texlive/2011/texmf-dist/fonts/t
ype1/urw/ncntrsbk/uncr8a.pfb></usr/local/texlive/2011/texmf-dist/fonts/type1/ur
w/ncntrsbk/uncri8a.pfb>
Output written on powermodel.pdf (26 pages, 10036878 bytes).
PDF statistics:
 235 PDF objects out of 1000 (max. 8388607)
 151 compressed objects within 2 object streams
 0 named destinations out of 1000 (max. 500000)
 71 words of extra memory for PDF output out of 10000 (max. 10000000)

