 kthr      memory            page            disk          faults      cpu
 r b w   swap  free  re  mf pi po fr de sr s0 s1 s2 --   in   sy   cs us sy id
 0 0 0 8984784 5889168 116 2071 0 0 0 0  3  2 -0  0  0  699 1610  266 24  3 72
 0 0 0 9377400 6237580 150 2547 0 0 0 0  0  0  0  0  0  691 2115  276  0  4 96
 0 0 0 9376940 6237148 134 2157 0 0 0 0  0  0  0  0  0  602 1690  272  0  4 96
 0 0 0 9377232 6237252 129 2156 0 0 0 0  0  0  0  0  0  587 1679  262  0  4 96
 0 0 0 9376980 6237212 147 2165 0 0 0 0  0  0  0  0  0  581 1692  274  0  4 96
 0 0 0 9376932 6237120 129 2156 0 0 0 0  0  2  0  0  0  629 1674  315  0  4 96
 0 0 0 9377208 6237252 129 2158 0 0 0 0  0  0  0  0  0  575 1695  266  0  4 96
 0 0 0 9376956 6237200 134 2155 0 0 0 0  0  0  0  0  0  567 1670  260  0  4 96
 0 0 0 9377208 6237260 77 1180 0 0 0  0  0  0  0  0  0  527 1242  230  0  2 98
 0 0 0 9376908 6237128 52 978 0 0  0  0  0  0  0  0  0  502 1116  222  0  2 98
 0 0 0 9377204 6237472 129 2160 0 0 0 0  0  0  0  0  0  591 1690  271  0  4 96
 0 0 0 9376956 6237292 147 2166 0 0 0 0  0  2  0  0  0  624 1673  312  0  4 96
 0 0 0 9376808 6237028 128 2157 0 0 0 0  0  0  0  0  0  593 1688  292  0  4 96
 0 0 0 9377168 6237240 134 2157 0 0 0 0  0  0  0  0  0  576 1671  259  0  4 96
 0 0 0 9376916 6237128 129 2161 0 0 0 0  0  0  0  0  0  578 1692  270  0  4 96
 0 0 0 9376876 6237096 129 2155 0 0 0 0  0  0  0  0  0  579 1676  262  0  4 96
 0 0 0 9377148 6237420 147 2166 0 0 0 0  0  0  0  0  0  572 1686  265  0  4 96
 0 0 0 9377120 6237184 12 98 0  0  0  0  0  2  0  0  0  491  728  225  0  1 99
 kthr      memory            page            disk          faults      cpu
 r b w   swap  free  re  mf pi po fr de sr s0 s1 s2 --   in   sy   cs us sy id
 0 0 0 9376856 6237068 117 2064 0 0 0 0  0  0  0  0  0  596 1629  270  0  3 96
 0 0 0 9376816 6237036 129 2157 0 0 0 0  0  0  0  0  0  572 1673  260  0  4 96
 0 0 0 9377112 6237164 129 2156 0 0 0 0  0  0  0  0  0  593 1697  288  0  4 96
 0 0 0 9376836 6237048 129 2161 0 0 0 0  0  0  0  0  0  597 1685  267  0  4 96
 0 0 0 9376760 6237052 147 2164 0 0 0 0  0  0  0  0  0  596 1773  308  0  4 96
 0 0 0 9377020 6237072 130 2227 0 0 0 0  0  2  0  0  0  627 1716  317  0  4 96
 0 0 0 9376644 6236852 129 2160 0 0 0 0  0  0  0  0  0  593 1695  296  0  4 96
 0 0 0 9377008 6237124 82 1179 0 0 0  0  0  0  0  0  0  508 1253  220  0  2 97
 0 0 0 9376712 6236932 52 978 0 0  0  0  0  0  0  0  0  532 1108  227  0  1 98
 0 0 0 9377012 6237064 129 2159 0 0 0 0  0  0  0  0  0  582 1678  264  0  4 96
 0 0 0 9376756 6236968 141 2163 0 0 0 0  0  0  0  0  0  589 1686  267  0  4 96
 0 0 0 9376692 6236920 129 2159 0 0 0 0  0  3  0  0  0  691 1673  323  0  4 96
 0 0 0 9376984 6237040 129 2159 0 0 0 0  0  0  0  0  0  593 1688  268  0  4 96
 0 0 0 9376732 6236964 134 2158 0 0 0 0  0  0  0  0  0  591 1671  264  0  4 96
 0 0 0 9376692 6236912 129 2161 0 0 0 0  0  0  0  0  0  592 1686  272  0  4 96
 0 0 0 9376984 6237036 129 2156 0 0 0 0  0  0  0  0  0  591 1681  266  0  4 96
 0 0 0 9376980 6237300 17 99 0  0  0  0  0  0  0  0  0  468  753  179  0  1 99
 0 0 0 9376712 6236980 130 2065 0 0 0 0  0  2  0  0  0  621 1594  310  0  3 97
 0 0 0 9376548 6236768 129 2163 0 0 0 0  0  0  0  0  0  609 1688  286  0  4 96
 kthr      memory            page            disk          faults      cpu
 r b w   swap  free  re  mf pi po fr de sr s0 s1 s2 --   in   sy   cs us sy id
 1 0 0 9376960 6237012 134 2159 0 0 0 0  0  0  0  0  0  565 1678  265  0  4 96
 0 0 0 9376704 6236916 129 2160 0 0 0 0  0  0  0  0  0  586 1688  272  0  4 96
 0 0 0 9376668 6236888 129 2161 0 0 0 0  0  0  0  0  0  597 1675  264  0  4 96
 0 0 0 9376940 6237208 147 2170 0 0 0 0  0  0  0  0  0  598 1689  269  0  4 96
 0 0 0 9376676 6236892 128 2164 0 0 0 0  0  2  0  0  0  623 1676  313  0  4 96
 0 0 0 9376932 6236984 77 1181 0 0 0  0  0  0  0  0  0  519 1265  222  0  3 97
 0 0 0 9376636 6236916 52 981 0 0  0  0  0  0  0  0  0  525 1089  219  0  1 99
 0 0 0 9376912 6236984 134 2164 0 0 0 0  0  0  0  0  0  593 1689  277  0  4 96
 0 0 0 9376652 6236864 129 2165 0 0 0 0  0  0  0  0  0  579 1681  268  0  4 96
 0 0 0 9376612 6236892 147 2171 0 0 0 0  0  0  0  0  0  583 1772  308  0  4 96
 0 0 0 9376912 6236964 128 2164 0 0 0 0  0  2  0  0  0  605 1672  309  0  4 96
 0 0 0 9376568 6236780 128 2162 0 0 0 0  0  0  0  0  0  602 1684  289  0  4 96
 0 0 0 9376588 6236848 134 2171 0 0 0 0  0  0  0  0  0  591 1680  261  0  4 96
 0 0 0 9376860 6236912 129 2166 0 0 0 0  0  0  0  0  0  600 1695  277  0  4 96
 0 0 0 9376864 6236916 12 98 0  0  0  0  0  0  0  0  0  453  755  178  0  1 99
 0 0 0 9376580 6236836 127 2072 0 0 0 0  0  0  0  0  0  583 1611  268  0  3 97
 0 0 0 9376528 6236760 132 2168 0 0 0 0  0  2  0  0  0  631 1673  313  0  4 96
 0 0 0 9376824 6236876 129 2166 0 0 0 0  0  0  0  0  0  584 1686  265  0  4 96
 1 0 0 9376572 6236784 134 2170 0 0 0 0  0  0  0  0  0  588 1677  261  0  4 96
 kthr      memory            page            disk          faults      cpu
 r b w   swap  free  re  mf pi po fr de sr s0 s1 s2 --   in   sy   cs us sy id
 0 0 0 9376532 6236752 129 2171 0 0 0 0  0  0  0  0  0  580 1694  274  0  4 96
 0 0 0 9376824 6236876 129 2168 0 0 0 0  0  0  0  0  0  585 1678  259  0  4 96
 0 0 0 9376568 6237044 147 2176 0 0 0 0  0  0  0  0  0  590 1694  272  0  4 96
 0 0 0 9376828 6236880 77 1186 0 0 0  0  0  2  0  0  0  568 1263  270  0  3 97
 0 0 0 9376428 6236644 59 1067 0 0 0  0  0  0  0  0  0  545 1133  255  0  1 98
 0 0 0 9261960 6127988 391 14629 0 0 0 0 0  0  0  0  0 1054 10905 296 46  8 46
 0 0 0 9132260 6006860 134 2475 0 0 0 0  0  0  0  0  0  852 1752  269 50  4 46
 0 0 0 9128144 6002720 129 2273 0 0 0 0  0  0  0  0  0  847 1691  261 50  4 46
 0 0 0 9127072 6001632 147 2242 0 0 0 0  0  0  0  0  0  849 1707  267 50  4 46
 0 0 0 9126152 6000744 129 2175 0 0 0 0  0  3  0  0  0 1241 1680  321 50  4 46
 0 0 0 9126276 6000772 129 2172 0 0 0 0  0  0  0  0  0  846 1694  255 50  4 46
 0 0 0 9126360 6000924 82 1187 0 0 0  0  0  0  0  0  0  683 1281  214 50  3 47
 0 0 0 9126060 6000744 53 984 0 0  0  0  0  0  0  0  0  678 1077  223 50  1 49
 0 0 0 9126352 6000868 129 2171 0 0 0 0  0  0  0  0  0  848 1693  253 50  4 46
 0 0 0 9126096 6000824 147 2179 0 0 0 0  0  0  0  0  0 1173 1784  306 50  4 46
 0 0 0 9126048 6000732 129 2171 0 0 0 0  0  4  0  0  0 1134 1687  327 50  4 46
 0 0 0 9126176 6000692 129 2172 0 0 0 0  0  0  0  0  0  889 1700  276 50  4 46
 0 0 0 9126320 6000884 134 2173 0 0 0 0  0  0  0  0  0  847 1679  250 50  4 46
 0 0 0 9126356 6000872 129 2172 0 0 0 0  0  0  0  0  0  857 1700  262 50  4 46
 kthr      memory            page            disk          faults      cpu
 r b w   swap  free  re  mf pi po fr de sr s0 s1 s2 --   in   sy   cs us sy id
 0 0 0 9126304 6000832 87 1361 0 0 0  0  0  0  0  0  0  716 1366  228 50  3 47
 0 0 0 9126336 6001024 50 816 0 0  0  0  0  0  0  0  0  631 1005  209 50  1 49
 0 0 0 9126296 6000856 140 2174 0 0 0 0  0  2  0  0  0  975 1679  302 50  4 46
 0 0 0 9126264 6000840 129 2173 0 0 0 0  0  0  0  0  0  869 1697  259 50  4 46
 0 0 0 9126004 6000688 134 2172 0 0 0 0  0  0  0  0  0  842 1681  249 50  4 46
 0 0 0 9126300 6000808 129 2173 0 0 0 0  0  0  0  0  0  845 1693  262 50  4 46
 0 0 0 9126036 6000704 129 2172 0 0 0 0  0  0  0  0  0  849 1687  255 50  4 46
 0 0 0 9125992 6000880 147 2177 0 0 0 0  0  0  0  0  0  846 1698  248 50  4 46
 0 0 0 9126292 6000796 118 1980 0 0 0 0  0  2  0  0  0  937 1614  297 50  4 46
 0 0 0 9126072 6000620 11 195 0 0  0  0  0  0  0  0  0  556  764  202 50  0 50
 1 0 0 9126208 6000748 131 2172 0 0 0 0  0  0  0  0  0  852 1685  254 50  4 46
 0 0 0 9126204 6000740 132 2174 0 0 0 0  0  0  0  0  0  876 1711  265 50  4 46
 0 0 0 9125892 6000564 129 2173 0 0 0 0  0  0  0  0  0  852 1688  251 50  4 46
 0 0 0 9126140 6000784 147 2178 0 0 0 0  0  0  0  0  0  853 1701  260 50  4 46
 0 0 0 9125876 6000540 129 2173 0 0 0 0  0  2  0  0  0  970 1687  298 50  4 46
 0 0 0 9125824 6000496 129 2170 0 0 0 0  0  0  0  0  0  840 1695  257 50  4 46
 0 0 0 9126124 6000700 134 2172 0 0 0 0  0  0  0  0  0  838 1689  249 50  4 46
 0 0 0 9126124 6000628 12 98 0  0  0  0  0  0  0  0  0  505  742  186 50  1 50
 0 0 0 9125868 6000532 117 2076 0 0 0 0  0  0  0  0  0  839 1624  253 50  4 46
 kthr      memory            page            disk          faults      cpu
 r b w   swap  free  re  mf pi po fr de sr s0 s1 s2 --   in   sy   cs us sy id
 0 0 0 9125824 6000496 146 2179 0 0 0 0  0  0  0  0  0 1164 1782  302 50  4 46
 0 0 0 9126080 6000624 129 2174 0 0 0 0  0  2  0  0  0  965 1684  298 50  4 46
 0 0 0 9133140 6007600 138 2814 0 0 0 0  0  0  0  0  0  905 1923  272 50  4 46
 0 0 0 9139980 6014436 134 2359 0 0 0 0  0  0  0  0  0  780 1726  243 50  4 46
 0 0 0 9136976 6011496 129 2276 0 0 0 0  0  0  0  0  0  796 1725  256 50  4 46
 0 0 0 9135828 6010184 129 2185 0 0 0 0  0  0  0  0  0  802 1695  245 50  4 46
 0 0 0 9135688 6010328 17 100 0 0  0  0  0  0  0  0  0  454  783  175 50  1 49
 0 0 0 9135424 6009984 130 2077 0 0 0 0  0  2  0  0  0  925 1589  296 50  3 47
 0 0 0 9135368 6009884 129 2173 0 0 0 0  0  0  0  0  0  801 1700  252 50  4 46
 0 0 0 9135668 6010028 134 2172 0 0 0 0  0  0  0  0  0  780 1694  244 50  4 46
 0 0 0 9135412 6009924 129 2173 0 0 0 0  0  0  0  0  0  810 1707  249 50  4 46
 0 0 0 9135368 6009884 129 2171 0 0 0 0  0  0  0  0  0  796 1694  253 50  4 46
 0 0 0 9135664 6010228 147 2178 0 0 0 0  0  0  0  0  0  820 1702  246 50  4 46
 0 0 0 9135412 6009924 129 2172 0 0 0 0  0  2  0  0  0  909 1689  288 50  4 46
 0 0 0 9135532 6009880 50 767 0 0  0  0  0  0  0  0  0  605 1064  221 50  2 48
 0 0 0 9135440 6009972 82 1405 0 0 0  0  0  0  0  0  0  677 1313  219 50  2 48
 0 0 0 9135540 6009952 132 2174 0 0 0 0  0  0  0  0  0  832 1711  262 50  4 46
 0 0 0 9135624 6009964 129 2172 0 0 0 0  0  0  0  0  0  815 1693  250 50  4 46
 0 0 0 9135452 6010060 147 2181 0 0 0 0  0  0  0  0  0  806 1708  248 50  4 46
 kthr      memory            page            disk          faults      cpu
 r b w   swap  free  re  mf pi po fr de sr s0 s1 s2 --   in   sy   cs us sy id
 0 0 0 9135324 6009832 129 2172 0 0 0 0  0  3  0  0  0  946 1689  308 50  4 46
 0 0 0 9135620 6009960 129 2172 0 0 0 0  0  0  0  0  0  811 1708  251 50  4 46
 0 0 0 9135368 6009920 134 2172 0 0 0 0  0  0  0  0  0  783 1691  249 50  4 46
 0 0 0 9135624 6009964 77 1187 0 0 0  0  0  0  0  0  0  636 1271  223 50  3 47
 0 0 0 9135324 6009832 53 984 0 0  0  0  0  0  0  0  0  604 1103  206 50  2 48
 0 0 0 9135620 6009972 146 2183 0 0 0 0  0  4  0  0  0 1421 1792  345 50  4 46
 0 0 0 9135312 6009820 130 2171 0 0 0 0  0  0  0  0  0  811 1686  250 50  4 46
 0 0 0 9135188 6009696 138 2947 0 0 0 0  0  0  0  0  0  844 1932  268 50  4 46
 0 0 0 9134432 6008872 135 2801 0 0 0 0  0  0  0  0  0  808 1705  246 50  4 46
 0 0 0 9124456 5998836 129 2385 0 0 0 0  0  0  0  0  0  839 1732  258 50  4 46
 0 0 0 9120616 5995036 129 2544 0 0 0 0  0  0  0  0  0  801 1707  248 50  4 46
 0 0 0 9114716 5989356 95 1285 0 0 0  0  0  2  0  0  0  722 1302  250 50  3 47
 0 0 0 9108248 5982748 52 1357 0 0 0  0  0  0  0  0  0  618 1085  207 50  1 49
 0 0 0 9105088 5979444 129 2261 0 0 0 0  0  0  0  0  0  792 1708  251 50  4 46
 0 0 0 9103412 5977924 132 2544 0 0 0 0  0  0  0  0  0  813 1696  248 50  4 46
 0 0 0 9095904 5970416 129 2172 0 0 0 0  0  0  0  0  0  809 1700  257 50  4 46
 0 0 0 9095484 5969824 129 2263 0 0 0 0  0  0  0  0  0  779 1698  250 50  4 46
 0 0 0 9094156 5968852 147 2412 0 0 0 0  0  2  0  0  0  930 1699  289 50  4 46
 0 0 0 9089412 5963928 129 2171 0 0 0 0  0  0  0  0  0  773 1683  245 50  4 46
 kthr      memory            page            disk          faults      cpu
 r b w   swap  free  re  mf pi po fr de sr s0 s1 s2 --   in   sy   cs us sy id
 0 0 0 9089608 5963964 129 2239 0 0 0 0  0  0  0  0  0  828 1710  266 50  4 46
 0 0 0 9088376 5962796 17 99 0  0  0  0  0  0  0  0  0  459  709  168 50  0 50
 0 0 0 9087736 5962236 117 2108 0 0 0 0  0  0  0  0  0  787 1663  253 50  4 46
 0 0 0 9087692 5962080 129 2171 0 0 0 0  0  0  0  0  0  827 1684  250 50  4 46
 1 0 0 9087436 5962012 147 2180 0 0 0 0  0  2  0  0  0  964 1698  293 50  4 46
 0 0 0 9087724 5962068 129 2170 0 0 0 0  0  0  0  0  0  794 1681  246 50  4 46
 0 0 0 9087460 5961972 129 2175 0 0 0 0  0  0  0  0  0  804 1701  248 50  4 46
 0 0 0 9087424 5961992 134 2168 0 0 0 0  0  0  0  0  0  806 1679  248 50  4 46
 0 0 0 9087720 5962068 129 2176 0 0 0 0  0  0  0  0  0  814 1697  253 50  4 46
 0 0 0 9087716 5962060 12 98 0  0  0  0  0  0  0  0  0  485  745  175 50  1 49
 0 0 0 9087448 5961960 130 2081 0 0 0 0  0  2  0  0  0 1386 1720  334 50  3 46
 0 0 0 9087440 5961952 130 2172 0 0 0 0  0  0  0  0  0  818 1696  258 50  4 46
 0 0 0 9087652 5962000 129 2172 0 0 0 0  0  0  0  0  0  834 1694  273 50  4 46
 0 0 0 9087452 5961980 134 2172 0 0 0 0  0  0  0  0  0  830 1684  243 50  4 46
 0 0 0 9087656 5962048 129 2173 0 0 0 0  0  0  0  0  0  832 1705  257 50  4 46
 0 0 0 9087664 5962060 129 2171 0 0 0 0  0  0  0  0  0  784 1689  244 50  4 46
 0 0 0 9087704 5962336 147 2180 0 0 0 0  0  2  0  0  0  939 1700  297 50  4 46
 0 0 0 9087628 5961968 12 99 0  0  0  0  0  0  0  0  0  470  772  180 50  1 49
 0 0 0 9087320 5961824 117 2075 0 0 0 0  0  0  0  0  0  799 1595  246 50  3 47
 kthr      memory            page            disk          faults      cpu
 r b w   swap  free  re  mf pi po fr de sr s0 s1 s2 --   in   sy   cs us sy id
 0 0 0 9087308 5961812 134 2171 0 0 0 0  0  0  0  0  0  818 1686  252 50  4 46
 0 0 0 9087604 5961940 129 2173 0 0 0 0  0  0  0  0  0  796 1698  249 50  4 46
 0 0 0 9087344 5961844 129 2172 0 0 0 0  0  0  0  0  0  804 1688  245 50  4 46
 0 0 0 9087304 5961952 147 2176 0 0 0 0  0  2  0  0  0  973 1691  300 50  4 46
 0 0 0 9087588 5961932 129 2177 0 0 0 0  0  0  0  0  0  784 1693  247 50  4 46
 0 0 0 9087168 5961672 129 2170 0 0 0 0  0  0  0  0  0  854 1694  269 50  4 46
 0 0 0 9087556 5961976 68 1107 0 0 0  0  0  0  0  0  0  637 1181  214 50  2 48
 0 0 0 9087260 5961764 66 1066 0 0 0  0  0  0  0  0  0  639 1187  216 50  2 48
 0 0 0 9087492 5961880 129 2174 0 0 0 0  0  0  0  0  0  820 1696  248 50  4 46
 0 0 0 9087556 5961968 147 2177 0 0 0 0  0  2  0  0  0  900 1694  293 50  4 46
 0 0 0 9087592 5961924 129 2176 0 0 0 0  0  0  0  0  0  820 1685  249 50  4 46
 0 0 0 9087260 5961760 129 2170 0 0 0 0  0  0  0  0  0  798 1698  249 50  4 46
 0 0 0 9087560 5961956 135 2175 0 0 0 0  0  0  0  0  0  828 1688  245 50  4 46
 0 0 0 9087304 5961796 129 2171 0 0 0 0  0  0  0  0  0  817 1695  255 50  4 46
 0 0 0 9087556 5961888 76 1185 0 0 0  0  0  0  0  0  0  663 1254  217 50  3 47
 0 0 0 9087260 5961760 61 991 0 0  0  0  0  2  0  0  0 1019 1199  297 50  2 48
 0 0 0 9087544 5961884 129 2172 0 0 0 0  0  0  0  0  0  811 1684  260 50  4 46
 0 0 0 9087080 5961580 129 2175 0 0 0 0  0  0  0  0  0  850 1699  272 50  4 46
 0 0 0 9087236 5961756 134 2170 0 0 0 0  0  0  0  0  0  804 1681  249 50  4 46
 kthr      memory            page            disk          faults      cpu
 r b w   swap  free  re  mf pi po fr de sr s0 s1 s2 --   in   sy   cs us sy id
 0 0 0 9087472 5961848 129 2171 0 0 0 0  0  0  0  0  0  831 1704  256 50  4 46
 0 0 0 9087536 5961864 129 2172 0 0 0 0  0  0  0  0  0  787 1689  245 50  4 46
 0 0 0 9087468 5962128 147 2179 0 0 0 0  0  2  0  0  0  966 1717  302 50  4 46
 0 0 0 9087552 5961880 83 1292 0 0 0  0  0  0  0  0  0  641 1335  220 50  3 47
 0 0 0 9087508 5961880 46 880 0 0  0  0  0  0  0  0  0  602 1031  205 50  1 49
 0 0 0 9087556 5961884 134 2171 0 0 0 0  0  0  0  0  0  809 1687  245 50  4 46
 0 0 0 9087300 5961788 129 2172 0 0 0 0  0  0  0  0  0  792 1696  256 50  4 46
 0 0 0 9087256 5961752 129 2174 0 0 0 0  0  0  0  0  0  824 1690  250 50  4 46
 0 0 0 9087528 5962068 147 2179 0 0 0 0  0  2  0  0  0  938 1699  293 50  4 46
 0 0 0 9087260 5961756 129 2172 0 0 0 0  0  0  0  0  0  818 1683  249 50  4 46
 0 0 0 9087052 5961548 129 2173 0 0 0 0  0  0  0  0  0  867 1696  272 50  4 46
 0 0 0 9087492 5961900 134 2176 0 0 0 0  0  0  0  0  0  823 1690  244 50  4 46
 0 0 0 9087492 5961816 12 98 0  0  0  0  0  0  0  0  0  497  732  184 50  0 50
 0 0 0 9087240 5961728 117 2075 0 0 0 0  0  0  0  0  0  796 1640  246 50  4 46
 0 0 0 9087452 5961900 147 2182 0 0 0 0  0  2  0  0  0  967 1694  296 50  4 46
 0 0 0 9087460 5961820 129 2175 0 0 0 0  0  0  0  0  0  789 1685  247 50  4 46
 0 0 0 9087492 5961816 129 2176 0 0 0 0  0  0  0  0  0  807 1704  250 50  4 46
 0 0 0 9087444 5961852 134 2177 0 0 0 0  0  0  0  0  0  811 1685  247 50  4 46
 0 0 0 9087200 5961692 129 2176 0 0 0 0  0  0  0  0  0  814 1696  253 50  4 46
 kthr      memory            page            disk          faults      cpu
 r b w   swap  free  re  mf pi po fr de sr s0 s1 s2 --   in   sy   cs us sy id
 0 0 0 9087492 5961816 144 2185 0 0 0 0  0  0  0  0  0  795 1691  248 50  4 46
 0 0 0 9087476 5961852 13 99 0  0  0  0  0  4  0  0  0 1053  877  298 50  1 49
 0 0 0 9087212 5961708 119 2080 0 0 0 0  0  0  0  0  0  789 1589  250 50  3 47
 0 0 0 9087048 5961536 129 2180 0 0 0 0  0  0  0  0  0  832 1696  263 50  4 46
 0 0 0 9087460 5961800 134 2178 0 0 0 0  0  0  0  0  0  802 1687  243 50  4 46
 0 0 0 9087204 5961684 129 2183 0 0 0 0  0  0  0  0  0  834 1709  256 50  4 46
 0 0 0 9087164 5961652 129 2180 0 0 0 0  0  0  0  0  0  827 1692  252 50  4 46
 0 0 0 9087368 5962012 147 2187 0 0 0 0  0  2  0  0  0  971 1699  291 50  4 46
 0 0 0 9087452 5961772 129 2181 0 0 0 0  0  0  0  0  0  829 1692  253 50  4 46
 0 0 0 9087452 5961772 38 557 0 0  0  0  0  0  0  0  0  557  970  197 50  2 48
 0 0 0 9087380 5961756 96 1623 0 0 0  0  0  0  0  0  0  709 1390  231 50  2 47
 0 0 0 9087340 5961756 129 2181 0 0 0 0  0  0  0  0  0  785 1698  255 50  4 46
 0 0 0 9087444 5961768 129 2185 0 0 0 0  0  0  0  0  0  786 1694  252 50  4 46
 0 0 0 9087172 5961848 147 2194 0 0 0 0  0  2  0  0  0  913 1703  299 50  4 46
 0 0 0 9087128 5961612 130 2251 0 0 0 0  0  0  0  0  0  826 1728  257 50  4 46
 0 0 0 9087364 5961680 129 2182 0 0 0 0  0  0  0  0  0  824 1702  268 50  4 46
 0 0 0 9087168 5961708 134 2183 0 0 0 0  0  0  0  0  0  791 1686  245 50  4 46
 0 0 0 9087416 5961732 77 1193 0 0 0  0  0  0  0  0  0  655 1237  222 50  2 48
 0 0 0 9087124 5961608 53 991 0 0  0  0  0  0  0  0  0  611 1132  211 50  2 48
 kthr      memory            page            disk          faults      cpu
 r b w   swap  free  re  mf pi po fr de sr s0 s1 s2 --   in   sy   cs us sy id
 0 0 0 9087360 5961784 147 2193 0 0 0 0  0  2  0  0  0  957 1712  295 50  4 46
 0 0 0 9087416 5961732 129 2187 0 0 0 0  0  0  0  0  0  777 1686  249 50  4 46
 0 0 0 9087304 5961732 129 2184 0 0 0 0  0  0  0  0  0  793 1698  251 50  4 46
 0 0 0 9087356 5961760 134 2186 0 0 0 0  0  0  0  0  0  814 1687  249 50  4 46
 0 0 0 9087420 5961732 129 2187 0 0 0 0  0  0  0  0  0  794 1699  246 50  4 46
 0 0 0 9087152 5961628 141 2191 0 0 0 0  0  0  0  0  0  772 1693  249 50  4 46
 0 0 0 9087392 5961744 79 1194 0 0 0  0  0  2  0  0  0 1032 1372  302 50  3 47
 0 0 0 9087096 5961580 53 991 0 0  0  0  0  0  0  0  0  604 1078  211 50  1 49
 0 0 0 9087276 5961588 129 2187 0 0 0 0  0  0  0  0  0  836 1699  262 50  4 46
 0 0 0 9087080 5961560 134 2185 0 0 0 0  0  0  0  0  0  788 1688  248 50  4 46
 0 0 0 9087096 5961572 129 2186 0 0 0 0  0  0  0  0  0  814 1705  258 50  4 46
 0 0 0 9087396 5961704 129 2185 0 0 0 0  0  0  0  0  0  825 1691  247 50  4 46
 0 0 0 9087140 5961876 147 2192 0 0 0 0  0  2  0  0  0  996 1697  294 50  4 46
 0 0 0 9087352 5961716 129 2186 0 0 0 0  0  0  0  0  0  825 1687  245 50  4 46
 0 0 0 9087392 5961696 104 1682 0 0 0 0  0  0  0  0  0  730 1501  236 50  4 46
 0 0 0 9087308 5961696 27 504 0 0  0  0  0  0  0  0  0  492  871  190 50  1 49
 0 0 0 9087260 5961580 132 2185 0 0 0 0  0  0  0  0  0  800 1701  248 50  4 46
 0 0 0 9087212 5961580 129 2187 0 0 0 0  0  0  0  0  0  805 1689  246 50  4 46
 0 0 0 9143724 6012156 148 2194 0 0 0 0  0  2  0  0  0  951 1729  296 36  4 60
 kthr      memory            page            disk          faults      cpu
 r b w   swap  free  re  mf pi po fr de sr s0 s1 s2 --   in   sy   cs us sy id
 0 0 0 9229164 6088048 129 2183 0 0 0 0  0  0  0  0  0  706 1669  259 25  4 71
 0 0 0 9244584 6103228 147 2681 0 0 0 0  0  0  0  0  0  771 3009  289 28  4 68
 0 0 0 9268400 6126372 135 2187 0 0 0 0  0  0  0  0  0  692 1676  260 25  4 71
 0 0 0 9268696 6126436 129 2181 0 0 0 0  0  0  0  0  0  715 1691  269 25  4 71
 0 0 0 9268700 6126632 16 100 0 0  0  0  0  0  0  0  0  441  764  174 25  1 74
 0 0 0 9268444 6127076 131 2092 0 0 0 0  0  2  0  0  0  770 1603  312 25  3 72
 0 0 0 9268400 6126992 129 2183 0 0 0 0  0  0  0  0  0  692 1668  267 25  4 71
 0 0 0 9268696 6127120 129 2185 0 0 0 0  0  0  0  0  0  716 1687  265 25  4 71
 0 0 0 9268444 6127060 134 2183 0 0 0 0  0  0  0  0  0  697 1675  262 25  4 71
 0 0 0 9268392 6126988 129 2185 0 0 0 0  0  1  0  0  0  736 1687  281 25  4 71
 0 0 0 9268668 6127100 129 2187 0 0 0 0  0 210 0  0  0  752 1680  291 25  4 71
 0 0 0 9268416 6127344 147 2187 0 0 0 0  0  0  0  0  0  855 1771  307 25  4 71
 0 0 0 9268676 6127100 76 1194 0 0 0  0  0  0  0  0  0  570 1245  221 25  3 72
 0 0 0 9268240 6126836 53 990 0 0  0  0  0  0  0  0  0  581 1109  232 25  2 73
 0 0 0 9268652 6127088 134 2182 0 0 0 0  0  0  0  0  0  722 1675  267 25  4 71
 0 0 0 9268396 6126984 129 2185 0 0 0 0  0  0  0  0  0  756 1695  280 25  4 71
 0 0 0 9268356 6126948 129 2184 0 0 0 0  0 255 0  0  0  754 1676  287 25  4 71
 0 0 0 9268656 6127296 147 2190 0 0 0 0  0  0  0  0  0  709 1708  270 25  4 71
 0 0 0 9268396 6126984 129 2181 0 0 0 0  0  0  0  0  0  684 1672  261 25  4 71
 kthr      memory            page            disk          faults      cpu
 r b w   swap  free  re  mf pi po fr de sr s0 s1 s2 --   in   sy   cs us sy id
 0 0 0 9268356 6126948 129 2183 0 0 0 0  0  0  0  0  0  714 1687  265 25  4 71
 0 0 0 9268648 6127116 132 2185 0 0 0 0  0  0  0  0  0  681 1676  258 25  4 71
 0 0 0 9268632 6127064 12 99 0  0  0  0  0  1  0  0  0  487  740  193 25  1 74
 0 0 0 9268368 6126952 117 2085 0 0 0 0  0 208 0  0  0  756 1617  285 25  3 71
 0 0 0 9268332 6126992 147 2190 0 0 0 0  0  0  0  0  0  698 1684  262 25  4 71
 0 0 0 9268632 6127056 129 2183 0 0 0 0  0  0  0  0  0  712 1676  266 25  4 71
 0 0 0 9268304 6126888 129 2181 0 0 0 0  0  0  0  0  0  713 1686  284 25  4 71
 0 0 0 9268332 6126976 134 2184 0 0 0 0  0  0  0  0  0  703 1675  257 25  4 71
 0 0 0 9268628 6127052 129 2183 0 0 0 0  0  0  0  0  0  724 1692  276 25  4 71
 0 0 0 9268376 6126960 141 2187 0 0 0 0  0 209 0  0  0  808 1674  315 25  4 71
 0 0 0 9268632 6127072 78 1194 0 0 0  0  0  0  0  0  0  588 1234  226 25  2 73
 0 0 0 9268332 6126924 53 990 0 0  0  0  0  0  0  0  0  579 1116  219 25  2 73
 0 0 0 9268628 6127052 129 2184 0 0 0 0  0  0  0  0  0  697 1690  268 25  4 71
 0 0 0 9268368 6126968 134 2180 0 0 0 0  0  0  0  0  0  669 1671  260 25  4 71
 0 0 0 9268312 6126912 129 2184 0 0 0 0  0  0  0  0  0  690 1688  277 25  4 71
 0 0 0 9268604 6127028 129 2185 0 0 0 0  0 229 0  0  0  742 1684  293 25  4 71
 0 0 0 9268348 6127204 148 2192 0 0 0 0  0  0  0  0  0  850 1786  310 25  4 71
 0 0 0 9268312 6126904 129 2180 0 0 0 0  0  0  0  0  0  695 1679  264 25  4 71
 0 0 0 9268528 6126952 129 2126 0 0 0 0  0  0  0  0  0  736 1665  282 25  4 71
 kthr      memory            page            disk          faults      cpu
 r b w   swap  free  re  mf pi po fr de sr s0 s1 s2 --   in   sy   cs us sy id
 0 0 0 9268604 6127072 2 55  0  0  0  0  0  0  0  0  0  448  688  177 25  0 75
 0 0 0 9268348 6126936 132 2182 0 0 0 0  0  0  0  0  0  743 1692  283 25  4 71
 0 0 0 9268368 6126972 129 2185 0 0 0 0  0 188 0  0  0  790 1682  306 25  4 71
 0 0 0 9268564 6127188 147 2188 0 0 0 0  0  0  0  0  0  710 1683  261 25  4 71
 0 0 0 9268604 6127028 129 2184 0 0 0 0  0  0  0  0  0  704 1673  266 25  4 71
 0 0 0 9268552 6127028 129 2185 0 0 0 0  0  0  0  0  0  688 1687  261 25  4 71
 0 0 0 9268592 6127108 134 2184 0 0 0 0  0  0  0  0  0  698 1672  263 25  4 71
 0 0 0 9268584 6127008 129 2183 0 0 0 0  0  1  0  0  0  707 1686  285 25  4 71
 0 0 0 9268508 6126932 62 863 0 0  0  0  0 151 0  0  0  577 1072  240 25  2 73
 0 0 0 9268276 6126868 85 1325 0 0 0  0  0  0  0  0  0  621 1278  235 25  2 73
 0 0 0 9268388 6126872 129 2185 0 0 0 0  0  0  0  0  0  720 1677  270 25  4 71
 0 0 0 9268388 6126812 129 2182 0 0 0 0  0  0  0  0  0  718 1687  284 25  4 71
 0 0 0 9268368 6126924 134 2183 0 0 0 0  0  0  0  0  0  722 1676  268 25  4 71
 0 0 0 9268420 6126900 129 2186 0 0 0 0  0  0  0  0  0  737 1697  278 25  4 71
 0 0 0 9268464 6126888 129 2180 0 0 0 0  0 170 0  0  0  782 1673  302 25  4 71
 0 0 0 9268388 6127172 147 2190 0 0 0 0  0  0  0  0  0  719 1698  264 25  4 71
 0 0 0 9268464 6126888 97 1599 0 0 0  0  0  0  0  0  0  627 1439  233 25  3 71
 0 0 0 9268492 6126920 32 586 0 0  0  0  0  0  0  0  0  534  911  200 25  1 74
 0 0 0 9268444 6126892 134 2184 0 0 0 0  0  0  0  0  0  700 1673  262 25  4 71
 kthr      memory            page            disk          faults      cpu
 r b w   swap  free  re  mf pi po fr de sr s0 s1 s2 --   in   sy   cs us sy id
 0 0 0 9268388 6126856 129 2182 0 0 0 0  0  1  0  0  0  749 1687  290 25  4 71
 0 0 0 9268400 6126876 129 2183 0 0 0 0  0 105 0  0  0  752 1682  280 25  4 71
 0 0 0 9268440 6127076 147 2190 0 0 0 0  0  0  0  0  0  864 1775  305 25  4 71
 0 0 0 9268460 6126892 129 2184 0 0 0 0  0  0  0  0  0  697 1673  262 25  4 71
 0 0 0 9268196 6126736 129 2183 0 0 0 0  0  0  0  0  0  740 1687  283 25  4 71
 0 0 0 9268440 6126964 134 2182 0 0 0 0  0  0  0  0  0  696 1671  259 25  4 71
 0 0 0 9268440 6126860 13 169 0 0  0  0  0  0  0  0  0  527  818  199 25  1 74
 0 0 0 9268252 6126804 117 2014 0 0 0 0  0 231 0  0  0  838 1543  312 25  3 72
 0 0 0 9268160 6126820 147 2191 0 0 0 0  0  0  0  0  0  703 1697  263 25  4 71
 0 0 0 9268452 6126876 129 2182 0 0 0 0  0  0  0  0  0  699 1676  263 25  4 71
 0 0 0 9268180 6126768 129 2185 0 0 0 0  0  0  0  0  0  710 1690  262 25  4 71
 0 0 0 9268140 6126788 134 2182 0 0 0 0  0  0  0  0  0  687 1671  258 25  4 71
 0 0 0 9268440 6126860 129 2183 0 0 0 0  0  0  0  0  0  750 1687  280 25  4 71
 0 0 0 9267992 6126572 142 2188 0 0 0 0  0 188 0  0  0  738 1676  289 25  4 71
 0 0 0 9268036 6126456 77 1194 0 0 0  0  0  0  0  0  0  599 1297  226 25  3 72
 0 0 0 9267740 6126328 53 989 0 0  0  0  0  0  0  0  0  562 1062  218 25  1 74
 0 0 0 9267792 6126212 129 2184 0 0 0 0  0  0  0  0  0  695 1686  274 25  4 71
 0 0 0 9267392 6125992 134 2184 0 0 0 0  0  0  0  0  0  695 1677  263 25  4 71
 0 0 0 9267356 6125944 129 2182 0 0 0 0  0  0  0  0  0  730 1695  281 25  4 71
 kthr      memory            page            disk          faults      cpu
 r b w   swap  free  re  mf pi po fr de sr s0 s1 s2 --   in   sy   cs us sy id
 0 0 0 9267524 6125944 129 2184 0 0 0 0  0 185 0  0  0  777 1679  304 25  4 71
 0 0 0 9267168 6126024 147 2189 0 0 0 0  0  0  0  0  0  682 1687  256 25  4 71
 0 0 0 9267016 6125608 129 2181 0 0 0 0  0  0  0  0  0  698 1674  265 25  4 71
 0 0 0 9267244 6125676 134 2185 0 0 0 0  0  0  0  0  0  715 1691  266 25  4 71
 0 0 0 9267248 6125664 12 99 0  0  0  0  0  0  0  0  0  463  765  176 25  1 74
 0 0 0 9266992 6125568 117 2086 0 0 0 0  0  0  0  0  0  742 1590  281 25  3 72
 0 0 0 9266944 6125576 129 2181 0 0 0 0  0 199 0  0  0  726 1676  286 25  4 71
 0 0 0 9267244 6125808 147 2190 0 0 0 0  0  0  0  0  0  871 1774  307 25  4 71
 0 0 0 9266988 6125568 129 2185 0 0 0 0  0  0  0  0  0  701 1676  262 25  4 71
 0 0 0 9266864 6125452 129 2180 0 0 0 0  0  0  0  0  0  738 1687  281 25  4 71
 0 0 0 9267240 6125740 134 2183 0 0 0 0  0  0  0  0  0  717 1673  258 25  4 71
 0 0 0 9266984 6125560 129 2183 0 0 0 0  0  0  0  0  0  709 1693  271 25  4 71
 0 0 0 9267084 6125560 95 1202 0 0 0  0  0 226 0  0  0  608 1263  248 25  3 72
 0 0 0 9266780 6125368 53 990 0 0  0  0  0  0  0  0  0  568 1100  219 25  1 74
 0 0 0 9267056 6125484 129 2183 0 0 0 0  0  0  0  0  0  702 1671  260 25  4 71
 0 0 0 9266800 6125376 129 2182 0 0 0 0  0  0  0  0  0  689 1684  263 25  4 71
 0 0 0 9266760 6125388 134 2184 0 0 0 0  0  0  0  0  0  696 1674  263 25  4 71
 0 0 0 9267060 6125476 129 2184 0 0 0 0  0  1  0  0  0  716 1685  286 25  4 71
 0 0 0 9266796 6125376 139 2187 0 0 0 0  0 158 0  0  0  712 1683  285 25  4 71
 kthr      memory            page            disk          faults      cpu
 r b w   swap  free  re  mf pi po fr de sr s0 s1 s2 --   in   sy   cs us sy id
 0 0 0 9266760 6125396 132 2181 0 0 0 0  0  0  0  0  0  695 1683  263 25  4 71
 0 0 0 9267060 6125476 129 2185 0 0 0 0  0  0  0  0  0  701 1686  264 25  4 71
 0 0 0 9266940 6125356 17 99 0  0  0  0  0  0  0  0  0  463  751  200 25  1 74
 0 0 0 9266744 6125324 117 2084 0 0 0 0  0  0  0  0  0  711 1600  262 25  3 72
 0 0 0 9266760 6125344 129 2186 0 0 0 0  0  1  0  0  0  751 1694  285 25  4 71
 0 0 0 9267056 6125536 129 2185 0 0 0 0  0 212 0  0  0  763 1679  294 25  4 71
 0 0 0 9266800 6125580 147 2193 0 0 0 0  0  0  0  0  0  718 1686  269 25  4 70
 0 0 0 9266844 6125400 129 2188 0 0 0 0  0  0  0  0  0  709 1673  259 25  4 71
 0 0 0 9266952 6125416 129 2184 0 0 0 0  0  0  0  0  0  708 1691  258 25  4 71
 0 0 0 9267036 6125556 135 2191 0 0 0 0  0  0  0  0  0  713 1675  257 25  4 71
 0 0 0 9267036 6125452 12 99 0  0  0  0  0  0  0  0  0  521  784  188 25  1 74
 0 0 0 9266948 6125492 117 2088 0 0 0 0  0 238 0  0  0  782 1571  292 25  3 72
 0 0 0 9266736 6125388 148 2199 0 0 0 0  0  0  0  0  0 1026 1780  310 25  4 71
 0 0 0 9267036 6125452 129 2189 0 0 0 0  0  0  0  0  0  709 1674  262 25  4 71
 0 0 0 9266696 6125276 129 2189 0 0 0 0  0  0  0  0  0  724 1688  281 25  4 71
 0 0 0 9266736 6125380 134 2188 0 0 0 0  0  0  0  0  0  704 1673  255 25  4 71
 0 0 0 9267032 6125448 129 2192 0 0 0 0  0  1  0  0  0  729 1697  273 25  4 71
 0 0 0 9266644 6125272 147 2201 0 0 0 0  0 206 0  0  0  749 1686  284 25  4 71
 0 0 0 9266884 6125308 77 1197 0 0 0  0  0  0  0  0  0  595 1288  220 25  3 72
 kthr      memory            page            disk          faults      cpu
 r b w   swap  free  re  mf pi po fr de sr s0 s1 s2 --   in   sy   cs us sy id
 0 0 0 9266584 6125168 53 995 0 0  0  0  0  0  0  0  0  568 1064  218 25  1 74
 0 0 0 9266880 6125300 129 2190 0 0 0 0  0  0  0  0  0  676 1688  262 25  4 71
 0 0 0 9320056 6178300 134 2188 0 0 0 0  0  0  0  0  0  592 1677  264  3  4 94
 0 0 0 9332320 6190640 188 4237 0 0 0 0  0  0  0  0  0  590 8673  289  4  5 91
 0 0 0 9341536 6200112 149 2471 0 0 0 0  0 242 0  0  0  593 1919  307  2  4 94
 0 0 0 9373404 6232412 147 2203 0 0 0 0  0  0  0  0  0  589 1691  263  0  4 96
 0 0 0 9373368 6232112 129 2193 0 0 0 0  0  0  0  0  0  570 1675  263  0  4 96
 0 0 0 9373572 6232236 134 2196 0 0 0 0  0  0  0  0  0  591 1689  284  0  4 96
 0 0 0 9373640 6232884 12 99 0  0  0  0  0  0  0  0  0  450  768  171  0  1 99
 0 0 0 9373384 6232788 117 2094 0 0 0 0  0  1  0  0  0  605 1586  290  0  3 97
 0 0 0 9373336 6232976 129 2198 0 0 0 0  0 195 0  0  0  588 1680  287  0  4 96
 0 0 0 9373620 6233828 147 2202 0 0 0 0  0  0  0  0  0  587 1696  268  0  4 96
 0 0 0 9373360 6233572 129 2197 0 0 0 0  0  0  0  0  0  571 1672  261  0  4 96
 0 0 0 9373316 6233536 129 2197 0 0 0 0  0  0  0  0  0  579 1687  261  0  4 96
 0 0 0 9373620 6233720 132 2198 0 0 0 0  0  0  0  0  0  588 1672  258  0  4 96
 0 0 0 9373364 6233576 128 2193 0 0 0 0  0  0  0  0  0  594 1681  275  0  4 96
 0 0 0 9373612 6233732 95 1207 0 0 0  0  0 215 0  0  0  568 1284  265  0  3 97
 0 0 0 9373316 6233536 52 996 0 0  0  0  0  0  0  0  0  494 1162  256  0  1 99
 0 0 0 9373620 6233672 129 2199 0 0 0 0  0  0  0  0  0  585 1672  262  0  4 96
 kthr      memory            page            disk          faults      cpu
 r b w   swap  free  re  mf pi po fr de sr s0 s1 s2 --   in   sy   cs us sy id
 0 0 0 9373300 6233520 129 2198 0 0 0 0  0  0  0  0  0  593 1686  278  0  4 96
 0 0 0 9373316 6233580 134 2194 0 0 0 0  0  0  0  0  0  573 1671  256  0  4 96
 0 0 0 9373612 6233668 129 2197 0 0 0 0  0  1  0  0  0  610 1693  285  0  4 96
 0 0 0 9373336 6233560 140 2202 0 0 0 0  0 254 0  0  0  606 1679  293  0  4 96
 0 0 0 9373296 6233540 130 2197 0 0 0 0  0  0  0  0  0  580 1684  261  0  4 96
 0 0 0 9373592 6233644 129 2195 0 0 0 0  0  0  0  0  0  587 1669  259  0  4 96
 0 0 0 9373592 6233656 17 99 0  0  0  0  0  0  0  0  0  454  785  177  0  1 99
 0 0 0 9373340 6233552 117 2095 0 0 0 0  0  0  0  0  0  566 1567  257  0  3 97
 0 0 0 9373296 6233516 129 2199 0 0 0 0  0  0  0  0  0  596 1687  278  0  4 96
 0 0 0 9373592 6233708 129 2196 0 0 0 0  0 249 0  0  0  623 1675  296  0  4 96
 0 0 0 9373308 6233720 147 2202 0 0 0 0  0  0  0  0  0  592 1683  264  0  4 96
 0 0 0 9373168 6233388 129 2194 0 0 0 0  0  0  0  0  0  581 1670  263  0  4 96
 0 0 0 9373396 6233448 131 2195 0 0 0 0  0  0  0  0  0  607 1684  282  0  4 96
 0 0 0 9373208 6233460 132 2198 0 0 0 0  0  0  0  0  0  567 1674  257  0  4 96
 0 0 0 9373460 6233516 76 1200 0 0 0  0  0  0  0  0  0  527 1287  237  0  3 97
 0 0 0 9373016 6233312 52 995 0 0  0  0  0 240 0  0  0  536 1072  249  0  1 99
 0 0 0 9373316 6233440 147 2204 0 0 0 0  0  0  0  0  0  585 1684  262  0  4 96
 0 0 0 9373056 6233268 129 2194 0 0 0 0  0  0  0  0  0  584 1670  266  0  4 96
 0 0 0 9373012 6233244 129 2197 0 0 0 0  0  0  0  0  0  594 1684  266  0  4 96
 kthr      memory            page            disk          faults      cpu
 r b w   swap  free  re  mf pi po fr de sr s0 s1 s2 --   in   sy   cs us sy id
 0 0 0 9373316 6233432 134 2196 0 0 0 0  0  0  0  0  0  587 1674  264  0  4 96
 0 0 0 9373060 6233272 129 2195 0 0 0 0  0  0  0  0  0  601 1683  286  0  4 96
 0 0 0 9373004 6233224 146 2202 0 0 0 0  0 214 0  0  0  632 1683  309  0  4 96
 0 0 0 9373320 6233372 129 2194 0 0 0 0  0  0  0  0  0  591 1776  315  0  4 96
 0 0 0 9373332 6233384 13 169 0 0  0  0  0  0  0  0  0  463  815  188  0  1 99
 0 0 0 9372988 6233208 116 2094 0 0 0 0  0  0  0  0  0  578 1587  276  0  3 97
 0 0 0 9373056 6233300 134 2196 0 0 0 0  0  0  0  0  0  561 1674  262  0  4 96
 0 0 0 9373336 6233400 129 2193 0 0 0 0  0  1  0  0  0  624 1694  289  0  4 96
 0 0 0 9373076 6233360 129 2197 0 0 0 0  0 259 0  0  0  611 1680  292  0  4 96
 0 0 0 9373040 6233480 147 2200 0 0 0 0  0  0  0  0  0  587 1682  263  0  4 96
 0 0 0 9373336 6233388 129 2193 0 0 0 0  0  0  0  0  0  588 1671  265  0  4 96
 0 0 0 9373080 6233292 131 2194 0 0 0 0  0  0  0  0  0  592 1687  263  0  4 96
 0 0 0 9373340 6233392 77 1199 0 0 0  0  0  0  0  0  0  532 1263  218  0  3 97
 0 0 0 9373040 6233260 52 994 0 0  0  0  0  1  0  0  0  540 1081  232  0  1 99
 0 0 0 9373320 6233440 129 2194 0 0 0 0  0 211 0  0  0  623 1679  307  0  4 96
 0 0 0 9373060 6233400 147 2197 0 0 0 0  0  0  0  0  0  594 1681  263  0  4 96
 0 0 0 9373020 6233240 129 2196 0 0 0 0  0  0  0  0  0  596 1674  265  0  4 96
 1 0 0 9373228 6233292 128 2192 0 0 0 0  0  0  0  0  0  604 1685  283  0  4 96
 0 0 0 9373036 6233312 134 2193 0 0 0 0  0  0  0  0  0  575 1673  259  0  4 96
 kthr      memory            page            disk          faults      cpu
 r b w   swap  free  re  mf pi po fr de sr s0 s1 s2 --   in   sy   cs us sy id
 0 0 0 9372968 6233200 129 2192 0 0 0 0  0  1  0  0  0  591 1691  278  0  4 96
 0 0 0 9373248 6233372 147 2199 0 0 0 0  0 209 0  0  0  618 1676  303  0  4 96
 0 0 0 9373252 6233304 12 99 0  0  0  0  0  0  0  0  0  467  766  177  0  1 99
 0 0 0 9372988 6233200 117 2092 0 0 0 0  0  0  0  0  0  585 1580  263  0  3 97
 0 0 0 9372944 6233176 129 2190 0 0 0 0  0  0  0  0  0  566 1688  267  0  4 96
 0 0 0 9373248 6233340 134 2191 0 0 0 0  0  0  0  0  0  576 1673  261  0  4 96
 0 0 0 9372992 6233204 129 2187 0 0 0 0  0  0  0  0  0  586 1684  277  0  4 96
 0 0 0 9372944 6233164 136 2189 0 0 0 0  0 258 0  0  0  616 1674  304  0  4 96
 0 0 0 9373244 6233304 129 2186 0 0 0 0  0  0  0  0  0  584 1773  307  0  4 96
 0 0 0 9372992 6233204 129 2188 0 0 0 0  0  0  0  0  0  586 1673  260  0  4 96
 0 0 0 9373128 6233192 82 1194 0 0 0  0  0  0  0  0  0  544 1272  243  0  3 97
 0 0 0 9372920 6233152 52 992 0 0  0  0  0  0  0  0  0  509 1076  215  0  1 99
 0 0 0 9373216 6233268 129 2187 0 0 0 0  0  0  0  0  0  593 1692  288  0  4 96
 0 0 0 9372960 6233244 129 2185 0 0 0 0  0 236 0  0  0  622 1678  296  0  4 96
 0 0 0 9372920 6233288 147 2193 0 0 0 0  0  0  0  0  0  583 1689  264  0  4 96
 0 0 0 9373216 6233268 129 2188 0 0 0 0  0  0  0  0  0  578 1673  268  0  4 96
 0 0 0 9372960 6233172 128 2183 0 0 0 0  0  0  0  0  0  580 1682  264  0  4 96
 0 0 0 9372920 6233172 131 2187 0 0 0 0  0  0  0  0  0  579 1672  261  0  4 96
 0 0 0 9373220 6233272 128 2185 0 0 0 0  0  0  0  0  0  601 1683  278  0  4 96
 kthr      memory            page            disk          faults      cpu
 r b w   swap  free  re  mf pi po fr de sr s0 s1 s2 --   in   sy   cs us sy id
 0 0 0 9373212 6233336 17 100 0 0  0  0  0 233 0  0  0  479  756  209  0  1 99
 0 0 0 9372960 6233224 130 2092 0 0 0 0  0  0  0  0  0  584 1594  262  0  3 97
 0 0 0 9372920 6233140 129 2186 0 0 0 0  0  0  0  0  0  580 1673  265  0  4 96
 0 0 0 9373144 6233216 129 2188 0 0 0 0  0  0  0  0  0  596 1689  284  0  4 96
 0 0 0 9372936 6233200 134 2188 0 0 0 0  0  0  0  0  0  579 1673  258  0  4 96
 0 0 0 9372892 6233112 129 2184 0 0 0 0  0  1  0  0  0  585 1690  287  0  4 96
 0 0 0 9373192 6233244 147 2193 0 0 0 0  0 219 0  0  0  621 1676  306  0  4 96
 0 0 0 9372940 6233156 129 2186 0 0 0 0  0  0  0  0  0  583 1683  260  0  4 96
 0 0 0 9373192 6233244 77 1195 0 0 0  0  0  0  0  0  0  532 1254  225  0  3 97
 0 0 0 9372892 6233136 52 991 0 0  0  0  0  0  0  0  0  509 1095  218  0  1 99
 0 0 0 9373196 6233268 134 2188 0 0 0 0  0  0  0  0  0  575 1672  258  0  4 96
 0 0 0 9372940 6233152 128 2183 0 0 0 0  0  1  0  0  0  587 1680  277  0  4 96
 0 0 0 9372892 6233180 129 2187 0 0 0 0  0 235 0  0  0  627 1680  296  0  4 96
 0 0 0 9373192 6233464 147 2191 0 0 0 0  0  0  0  0  0  599 1773  312  0  4 96
 0 0 0 9372940 6233152 129 2190 0 0 0 0  0  0  0  0  0  584 1679  267  0  4 96
 0 0 0 9372804 6233036 134 2186 0 0 0 0  0  0  0  0  0  611 1682  288  0  4 96
 0 0 0 9373168 6233220 129 2185 0 0 0 0  0  0  0  0  0  584 1673  261  0  4 96
 0 0 0 9373168 6233220 12 99 0  0  0  0  0  0  0  0  0  516  761  205  0  1 99
 0 0 0 9372872 6233156 117 2085 0 0 0 0  0 201 0  0  0  641 1598  292  0  3 97
 kthr      memory            page            disk          faults      cpu
 r b w   swap  free  re  mf pi po fr de sr s0 s1 s2 --   in   sy   cs us sy id
 0 0 0 9372832 6233124 147 2192 0 0 0 0  0  0  0  0  0  583 1683  260  0  4 96
 0 0 0 9373128 6233180 129 2188 0 0 0 0  0  0  0  0  0  599 1672  264  0  4 96
 0 0 0 9372872 6233104 129 2187 0 0 0 0  0  0  0  0  0  606 1688  266  0  4 96
 0 0 0 9372832 6233116 134 2184 0 0 0 0  0  0  0  0  0  580 1669  261  0  4 96
 0 0 0 9373132 6233184 129 2186 0 0 0 0  0  0  0  0  0  588 1683  277  0  4 96
 0 0 0 9372868 6233136 147 2192 0 0 0 0  0 298 0  0  0  618 1677  294  0  4 96
 0 0 0 9373128 6233180 77 1196 0 0 0  0  0  0  0  0  0  506 1256  218  0  2 98
 0 0 0 9372832 6233052 52 993 0 0  0  0  0  0  0  0  0  512 1108  228  0  2 98
 0 0 0 9372988 6233072 129 2185 0 0 0 0  0  0  0  0  0  591 1681  281  0  4 96
 0 0 0 9372792 6233024 134 2187 0 0 0 0  0  0  0  0  0  575 1673  265  0  4 96
 0 0 0 9372808 6233028 128 2187 0 0 0 0  0  0  0  0  0  605 1697  290  0  4 96
 0 0 0 9372984 6233060 141 2192 0 0 0 0  0 220 0  0  0  616 1678  300  0  4 96
 0 0 0 9372744 6233040 135 2186 0 0 0 0  0  0  0  0  0  586 1683  264  0  4 96
 0 0 0 9372700 6232920 129 2185 0 0 0 0  0  0  0  0  0  588 1673  263  0  4 96
 0 0 0 9372996 6233068 134 2187 0 0 0 0  0  0  0  0  0  608 1687  263  0  4 96
 0 0 0 9373000 6233052 12 99 0  0  0  0  0  0  0  0  0  410  730  167  0  0 99
 0 0 0 9372744 6232956 117 2085 0 0 0 0  0  0  0  0  0  590 1616  273  0  3 96
 0 0 0 9372564 6232916 129 2188 0 0 0 0  0 203 0  0  0  618 1676  295  0  4 96
 0 0 0 9372868 6233068 147 2194 0 0 0 0  0  0  0  0  0  594 1774  307  0  4 96
 kthr      memory            page            disk          faults      cpu
 r b w   swap  free  re  mf pi po fr de sr s0 s1 s2 --   in   sy   cs us sy id
 0 0 0 9372592 6232816 129 2187 0 0 0 0  0  0  0  0  0  588 1673  263  0  4 96
 0 0 0 9372472 6232688 129 2186 0 0 0 0  0  0  0  0  0  605 1688  283  0  4 96
 0 0 0 9372804 6232856 129 2185 0 0 0 0  0  0  0  0  0  578 1672  256  0  4 96
 0 0 0 9372548 6232760 129 2188 0 0 0 0  0  1  0  0  0  605 1696  289  0  4 96
 0 0 0 9372672 6232856 95 1202 0 0 0  0  0 225 0  0  0  562 1237  252  0  2 98
 0 0 0 9372384 6232600 52 992 0 0  0  0  0  0  0  0  0  530 1112  217  0  2 98
 0 0 0 9372676 6232728 129 2185 0 0 0 0  0  0  0  0  0  581 1673  265  0  4 96
 0 0 0 9372420 6232652 129 2187 0 0 0 0  0  0  0  0  0  588 1693  268  0  4 96
 0 0 0 9372384 6232644 134 2185 0 0 0 0  0  0  0  0  0  577 1671  259  0  4 96
 0 0 0 9372680 6232732 129 2187 0 0 0 0  0  0  0  0  0  580 1688  282  0  4 96
