
SunOS canfire03 5.11 onnv-gate i86pc    05/10/2009

17:19:06 sml_mem   alloc  fail  lg_mem   alloc  fail  ovsz_alloc  fail
17:19:11 367460544 320590528     0 1197064192 1150401792     0    76648448     0
17:19:16 367460544 320596896     0 1197051904 1150395392     0    76648448     0
17:19:21 367460544 320600832     0 1197056000 1150400256     0    76648448     0
17:19:26 367460544 320606784     0 1197072384 1150413312     0    76648448     0
17:19:31 367460544 320572736     0 1197072384 1150416384     0    76648448     0
17:19:36 367460544 320577376     0 1197056000 1150409216     0    76648448     0
17:19:41 367460544 320592416     0 1197056000 1150464512     0    76648448     0
17:19:46 367460544 320697728     0 1197096960 1150499200     0    76648448     0
17:19:51 367460544 320591296     0 1197072384 1150429952     0    76648448     0
17:19:56 367460544 320593632     0 1197056000 1150420480     0    76648448     0
17:20:01 367460544 320571168     0 1197056000 1150426624     0    76648448     0
17:20:06 367460544 320576544     0 1197068288 1150433280     0    76648448     0
17:20:11 367460544 320580128     0 1197068288 1150438912     0    76648448     0
17:20:16 367460544 320583072     0 1197051904 1150428160     0    76648448     0
17:20:21 367460544 320586656     0 1197051904 1150433280     0    76648448     0
17:20:26 367460544 320604416     0 1197096960 1150498304     0    76648448     0
17:20:31 367460544 320552608     0 1197068288 1150427392     0    76648448     0
17:20:36 367460544 320575680     0 1197088768 1150445824     0    76648448     0
17:20:41 367460544 320579264     0 1197088768 1150446848     0    76648448     0
17:20:46 367460544 320585664     0 1197125632 1150464256     0    76648448     0
17:20:51 367460544 320589248     0 1197125632 1150464256     0    76648448     0
17:20:56 367460544 320592288     0 1197150208 1150459136     0    76648448     0
17:21:01 367460544 320570848     0 1197191168 1150461184     0    76648448     0
17:21:06 367460544 320577920     0 1197207552 1150477568     0    76648448     0
17:21:11 367460544 320592896     0 1197207552 1150528768     0    76648448     0
17:21:16 367460544 320660864     0 1197207552 1150509312     0    76648448     0
17:21:21 367460544 320588096     0 1197191168 1150474752     0    76648448     0
17:21:26 367460544 320594048     0 1197207552 1150487296     0    76648448     0
17:21:31 367460544 320572192     0 1197207552 1150491392     0    76648448     0
17:21:36 367460544 320576608     0 1197191168 1150480128     0    76648448     0
17:21:41 367460544 320580192     0 1197191168 1150485760     0    76648448     0
17:21:46 367460544 320586464     0 1197207552 1150496512     0    76648448     0
17:21:51 367460544 320601440     0 1197207552 1150550784     0    76648448     0
17:21:56 367460544 320702880     0 1197232128 1150566016     0    76648448     0
17:22:01 367460544 320572992     0 1197215744 1150504192     0    76648448     0
17:22:06 367460544 320580512     0 1197232128 1150520064     0    76648448     0
17:22:11 367460544 320584640     0 1197232128 1150520576     0    76648448     0
17:22:16 367460544 320587584     0 1197215744 1150519552     0    76648448     0
17:22:21 367460544 320591296     0 1197219840 1150518528     0    76648448     0
17:22:26 367460544 320597696     0 1197236224 1150530304     0    76648448     0
17:22:31 367460544 320575680     0 1197236224 1150535936     0    76648448     0
17:22:36 367460544 320591360     0 1197219840 1150576384     0    76648448     0
17:22:41 367460544 320660192     0 1197256704 1150567680     0    76648448     0
17:22:46 367460544 320589760     0 1197260800 1150544640     0    76648448     0
17:22:51 367460544 320593664     0 1197260800 1150551040     0    76648448     0
17:22:56 367460544 320596288     0 1197244416 1150537984     0    76648448     0
17:23:01 367460544 320574208     0 1197244416 1150542592     0    76648448     0
17:23:06 367460544 320581920     0 1197285376 1150558464     0    76648448     0
17:23:11 367460544 320585600     0 1197309952 1150558464     0    76648448     0
17:23:16 367460544 320588544     0 1197293568 1150551296     0    76648448     0
17:23:21 367460544 320616256     0 1197301760 1150617088     0    76648448     0
17:23:26 367460544 320599072     0 1197322240 1150579840     0    76648448     0
17:23:31 367460544 320576384     0 1197322240 1150579840     0    76648448     0
17:23:36 367460544 320581120     0 1197305856 1150572160     0    76648448     0
17:23:41 367460544 320584704     0 1197305856 1150572160     0    76648448     0
17:23:46 367460544 320590976     0 1197322240 1150584448     0    76648448     0
17:23:51 367460544 320594560     0 1197322240 1150593664     0    76648448     0
17:23:56 367460544 320597504     0 1197305856 1150580224     0    76648448     0
17:24:01 367460544 320586976     0 1197305856 1150638208     0    76648448     0
17:24:06 367460544 321199808     0 1197527040 1150929408     0    76648448     0
17:24:11 367493312 323842176     0 1198624768 1151545088     0    76648448     0
17:24:16 367513792 323937536     0 1198620672 1151552128     0    76648448     0
17:24:21 367517888 323954048     0 1198620672 1151553152     0    76648448     0
17:24:26 367517888 323972928     0 1198641152 1151573632     0    76648448     0
17:24:31 367517888 323843264     0 1198641152 1151541760     0    76648448     0
17:24:36 367517888 323847616     0 1198624768 1151538688     0    76648448     0
17:24:41 367517888 323862592     0 1198624768 1151589248     0    76648448     0
17:24:46 367521984 323968896     0 1198665728 1151625984     0    76648448     0
17:24:51 367521984 323861568     0 1198641152 1151555584     0    76648448     0
17:24:56 367521984 323864384     0 1198624768 1151542144     0    76648448     0
17:25:01 367521984 323843040     0 1198657536 1151580672     0    76648448     0
17:25:06 367521984 323850080     0 1198673920 1151596160     0    76648448     0
17:25:11 367521984 323853664     0 1198673920 1151600256     0    76648448     0
17:25:16 367521984 323856608     0 1198657536 1151588480     0    76648448     0
17:25:21 367521984 323861376     0 1198657536 1151721088     0    76648448     0
17:25:26 367521984 323869184     0 1198673920 1151791104     0    76648448     0
17:25:31 367521984 323844352     0 1198673920 1151752704     0    76648448     0
17:25:36 367521984 323849408     0 1198657536 1151743104     0    76648448     0
17:25:41 367521984 323852992     0 1198657536 1151743104     0    76648448     0
17:25:46 367526080 323859904     0 1198673920 1151755904     0    76648448     0
17:25:51 367530176 323864064     0 1198673920 1151760000     0    76648448     0
17:25:56 367530176 323867776     0 1198657536 1151748224     0    76648448     0
17:26:01 367534272 323845984     0 1198657536 1151748224     0    76648448     0
17:26:06 367534272 323866240     0 1198714880 1151818368     0    76648448     0
17:26:11 367534272 323934048     0 1198731264 1151799296     0    76648448     0
17:26:16 367534272 323860192     0 1198698496 1151754624     0    76648448     0
17:26:21 367534272 323863680     0 1198739456 1151752320     0    76648448     0
17:26:26 367534272 323870048     0 1198764032 1151765120     0    76648448     0
17:26:31 367534272 323847808     0 1198780416 1151781504     0    76648448     0
17:26:36 367534272 323852320     0 1198764032 1151772672     0    76648448     0
17:26:41 367534272 323855904     0 1198764032 1151774336     0    76648448     0
17:26:46 367534272 323873760     0 1198780416 1151839232     0    76648448     0
17:26:51 367534272 323872704     0 1198784512 1151806976     0    76648448     0
17:26:56 367534272 323868448     0 1198764032 1151777408     0    76648448     0
17:27:01 367538368 323846368     0 1198764032 1151783808     0    76648448     0
17:27:06 367538368 323682432     0 1198751744 1151782784     0    76648448     0
17:27:11 367538368 323731904     0 1198751744 1151786624     0    76648448     0
17:27:16 367538368 323750496     0 1198743552 1151780736     0    76648448     0
17:27:21 367538368 323760512     0 1198759936 1151792512     0    76648448     0
17:27:27 367538368 323775552     0 1198759936 1151844736     0    76648448     0
17:27:32 367542464 323848960     0 1198784512 1151875712     0    76648448     0
17:27:37 367542464 323743168     0 1198759936 1151803264     0    76648448     0
17:27:42 367542464 323749440     0 1198776320 1151813504     0    76648448     0
17:27:47 367542464 323753024     0 1198776320 1151814528     0    76648448     0
17:27:52 367542464 323756192     0 1198759936 1151806848     0    76648448     0
17:27:57 367542464 323759776     0 1198759936 1151808384     0    76648448     0
17:28:02 367542464 323745376     0 1198776320 1151818240     0    76648448     0
17:28:07 367542464 323745536     0 1198776320 1151818624     0    76648448     0
17:28:12 367542464 323760000     0 1198759936 1151860608     0    76648448     0
17:28:17 367542464 323828992     0 1198776320 1151850240     0    76648448     0
17:28:22 367542464 323758464     0 1198776320 1151824256     0    76648448     0
17:28:27 367542464 323762048     0 1198776320 1151824256     0    76648448     0
17:28:32 367542464 323739136     0 1198759936 1151813504     0    76648448     0
17:28:37 367542464 323744288     0 1198759936 1151817600     0    76648448     0
17:28:42 367542464 323750560     0 1198776320 1151831424     0    76648448     0
17:28:47 367542464 323754144     0 1198776320 1151831424     0    76648448     0
17:28:52 367542464 323767296     0 1198759936 1151928320     0    76648448     0
17:28:57 367546560 323785376     0 1198821376 1151901312     0    76648448     0
17:29:02 367546560 323752288     0 1198829568 1151884288     0    76648448     0
17:29:07 367546560 323721664     0 1198833664 1151915648     0    76648448     0
17:29:12 367546560 323906048     0 1198845952 1151930752     0    76648448     0
17:29:17 367546560 323931392     0 1198850048 1151934848     0    76648448     0
17:29:22 367546560 324024064     0 1198878720 1151965312     0    76648448     0
17:29:27 367546560 324025920     0 1198882816 1151971200     0    76648448     0
17:29:32 367546560 324130912     0 1198882816 1152029696     0    76648448     0
17:29:37 367546560 324255232     0 1198911488 1152056704     0    76648448     0
17:29:42 367546560 324241216     0 1198915584 1152006016     0    76648448     0
17:29:47 367546560 324244800     0 1198915584 1152007680     0    76648448     0
17:29:52 367546560 324268192     0 1198903296 1152002176     0    76648448     0
17:29:57 367546560 324306080     0 1198915584 1152015744     0    76648448     0
17:30:02 367546560 324314400     0 1198931968 1152027136     0    76648448     0
17:30:07 367550656 324332480     0 1198931968 1152028544     0    76648448     0
17:30:12 367550656 324335584     0 1198915584 1152020864     0    76648448     0
17:30:17 367550656 324370208     0 1198927872 1152091392     0    76648448     0
17:30:22 367550656 324322496     0 1198936064 1151981056     0    76648448     0
17:30:27 367550656 324331008     0 1198936064 1151981056     0    76648448     0
17:30:32 367550656 324334048     0 1198919680 1151969280     0    76648448     0
17:30:37 367550656 324337632     0 1198919680 1151967616     0    76648448     0
17:30:42 367550656 324343904     0 1198936064 1151981440     0    76648448     0
17:30:47 367550656 324347520     0 1198936064 1151983104     0    76648448     0
17:30:52 367550656 324322624     0 1199067136 1151990144     0    76648448     0
17:30:57 367550656 324342976     0 1199067136 1152044160     0    76648448     0
17:31:02 367550656 324416800     0 1199099904 1152048640     0    76648448     0
17:31:07 367550656 324340480     0 1199095808 1152007680     0    76648448     0
17:31:12 367550656 324343584     0 1199079424 1151994240     0    76648448     0
17:31:17 367550656 324347168     0 1199079424 1151995904     0    76648448     0
17:31:22 367550656 324324480     0 1199095808 1152006016     0    76648448     0
17:31:27 367550656 324332992     0 1199095808 1152007680     0    76648448     0
17:31:32 367550656 324336832     0 1199210496 1152127232     0    76648448     0
17:31:37 367550656 324350976     0 1199185920 1152154240     0    76648448     0
17:31:42 367550656 324321792     0 1199165440 1152098944     0    76648448     0
17:31:47 367550656 324349216     0 1199202304 1152120320     0    76648448     0
17:31:52 367550656 324323040     0 1199185920 1152119296     0    76648448     0
17:31:57 367550656 324331232     0 1199185920 1152118656     0    76648448     0
17:32:02 367550656 324339776     0 1199202304 1152128384     0    76648448     0
17:32:07 367550656 324341440     0 1199202304 1152130432     0    76648448     0
17:32:12 367550656 324344384     0 1199185920 1152119680     0    76648448     0
17:32:17 367550656 324359328     0 1199185920 1152170240     0    76648448     0
17:32:22 367550656 324438656     0 1199226880 1152203008     0    76648448     0
17:32:27 367550656 324333376     0 1199202304 1152135552     0    76648448     0
17:32:32 367550656 324336320     0 1199185920 1152123776     0    76648448     0
17:32:37 367550656 324339904     0 1199185920 1152127872     0    76648448     0
17:32:42 367550656 324346176     0 1199202304 1152141696     0    76648448     0
17:32:47 367550656 324349760     0 1199202304 1152141696     0    76648448     0
17:32:52 367550656 324323680     0 1199185920 1152134272     0    76648448     0
17:32:57 367550656 324332192     0 1199185920 1152134272     0    76648448     0
17:33:02 367550656 324356640     0 1199202304 1152210688     0    76648448     0
17:33:07 367550656 324419200     0 1199218688 1152187008     0    76648448     0
17:33:12 367550656 324345024     0 1199185920 1152138368     0    76648448     0
17:33:17 367550656 324348640     0 1199185920 1152138368     0    76648448     0
17:33:22 367550656 324325760     0 1199202304 1152152448     0    76648448     0
17:33:27 367550656 324334656     0 1199202304 1152154624     0    76648448     0
17:33:32 367550656 324337600     0 1199185920 1152141184     0    76648448     0
17:33:37 367550656 324341184     0 1199185920 1152142848     0    76648448     0
17:33:42 367550656 324358848     0 1199202304 1152206848     0    76648448     0
17:33:47 367550656 324363648     0 1199206400 1152170368     0    76648448     0
17:33:52 367550656 324324672     0 1199202304 1152159616     0    76648448     0
17:33:57 367550656 324333312     0 1199202304 1152161280     0    76648448     0
17:34:02 367550656 324341120     0 1199218688 1152176768     0    76648448     0
17:34:07 367550656 324342880     0 1199218688 1152175488     0    76648448     0
17:34:12 367550656 324345824     0 1199202304 1152169472     0    76648448     0
17:34:17 367550656 324349408     0 1199202304 1152167808     0    76648448     0
17:34:22 367550656 324339872     0 1199218688 1152232832     0    76648448     0
17:34:27 367550656 324445216     0 1199243264 1152255360     0    76648448     0
17:34:32 367550656 324337664     0 1199202304 1152170496     0    76648448     0
17:34:37 367550656 324341248     0 1199202304 1152170496     0    76648448     0
17:34:42 367550656 324347520     0 1199218688 1152186368     0    76648448     0
17:34:47 367550656 324351104     0 1199218688 1152186368     0    76648448     0
17:34:52 367554752 324336960     0 1199202304 1152179072     0    76648448     0
17:34:57 367554752 324346144     0 1199202304 1152184832     0    76648448     0
17:35:02 367558848 324351616     0 1199218688 1152200704     0    76648448     0
17:35:07 367562944 324368320     0 1199218688 1152252928     0    76648448     0
17:35:12 367562944 324366976     0 1199210496 1152207104     0    76648448     0
17:35:17 367562944 324363200     0 1199202304 1152188928     0    76648448     0
17:35:22 367562944 324340192     0 1199218688 1152199040     0    76648448     0
17:35:27 367567040 324349344     0 1199218688 1152200704     0    76648448     0
17:35:32 367567040 324352288     0 1199202304 1152188928     0    76648448     0
17:35:37 367567040 324358560     0 1199218688 1152200704     0    76648448     0
17:35:42 367567040 324362144     0 1199218688 1152200704     0    76648448     0
17:35:48 367567040 324376480     0 1199202304 1152249344     0    76648448     0
17:35:53 367567040 324418912     0 1199218688 1152236416     0    76648448     0
17:35:58 367567040 324351552     0 1199226880 1152221184     0    76648448     0
17:36:03 367567040 324353440     0 1199226880 1152220800     0    76648448     0
17:36:08 367567040 324357504     0 1199210496 1152209408     0    76648448     0
17:36:13 367567040 324361216     0 1199210496 1152207744     0    76648448     0
17:36:18 367567040 324367488     0 1199226880 1152221184     0    76648448     0
17:36:23 367567040 324343840     0 1199226880 1152221184     0    76648448     0
17:36:28 367567040 324361664     0 1199210496 1152264192     0    76648448     0
17:36:33 367567040 324464768     0 1199235072 1152282496     0    76648448     0
17:36:38 367567040 324359296     0 1199226880 1152225664     0    76648448     0
17:36:43 367567040 324362944     0 1199226880 1152229760     0    76648448     0
17:36:48 367567040 324365888     0 1199210496 1152219648     0    76648448     0
17:36:53 367567040 324339968     0 1199210496 1152217984     0    76648448     0
17:36:58 367567040 324351328     0 1199226880 1152231424     0    76648448     0
17:37:03 367567040 324353760     0 1199226880 1152229376     0    76648448     0
17:37:08 367567040 324357888     0 1199210496 1152217984     0    76648448     0
17:37:13 367567040 324338752     0 1199169536 1152204032     0    76648448     0
17:37:18 367567040 324367488     0 1199226880 1152229760     0    76648448     0
17:37:23 367567040 324341792     0 1199226880 1152231424     0    76648448     0
17:37:28 367567040 324349664     0 1199210496 1152222080     0    76648448     0
17:37:33 367567040 324353280     0 1199210496 1152227840     0    76648448     0
17:37:38 367567040 324359808     0 1199226880 1152237952     0    76648448     0
17:37:43 367567040 324364064     0 1199357952 1152370944     0    76648448     0
17:37:48 367567040 324366880     0 1199341568 1152359168     0    76648448     0
17:37:53 367567040 322740160     0 1199042560 1152167040     0    76648448     0
17:37:58 367567040 322814976     0 1199075328 1152162432     0    76648448     0
17:38:03 367567040 322751040     0 1199058944 1152132480     0    76648448     0
17:38:08 367567040 322178432     0 1198886912 1152061312     0    76648448     0
17:38:13 367567040 322182016     0 1198886912 1152063872     0    76648448     0
17:38:18 367567040 322188288     0 1198903296 1152075648     0    76648448     0
17:38:23 367567040 322136896     0 1198903296 1152077184     0    76648448     0
17:38:28 367567040 322144704     0 1198886912 1152067968     0    76648448     0
17:38:33 367567040 322159712     0 1198886912 1152125824     0    76648448     0
17:38:38 367567040 322265472     0 1198927872 1152158464     0    76648448     0
17:38:43 367567040 322158272     0 1198903296 1152087680     0    76648448     0
17:38:48 367567040 322141472     0 1198886912 1152276864     0    76648448     0
17:38:53 367567040 322147360     0 1198886912 1152276864     0    76648448     0
17:38:58 367567040 322153472     0 1198903296 1152288640     0    76648448     0
17:39:03 367567040 322156000     0 1198903296 1152293888     0    76648448     0
17:39:08 367567040 322160064     0 1198886912 1152280960     0    76648448     0
17:39:13 367567040 322163648     0 1198886912 1152285056     0    76648448     0
17:39:18 367567040 322155392     0 1198903296 1152252288     0    76648448     0
17:39:23 367567040 322226464     0 1198919680 1152241920     0    76648448     0
17:39:28 367567040 322152384     0 1198886912 1152188288     0    76648448     0
17:39:33 367567040 322155968     0 1198886912 1152188288     0    76648448     0
17:39:38 367567040 322162240     0 1198903296 1152200064     0    76648448     0
17:39:43 367567040 322165984     0 1198903296 1152198528     0    76648448     0
17:39:48 367567040 322143360     0 1198886912 1152298880     0    76648448     0
17:39:53 367567040 322148512     0 1198886912 1152298880     0    76648448     0
17:39:58 367567040 322166176     0 1198903296 1152362880     0    76648448     0
17:40:03 367567040 322236032     0 1198927872 1152395520     0    76648448     0
17:40:08 367567040 322160512     0 1198886912 1152301440     0    76648448     0
17:40:13 367567040 322164096     0 1198886912 1152305536     0    76648448     0
17:40:18 367567040 322144192     0 1198903296 1152325504     0    76648448     0
17:40:23 367567040 322149792     0 1198903296 1152325504     0    76648448     0
17:40:28 367567040 322152736     0 1198886912 1152315264     0    76648448     0
17:40:33 367567040 322156320     0 1198886912 1152315264     0    76648448     0
17:40:38 367567040 322162592     0 1198903296 1152329600     0    76648448     0
17:40:43 367567040 322177728     0 1198903296 1152383360     0    76648448     0
17:40:48 367567040 322158400     0 1198899200 1152355456     0    76648448     0
17:40:53 367567040 322148864     0 1198886912 1152328320     0    76648448     0
17:40:58 367567040 322155200     0 1198903296 1152341376     0    76648448     0
17:41:03 367567040 322157120     0 1198903296 1152340992     0    76648448     0
17:41:08 367567040 322161216     0 1198886912 1152329600     0    76648448     0
17:41:13 367567040 322164768     0 1198886912 1152331648     0    76648448     0
17:41:18 367567040 322145344     0 1198903296 1152351872     0    76648448     0
17:41:23 367567040 322150528     0 1198903296 1152355968     0    76648448     0
17:41:28 367567040 322164832     0 1198886912 1152396416     0    76648448     0
17:41:33 367567040 322234112     0 1198903296 1152385152     0    76648448     0
17:41:38 367567040 322163200     0 1198903296 1152360064     0    76648448     0
17:41:43 367567040 322166912     0 1198903296 1152360064     0    76648448     0
17:41:48 367567040 322143264     0 1199005696 1152356480     0    76648448     0
17:41:53 367567040 322148864     0 1199005696 1152356480     0    76648448     0
17:41:58 367567040 322155136     0 1199022080 1152368256     0    76648448     0
17:42:03 367567040 322158144     0 1199022080 1152368256     0    76648448     0
17:42:08 367567040 322173056     0 1199005696 1152408704     0    76648448     0
17:42:13 367567040 322276768     0 1199030272 1152433792     0    76648448     0
17:42:18 367567040 322145024     0 1199022080 1152376448     0    76648448     0
17:42:23 367567040 322150976     0 1199022080 1152378752     0    76648448     0
17:42:28 367567040 322153600     0 1199005696 1152368768     0    76648448     0
17:42:33 367567040 322157184     0 1199005696 1152371328     0    76648448     0
17:42:38 367567040 322163584     0 1199022080 1152384640     0    76648448     0
17:42:43 367567040 322167296     0 1199022080 1152384640     0    76648448     0
17:42:48 367567040 322143936     0 1199005696 1152254080     0    76648448     0
17:42:53 367567040 322160704     0 1199005696 1152307200     0    76648448     0
17:42:58 367567040 322232544     0 1199038464 1152305280     0    76648448     0
17:43:03 367567040 322157568     0 1199022080 1152269568     0    76648448     0
17:43:08 367567040 322161664     0 1199005696 1152258176     0    76648448     0
17:43:13 367567040 322165248     0 1199005696 1152256640     0    76648448     0
17:43:18 367567040 322146368     0 1199022080 1152401024     0    76648448     0
17:43:23 367567040 322151264     0 1199022080 1152401024     0    76648448     0
17:43:28 367567040 322154208     0 1199005696 1152389248     0    76648448     0
17:43:33 367567040 322169312     0 1199005696 1152441472     0    76648448     0
17:43:38 367567040 322274816     0 1199046656 1152474240     0    76648448     0
17:43:43 367567040 322167680     0 1199022080 1152401024     0    76648448     0
17:43:48 367567040 322144064     0 1199136768 1152395904     0    76648448     0
17:43:53 367567040 322151456     0 1199407104 1152531200     0    76648448     0
17:43:58 367567040 322157504     0 1199415296 1152539008     0    76648448     0
17:44:03 367567040 322159424     0 1199529984 1152532480     0    76648448     0
17:44:09 367567040 322163776     0 1199792128 1152532864     0    76648448     0
17:44:14 367567040 322170048     0 1199808512 1152544640     0    76648448     0
17:44:19 367567040 322158656     0 1199939584 1152605184     0    76648448     0
17:44:24 367567040 322229056     0 1200070656 1152588672     0    76648448     0
17:44:29 367567040 322155296     0 1200185344 1152547712     0    76648448     0
17:44:34 367567040 322161728     0 1200201728 1152559488     0    76648448     0
17:44:39 367567040 322166528     0 1200201728 1152692736     0    76648448     0
17:44:44 367567040 322169472     0 1200185344 1152679296     0    76648448     0
17:44:49 367567040 322146624     0 1200185344 1152564608     0    76648448     0
17:44:54 367567040 322154496     0 1200201728 1152578048     0    76648448     0
17:44:59 367571136 322171840     0 1200201728 1152761856     0    76648448     0
17:45:04 367571136 322175296     0 1200185344 1152716672     0    76648448     0
17:45:09 367571136 322166752     0 1200185344 1152696192     0    76648448     0
17:45:14 367571136 322173024     0 1200201728 1152709632     0    76648448     0
17:45:19 367571136 322149696     0 1200365568 1152891904     0    76648448     0
17:45:24 367571136 322154656     0 1200349184 1152878464     0    76648448     0
17:45:29 367571136 322158400     0 1200349184 1152878464     0    76648448     0
17:45:34 367571136 322164800     0 1200365568 1152891904     0    76648448     0
17:45:39 367571136 322168384     0 1200365568 1152890240     0    76648448     0
17:45:44 367571136 322182720     0 1200349184 1152930816     0    76648448     0
17:45:49 367571136 322180288     0 1200361472 1152788864     0    76648448     0
17:45:54 367571136 322156352     0 1200365568 1152760832     0    76648448     0
17:45:59 367571136 322160512     0 1200365568 1152760832     0    76648448     0
17:46:04 367571136 322162304     0 1200349184 1152748672     0    76648448     0
17:46:09 367571136 322166464     0 1200349184 1152747392     0    76648448     0
17:46:14 367571136 322172736     0 1200365568 1152759168     0    76648448     0
17:46:19 367571136 322150464     0 1200365568 1152759168     0    76648448     0
17:46:24 367571136 322154944     0 1200349184 1152751488     0    76648448     0
17:46:29 367571136 322269760     0 1200373760 1152824704     0    76648448     0
17:46:34 367571136 322164864     0 1200365568 1152763264     0    76648448     0
17:46:39 367571136 322168448     0 1200365568 1152763264     0    76648448     0
17:46:44 367571136 322171392     0 1200349184 1152751488     0    76648448     0
17:46:49 367571136 322149632     0 1200349184 1152887040     0    76648448     0
17:46:54 367571136 322157504     0 1200365568 1152898816     0    76648448     0
17:46:59 367571136 322161088     0 1200365568 1152898816     0    76648448     0
17:47:04 367571136 322164032     0 1200349184 1152887040     0    76648448     0
17:47:09 367571136 322179200     0 1200349184 1152940032     0    76648448     0
17:47:14 367571136 322201984     0 1200369664 1152921984     0    76648448     0
17:47:19 367571136 322150368     0 1200496640 1152767744     0    76648448     0
17:47:24 367571136 322155488     0 1200480256 1152755968     0    76648448     0
17:47:29 367571136 322159200     0 1200480256 1152755968     0    76648448     0
17:47:34 367571136 322165472     0 1200496640 1152769280     0    76648448     0
17:47:39 367571136 321296416     0 1200324608 1152593280     0    76648448     0
17:47:44 367571136 321299360     0 1200308224 1152583040     0    76648448     0
17:47:49 367575232 321291136     0 1200320512 1152733568     0    76648448     0
17:47:54 367579328 320751808     0 1200185344 1152716288     0    76648448     0
17:47:59 367579328 320759168     0 1200218112 1152706560     0    76648448     0
17:48:04 367579328 320761568     0 1200201728 1152692736     0    76648448     0
17:48:09 367579328 320765856     0 1200201728 1152693120     0    76648448     0
17:48:14 367579328 320772128     0 1200218112 1152704896     0    76648448     0
17:48:19 367579328 320728128     0 1200218112 1152575488     0    76648448     0
17:48:24 367579328 320732800     0 1200201728 1152562048     0    76648448     0
17:48:29 367579328 320736512     0 1200201728 1152563712     0    76648448     0
17:48:34 367579328 320754176     0 1200218112 1152626048     0    76648448     0
17:48:39 367579328 320857056     0 1200242688 1152652672     0    76648448     0
17:48:44 367579328 320749056     0 1200201728 1152566144     0    76648448     0
17:48:49 367579328 320726528     0 1200201728 1152692864     0    76648448     0
17:48:54 367579328 320734816     0 1200218112 1152704640     0    76648448     0
17:48:59 367579328 320738400     0 1200218112 1152704640     0    76648448     0
17:49:04 367579328 320741344     0 1200201728 1152692864     0    76648448     0
17:49:09 367579328 320744928     0 1200201728 1152694400     0    76648448     0
17:49:14 367579328 320751200     0 1200218112 1152706176     0    76648448     0
17:49:19 367579328 320740416     0 1200218112 1152757760     0    76648448     0
17:49:24 367579328 320810144     0 1200218112 1152735360     0    76648448     0
17:49:29 367579328 320736832     0 1200201728 1152692864     0    76648448     0
17:49:34 367579328 320743104     0 1200218112 1152706688     0    76648448     0
17:49:39 367579328 320746688     0 1200218112 1152706688     0    76648448     0
17:49:44 367579328 320749632     0 1200201728 1152694912     0    76648448     0
17:49:49 367579328 320727392     0 1200201728 1152694912     0    76648448     0
17:49:54 367579328 320735168     0 1200218112 1152706688     0    76648448     0
17:49:59 367579328 320751040     0 1200349184 1152890240     0    76648448     0
17:50:04 367579328 320857280     0 1200357376 1152905472     0    76648448     0
17:50:09 367579328 320745920     0 1200332800 1152827904     0    76648448     0
17:50:14 367579328 320752192     0 1200349184 1152839680     0    76648448     0
17:50:19 367579328 320729696     0 1200480256 1152838016     0    76648448     0
17:50:24 367579328 320734368     0 1200463872 1152832000     0    76648448     0
17:50:29 367579328 320737952     0 1200463872 1152830336     0    76648448     0
17:50:34 367579328 320744224     0 1200480256 1152842112     0    76648448     0
17:50:39 367579328 320747808     0 1200480256 1152842112     0    76648448     0
17:50:44 367579328 320762112     0 1200463872 1152888320     0    76648448     0
17:50:49 367579328 320748928     0 1200476160 1152876032     0    76648448     0
17:50:54 367579328 320735872     0 1200484352 1152851968     0    76648448     0
17:50:59 367579328 320740832     0 1200484352 1152856448     0    76648448     0
17:51:04 367579328 320740128     0 1200435200 1152806272     0    76648448     0
17:51:09 367579328 320744320     0 1200435200 1152806656     0    76648448     0
17:51:14 367579328 320750720     0 1200451584 1152818432     0    76648448     0
17:51:19 367579328 320728352     0 1200451584 1152687360     0    76648448     0
17:51:24 367579328 320732864     0 1200435200 1152675584     0    76648448     0
17:51:29 367579328 320747840     0 1200435200 1152726272     0    76648448     0
17:51:34 367579328 320819072     0 1200467968 1152728320     0    76648448     0
17:51:39 367579328 320746048     0 1200451584 1152687360     0    76648448     0
17:51:44 367579328 320748992     0 1200435200 1152675584     0    76648448     0
17:51:49 367595712 320752160     0 1200435200 1152762496     0    76648448     0
17:51:54 367599808 320760640     0 1200451584 1152774272     0    76648448     0
17:51:59 367599808 320764224     0 1200451584 1152774272     0    76648448     0
17:52:04 367599808 320767232     0 1200435200 1152760832     0    76648448     0
17:52:09 367599808 320782176     0 1200435200 1152814720     0    76648448     0
17:52:14 367603904 320888000     0 1200476160 1152847360     0    76648448     0
17:52:19 367608000 320753088     0 1200435200 1152631424     0    76648448     0
17:52:24 367608000 320758688     0 1200435200 1152631424     0    76648448     0
17:52:30 367612096 320765600     0 1200451584 1152643200     0    76648448     0
17:52:35 367612096 320769184     0 1200451584 1152641536     0    76648448     0
17:52:40 367612096 320772192     0 1200435200 1152631424     0    76648448     0
17:52:45 367612096 320775776     0 1200435200 1152631424     0    76648448     0
17:52:50 367612096 320756480     0 1200451584 1152774272     0    76648448     0
17:52:55 367612096 320773216     0 1200451584 1152831488     0    76648448     0
17:53:00 367612096 320841280     0 1200451584 1152805888     0    76648448     0
17:53:05 367612096 320767328     0 1200435200 1152766208     0    76648448     0
17:53:10 367612096 320774336     0 1200451584 1152778368     0    76648448     0
17:53:15 367616192 320778688     0 1200451584 1152778368     0    76648448     0
17:53:20 367616192 320755712     0 1200435200 1152766592     0    76648448     0
17:53:25 367616192 320760864     0 1200435200 1152766592     0    76648448     0
17:53:30 367616192 320767136     0 1200451584 1152778368     0    76648448     0
17:53:35 367616192 320770720     0 1200451584 1152778368     0    76648448     0
17:53:40 367616192 320801280     0 1200451584 1152834432     0    76648448     0
17:53:45 367616192 320776992     0 1200435200 1152764928     0    76648448     0
17:53:50 367616192 320756736     0 1200451584 1152776704     0    76648448     0
17:53:55 367616192 320762368     0 1200451584 1152780800     0    76648448     0
17:54:00 367616192 320765312     0 1200435200 1152769024     0    76648448     0
17:54:05 367616192 320768896     0 1200435200 1152769024     0    76648448     0
17:54:10 367616192 320775296     0 1200451584 1152780800     0    76648448     0
17:54:15 367616192 320779008     0 1200451584 1152784896     0    76648448     0
17:54:20 367616192 320767104     0 1200435200 1152694272     0    76648448     0
17:54:25 367616192 320870848     0 1200459776 1152716800     0    76648448     0
17:54:30 367616192 320766880     0 1200451584 1152655488     0    76648448     0
17:54:35 367616192 320770496     0 1200451584 1152655488     0    76648448     0
17:54:40 367616192 320773408     0 1200435200 1152643712     0    76648448     0
17:54:45 367616192 320776992     0 1200435200 1152643712     0    76648448     0
17:54:50 367616192 320757792     0 1200451584 1152786560     0    76648448     0
17:54:55 367616192 320762944     0 1200451584 1152786560     0    76648448     0
17:55:00 367616192 320765888     0 1200435200 1152774784     0    76648448     0
17:55:05 367616192 320782400     0 1200435200 1152833152     0    76648448     0
17:55:10 367616192 320852224     0 1200467968 1152827520     0    76648448     0
17:55:15 367616192 320779392     0 1200451584 1152786560     0    76648448     0
17:55:20 367616192 320756352     0 1200476160 1152774784     0    76648448     0
17:55:25 367616192 320761504     0 1200476160 1152773120     0    76648448     0
17:55:30 367616192 320767776     0 1200492544 1152784896     0    76648448     0
17:55:35 367616192 320771360     0 1200492544 1152784896     0    76648448     0
17:55:40 367616192 320774304     0 1200476160 1152773120     0    76648448     0
17:55:45 367616192 320789248     0 1200476160 1152825344     0    76648448     0
17:55:50 367616192 320867808     0 1200517120 1152858112     0    76648448     0
17:55:55 367616192 320763008     0 1200492544 1152784896     0    76648448     0
17:56:00 367616192 320766816     0 1200476160 1152775424     0    76648448     0
17:56:05 367616192 320769088     0 1200476160 1152772736     0    76648448     0
17:56:10 367616192 320776896     0 1200492544 1152917888     0    76648448     0
17:56:15 367616192 320780736     0 1200492544 1152920192     0    76648448     0
17:56:20 367616192 320756864     0 1200607232 1152906112     0    76648448     0
17:56:25 367616192 320762016     0 1200607232 1152906112     0    76648448     0
17:56:30 367616192 320779872     0 1200623616 1152971008     0    76648448     0
17:56:35 367616192 320772416     0 1200623616 1152927232     0    76648448     0
17:56:40 367616192 320774560     0 1200607232 1152904576     0    76648448     0
17:56:45 367616192 320778464     0 1200607232 1152906752     0    76648448     0
17:56:50 367616192 320758688     0 1200754688 1152916352     0    76648448     0
17:56:55 367616192 320763840     0 1200754688 1152917888     0    76648448     0
17:57:00 367616192 320767264     0 1200738304 1152906752     0    76648448     0
17:57:05 367616192 320770656     0 1200738304 1152914304     0    76648448     0
17:57:10 367616192 320777024     0 1200795648 1152926080     0    76648448     0
17:57:15 367616192 320772096     0 1200758784 1152937472     0    76648448     0
17:57:20 367616192 320756448     0 1200910336 1152783232     0    76648448     0
17:57:25 367616192 320762048     0 1200910336 1152783232     0    76648448     0
17:57:30 367616192 320768640     0 1200926720 1152795648     0    76648448     0
17:57:35 367616192 320771904     0 1200926720 1152793472     0    76648448     0
17:57:40 367616192 320774848     0 1200910336 1152781696     0    76648448     0
17:57:45 367616192 320778432     0 1200910336 1152781696     0    76648448     0
