This is pdfTeXk, Version 3.1415926-1.40.9 (Web2C 7.5.7) (format=pdflatex 2008.12.28)  12 FEB 2011 19:59
entering extended mode
 %&-line parsing enabled.
**\input prospectus.tex
(./prospectus.tex (/usr/local/texlive/2008/texmf-dist/tex/latex/base/report.cls
Document Class: report 2005/09/16 v1.4f Standard LaTeX document class
(/usr/local/texlive/2008/texmf-dist/tex/latex/base/size12.clo
File: size12.clo 2005/09/16 v1.4f Standard LaTeX file (size option)
)
\c@part=\count79
\c@chapter=\count80
\c@section=\count81
\c@subsection=\count82
\c@subsubsection=\count83
\c@paragraph=\count84
\c@subparagraph=\count85
\c@figure=\count86
\c@table=\count87
\abovecaptionskip=\skip41
\belowcaptionskip=\skip42
\bibindent=\dimen102
)
(./template/uldiss.sty
*
* UL Lafayette Doctoral Dissertation Format
* arranged by Malcolm Hutson (malcolm@louisiana.edu)
*
* Modified by Adam Lewis (awlewis@cacs.louisiana.edu )
* in Spring 2011 to meet Graduate School requirements
* as of that semester.
*
* Note: This style file does not guarantee the satisifaction
* of all requirements specified by the UL Graudate School.
* Users should always compare their document against the
* guidelines in regulations published by the UL Graduate School.
*
* Based on the U.T. Austin Doctoral Dissertation Format by
* Young. U. Ryu, Miguel A. Lerma, Craig McCluskey
* utdiss2.sty-05.sty
*
(/usr/local/texlive/2008/texmf-dist/tex/latex/geometry/geometry.sty
Package: geometry 2008/12/21 v4.2 Page Geometry

(/usr/local/texlive/2008/texmf-dist/tex/latex/graphics/keyval.sty
Package: keyval 1999/03/16 v1.13 key=value parser (DPC)
\KV@toks@=\toks14
)
(/usr/local/texlive/2008/texmf-dist/tex/generic/oberdiek/ifpdf.sty
Package: ifpdf 2007/12/12 v1.6 Provides the ifpdf switch (HO)
Package ifpdf Info: pdfTeX in pdf mode detected.
)
(/usr/local/texlive/2008/texmf-dist/tex/generic/oberdiek/ifvtex.sty
Package: ifvtex 2008/11/04 v1.4 Switches for detecting VTeX and its modes (HO)
Package ifvtex Info: VTeX not detected.
)
\Gm@cnth=\count88
\Gm@cntv=\count89
\c@Gm@tempcnt=\count90
\Gm@bindingoffset=\dimen103
\Gm@wd@mp=\dimen104
\Gm@odd@mp=\dimen105
\Gm@even@mp=\dimen106
\Gm@dimlist=\toks15

(/usr/local/texlive/2008/texmf-dist/tex/xelatex/xetexconfig/geometry.cfg))
(/usr/local/texlive/2008/texmf-dist/tex/latex/base/fontenc.sty
Package: fontenc 2005/09/27 v1.99g Standard LaTeX package

(/usr/local/texlive/2008/texmf-dist/tex/latex/base/t1enc.def
File: t1enc.def 2005/09/27 v1.99g Standard LaTeX file
LaTeX Font Info:    Redeclaring font encoding T1 on input line 43.
))
(/usr/local/texlive/2008/texmf-dist/tex/latex/base/textcomp.sty
Package: textcomp 2005/09/27 v1.99g Standard LaTeX package
Package textcomp Info: Sub-encoding information:
(textcomp)               5 = only ISO-Adobe without \textcurrency
(textcomp)               4 = 5 + \texteuro
(textcomp)               3 = 4 + \textohm
(textcomp)               2 = 3 + \textestimated + \textcurrency
(textcomp)               1 = TS1 - \textcircled - \t
(textcomp)               0 = TS1 (full)
(textcomp)             Font families with sub-encoding setting implement
(textcomp)             only a restricted character set as indicated.
(textcomp)             Family '?' is the default used for unknown fonts.
(textcomp)             See the documentation for details.
Package textcomp Info: Setting ? sub-encoding to TS1/1 on input line 71.

(/usr/local/texlive/2008/texmf-dist/tex/latex/base/ts1enc.def
File: ts1enc.def 2001/06/05 v3.0e (jk/car/fm) Standard LaTeX file
)
LaTeX Info: Redefining \oldstylenums on input line 266.
Package textcomp Info: Setting cmr sub-encoding to TS1/0 on input line 281.
Package textcomp Info: Setting cmss sub-encoding to TS1/0 on input line 282.
Package textcomp Info: Setting cmtt sub-encoding to TS1/0 on input line 283.
Package textcomp Info: Setting cmvtt sub-encoding to TS1/0 on input line 284.
Package textcomp Info: Setting cmbr sub-encoding to TS1/0 on input line 285.
Package textcomp Info: Setting cmtl sub-encoding to TS1/0 on input line 286.
Package textcomp Info: Setting ccr sub-encoding to TS1/0 on input line 287.
Package textcomp Info: Setting ptm sub-encoding to TS1/4 on input line 288.
Package textcomp Info: Setting pcr sub-encoding to TS1/4 on input line 289.
Package textcomp Info: Setting phv sub-encoding to TS1/4 on input line 290.
Package textcomp Info: Setting ppl sub-encoding to TS1/3 on input line 291.
Package textcomp Info: Setting pag sub-encoding to TS1/4 on input line 292.
Package textcomp Info: Setting pbk sub-encoding to TS1/4 on input line 293.
Package textcomp Info: Setting pnc sub-encoding to TS1/4 on input line 294.
Package textcomp Info: Setting pzc sub-encoding to TS1/4 on input line 295.
Package textcomp Info: Setting bch sub-encoding to TS1/4 on input line 296.
Package textcomp Info: Setting put sub-encoding to TS1/5 on input line 297.
Package textcomp Info: Setting uag sub-encoding to TS1/5 on input line 298.
Package textcomp Info: Setting ugq sub-encoding to TS1/5 on input line 299.
Package textcomp Info: Setting ul8 sub-encoding to TS1/4 on input line 300.
Package textcomp Info: Setting ul9 sub-encoding to TS1/4 on input line 301.
Package textcomp Info: Setting augie sub-encoding to TS1/5 on input line 302.
Package textcomp Info: Setting dayrom sub-encoding to TS1/3 on input line 303.
Package textcomp Info: Setting dayroms sub-encoding to TS1/3 on input line 304.

Package textcomp Info: Setting pxr sub-encoding to TS1/0 on input line 305.
Package textcomp Info: Setting pxss sub-encoding to TS1/0 on input line 306.
Package textcomp Info: Setting pxtt sub-encoding to TS1/0 on input line 307.
Package textcomp Info: Setting txr sub-encoding to TS1/0 on input line 308.
Package textcomp Info: Setting txss sub-encoding to TS1/0 on input line 309.
Package textcomp Info: Setting txtt sub-encoding to TS1/0 on input line 310.
Package textcomp Info: Setting futs sub-encoding to TS1/4 on input line 311.
Package textcomp Info: Setting futx sub-encoding to TS1/4 on input line 312.
Package textcomp Info: Setting futj sub-encoding to TS1/4 on input line 313.
Package textcomp Info: Setting hlh sub-encoding to TS1/3 on input line 314.
Package textcomp Info: Setting hls sub-encoding to TS1/3 on input line 315.
Package textcomp Info: Setting hlst sub-encoding to TS1/3 on input line 316.
Package textcomp Info: Setting hlct sub-encoding to TS1/5 on input line 317.
Package textcomp Info: Setting hlx sub-encoding to TS1/5 on input line 318.
Package textcomp Info: Setting hlce sub-encoding to TS1/5 on input line 319.
Package textcomp Info: Setting hlcn sub-encoding to TS1/5 on input line 320.
Package textcomp Info: Setting hlcw sub-encoding to TS1/5 on input line 321.
Package textcomp Info: Setting hlcf sub-encoding to TS1/5 on input line 322.
Package textcomp Info: Setting pplx sub-encoding to TS1/3 on input line 323.
Package textcomp Info: Setting pplj sub-encoding to TS1/3 on input line 324.
Package textcomp Info: Setting ptmx sub-encoding to TS1/4 on input line 325.
Package textcomp Info: Setting ptmj sub-encoding to TS1/4 on input line 326.
)
(/usr/local/texlive/2008/texmf-dist/tex/latex/fancyhdr/fancyhdr.sty
\fancy@headwidth=\skip43
\f@ncyO@elh=\skip44
\f@ncyO@erh=\skip45
\f@ncyO@olh=\skip46
\f@ncyO@orh=\skip47
\f@ncyO@elf=\skip48
\f@ncyO@erf=\skip49
\f@ncyO@olf=\skip50
\f@ncyO@orf=\skip51
)
(/usr/local/texlive/2008/texmf-dist/tex/latex/totpages/totpages.sty
Package: totpages 2005/09/19 v2.00 Totpages Package (muewi)

(/usr/local/texlive/2008/texmf-dist/tex/latex/ms/everyshi.sty
Package: everyshi 2001/05/15 v3.00 EveryShipout Package (MS)
))
(/usr/local/texlive/2008/texmf-dist/tex/latex/base/makeidx.sty
Package: makeidx 2000/03/29 v1.0m Standard LaTeX package
)
(/usr/local/texlive/2008/texmf-dist/tex/latex/listings/listings.sty
\lst@mode=\count91
\lst@gtempboxa=\box26
\lst@token=\toks16
\lst@length=\count92
\lst@currlwidth=\dimen107
\lst@column=\count93
\lst@pos=\count94
\lst@lostspace=\dimen108
\lst@width=\dimen109
\lst@newlines=\count95
\lst@lineno=\count96
\lst@maxwidth=\dimen110

(/usr/local/texlive/2008/texmf-dist/tex/latex/listings/lstmisc.sty
File: lstmisc.sty 2007/02/22 1.4 (Carsten Heinz)
\c@lstnumber=\count97
\lst@skipnumbers=\count98
\lst@framebox=\box27
)
(/usr/local/texlive/2008/texmf-dist/tex/latex/listings/listings.cfg
File: listings.cfg 2007/02/22 1.4 listings configuration
))
Package: listings 2007/02/22 1.4 (Carsten Heinz)
\one@num=\skip52
\two@num=\skip53
\three@num=\skip54
\four@num=\skip55
\five@num=\skip56
\six@num=\skip57
\c@onenum=\skip58
\c@twonum=\skip59
\c@threenum=\skip60
\c@fournum=\skip61
\c@fivenum=\skip62
\chap@or@app=\count99
\with@parts=\count100
\numberofmembers=\count101
\numberofmemberstitle=\count102
\membernumbercounter=\count103

* *
* *
* This is a master thesis *
* *
* *
) (/usr/local/texlive/2008/texmf-dist/tex/latex/amsmath/amsmath.sty
Package: amsmath 2000/07/18 v2.13 AMS math features
\@mathmargin=\skip63

For additional information on amsmath, use the `?' option.
(/usr/local/texlive/2008/texmf-dist/tex/latex/amsmath/amstext.sty
Package: amstext 2000/06/29 v2.01

(/usr/local/texlive/2008/texmf-dist/tex/latex/amsmath/amsgen.sty
File: amsgen.sty 1999/11/30 v2.0
\@emptytoks=\toks17
\ex@=\dimen111
))
(/usr/local/texlive/2008/texmf-dist/tex/latex/amsmath/amsbsy.sty
Package: amsbsy 1999/11/29 v1.2d
\pmbraise@=\dimen112
)
(/usr/local/texlive/2008/texmf-dist/tex/latex/amsmath/amsopn.sty
Package: amsopn 1999/12/14 v2.01 operator names
)
\inf@bad=\count104
LaTeX Info: Redefining \frac on input line 211.
\uproot@=\count105
\leftroot@=\count106
LaTeX Info: Redefining \overline on input line 307.
\classnum@=\count107
\DOTSCASE@=\count108
LaTeX Info: Redefining \ldots on input line 379.
LaTeX Info: Redefining \dots on input line 382.
LaTeX Info: Redefining \cdots on input line 467.
\Mathstrutbox@=\box28
\strutbox@=\box29
\big@size=\dimen113
LaTeX Font Info:    Redeclaring font encoding OML on input line 567.
LaTeX Font Info:    Redeclaring font encoding OMS on input line 568.
\macc@depth=\count109
\c@MaxMatrixCols=\count110
\dotsspace@=\muskip10
\c@parentequation=\count111
\dspbrk@lvl=\count112
\tag@help=\toks18
\row@=\count113
\column@=\count114
\maxfields@=\count115
\andhelp@=\toks19
\eqnshift@=\dimen114
\alignsep@=\dimen115
\tagshift@=\dimen116
\tagwidth@=\dimen117
\totwidth@=\dimen118
\lineht@=\dimen119
\@envbody=\toks20
\multlinegap=\skip64
\multlinetaggap=\skip65
\mathdisplay@stack=\toks21
LaTeX Info: Redefining \[ on input line 2666.
LaTeX Info: Redefining \] on input line 2667.
)
(/usr/local/texlive/2008/texmf-dist/tex/latex/amscls/amsthm.sty
Package: amsthm 2004/08/06 v2.20
\thm@style=\toks22
\thm@bodyfont=\toks23
\thm@headfont=\toks24
\thm@notefont=\toks25
\thm@headpunct=\toks26
\thm@preskip=\skip66
\thm@postskip=\skip67
\thm@headsep=\skip68
\dth@everypar=\toks27
)
(/usr/local/texlive/2008/texmf-dist/tex/latex/amsfonts/amsfonts.sty
Package: amsfonts 2001/10/25 v2.2f
\symAMSa=\mathgroup4
\symAMSb=\mathgroup5
LaTeX Font Info:    Overwriting math alphabet `\mathfrak' in version `bold'
(Font)                  U/euf/m/n --> U/euf/b/n on input line 132.
)
(/usr/local/texlive/2008/texmf-dist/tex/latex/amsmath/amscd.sty
Package: amscd 1999/11/29 v1.2d
\athelp@=\toks28
\minaw@=\dimen120
\bigaw@=\dimen121
\minCDarrowwidth=\dimen122
)
(/usr/local/texlive/2008/texmf-dist/tex/latex/amsfonts/eucal.sty
Package: eucal 2001/10/01 v2.2d Euler Script fonts
LaTeX Font Info:    Overwriting math alphabet `\EuScript' in version `bold'
(Font)                  U/eus/m/n --> U/eus/b/n on input line 55.
)
(/usr/local/texlive/2008/texmf-dist/tex/latex/tools/verbatim.sty
Package: verbatim 2003/08/22 v1.5q LaTeX2e package for verbatim enhancements
\every@verbatim=\toks29
\verbatim@line=\toks30
\verbatim@in@stream=\read1
)
(/usr/local/texlive/2008/texmf-dist/tex/latex/listings/lstlang1.sty
File: lstlang1.sty 2004/09/05 1.3 listings language file
)
(/usr/local/texlive/2008/texmf-dist/tex/latex/listings/lstmisc.sty
File: lstmisc.sty 2007/02/22 1.4 (Carsten Heinz)
)
(/usr/local/texlive/2008/texmf-dist/tex/latex/caption/caption.sty
Package: caption 2008/08/24 v3.1j Customizing captions (AR)

(/usr/local/texlive/2008/texmf-dist/tex/latex/caption/caption3.sty
Package: caption3 2008/08/24 v3.1j caption3 kernel (AR)
\captionmargin=\dimen123
\captionmargin@=\dimen124
\captionwidth=\dimen125
\caption@indent=\dimen126
\caption@parindent=\dimen127
\caption@hangindent=\dimen128
)
\c@ContinuedFloat=\count116
Package caption Info: listings package is loaded.
)
(/usr/local/texlive/2008/texmf-dist/tex/latex/pdfpages/pdfpages.sty
Package: pdfpages 2008/06/22 v0.4f Insert pages of external PDF documents (AM)

(/usr/local/texlive/2008/texmf-dist/tex/latex/base/ifthen.sty
Package: ifthen 2001/05/26 v1.1c Standard LaTeX ifthen package (DPC)
)
(/usr/local/texlive/2008/texmf-dist/tex/latex/graphics/graphicx.sty
Package: graphicx 1999/02/16 v1.0f Enhanced LaTeX Graphics (DPC,SPQR)

(/usr/local/texlive/2008/texmf-dist/tex/latex/graphics/graphics.sty
Package: graphics 2006/02/20 v1.0o Standard LaTeX Graphics (DPC,SPQR)

(/usr/local/texlive/2008/texmf-dist/tex/latex/graphics/trig.sty
Package: trig 1999/03/16 v1.09 sin cos tan (DPC)
)
(/usr/local/texlive/2008/texmf/tex/latex/config/graphics.cfg
File: graphics.cfg 2007/01/18 v1.5 graphics configuration of teTeX/TeXLive
)
Package graphics Info: Driver file: pdftex.def on input line 90.

(/usr/local/texlive/2008/texmf-dist/tex/latex/pdftex-def/pdftex.def
File: pdftex.def 2008/09/08 v0.04l Graphics/color for pdfTeX
\Gread@gobject=\count117
))
\Gin@req@height=\dimen129
\Gin@req@width=\dimen130
)
(/usr/local/texlive/2008/texmf-dist/tex/latex/tools/calc.sty
Package: calc 2005/08/06 v4.2 Infix arithmetic (KKT,FJ)
\calc@Acount=\count118
\calc@Bcount=\count119
\calc@Adimen=\dimen131
\calc@Bdimen=\dimen132
\calc@Askip=\skip69
\calc@Bskip=\skip70
LaTeX Info: Redefining \setlength on input line 75.
LaTeX Info: Redefining \addtolength on input line 76.
\calc@Ccount=\count120
\calc@Cskip=\skip71
)
(/usr/local/texlive/2008/texmf-dist/tex/latex/eso-pic/eso-pic.sty
Package: eso-pic 2006/07/14 v1.1d eso-pic (RN)
)
(/usr/local/texlive/2008/texmf-dist/tex/latex/pdfpages/pppdftex.def
File: pppdftex.def 2008/06/22 v0.4f Pdfpages driver for pdfTeX (AM)
)
\AM@pagebox=\box30
\AM@toc@title=\toks31
\c@AM@survey=\count121
\AM@templatesizebox=\box31
)
(/usr/local/texlive/2008/texmf-dist/tex/latex/subfig/subfig.sty
Package: subfig 2005/06/28 ver: 1.3 subfig package
\c@KVtest=\count122
\sf@farskip=\skip72
\sf@captopadj=\dimen133
\sf@capskip=\skip73
\sf@nearskip=\skip74
\c@subfigure=\count123
\c@subfigure@save=\count124
\c@lofdepth=\count125
\c@subtable=\count126
\c@subtable@save=\count127
\c@lotdepth=\count128
\sf@top=\skip75
\sf@bottom=\skip76
)
* *
* *
* This is a prospectus *
* *
* *
* *
* *
* COMPUTER SCIENCE *
* *
* *
(./template/acmtrans/acmtrans.sty
\bibhang=\skip77
\bibindent=\dimen134
LaTeX Info: Redefining \rm on input line 284.
LaTeX Info: Redefining \sf on input line 285.
LaTeX Info: Redefining \tt on input line 286.
LaTeX Info: Redefining \bf on input line 287.
LaTeX Info: Redefining \it on input line 288.
LaTeX Info: Redefining \sl on input line 289.
LaTeX Info: Redefining \sc on input line 290.
LaTeX Info: Redefining \cal on input line 291.
LaTeX Info: Redefining \mit on input line 292.
)
\@indexfile=\write3
\openout3 = `prospectus.idx'.


Writing index file prospectus.idx
(./prospectus.aux (./chapter-introduction.aux) (./chapter-related.aux)
(./chapter-systemmodel.aux) (./chapter-prediction.aux)
(./chapter-scheduling.aux) (./chapter-evaluation.aux) (./chapter-futures.aux))
\openout1 = `prospectus.aux'.

LaTeX Font Info:    Checking defaults for OML/cmm/m/it on input line 155.
LaTeX Font Info:    ... okay on input line 155.
LaTeX Font Info:    Checking defaults for T1/cmr/m/n on input line 155.
LaTeX Font Info:    ... okay on input line 155.
LaTeX Font Info:    Checking defaults for OT1/cmr/m/n on input line 155.
LaTeX Font Info:    ... okay on input line 155.
LaTeX Font Info:    Checking defaults for OMS/cmsy/m/n on input line 155.
LaTeX Font Info:    ... okay on input line 155.
LaTeX Font Info:    Checking defaults for OMX/cmex/m/n on input line 155.
LaTeX Font Info:    ... okay on input line 155.
LaTeX Font Info:    Checking defaults for U/cmr/m/n on input line 155.
LaTeX Font Info:    ... okay on input line 155.
LaTeX Font Info:    Checking defaults for TS1/cmr/m/n on input line 155.
LaTeX Font Info:    Try loading font information for TS1+cmr on input line 155.


(/usr/local/texlive/2008/texmf-dist/tex/latex/base/ts1cmr.fd
File: ts1cmr.fd 1999/05/25 v2.5h Standard LaTeX font definitions
)
LaTeX Font Info:    ... okay on input line 155.

*geometry auto-detecting driver*
*geometry detected driver: pdftex*
-------------------- Geometry parameters
paper: letterpaper
landscape: --
twocolumn: --
twoside: --
asymmetric: --
h-parts: 90.3375pt, 451.68752pt, 72.26999pt
v-parts: 72.26999pt, 650.43001pt, 72.26999pt
hmarginratio: --
vmarginratio: --
lines: --
heightrounded: --
bindingoffset: 0.0pt
truedimen: --
includehead: --
includefoot: --
includemp: --
driver: pdftex
-------------------- Page layout dimensions and switches
\paperwidth  614.295pt
\paperheight 794.96999pt
\textwidth  451.68752pt
\textheight 650.43001pt
\oddsidemargin  18.0675pt
\evensidemargin 18.0675pt
\topmargin  -37.0pt
\headheight 12.0pt
\headsep    25.0pt
\footskip   30.0pt
\marginparwidth 44.0pt
\marginparsep   10.0pt
\columnsep  10.0pt
\skip\footins  10.8pt plus 4.0pt minus 2.0pt
\hoffset 0.0pt
\voffset 0.0pt
\mag 1000

(1in=72.27pt, 1cm=28.45pt)
-----------------------
ABD: EveryShipout initializing macros
\c@lstlisting=\count129
Package caption Info: Begin \AtBeginDocument code.
Package caption3 Info: subfig package 1.2 or 1.3 is loaded.
LaTeX Info: Redefining \subref on input line 155.
Package caption Info: Incompatible package detected (regarding \caption).
(caption)             \caption = macro:->\refstepcounter \@captype \@dblarg {\@
caption \@captype }.


Package caption Warning: \caption will not be redefined since it's already
(caption)                redefined by a document class or package which is
(caption)                unknown to the caption package.
See the caption package documentation for explanation.

Package caption Info: End \AtBeginDocument code.
(/usr/local/texlive/2008/texmf-dist/tex/context/base/supp-pdf.tex
[Loading MPS to PDF converter (version 2006.09.02).]
\scratchcounter=\count130
\scratchdimen=\dimen135
\scratchbox=\box32
\nofMPsegments=\count131
\nofMParguments=\count132
\everyMPshowfont=\toks32
\MPscratchCnt=\count133
\MPscratchDim=\dimen136
\MPnumerator=\count134
\everyMPtoPDFconversion=\toks33
) (/usr/local/texlive/2008/texmf-dist/tex/latex/graphics/color.sty
Package: color 2005/11/14 v1.0j Standard LaTeX Color (DPC)

(/usr/local/texlive/2008/texmf/tex/latex/config/color.cfg
File: color.cfg 2007/01/18 v1.5 color configuration of teTeX/TeXLive
)
Package color Info: Driver file: pdftex.def on input line 130.
) [1.1

{/usr/local/texlive/2008/texmf-var/fonts/map/pdftex/updmap/pdftex.map}] [2.2

]
LaTeX Font Info:    Try loading font information for U+msa on input line 159.

(/usr/local/texlive/2008/texmf-dist/tex/latex/amsfonts/umsa.fd
File: umsa.fd 2002/01/19 v2.2g AMS font definitions
)
LaTeX Font Info:    Try loading font information for U+msb on input line 159.

(/usr/local/texlive/2008/texmf-dist/tex/latex/amsfonts/umsb.fd
File: umsb.fd 2002/01/19 v2.2g AMS font definitions
)
Overfull \hbox (6.7806pt too wide) in paragraph at lines 159--159
[][] 
 []

[3.3

] (./prospectus.toc
Underfull \hbox (badness 10000) in paragraph at lines 3--3
 
 []


Underfull \hbox (badness 10000) in paragraph at lines 4--4
 
 []


Underfull \hbox (badness 10000) in paragraph at lines 5--5
 
 []


Underfull \hbox (badness 10000) in paragraph at lines 13--13
 
 []


Underfull \hbox (badness 10000) in paragraph at lines 20--20
 
 []


Underfull \hbox (badness 10000) in paragraph at lines 24--24
 
 []


Underfull \hbox (badness 10000) in paragraph at lines 28--28
 
 []


Overfull \hbox (5.50069pt too wide) in paragraph at lines 28--28
[]| \T1/cmr/bx/n/12 Cur-rent State, Plan for Com-ple-tion, and Fu-ture Plans 
 []


Underfull \hbox (badness 10000) in paragraph at lines 28--28
\T1/cmr/m/n/12 48  
 []

)
\tf@toc=\write4
\openout4 = `prospectus.toc'.

 [4.4


] (./prospectus.lot)
\tf@lot=\write5
\openout5 = `prospectus.lot'.

 [5.5

] (./prospectus.lof)
\tf@lof=\write6
\openout6 = `prospectus.lof'.

 [6.6

]
\openout2 = `chapter-introduction.aux'.


(./chapter-introduction.tex
 Chapter 1 
[1.7


] [2.8] [3.9] [4.10] [5.11]) [6.12]
\openout2 = `chapter-related.aux'.

 (./chapter-related.tex
 Chapter 2 
[7.13



] [8.14] [9.15]
LaTeX Font Info:    Try loading font information for T1+cmtt on input line 146.


(/usr/local/texlive/2008/texmf-dist/tex/latex/base/t1cmtt.fd
File: t1cmtt.fd 1999/05/25 v2.5h Standard LaTeX font definitions
) [10.16]) [11.17]
\openout2 = `chapter-systemmodel.aux'.


(./chapter-systemmodel.tex
 Chapter 3 


pdfTeX warning: /usr/texbin/pdflatex (file ./graphics/x2200sys.pdf): PDF inclus
ion: found PDF version <1.5>, but at most version <1.4> allowed
<graphics/x2200sys.pdf, id=66, 580.5088pt x 512.99654pt>
File: graphics/x2200sys.pdf Graphic file (type pdf)

<use graphics/x2200sys.pdf>
<graphics/intelnehalem.pdf, id=67, 293.095pt x 326.21875pt>
File: graphics/intelnehalem.pdf Graphic file (type pdf)

<use graphics/intelnehalem.pdf>
Overfull \hbox (5.45592pt too wide) in paragraph at lines 49--61
[]$[]$  $[]$ 
 []

[12.18



] [13.19 <./graphics/x2200sys.pdf> <./graphics/intelnehalem.pdf>]
[14.20] [15.21] [16.22] [17.23]
<graphics/acdcpower2.pdf, id=140, 576.1525pt x 349.305pt>
File: graphics/acdcpower2.pdf Graphic file (type pdf)

<use graphics/acdcpower2.pdf> [18.24] [19.25 <./graphics/acdcpower2.pdf>]
[20.26] [21.27

] [22.28]) [23.29]
\openout2 = `chapter-prediction.aux'.

 (./chapter-prediction.tex
 Chapter 4 
[24.30



] [25.31] [26.32] [27.33] [28.34] [29.35] [30.36]
Underfull \hbox (badness 10000) in paragraph at lines 352--353
[]\T1/cmr/m/n/12 Combinatorial Op-ti-miza-
 []


Underfull \hbox (badness 10000) in paragraph at lines 356--357
[]\T1/cmr/m/n/12 Biochemistry/Molecular
 []

[31.37] <graphics/complexity.png, id=252, 525.965pt x 321.2pt>
File: graphics/complexity.png Graphic file (type png)

<use graphics/complexity.png>
<graphics/complexity_p.png, id=254, 606.265pt x 332.442pt>
File: graphics/complexity_p.png Graphic file (type png)

<use graphics/complexity_p.png>
Overfull \hbox (3.01012pt too wide) in paragraph at lines 417--419
 [][] 
 []

[32.38] [33.39 <./graphics/complexity.png>]) [34.40 <./graphics/complexity_p.pn
g>]
\openout2 = `chapter-scheduling.aux'.

 (./chapter-scheduling.tex
 Chapter 5 
[35.41



] [36.42] [37.43]
<graphics/threadinsert.pdf, id=276, 402.50375pt x 512.91624pt>
File: graphics/threadinsert.pdf Graphic file (type pdf)

<use graphics/threadinsert.pdf> [38.44]
Overfull \hbox (6.0pt too wide) in paragraph at lines 182--182
[][][][][][][] 
 []

[39.45 <./graphics/threadinsert.pdf>]) [40.46]
\openout2 = `chapter-evaluation.aux'.

 (./chapter-evaluation.tex
 Chapter 6 
<graphics/hwtestsetup2.png, id=315, 2452.66313pt x 956.82469pt>
File: graphics/hwtestsetup2.png Graphic file (type png)

<use graphics/hwtestsetup2.png>
Underfull \hbox (badness 2269) in paragraph at lines 75--76
[]\T1/cmr/m/n/12 Computational Fluid Dy-
 []

[41.47



] [42.48 <./graphics/hwtestsetup2.png (PNG copy)>]
<graphics/rmsep.png, id=322, 982.3902pt x 473.1276pt>
File: graphics/rmsep.png Graphic file (type png)
 <use graphics/rmsep.png>
[43.49 <./graphics/rmsep.png>]
<graphics/amd_astar_ch_error.png, id=331, 449.68pt x 336.457pt>
File: graphics/amd_astar_ch_error.png Graphic file (type png)

<use graphics/amd_astar_ch_error.png>
LaTeX Font Info:    Try loading font information for T1+cmss on input line 146.


(/usr/local/texlive/2008/texmf-dist/tex/latex/base/t1cmss.fd
File: t1cmss.fd 1999/05/25 v2.5h Standard LaTeX font definitions
)
<graphics/amd_astar_ar_error.png, id=332, 449.68pt x 336.457pt>
File: graphics/amd_astar_ar_error.png Graphic file (type png)

<use graphics/amd_astar_ar_error.png>
Overfull \hbox (7.82637pt too wide) in paragraph at lines 146--149
 [][][] 
 []

<graphics/amd_zeus_ch_error.png, id=333, 449.68pt x 336.457pt>
File: graphics/amd_zeus_ch_error.png Graphic file (type png)

<use graphics/amd_zeus_ch_error.png>
<graphics/amd_zeus_ar_error.png, id=334, 449.68pt x 336.457pt>
File: graphics/amd_zeus_ar_error.png Graphic file (type png)

<use graphics/amd_zeus_ar_error.png>
Overfull \hbox (7.82637pt too wide) in paragraph at lines 152--156
 [][][] 
 []

[44.50 <./graphics/amd_astar_ch_error.png (PNG copy)> <./graphics/amd_astar_ar_
error.png (PNG copy)> <./graphics/amd_zeus_ch_error.png (PNG copy)> <./graphics
/amd_zeus_ar_error.png (PNG copy)>]
<graphics/intel_astar_ch_error.png, id=339, 449.68pt x 336.457pt>
File: graphics/intel_astar_ch_error.png Graphic file (type png)

<use graphics/intel_astar_ch_error.png>
<graphics/intel_astar_ar_error.png, id=340, 449.68pt x 336.457pt>
File: graphics/intel_astar_ar_error.png Graphic file (type png)

<use graphics/intel_astar_ar_error.png>
Overfull \hbox (7.82637pt too wide) in paragraph at lines 178--181
 [][][] 
 []

<graphics/intel_zeus_ch_error.png, id=341, 449.68pt x 336.457pt>
File: graphics/intel_zeus_ch_error.png Graphic file (type png)

<use graphics/intel_zeus_ch_error.png>
<graphics/intel_zeus_ar_error.png, id=342, 449.68pt x 336.457pt>
File: graphics/intel_zeus_ar_error.png Graphic file (type png)

<use graphics/intel_zeus_ar_error.png>
Overfull \hbox (7.82637pt too wide) in paragraph at lines 184--189
 [][][] 
 []

[45.51 <./graphics/intel_astar_ch_error.png (PNG copy)> <./graphics/intel_astar
_ar_error.png (PNG copy)> <./graphics/intel_zeus_ch_error.png (PNG copy)> <./gr
aphics/intel_zeus_ar_error.png (PNG copy)>] [46.52]) [47.53]
\openout2 = `chapter-futures.aux'.


(./chapter-futures.tex
 Chapter 7 
[48.54



] [49.55]) [50.56] (./prospectus.bbl [51.57

] [52.58

] [53.59] [54.60]
[55.61])
No file prospectus.ind.
[56.62] (./prospectus.aux (./chapter-introduction.aux) (./chapter-related.aux)
(./chapter-systemmodel.aux) (./chapter-prediction.aux)
(./chapter-scheduling.aux) (./chapter-evaluation.aux) (./chapter-futures.aux)) 
) 
Here is how much of TeX's memory you used:
 6541 strings out of 493876
 97063 string characters out of 1150567
 205808 words of memory out of 3000000
 9617 multiletter control sequences out of 10000+50000
 15857 words of font info for 50 fonts, out of 3000000 for 5000
 716 hyphenation exceptions out of 8191
 36i,12n,47p,399b,1031s stack positions out of 5000i,500n,10000p,200000b,50000s
{/usr/local/texlive/2008/texmf-dist/fonts/enc/dvips/cm-super/cm-super-ts1.enc}
{/usr/local/texlive/2008/texmf-dist/fonts/enc/dvips/cm-super/cm-super-t1.enc}</
usr/local/texlive/2008/texmf-dist/fonts/type1/bluesky/cm/cmex10.pfb></usr/local
/texlive/2008/texmf-dist/fonts/type1/bluesky/cm/cmmi10.pfb></usr/local/texlive/
2008/texmf-dist/fonts/type1/bluesky/cm/cmmi12.pfb></usr/local/texlive/2008/texm
f-dist/fonts/type1/bluesky/cm/cmmi6.pfb></usr/local/texlive/2008/texmf-dist/fon
ts/type1/bluesky/cm/cmmi8.pfb></usr/local/texlive/2008/texmf-dist/fonts/type1/b
luesky/cm/cmr10.pfb></usr/local/texlive/2008/texmf-dist/fonts/type1/bluesky/cm/
cmr12.pfb></usr/local/texlive/2008/texmf-dist/fonts/type1/bluesky/cm/cmr6.pfb><
/usr/local/texlive/2008/texmf-dist/fonts/type1/bluesky/cm/cmr8.pfb></usr/local/
texlive/2008/texmf-dist/fonts/type1/bluesky/cm/cmsy10.pfb></usr/local/texlive/2
008/texmf-dist/fonts/type1/bluesky/cm/cmsy6.pfb></usr/local/texlive/2008/texmf-
dist/fonts/type1/bluesky/cm/cmsy8.pfb></usr/local/texlive/2008/texmf-dist/fonts
/type1/public/cm-super/sfbx1000.pfb></usr/local/texlive/2008/texmf-dist/fonts/t
ype1/public/cm-super/sfbx1200.pfb></usr/local/texlive/2008/texmf-dist/fonts/typ
e1/public/cm-super/sfrm1000.pfb></usr/local/texlive/2008/texmf-dist/fonts/type1
/public/cm-super/sfrm1200.pfb></usr/local/texlive/2008/texmf-dist/fonts/type1/p
ublic/cm-super/sfss1000.pfb></usr/local/texlive/2008/texmf-dist/fonts/type1/pub
lic/cm-super/sfti1200.pfb></usr/local/texlive/2008/texmf-dist/fonts/type1/publi
c/cm-super/sftt1000.pfb></usr/local/texlive/2008/texmf-dist/fonts/type1/public/
cm-super/sftt1200.pfb>
Output written on prospectus.pdf (62 pages, 6275185 bytes).
PDF statistics:
 450 PDF objects out of 1000 (max. 8388607)
 0 named destinations out of 1000 (max. 131072)
 81 words of extra memory for PDF output out of 10000 (max. 10000000)

