
SunOS canfire03 5.11 onnv-gate i86pc    05/09/2009

22:31:10 sml_mem   alloc  fail  lg_mem   alloc  fail  ovsz_alloc  fail
22:31:15 289521856 259882752     0 830267392 791975168     0    76648448     0
22:31:20 289521856 259889632     0 830255104 791971136     0    76648448     0
22:31:25 289521856 259893600     0 830259200 791974016     0    76648448     0
22:31:30 289521856 259866880     0 830312448 792026240     0    76648448     0
22:31:35 289525952 259880480     0 830320640 792033408     0    76648448     0
22:31:40 289525952 259884576     0 830296064 792016128     0    76648448     0
22:31:45 289525952 259899904     0 830324736 792071936     0    76648448     0
22:31:50 289525952 260005472     0 830365696 792108672     0    76648448     0
22:31:55 289525952 259898304     0 830341120 792036608     0    76648448     0
22:32:00 289525952 259875360     0 830324736 792030464     0    76648448     0
22:32:05 289525952 259880896     0 830328832 792036608     0    76648448     0
22:32:10 289530048 259894192     0 830676992 792424576     0    76648448     0
22:32:15 289530048 259897776     0 830676992 792430848     0    76648448     0
22:32:20 289530048 259900720     0 830660608 792420096     0    76648448     0
22:32:25 289530048 259904304     0 830660608 792426240     0    76648448     0
22:32:30 289530048 259898368     0 830840832 792524032     0    76648448     0
22:32:35 289530048 259898768     0 830849024 792490176     0    76648448     0
22:32:40 289530048 259895136     0 830849024 792467200     0    76648448     0
22:32:45 289530048 259898720     0 830849024 792469760     0    76648448     0
22:32:50 289530048 259905312     0 830865408 792490368     0    76648448     0
22:32:55 289530048 259908576     0 830865408 792489728     0    76648448     0
22:33:00 289530048 259885824     0 830865408 792497280     0    76648448     0
22:33:05 289530048 259890848     0 830906368 792500992     0    76648448     0
22:33:10 289530048 259897120     0 830922752 792517376     0    76648448     0
22:33:15 289530048 259912096     0 830922752 792573696     0    76648448     0
22:33:20 289530048 259980192     0 830922752 792551104     0    76648448     0
22:33:25 289530048 259906976     0 830906368 792514304     0    76648448     0
22:33:30 289530048 259887632     0 830922752 792529152     0    76648448     0
22:33:35 289530048 259892704     0 830922752 792533248     0    76648448     0
22:33:40 289530048 259895792     0 830906368 792525568     0    76648448     0
22:33:45 289530048 259899376     0 830906368 792529664     0    76648448     0
22:33:50 289530048 259905744     0 830980096 792541952     0    76648448     0
22:33:55 289530048 259920704     0 830980096 792594624     0    76648448     0
22:34:00 289534144 259871168     0 830930944 792535872     0    76648448     0
22:34:05 289534144 259891552     0 830963712 792540928     0    76648448     0
22:34:10 289534144 259897264     0 830980096 792555136     0    76648448     0
22:34:15 289534144 259901408     0 830980096 792557312     0    76648448     0
22:34:20 289534144 259904672     0 830963712 792554880     0    76648448     0
22:34:25 289534144 259907936     0 830963712 792553600     0    76648448     0
22:34:30 289534144 259888800     0 830980096 792567040     0    76648448     0
22:34:35 289534144 259893872     0 830980096 792575232     0    76648448     0
22:34:40 289534144 259908192     0 830963712 792614080     0    76648448     0
22:34:45 289534144 260010656     0 830988288 792640640     0    76648448     0
22:34:50 289534144 259906416     0 830980096 792579328     0    76648448     0
22:34:55 289534144 259910144     0 830980096 792583936     0    76648448     0
22:35:00 289534144 259887376     0 831045632 792577280     0    76648448     0
22:35:05 289534144 259892304     0 831045632 792581888     0    76648448     0
22:35:10 289534144 259898576     0 831062016 792597760     0    76648448     0
22:35:15 289534144 259902160     0 831062016 792597760     0    76648448     0
22:35:20 289534144 259905104     0 831045632 792590080     0    76648448     0
22:35:25 289534144 259920160     0 831135744 792646912     0    76648448     0
22:35:30 289534144 259966112     0 831180800 792659968     0    76648448     0
22:35:35 289534144 259894848     0 831164416 792619008     0    76648448     0
22:35:40 289534144 259897792     0 831148032 792611328     0    76648448     0
22:35:45 289534144 259901376     0 831148032 792611328     0    76648448     0
22:35:50 289534144 259907648     0 831164416 792623616     0    76648448     0
22:35:55 289534144 259911776     0 831164416 792636928     0    76648448     0
22:36:00 289534144 259889248     0 831254528 792625152     0    76648448     0
22:36:05 289534144 259905664     0 831254528 792681536     0    76648448     0
22:36:10 289534144 260450080     0 831467520 793019072     0    76648448     0
22:36:15 289759424 274312352     0 837177344 798733632     0    76648448     0
22:36:20 278225088 233551616     0 832180224 784867456     0    76648448     0
22:36:25 278225088 233558784     0 832192512 784867456     0    76648448     0
22:36:30 278229184 233451264     0 832241664 784900032     0    76648448     0
22:36:35 278229184 233456256     0 832241664 784901056     0    76648448     0
22:36:40 278229184 233459456     0 832225280 784899008     0    76648448     0
22:36:45 278229184 233463040     0 832225280 784903104     0    76648448     0
22:36:50 278229184 233480704     0 832241664 784972096     0    76648448     0
22:36:55 278229184 233549920     0 832258048 784960960     0    76648448     0
22:37:00 278229184 233449312     0 832258048 784939392     0    76648448     0
22:37:05 278229184 233455168     0 832258048 784945088     0    76648448     0
22:37:10 278229184 233460864     0 832274432 784960576     0    76648448     0
22:37:15 278229184 233464544     0 832405504 784964672     0    76648448     0
22:37:20 278229184 233467936     0 832581632 784952896     0    76648448     0
22:37:25 278229184 233472704     0 832581632 785085568     0    76648448     0
22:37:30 278229184 233438080     0 832724992 785163520     0    76648448     0
22:37:35 278229184 233470368     0 832806912 785168704     0    76648448     0
22:37:40 278229184 233462416     0 832782336 785144448     0    76648448     0
22:37:45 278229184 233466352     0 832847872 785144448     0    76648448     0
22:37:50 278229184 233473616     0 832872448 785157248     0    76648448     0
22:37:55 278229184 233476240     0 832872448 785157248     0    76648448     0
22:38:00 278229184 233453088     0 832856064 785145472     0    76648448     0
22:38:05 278229184 233458240     0 832856064 785145472     0    76648448     0
22:38:10 278229184 233477744     0 832872448 785220544     0    76648448     0
22:38:15 278229184 233544800     0 832888832 785202304     0    76648448     0
22:38:20 278229184 233471168     0 832856064 785153664     0    76648448     0
22:38:25 278229184 233475296     0 832864256 785153664     0    76648448     0
22:38:30 278229184 233454944     0 832880640 785169792     0    76648448     0
22:38:35 278229184 233461024     0 832880640 785172288     0    76648448     0
22:38:41 278229184 233463968     0 832864256 785162112     0    76648448     0
22:38:46 278229184 233467552     0 832864256 785163648     0    76648448     0
22:38:51 278229184 233485664     0 832880640 785228544     0    76648448     0
22:38:56 278229184 233555040     0 832897024 785219328     0    76648448     0
22:39:01 278229184 233454144     0 832864256 785170816     0    76648448     0
22:39:06 278229184 233460352     0 832864256 785174528     0    76648448     0
22:39:11 278229184 233465568     0 832880640 785186688     0    76648448     0
22:39:16 278229184 233469408     0 832880640 785185088     0    76648448     0
22:39:21 278229184 233472480     0 832864256 785174912     0    76648448     0
22:39:26 278229184 233479168     0 832880640 785187712     0    76648448     0
22:39:31 278229184 233466656     0 832880640 785242432     0    76648448     0
22:39:36 278229184 233539440     0 832880640 785230912     0    76648448     0
22:39:41 278229184 233464384     0 832864256 785180736     0    76648448     0
22:39:46 278229184 233470320     0 832880640 785191808     0    76648448     0
22:39:51 278229184 233474016     0 832892928 785193856     0    76648448     0
22:39:56 278229184 233477216     0 832876544 785191296     0    76648448     0
22:40:01 278229184 233453504     0 832876544 785191296     0    76648448     0
22:40:06 278229184 233467840     0 832892928 785202688     0    76648448     0
22:40:11 278229184 233478832     0 832892928 785262272     0    76648448     0
22:40:16 278229184 233515184     0 832884736 785231104     0    76648448     0
22:40:21 278229184 233472992     0 832876544 785192000     0    76648448     0
22:40:26 278229184 233479264     0 832892928 785209472     0    76648448     0
22:40:31 278229184 233456176     0 832892928 785207168     0    76648448     0
22:40:36 278229184 233460688     0 832876544 785194816     0    76648448     0
22:40:41 278229184 233464272     0 832876544 785200512     0    76648448     0
22:40:46 278229184 233471056     0 832892928 785212736     0    76648448     0
22:40:51 278229184 233485856     0 832987136 785269056     0    76648448     0
22:40:56 278229184 233590224     0 832995328 785282368     0    76648448     0
22:41:01 278229184 233454544     0 832970752 785206656     0    76648448     0
22:41:06 278229184 233464352     0 833081344 785218048     0    76648448     0
22:41:11 278229184 233466448     0 833081344 785218432     0    76648448     0
22:41:16 278229184 233469536     0 833064960 785210752     0    76648448     0
22:41:21 278229184 233473520     0 833064960 785210752     0    76648448     0
22:41:26 278229184 233479792     0 833081344 785222528     0    76648448     0
22:41:31 278229184 233467728     0 833097728 785295232     0    76648448     0
22:41:36 278229184 233573056     0 833105920 785304320     0    76648448     0
22:41:41 278229184 233465120     0 833081344 785231232     0    76648448     0
22:41:46 278229184 233471648     0 833097728 785247104     0    76648448     0
22:41:51 278229184 233475232     0 833097728 785247104     0    76648448     0
22:41:56 278229184 233477344     0 833085440 785280768     0    76648448     0
22:42:01 278229184 233458304     0 833081344 785241728     0    76648448     0
22:42:06 278229184 233470144     0 833097728 785254144     0    76648448     0
22:42:11 278229184 233481152     0 833097728 785313920     0    76648448     0
22:42:16 278229184 233582544     0 833105920 785326144     0    76648448     0
22:42:21 278229184 233475040     0 833081344 785252992     0    76648448     0
22:42:26 278229184 233477600     0 833097728 785267008     0    76648448     0
22:42:31 278229184 233459200     0 833097728 785264768     0    76648448     0
22:42:36 278229184 233462144     0 833081344 785252992     0    76648448     0
22:42:41 278229184 233466656     0 833081344 785257088     0    76648448     0
22:42:46 278229184 233472928     0 833097728 785270912     0    76648448     0
22:42:51 278229184 233488160     0 833097728 785323136     0    76648448     0
22:42:56 278229184 233586640     0 833105920 785335360     0    76648448     0
22:43:01 278229184 233457536     0 833081344 785259136     0    76648448     0
22:43:06 278229184 233467152     0 833097728 785278720     0    76648448     0
22:43:11 278229184 233468464     0 833097728 785279104     0    76648448     0
22:43:16 278229184 233471808     0 833081344 785267328     0    76648448     0
22:43:21 278229184 233475392     0 833081344 785267328     0    76648448     0
22:43:26 278229184 233477728     0 833146880 785281344     0    76648448     0
22:43:31 278229184 233460704     0 833146880 785283200     0    76648448     0
22:43:36 278229184 233498016     0 833138688 785448192     0    76648448     0
22:43:41 278229184 233468128     0 833138688 785402752     0    76648448     0
22:43:46 278229184 233474400     0 833155072 785416576     0    76648448     0
22:43:51 278229184 233477984     0 833155072 785415040     0    76648448     0
22:43:56 278229184 233477296     0 833142784 785425600     0    76648448     0
22:44:01 278229184 233458736     0 833138688 785412992     0    76648448     0
22:44:06 278229184 233471648     0 833155072 785426432     0    76648448     0
22:44:11 278229184 233469808     0 833155072 785426816     0    76648448     0
22:44:16 278229184 233453696     0 833101824 785419072     0    76648448     0
22:44:21 278229184 233476336     0 833138688 785416064     0    76648448     0
22:44:26 278229184 233452096     0 833155072 785431936     0    76648448     0
22:44:31 278229184 233460608     0 833155072 785430400     0    76648448     0
22:44:36 278229184 233464480     0 833138688 785420160     0    76648448     0
22:44:41 278229184 233468064     0 833138688 785422720     0    76648448     0
22:44:46 278229184 233474592     0 833155072 785438080     0    76648448     0
22:44:51 278229184 233478272     0 833286144 785442176     0    76648448     0
22:44:56 278233280 233470400     0 833634304 785474560     0    76648448     0
22:45:01 278233280 233462816     0 833765376 785432448     0    76648448     0
22:45:06 278233280 233471456     0 833781760 785443840     0    76648448     0
22:45:11 278233280 233473312     0 833912832 785444224     0    76648448     0
22:45:16 278233280 233477552     0 833896448 785564096     0    76648448     0
22:45:21 278233280 233481232     0 833912832 785564096     0    76648448     0
22:45:26 278233280 233456320     0 833945600 785608640     0    76648448     0
22:45:31 278233280 233465072     0 833945600 785612736     0    76648448     0
22:45:36 278233280 233466944     0 833929216 785654016     0    76648448     0
22:45:41 278233280 233472272     0 833929216 785599360     0    76648448     0
22:45:46 278233280 233478544     0 833945600 785611136     0    76648448     0
22:45:51 278233280 233482384     0 833945600 785612736     0    76648448     0
22:45:56 278233280 233455056     0 834035712 785600960     0    76648448     0
22:46:01 278233280 233464864     0 834035712 785600960     0    76648448     0
22:46:06 278233280 233476304     0 834052096 785612352     0    76648448     0
22:46:11 278233280 233474592     0 834052096 785611136     0    76648448     0
22:46:16 278233280 233489184     0 834035712 785659328     0    76648448     0
22:46:21 278233280 233557712     0 834052096 785648064     0    76648448     0
22:46:26 278233280 233459200     0 834052096 785618880     0    76648448     0
22:46:31 278233280 233466592     0 834052096 785618880     0    76648448     0
22:46:36 278233280 233469536     0 834035712 785608128     0    76648448     0
22:46:41 278233280 233473376     0 834035712 785608128     0    76648448     0
22:46:46 278233280 233479648     0 834052096 785624000     0    76648448     0
22:46:51 278233280 233483232     0 834052096 785624000     0    76648448     0
22:46:56 278233280 233468896     0 834035712 785665792     0    76648448     0
22:47:02 278233280 233540864     0 834052096 785656064     0    76648448     0
22:47:07 278233280 233470784     0 834052096 785629760     0    76648448     0
22:47:12 278233280 233475040     0 834138112 785628544     0    76648448     0
22:47:17 278233280 233477984     0 834121728 785618368     0    76648448     0
22:47:22 278233280 233481824     0 834121728 785618368     0    76648448     0
22:47:27 278233280 233457056     0 834138112 785630144     0    76648448     0
22:47:32 278233280 233466720     0 834138112 785630144     0    76648448     0
22:47:37 278233280 233481056     0 834121728 785670592     0    76648448     0
22:47:42 278233280 233552912     0 834154496 785671104     0    76648448     0
22:47:47 278233280 233479520     0 834138112 785630144     0    76648448     0
22:47:52 278233280 233482464     0 834121728 785622464     0    76648448     0
22:47:57 278233280 233455456     0 834121728 785622464     0    76648448     0
22:48:02 278233280 233467040     0 834138112 785632640     0    76648448     0
22:48:07 278233280 233470032     0 834138112 785633856     0    76648448     0
22:48:12 278233280 233474496     0 834121728 785622464     0    76648448     0
22:48:17 278233280 233489568     0 834121728 785674688     0    76648448     0
22:48:22 278233280 233531808     0 834154496 785676800     0    76648448     0
22:48:27 278233280 233457664     0 834232320 785638336     0    76648448     0
22:48:32 278233280 233465760     0 834215936 785626560     0    76648448     0
22:48:37 278233280 233470368     0 834236416 785626560     0    76648448     0
22:48:42 278233280 233476640     0 834252800 785640832     0    76648448     0
22:48:47 278233280 233480224     0 834252800 785644480     0    76648448     0
22:48:52 278233280 233483424     0 834236416 785631104     0    76648448     0
22:48:57 278233280 233469888     0 834236416 785685824     0    76648448     0
22:49:02 278233280 233469440     0 834252800 785662144     0    76648448     0
22:49:07 278233280 233471520     0 834252800 785644096     0    76648448     0
22:49:12 278233280 233475056     0 834236416 785632704     0    76648448     0
22:49:17 278233280 233478896     0 834236416 785632704     0    76648448     0
22:49:22 278233280 233485168     0 834252800 785642880     0    76648448     0
22:49:27 278233280 233458208     0 834252800 785647232     0    76648448     0
22:49:32 278233280 233466320     0 834236416 785641152     0    76648448     0
22:49:37 278233280 233481488     0 834236416 785692672     0    76648448     0
22:49:42 278233280 233587936     0 834277376 785726080     0    76648448     0
22:49:47 278233280 233481248     0 834252800 785784320     0    76648448     0
22:49:52 278233280 233484576     0 834236416 785772544     0    76648448     0
22:49:57 278233280 233457184     0 834236416 785772544     0    76648448     0
22:50:02 278233280 233468608     0 834252800 785784320     0    76648448     0
22:50:07 278233280 233472464     0 834252800 785785984     0    76648448     0
22:50:12 278233280 233476000     0 834236416 785774592     0    76648448     0
22:50:17 278233280 233491152     0 834236416 785829312     0    76648448     0
22:50:22 278233280 233597184     0 834277376 785864448     0    76648448     0
22:50:27 278233280 233459136     0 834359296 785790464     0    76648448     0
22:50:32 278233280 233468160     0 834342912 785780736     0    76648448     0
22:50:37 278233280 233471680     0 834342912 785784832     0    76648448     0
22:50:42 278233280 233478272     0 834359296 785796608     0    76648448     0
22:50:47 278233280 233481856     0 834359296 785796608     0    76648448     0
22:50:52 278233280 233484928     0 834342912 785784832     0    76648448     0
22:50:57 278233280 233472048     0 834342912 785837888     0    76648448     0
22:51:02 278233280 233581024     0 834351104 785838016     0    76648448     0
22:51:07 278233280 233470464     0 834326528 785766848     0    76648448     0
22:51:12 278233280 233475072     0 834310144 785755456     0    76648448     0
22:51:17 278233280 233478896     0 834310144 785755456     0    76648448     0
22:51:22 278233280 233485040     0 834326528 785767232     0    76648448     0
22:51:27 278233280 233457600     0 834326528 785767232     0    76648448     0
22:51:32 278233280 233465696     0 834310144 785755456     0    76648448     0
22:51:37 278233280 233470208     0 834310144 785755456     0    76648448     0
22:51:42 278233280 233480704     0 834326528 785803776     0    76648448     0
22:51:47 278233280 233480192     0 834326528 785767232     0    76648448     0
22:51:52 278233280 233483296     0 834310144 785759552     0    76648448     0
22:51:57 278233280 233456576     0 834310144 785763968     0    76648448     0
22:52:02 278233280 233468928     0 834326528 785775744     0    76648448     0
22:52:07 278233280 233471936     0 834326528 785775360     0    76648448     0
22:52:12 278233280 233475712     0 834310144 785763968     0    76648448     0
22:52:17 278233280 233479296     0 834310144 785763968     0    76648448     0
22:52:22 278233280 233487296     0 834326528 785828800     0    76648448     0
22:52:27 278233280 233458272     0 834449408 785775744     0    76648448     0
22:52:32 278233280 233466368     0 834433024 785762304     0    76648448     0
22:52:37 278233280 233470880     0 834433024 785763968     0    76648448     0
22:52:42 278233280 233477152     0 834449408 785778176     0    76648448     0
22:52:47 278233280 233480896     0 834449408 785783936     0    76648448     0
22:52:52 278233280 233484224     0 834433024 785772160     0    76648448     0
22:52:57 278233280 233459296     0 834433024 785772160     0    76648448     0
22:53:02 278233280 233481024     0 834449408 785836160     0    76648448     0
22:53:07 278233280 233551264     0 834465792 785824832     0    76648448     0
22:53:12 278233280 233475904     0 834433024 785774208     0    76648448     0
22:53:17 278233280 233479744     0 834433024 785776256     0    76648448     0
22:53:22 278233280 233486016     0 834449408 785788032     0    76648448     0
22:53:27 278233280 233458720     0 834449408 785792128     0    76648448     0
22:53:32 278233280 233467744     0 834433024 785778688     0    76648448     0
22:53:37 278233280 233471328     0 834433024 785778688     0    76648448     0
22:53:42 278233280 233489392     0 834449408 785844352     0    76648448     0
22:53:47 278233280 233558832     0 834465792 785833024     0    76648448     0
22:53:52 278233280 233484512     0 834457600 785780352     0    76648448     0
22:53:57 278233280 233457696     0 834457600 785783104     0    76648448     0
22:54:02 278233280 233469120     0 834473984 785796480     0    76648448     0
22:54:07 278233280 233473056     0 834473984 785794496     0    76648448     0
22:54:12 278233280 233476576     0 834457600 785784704     0    76648448     0
22:54:17 278233280 233480160     0 834457600 785788800     0    76648448     0
22:54:22 278233280 233498080     0 834473984 785852800     0    76648448     0
22:54:27 278233280 233539200     0 834490368 785841536     0    76648448     0
22:54:32 278233280 233468576     0 834457600 785788800     0    76648448     0
22:54:37 278233280 233472160     0 834457600 785792896     0    76648448     0
22:54:42 278233280 233478592     0 834473984 785804672     0    76648448     0
22:54:47 278233280 233482560     0 834473984 785804672     0    76648448     0
22:54:52 278233280 233485504     0 834457600 785792896     0    76648448     0
22:54:57 278233280 233461472     0 834457600 785792896     0    76648448     0
22:55:02 278233280 233482256     0 834473984 785856896     0    76648448     0
22:55:07 278233280 233451584     0 834433024 785783616     0    76648448     0
22:55:12 278233280 233477408     0 834457600 785796992     0    76648448     0
22:55:17 278233280 233480992     0 834457600 785796992     0    76648448     0
22:55:23 278233280 233487520     0 834473984 785808768     0    76648448     0
22:55:28 278233280 233459840     0 834473984 785807168     0    76648448     0
22:55:33 278233280 233467936     0 834457600 785795392     0    76648448     0
22:55:38 278233280 233472608     0 834457600 785796992     0    76648448     0
22:55:43 278233280 233490400     0 834473984 785860992     0    76648448     0
22:55:48 278233280 233593696     0 834498560 785880256     0    76648448     0
22:55:53 278233280 233485536     0 834457600 785801088     0    76648448     0
22:55:58 278233280 233461472     0 834752512 785965824     0    76648448     0
22:56:03 278233280 233473856     0 834768896 785979648     0    76648448     0
22:56:08 278233280 233475840     0 834883584 785967488     0    76648448     0
22:56:13 278233280 233479744     0 834883584 785967872     0    76648448     0
22:56:18 278233280 233486272     0 834899968 785978048     0    76648448     0
22:56:23 279392448 229484160     0 834019328 785147840     0    76648448     0
22:56:28 279396544 229557696     0 834027520 785154176     0    76648448     0
22:56:33 279498944 229008352     0 833871872 785108352     0    76648448     0
22:56:38 279503040 229014592     0 833888256 785107776     0    76648448     0
22:56:43 279503040 229019872     0 833888256 785239424     0    76648448     0
22:56:48 279503040 229022816     0 833871872 785227648     0    76648448     0
22:56:53 279503040 229026656     0 833871872 785227648     0    76648448     0
22:56:58 279503040 228980768     0 833904640 785272192     0    76648448     0
22:57:03 279503040 228987040     0 833904640 785270592     0    76648448     0
22:57:08 279503040 228997952     0 833888256 785296960     0    76648448     0
22:57:13 279503040 229071008     0 833904640 785305472     0    76648448     0
22:57:18 279503040 229000832     0 833904640 785276288     0    76648448     0
22:57:23 279503040 229004416     0 833904640 785276288     0    76648448     0
22:57:28 279503040 228977232     0 833904640 785259008     0    76648448     0
22:57:33 281264320 222877664     0 832327680 783662528     0    76648448     0
22:57:38 281264320 222884160     0 832344064 783672704     0    76648448     0
22:57:43 281379008 222453888     0 832262144 783657472     0    76648448     0
22:57:48 281379008 222468352     0 832245760 783697920     0    76648448     0
22:57:53 281379008 222571168     0 832270336 783718784     0    76648448     0
22:57:58 281379008 222409056     0 832278528 783666688     0    76648448     0
22:58:03 281379008 222415776     0 832278528 783666688     0    76648448     0
22:58:08 281379008 222417600     0 832262144 783652928     0    76648448     0
22:58:13 281379008 222421760     0 832262144 783654912     0    76648448     0
22:58:18 281379008 222428032     0 832278528 783665088     0    76648448     0
22:58:23 281379008 222431616     0 832278528 783666688     0    76648448     0
22:58:28 281379008 222407904     0 832262144 783657408     0    76648448     0
22:58:33 281379008 222425920     0 832262144 783712128     0    76648448     0
22:58:38 281379008 222426848     0 832282624 783688768     0    76648448     0
22:58:43 281379008 222424064     0 832278528 783670784     0    76648448     0
22:58:48 281379008 222427008     0 832262144 783659008     0    76648448     0
22:58:53 281379008 222430592     0 832262144 783657408     0    76648448     0
22:58:58 281379008 222409824     0 832282624 783674880     0    76648448     0
22:59:03 281379008 222416544     0 832282624 783673280     0    76648448     0
22:59:08 281379008 222419488     0 832266240 783663104     0    76648448     0
22:59:13 281379008 222423072     0 832266240 783661504     0    76648448     0
22:59:18 281379008 222440736     0 832282624 783725504     0    76648448     0
22:59:23 281379008 222509120     0 832299008 783715840     0    76648448     0
22:59:28 281379008 222408240     0 832282624 783679488     0    76648448     0
22:59:33 281379008 222415104     0 832282624 783679488     0    76648448     0
22:59:38 281379008 222421376     0 832299008 783689664     0    76648448     0
22:59:43 281379008 222424960     0 832299008 783691264     0    76648448     0
22:59:48 281379008 222427904     0 832282624 783677888     0    76648448     0
22:59:53 281379008 222431488     0 832282624 783677888     0    76648448     0
22:59:58 281379008 222424704     0 832303104 783746560     0    76648448     0
23:00:03 281379008 222530272     0 832327680 783769024     0    76648448     0
23:00:08 281379008 222422752     0 832286720 783815104     0    76648448     0
23:00:13 281379008 222426928     0 832286720 783815488     0    76648448     0
23:00:18 281379008 222433312     0 832303104 783827264     0    76648448     0
23:00:23 281379008 222436896     0 832303104 783825664     0    76648448     0
23:00:28 281379008 222411648     0 832286720 783813888     0    76648448     0
23:00:33 281379008 222418528     0 832286720 783815488     0    76648448     0
23:00:38 281379008 222424800     0 832303104 783825664     0    76648448     0
23:00:43 281379008 222439760     0 832303104 783877888     0    76648448     0
23:00:48 281379008 222419616     0 832258048 783800064     0    76648448     0
23:00:53 281379008 222434656     0 832286720 783813888     0    76648448     0
23:00:58 281383104 222419104     0 832450560 783846144     0    76648448     0
23:01:03 281383104 222425824     0 832450560 783846144     0    76648448     0
23:01:08 281383104 222427680     0 832434176 783834368     0    76648448     0
23:01:13 281383104 222431808     0 832434176 783834368     0    76648448     0
23:01:18 281383104 222438080     0 832450560 783846144     0    76648448     0
23:01:23 281383104 222441824     0 832450560 783846144     0    76648448     0
23:01:28 281383104 222429408     0 832434176 783895040     0    76648448     0
23:01:33 281383104 222500896     0 832450560 783883776     0    76648448     0
23:01:38 281383104 222430304     0 832450560 783854592     0    76648448     0
23:01:43 281383104 222433888     0 832450560 783854592     0    76648448     0
23:01:48 281383104 222436832     0 832434176 783844416     0    76648448     0
23:01:53 281383104 222440416     0 832434176 783844864     0    76648448     0
23:01:58 281383104 222419936     0 832487424 783856640     0    76648448     0
23:02:03 281383104 222427056     0 832618496 783987968     0    76648448     0
23:02:08 281383104 222437584     0 832602112 784013504     0    76648448     0
23:02:13 281383104 222543856     0 832626688 784050944     0    76648448     0
23:02:18 281383104 222439600     0 832618496 783989632     0    76648448     0
23:02:23 281383104 222443648     0 832618496 783990272     0    76648448     0
23:02:28 281383104 222418176     0 832602112 783980288     0    76648448     0
23:02:33 281383104 222424896     0 832602112 783980288     0    76648448     0
23:02:38 281383104 222431168     0 832618496 783992064     0    76648448     0
23:02:43 281383104 222434752     0 832618496 783992064     0    76648448     0
23:02:48 281383104 222437696     0 832602112 783984384     0    76648448     0
23:02:53 281383104 222452672     0 832602112 784038272     0    76648448     0
23:02:58 281383104 222426080     0 832622592 784011008     0    76648448     0
23:03:03 281383104 222426656     0 832618496 783996160     0    76648448     0
23:03:08 281383104 222429008     0 832602112 783984000     0    76648448     0
23:03:13 281383104 222433184     0 832602112 783986048     0    76648448     0
23:03:18 281383104 222439584     0 832618496 783997824     0    76648448     0
23:03:23 281383104 222443328     0 832618496 783996160     0    76648448     0
23:03:28 281383104 222419424     0 832602112 783984384     0    76648448     0
23:03:33 281383104 222425696     0 832602112 783984384     0    76648448     0
23:03:38 281383104 222443344     0 832618496 784048448     0    76648448     0
23:03:44 281383104 222512400     0 832634880 784038720     0    76648448     0
23:03:49 281383104 222438240     0 832602112 783984384     0    76648448     0
23:03:54 281383104 222442144     0 832602112 783986688     0    76648448     0
23:03:59 281383104 222420288     0 832618496 783997824     0    76648448     0
23:04:04 281383104 222427008     0 832618496 783997824     0    76648448     0
23:04:09 281383104 222429952     0 832602112 783984384     0    76648448     0
23:04:14 281383104 222433536     0 832602112 783984384     0    76648448     0
23:04:19 281383104 222451344     0 832618496 784048448     0    76648448     0
23:04:24 281383104 222552640     0 832626688 784056384     0    76648448     0
23:04:29 281383104 222418880     0 832602112 783986048     0    76648448     0
23:04:34 281383104 222428288     0 832618496 783996160     0    76648448     0
23:04:39 281383104 222431872     0 832618496 783997824     0    76648448     0
23:04:44 281383104 222434816     0 832602112 783984384     0    76648448     0
23:04:49 281383104 222438464     0 832602112 783984384     0    76648448     0
23:04:54 281383104 222444736     0 832618496 783997824     0    76648448     0
23:04:59 281383104 222421312     0 832618496 783997824     0    76648448     0
23:05:04 281383104 222438336     0 832602112 784038272     0    76648448     0
23:05:09 281383104 222461056     0 832606208 784007168     0    76648448     0
23:05:14 281383104 222436688     0 832618496 783997824     0    76648448     0
23:05:19 281383104 222440416     0 832618496 783996160     0    76648448     0
23:05:24 281383104 222443680     0 832602112 783986688     0    76648448     0
23:05:29 281383104 222419968     0 832602112 783984384     0    76648448     0
23:05:34 281383104 222428928     0 832618496 783996160     0    76648448     0
23:05:39 281383104 222432512     0 832618496 783996160     0    76648448     0
23:05:44 281383104 222446848     0 832602112 784038272     0    76648448     0
23:05:49 281383104 222549152     0 832626688 784061632     0    76648448     0
23:05:54 281383104 222445056     0 832618496 784001920     0    76648448     0
23:05:59 281383104 222421808     0 832618496 784006464     0    76648448     0
23:06:04 281383104 222427040     0 832602112 783990144     0    76648448     0
23:06:09 281383104 222430080     0 832602112 783992576     0    76648448     0
23:06:14 281383104 222436704     0 832618496 784006016     0    76648448     0
23:06:19 281383104 222440528     0 832659456 784010112     0    76648448     0
23:06:24 281383104 222443472     0 832643072 783996672     0    76648448     0
23:06:29 281383104 222431680     0 832643072 784053312     0    76648448     0
23:06:34 281383104 222451712     0 832675840 784057344     0    76648448     0
23:06:39 281383104 222432576     0 832659456 784014464     0    76648448     0
23:06:44 281383104 222435520     0 832643072 784001088     0    76648448     0
23:06:49 281383104 222439104     0 832643072 784002688     0    76648448     0
23:06:54 281383104 222445472     0 832700416 784014464     0    76648448     0
23:06:59 281383104 222422176     0 832700416 784014464     0    76648448     0
23:07:04 281383104 222427808     0 832684032 784002688     0    76648448     0
23:07:09 281383104 222431584     0 832684032 784002688     0    76648448     0
23:07:14 281383104 222449392     0 832700416 784066688     0    76648448     0
23:07:19 281383104 222517696     0 832716800 784053824     0    76648448     0
23:07:24 281383104 222444288     0 832684032 784002688     0    76648448     0
23:07:29 281383104 222420224     0 832684032 784002688     0    76648448     0
23:07:34 281383104 222429632     0 832700416 784014464     0    76648448     0
23:07:39 281383104 222433552     0 832700416 784016768     0    76648448     0
