
SunOS canfire03 5.11 onnv-gate i86pc    05/09/2009

22:31:10  pgout/s ppgout/s pgfree/s pgscan/s %ufs_ipf
22:31:15     0.00     0.00     0.00     0.00     0.00
22:31:20     0.00     0.00     0.00     0.00     0.00
22:31:25     0.00     0.00     0.00     0.00     0.00
22:31:30     0.00     0.00     0.00     0.00     0.00
22:31:35     0.00     0.00     0.00     0.00     0.00
22:31:40     0.00     0.00     0.00     0.00     0.00
22:31:45     0.00     0.00     0.00     0.00     0.00
22:31:50     0.00     0.00     0.00     0.00     0.00
22:31:55     0.00     0.00     0.00     0.00     0.00
22:32:00     0.00     0.00     0.00     0.00     0.00
22:32:05     0.00     0.00     0.00     0.00     0.00
22:32:10     0.00     0.00     0.00     0.00     0.00
22:32:15     0.00     0.00     0.00     0.00     0.00
22:32:20     0.00     0.00     0.00     0.00     0.00
22:32:25     0.00     0.00     0.00     0.00     0.00
22:32:30     0.00     0.00     0.00     0.00     0.00
22:32:35     0.00     0.00     0.00     0.00     0.00
22:32:40     0.00     0.00     0.00     0.00     0.00
22:32:45     0.00     0.00     0.00     0.00     0.00
22:32:50     0.00     0.00     0.00     0.00     0.00
22:32:55     0.00     0.00     0.00     0.00     0.00
22:33:00     0.00     0.00     0.00     0.00     0.00
22:33:05     0.00     0.00     0.00     0.00     0.00
22:33:10     0.00     0.00     0.00     0.00     0.00
22:33:15     0.00     0.00     0.00     0.00     0.00
22:33:20     0.00     0.00     0.00     0.00     0.00
22:33:25     0.00     0.00     0.00     0.00     0.00
22:33:30     0.00     0.00     0.00     0.00     0.00
22:33:35     0.00     0.00     0.00     0.00     0.00
22:33:40     0.00     0.00     0.00     0.00     0.00
22:33:45     0.00     0.00     0.00     0.00     0.00
22:33:50     0.00     0.00     0.00     0.00     0.00
22:33:55     0.00     0.00     0.00     0.00     0.00
22:34:00     0.00     0.00     0.00     0.00     0.00
22:34:05     0.00     0.00     0.00     0.00     0.00
22:34:10     0.00     0.00     0.00     0.00     0.00
22:34:15     0.00     0.00     0.00     0.00     0.00
22:34:20     0.00     0.00     0.00     0.00     0.00
22:34:25     0.00     0.00     0.00     0.00     0.00
22:34:30     0.00     0.00     0.00     0.00     0.00
22:34:35     0.00     0.00     0.00     0.00     0.00
22:34:40     0.00     0.00     0.00     0.00     0.00
22:34:45     0.00     0.00     0.00     0.00     0.00
22:34:50     0.00     0.00     0.00     0.00     0.00
22:34:55     0.00     0.00     0.00     0.00     0.00
22:35:00     0.00     0.00     0.00     0.00     0.00
22:35:05     0.00     0.00     0.00     0.00     0.00
22:35:10     0.00     0.00     0.00     0.00     0.00
22:35:15     0.00     0.00     0.00     0.00     0.00
22:35:20     0.00     0.00     0.00     0.00     0.00
22:35:25     0.00     0.00     0.00     0.00     0.00
22:35:30     0.00     0.00     0.00     0.00     0.00
22:35:35     0.00     0.00     0.00     0.00     0.00
22:35:40     0.00     0.00     0.00     0.00     0.00
22:35:45     0.00     0.00     0.00     0.00     0.00
22:35:50     0.00     0.00     0.00     0.00     0.00
22:35:55     0.00     0.00     0.00     0.00     0.00
22:36:00     0.00     0.00     0.00     0.00     0.00
22:36:05     0.00     0.00     0.00     0.00     0.00
22:36:10     0.00     0.00     0.00     0.00     0.00
22:36:15     0.00     0.00     0.00     0.00     0.00
22:36:20     0.00     0.00     0.00     0.00     0.00
22:36:25     0.00     0.00     0.00     0.00     0.00
22:36:30     0.00     0.00     0.00     0.00     0.00
22:36:35     0.00     0.00     0.00     0.00     0.00
22:36:40     0.00     0.00     0.00     0.00     0.00
22:36:45     0.00     0.00     0.00     0.00     0.00
22:36:50     0.00     0.00     0.00     0.00     0.00
22:36:55     0.00     0.00     0.00     0.00     0.00
22:37:00     0.00     0.00     0.00     0.00     0.00
22:37:05     0.00     0.00     0.00     0.00     0.00
22:37:10     0.00     0.00     0.00     0.00     0.00
22:37:15     0.00     0.00     0.00     0.00     0.00
22:37:20     0.00     0.00     0.00     0.00     0.00
22:37:25     0.00     0.00     0.00     0.00     0.00
22:37:30     0.00     0.00     0.00     0.00     0.00
22:37:35     0.00     0.00     0.00     0.00     0.00
22:37:40     0.00     0.00     0.00     0.00     0.00
22:37:45     0.00     0.00     0.00     0.00     0.00
22:37:50     0.00     0.00     0.00     0.00     0.00
22:37:55     0.00     0.00     0.00     0.00     0.00
22:38:00     0.00     0.00     0.00     0.00     0.00
22:38:05     0.00     0.00     0.00     0.00     0.00
22:38:10     0.00     0.00     0.00     0.00     0.00
22:38:15     0.00     0.00     0.00     0.00     0.00
22:38:20     0.00     0.00     0.00     0.00     0.00
22:38:25     0.00     0.00     0.00     0.00     0.00
22:38:30     0.00     0.00     0.00     0.00     0.00
22:38:35     0.00     0.00     0.00     0.00     0.00
22:38:41     0.00     0.00     0.00     0.00     0.00
22:38:46     0.00     0.00     0.00     0.00     0.00
22:38:51     0.00     0.00     0.00     0.00     0.00
22:38:56     0.00     0.00     0.00     0.00     0.00
22:39:01     0.00     0.00     0.00     0.00     0.00
22:39:06     0.00     0.00     0.00     0.00     0.00
22:39:11     0.00     0.00     0.00     0.00     0.00
22:39:16     0.00     0.00     0.00     0.00     0.00
22:39:21     0.00     0.00     0.00     0.00     0.00
22:39:26     0.00     0.00     0.00     0.00     0.00
22:39:31     0.00     0.00     0.00     0.00     0.00
22:39:36     0.00     0.00     0.00     0.00     0.00
22:39:41     0.00     0.00     0.00     0.00     0.00
22:39:46     0.00     0.00     0.00     0.00     0.00
22:39:51     0.00     0.00     0.00     0.00     0.00
22:39:56     0.00     0.00     0.00     0.00     0.00
22:40:01     0.00     0.00     0.00     0.00     0.00
22:40:06     0.00     0.00     0.00     0.00     0.00
22:40:11     0.00     0.00     0.00     0.00     0.00
22:40:16     0.00     0.00     0.00     0.00     0.00
22:40:21     0.00     0.00     0.00     0.00     0.00
22:40:26     0.00     0.00     0.00     0.00     0.00
22:40:31     0.00     0.00     0.00     0.00     0.00
22:40:36     0.00     0.00     0.00     0.00     0.00
22:40:41     0.00     0.00     0.00     0.00     0.00
22:40:46     0.00     0.00     0.00     0.00     0.00
22:40:51     0.00     0.00     0.00     0.00     0.00
22:40:56     0.00     0.00     0.00     0.00     0.00
22:41:01     0.00     0.00     0.00     0.00     0.00
22:41:06     0.00     0.00     0.00     0.00     0.00
22:41:11     0.00     0.00     0.00     0.00     0.00
22:41:16     0.00     0.00     0.00     0.00     0.00
22:41:21     0.00     0.00     0.00     0.00     0.00
22:41:26     0.00     0.00     0.00     0.00     0.00
22:41:31     0.00     0.00     0.00     0.00     0.00
22:41:36     0.00     0.00     0.00     0.00     0.00
22:41:41     0.00     0.00     0.00     0.00     0.00
22:41:46     0.00     0.00     0.00     0.00     0.00
22:41:51     0.00     0.00     0.00     0.00     0.00
22:41:56     0.00     0.00     0.00     0.00     0.00
22:42:01     0.00     0.00     0.00     0.00     0.00
22:42:06     0.00     0.00     0.00     0.00     0.00
22:42:11     0.00     0.00     0.00     0.00     0.00
22:42:16     0.00     0.00     0.00     0.00     0.00
22:42:21     0.00     0.00     0.00     0.00     0.00
22:42:26     0.00     0.00     0.00     0.00     0.00
22:42:31     0.00     0.00     0.00     0.00     0.00
22:42:36     0.00     0.00     0.00     0.00     0.00
22:42:41     0.00     0.00     0.00     0.00     0.00
22:42:46     0.00     0.00     0.00     0.00     0.00
22:42:51     0.00     0.00     0.00     0.00     0.00
22:42:56     0.00     0.00     0.00     0.00     0.00
22:43:01     0.00     0.00     0.00     0.00     0.00
22:43:06     0.00     0.00     0.00     0.00     0.00
22:43:11     0.00     0.00     0.00     0.00     0.00
22:43:16     0.00     0.00     0.00     0.00     0.00
22:43:21     0.00     0.00     0.00     0.00     0.00
22:43:26     0.00     0.00     0.00     0.00     0.00
22:43:31     0.00     0.00     0.00     0.00     0.00
22:43:36     0.00     0.00     0.00     0.00     0.00
22:43:41     0.00     0.00     0.00     0.00     0.00
22:43:46     0.00     0.00     0.00     0.00     0.00
22:43:51     0.00     0.00     0.00     0.00     0.00
22:43:56     0.00     0.00     0.00     0.00     0.00
22:44:01     0.00     0.00     0.00     0.00     0.00
22:44:06     0.00     0.00     0.00     0.00     0.00
22:44:11     0.00     0.00     0.00     0.00     0.00
22:44:16     0.00     0.00     0.00     0.00     0.00
22:44:21     0.00     0.00     0.00     0.00     0.00
22:44:26     0.00     0.00     0.00     0.00     0.00
22:44:31     0.00     0.00     0.00     0.00     0.00
22:44:36     0.00     0.00     0.00     0.00     0.00
22:44:41     0.00     0.00     0.00     0.00     0.00
22:44:46     0.00     0.00     0.00     0.00     0.00
22:44:51     0.00     0.00     0.00     0.00     0.00
22:44:56     0.00     0.00     0.00     0.00     0.00
22:45:01     0.00     0.00     0.00     0.00     0.00
22:45:06     0.00     0.00     0.00     0.00     0.00
22:45:11     0.00     0.00     0.00     0.00     0.00
22:45:16     0.00     0.00     0.00     0.00     0.00
22:45:21     0.00     0.00     0.00     0.00     0.00
22:45:26     0.00     0.00     0.00     0.00     0.00
22:45:31     0.00     0.00     0.00     0.00     0.00
22:45:36     0.00     0.00     0.00     0.00     0.00
22:45:41     0.00     0.00     0.00     0.00     0.00
22:45:46     0.00     0.00     0.00     0.00     0.00
22:45:51     0.00     0.00     0.00     0.00     0.00
22:45:56     0.00     0.00     0.00     0.00     0.00
22:46:01     0.00     0.00     0.00     0.00     0.00
22:46:06     0.00     0.00     0.00     0.00     0.00
22:46:11     0.00     0.00     0.00     0.00     0.00
22:46:16     0.00     0.00     0.00     0.00     0.00
22:46:21     0.00     0.00     0.00     0.00     0.00
22:46:26     0.00     0.00     0.00     0.00     0.00
22:46:31     0.00     0.00     0.00     0.00     0.00
22:46:36     0.00     0.00     0.00     0.00     0.00
22:46:41     0.00     0.00     0.00     0.00     0.00
22:46:46     0.00     0.00     0.00     0.00     0.00
22:46:51     0.00     0.00     0.00     0.00     0.00
22:46:56     0.00     0.00     0.00     0.00     0.00
22:47:02     0.00     0.00     0.00     0.00     0.00
22:47:07     0.00     0.00     0.00     0.00     0.00
22:47:12     0.00     0.00     0.00     0.00     0.00
22:47:17     0.00     0.00     0.00     0.00     0.00
22:47:22     0.00     0.00     0.00     0.00     0.00
22:47:27     0.00     0.00     0.00     0.00     0.00
22:47:32     0.00     0.00     0.00     0.00     0.00
22:47:37     0.00     0.00     0.00     0.00     0.00
22:47:42     0.00     0.00     0.00     0.00     0.00
22:47:47     0.00     0.00     0.00     0.00     0.00
22:47:52     0.00     0.00     0.00     0.00     0.00
22:47:57     0.00     0.00     0.00     0.00     0.00
22:48:02     0.00     0.00     0.00     0.00     0.00
22:48:07     0.00     0.00     0.00     0.00     0.00
22:48:12     0.00     0.00     0.00     0.00     0.00
22:48:17     0.00     0.00     0.00     0.00     0.00
22:48:22     0.00     0.00     0.00     0.00     0.00
22:48:27     0.00     0.00     0.00     0.00     0.00
22:48:32     0.00     0.00     0.00     0.00     0.00
22:48:37     0.00     0.00     0.00     0.00     0.00
22:48:42     0.00     0.00     0.00     0.00     0.00
22:48:47     0.00     0.00     0.00     0.00     0.00
22:48:52     0.00     0.00     0.00     0.00     0.00
22:48:57     0.00     0.00     0.00     0.00     0.00
22:49:02     0.00     0.00     0.00     0.00     0.00
22:49:07     0.00     0.00     0.00     0.00     0.00
22:49:12     0.00     0.00     0.00     0.00     0.00
22:49:17     0.00     0.00     0.00     0.00     0.00
22:49:22     0.00     0.00     0.00     0.00     0.00
22:49:27     0.00     0.00     0.00     0.00     0.00
22:49:32     0.00     0.00     0.00     0.00     0.00
22:49:37     0.00     0.00     0.00     0.00     0.00
22:49:42     0.00     0.00     0.00     0.00     0.00
22:49:47     0.00     0.00     0.00     0.00     0.00
22:49:52     0.00     0.00     0.00     0.00     0.00
22:49:57     0.00     0.00     0.00     0.00     0.00
22:50:02     0.00     0.00     0.00     0.00     0.00
22:50:07     0.00     0.00     0.00     0.00     0.00
22:50:12     0.00     0.00     0.00     0.00     0.00
22:50:17     0.00     0.00     0.00     0.00     0.00
22:50:22     0.00     0.00     0.00     0.00     0.00
22:50:27     0.00     0.00     0.00     0.00     0.00
22:50:32     0.00     0.00     0.00     0.00     0.00
22:50:37     0.00     0.00     0.00     0.00     0.00
22:50:42     0.00     0.00     0.00     0.00     0.00
22:50:47     0.00     0.00     0.00     0.00     0.00
22:50:52     0.00     0.00     0.00     0.00     0.00
22:50:57     0.00     0.00     0.00     0.00     0.00
22:51:02     0.00     0.00     0.00     0.00     0.00
22:51:07     0.00     0.00     0.00     0.00     0.00
22:51:12     0.00     0.00     0.00     0.00     0.00
22:51:17     0.00     0.00     0.00     0.00     0.00
22:51:22     0.00     0.00     0.00     0.00     0.00
22:51:27     0.00     0.00     0.00     0.00     0.00
22:51:32     0.00     0.00     0.00     0.00     0.00
22:51:37     0.00     0.00     0.00     0.00     0.00
22:51:42     0.00     0.00     0.00     0.00     0.00
22:51:47     0.00     0.00     0.00     0.00     0.00
22:51:52     0.00     0.00     0.00     0.00     0.00
22:51:57     0.00     0.00     0.00     0.00     0.00
22:52:02     0.00     0.00     0.00     0.00     0.00
22:52:07     0.00     0.00     0.00     0.00     0.00
22:52:12     0.00     0.00     0.00     0.00     0.00
22:52:17     0.00     0.00     0.00     0.00     0.00
22:52:22     0.00     0.00     0.00     0.00     0.00
22:52:27     0.00     0.00     0.00     0.00     0.00
22:52:32     0.00     0.00     0.00     0.00     0.00
22:52:37     0.00     0.00     0.00     0.00     0.00
22:52:42     0.00     0.00     0.00     0.00     0.00
22:52:47     0.00     0.00     0.00     0.00     0.00
22:52:52     0.00     0.00     0.00     0.00     0.00
22:52:57     0.00     0.00     0.00     0.00     0.00
22:53:02     0.00     0.00     0.00     0.00     0.00
22:53:07     0.00     0.00     0.00     0.00     0.00
22:53:12     0.00     0.00     0.00     0.00     0.00
22:53:17     0.00     0.00     0.00     0.00     0.00
22:53:22     0.00     0.00     0.00     0.00     0.00
22:53:27     0.00     0.00     0.00     0.00     0.00
22:53:32     0.00     0.00     0.00     0.00     0.00
22:53:37     0.00     0.00     0.00     0.00     0.00
22:53:42     0.00     0.00     0.00     0.00     0.00
22:53:47     0.00     0.00     0.00     0.00     0.00
22:53:52     0.00     0.00     0.00     0.00     0.00
22:53:57     0.00     0.00     0.00     0.00     0.00
22:54:02     0.00     0.00     0.00     0.00     0.00
22:54:07     0.00     0.00     0.00     0.00     0.00
22:54:12     0.00     0.00     0.00     0.00     0.00
22:54:17     0.00     0.00     0.00     0.00     0.00
22:54:22     0.00     0.00     0.00     0.00     0.00
22:54:27     0.00     0.00     0.00     0.00     0.00
22:54:32     0.00     0.00     0.00     0.00     0.00
22:54:37     0.00     0.00     0.00     0.00     0.00
22:54:42     0.00     0.00     0.00     0.00     0.00
22:54:47     0.00     0.00     0.00     0.00     0.00
22:54:52     0.00     0.00     0.00     0.00     0.00
22:54:57     0.00     0.00     0.00     0.00     0.00
22:55:02     0.00     0.00     0.00     0.00     0.00
22:55:07     0.00     0.00     0.00     0.00     0.00
22:55:12     0.00     0.00     0.00     0.00     0.00
22:55:17     0.00     0.00     0.00     0.00     0.00
22:55:23     0.00     0.00     0.00     0.00     0.00
22:55:28     0.00     0.00     0.00     0.00     0.00
22:55:33     0.00     0.00     0.00     0.00     0.00
22:55:38     0.00     0.00     0.00     0.00     0.00
22:55:43     0.00     0.00     0.00     0.00     0.00
22:55:48     0.00     0.00     0.00     0.00     0.00
22:55:53     0.00     0.00     0.00     0.00     0.00
22:55:58     0.00     0.00     0.00     0.00     0.00
22:56:03     0.00     0.00     0.00     0.00     0.00
22:56:08     0.00     0.00     0.00     0.00     0.00
22:56:13     0.00     0.00     0.00     0.00     0.00
22:56:18     0.00     0.00     0.00     0.00     0.00
22:56:23     0.00     0.00     0.00     0.00     0.00
22:56:28     0.00     0.00     0.00     0.00     0.00
22:56:33     0.00     0.00     0.00     0.00     0.00
22:56:38     0.00     0.00     0.00     0.00     0.00
22:56:43     0.00     0.00     0.00     0.00     0.00
22:56:48     0.00     0.00     0.00     0.00     0.00
22:56:53     0.00     0.00     0.00     0.00     0.00
22:56:58     0.00     0.00     0.00     0.00     0.00
22:57:03     0.00     0.00     0.00     0.00     0.00
22:57:08     0.00     0.00     0.00     0.00     0.00
22:57:13     0.00     0.00     0.00     0.00     0.00
22:57:18     0.00     0.00     0.00     0.00     0.00
22:57:23     0.00     0.00     0.00     0.00     0.00
22:57:28     0.00     0.00     0.00     0.00     0.00
22:57:33     0.00     0.00     0.00     0.00     0.00
22:57:38     0.00     0.00     0.00     0.00     0.00
22:57:43     0.00     0.00     0.00     0.00     0.00
22:57:48     0.00     0.00     0.00     0.00     0.00
22:57:53     0.00     0.00     0.00     0.00     0.00
22:57:58     0.00     0.00     0.00     0.00     0.00
22:58:03     0.00     0.00     0.00     0.00     0.00
22:58:08     0.00     0.00     0.00     0.00     0.00
22:58:13     0.00     0.00     0.00     0.00     0.00
22:58:18     0.00     0.00     0.00     0.00     0.00
22:58:23     0.00     0.00     0.00     0.00     0.00
22:58:28     0.00     0.00     0.00     0.00     0.00
22:58:33     0.00     0.00     0.00     0.00     0.00
22:58:38     0.00     0.00     0.00     0.00     0.00
22:58:43     0.00     0.00     0.00     0.00     0.00
22:58:48     0.00     0.00     0.00     0.00     0.00
22:58:53     0.00     0.00     0.00     0.00     0.00
22:58:58     0.00     0.00     0.00     0.00     0.00
22:59:03     0.00     0.00     0.00     0.00     0.00
22:59:08     0.00     0.00     0.00     0.00     0.00
22:59:13     0.00     0.00     0.00     0.00     0.00
22:59:18     0.00     0.00     0.00     0.00     0.00
22:59:23     0.00     0.00     0.00     0.00     0.00
22:59:28     0.00     0.00     0.00     0.00     0.00
22:59:33     0.00     0.00     0.00     0.00     0.00
22:59:38     0.00     0.00     0.00     0.00     0.00
22:59:43     0.00     0.00     0.00     0.00     0.00
22:59:48     0.00     0.00     0.00     0.00     0.00
22:59:53     0.00     0.00     0.00     0.00     0.00
22:59:58     0.00     0.00     0.00     0.00     0.00
23:00:03     0.00     0.00     0.00     0.00     0.00
23:00:08     0.00     0.00     0.00     0.00     0.00
23:00:13     0.00     0.00     0.00     0.00     0.00
23:00:18     0.00     0.00     0.00     0.00     0.00
23:00:23     0.00     0.00     0.00     0.00     0.00
23:00:28     0.00     0.00     0.00     0.00     0.00
23:00:33     0.00     0.00     0.00     0.00     0.00
23:00:38     0.00     0.00     0.00     0.00     0.00
23:00:43     0.00     0.00     0.00     0.00     0.00
23:00:48     0.00     0.00     0.00     0.00     0.00
23:00:53     0.00     0.00     0.00     0.00     0.00
23:00:58     0.00     0.00     0.00     0.00     0.00
23:01:03     0.00     0.00     0.00     0.00     0.00
23:01:08     0.00     0.00     0.00     0.00     0.00
23:01:13     0.00     0.00     0.00     0.00     0.00
23:01:18     0.00     0.00     0.00     0.00     0.00
23:01:23     0.00     0.00     0.00     0.00     0.00
23:01:28     0.00     0.00     0.00     0.00     0.00
23:01:33     0.00     0.00     0.00     0.00     0.00
23:01:38     0.00     0.00     0.00     0.00     0.00
23:01:43     0.00     0.00     0.00     0.00     0.00
23:01:48     0.00     0.00     0.00     0.00     0.00
23:01:53     0.00     0.00     0.00     0.00     0.00
23:01:58     0.00     0.00     0.00     0.00     0.00
23:02:03     0.00     0.00     0.00     0.00     0.00
23:02:08     0.00     0.00     0.00     0.00     0.00
23:02:13     0.00     0.00     0.00     0.00     0.00
23:02:18     0.00     0.00     0.00     0.00     0.00
23:02:23     0.00     0.00     0.00     0.00     0.00
23:02:28     0.00     0.00     0.00     0.00     0.00
23:02:33     0.00     0.00     0.00     0.00     0.00
23:02:38     0.00     0.00     0.00     0.00     0.00
23:02:43     0.00     0.00     0.00     0.00     0.00
23:02:48     0.00     0.00     0.00     0.00     0.00
23:02:53     0.00     0.00     0.00     0.00     0.00
23:02:58     0.00     0.00     0.00     0.00     0.00
23:03:03     0.00     0.00     0.00     0.00     0.00
23:03:08     0.00     0.00     0.00     0.00     0.00
23:03:13     0.00     0.00     0.00     0.00     0.00
23:03:18     0.00     0.00     0.00     0.00     0.00
23:03:23     0.00     0.00     0.00     0.00     0.00
23:03:28     0.00     0.00     0.00     0.00     0.00
23:03:33     0.00     0.00     0.00     0.00     0.00
23:03:38     0.00     0.00     0.00     0.00     0.00
23:03:44     0.00     0.00     0.00     0.00     0.00
23:03:49     0.00     0.00     0.00     0.00     0.00
23:03:54     0.00     0.00     0.00     0.00     0.00
23:03:59     0.00     0.00     0.00     0.00     0.00
23:04:04     0.00     0.00     0.00     0.00     0.00
23:04:09     0.00     0.00     0.00     0.00     0.00
23:04:14     0.00     0.00     0.00     0.00     0.00
23:04:19     0.00     0.00     0.00     0.00     0.00
23:04:24     0.00     0.00     0.00     0.00     0.00
23:04:29     0.00     0.00     0.00     0.00     0.00
23:04:34     0.00     0.00     0.00     0.00     0.00
23:04:39     0.00     0.00     0.00     0.00     0.00
23:04:44     0.00     0.00     0.00     0.00     0.00
23:04:49     0.00     0.00     0.00     0.00     0.00
23:04:54     0.00     0.00     0.00     0.00     0.00
23:04:59     0.00     0.00     0.00     0.00     0.00
23:05:04     0.00     0.00     0.00     0.00     0.00
23:05:09     0.00     0.00     0.00     0.00     0.00
23:05:14     0.00     0.00     0.00     0.00     0.00
23:05:19     0.00     0.00     0.00     0.00     0.00
23:05:24     0.00     0.00     0.00     0.00     0.00
23:05:29     0.00     0.00     0.00     0.00     0.00
23:05:34     0.00     0.00     0.00     0.00     0.00
23:05:39     0.00     0.00     0.00     0.00     0.00
23:05:44     0.00     0.00     0.00     0.00     0.00
23:05:49     0.00     0.00     0.00     0.00     0.00
23:05:54     0.00     0.00     0.00     0.00     0.00
23:05:59     0.00     0.00     0.00     0.00     0.00
23:06:04     0.00     0.00     0.00     0.00     0.00
23:06:09     0.00     0.00     0.00     0.00     0.00
23:06:14     0.00     0.00     0.00     0.00     0.00
23:06:19     0.00     0.00     0.00     0.00     0.00
23:06:24     0.00     0.00     0.00     0.00     0.00
23:06:29     0.00     0.00     0.00     0.00     0.00
23:06:34     0.00     0.00     0.00     0.00     0.00
23:06:39     0.00     0.00     0.00     0.00     0.00
23:06:44     0.00     0.00     0.00     0.00     0.00
23:06:49     0.00     0.00     0.00     0.00     0.00
23:06:54     0.00     0.00     0.00     0.00     0.00
23:06:59     0.00     0.00     0.00     0.00     0.00
23:07:04     0.00     0.00     0.00     0.00     0.00
23:07:09     0.00     0.00     0.00     0.00     0.00
23:07:14     0.00     0.00     0.00     0.00     0.00
23:07:19     0.00     0.00     0.00     0.00     0.00
23:07:24     0.00     0.00     0.00     0.00     0.00
23:07:29     0.00     0.00     0.00     0.00     0.00
23:07:34     0.00     0.00     0.00     0.00     0.00
23:07:39     0.00     0.00     0.00     0.00     0.00
