 kthr      memory            page            disk          faults      cpu
 r b w   swap  free  re  mf pi po fr de sr s0 s1 s2 --   in   sy   cs us sy id
 0 0 0 9439860 6360220 133 2008 0 0 0 0 27  4 -0  0  0  740 1781  329 26  3 71
 0 0 0 9798940 6658696 151 2558 0 0 0 0  0 93  0  0  0  723 2113  270  0  4 96
 0 0 0 9798704 6658528 129 2155 0 0 0 0  0  0  0  0  0  588 1691  262  0  4 96
 0 0 0 9798664 6658532 129 2159 0 0 0 0  0  0  0  0  0  575 1680  258  0  4 96
 0 0 0 9798712 6658656 134 2154 0 0 0 0  0  4  0  0  0  608 1686  308  0  4 96
 0 0 0 9798432 6658544 129 2159 0 0 0 0  0  0  0  0  0  567 1673  261  0  4 96
 0 0 0 9798668 6658652 129 2156 0 0 0 0  0  0  0  0  0  556 1686  253  0  4 96
 0 0 0 9798676 6658872 147 2165 0 0 0 0  0  0  0  0  0  581 1671  252  0  4 96
 0 0 0 9798352 6658424 76 1179 0 0 0  0  0  0  0  0  0  539 1258  219  0  2 97
 0 0 0 9798644 6658560 52 979 0 0  0  0  0  0  0  0  0  493 1089  211  0  1 98
 0 0 0 9798644 6658548 134 2158 0 0 0 0  0  2  0  0  0  619 1689  307  0  4 96
 0 0 0 9798392 6658456 128 2158 0 0 0 0  0  0  0  0  0  585 1684  260  0  4 96
 0 0 0 9798116 6658260 129 2157 0 0 0 0  0  1  0  0  0  634 1683  283  0  4 96
 0 0 0 9798440 6658492 147 2166 0 0 0 0  0  0  0  0  0  575 1673  257  0  4 96
 0 0 0 9798188 6658252 129 2156 0 0 0 0  0  0  0  0  0  577 1683  261  0  4 96
 0 0 0 9798148 6658220 129 2158 0 0 0 0  0  0  0  0  0  588 1672  257  0  4 96
 0 0 0 9798404 6658336 130 2158 0 0 0 0  0  3  0  0  0  611 1689  303  0  4 96
 0 0 0 9798116 6658192 12 99 0  0  0  0  0  0  0  0  0  461  752  176  0  1 99
 kthr      memory            page            disk          faults      cpu
 r b w   swap  free  re  mf pi po fr de sr s0 s1 s2 --   in   sy   cs us sy id
 0 0 0 9798356 6658328 117 2064 0 0 0 0  0  0  0  0  0  596 1598  255  0  3 97
 0 0 0 9798052 6658124 147 2164 0 0 0 0  0  0  0  0  0  581 1671  252  0  4 96
 0 0 0 9798348 6658252 129 2159 0 0 0 0  0  0  0  0  0  585 1780  307  0  4 96
 0 0 0 9798092 6658176 129 2158 0 0 0 0  0  0  0  0  0  578 1675  254  0  4 96
 0 0 0 9798036 6658148 134 2157 0 0 0 0  0  2  0  0  0  617 1688  304  0  4 96
 0 0 0 9798292 6658196 129 2157 0 0 0 0  0  0  0  0  0  597 1678  259  0  3 96
 0 0 0 9797912 6657972 141 2165 0 0 0 0  0  0  0  0  0  595 1686  279  0  4 96
 0 0 0 9797992 6658068 77 1180 0 0 0  0  0  0  0  0  0  524 1273  215  0  3 97
 0 0 0 9798288 6658192 52 977 0 0  0  0  0  0  0  0  0  529 1073  221  0  1 99
 0 0 0 9798292 6658216 129 2159 0 0 0 0  0  0  0  0  0  603 1671  258  0  4 96
 0 0 0 9798036 6658100 134 2158 0 0 0 0  0  2  0  0  0  652 1690  310  0  4 96
 0 0 0 9797968 6658052 129 2159 0 0 0 0  0  0  0  0  0  567 1675  263  0  4 96
 0 0 0 9798264 6658240 129 2156 0 0 0 0  0  0  0  0  0  582 1682  264  0  4 96
 0 0 0 9798012 6658276 147 2167 0 0 0 0  0  0  0  0  0  578 1673  252  0  4 96
 0 0 0 9797916 6657988 129 2157 0 0 0 0  0  0  0  0  0  585 1683  265  0  4 96
 0 0 0 9798208 6658112 134 2158 0 0 0 0  0  0  0  0  0  574 1671  257  0  4 96
 0 0 0 9797952 6658016 13 169 0 0  0  0  0  2  0  0  0  496  813  225  0  1 98
 0 0 0 9798208 6658112 115 1991 0 0 0 0  0  0  0  0  0  583 1546  254  0  2 97
 0 0 0 9797792 6657984 128 2158 0 0 0 0  0  0  0  0  0  592 1682  274  0  4 96
 kthr      memory            page            disk          faults      cpu
 r b w   swap  free  re  mf pi po fr de sr s0 s1 s2 --   in   sy   cs us sy id
 0 0 0 9798204 6658180 147 2168 0 0 0 0  0  0  0  0  0  583 1672  257  0  4 96
 0 0 0 9797948 6658012 129 2160 0 0 0 0  0  0  0  0  0  595 1690  265  0  4 96
 0 0 0 9797912 6658004 129 2162 0 0 0 0  0  0  0  0  0  561 1676  253  0  4 96
 0 0 0 9798184 6658164 134 2163 0 0 0 0  0  2  0  0  0  623 1690  305  0  4 96
 0 0 0 9797924 6657988 128 2160 0 0 0 0  0  0  0  0  0  571 1669  267  0  4 96
 0 0 0 9797884 6658016 114 1547 0 0 0 0  0  0  0  0  0  522 1438  229  0  3 97
 0 0 0 9798184 6658088 33 626 0 0  0  0  0  0  0  0  0  486  910  198  0  0 99
 0 0 0 9798184 6658088 129 2163 0 0 0 0  0  0  0  0  0  567 1773  303  0  4 96
 0 0 0 9797924 6658012 129 2164 0 0 0 0  0  0  0  0  0  554 1671  252  0  4 96
 0 0 0 9797804 6657896 134 2165 0 0 0 0  0  2  0  0  0  609 1694  306  0  4 96
 0 0 0 9798104 6658008 129 2163 0 0 0 0  0  0  0  0  0  581 1682  257  0  3 96
 0 0 0 9797776 6657852 138 2171 0 0 0 0  0  0  0  0  0  603 1686  280  0  4 96
 0 0 0 9797804 6657912 132 2170 0 0 0 0  0  0  0  0  0  569 1677  257  0  4 96
 0 0 0 9798100 6658004 129 2165 0 0 0 0  0  0  0  0  0  579 1685  262  0  4 96
 0 0 0 9797760 6657824 55 783 0 0  0  0  0  0  0  0  0  502 1048  199  0  2 98
 0 0 0 9797980 6657896 79 1383 0 0 0  0  0  2  0  0  0  588 1309  277  0  2 98
 0 0 0 9797680 6657748 128 2165 0 0 0 0  0  0  0  0  0  572 1676  262  0  4 96
 0 0 0 9797976 6658016 129 2166 0 0 0 0  0  0  0  0  0  591 1686  261  0  4 96
 0 0 0 9797724 6657908 147 2177 0 0 0 0  0  0  0  0  0  571 1677  256  0  4 96
 kthr      memory            page            disk          faults      cpu
 r b w   swap  free  re  mf pi po fr de sr s0 s1 s2 --   in   sy   cs us sy id
 0 0 0 9797792 6657828 129 2174 0 0 0 0  0  0  0  0  0  594 1699  264  0  4 96
 0 0 0 9797976 6657900 129 2165 0 0 0 0  0  0  0  0  0  581 1686  259  0  4 96
 0 0 0 9797812 6657820 134 2238 0 0 0 0  0  2  0  0  0  598 1725  307  0  4 96
 0 0 0 9797800 6657780 127 2118 0 0 0 0  0  0  0  0  0  587 1660  261  0  4 96
 0 0 0 9797768 6657808 5 135 0  0  0  0  0  0  0  0  0  484  729  199  0  0 100
 0 0 0 8852932 6181752 403 58402 0 0 0 0 0  2  0  0  0 1239 10394 308 39 14 47
 0 0 0 8258640 5517432 129 4084 0 0 0 0  0  0  0  0  0 2168 1696  247 50  5 45
 0 0 0 8262708 5521732 129 2171 0 0 0 0  0  0  0  0  0  779 1681  242 50  4 46
 0 0 0 8262964 5521992 135 2174 0 0 0 0  0  6  0  0  0 1184 1705  306 50  4 46
 0 0 0 8262700 5521848 129 2169 0 0 0 0  0  0  0  0  0  795 1683  241 50  4 46
 0 0 0 8262656 5521828 146 2181 0 0 0 0  0  0  0  0  0  806 1699  242 50  4 46
 0 0 0 8262816 5521944 129 2170 0 0 0 0  0  0  0  0  0  811 1685  241 50  4 46
 0 0 0 8262956 5521980 12 98 0  0  0  0  0  0  0  0  0  467  811  222 50  1 50
 0 0 0 8262952 5522008 117 2074 0 0 0 0  0  0  0  0  0  786 1637  241 50  4 46
 0 0 0 8262896 5521980 134 2171 0 0 0 0  0  2  0  0  0 1269 1699  292 50  4 46
 0 0 0 8262628 5521820 129 2172 0 0 0 0  0  0  0  0  0  797 1688  248 50  4 46
 0 0 0 8262844 5522008 129 2172 0 0 0 0  0  0  0  0  0  828 1699  261 50  4 46
 0 0 0 8262540 5521924 147 2179 0 0 0 0  0  0  0  0  0  793 1682  240 50  4 46
 0 0 0 8262676 5521700 129 2174 0 0 0 0  0  0  0  0  0  821 1704  252 50  4 46
 kthr      memory            page            disk          faults      cpu
 r b w   swap  free  re  mf pi po fr de sr s0 s1 s2 --   in   sy   cs us sy id
 0 0 0 8262504 5521600 132 2091 0 0 0 0  0  0  0  0  0  796 1653  238 50  4 46
 0 0 0 8262560 5521584 2 80  0  0  0  0  0  2  0  0  0  602  709  226 50  0 50
 0 0 0 8262548 5521572 129 2173 0 0 0 0  0  0  0  0  0  801 1685  243 50  4 46
 0 0 0 8262256 5521584 129 2172 0 0 0 0  0  0  0  0  0  818 1698  247 50  4 46
 0 0 0 8262208 5521472 147 2179 0 0 0 0  0  0  0  0  0  815 1680  247 50  4 46
 0 0 0 8262408 5521468 129 2172 0 0 0 0  0  0  0  0  0  762 1699  243 50  4 46
 0 0 0 8262440 5521476 132 2173 0 0 0 0  0  0  0  0  0  814 1687  242 50  4 46
 0 0 0 8262252 5521452 132 2171 0 0 0 0  0  2  0  0  0  963 1700  299 50  4 46
 0 0 0 8262148 5521336 108 1768 0 0 0 0  0  0  0  0  0  754 1533  232 50  4 46
 0 0 0 8262324 5521488 21 403 0 0  0  0  0  0  0  0  0  514  839  198 50  1 49
 0 0 0 8262440 5521464 147 2180 0 0 0 0  0  0  0  0  0  813 1684  245 50  4 46
 0 0 0 8262160 5521360 129 2172 0 0 0 0  0  0  0  0  0  792 1697  247 50  4 46
 0 0 0 8262124 5521344 129 2175 0 0 0 0  0  0  0  0  0  812 1686  241 50  4 46
 0 0 0 8262376 5521500 134 2172 0 0 0 0  0  2  0  0  0  916 1702  290 50  4 46
 0 0 0 8262408 5521428 129 2171 0 0 0 0  0  0  0  0  0  790 1685  242 50  4 46
 0 0 0 8262264 5521408 147 2179 0 0 0 0  0  0  0  0  0  802 1694  246 50  4 46
 0 0 0 8262116 5521304 102 1730 0 0 0 0  0  0  0  0  0  709 1497  227 50  4 46
 0 0 0 8262412 5521432 27 442 0 0  0  0  0  0  0  0  0  520  957  236 50  1 49
 0 0 0 8262408 5521460 129 2171 0 0 0 0  0  0  0  0  0  806 1688  243 50  4 46
 kthr      memory            page            disk          faults      cpu
 r b w   swap  free  re  mf pi po fr de sr s0 s1 s2 --   in   sy   cs us sy id
 0 0 0 8262152 5521336 134 2173 0 0 0 0  0  2  0  0  0 1296 1701  289 50  4 46
 0 0 0 8262116 5521304 129 2170 0 0 0 0  0  0  0  0  0  797 1688  242 50  4 46
 0 0 0 8262260 5521424 130 2174 0 0 0 0  0  0  0  0  0  842 1703  260 50  4 46
 0 0 0 8262408 5521648 147 2178 0 0 0 0  0  0  0  0  0  795 1682  237 50  4 46
 0 0 0 8262424 5521452 129 2174 0 0 0 0  0  0  0  0  0  799 1699  249 50  4 46
 0 0 0 8262092 5521296 107 1691 0 0 0 0  0  0  0  0  0  710 1488  228 50  4 46
 0 0 0 8262388 5521408 27 481 0 0  0  0  0  2  0  0  0  630  874  237 50  1 49
 0 0 0 8262384 5521404 129 2172 0 0 0 0  0  0  0  0  0  801 1690  244 50  4 46
 0 0 0 8262128 5521456 129 2174 0 0 0 0  0  0  0  0  0  791 1698  250 50  4 46
 0 0 0 8262092 5521352 147 2178 0 0 0 0  0  0  0  0  0  787 1681  241 50  4 46
 0 0 0 8262380 5521400 129 2173 0 0 0 0  0  0  0  0  0  802 1698  243 50  4 46
 0 0 0 8262120 5521300 129 2171 0 0 0 0  0  0  0  0  0  797 1685  235 50  4 46
 0 0 0 8262188 5521372 129 2172 0 0 0 0  0  2  0  0  0  936 1702  296 50  4 46
 0 0 0 8262080 5521264 103 1731 0 0 0 0  0  0  0  0  0  730 1507  233 50  4 46
 0 0 0 8262256 5521420 26 440 0 0  0  0  0  0  0  0  0  516  862  206 50  1 49
 0 0 0 8262352 5521384 147 2178 0 0 0 0  0  0  0  0  0  807 1685  242 50  4 46
 0 0 0 8262092 5521276 129 2173 0 0 0 0  0  0  0  0  0  808 1702  256 50  4 46
 0 0 0 8262056 5521284 129 2176 0 0 0 0  0  0  0  0  0  808 1684  246 50  4 46
 0 0 0 8262352 5521412 134 2170 0 0 0 0  0  2  0  0  0  905 1705  294 50  4 46
 kthr      memory            page            disk          faults      cpu
 r b w   swap  free  re  mf pi po fr de sr s0 s1 s2 --   in   sy   cs us sy id
 0 0 0 8262096 5521276 129 2171 0 0 0 0  0  0  0  0  0  784 1681  243 50  4 46
 0 0 0 8262164 5521364 147 2181 0 0 0 0  0  0  0  0  0  816 1700  243 50  4 46
 0 0 0 8262168 5521348 114 1874 0 0 0 0  0  0  0  0  0  761 1565  230 50  4 46
 0 0 0 8262352 5521372 15 298 0 0  0  0  0  0  0  0  0  477  882  230 50  1 49
 0 0 0 8262240 5521304 129 2171 0 0 0 0  0  0  0  0  0  790 1700  246 50  4 46
 0 0 0 8261984 5521168 135 2176 0 0 0 0  0  2  0  0  0 1302 1703  285 50  4 46
 0 0 0 8261948 5521136 129 2169 0 0 0 0  0  0  0  0  0  811 1691  246 50  4 46
 0 0 0 8262024 5521192 129 2175 0 0 0 0  0  0  0  0  0  814 1703  260 50  4 46
 0 0 0 8262128 5521376 147 2180 0 0 0 0  0  0  0  0  0  796 1681  237 50  4 46
 0 0 0 8262160 5521184 129 2171 0 0 0 0  0  0  0  0  0  812 1692  256 50  4 46
 0 0 0 8261832 5521040 90 1355 0 0 0  0  0  0  0  0  0  686 1356  210 50  3 46
 0 0 0 8262116 5521136 45 819 0 0  0  0  0  3  0  0  0  743 1010  249 50  1 49
 0 0 0 8262108 5521128 129 2173 0 0 0 0  0  0  0  0  0  790 1686  246 50  4 46
 0 0 0 8261856 5521240 129 2172 0 0 0 0  0  0  0  0  0  802 1694  243 50  4 46
 0 0 0 8261816 5521076 147 2181 0 0 0 0  0  0  0  0  0  802 1685  241 50  4 46
 0 0 0 8262068 5521144 129 2170 0 0 0 0  0  0  0  0  0  837 1701  245 50  4 46
 0 0 0 8262108 5521128 134 2172 0 0 0 0  0  0  0  0  0  779 1685  239 50  4 46
 0 0 0 8261852 5521036 129 2172 0 0 0 0  0  2  0  0  0  952 1700  290 50  4 46
 0 0 0 8261816 5521004 77 1188 0 0 0  0  0  0  0  0  0  633 1289  214 50  3 47
 kthr      memory            page            disk          faults      cpu
 r b w   swap  free  re  mf pi po fr de sr s0 s1 s2 --   in   sy   cs us sy id
 0 0 0 8261972 5521208 52 985 0 0  0  0  0  0  0  0  0  621 1081  222 50  1 49
 0 0 0 8262084 5521108 147 2179 0 0 0 0  0  0  0  0  0  815 1681  250 50  4 46
 0 0 0 8261832 5521012 129 2174 0 0 0 0  0  0  0  0  0  785 1696  248 50  4 46
 0 0 0 8262088 5521168 129 2170 0 0 0 0  0  0  0  0  0  804 1683  242 50  4 46
 0 0 0 8262044 5521148 134 2171 0 0 0 0  0  2  0  0  0  909 1698  292 50  4 46
 0 0 0 8262084 5521104 129 2175 0 0 0 0  0  0  0  0  0  819 1689  245 50  4 46
 0 0 0 8261828 5521128 147 2178 0 0 0 0  0  0  0  0  0  782 1696  241 50  4 46
 0 0 0 8261792 5520980 77 1187 0 0 0  0  0  0  0  0  0  608 1281  206 50  3 47
 0 0 0 8262088 5521108 53 985 0 0  0  0  0  0  0  0  0  619 1173  252 50  1 49
 0 0 0 8262084 5521148 129 2173 0 0 0 0  0  0  0  0  0  807 1684  237 50  4 46
 0 0 0 8261832 5521012 134 2171 0 0 0 0  0  2  0  0  0 1254 1702  277 50  4 46
 0 0 0 8262044 5521112 129 2172 0 0 0 0  0  0  0  0  0  810 1691  248 50  4 46
 0 0 0 8261692 5520888 146 2181 0 0 0 0  0  0  0  0  0  797 1698  263 50  4 46
 0 0 0 8262060 5521084 129 2171 0 0 0 0  0  0  0  0  0  813 1679  237 50  4 46
 0 0 0 8261804 5520988 129 2172 0 0 0 0  0  0  0  0  0  824 1700  255 50  4 46
 0 0 0 8261768 5520980 82 1187 0 0 0  0  0  0  0  0  0  626 1278  205 50  3 47
 0 0 0 8262024 5521044 53 985 0 0  0  0  0  4  0  0  0  842 1086  282 50  1 49
 0 0 0 8262012 5521032 129 2173 0 0 0 0  0  0  0  0  0  801 1686  242 50  4 46
 0 0 0 8261760 5521148 129 2172 0 0 0 0  0  0  0  0  0  788 1691  239 50  4 46
 kthr      memory            page            disk          faults      cpu
 r b w   swap  free  re  mf pi po fr de sr s0 s1 s2 --   in   sy   cs us sy id
 0 0 0 8261820 5521068 147 2177 0 0 0 0  0  0  0  0  0  774 1685  236 50  4 46
 0 0 0 8261712 5520896 129 2174 0 0 0 0  0  0  0  0  0  835 1694  249 50  4 46
 0 0 0 8262004 5521032 134 2171 0 0 0 0  0  0  0  0  0  772 1686  235 50  4 46
 0 0 0 8261748 5520932 129 2175 0 0 0 0  0  2  0  0  0  942 1703  293 50  4 46
 0 0 0 8261692 5520892 76 1186 0 0 0  0  0  0  0  0  0  669 1290  213 50  3 47
 0 0 0 8261864 5521096 53 984 0 0  0  0  0  0  0  0  0  649 1079  219 50  1 49
 0 0 0 8261980 5521000 148 2182 0 0 0 0  0  0  0  0  0  800 1689  238 50  4 46
 0 0 0 8261980 5521000 129 2173 0 0 0 0  0  0  0  0  0  812 1697  243 50  4 46
 0 0 0 8261868 5521000 132 2171 0 0 0 0  0  0  0  0  0  783 1684  236 50  4 46
 0 0 0 8261688 5520896 132 2171 0 0 0 0  0  2  0  0  0  931 1700  289 50  4 46
 0 0 0 8261980 5521000 129 2173 0 0 0 0  0  0  0  0  0  786 1680  247 50  4 46
 0 0 0 8261728 5521028 147 2180 0 0 0 0  0  0  0  0  0  797 1699  239 50  4 46
 0 0 0 8261800 5520984 76 1186 0 0 0  0  0  0  0  0  0  618 1240  203 50  2 47
 0 0 0 8261984 5521004 53 985 0 0  0  0  0  0  0  0  0  619 1210  251 50  2 48
 0 0 0 8261860 5520932 129 2173 0 0 0 0  0  0  0  0  0  816 1684  242 50  4 46
 0 0 0 8261540 5520580 134 2171 0 0 0 0  0  2  0  0  0 1258 1702  284 50  4 46
 0 0 0 8261092 5520284 129 2174 0 0 0 0  0  0  0  0  0  835 1695  246 50  4 46
 0 0 0 8260972 5520164 147 2177 0 0 0 0  0  0  0  0  0  861 1695  263 50  4 46
 0 0 0 8261212 5520232 129 2177 0 0 0 0  0  0  0  0  0  799 1686  236 50  4 46
 kthr      memory            page            disk          faults      cpu
 r b w   swap  free  re  mf pi po fr de sr s0 s1 s2 --   in   sy   cs us sy id
 0 0 0 8260960 5520140 129 2169 0 0 0 0  0  0  0  0  0  798 1694  243 50  4 46
 0 0 0 8261156 5520244 82 1187 0 0 0  0  0  0  0  0  0  663 1232  208 50  2 48
 0 0 0 8261188 5520208 53 986 0 0  0  0  0  2  0  0  0  781 1133  255 50  2 48
 0 0 0 8260884 5520068 129 2174 0 0 0 0  0  0  0  0  0  810 1688  246 50  4 46
 0 0 0 8261180 5520416 129 2170 0 0 0 0  0  0  0  0  0  806 1695  240 50  4 46
 0 0 0 8260928 5520236 147 2180 0 0 0 0  0  0  0  0  0  779 1683  245 50  4 46
 0 0 0 8260888 5520076 129 2170 0 0 0 0  0  0  0  0  0  796 1699  245 50  4 46
 0 0 0 8261184 5520216 134 2172 0 0 0 0  0  0  0  0  0  832 1697  244 50  4 46
 0 0 0 8260844 5520036 129 2173 0 0 0 0  0  3  0  0  0  971 1703  296 50  4 46
 0 0 0 8261032 5520112 77 1187 0 0 0  0  0  0  0  0  0  680 1237  213 50  2 48
 0 0 0 8260956 5520192 53 986 0 0  0  0  0  0  0  0  0  662 1127  221 50  2 48
 0 0 0 8260772 5519956 147 2180 0 0 0 0  0  0  0  0  0  818 1683  245 50  4 46
 0 0 0 8261068 5520088 129 2176 0 0 0 0  0  0  0  0  0  818 1698  245 50  4 46
 0 0 0 8260816 5520020 129 2171 0 0 0 0  0  0  0  0  0  774 1681  238 50  4 46
 0 0 0 8260776 5519984 132 2175 0 0 0 0  0  2  0  0  0  917 1700  289 50  4 46
 0 0 0 8261068 5520088 129 2178 0 0 0 0  0  0  0  0  0  768 1685  242 50  4 46
 0 0 0 8261068 5520232 147 2180 0 0 0 0  0  0  0  0  0  796 1696  244 50  4 46
 0 0 0 8261080 5520112 65 1121 0 0 0  0  0  0  0  0  0  610 1188  209 50  2 48
 0 0 0 8261072 5520092 64 1056 0 0 0  0  0  0  0  0  0  617 1260  255 50  2 48
 kthr      memory            page            disk          faults      cpu
 r b w   swap  free  re  mf pi po fr de sr s0 s1 s2 --   in   sy   cs us sy id
 0 0 0 8260772 5520016 129 2177 0 0 0 0  0  0  0  0  0  771 1685  237 50  4 46
 0 0 0 8261052 5520100 134 2178 0 0 0 0  0  2  0  0  0 1289 1704  282 50  4 46
 0 0 0 8260792 5519972 129 2181 0 0 0 0  0  0  0  0  0  829 1697  242 50  4 46
 0 0 0 8260648 5519832 147 2187 0 0 0 0  0  0  0  0  0  842 1696  261 50  4 46
 0 0 0 8260848 5519904 129 2177 0 0 0 0  0  0  0  0  0  779 1682  234 50  4 46
 0 0 0 8260940 5519956 129 2180 0 0 0 0  0  0  0  0  0  793 1702  246 50  4 46
 0 0 0 8260804 5519964 79 1178 0 0 0  0  0  0  0  0  0  646 1211  207 50  2 48
 0 0 0 8260944 5519960 55 1005 0 0 0  0  0  2  0  0  0  760 1153  246 50  2 48
 0 0 0 8260644 5519828 129 2179 0 0 0 0  0  0  0  0  0  764 1687  243 50  4 46
 0 0 0 8260940 5520172 129 2179 0 0 0 0  0  0  0  0  0  795 1696  239 50  4 46
 0 0 0 8260688 5519992 147 2188 0 0 0 0  0  0  0  0  0  812 1682  239 50  4 46
 0 0 0 8260648 5519832 129 2180 0 0 0 0  0  0  0  0  0  816 1700  244 50  4 46
 0 0 0 8260868 5519956 134 2184 0 0 0 0  0  0  0  0  0  756 1687  236 50  4 46
 0 0 0 8260916 5519936 129 2186 0 0 0 0  0  3  0  0  0  940 1709  295 50  4 46
 0 0 0 8260876 5519948 62 1112 0 0 0  0  0  0  0  0  0  634 1188  210 50  2 48
 0 0 0 8260800 5520036 67 1071 0 0 0  0  0  0  0  0  0  638 1183  219 50  2 48
 0 0 0 8260620 5519804 147 2189 0 0 0 0  0  0  0  0  0  772 1687  241 50  4 46
 0 0 0 8260912 5519928 129 2183 0 0 0 0  0  0  0  0  0  794 1697  244 50  4 46
 0 0 0 8260660 5519836 129 2187 0 0 0 0  0  0  0  0  0  774 1685  238 50  4 46
 kthr      memory            page            disk          faults      cpu
 r b w   swap  free  re  mf pi po fr de sr s0 s1 s2 --   in   sy   cs us sy id
 0 0 0 8260544 5519728 129 2187 0 0 0 0  0  4  0  0  0 1094 1706  328 50  4 46
 0 0 0 8260736 5519804 129 2181 0 0 0 0  0  0  0  0  0  785 1686  243 50  4 46
 0 0 0 8260800 5519964 147 2193 0 0 0 0  0  0  0  0  0  792 1699  238 50  4 46
 0 0 0 8260812 5519840 56 976 0 0  0  0  0  0  0  0  0  581 1124  202 50  2 48
 0 0 0 8260804 5519820 73 1209 0 0 0  0  0  0  0  0  0  632 1331  258 50  2 48
 0 0 0 8260488 5519744 129 2187 0 0 0 0  0  0  0  0  0  802 1688  241 50  4 46
 0 0 0 8260776 5519820 134 2187 0 0 0 0  0  2  0  0  0 1344 1701  287 50  4 46
 0 0 0 8260524 5519704 129 2184 0 0 0 0  0  0  0  0  0  823 1691  237 50  4 46
 0 0 0 8260400 5519644 147 2194 0 0 0 0  0  0  0  0  0  854 1697  265 50  4 46
 0 0 0 8260684 5519744 129 2186 0 0 0 0  0  0  0  0  0  816 1678  240 50  4 46
 0 0 0 8260776 5519792 129 2187 0 0 0 0  0  0  0  0  0  791 1707  244 50  4 46
 0 0 0 8260804 5519864 55 880 0 0  0  0  0  0  0  0  0  615 1081  198 50  2 48
 0 0 0 8260780 5519796 80 1306 0 0 0  0  0  3  0  0  0  799 1283  260 50  2 48
 0 0 0 8260480 5519664 129 2183 0 0 0 0  0  0  0  0  0  794 1687  246 50  4 46
 0 0 0 8260776 5519832 144 2191 0 0 0 0  0  0  0  0  0  796 1695  239 50  4 46
 0 0 0 8260524 5519724 132 2186 0 0 0 0  0  0  0  0  0  817 1683  237 50  4 46
 0 0 0 8260468 5519660 129 2185 0 0 0 0  0  0  0  0  0  828 1699  249 50  4 46
 0 0 0 8260704 5519792 134 2186 0 0 0 0  0  0  0  0  0  795 1680  240 50  4 46
 0 0 0 8260752 5519768 129 2185 0 0 0 0  0  3  0  0  0  976 1710  293 50  4 46
 kthr      memory            page            disk          faults      cpu
 r b w   swap  free  re  mf pi po fr de sr s0 s1 s2 --   in   sy   cs us sy id
 0 0 0 8260564 5519720 51 885 0 0  0  0  0  0  0  0  0  594 1098  202 50  2 48
 0 0 0 8260636 5519932 78 1301 0 0 0  0  0  0  0  0  0  671 1274  228 50  2 48
 0 0 0 8260456 5519640 147 2193 0 0 0 0  0  0  0  0  0  828 1680  246 50  4 46
 0 0 0 8260752 5519768 129 2182 0 0 0 0  0  0  0  0  0  800 1691  249 50  4 46
 0 0 0 8260500 5519676 129 2187 0 0 0 0  0  0  0  0  0  806 1684  236 50  4 46
 0 0 0 8260376 5519560 129 2185 0 0 0 0  0  2  0  0  0  944 1703  297 50  4 46
 0 0 0 8260616 5519692 129 2186 0 0 0 0  0  0  0  0  0  810 1685  249 50  4 46
 0 0 0 8260648 5519876 147 2191 0 0 0 0  0  0  0  0  0  798 1697  243 50  4 46
 0 0 0 8260396 5519572 43 678 0 0  0  0  0  0  0  0  0  594 1004  196 50  2 48
 0 0 0 8260636 5519660 86 1507 0 0 0  0  0  0  0  0  0  732 1449  271 50  2 47
 0 0 0 8260328 5519572 129 2185 0 0 0 0  0  0  0  0  0  802 1701  249 50  4 46
 0 0 0 8260624 5519660 134 2252 0 0 0 0  0  2  0  0  0 1324 1734  298 50  4 46
 0 0 0 8260404 5519580 129 2184 0 0 0 0  0  0  0  0  0  826 1707  243 50  4 46
 0 0 0 8260300 5519548 147 2190 0 0 0 0  0  0  0  0  0  862 1695  269 50  4 46
 0 0 0 8260572 5519636 129 2182 0 0 0 0  0  0  0  0  0  794 1680  241 50  4 46
 0 0 0 8260656 5519672 129 2183 0 0 0 0  0  0  0  0  0  807 1700  245 50  4 46
 0 0 0 8260404 5519628 49 734 0 0  0  0  0  0  0  0  0  589 1026  190 50  2 48
 0 0 0 8260660 5519676 86 1448 0 0 0  0  0  2  0  0  0  824 1335  271 50  2 47
 0 0 0 8260360 5519544 129 2186 0 0 0 0  0  0  0  0  0  823 1689  246 50  4 46
 kthr      memory            page            disk          faults      cpu
 r b w   swap  free  re  mf pi po fr de sr s0 s1 s2 --   in   sy   cs us sy id
 0 0 0 8260656 5519696 145 2189 0 0 0 0  0  0  0  0  0  819 1696  241 50  4 46
 0 0 0 8260392 5519588 131 2182 0 0 0 0  0  0  0  0  0  791 1684  236 50  4 46
 0 0 0 8260340 5519528 129 2183 0 0 0 0  0  0  0  0  0  810 1697  246 50  4 46
 0 0 0 8260572 5519664 135 2185 0 0 0 0  0  0  0  0  0  790 1685  236 50  4 46
 0 0 0 8260632 5519648 129 2185 0 0 0 0  0  3  0  0  0  948 1703  297 50  4 46
 0 0 0 8260444 5519604 50 770 0 0  0  0  0  0  0  0  0  582 1056  196 50  2 48
 0 0 0 8260516 5519816 80 1412 0 0 0  0  0  0  0  0  0  714 1309  231 50  2 48
 0 0 0 8260336 5519520 147 2190 0 0 0 0  0  0  0  0  0  800 1686  242 50  4 46
 0 0 0 8260632 5519648 129 2183 0 0 0 0  0  0  0  0  0  798 1698  242 50  4 46
 0 0 0 8260380 5519556 132 2184 0 0 0 0  0  0  0  0  0  822 1682  240 50  4 46
 0 0 0 8260520 5519564 129 2184 0 0 0 0  0  2  0  0  0  953 1700  294 50  4 46
 0 0 0 8260324 5519472 129 2181 0 0 0 0  0  0  0  0  0  783 1678  243 50  4 46
 0 0 0 8260512 5519744 147 2191 0 0 0 0  0  0  0  0  0  807 1697  246 50  4 46
 0 0 0 8260244 5519428 37 607 0 0  0  0  0  0  0  0  0  533  978  188 50  2 48
 0 0 0 8260492 5519512 92 1577 0 0 0  0  0  0  0  0  0  706 1469  272 50  3 47
 0 0 0 8260192 5519408 129 2186 0 0 0 0  0  0  0  0  0  794 1686  242 50  4 46
 0 0 0 8260488 5519516 132 2182 0 0 0 0  0  2  0  0  0 1334 1698  289 50  4 46
 0 0 0 8260236 5519412 129 2182 0 0 0 0  0  0  0  0  0  789 1697  236 50  4 46
 0 0 0 8260240 5519496 147 2189 0 0 0 0  0  0  0  0  0  872 1696  261 50  4 46
 kthr      memory            page            disk          faults      cpu
 r b w   swap  free  re  mf pi po fr de sr s0 s1 s2 --   in   sy   cs us sy id
 0 0 0 8260360 5519472 129 2185 0 0 0 0  0  0  0  0  0  819 1684  235 50  4 46
 0 0 0 8260488 5519504 129 2181 0 0 0 0  0  0  0  0  0  797 1694  243 50  4 46
 0 0 0 8260236 5519464 42 533 0 0  0  0  0  0  0  0  0  520  953  184 50  2 48
 0 0 0 8260492 5519508 92 1653 0 0 0  0  0  2  0  0  0  895 1411  277 50  3 47
 0 0 0 8260192 5519376 129 2181 0 0 0 0  0  0  0  0  0  781 1684  242 50  4 46
 0 0 0 8260476 5519504 147 2192 0 0 0 0  0  0  0  0  0  838 1694  246 50  4 46
 0 0 0 8260212 5519396 130 2186 0 0 0 0  0  0  0  0  0  770 1687  237 50  4 46
 0 0 0 8260408 5519472 129 2180 0 0 0 0  0  0  0  0  0  806 1696  249 50  4 46
 0 0 0 8260416 5519516 134 2181 0 0 0 0  0  0  0  0  0  815 1679  237 50  4 46
 0 0 0 8260440 5519456 129 2185 0 0 0 0  0  2  0  0  0  958 1704  286 50  4 46
 0 0 0 8260188 5519364 24 405 0 0  0  0  0  0  0  0  0  544  898  188 50  2 48
 0 0 0 8260324 5519628 104 1777 0 0 0 0  0  0  0  0  0  730 1469  242 50  3 47
 0 0 0 8260144 5519328 147 2191 0 0 0 0  0  0  0  0  0  822 1685  242 50  4 46
 0 0 0 8260440 5519456 129 2183 0 0 0 0  0  0  0  0  0  760 1698  239 50  4 46
 0 0 0 8260188 5519364 132 2183 0 0 0 0  0  0  0  0  0  813 1680  242 50  4 46
 0 0 0 8260396 5519460 129 2183 0 0 0 0  0  2  0  0  0  934 1699  294 50  4 46
 0 0 0 8260356 5519420 129 2184 0 0 0 0  0  0  0  0  0  827 1686  245 50  4 46
 0 0 0 8260428 5519668 147 2189 0 0 0 0  0  0  0  0  0  770 1699  238 50  4 46
 0 0 0 8260164 5519344 31 440 0 0  0  0  0  0  0  0  0  537  912  184 50  2 48
 kthr      memory            page            disk          faults      cpu
 r b w   swap  free  re  mf pi po fr de sr s0 s1 s2 --   in   sy   cs us sy id
 0 0 0 8260420 5519436 98 1745 0 0 0  0  0  0  0  0  0  700 1535  275 50  3 47
 0 0 0 8260120 5519304 129 2181 0 0 0 0  0  0  0  0  0  803 1684  243 50  4 46
 0 0 0 8260416 5519432 129 2184 0 0 0 0  0  2  0  0  0 1289 1702  286 50  4 46
 0 0 0 8260164 5519340 129 2182 0 0 0 0  0  0  0  0  0  784 1694  239 50  4 46
 0 0 0 8260292 5519444 147 2191 0 0 0 0  0  0  0  0  0  821 1698  260 50  4 46
 0 0 0 8260352 5519412 129 2181 0 0 0 0  0  0  0  0  0  760 1681  234 50  4 46
 0 0 0 8260416 5519432 129 2185 0 0 0 0  0  0  0  0  0  805 1704  249 50  4 46
 0 0 0 8260164 5519404 30 288 0 0  0  0  0  0  0  0  0  501  852  180 50  2 48
 0 0 0 8260420 5519436 104 1895 0 0 0 0  0  2  0  0  0  911 1516  286 50  3 47
 0 0 0 8260112 5519300 129 2183 0 0 0 0  0  0  0  0  0  777 1687  244 50  4 46
 0 0 0 8260392 5519416 147 2191 0 0 0 0  0  0  0  0  0  795 1693  238 50  4 46
 0 0 0 8260140 5519316 129 2184 0 0 0 0  0  0  0  0  0  806 1687  238 50  4 46
 0 0 0 8260336 5519396 129 2184 0 0 0 0  0  0  0  0  0  779 1696  244 50  4 46
 0 0 0 8260036 5519260 134 2182 0 0 0 0  0  0  0  0  0  800 1693  245 50  4 46
 0 0 0 8260104 5519120 129 2183 0 0 0 0  0  2  0  0  0  967 1703  291 50  4 46
 0 0 0 8259852 5519024 25 295 0 0  0  0  0  0  0  0  0  528  868  185 50  2 48
 0 0 0 8259840 5519144 104 1889 0 0 0 0  0  0  0  0  0  819 1501  252 50  3 47
 0 0 0 8259676 5518856 147 2189 0 0 0 0  0  0  0  0  0  806 1682  243 50  4 46
 0 0 0 8259976 5518988 129 2183 0 0 0 0  0  0  0  0  0  778 1698  245 50  4 46
 kthr      memory            page            disk          faults      cpu
 r b w   swap  free  re  mf pi po fr de sr s0 s1 s2 --   in   sy   cs us sy id
 0 0 0 8511716 5770724 134 2181 0 0 0 0  0  0  0  0  0  856 1681  246 35  5 60
 0 0 0 8679728 5938648 129 2186 0 0 0 0  0  2  0  0  0  856 1694  305 25  4 71
 0 0 0 8703136 5961188 147 2675 0 0 0 0  0  1  0  0  0  798 2994  266 28  4 68
 0 0 0 8718756 5976508 147 2189 0 0 0 0  0  0  0  0  0  763 1686  252 25  4 71
 0 0 0 8718716 5976236 77 1194 0 0 0  0  0  0  0  0  0  636 1225  210 25  2 73
 0 0 0 8718760 5976244 53 990 0 0  0  0  0  0  0  0  0  624 1218  254 25  2 73
 0 0 0 8718572 5976348 129 2183 0 0 0 0  0  0  0  0  0  746 1675  252 25  4 71
 0 0 0 8718744 5976292 134 2182 0 0 0 0  0  3  0  0  0 1107 1691  303 25  4 71
 0 0 0 8718700 5976268 129 2183 0 0 0 0  0  0  0  0  0  752 1681  256 25  4 71
 0 0 0 8718228 5976056 147 2190 0 0 0 0  0  0  0  0  0  792 1687  277 25  4 71
 0 0 0 8718740 5976268 129 2183 0 0 0 0  0  0  0  0  0  743 1674  247 25  4 71
 0 0 0 8718484 5976172 129 2184 0 0 0 0  0  0  0  0  0  756 1687  260 25  4 71
 0 0 0 8718444 5976204 107 1626 0 0 0 0  0  0  0  0  0  695 1452  224 25  3 72
 0 0 0 8718720 5976256 28 557 0 0  0  0  0  2  0  0  0  665  896  247 25  1 74
 0 0 0 9758200 6615880 129 2185 0 0 0 0  0  0  0  0  0  722 1682  263  0  6 94
 0 0 0 9757884 6617408 162 2590 0 0 0 0  0  0  0  0  0  576 2883  268  1  4 95
 0 0 0 9789160 6648776 149 2463 0 0 0 0  0  0  0  0  0  580 1887  267  2  4 94
 0 0 0 9798624 6656940 129 2183 0 0 0 0  0  0  0  0  0  589 1685  263  0  4 96
 0 0 0 9798360 6657436 134 2186 0 0 0 0  0  0  0  0  0  575 1676  254  0  4 96
 kthr      memory            page            disk          faults      cpu
 r b w   swap  free  re  mf pi po fr de sr s0 s1 s2 --   in   sy   cs us sy id
 0 0 0 9798304 6657448 129 2180 0 0 0 0  0  3  0  0  0  627 1689  324  0  4 96
 0 0 0 9798604 6657580 129 2183 0 0 0 0  0  0  0  0  0  579 1680  258  0  4 96
 0 0 0 9798172 6658540 63 889 0 0  0  0  0  0  0  0  0  517 1089  224  0  2 98
 0 0 0 9798600 6658504 84 1300 0 0 0  0  0  0  0  0  0  518 1259  218  0  2 98
 0 0 0 9798304 6658372 129 2186 0 0 0 0  0  0  0  0  0  586 1690  261  0  4 96
 0 0 0 9798604 6658512 134 2185 0 0 0 0  0  0  0  0  0  566 1673  255  0  4 96
 0 0 0 9798524 6658484 128 2183 0 0 0 0  0  4  0  0  0  605 1691  335  0  4 96
 0 0 0 9798540 6658488 128 2186 0 0 0 0  0  0  0  0  0  592 1670  259  0  4 96
 0 0 0 9798576 6658692 147 2193 0 0 0 0  0  0  0  0  0  571 1684  256  0  4 96
 0 0 0 9798524 6658472 129 2189 0 0 0 0  0  0  0  0  0  591 1676  260  0  4 96
 0 0 0 9798280 6658348 117 1987 0 0 0 0  0  0  0  0  0  574 1692  296  0  4 96
 0 0 0 9798576 6658572 12 199 0 0  0  0  0  0  0  0  0  441  743  174  0  0 100
 0 0 0 9798572 6658476 134 2187 0 0 0 0  0  2  0  0  0  774 1691  313  0  4 96
 0 0 0 9798508 6658464 129 2188 0 0 0 0  0  0  0  0  0  575 1682  257  0  4 96
 0 0 0 9798540 6658508 147 2197 0 0 0 0  0  0  0  0  0  592 1684  279  0  4 96
 0 0 0 9798572 6658476 129 2188 0 0 0 0  0  0  0  0  0  570 1674  257  0  4 96
 0 0 0 9798428 6658432 129 2189 0 0 0 0  0  0  0  0  0  579 1684  262  0  4 96
 0 0 0 9798480 6658492 134 2194 0 0 0 0  0  0  0  0  0  578 1677  254  0  4 96
 0 0 0 9798540 6658452 129 2194 0 0 0 0  0  2  0  0  0  632 1695  309  0  4 96
 kthr      memory            page            disk          faults      cpu
 r b w   swap  free  re  mf pi po fr de sr s0 s1 s2 --   in   sy   cs us sy id
 0 0 0 9798508 6658464 92 1202 0 0 0  0  0  0  0  0  0  530 1220  219  0  2 98
 0 0 0 9798532 6658464 53 997 0 0  0  0  0  0  0  0  0  512 1129  216  0  2 98
 1 0 0 9798456 6658416 130 2187 0 0 0 0  0  0  0  0  0  591 1673  258  0  4 96
 0 0 0 9798536 6658440 129 2193 0 0 0 0  0  0  0  0  0  580 1691  266  0  4 96
 0 0 0 9798488 6658448 134 2189 0 0 0 0  0  0  0  0  0  571 1671  258  0  4 96
 0 0 0 9798340 6658380 129 2196 0 0 0 0  0  2  0  0  0  619 1703  310  0  4 96
 0 0 0 9798532 6658436 129 2196 0 0 0 0  0  0  0  0  0  602 1686  258  0  4 96
 0 0 0 9798392 6658580 147 2204 0 0 0 0  0  0  0  0  0  593 1690  278  0  4 96
 0 0 0 9798448 6658400 129 2193 0 0 0 0  0  0  0  0  0  567 1671  251  0  4 96
 0 0 0 9798524 6658428 15 99 0  0  0  0  0  0  0  0  0  461  735  176  0  1 99
 0 0 0 9798520 6658468 117 2097 0 0 0 0  0  0  0  0  0  573 1613  249  0  3 96
 0 0 0 9798432 6658388 131 2196 0 0 0 0  0  2  0  0  0  618 1695  309  0  4 96
 0 0 0 9798384 6658384 129 2195 0 0 0 0  0  0  0  0  0  582 1675  260  0  4 96
 0 0 0 9798500 6658548 147 2205 0 0 0 0  0  0  0  0  0  568 1685  258  0  4 96
 0 0 0 9798208 6658276 129 2195 0 0 0 0  0  0  0  0  0  566 1675  254  0  4 96
 0 0 0 9798460 6658400 129 2196 0 0 0 0  0  0  0  0  0  587 1773  303  0  4 96
 0 0 0 9798500 6658476 134 2196 0 0 0 0  0  0  0  0  0  562 1684  260  0  4 96
 0 0 0 9798436 6658384 77 1199 0 0 0  0  0  2  0  0  0  567 1261  274  0  2 97
 0 0 0 9798480 6658384 52 996 0 0  0  0  0  0  0  0  0  521 1100  221  0  1 98
 kthr      memory            page            disk          faults      cpu
 r b w   swap  free  re  mf pi po fr de sr s0 s1 s2 --   in   sy   cs us sy id
 0 0 0 9798320 6658232 147 2203 0 0 0 0  0  0  0  0  0  587 1684  285  0  4 96
 0 0 0 9798476 6658384 129 2198 0 0 0 0  0  0  0  0  0  580 1673  260  0  4 96
 0 0 0 9798168 6658244 129 2196 0 0 0 0  0  0  0  0  0  577 1689  260  0  4 96
 0 0 0 9798456 6658400 134 2195 0 0 0 0  0  0  0  0  0  572 1670  253  0  4 96
 0 0 0 9798456 6658360 129 2199 0 0 0 0  0  2  0  0  0  628 1690  310  0  4 96
 0 0 0 9798156 6658224 129 2191 0 0 0 0  0  0  0  0  0  576 1668  253  0  4 96
 0 0 0 9798408 6658648 147 2205 0 0 0 0  0  0  0  0  0  562 1685  253  0  4 96
 0 0 0 9798456 6658360 12 99 0  0  0  0  0  0  0  0  0  441  730  169  0  1 99
 0 0 0 9798456 6658360 117 2094 0 0 0 0  0  0  0  0  0  573 1614  258  0  3 96
 0 0 0 9798156 6658224 132 2197 0 0 0 0  0  0  0  0  0  575 1672  255  0  4 96
 0 0 0 9798372 6658276 129 2196 0 0 0 0  0  2  0  0  0  666 1690  305  0  4 96
 0 0 0 9798036 6658100 129 2197 0 0 0 0  0  0  0  0  0  578 1684  262  0  4 96
 0 0 0 9797932 6658144 147 2201 0 0 0 0  0  0  0  0  0  592 1682  277  0  4 96
 0 0 0 9798288 6658192 129 2199 0 0 0 0  0  0  0  0  0  573 1674  253  0  4 96
 0 0 0 9798024 6658092 129 2194 0 0 0 0  0  0  0  0  0  575 1684  262  0  4 96
 0 0 0 9797972 6658132 82 1200 0 0 0  0  0  0  0  0  0  512 1249  210  0  2 97
 0 0 0 9798268 6658172 52 995 0 0  0  0  0  2  0  0  0  539 1105  265  0  1 98
 0 0 0 9798264 6658168 129 2196 0 0 0 0  0  0  0  0  0  560 1673  255  0  4 96
 0 0 0 9798008 6658124 147 2202 0 0 0 0  0  0  0  0  0  568 1685  256  0  4 96
 kthr      memory            page            disk          faults      cpu
 r b w   swap  free  re  mf pi po fr de sr s0 s1 s2 --   in   sy   cs us sy id
 0 0 0 9797972 6658040 129 2198 0 0 0 0  0  0  0  0  0  566 1673  254  0  4 96
 0 0 0 9798268 6658172 129 2194 0 0 0 0  0  0  0  0  0  581 1777  303  0  4 96
 0 0 0 9798008 6658112 134 2195 0 0 0 0  0  0  0  0  0  570 1671  255  0  4 96
 0 0 0 9797968 6658036 129 2195 0 0 0 0  0  3  0  0  0  633 1690  322  0  4 96
 0 0 0 9798268 6658172 129 2194 0 0 0 0  0  0  0  0  0  559 1679  257  0  4 96
 0 0 0 9797836 6658244 17 101 0 0  0  0  0  0  0  0  0  469  752  196  0  1 99
 0 0 0 9798256 6658164 130 2102 0 0 0 0  0  0  0  0  0  572 1595  252  0  3 97
 0 0 0 9797944 6658020 129 2194 0 0 0 0  0  0  0  0  0  581 1684  261  0  4 96
 0 0 0 9798244 6658168 134 2196 0 0 0 0  0  0  0  0  0  563 1673  255  0  4 96
 0 0 0 9797988 6658052 128 2192 0 0 0 0  0  3  0  0  0  622 1687  326  0  4 96
 0 0 0 9797944 6658060 129 2193 0 0 0 0  0  0  0  0  0  589 1676  263  0  4 96
 0 0 0 9798240 6658364 147 2201 0 0 0 0  0  0  0  0  0  588 1684  260  0  4 96
 0 0 0 9797988 6658052 129 2195 0 0 0 0  0  0  0  0  0  553 1673  250  0  4 96
 0 0 0 9797948 6658016 77 1197 0 0 0  0  0  0  0  0  0  529 1260  220  0  2 97
 0 0 0 9798240 6658144 52 996 0 0  0  0  0  0  0  0  0  499 1088  212  0  1 99
 0 0 0 9798240 6658144 129 2189 0 0 0 0  0  2  0  0  0  622 1684  308  0  4 96
 0 0 0 9797988 6658112 129 2194 0 0 0 0  0  0  0  0  0  589 1681  263  0  4 96
 0 0 0 9797880 6658020 147 2200 0 0 0 0  0  0  0  0  0  604 1685  286  0  4 96
 0 0 0 9798236 6658144 129 2193 0 0 0 0  0  0  0  0  0  585 1673  257  0  4 96
 kthr      memory            page            disk          faults      cpu
 r b w   swap  free  re  mf pi po fr de sr s0 s1 s2 --   in   sy   cs us sy id
 0 0 0 9797960 6658032 129 2195 0 0 0 0  0  0  0  0  0  588 1692  268  0  4 96
 0 0 0 9797924 6658056 134 2191 0 0 0 0  0  0  0  0  0  576 1670  256  0  3 96
 0 0 0 9798220 6658124 128 2191 0 0 0 0  0  2  0  0  0  613 1689  307  0  4 96
 0 0 0 9797960 6658068 16 100 0 0  0  0  0  0  0  0  0  467  750  181  0  1 99
 0 0 0 9798216 6658120 130 2098 0 0 0 0  0  0  0  0  0  568 1596  256  0  3 97
 0 0 0 9797924 6657992 129 2191 0 0 0 0  0  0  0  0  0  580 1672  257  0  4 96
 0 0 0 9798220 6658124 129 2187 0 0 0 0  0  0  0  0  0  564 1770  304  0  4 96
 0 0 0 9797960 6658044 134 2187 0 0 0 0  0  0  0  0  0  574 1673  254  0  4 96
 0 0 0 9797920 6657992 129 2186 0 0 0 0  0  2  0  0  0  633 1694  310  0  4 96
 0 0 0 9798220 6658188 129 2187 0 0 0 0  0  0  0  0  0  557 1684  261  0  4 96
 0 0 0 9797824 6658160 147 2196 0 0 0 0  0  0  0  0  0  605 1687  277  0  4 96
 0 0 0 9797896 6657976 77 1195 0 0 0  0  0  0  0  0  0  523 1271  213  0  3 97
 0 0 0 9798192 6658100 52 990 0 0  0  0  0  0  0  0  0  510 1074  220  0  1 99
 0 0 0 9798196 6658100 134 2189 0 0 0 0  0  0  0  0  0  597 1678  256  0  3 96
 0 0 0 9797940 6658004 129 2185 0 0 0 0  0  2  0  0  0  670 1693  307  0  4 96
 0 0 0 9797896 6658032 129 2185 0 0 0 0  0  0  0  0  0  565 1670  263  0  4 95
 0 0 0 9798220 6658268 147 2195 0 0 0 0  0  0  0  0  0  579 1687  258  0  4 96
 0 0 0 9798196 6658100 129 2184 0 0 0 0  0  0  0  0  0  588 1670  253  0  4 96
 0 0 0 9798136 6658084 131 2186 0 0 0 0  0  0  0  0  0  592 1690  264  0  4 96
 kthr      memory            page            disk          faults      cpu
 r b w   swap  free  re  mf pi po fr de sr s0 s1 s2 --   in   sy   cs us sy id
 0 0 0 9798088 6658156 132 2186 0 0 0 0  0  0  0  0  0  581 1685  261  0  4 96
 0 0 0 9798232 6658136 1 70  0  0  0  0  0  2  0  0  0  504  712  228  0  0 100
 0 0 0 9798236 6658204 129 2186 0 0 0 0  0  0  0  0  0  592 1680  261  0  4 96
 0 0 0 9798116 6658060 147 2195 0 0 0 0  0  0  0  0  0  590 1686  279  0  4 96
 0 0 0 9798048 6658076 129 2186 0 0 0 0  0  0  0  0  0  574 1670  254  0  4 96
 0 0 0 9798168 6658084 128 2185 0 0 0 0  0  0  0  0  0  587 1682  262  0  4 96
 0 0 0 9798180 6658136 134 2188 0 0 0 0  0  0  0  0  0  580 1673  256  0  4 96
 0 0 0 9797980 6658016 129 2184 0 0 0 0  0  2  0  0  0  625 1686  307  0  4 96
 0 0 0 9798168 6658072 145 2193 0 0 0 0  0  0  0  0  0  593 1675  261  0  4 96
 0 0 0 9798096 6658080 78 1195 0 0 0  0  0  0  0  0  0  525 1226  218  0  2 98
 0 0 0 9798172 6658076 52 992 0 0  0  0  0  0  0  0  0  492 1122  207  0  2 98
 0 0 0 9798092 6658056 129 2189 0 0 0 0  0  0  0  0  0  579 1776  305  0  4 96
 0 0 0 9798128 6658052 134 2184 0 0 0 0  0  0  0  0  0  578 1673  258  0  4 96
 0 0 0 9798052 6658032 129 2184 0 0 0 0  0  2  0  0  0  610 1688  310  0  4 96
 0 0 0 9798128 6658120 129 2189 0 0 0 0  0  0  0  0  0  586 1683  261  0  4 96
 0 0 0 9798012 6658144 147 2194 0 0 0 0  0  0  0  0  0  576 1685  276  0  4 96
 0 0 0 9797892 6657928 129 2186 0 0 0 0  0  0  0  0  0  578 1670  250  0  4 96
 0 0 0 9797968 6657964 131 2185 0 0 0 0  0  0  0  0  0  582 1688  265  0  4 96
 0 0 0 9798088 6658044 15 99 0  0  0  0  0  0  0  0  0  439  707  168  0  0 100
 kthr      memory            page            disk          faults      cpu
 r b w   swap  free  re  mf pi po fr de sr s0 s1 s2 --   in   sy   cs us sy id
 0 0 0 9798088 6657992 117 2087 0 0 0 0  0  2  0  0  0  599 1643  303  0  4 96
 0 0 0 9798040 6658060 129 2186 0 0 0 0  0  0  0  0  0  570 1672  262  0  4 96
 0 0 0 9798040 6658068 147 2194 0 0 0 0  0  0  0  0  0  582 1689  263  0  4 96
