The sample interval is 5 seconds
Resetting power meter...
Collection of IPMI data started
Collection of PMC data started
Collection of system statistics started
Sleeping for 300 seconds to let everyone settle
Now starting to log iostat data
Now starting to log vmstat data
Now starting to log page fault data
Now starting to log krenel memory allocation data
Now starting to log disk data
And now we start the benchmarks
Starting the 436.gromacs benchmark at 22:36
The process id for the 436.gromacs benchmark is 223055
And now we start the 470.lbm benchmark at 22:36
The process id for the  benchmark is 223067
Now we wait until both benchmarks have finished
Both benchmarks have completed at 22:57
Sleeping for 600 secondsto allow the machine to cool down.
Now shutdowning the data collection utilities.
OK...I'm back, and now I'm downloading the power data
Data collection complete at 23:07
