 kthr      memory            page            disk          faults      cpu
 r b w   swap  free  re  mf pi po fr de sr s0 s1 s2 --   in   sy   cs us sy id
 0 0 0 10023680 7284112 979 955 0 0 7 0 1443 33 -0 0 0 1521 9555 3783  6  2 91
 0 0 0 10356304 7214340 110 2415 0 0 0 0 0 21  0  0  0  767 2248  446  0  4 96
 1 0 0 10355544 7214036 149 2186 0 0 0 0 0  0  0  0  0  618 1772  331  0  4 96
 0 0 0 10355476 7213924 129 2147 0 0 0 0 0  0  0  0  0  633 1735  320  0  4 96
 0 0 0 10355528 7213896 131 2174 0 0 0 0 0  0  0  0  0  581 1712  282  0  4 96
 0 0 0 10355228 7214008 134 2158 0 0 0 0 0  0  0  0  0  593 1699  275  0  4 96
 0 0 0 10355152 7213912 129 2156 0 0 0 0 0  0  0  0  0  593 1678  274  0  3 96
 0 0 0 10355440 7214080 147 2167 0 0 0 0 0  3  0  0  0  648 1706  331  0  4 96
 0 0 0 10354972 7213712 12 98 0 0  0  0  0  0  0  0  0  460  773  202  0  1 99
 0 0 0 10355384 7213964 117 2060 0 0 0 0 0  0  0  0  0  585 1582  256  0  3 97
 0 0 0 10355068 7213836 129 2156 0 0 0 0 0  0  0  0  0  579 1672  265  0  4 96
 0 0 0 10355348 7213948 134 2158 0 0 0 0 0  0  0  0  0  585 1686  265  0  4 96
 0 0 0 10355072 7213812 129 2159 0 0 0 0 0  0  0  0  0  585 1673  260  0  3 96
 0 0 0 10355000 7213756 136 2163 0 0 0 0 0  2  0  0  0  619 1693  318  0  4 96
 0 0 0 10355260 7213868 131 2158 0 0 0 0 0  0  0  0  0  581 1671  262  0  4 96
 0 0 0 10355008 7213748 129 2157 0 0 0 0 0  0  0  0  0  593 1689  268  0  4 96
 0 0 0 10354964 7213708 101 1538 0 0 0 0 0  0  0  0  0  550 1516  290  0  3 96
 0 0 0 10355232 7213824 33 620 0 0 0  0  0  0  0  0  0  498  938  210  0  0 99
 kthr      memory            page            disk          faults      cpu
 r b w   swap  free  re  mf pi po fr de sr s0 s1 s2 --   in   sy   cs us sy id
 0 0 0 10355188 7213768 129 2159 0 0 0 0 0  0  0  0  0  575 1673  263  0  4 96
 0 0 0 10355044 7213816 129 2159 0 0 0 0 0  3  0  0  0  636 1705  349  0  4 96
 0 0 0 10354804 7213572 147 2164 0 0 0 0 0  0  0  0  0  596 1677  287  0  4 96
 0 0 0 10354984 7213564 128 2156 0 0 0 0 0  0  0  0  0  596 1688  267  0  4 96
 0 0 0 10354760 7213484 131 2159 0 0 0 0 0  0  0  0  0  581 1675  261  0  4 96
 0 0 0 10354844 7213504 132 2159 0 0 0 0 0  0  0  0  0  585 1691  267  0  4 96
 0 0 0 10354844 7213424 129 2158 0 0 0 0 0  0  0  0  0  584 1674  260  0  4 96
 0 0 0 10354780 7213504 94 1187 0 0 0 0  0  2  0  0  0  563 1241  276  0  2 98
 0 0 0 10354812 7213392 52 979 0 0 0  0  0  0  0  0  0  513 1119  217  0  2 98
 0 0 0 10354700 7213324 129 2155 0 0 0 0 0  0  0  0  0  596 1687  263  0  4 96
 0 0 0 10354732 7213344 129 2159 0 0 0 0 0  0  0  0  0  590 1671  263  0  4 96
 0 0 0 10354364 7213144 134 2160 0 0 0 0 0  0  0  0  0  573 1698  266  0  4 96
 0 0 0 10354944 7213784 129 2162 0 0 0 0 0  0  0  0  0  567 1696  272  0  4 96
 0 0 0 10355168 7214568 140 2162 0 0 0 0 0  2  0  0  0  686 1706  324  0  4 96
 0 0 0 10355464 7214880 130 2159 0 0 0 0 0  0  0  0  0  661 1673  285  0  4 96
 0 0 0 10355928 7215164 129 2157 0 0 0 0 0  0  0  0  0  569 1683  263  0  4 96
 0 0 0 10355616 7215020 17 98 0 0  0  0  0  0  0  0  0  452  740  179  0  1 99
 0 0 0 10355812 7215048 117 2059 0 0 0 0 0  0  0  0  0  588 1613  259  0  3 97
 0 0 0 10355444 7214844 129 2159 0 0 0 0 0  0  0  0  0  584 1671  257  0  4 96
 kthr      memory            page            disk          faults      cpu
 r b w   swap  free  re  mf pi po fr de sr s0 s1 s2 --   in   sy   cs us sy id
 0 0 0 10355620 7215000 129 2159 0 0 0 0 0  3  0  0  0  628 1688  329  0  4 96
 0 0 0 10355240 7214760 147 2168 0 0 0 0 0  0  0  0  0  594 1675  262  0  4 96
 0 0 0 10355128 7214532 129 2163 0 0 0 0 0  0  0  0  0  587 1690  263  0  4 96
 0 0 0 10355472 7214728 131 2163 0 0 0 0 0  0  0  0  0  588 1769  313  0  4 96
 0 0 0 10355216 7214640 131 2161 0 0 0 0 0  0  0  0  0  572 1692  267  0  3 96
 0 0 0 10355084 7214484 77 1183 0 0 0 0  0  0  0  0  0  518 1265  220  0  3 97
 1 0 0 10355272 7214652 52 981 0 0 0  0  0  2  0  0  0  565 1107  280  0  1 99
 0 0 0 10355020 7214256 147 2168 0 0 0 0 0  0  0  0  0  584 1671  275  0  4 96
 0 0 0 10354732 7214128 129 2166 0 0 0 0 0  0  0  0  0  591 1694  270  0  4 96
 0 0 0 10354664 7214108 129 2164 0 0 0 0 0  0  0  0  0  590 1676  271  0  4 96
 0 0 0 10354964 7214240 134 2164 0 0 0 0 0  0  0  0  0  588 1690  265  0  4 96
 0 0 0 10354608 7213984 129 2168 0 0 0 0 0  0  0  0  0  576 1680  259  0  4 96
 0 0 0 10354420 7213788 147 2178 0 0 0 0 0  2  0  0  0  614 1698  317  0  4 96
 0 0 0 10354564 7213768 129 2165 0 0 0 0 0  0  0  0  0  579 1678  261  0  4 96
 0 0 0 10354220 7213584 12 98 0 0  0  0  0  0  0  0  0  468  789  179  0  1 99
 0 0 0 10354336 7213592 117 2065 0 0 0 0 0  0  0  0  0  591 1572  269  0  3 97
 0 0 0 10353904 7213276 134 2166 0 0 0 0 0  0  0  0  0  589 1694  273  0  4 96
 0 0 0 10354088 7213292 129 2166 0 0 0 0 0  0  0  0  0  588 1678  262  0  4 96
 0 0 0 10353708 7213220 129 2169 0 0 0 0 0  2  0  0  0  636 1706  316  0  4 96
 kthr      memory            page            disk          faults      cpu
 r b w   swap  free  re  mf pi po fr de sr s0 s1 s2 --   in   sy   cs us sy id
 0 0 0 10353576 7213092 147 2180 0 0 0 0 0  0  0  0  0  588 1684  285  0  4 96
 0 0 0 10353824 7213028 129 2169 0 0 0 0 0  0  0  0  0  576 1691  260  0  4 96
 0 0 0 10353468 7212832 134 2170 0 0 0 0 0  0  0  0  0  580 1681  262  0  4 96
 0 0 0 10353288 7212656 77 1251 0 0 0 0  0  0  0  0  0  528 1320  236  0  3 97
 0 0 0 10353448 7212652 72 1335 0 0 0 0  0  0  0  0  0  532 1228  221  0  1 99
 0 0 0 10274644 7141492 178 6633 0 0 0 0 0 151 0  0  0 2133 10041 1098 23 8 69
 0 0 0 8277264 5558740 203 89510 0 0 0 0 0 489 0  0  0 6534 2392  734 32 19 49
 0 0 0 8226040 5085028 129 2412 0 0 0 0  0  0  0  0  0  814 1739  251 50  4 46
 0 0 0 8221576 5080508 129 2264 0 0 0 0  0  0  0  0  0  834 1789  289 50  4 46
 0 0 0 8217280 5076520 134 2188 0 0 0 0  0  0  0  0  0  799 1714  258 50  4 46
 0 0 0 8216868 5076088 129 2173 0 0 0 0  0  0  0  0  0 1094 1696  242 50  4 46
 0 0 0 8216912 5076096 147 2177 0 0 0 0  0  4  0  0  0 1161 1720  320 50  4 46
 0 0 0 8216320 5075532 12 98 0  0  0  0  0  0  0  0  0  491  757  200 50  1 49
 0 0 0 8216496 5075544 117 2072 0 0 0 0  0  0  0  0  0  758 1617  244 50  3 47
 0 0 0 8216004 5075264 129 2173 0 0 0 0  0  0  0  0  0  806 1686  251 50  4 46
 0 0 0 8216132 5075200 134 2172 0 0 0 0  0  0  0  0  0  829 1710  257 50  4 46
 0 0 0 8215696 5074916 129 2173 0 0 0 0  0  0  0  0  0  768 1689  235 50  4 46
 0 0 0 8215472 5074708 146 2178 0 0 0 0  0  2  0  0  0  972 1696  305 50  4 46
 0 0 0 8215512 5074652 129 2172 0 0 0 0  0  0  0  0  0  816 1689  245 50  4 46
 kthr      memory            page            disk          faults      cpu
 r b w   swap  free  re  mf pi po fr de sr s0 s1 s2 --   in   sy   cs us sy id
 0 0 0 8215556 5074636 129 2172 0 0 0 0  0  0  0  0  0  778 1700  236 50  4 46
 0 0 0 8215416 5074608 82 1188 0 0 0  0  0  0  0  0  0  649 1230  214 50  2 48
 0 0 0 8215512 5074580 53 985 0 0  0  0  0  0  0  0  0  602 1153  209 50  2 48
 0 0 0 8215348 5074508 129 2171 0 0 0 0  0  0  0  0  0  794 1690  241 50  4 46
 0 0 0 8215416 5074692 129 2173 0 0 0 0  0  2  0  0  0  998 1716  306 50  4 46
 0 0 0 8215160 5074368 147 2178 0 0 0 0  0  0  0  0  0  826 1684  255 50  4 46
 0 0 0 8215104 5074312 129 2173 0 0 0 0  0  0  0  0  0  786 1704  242 50  4 46
 0 0 0 8215288 5074360 134 2173 0 0 0 0  0  0  0  0  0  805 1688  238 50  4 46
 0 0 0 8215036 5074256 129 2171 0 0 0 0  0  0  0  0  0  797 1701  244 50  4 46
 0 0 0 8214976 5074200 83 1295 0 0 0  0  0  0  0  0  0  648 1342  209 50  3 47
 0 0 0 8215216 5074480 46 878 0 0  0  0  0  2  0  0  0  686 1040  252 50  1 49
 0 0 0 8215148 5074212 147 2178 0 0 0 0  0  0  0  0  0  789 1692  239 50  4 46
 0 0 0 8214836 5074052 129 2174 0 0 0 0  0  0  0  0  0  815 1703  251 50  4 46
 0 0 0 8214748 5073988 129 2174 0 0 0 0  0  0  0  0  0  787 1779  288 50  4 46
 0 0 0 8215040 5074112 132 2170 0 0 0 0  0  0  0  0  0  830 1707  250 50  4 46
 0 0 0 8214816 5074032 129 2173 0 0 0 0  0  0  0  0  0 1129 1711  249 50  4 46
 0 0 0 8214792 5074080 147 2178 0 0 0 0  0  2  0  0  0  955 1714  309 50  4 46
 0 0 0 8215004 5074056 129 2169 0 0 0 0  0  0  0  0  0  834 1687  256 50  4 46
 0 0 0 8214780 5073992 12 99 0  0  0  0  0  0  0  0  0  457  771  172 50  1 49
 kthr      memory            page            disk          faults      cpu
 r b w   swap  free  re  mf pi po fr de sr s0 s1 s2 --   in   sy   cs us sy id
 0 0 0 8215012 5074116 117 2074 0 0 0 0  0  0  0  0  0  786 1608  245 50  3 47
 0 0 0 8221308 5080476 143 2780 0 0 0 0  0  0  0  0  0  825 1933  248 50  4 46
 0 0 0 8228136 5087048 129 2400 0 0 0 0  0  0  0  0  0  798 1725  239 50  4 46
 0 0 0 8225292 5084356 141 2279 0 0 0 0  0  3  0  0  0  951 1707  321 50  4 46
 0 0 0 8224184 5083272 130 2186 0 0 0 0  0  0  0  0  0  803 1696  244 50  4 46
 0 0 0 8224284 5083188 129 2173 0 0 0 0  0  0  0  0  0  814 1694  251 50  4 46
 0 0 0 8224028 5083100 134 2172 0 0 0 0  0  0  0  0  0  827 1680  254 50  4 46
 0 0 0 8224276 5083196 77 1187 0 0 0  0  0  0  0  0  0  633 1254  211 50  2 48
 0 0 0 8224260 5083160 53 986 0 0  0  0  0  0  0  0  0  621 1131  209 50  2 48
 0 0 0 8224228 5083356 129 2170 0 0 0 0  0  2  0  0  0  943 1712  310 50  4 46
 0 0 0 8224060 5083032 147 2180 0 0 0 0  0  0  0  0  0  823 1680  260 50  4 46
 0 0 0 8224084 5083032 129 2172 0 0 0 0  0  0  0  0  0  814 1702  245 50  4 46
 0 0 0 8224040 5083016 132 2170 0 0 0 0  0  0  0  0  0  807 1685  246 50  4 46
 0 0 0 8224112 5083040 132 2173 0 0 0 0  0  0  0  0  0  799 1699  250 50  4 46
 0 0 0 8224064 5083020 129 2170 0 0 0 0  0  0  0  0  0  794 1684  245 50  4 46
 0 0 0 8223784 5083008 95 1223 0 0 0  0  0  2  0  0  0  749 1317  263 50  3 47
 0 0 0 8224028 5082928 52 959 0 0  0  0  0  0  0  0  0  627 1052  202 50  1 49
 0 0 0 8223984 5082880 129 2173 0 0 0 0  0  0  0  0  0  801 1696  251 50  4 46
 0 0 0 8223704 5082816 129 2170 0 0 0 0  0  0  0  0  0  810 1774  290 50  4 46
 kthr      memory            page            disk          faults      cpu
 r b w   swap  free  re  mf pi po fr de sr s0 s1 s2 --   in   sy   cs us sy id
 0 0 0 8223660 5082744 134 2172 0 0 0 0  0  0  0  0  0  820 1700  252 50  4 46
 0 0 0 8223956 5082852 129 2175 0 0 0 0  0  0  0  0  0 1107 1685  246 50  4 46
 0 0 0 8223704 5082816 147 2180 0 0 0 0  0  2  0  0  0 1005 1707  304 50  4 46
 0 0 0 8223516 5082580 129 2172 0 0 0 0  0  0  0  0  0  840 1693  256 50  4 46
 0 0 0 8223748 5082644 129 2171 0 0 0 0  0  0  0  0  0  822 1699  257 50  4 46
 0 0 0 8223488 5082584 17 98 0  0  0  0  0  0  0  0  0  469  741  180 50  1 50
 0 0 0 8223744 5082640 117 2071 0 0 0 0  0  0  0  0  0  803 1627  253 50  3 47
 0 0 0 8222340 5081464 138 3324 0 0 0 0  0  0  0  0  0  796 1921  243 50  4 46
 0 0 0 8211952 5071104 129 2547 0 0 0 0  0  2  0  0  0  928 1719  305 50  4 46
 0 0 0 8208364 5067428 147 2642 0 0 0 0  0  0  0  0  0  810 1715  242 50  4 46
 0 0 0 8201772 5060720 129 2173 0 0 0 0  0  0  0  0  0  788 1691  248 50  4 46
 0 0 0 8194996 5053928 134 2635 0 0 0 0  0  0  0  0  0  812 1712  246 50  4 46
 0 0 0 8191236 5050148 129 2259 0 0 0 0  0  0  0  0  0  801 1709  247 50  4 46
 0 0 0 8189340 5048412 31 450 0 0  0  0  0  0  0  0  0  525  919  187 50  2 48
 0 0 0 8181396 5040512 98 2095 0 0 0  0  0  2  0  0  0  832 1481  292 50  2 48
 0 0 0 8180204 5039272 147 2269 0 0 0 0  0  0  0  0  0  835 1694  264 50  4 46
 0 0 0 8178404 5037304 129 2407 0 0 0 0  0  0  0  0  0  800 1702  250 50  4 46
 0 0 0 8174024 5033092 129 2170 0 0 0 0  0  0  0  0  0  789 1690  258 50  4 46
 0 0 0 8173688 5032764 129 2237 0 0 0 0  0  0  0  0  0  792 1711  246 50  4 46
 kthr      memory            page            disk          faults      cpu
 r b w   swap  free  re  mf pi po fr de sr s0 s1 s2 --   in   sy   cs us sy id
 0 0 0 8172836 5031744 129 2173 0 0 0 0  0  0  0  0  0  794 1685  239 50  4 46
 0 0 0 8172096 5031340 147 2213 0 0 0 0  0  3  0  0  0  955 1695  308 50  4 46
 0 0 0 8171752 5030820 77 1190 0 0 0  0  0  0  0  0  0  609 1283  208 50  3 47
 0 0 0 8172044 5030944 52 982 0 0  0  0  0  0  0  0  0  624 1079  203 50  1 49
 0 0 0 8172036 5031000 129 2172 0 0 0 0  0  0  0  0  0  797 1769  290 50  4 46
 0 0 0 8171760 5030828 135 2175 0 0 0 0  0  0  0  0  0  808 1712  250 50  4 46
 0 0 0 8171656 5030732 129 2172 0 0 0 0  0  0  0  0  0 1254 1686  238 50  4 46
 0 0 0 8171936 5030904 147 2176 0 0 0 0  0  3  0  0  0 1004 1715  304 50  4 46
 0 0 0 8171556 5030628 129 2172 0 0 0 0  0  0  0  0  0  842 1682  260 50  4 46
 0 0 0 8171504 5030584 129 2172 0 0 0 0  0  0  0  0  0  793 1699  246 50  4 46
 0 0 0 8171768 5030720 134 2172 0 0 0 0  0  0  0  0  0  788 1683  239 50  4 46
 0 0 0 8171424 5030496 12 99 0  0  0  0  0  0  0  0  0  469  767  172 50  1 49
 0 0 0 8171660 5030580 117 2073 0 0 0 0  0  0  0  0  0  786 1593  240 50  3 47
 0 0 0 8171356 5030468 137 2180 0 0 0 0  0  3  0  0  0  926 1698  296 50  4 46
 0 0 0 8171652 5030572 132 2171 0 0 0 0  0  0  0  0  0  781 1685  237 50  4 46
 0 0 0 8171300 5030368 129 2171 0 0 0 0  0  0  0  0  0  810 1699  240 50  4 46
 0 0 0 8171188 5030260 135 2174 0 0 0 0  0  0  0  0  0  806 1688  239 50  4 46
 0 0 0 8171380 5030284 129 2172 0 0 0 0  0  0  0  0  0  811 1705  254 50  4 46
 0 0 0 8171352 5030260 130 2241 0 0 0 0  0  0  0  0  0  781 1725  248 50  4 46
 kthr      memory            page            disk          faults      cpu
 r b w   swap  free  re  mf pi po fr de sr s0 s1 s2 --   in   sy   cs us sy id
 0 0 0 8171132 5030344 95 1195 0 0 0  0  0  2  0  0  0  780 1262  271 50  2 48
 0 0 0 8171172 5030096 53 985 0 0  0  0  0  0  0  0  0  612 1115  213 50  2 48
 0 0 0 8171052 5030064 129 2172 0 0 0 0  0  0  0  0  0  808 1701  247 50  4 46
 0 0 0 8171168 5030148 129 2172 0 0 0 0  0  0  0  0  0  810 1685  241 50  4 46
 0 0 0 8170992 5029996 134 2173 0 0 0 0  0  0  0  0  0  811 1704  244 50  4 46
 0 0 0 8170996 5029948 129 2172 0 0 0 0  0  0  0  0  0  773 1682  236 50  4 46
 0 0 0 8170956 5030020 147 2179 0 0 0 0  0  2  0  0  0 1004 1701  285 50  4 46
 0 0 0 8170700 5029788 129 2173 0 0 0 0  0  0  0  0  0  780 1684  242 50  4 46
 0 0 0 8170612 5029704 78 1258 0 0 0  0  0  0  0  0  0  659 1373  211 50  3 47
 0 0 0 8170844 5029836 51 913 0 0  0  0  0  0  0  0  0  594 1075  245 50  1 49
 0 0 0 8170784 5029708 134 2171 0 0 0 0  0  0  0  0  0  805 1705  244 50  4 46
 0 0 0 8170460 5029548 129 2175 0 0 0 0  0  0  0  0  0 1121 1686  244 50  4 46
 0 0 0 8170356 5029448 146 2180 0 0 0 0  0  3  0  0  0 1013 1711  315 50  4 46
 0 0 0 8170540 5029464 129 2169 0 0 0 0  0  0  0  0  0  816 1680  259 50  4 46
 0 0 0 8170356 5029444 129 2171 0 0 0 0  0  0  0  0  0  841 1696  248 50  4 46
 0 0 0 8170244 5029368 135 2174 0 0 0 0  0  0  0  0  0  798 1688  242 50  4 46
 0 0 0 8170440 5029376 129 2173 0 0 0 0  0  0  0  0  0  796 1704  238 50  4 46
 0 0 0 8170108 5029196 12 99 0  0  0  0  0  0  0  0  0  478  763  172 50  1 49
 0 0 0 8170288 5029496 117 2076 0 0 0 0  0  2  0  0  0  901 1599  293 50  3 47
 kthr      memory            page            disk          faults      cpu
 r b w   swap  free  re  mf pi po fr de sr s0 s1 s2 --   in   sy   cs us sy id
 0 0 0 8169876 5028968 147 2176 0 0 0 0  0  0  0  0  0  779 1685  241 50  4 46
 0 0 0 8170092 5029016 129 2172 0 0 0 0  0  0  0  0  0  803 1698  243 50  4 46
 0 0 0 8169800 5028888 132 2174 0 0 0 0  0  0  0  0  0  839 1686  247 50  4 46
 0 0 0 8169756 5028848 129 2172 0 0 0 0  0  0  0  0  0  804 1697  250 50  4 46
 0 0 0 8170052 5028976 129 2170 0 0 0 0  0  0  0  0  0  795 1686  240 50  4 46
 0 0 0 8169796 5029076 148 2182 0 0 0 0  0  2  0  0  0 1012 1722  304 50  4 46
 0 0 0 8169692 5028772 77 1187 0 0 0  0  0  0  0  0  0  683 1239  231 50  2 48
 0 0 0 8169992 5028896 53 985 0 0  0  0  0  0  0  0  0  640 1125  210 50  2 48
 0 0 0 8169936 5028924 129 2171 0 0 0 0  0  0  0  0  0  807 1680  251 50  4 46
 0 0 0 8169936 5028864 134 2175 0 0 0 0  0  0  0  0  0  804 1707  249 50  4 46
 0 0 0 8169840 5028784 129 2173 0 0 0 0  0  0  0  0  0  788 1684  239 50  4 46
 0 0 0 8169876 5028892 147 2180 0 0 0 0  0  2  0  0  0  925 1698  295 50  4 46
 0 0 0 8169916 5028820 129 2173 0 0 0 0  0  0  0  0  0  802 1689  234 50  4 46
 0 0 0 8169860 5028800 129 2176 0 0 0 0  0  0  0  0  0  804 1698  245 50  4 46
 0 0 0 8169716 5028784 118 1844 0 0 0 0  0  0  0  0  0  756 1644  276 50  4 46
 0 0 0 8169824 5028728 17 331 0 0  0  0  0  0  0  0  0  545  818  189 50  0 50
 0 0 0 8169784 5028688 129 2178 0 0 0 0  0  0  0  0  0 1107 1687  243 50  4 46
 0 0 0 8169672 5028624 144 2177 0 0 0 0  0  2  0  0  0 1025 1710  307 50  4 46
 0 0 0 8169452 5028444 130 2177 0 0 0 0  0  0  0  0  0  835 1688  261 50  4 46
 kthr      memory            page            disk          faults      cpu
 r b w   swap  free  re  mf pi po fr de sr s0 s1 s2 --   in   sy   cs us sy id
 0 0 0 8169708 5028612 129 2182 0 0 0 0  0  0  0  0  0  792 1702  242 50  4 46
 0 0 0 8169348 5028432 134 2179 0 0 0 0  0  0  0  0  0  819 1686  240 50  4 46
 0 0 0 8169284 5028360 129 2179 0 0 0 0  0  0  0  0  0  787 1702  247 50  4 46
 0 0 0 8169580 5028484 129 2179 0 0 0 0  0  0  0  0  0  809 1683  233 50  4 46
 0 0 0 8169300 5028636 18 168 0 0  0  0  0  2  0  0  0  604  813  229 50  2 49
 0 0 0 8169556 5028460 129 2018 0 0 0 0  0  0  0  0  0  775 1554  236 50  3 47
 0 0 0 8169264 5028336 129 2182 0 0 0 0  0  0  0  0  0  827 1703  248 50  4 46
 0 0 0 8169520 5028428 134 2184 0 0 0 0  0  0  0  0  0  816 1692  247 50  4 46
 0 0 0 8169116 5028184 129 2179 0 0 0 0  0  0  0  0  0  814 1707  245 50  4 46
 0 0 0 8169076 5028148 129 2179 0 0 0 0  0  0  0  0  0  816 1686  237 50  4 46
 0 0 0 8169356 5028404 147 2185 0 0 0 0  0  2  0  0  0 1023 1713  298 50  4 46
 0 0 0 8168936 5028000 129 2184 0 0 0 0  0  0  0  0  0  840 1693  264 50  4 46
 0 0 0 8168960 5028032 77 1196 0 0 0  0  0  0  0  0  0  593 1288  208 50  3 47
 0 0 0 8169244 5028232 52 990 0 0  0  0  0  0  0  0  0  610 1086  206 50  1 49
 0 0 0 8169248 5028148 134 2183 0 0 0 0  0  0  0  0  0  782 1711  248 50  4 46
 0 0 0 8168992 5028056 129 2181 0 0 0 0  0  0  0  0  0  790 1687  244 50  4 46
 0 0 0 8168796 5027864 148 2195 0 0 0 0  0  3  0  0  0  935 1697  313 50  4 46
 0 0 0 8169048 5027948 129 2182 0 0 0 0  0  0  0  0  0  809 1687  241 50  4 46
 0 0 0 8168792 5027856 129 2185 0 0 0 0  0  0  0  0  0  755 1699  236 50  4 46
 kthr      memory            page            disk          faults      cpu
 r b w   swap  free  re  mf pi po fr de sr s0 s1 s2 --   in   sy   cs us sy id
 0 0 0 8168744 5027856 135 2187 0 0 0 0  0  0  0  0  0  786 1773  292 50  4 46
 0 0 0 8169032 5027932 129 2185 0 0 0 0  0  0  0  0  0  754 1709  246 50  4 46
 0 0 0 8169032 5027932 15 100 0 0  0  0  0  0  0  0  0  776  742  177 50  0 50
 0 0 0 8168960 5027940 128 2092 0 0 0 0  0  2  0  0  0  958 1662  298 50  4 46
 0 0 0 8168840 5027792 134 2185 0 0 0 0  0  0  0  0  0  800 1684  255 50  4 46
 0 0 0 8168820 5027792 129 2187 0 0 0 0  0  0  0  0  0  827 1695  247 50  4 46
 0 0 0 8168768 5027696 134 2184 0 0 0 0  0  0  0  0  0  761 1685  240 50  4 46
 0 0 0 8168584 5027528 129 2186 0 0 0 0  0  0  0  0  0  820 1701  250 50  4 46
 0 0 0 8168544 5027484 129 2187 0 0 0 0  0  0  0  0  0  781 1684  240 50  4 46
 0 0 0 8168516 5027692 147 2192 0 0 0 0  0  2  0  0  0  967 1699  295 50  4 46
 0 0 0 8168460 5027404 37 534 0 0  0  0  0  0  0  0  0  527  960  188 50  2 48
 0 0 0 8168524 5027420 92 1648 0 0 0  0  0  0  0  0  0  705 1401  225 50  2 48
 0 0 0 8168136 5027204 129 2188 0 0 0 0  0  0  0  0  0  799 1690  245 50  4 46
 0 0 0 8168432 5027328 129 2185 0 0 0 0  0  0  0  0  0  813 1695  248 50  4 46
 0 0 0 8168080 5027136 129 2186 0 0 0 0  0  0  0  0  0  816 1687  245 50  4 46
 0 0 0 8167864 5027064 147 2191 0 0 0 0  0  3  0  0  0 1045 1715  310 50  4 46
 0 0 0 8168008 5026912 129 2186 0 0 0 0  0  0  0  0  0  836 1684  257 50  4 46
 0 0 0 8167816 5026880 129 2183 0 0 0 0  0  0  0  0  0  824 1697  242 50  4 46
 0 0 0 8167680 5026808 82 1195 0 0 0  0  0  0  0  0  0  650 1274  211 50  3 47
 kthr      memory            page            disk          faults      cpu
 r b w   swap  free  re  mf pi po fr de sr s0 s1 s2 --   in   sy   cs us sy id
 0 0 0 8167956 5026852 53 992 0 0  0  0  0  0  0  0  0  626 1091  210 50  1 49
 0 0 0 8167912 5026808 129 2185 0 0 0 0  0  0  0  0  0  786 1688  240 50  4 46
 0 0 0 8167584 5026692 147 2192 0 0 0 0  0  2  0  0  0  910 1697  296 50  4 46
 0 0 0 8167544 5026608 129 2183 0 0 0 0  0  0  0  0  0  804 1684  245 50  4 46
 0 0 0 8167844 5026740 129 2187 0 0 0 0  0  0  0  0  0  813 1699  247 50  4 46
 0 0 0 8167588 5026668 134 2182 0 0 0 0  0  0  0  0  0  781 1768  286 50  4 46
 0 0 0 8167544 5026608 129 2187 0 0 0 0  0  0  0  0  0  805 1699  245 50  4 46
 0 0 0 8167816 5026712 129 2186 0 0 0 0  0  0  0  0  0 1102 1688  245 50  4 46
 0 0 0 8167444 5026840 17 100 0 0  0  0  0  2  0  0  0  582  755  237 50  1 49
 0 0 0 8167548 5026452 131 2092 0 0 0 0  0  0  0  0  0  802 1627  255 50  4 46
 0 0 0 8167316 5026384 129 2184 0 0 0 0  0  0  0  0  0  803 1697  249 50  4 46
 0 0 0 8167460 5026408 134 2184 0 0 0 0  0  0  0  0  0  803 1688  250 50  4 46
 0 0 0 8167508 5026404 129 2183 0 0 0 0  0  0  0  0  0  758 1703  243 50  4 46
 0 0 0 8167428 5026360 129 2183 0 0 0 0  0  0  0  0  0  803 1684  242 50  4 46
 0 0 0 8167292 5026452 147 2189 0 0 0 0  0  2  0  0  0  920 1696  290 50  4 46
 0 0 0 8167364 5026260 129 2182 0 0 0 0  0  0  0  0  0  756 1684  232 50  4 46
 0 0 0 8167168 5026124 37 642 0 0  0  0  0  0  0  0  0  546  998  198 50  2 48
 0 0 0 8167148 5026084 95 1541 0 0 0  0  0  0  0  0  0  705 1363  225 50  2 48
 0 0 0 8166848 5025908 132 2182 0 0 0 0  0  0  0  0  0  797 1700  245 50  4 46
 kthr      memory            page            disk          faults      cpu
 r b w   swap  free  re  mf pi po fr de sr s0 s1 s2 --   in   sy   cs us sy id
 0 0 0 8167036 5025932 129 2183 0 0 0 0  0  0  0  0  0  809 1687  238 50  4 46
 0 0 0 8166612 5025800 147 2189 0 0 0 0  0  2  0  0  0 1013 1722  303 50  4 46
 0 0 0 8166472 5025544 129 2183 0 0 0 0  0  0  0  0  0  850 1681  259 50  4 46
 0 0 0 8166852 5025748 129 2183 0 0 0 0  0  0  0  0  0  807 1698  245 50  4 46
 0 0 0 8166596 5025704 134 2183 0 0 0 0  0  0  0  0  0  797 1684  252 50  4 46
 0 0 0 8166556 5025624 77 1193 0 0 0  0  0  0  0  0  0  681 1295  220 50  3 47
 0 0 0 8166856 5025752 53 990 0 0  0  0  0  0  0  0  0  613 1071  204 50  1 49
 0 0 0 8166852 5025764 146 2188 0 0 0 0  0  3  0  0  0  928 1697  311 50  4 46
 0 0 0 8166496 5025556 130 2183 0 0 0 0  0  0  0  0  0  817 1679  251 50  4 46
 0 0 0 8166360 5025424 129 2184 0 0 0 0  0  0  0  0  0  802 1697  245 50  4 46
 0 0 0 8166608 5025536 134 2182 0 0 0 0  0  0  0  0  0  802 1777  290 50  4 46
 0 0 0 8166224 5025284 129 2183 0 0 0 0  0  0  0  0  0  826 1704  247 50  4 46
 0 0 0 8166136 5025200 129 2184 0 0 0 0  0  0  0  0  0 1088 1688  245 50  4 46
 0 0 0 8166344 5025536 147 2189 0 0 0 0  0  2  0  0  0 1019 1716  300 50  4 46
 0 0 0 8165940 5025004 12 99 0  0  0  0  0  0  0  0  0  503  741  194 50  1 49
 0 0 0 8166220 5025116 117 2084 0 0 0 0  0  0  0  0  0  772 1623  241 50  3 47
 0 0 0 8165924 5024988 132 2178 0 0 0 0  0  0  0  0  0  770 1679  251 50  4 46
 0 0 0 8166224 5025120 129 2184 0 0 0 0  0  0  0  0  0  815 1705  245 50  4 46
 0 0 0 8165968 5025024 129 2183 0 0 0 0  0  0  0  0  0  776 1687  235 50  4 46
 kthr      memory            page            disk          faults      cpu
 r b w   swap  free  re  mf pi po fr de sr s0 s1 s2 --   in   sy   cs us sy id
 0 0 0 8166020 5025220 148 2192 0 0 0 0  0  2  0  0  0 1008 1703  290 50  4 46
 0 0 0 8166036 5024976 129 2181 0 0 0 0  0  0  0  0  0  815 1684  241 50  4 46
 0 0 0 8165952 5024848 129 2183 0 0 0 0  0  0  0  0  0  788 1699  241 50  4 46
 0 0 0 8165844 5024860 82 1192 0 0 0  0  0  0  0  0  0  624 1217  213 50  2 48
 0 0 0 8165820 5024716 53 990 0 0  0  0  0  0  0  0  0  632 1148  210 50  2 48
 0 0 0 8165676 5024624 129 2184 0 0 0 0  0  0  0  0  0  766 1703  251 50  4 46
 0 0 0 8165756 5024728 147 2190 0 0 0 0  0  2  0  0  0  938 1714  304 50  4 46
 0 0 0 8165584 5024516 129 2182 0 0 0 0  0  0  0  0  0  829 1683  254 50  4 46
 0 0 0 8165704 5024640 129 2184 0 0 0 0  0  0  0  0  0  773 1699  245 50  4 46
 0 0 0 8165740 5024696 134 2183 0 0 0 0  0  0  0  0  0  777 1690  240 50  4 46
 0 0 0 8165480 5024536 129 2181 0 0 0 0  0  0  0  0  0  778 1701  243 50  4 46
 0 0 0 8165436 5024504 79 1268 0 0 0  0  0  0  0  0  0  653 1312  208 50  3 47
 0 0 0 8165732 5024636 58 921 0 0  0  0  0  2  0  0  0  718 1048  251 50  1 49
 0 0 0 8165732 5024628 130 2182 0 0 0 0  0  0  0  0  0  759 1687  241 50  4 46
 0 0 0 8165480 5024536 129 2180 0 0 0 0  0  0  0  0  0  819 1692  247 50  4 46
 0 0 0 8165436 5024524 135 2185 0 0 0 0  0  0  0  0  0  795 1777  290 50  4 46
 0 0 0 8165732 5024628 129 2184 0 0 0 0  0  0  0  0  0  786 1701  245 50  4 46
 0 0 0 8165432 5024500 129 2183 0 0 0 0  0  0  0  0  0 1088 1682  246 50  4 46
 0 0 0 8165336 5024624 147 2192 0 0 0 0  0  2  0  0  0  992 1720  304 50  4 46
 kthr      memory            page            disk          faults      cpu
 r b w   swap  free  re  mf pi po fr de sr s0 s1 s2 --   in   sy   cs us sy id
 0 0 0 8165468 5024360 129 2182 0 0 0 0  0  0  0  0  0  851 1685  261 50  4 46
 0 0 0 8165260 5024312 12 99 0  0  0  0  0  0  0  0  0  453  776  176 50  1 49
 0 0 0 8165516 5024408 117 2081 0 0 0 0  0  0  0  0  0  809 1585  245 50  3 47
 0 0 0 8165192 5024256 129 2185 0 0 0 0  0  0  0  0  0  807 1701  241 50  4 46
 0 0 0 8165492 5024436 129 2183 0 0 0 0  0  0  0  0  0  797 1689  241 50  4 46
 0 0 0 8165232 5024404 147 2190 0 0 0 0  0  3  0  0  0  997 1699  312 50  4 46
 0 0 0 8165192 5024236 129 2181 0 0 0 0  0  0  0  0  0  820 1686  247 50  4 46
 0 0 0 8165492 5024368 129 2184 0 0 0 0  0  0  0  0  0  792 1697  243 50  4 46
 0 0 0 8165236 5024336 134 2183 0 0 0 0  0  0  0  0  0  805 1692  247 50  4 46
 0 0 0 8165180 5024228 77 1194 0 0 0  0  0  0  0  0  0  641 1322  210 50  3 48
 0 0 0 8165448 5024392 53 989 0 0  0  0  0  0  0  0  0  625 1048  203 50  1 48
 0 0 0 8165452 5024328 148 2193 0 0 0 0  0  2  0  0  0  976 1719  303 50  4 46
 0 0 0 8165072 5024112 129 2180 0 0 0 0  0  0  0  0  0  843 1681  252 50  4 46
 0 0 0 8164968 5024012 129 2184 0 0 0 0  0  0  0  0  0  813 1699  249 50  4 46
 0 0 0 8165188 5024108 134 2182 0 0 0 0  0  0  0  0  0  810 1687  248 50  4 46
 0 0 0 8165192 5024068 129 2183 0 0 0 0  0  0  0  0  0  813 1698  239 50  4 46
 0 0 0 8164944 5024032 140 2188 0 0 0 0  0  0  0  0  0  840 1691  243 50  4 46
 0 0 0 8165016 5023992 132 2183 0 0 0 0  0  3  0  0  0  936 1701  303 50  4 46
 0 0 0 8165060 5023936 12 99 0  0  0  0  0  0  0  0  0  475  708  166 50  0 50
 kthr      memory            page            disk          faults      cpu
 r b w   swap  free  re  mf pi po fr de sr s0 s1 s2 --   in   sy   cs us sy id
 0 0 0 8165056 5023932 117 2086 0 0 0 0  0  0  0  0  0  775 1656  244 50  4 46
 0 0 0 8165080 5023956 134 2182 0 0 0 0  0  0  0  0  0  772 1771  294 50  4 46
 0 0 0 8164940 5023892 129 2185 0 0 0 0  0  0  0  0  0  798 1700  244 50  4 46
 0 0 0 8165012 5023956 129 2179 0 0 0 0  0  0  0  0  0 1103 1685  240 50  4 46
 0 0 0 8164956 5024044 148 2193 0 0 0 0  0  2  0  0  0 1065 1721  299 50  4 46
 0 0 0 8164936 5023808 129 2181 0 0 0 0  0  0  0  0  0  849 1680  263 50  4 46
 0 0 0 8164976 5023848 130 2184 0 0 0 0  0  0  0  0  0  801 1695  240 50  4 46
 0 0 0 8164720 5023824 36 439 0 0  0  0  0  0  0  0  0  514  920  182 50  2 48
 0 0 0 8164980 5023852 98 1744 0 0 0  0  0  0  0  0  0  725 1452  224 50  2 48
 0 0 0 8164672 5023780 129 2184 0 0 0 0  0  0  0  0  0  808 1685  243 50  4 46
 0 0 0 8164956 5023896 147 2189 0 0 0 0  0  2  0  0  0  949 1700  297 50  4 46
 0 0 0 8164700 5023724 129 2184 0 0 0 0  0  0  0  0  0  819 1686  247 50  4 46
 0 0 0 8164660 5023704 129 2180 0 0 0 0  0  0  0  0  0  812 1698  244 50  4 46
 0 0 0 8164952 5023880 134 2186 0 0 0 0  0  0  0  0  0  770 1690  239 50  4 46
 0 0 0 8164676 5023708 129 2182 0 0 0 0  0  0  0  0  0  797 1695  242 50  4 46
 0 0 0 8164636 5023668 93 1199 0 0 0  0  0  0  0  0  0  624 1336  210 50  3 47
 0 0 0 8164936 5023800 53 991 0 0  0  0  0  2  0  0  0  816 1059  270 50  1 49
 0 0 0 8164816 5023680 129 2180 0 0 0 0  0  0  0  0  0  815 1683  256 50  4 46
 0 0 0 8164620 5023656 129 2184 0 0 0 0  0  0  0  0  0  798 1702  246 50  4 46
 kthr      memory            page            disk          faults      cpu
 r b w   swap  free  re  mf pi po fr de sr s0 s1 s2 --   in   sy   cs us sy id
 0 0 0 8164636 5023688 134 2182 0 0 0 0  0  0  0  0  0  814 1682  248 50  4 46
 0 0 0 8164936 5023800 129 2185 0 0 0 0  0  0  0  0  0  780 1700  242 50  4 46
 0 0 0 8163540 5298036 129 2182 0 0 0 0  0  0  0  0  0  812 1689  242 46  8 46
 0 0 0 9881804 6740768 147 2192 0 0 0 0  0  2  0  0  0  974 1691  318 25  4 71
 0 0 0 9879980 6738604 149 2919 0 0 0 0  0 13  0  0  0 1182 4033  287 26  5 69
 0 0 0 9905900 6764612 17 176 0 0  0  0  0 27  0  0  0  759  889  240 26  1 72
 0 0 0 9914688 6772048 117 2088 0 0 0 0  0  0  0  0  0  750 1685  298 25  3 72
 0 0 0 9914332 6771860 129 2183 0 0 0 0  0  0  0  0  0  738 1693  261 25  4 71
 0 0 0 9914628 6772048 130 2258 0 0 0 0  0  0  0  0  0 1071 1729  263 25  4 71
 0 0 0 9914276 6771916 147 2193 0 0 0 0  0  4  0  0  0  888 1707  333 25  4 71
 0 0 0 9913984 6771508 129 2190 0 0 0 0  0  0  0  0  0  770 1680  279 25  4 71
 0 0 0 9914360 6771720 129 2187 0 0 0 0  0  0  0  0  0  745 1684  252 25  4 71
 0 0 0 9914100 6771676 134 2189 0 0 0 0  0  0  0  0  0  747 1674  262 25  4 71
 0 0 0 9914068 6771588 77 1196 0 0 0  0  0  0  0  0  0  633 1270  219 25  3 72
 0 0 0 9914380 6771800 53 992 0 0  0  0  0  0  0  0  0  625 1084  214 25  2 73
 0 0 0 9914248 6771656 148 2198 0 0 0 0  0  5  0  0  0  931 1692  350 25  4 71
 0 0 0 9914248 6771600 129 2192 0 0 0 0  0  0  0  0  0  755 1680  258 25  4 71
 0 0 0 9914188 6771600 129 2193 0 0 0 0  0  0  0  0  0  755 1694  256 25  4 71
 0 0 0 9914184 6771628 134 2192 0 0 0 0  0  0  0  0  0  752 1683  259 25  4 71
 kthr      memory            page            disk          faults      cpu
 r b w   swap  free  re  mf pi po fr de sr s0 s1 s2 --   in   sy   cs us sy id
 0 0 0 9940824 6798004 129 2191 0 0 0 0  0  0  0  0  0  744 1695  259 19  4 78
 0 0 0 9980680 6837952 147 2194 0 0 0 0  0  0  0  0  0  567 1676  255  0  4 96
 0 0 0 9980064 6838796 190 4158 0 0 0 0  0  3  0  0  0  635 8654  343  4  5 91
 0 0 0 10003168 6861980 18 339 0 0 0  0  0  1  0  0  0  477  919  209  1  1 98
 0 0 0 10020248 6877804 129 2195 0 0 0 0 0  0  0  0  0  589 1689  258  0  4 96
 0 0 0 10020208 6878456 134 2194 0 0 0 0 0  0  0  0  0  561 1679  261  0  4 96
 0 0 0 10020104 6878404 129 2195 0 0 0 0 0  0  0  0  0  570 1690  264  0  4 96
 0 0 0 10020244 6878720 129 2196 0 0 0 0 0  0  0  0  0  575 1680  261  0  4 96
 0 0 0 10020068 6879560 147 2198 0 0 0 0 0  3  0  0  0  714 1683  317  0  4 96
 0 0 0 10020000 6879352 129 2200 0 0 0 0 0  0  0  0  0  593 1675  256  0  4 96
 0 0 0 10020036 6879332 134 2195 0 0 0 0 0  0  0  0  0  598 1685  259  0  4 96
 0 0 0 10019724 6879188 77 1201 0 0 0 0  0  0  0  0  0  539 1317  264  0  2 98
 0 0 0 10020016 6879304 52 996 0 0 0  0  0  0  0  0  0  519 1119  217  0  2 98
 0 0 0 10020012 6879372 129 2194 0 0 0 0 0  0  0  0  0  581 1676  264  0  4 96
 0 0 0 10019752 6879252 147 2204 0 0 0 0 0  2  0  0  0  642 1705  330  0  4 96
 0 0 0 10019536 6878992 129 2196 0 0 0 0 0  0  0  0  0  582 1671  274  0  4 96
 0 0 0 10019988 6879296 129 2197 0 0 0 0 0  0  0  0  0  586 1684  259  0  4 96
 0 0 0 10019732 6879224 134 2195 0 0 0 0 0  0  0  0  0  574 1670  253  0  3 96
 0 0 0 10019696 6879148 129 2197 0 0 0 0 0  0  0  0  0  574 1687  255  0  4 96
 kthr      memory            page            disk          faults      cpu
 r b w   swap  free  re  mf pi po fr de sr s0 s1 s2 --   in   sy   cs us sy id
 0 0 0 10019992 6879280 147 2201 0 0 0 0 0  0  0  0  0  583 1672  261  0  4 96
 0 0 0 10019728 6879176 12 99 0 0  0  0  0  2  0  0  0  500  750  227  0  1 99
 0 0 0 10019964 6879256 117 2097 0 0 0 0 0  0  0  0  0  576 1599  252  0  3 97
 0 0 0 10019656 6879136 129 2196 0 0 0 0 0  0  0  0  0  581 1682  262  0  4 96
 0 0 0 10019952 6879260 134 2195 0 0 0 0 0  0  0  0  0  591 1673  265  0  4 96
 0 0 0 10019692 6879140 129 2198 0 0 0 0 0  0  0  0  0  582 1685  267  0  4 96
 0 0 0 10019652 6879124 135 2199 0 0 0 0 0  0  0  0  0  578 1675  261  0  4 96
 0 0 0 10019944 6879292 134 2197 0 0 0 0 0  2  0  0  0  627 1703  321  0  4 96
 0 0 0 10019616 6879064 128 2195 0 0 0 0 0  0  0  0  0  587 1670  275  0  4 96
 0 0 0 10019632 6879088 82 1200 0 0 0 0  0  0  0  0  0  534 1279  219  0  3 97
 0 0 0 10019848 6879136 52 996 0 0 0  0  0  0  0  0  0  534 1076  226  0  1 99
 0 0 0 10019776 6879064 129 2195 0 0 0 0 0  0  0  0  0  594 1682  261  0  4 96
 0 0 0 10019520 6879100 129 2196 0 0 0 0 0  0  0  0  0  577 1677  259  0  4 96
 0 0 0 10019472 6879000 147 2203 0 0 0 0 0  2  0  0  0  647 1687  319  0  4 96
 0 0 0 10019764 6879056 128 2195 0 0 0 0 0  0  0  0  0  579 1674  258  0  4 96
 0 0 0 10019496 6878972 129 2195 0 0 0 0 0  0  0  0  0  582 1683  263  0  4 96
 0 0 0 10019452 6878972 134 2194 0 0 0 0 0  0  0  0  0  578 1759  307  0  4 96
 0 0 0 10019748 6879036 128 2193 0 0 0 0 0  0  0  0  0  591 1690  264  0  4 96
 0 0 0 10019492 6879056 17 101 0 0 0  0  0  0  0  0  0  459  774  178  0  1 99
 kthr      memory            page            disk          faults      cpu
 r b w   swap  free  re  mf pi po fr de sr s0 s1 s2 --   in   sy   cs us sy id
 0 0 0 10019736 6879024 130 2102 0 0 0 0 0  3  0  0  0  636 1595  332  0  3 97
 0 0 0 10019316 6878772 129 2194 0 0 0 0 0  0  0  0  0  583 1672  270  0  4 96
 0 0 0 10019696 6879004 129 2196 0 0 0 0 0  0  0  0  0  593 1683  267  0  4 96
 0 0 0 10019440 6878908 134 2194 0 0 0 0 0  0  0  0  0  593 1675  265  0  4 96
 0 0 0 10019400 6878856 129 2193 0 0 0 0 0  0  0  0  0  582 1683  260  0  4 96
 0 0 0 10019708 6879004 145 2203 0 0 0 0 0  0  0  0  0  574 1677  259  0  4 96
 0 0 0 10019448 6878936 131 2194 0 0 0 0 0  2  0  0  0  636 1686  314  0  4 96
 0 0 0 10019392 6878856 77 1209 0 0 0 0  0  0  0  0  0  523 1282  215  0  3 97
 0 0 0 10019696 6879008 52 983 0 0 0  0  0  0  0  0  0  510 1064  217  0  1 99
 0 0 0 10019692 6878980 134 2192 0 0 0 0 0  0  0  0  0  577 1671  267  0  4 96
 0 0 0 10019412 6878860 129 2195 0 0 0 0 0  0  0  0  0  584 1687  262  0  4 96
 0 0 0 10019368 6878960 129 2192 0 0 0 0 0  0  0  0  0  574 1690  269  0  4 96
 0 0 0 10019672 6879104 147 2202 0 0 0 0 0  2  0  0  0  650 1704  328  0  4 96
 0 0 0 10019348 6878792 129 2191 0 0 0 0 0  0  0  0  0  583 1668  274  0  4 96
 0 0 0 10019484 6878944 131 2194 0 0 0 0 0  0  0  0  0  591 1685  256  0  4 96
 0 0 0 10019668 6879004 132 2191 0 0 0 0 0  0  0  0  0  594 1672  261  0  3 96
 0 0 0 10019596 6878936 43 679 0 0 0  0  0  0  0  0  0  508 1016  200  0  2 98
 0 0 0 10019672 6879100 85 1513 0 0 0 0  0  0  0  0  0  538 1335  231  0  2 98
 0 0 0 10019584 6878928 147 2199 0 0 0 0 0  4  0  0  0  652 1683  346  0  4 96
 kthr      memory            page            disk          faults      cpu
 r b w   swap  free  re  mf pi po fr de sr s0 s1 s2 --   in   sy   cs us sy id
 0 0 0 10019560 6878860 129 2193 0 0 0 0 0  0  0  0  0  598 1672  257  0  4 96
 0 0 0 10019520 6878880 129 2190 0 0 0 0 0  0  0  0  0  588 1682  259  0  4 96
 0 0 0 10019504 6878876 134 2191 0 0 0 0 0  0  0  0  0  590 1764  303  0  4 96
 0 0 0 10019560 6878848 128 2190 0 0 0 0 0  0  0  0  0  580 1685  262  0  4 96
 0 0 0 10019520 6878884 147 2197 0 0 0 0 0  0  0  0  0  559 1680  260  0  4 96
 0 0 0 10019592 6878864 127 2152 0 0 0 0 0  3  0  0  0  654 1686  333  0  4 96
 0 0 0 10019492 6878764 2 32 0  0  0  0  0  0  0  0  0  467  679  187  0  0 100
 0 0 0 10019560 6878864 128 2184 0 0 0 0 0  0  0  0  0  603 1684  268  0  4 96
 0 0 0 10019516 6878836 134 2186 0 0 0 0 0  0  0  0  0  564 1671  262  0  4 96
 0 0 0 10019504 6878820 129 2188 0 0 0 0 0  0  0  0  0  585 1684  259  0  4 96
 0 0 0 10019560 6878976 129 2187 0 0 0 0 0  0  0  0  0  575 1680  259  0  4 96
 0 0 0 10019544 6879004 147 2194 0 0 0 0 0  2  0  0  0  690 1690  308  0  4 96
 0 0 0 10019492 6878828 129 2183 0 0 0 0 0  0  0  0  0  574 1673  257  0  4 96
 0 0 0 10019536 6878820 134 2188 0 0 0 0 0  0  0  0  0  601 1689  259  0  4 96
 0 0 0 10019492 6878820 77 1195 0 0 0 0  0  0  0  0  0  514 1228  221  0  2 98
 0 0 0 10019532 6878804 52 991 0 0 0  0  0  0  0  0  0  516 1117  215  0  2 98
 0 0 0 10019532 6878948 129 2188 0 0 0 0 0  0  0  0  0  584 1681  263  0  4 96
 0 0 0 10019256 6878744 147 2190 0 0 0 0 0  4  0  0  0  671 1700  356  0  4 96
 0 0 0 10019024 6878460 129 2189 0 0 0 0 0  0  0  0  0  583 1676  277  0  4 96
 kthr      memory            page            disk          faults      cpu
 r b w   swap  free  re  mf pi po fr de sr s0 s1 s2 --   in   sy   cs us sy id
 0 0 0 10019472 6878776 129 2185 0 0 0 0 0  0  0  0  0  576 1685  258  0  4 96
 0 0 0 10019196 6878672 134 2185 0 0 0 0 0  0  0  0  0  574 1674  262  0  4 96
 0 0 0 10019160 6878596 129 2185 0 0 0 0 0  0  0  0  0  590 1683  262  0  3 96
 0 0 0 10019452 6878796 147 2194 0 0 0 0 0  0  0  0  0  570 1679  261  0  4 96
 0 0 0 10019172 6878616 12 99 0 0  0  0  0  2  0  0  0  490  751  228  0  1 99
 0 0 0 10019428 6878700 117 2085 0 0 0 0 0  0  0  0  0  563 1596  254  0  3 97
 0 0 0 10019136 6878604 129 2187 0 0 0 0 0  0  0  0  0  569 1687  259  0  4 96
 0 0 0 10019432 6878724 134 2187 0 0 0 0 0  0  0  0  0  566 1761  306  0  3 96
 1 0 0 10019172 6878604 129 2185 0 0 0 0 0  0  0  0  0  592 1683  263  0  4 96
 0 0 0 10019132 6878568 136 2192 0 0 0 0 0  0  0  0  0  565 1678  262  0  4 96
 0 0 0 10019432 6878700 129 2181 0 0 0 0 0  2  0  0  0  633 1705  326  0  4 96
 0 0 0 10019100 6878524 129 2189 0 0 0 0 0  0  0  0  0  591 1675  276  0  4 96
 0 0 0 10019092 6878544 82 1194 0 0 0 0  0  0  0  0  0  525 1276  216  0  3 97
 0 0 0 10019384 6878648 52 991 0 0 0  0  0  0  0  0  0  489 1072  218  0  1 99
 0 0 0 10019364 6878628 129 2188 0 0 0 0 0  0  0  0  0  582 1685  257  0  3 96
 0 0 0 10019088 6878664 129 2184 0 0 0 0 0  0  0  0  0  569 1676  261  0  4 96
 0 0 0 10019040 6878548 147 2192 0 0 0 0 0  3  0  0  0  618 1684  328  0  4 96
 0 0 0 10019340 6878604 129 2186 0 0 0 0 0  0  0  0  0  580 1671  260  0  4 96
 0 0 0 10019048 6878472 129 2186 0 0 0 0 0  0  0  0  0  576 1684  262  0  4 96
 kthr      memory            page            disk          faults      cpu
 r b w   swap  free  re  mf pi po fr de sr s0 s1 s2 --   in   sy   cs us sy id
 0 0 0 10019004 6878436 129 2187 0 0 0 0 0  0  0  0  0  577 1676  262  0  4 96
 0 0 0 10019300 6878564 129 2186 0 0 0 0 0  0  0  0  0  588 1689  256  0  4 96
 0 0 0 10019044 6878596 17 100 0 0 0  0  0  0  0  0  0  442  773  174  0  1 99
 0 0 0 10019304 6878568 130 2094 0 0 0 0 0  2  0  0  0  632 1596  323  0  3 97
 0 0 0 10018884 6878316 129 2185 0 0 0 0 0  0  0  0  0  570 1669  274  0  4 96
 0 0 0 10019300 6878608 129 2189 0 0 0 0 0  0  0  0  0  589 1687  268  0  4 96
 0 0 0 10019044 6878488 133 2183 0 0 0 0 0  0  0  0  0  584 1670  264  0  4 96
 0 0 0 10019000 6878436 129 2185 0 0 0 0 0  0  0  0  0  602 1683  264  0  4 96
 0 0 0 10019280 6878608 147 2194 0 0 0 0 0  0  0  0  0  580 1675  257  0  4 96
 0 0 0 10019020 6878444 129 2187 0 0 0 0 0  2  0  0  0  613 1687  313  0  4 96
 0 0 0 10018976 6878408 77 1197 0 0 0 0  0  0  0  0  0  505 1279  211  0  3 97
 0 0 0 10019280 6878584 52 988 0 0 0  0  0  0  0  0  0  523 1067  213  0  1 99
 0 0 0 10019280 6878500 134 2192 0 0 0 0 0  0  0  0  0  588 1773  311  0  4 96
 1 0 0 10018816 6878328 129 2187 0 0 0 0 0  0  0  0  0  588 1704  277  0  3 96
 0 0 0 10018464 6878288 135 2191 0 0 0 0 0  0  0  0  0  731 1699  271  0  4 96
 0 0 0 10018768 6878420 132 2189 0 0 0 0 0  3  0  0  0  647 1709  336  0  4 96
 0 0 0 10018420 6878200 128 2183 0 0 0 0 0  0  0  0  0  603 1671  275  0  4 96
 0 0 0 10018552 6878324 134 2186 0 0 0 0 0  0  0  0  0  581 1685  257  0  4 96
 0 0 0 10018740 6878368 129 2186 0 0 0 0 0  0  0  0  0  583 1677  258  0  4 96
 kthr      memory            page            disk          faults      cpu
 r b w   swap  free  re  mf pi po fr de sr s0 s1 s2 --   in   sy   cs us sy id
 0 0 0 10018644 6878332 43 681 0 0 0  0  0  0  0  0  0  496 1016  199  0  2 98
 0 0 0 10018724 6878556 85 1505 0 0 0 0  0  0  0  0  0  547 1333  234  0  2 98
 0 0 0 10018572 6878300 147 2191 0 0 0 0 0  2  0  0  0  628 1683  319  0  4 96
 0 0 0 10018720 6878344 129 2188 0 0 0 0 0  0  0  0  0  571 1675  260  0  4 96
 0 0 0 10018672 6878380 129 2185 0 0 0 0 0  0  0  0  0  593 1684  262  0  4 96
 0 0 0 10018640 6878348 134 2185 0 0 0 0 0  0  0  0  0  579 1670  263  0  4 96
 0 0 0 10018728 6878352 129 2188 0 0 0 0 0  0  0  0  0  554 1687  256  0  4 96
 0 0 0 10018688 6878464 147 2191 0 0 0 0 0  0  0  0  0  585 1675  261  0  4 96
 0 0 0 10018532 6878284 129 2186 0 0 0 0 0  4  0  0  0  644 1704  358  0  4 96
