
SunOS canfire03 5.11 onnv-gate i86pc    05/09/2009

19:53:29  pgout/s ppgout/s pgfree/s pgscan/s %ufs_ipf
19:53:34     0.00     0.00     0.00     0.00     0.00
19:53:39     0.00     0.00     0.00     0.00     0.00
19:53:44     0.00     0.00     0.00     0.00     0.00
19:53:49     0.00     0.00     0.00     0.00     0.00
19:53:54     0.00     0.00     0.00     0.00     0.00
19:53:59     0.00     0.00     0.00     0.00     0.00
19:54:04     0.00     0.00     0.00     0.00     0.00
19:54:09     0.00     0.00     0.00     0.00     0.00
19:54:14     0.00     0.00     0.00     0.00     0.00
19:54:19     0.00     0.00     0.00     0.00     0.00
19:54:24     0.00     0.00     0.00     0.00     0.00
19:54:29     0.00     0.00     0.00     0.00     0.00
19:54:34     0.00     0.00     0.00     0.00     0.00
19:54:39     0.00     0.00     0.00     0.00     0.00
19:54:44     0.00     0.00     0.00     0.00     0.00
19:54:49     0.00     0.00     0.00     0.00     0.00
19:54:54     0.00     0.00     0.00     0.00     0.00
19:54:59     0.00     0.00     0.00     0.00     0.00
19:55:04     0.00     0.00     0.00     0.00     0.00
19:55:09     0.00     0.00     0.00     0.00     0.00
19:55:14     0.00     0.00     0.00     0.00     0.00
19:55:19     0.00     0.00     0.00     0.00     0.00
19:55:24     0.00     0.00     0.00     0.00     0.00
19:55:29     0.00     0.00     0.00     0.00     0.00
19:55:34     0.00     0.00     0.00     0.00     0.00
19:55:39     0.00     0.00     0.00     0.00     0.00
19:55:44     0.00     0.00     0.00     0.00     0.00
19:55:49     0.00     0.00     0.00     0.00     0.00
19:55:54     0.00     0.00     0.00     0.00     0.00
19:55:59     0.00     0.00     0.00     0.00     0.00
19:56:04     0.00     0.00     0.00     0.00     0.00
19:56:09     0.00     0.00     0.00     0.00     0.00
19:56:14     0.00     0.00     0.00     0.00     0.00
19:56:19     0.00     0.00     0.00     0.00     0.00
19:56:24     0.00     0.00     0.00     0.00     0.00
19:56:29     0.00     0.00     0.00     0.00     0.00
19:56:34     0.00     0.00     0.00     0.00     0.00
19:56:39     0.00     0.00     0.00     0.00     0.00
19:56:44     0.00     0.00     0.00     0.00     0.00
19:56:49     0.00     0.00     0.00     0.00     0.00
19:56:54     0.00     0.00     0.00     0.00     0.00
19:56:59     0.00     0.00     0.00     0.00     0.00
19:57:04     0.00     0.00     0.00     0.00     0.00
19:57:09     0.00     0.00     0.00     0.00     0.00
19:57:14     0.00     0.00     0.00     0.00     0.00
19:57:19     0.00     0.00     0.00     0.00     0.00
19:57:24     0.00     0.00     0.00     0.00     0.00
19:57:29     0.00     0.00     0.00     0.00     0.00
19:57:34     0.00     0.00     0.00     0.00     0.00
19:57:39     0.00     0.00     0.00     0.00     0.00
19:57:44     0.00     0.00     0.00     0.00     0.00
19:57:49     0.00     0.00     0.00     0.00     0.00
19:57:54     0.00     0.00     0.00     0.00     0.00
19:57:59     0.00     0.00     0.00     0.00     0.00
19:58:04     0.00     0.00     0.00     0.00     0.00
19:58:09     0.00     0.00     0.00     0.00     0.00
19:58:14     0.00     0.00     0.00     0.00     0.00
19:58:19     0.00     0.00     0.00     0.00     0.00
19:58:24     0.00     0.00     0.00     0.00     0.00
19:58:29     0.00     0.00     0.00     0.00     0.00
19:58:34     0.00     0.00     0.00     0.00     0.00
19:58:39     0.00     0.00     0.00     0.00     0.00
19:58:44     0.00     0.00     0.00     0.00     0.00
19:58:49     0.00     0.00     0.00     0.00     0.00
19:58:54     0.00     0.00     0.00     0.00     0.00
19:58:59     0.00     0.00     0.00     0.00     0.00
19:59:04     0.00     0.00     0.00     0.00     0.00
19:59:09     0.00     0.00     0.00     0.00     0.00
19:59:14     0.00     0.00     0.00     0.00     0.00
19:59:19     0.00     0.00     0.00     0.00     0.00
19:59:24     0.00     0.00     0.00     0.00     0.00
19:59:29     0.00     0.00     0.00     0.00     0.00
19:59:34     0.00     0.00     0.00     0.00     0.00
19:59:39     0.00     0.00     0.00     0.00     0.00
19:59:44     0.00     0.00     0.00     0.00     0.00
19:59:49     0.00     0.00     0.00     0.00     0.00
19:59:54     0.00     0.00     0.00     0.00     0.00
19:59:59     0.00     0.00     0.00     0.00     0.00
20:00:04     0.00     0.00     0.00     0.00     0.00
20:00:09     0.00     0.00     0.00     0.00     0.00
20:00:14     0.00     0.00     0.00     0.00     0.00
20:00:19     0.00     0.00     0.00     0.00     0.00
20:00:24     0.00     0.00     0.00     0.00     0.00
20:00:29     0.00     0.00     0.00     0.00     0.00
20:00:34     0.00     0.00     0.00     0.00     0.00
20:00:40     0.00     0.00     0.00     0.00     0.00
20:00:45     0.00     0.00     0.00     0.00     0.00
20:00:50     0.00     0.00     0.00     0.00     0.00
20:00:55     0.00     0.00     0.00     0.00     0.00
20:01:00     0.00     0.00     0.00     0.00     0.00
20:01:05     0.00     0.00     0.00     0.00     0.00
20:01:10     0.00     0.00     0.00     0.00     0.00
20:01:15     0.00     0.00     0.00     0.00     0.00
20:01:20     0.00     0.00     0.00     0.00     0.00
20:01:25     0.00     0.00     0.00     0.00     0.00
20:01:30     0.00     0.00     0.00     0.00     0.00
20:01:35     0.00     0.00     0.00     0.00     0.00
20:01:40     0.00     0.00     0.00     0.00     0.00
20:01:45     0.00     0.00     0.00     0.00     0.00
20:01:50     0.00     0.00     0.00     0.00     0.00
20:01:55     0.00     0.00     0.00     0.00     0.00
20:02:00     0.00     0.00     0.00     0.00     0.00
20:02:05     0.00     0.00     0.00     0.00     0.00
20:02:10     0.00     0.00     0.00     0.00     0.00
20:02:15     0.00     0.00     0.00     0.00     0.00
20:02:20     0.00     0.00     0.00     0.00     0.00
20:02:25     0.00     0.00     0.00     0.00     0.00
20:02:30     0.00     0.00     0.00     0.00     0.00
20:02:35     0.00     0.00     0.00     0.00     0.00
20:02:40     0.00     0.00     0.00     0.00     0.00
20:02:45     0.00     0.00     0.00     0.00     0.00
20:02:50     0.00     0.00     0.00     0.00     0.00
20:02:55     0.00     0.00     0.00     0.00     0.00
20:03:00     0.00     0.00     0.00     0.00     0.00
20:03:05     0.00     0.00     0.00     0.00     0.00
20:03:10     0.00     0.00     0.00     0.00     0.00
20:03:15     0.00     0.00     0.00     0.00     0.00
20:03:20     0.00     0.00     0.00     0.00     0.00
20:03:25     0.00     0.00     0.00     0.00     0.00
20:03:30     0.00     0.00     0.00     0.00     0.00
20:03:35     0.00     0.00     0.00     0.00     0.00
20:03:40     0.00     0.00     0.00     0.00     0.00
20:03:45     0.00     0.00     0.00     0.00     0.00
20:03:50     0.00     0.00     0.00     0.00     0.00
20:03:55     0.00     0.00     0.00     0.00     0.00
20:04:00     0.00     0.00     0.00     0.00     0.00
20:04:05     0.00     0.00     0.00     0.00     0.00
20:04:10     0.00     0.00     0.00     0.00     0.00
20:04:15     0.00     0.00     0.00     0.00     0.00
20:04:20     0.00     0.00     0.00     0.00     0.00
20:04:25     0.00     0.00     0.00     0.00     0.00
20:04:30     0.00     0.00     0.00     0.00     0.00
20:04:35     0.00     0.00     0.00     0.00     0.00
20:04:40     0.00     0.00     0.00     0.00     0.00
20:04:45     0.00     0.00     0.00     0.00     0.00
20:04:50     0.00     0.00     0.00     0.00     0.00
20:04:55     0.00     0.00     0.00     0.00     0.00
20:05:00     0.00     0.00     0.00     0.00     0.00
20:05:05     0.00     0.00     0.00     0.00     0.00
20:05:10     0.00     0.00     0.00     0.00     0.00
20:05:15     0.00     0.00     0.00     0.00     0.00
20:05:20     0.00     0.00     0.00     0.00     0.00
20:05:25     0.00     0.00     0.00     0.00     0.00
20:05:30     0.00     0.00     0.00     0.00     0.00
20:05:35     0.00     0.00     0.00     0.00     0.00
20:05:40     0.00     0.00     0.00     0.00     0.00
20:05:45     0.00     0.00     0.00     0.00     0.00
20:05:50     0.00     0.00     0.00     0.00     0.00
20:05:55     0.00     0.00     0.00     0.00     0.00
20:06:00     0.00     0.00     0.00     0.00     0.00
20:06:05     0.00     0.00     0.00     0.00     0.00
20:06:10     0.00     0.00     0.00     0.00     0.00
20:06:15     0.00     0.00     0.00     0.00     0.00
20:06:20     0.00     0.00     0.00     0.00     0.00
20:06:25     0.00     0.00     0.00     0.00     0.00
20:06:30     0.00     0.00     0.00     0.00     0.00
20:06:35     0.00     0.00     0.00     0.00     0.00
20:06:40     0.00     0.00     0.00     0.00     0.00
20:06:45     0.00     0.00     0.00     0.00     0.00
20:06:50     0.00     0.00     0.00     0.00     0.00
20:06:55     0.00     0.00     0.00     0.00     0.00
20:07:00     0.00     0.00     0.00     0.00     0.00
20:07:05     0.00     0.00     0.00     0.00     0.00
20:07:10     0.00     0.00     0.00     0.00     0.00
20:07:15     0.00     0.00     0.00     0.00     0.00
20:07:20     0.00     0.00     0.00     0.00     0.00
20:07:25     0.00     0.00     0.00     0.00     0.00
20:07:30     0.00     0.00     0.00     0.00     0.00
20:07:35     0.00     0.00     0.00     0.00     0.00
20:07:40     0.00     0.00     0.00     0.00     0.00
20:07:45     0.00     0.00     0.00     0.00     0.00
20:07:50     0.00     0.00     0.00     0.00     0.00
20:07:55     0.00     0.00     0.00     0.00     0.00
20:08:00     0.00     0.00     0.00     0.00     0.00
20:08:05     0.00     0.00     0.00     0.00     0.00
20:08:10     0.00     0.00     0.00     0.00     0.00
20:08:15     0.00     0.00     0.00     0.00     0.00
20:08:20     0.00     0.00     0.00     0.00     0.00
20:08:25     0.00     0.00     0.00     0.00     0.00
20:08:30     0.00     0.00     0.00     0.00     0.00
20:08:35     0.00     0.00     0.00     0.00     0.00
20:08:40     0.00     0.00     0.00     0.00     0.00
20:08:45     0.00     0.00     0.00     0.00     0.00
20:08:50     0.00     0.00     0.00     0.00     0.00
20:08:55     0.00     0.00     0.00     0.00     0.00
20:09:01     0.00     0.00     0.00     0.00     0.00
20:09:06     0.00     0.00     0.00     0.00     0.00
20:09:11     0.00     0.00     0.00     0.00     0.00
20:09:16     0.00     0.00     0.00     0.00     0.00
20:09:21     0.00     0.00     0.00     0.00     0.00
20:09:26     0.00     0.00     0.00     0.00     0.00
20:09:31     0.00     0.00     0.00     0.00     0.00
20:09:36     0.00     0.00     0.00     0.00     0.00
20:09:41     0.00     0.00     0.00     0.00     0.00
20:09:46     0.00     0.00     0.00     0.00     0.00
20:09:51     0.00     0.00     0.00     0.00     0.00
20:09:56     0.00     0.00     0.00     0.00     0.00
20:10:01     0.00     0.00     0.00     0.00     0.00
20:10:06     0.00     0.00     0.00     0.00     0.00
20:10:11     0.00     0.00     0.00     0.00     0.00
20:10:16     0.00     0.00     0.00     0.00     0.00
20:10:21     0.00     0.00     0.00     0.00     0.00
20:10:26     0.00     0.00     0.00     0.00     0.00
20:10:31     0.00     0.00     0.00     0.00     0.00
20:10:36     0.00     0.00     0.00     0.00     0.00
20:10:41     0.00     0.00     0.00     0.00     0.00
20:10:46     0.00     0.00     0.00     0.00     0.00
20:10:51     0.00     0.00     0.00     0.00     0.00
20:10:56     0.00     0.00     0.00     0.00     0.00
20:11:01     0.00     0.00     0.00     0.00     0.00
20:11:06     0.00     0.00     0.00     0.00     0.00
20:11:11     0.00     0.00     0.00     0.00     0.00
20:11:16     0.00     0.00     0.00     0.00     0.00
20:11:21     0.00     0.00     0.00     0.00     0.00
20:11:26     0.00     0.00     0.00     0.00     0.00
20:11:31     0.00     0.00     0.00     0.00     0.00
20:11:36     0.00     0.00     0.00     0.00     0.00
20:11:41     0.00     0.00     0.00     0.00     0.00
20:11:46     0.00     0.00     0.00     0.00     0.00
20:11:51     0.00     0.00     0.00     0.00     0.00
20:11:56     0.00     0.00     0.00     0.00     0.00
20:12:01     0.00     0.00     0.00     0.00     0.00
20:12:06     0.00     0.00     0.00     0.00     0.00
20:12:11     0.00     0.00     0.00     0.00     0.00
20:12:16     0.00     0.00     0.00     0.00     0.00
20:12:21     0.00     0.00     0.00     0.00     0.00
20:12:26     0.00     0.00     0.00     0.00     0.00
20:12:31     0.00     0.00     0.00     0.00     0.00
20:12:36     0.00     0.00     0.00     0.00     0.00
20:12:41     0.00     0.00     0.00     0.00     0.00
20:12:46     0.00     0.00     0.00     0.00     0.00
20:12:51     0.00     0.00     0.00     0.00     0.00
20:12:56     0.00     0.00     0.00     0.00     0.00
20:13:01     0.00     0.00     0.00     0.00     0.00
20:13:06     0.00     0.00     0.00     0.00     0.00
20:13:11     0.00     0.00     0.00     0.00     0.00
20:13:16     0.00     0.00     0.00     0.00     0.00
20:13:21     0.00     0.00     0.00     0.00     0.00
20:13:26     0.00     0.00     0.00     0.00     0.00
20:13:31     0.00     0.00     0.00     0.00     0.00
20:13:36     0.00     0.00     0.00     0.00     0.00
20:13:41     0.00     0.00     0.00     0.00     0.00
20:13:46     0.00     0.00     0.00     0.00     0.00
20:13:51     0.00     0.00     0.00     0.00     0.00
20:13:56     0.00     0.00     0.00     0.00     0.00
20:14:01     0.00     0.00     0.00     0.00     0.00
20:14:06     0.00     0.00     0.00     0.00     0.00
20:14:11     0.00     0.00     0.00     0.00     0.00
20:14:16     0.00     0.00     0.00     0.00     0.00
20:14:21     0.00     0.00     0.00     0.00     0.00
20:14:26     0.00     0.00     0.00     0.00     0.00
20:14:31     0.00     0.00     0.00     0.00     0.00
20:14:36     0.00     0.00     0.00     0.00     0.00
20:14:41     0.00     0.00     0.00     0.00     0.00
20:14:46     0.00     0.00     0.00     0.00     0.00
20:14:51     0.00     0.00     0.00     0.00     0.00
20:14:56     0.00     0.00     0.00     0.00     0.00
20:15:01     0.00     0.00     0.00     0.00     0.00
20:15:06     0.00     0.00     0.00     0.00     0.00
20:15:11     0.00     0.00     0.00     0.00     0.00
20:15:16     0.00     0.00     0.00     0.00     0.00
20:15:21     0.00     0.00     0.00     0.00     0.00
20:15:26     0.00     0.00     0.00     0.00     0.00
20:15:31     0.00     0.00     0.00     0.00     0.00
20:15:36     0.00     0.00     0.00     0.00     0.00
20:15:41     0.00     0.00     0.00     0.00     0.00
20:15:46     0.00     0.00     0.00     0.00     0.00
20:15:51     0.00     0.00     0.00     0.00     0.00
20:15:56     0.00     0.00     0.00     0.00     0.00
20:16:01     0.00     0.00     0.00     0.00     0.00
20:16:06     0.00     0.00     0.00     0.00     0.00
20:16:11     0.00     0.00     0.00     0.00     0.00
20:16:16     0.00     0.00     0.00     0.00     0.00
20:16:21     0.00     0.00     0.00     0.00     0.00
20:16:26     0.00     0.00     0.00     0.00     0.00
20:16:31     0.00     0.00     0.00     0.00     0.00
20:16:36     0.00     0.00     0.00     0.00     0.00
20:16:41     0.00     0.00     0.00     0.00     0.00
20:16:46     0.00     0.00     0.00     0.00     0.00
20:16:51     0.00     0.00     0.00     0.00     0.00
20:16:56     0.00     0.00     0.00     0.00     0.00
20:17:01     0.00     0.00     0.00     0.00     0.00
20:17:06     0.00     0.00     0.00     0.00     0.00
20:17:11     0.00     0.00     0.00     0.00     0.00
20:17:16     0.00     0.00     0.00     0.00     0.00
20:17:22     0.00     0.00     0.00     0.00     0.00
20:17:27     0.00     0.00     0.00     0.00     0.00
20:17:32     0.00     0.00     0.00     0.00     0.00
20:17:37     0.00     0.00     0.00     0.00     0.00
20:17:42     0.00     0.00     0.00     0.00     0.00
20:17:47     0.00     0.00     0.00     0.00     0.00
20:17:52     0.00     0.00     0.00     0.00     0.00
20:17:57     0.00     0.00     0.00     0.00     0.00
20:18:02     0.00     0.00     0.00     0.00     0.00
20:18:07     0.00     0.00     0.00     0.00     0.00
20:18:12     0.00     0.00     0.00     0.00     0.00
20:18:17     0.00     0.00     0.00     0.00     0.00
20:18:22     0.00     0.00     0.00     0.00     0.00
20:18:27     0.00     0.00     0.00     0.00     0.00
20:18:32     0.00     0.00     0.00     0.00     0.00
20:18:37     0.00     0.00     0.00     0.00     0.00
20:18:42     0.00     0.00     0.00     0.00     0.00
20:18:47     0.00     0.00     0.00     0.00     0.00
20:18:52     0.00     0.00     0.00     0.00     0.00
20:18:57     0.00     0.00     0.00     0.00     0.00
20:19:02     0.00     0.00     0.00     0.00     0.00
20:19:07     0.00     0.00     0.00     0.00     0.00
20:19:12     0.00     0.00     0.00     0.00     0.00
20:19:17     0.00     0.00     0.00     0.00     0.00
20:19:22     0.00     0.00     0.00     0.00     0.00
20:19:27     0.00     0.00     0.00     0.00     0.00
20:19:32     0.00     0.00     0.00     0.00     0.00
20:19:37     0.00     0.00     0.00     0.00     0.00
20:19:42     0.00     0.00     0.00     0.00     0.00
20:19:47     0.00     0.00     0.00     0.00     0.00
20:19:52     0.00     0.00     0.00     0.00     0.00
20:19:57     0.00     0.00     0.00     0.00     0.00
20:20:02     0.00     0.00     0.00     0.00     0.00
20:20:07     0.00     0.00     0.00     0.00     0.00
20:20:12     0.00     0.00     0.00     0.00     0.00
20:20:17     0.00     0.00     0.00     0.00     0.00
20:20:22     0.00     0.00     0.00     0.00     0.00
20:20:27     0.00     0.00     0.00     0.00     0.00
20:20:32     0.00     0.00     0.00     0.00     0.00
20:20:37     0.00     0.00     0.00     0.00     0.00
20:20:42     0.00     0.00     0.00     0.00     0.00
20:20:47     0.00     0.00     0.00     0.00     0.00
20:20:52     0.00     0.00     0.00     0.00     0.00
20:20:57     0.00     0.00     0.00     0.00     0.00
20:21:02     0.00     0.00     0.00     0.00     0.00
20:21:07     0.00     0.00     0.00     0.00     0.00
20:21:12     0.00     0.00     0.00     0.00     0.00
20:21:17     0.00     0.00     0.00     0.00     0.00
20:21:22     0.00     0.00     0.00     0.00     0.00
20:21:27     0.00     0.00     0.00     0.00     0.00
20:21:32     0.00     0.00     0.00     0.00     0.00
20:21:37     0.00     0.00     0.00     0.00     0.00
20:21:42     0.00     0.00     0.00     0.00     0.00
20:21:47     0.00     0.00     0.00     0.00     0.00
20:21:52     0.00     0.00     0.00     0.00     0.00
20:21:57     0.00     0.00     0.00     0.00     0.00
20:22:02     0.00     0.00     0.00     0.00     0.00
20:22:07     0.00     0.00     0.00     0.00     0.00
20:22:12     0.00     0.00     0.00     0.00     0.00
20:22:17     0.00     0.00     0.00     0.00     0.00
20:22:22     0.00     0.00     0.00     0.00     0.00
20:22:27     0.00     0.00     0.00     0.00     0.00
20:22:32     0.00     0.00     0.00     0.00     0.00
20:22:37     0.00     0.00     0.00     0.00     0.00
20:22:42     0.00     0.00     0.00     0.00     0.00
20:22:47     0.00     0.00     0.00     0.00     0.00
20:22:52     0.00     0.00     0.00     0.00     0.00
20:22:57     0.00     0.00     0.00     0.00     0.00
20:23:02     0.00     0.00     0.00     0.00     0.00
20:23:07     0.00     0.00     0.00     0.00     0.00
20:23:12     0.00     0.00     0.00     0.00     0.00
20:23:17     0.00     0.00     0.00     0.00     0.00
20:23:22     0.00     0.00     0.00     0.00     0.00
20:23:27     0.00     0.00     0.00     0.00     0.00
20:23:32     0.00     0.00     0.00     0.00     0.00
20:23:37     0.00     0.00     0.00     0.00     0.00
20:23:42     0.00     0.00     0.00     0.00     0.00
20:23:47     0.00     0.00     0.00     0.00     0.00
20:23:52     0.00     0.00     0.00     0.00     0.00
20:23:57     0.00     0.00     0.00     0.00     0.00
20:24:02     0.00     0.00     0.00     0.00     0.00
20:24:07     0.00     0.00     0.00     0.00     0.00
20:24:12     0.00     0.00     0.00     0.00     0.00
20:24:17     0.00     0.00     0.00     0.00     0.00
20:24:22     0.00     0.00     0.00     0.00     0.00
20:24:27     0.00     0.00     0.00     0.00     0.00
20:24:32     0.00     0.00     0.00     0.00     0.00
20:24:37     0.00     0.00     0.00     0.00     0.00
20:24:42     0.00     0.00     0.00     0.00     0.00
20:24:47     0.00     0.00     0.00     0.00     0.00
20:24:52     0.00     0.00     0.00     0.00     0.00
20:24:57     0.00     0.00     0.00     0.00     0.00
20:25:02     0.00     0.00     0.00     0.00     0.00
20:25:07     0.00     0.00     0.00     0.00     0.00
20:25:12     0.00     0.00     0.00     0.00     0.00
20:25:17     0.00     0.00     0.00     0.00     0.00
20:25:22     0.00     0.00     0.00     0.00     0.00
20:25:27     0.00     0.00     0.00     0.00     0.00
20:25:32     0.00     0.00     0.00     0.00     0.00
20:25:37     0.00     0.00     0.00     0.00     0.00
20:25:43     0.00     0.00     0.00     0.00     0.00
20:25:48     0.00     0.00     0.00     0.00     0.00
20:25:53     0.00     0.00     0.00     0.00     0.00
20:25:58     0.00     0.00     0.00     0.00     0.00
20:26:03     0.00     0.00     0.00     0.00     0.00
20:26:08     0.00     0.00     0.00     0.00     0.00
20:26:13     0.00     0.00     0.00     0.00     0.00
20:26:18     0.00     0.00     0.00     0.00     0.00
20:26:23     0.00     0.00     0.00     0.00     0.00
20:26:28     0.00     0.00     0.00     0.00     0.00
20:26:33     0.00     0.00     0.00     0.00     0.00
20:26:38     0.00     0.00     0.00     0.00     0.00
20:26:43     0.00     0.00     0.00     0.00     0.00
20:26:48     0.00     0.00     0.00     0.00     0.00
20:26:53     0.00     0.00     0.00     0.00     0.00
20:26:58     0.00     0.00     0.00     0.00     0.00
20:27:03     0.00     0.00     0.00     0.00     0.00
20:27:08     0.00     0.00     0.00     0.00     0.00
20:27:13     0.00     0.00     0.00     0.00     0.00
20:27:18     0.00     0.00     0.00     0.00     0.00
20:27:23     0.00     0.00     0.00     0.00     0.00
20:27:28     0.00     0.00     0.00     0.00     0.00
20:27:33     0.00     0.00     0.00     0.00     0.00
20:27:38     0.00     0.00     0.00     0.00     0.00
20:27:43     0.00     0.00     0.00     0.00     0.00
20:27:48     0.00     0.00     0.00     0.00     0.00
20:27:53     0.00     0.00     0.00     0.00     0.00
20:27:58     0.00     0.00     0.00     0.00     0.00
20:28:03     0.00     0.00     0.00     0.00     0.00
20:28:08     0.00     0.00     0.00     0.00     0.00
20:28:13     0.00     0.00     0.00     0.00     0.00
20:28:18     0.00     0.00     0.00     0.00     0.00
20:28:23     0.00     0.00     0.00     0.00     0.00
20:28:28     0.00     0.00     0.00     0.00     0.00
20:28:33     0.00     0.00     0.00     0.00     0.00
20:28:38     0.00     0.00     0.00     0.00     0.00
20:28:43     0.00     0.00     0.00     0.00     0.00
20:28:48     0.00     0.00     0.00     0.00     0.00
20:28:53     0.00     0.00     0.00     0.00     0.00
20:28:58     0.00     0.00     0.00     0.00     0.00
20:29:03     0.00     0.00     0.00     0.00     0.00
20:29:08     0.00     0.00     0.00     0.00     0.00
20:29:13     0.00     0.00     0.00     0.00     0.00
20:29:18     0.00     0.00     0.00     0.00     0.00
20:29:23     0.00     0.00     0.00     0.00     0.00
20:29:28     0.00     0.00     0.00     0.00     0.00
20:29:33     0.00     0.00     0.00     0.00     0.00
20:29:38     0.00     0.00     0.00     0.00     0.00
20:29:43     0.00     0.00     0.00     0.00     0.00
20:29:48     0.00     0.00     0.00     0.00     0.00
20:29:53     0.00     0.00     0.00     0.00     0.00
20:29:58     0.00     0.00     0.00     0.00     0.00
20:30:03     0.00     0.00     0.00     0.00     0.00
20:30:08     0.00     0.00     0.00     0.00     0.00
20:30:13     0.00     0.00     0.00     0.00     0.00
20:30:18     0.00     0.00     0.00     0.00     0.00
20:30:23     0.00     0.00     0.00     0.00     0.00
20:30:28     0.00     0.00     0.00     0.00     0.00
20:30:33     0.00     0.00     0.00     0.00     0.00
20:30:38     0.00     0.00     0.00     0.00     0.00
20:30:43     0.00     0.00     0.00     0.00     0.00
20:30:48     0.00     0.00     0.00     0.00     0.00
20:30:53     0.00     0.00     0.00     0.00     0.00
20:30:58     0.00     0.00     0.00     0.00     0.00
20:31:03     0.00     0.00     0.00     0.00     0.00
20:31:08     0.00     0.00     0.00     0.00     0.00
20:31:13     0.00     0.00     0.00     0.00     0.00
20:31:18     0.00     0.00     0.00     0.00     0.00
20:31:23     0.00     0.00     0.00     0.00     0.00
20:31:28     0.00     0.00     0.00     0.00     0.00
20:31:33     0.00     0.00     0.00     0.00     0.00
20:31:38     0.00     0.00     0.00     0.00     0.00
20:31:43     0.00     0.00     0.00     0.00     0.00
20:31:48     0.00     0.00     0.00     0.00     0.00
20:31:53     0.00     0.00     0.00     0.00     0.00
20:31:58     0.00     0.00     0.00     0.00     0.00
20:32:03     0.00     0.00     0.00     0.00     0.00
