This is pdfTeX, Version 3.1415926-2.3-1.40.12 (TeX Live 2011) (format=pdflatex 2011.7.3)  13 MAR 2012 23:31
entering extended mode
 restricted \write18 enabled.
 %&-line parsing enabled.
**\pdfoutput=0  \input ulsavetrees.sty
(./ulsavetrees.sty

! LaTeX Error: \maketitle undefined.

See the LaTeX manual or LaTeX Companion for explanation.
Type  H <return>  for immediate help.
 ...                                              
                                                  
l.10 \renewcommand\maketitle
                            {%
Try typing  <return>  to proceed.
If that doesn't work, type  X <return>  to quit.

\everypar=\toks14
! Undefined control sequence.
<argument> \abovecaptionskip 
                             
l.42 \setlength{\abovecaptionskip}{1ex}
                                       
The control sequence at the end of the top line
of your error message was never \def'ed. If you have
misspelled it (e.g., `\hobx'), type `I' and the correct
spelling (e.g., `I\hbox'). Otherwise just continue,
and I'll forget about whatever was undefined.


! LaTeX Error: Missing \begin{document}.

See the LaTeX manual or LaTeX Companion for explanation.
Type  H <return>  for immediate help.
 ...                                              
                                                  
l.42 \setlength{\abovecaptionskip}{1ex}
                                       
You're in trouble here.  Try typing  <return>  to proceed.
If that doesn't work, type  X <return>  to quit.

Missing character: There is no 1 in font nullfont!
Missing character: There is no e in font nullfont!
Missing character: There is no x in font nullfont!
! Undefined control sequence.
<argument> \belowcaptionskip 
                             
l.43 \setlength{\belowcaptionskip}{1ex}
                                       
The control sequence at the end of the top line
of your error message was never \def'ed. If you have
misspelled it (e.g., `\hobx'), type `I' and the correct
spelling (e.g., `I\hbox'). Otherwise just continue,
and I'll forget about whatever was undefined.

Missing character: There is no 1 in font nullfont!
Missing character: There is no e in font nullfont!
Missing character: There is no x in font nullfont!

! LaTeX Error: \usepackage before \documentclass.

See the LaTeX manual or LaTeX Companion for explanation.
Type  H <return>  for immediate help.
 ...                                              
                                                  
l.50 \usepackage[tiny,compact]{
                               titlesec}
\usepackage may only appear in the document preamble, i.e.,
between \documentclass and \begin{document}.

)
! Emergency stop.
<*> \pdfoutput=0  \input ulsavetrees.sty
                                        
*** (job aborted, no legal \end found)

 
Here is how much of TeX's memory you used:
 12 strings out of 493633
 216 string characters out of 3143378
 49245 words of memory out of 3000000
 3411 multiletter control sequences out of 15000+200000
 3640 words of font info for 14 fonts, out of 3000000 for 9000
 831 hyphenation exceptions out of 8191
 8i,0n,8p,118b,14s stack positions out of 5000i,500n,10000p,200000b,50000s
No pages of output.
