This is pdfTeX, Version 3.1415926-1.40.10 (TeX Live 2009) (format=pdflatex 2009.11.7)  8 DEC 2011 18:40
entering extended mode
 %&-line parsing enabled.
**\input powermodel.tex
(./powermodel.tex (./acmtrans2m.cls
Document Class: acmtrans2m 1996/07/03 ACM Transactions class based on <23 April
 96>
(/usr/local/texlive/2009/texmf-dist/tex/latex/base/latexsym.sty
Package: latexsym 1998/08/17 v2.2e Standard LaTeX package (lasy symbols)
\symlasy=\mathgroup4
LaTeX Font Info:    Overwriting symbol font `lasy' in version `bold'
(Font)                  U/lasy/m/n --> U/lasy/b/n on input line 47.
)
(/usr/local/texlive/2009/texmf-dist/tex/latex/ltxmisc/url.sty
\Urlmuskip=\muskip10
Package: url 2006/04/12  ver 3.3  Verb mode for urls, etc.
)

Using ACM, TACO option: 2010 by Adam Lewis et al..

\normaltextheight=\dimen102
\c@secnumbookdepth=\count79
\c@part=\count80
\c@section=\count81
\c@subsection=\count82
\c@subsubsection=\count83
\c@paragraph=\count84
\c@figure=\count85
\c@table=\count86
\@narrowfig=\dimen103
\@nfigbox=\box26
\@nfcapbox=\box27
\@abstract=\box28
\@terms=\box29
\@keywords=\box30
\bibhang=\skip41
\bibindent=\dimen104
) (/usr/local/texlive/2009/texmf-dist/tex/latex/graphics/graphicx.sty
Package: graphicx 1999/02/16 v1.0f Enhanced LaTeX Graphics (DPC,SPQR)

(/usr/local/texlive/2009/texmf-dist/tex/latex/graphics/keyval.sty
Package: keyval 1999/03/16 v1.13 key=value parser (DPC)
\KV@toks@=\toks14
)
(/usr/local/texlive/2009/texmf-dist/tex/latex/graphics/graphics.sty
Package: graphics 2009/02/05 v1.0o Standard LaTeX Graphics (DPC,SPQR)

(/usr/local/texlive/2009/texmf-dist/tex/latex/graphics/trig.sty
Package: trig 1999/03/16 v1.09 sin cos tan (DPC)
)
(/usr/local/texlive/2009/texmf-dist/tex/latex/latexconfig/graphics.cfg
File: graphics.cfg 2009/08/28 v1.8 graphics configuration of TeX Live
)
Package graphics Info: Driver file: pdftex.def on input line 91.

(/usr/local/texlive/2009/texmf-dist/tex/latex/pdftex-def/pdftex.def
File: pdftex.def 2009/08/25 v0.04m Graphics/color for pdfTeX
\Gread@gobject=\count87
))
\Gin@req@height=\dimen105
\Gin@req@width=\dimen106
)
(/usr/local/texlive/2009/texmf-dist/tex/latex/amsmath/amsmath.sty
Package: amsmath 2000/07/18 v2.13 AMS math features
\@mathmargin=\skip42

For additional information on amsmath, use the `?' option.
(/usr/local/texlive/2009/texmf-dist/tex/latex/amsmath/amstext.sty
Package: amstext 2000/06/29 v2.01

(/usr/local/texlive/2009/texmf-dist/tex/latex/amsmath/amsgen.sty
File: amsgen.sty 1999/11/30 v2.0
\@emptytoks=\toks15
\ex@=\dimen107
))
(/usr/local/texlive/2009/texmf-dist/tex/latex/amsmath/amsbsy.sty
Package: amsbsy 1999/11/29 v1.2d
\pmbraise@=\dimen108
)
(/usr/local/texlive/2009/texmf-dist/tex/latex/amsmath/amsopn.sty
Package: amsopn 1999/12/14 v2.01 operator names
)
\inf@bad=\count88
LaTeX Info: Redefining \frac on input line 211.
\uproot@=\count89
\leftroot@=\count90
LaTeX Info: Redefining \overline on input line 307.
\classnum@=\count91
\DOTSCASE@=\count92
LaTeX Info: Redefining \ldots on input line 379.
LaTeX Info: Redefining \dots on input line 382.
LaTeX Info: Redefining \cdots on input line 467.
\Mathstrutbox@=\box31
\strutbox@=\box32
\big@size=\dimen109
LaTeX Font Info:    Redeclaring font encoding OML on input line 567.
LaTeX Font Info:    Redeclaring font encoding OMS on input line 568.
\macc@depth=\count93
\c@MaxMatrixCols=\count94
\dotsspace@=\muskip11
\c@parentequation=\count95
\dspbrk@lvl=\count96
\tag@help=\toks16
\row@=\count97
\column@=\count98
\maxfields@=\count99
\andhelp@=\toks17
\eqnshift@=\dimen110
\alignsep@=\dimen111
\tagshift@=\dimen112
\tagwidth@=\dimen113
\totwidth@=\dimen114
\lineht@=\dimen115
\@envbody=\toks18
\multlinegap=\skip43
\multlinetaggap=\skip44
\mathdisplay@stack=\toks19
LaTeX Info: Redefining \[ on input line 2666.
LaTeX Info: Redefining \] on input line 2667.
)
(/usr/local/texlive/2009/texmf-dist/tex/latex/tools/array.sty
Package: array 2008/09/09 v2.4c Tabular extension package (FMi)
\col@sep=\dimen116
\extrarowheight=\dimen117
\NC@list=\toks20
\extratabsurround=\skip45
\backup@length=\skip46
)
(/usr/local/texlive/2009/texmf-dist/tex/latex/subfig/subfig.sty
Package: subfig 2005/06/28 ver: 1.3 subfig package


Package subfig Warning: Your document class has a bad definition
 of \endfigure, most likely
 \let\endfigure=\end@float
 which has now been changed to
 \def\endfigure{\end@float}
 because otherwise subsequent changes to \end@float
 (like done by several packages changing float behaviour)
 can't take effect on \endfigure.
 Please complain to your document class author.


Package subfig Warning: Your document class has a bad definition
 of \endtable, most likely
 \let\endtable=\end@float
 which has now been changed to
 \def\endtable{\end@float}
 because otherwise subsequent changes to \end@float
 (like done by several packages changing float behaviour)
 can't take effect on \endtable.
 Please complain to your document class author.

(/usr/local/texlive/2009/texmf-dist/tex/latex/caption/caption3.sty
Package: caption3 2009/10/09 v3.1k caption3 kernel (AR)
\captionmargin=\dimen118
\captionmargin@=\dimen119
\captionwidth=\dimen120
\caption@indent=\dimen121
\caption@parindent=\dimen122
\caption@hangindent=\dimen123
\abovecaptionskip=\skip47
\belowcaptionskip=\skip48
Package caption Info: Unknown document class (or package),
(caption)             standard defaults will be used on input line 1068.
)
\c@KVtest=\count100
\sf@farskip=\skip49
\sf@captopadj=\dimen124
\sf@capskip=\skip50
\sf@nearskip=\skip51
\c@subfigure=\count101
\c@subfigure@save=\count102
\c@lofdepth=\count103
\c@subtable=\count104
\c@subtable@save=\count105
\c@lotdepth=\count106
\sf@top=\skip52
\sf@bottom=\skip53
)
(/usr/local/texlive/2009/texmf-dist/tex/latex/base/fixltx2e.sty
Package: fixltx2e 2006/09/13 v1.1m fixes to LaTeX
LaTeX Info: Redefining \em on input line 420.
LaTeX Info: The control sequence `\[' is already robust on input line 471.
LaTeX Info: The control sequence `\]' is already robust on input line 472.
)
(/usr/local/texlive/2009/texmf-dist/tex/latex/comment/comment.sty
\CommentStream=\write3

Excluding comment 'comment') (./powermodel.aux)
\openout1 = `powermodel.aux'.

LaTeX Font Info:    Checking defaults for OML/cmm/m/it on input line 77.
LaTeX Font Info:    ... okay on input line 77.
LaTeX Font Info:    Checking defaults for T1/cmr/m/n on input line 77.
LaTeX Font Info:    ... okay on input line 77.
LaTeX Font Info:    Checking defaults for OT1/cmr/m/n on input line 77.
LaTeX Font Info:    ... okay on input line 77.
LaTeX Font Info:    Checking defaults for OMS/cmsy/m/n on input line 77.
LaTeX Font Info:    ... okay on input line 77.
LaTeX Font Info:    Checking defaults for OMX/cmex/m/n on input line 77.
LaTeX Font Info:    ... okay on input line 77.
LaTeX Font Info:    Checking defaults for U/cmr/m/n on input line 77.
LaTeX Font Info:    ... okay on input line 77.

(/usr/local/texlive/2009/texmf-dist/tex/context/base/supp-pdf.mkii
[Loading MPS to PDF converter (version 2006.09.02).]
\scratchcounter=\count107
\scratchdimen=\dimen125
\scratchbox=\box33
\nofMPsegments=\count108
\nofMParguments=\count109
\everyMPshowfont=\toks21
\MPscratchCnt=\count110
\MPscratchDim=\dimen126
\MPnumerator=\count111
\everyMPtoPDFconversion=\toks22
)
Package caption Info: Begin \AtBeginDocument code.
Package caption3 Info: subfig package 1.2 or 1.3 is loaded.
LaTeX Info: Redefining \subref on input line 77.
Package caption Info: End \AtBeginDocument code.

Underfull \hbox (badness 10000) in paragraph at lines 79--90

 []

LaTeX Font Info:    Try loading font information for OMS+cmr on input line 90.
(/usr/local/texlive/2009/texmf-dist/tex/latex/base/omscmr.fd
File: omscmr.fd 1999/05/25 v2.5h Standard LaTeX font definitions
)
LaTeX Font Info:    Font shape `OMS/cmr/m/n' in size <8> not available
(Font)              Font shape `OMS/cmsy/m/n' tried instead on input line 90.
\c@tempo=\count112

Underfull \vbox (badness 10000) has occurred while \output is active []



LaTeX Warning: Reference `@lastpg' on page 1 undefined on input line 102.

[1

{/usr/local/texlive/2009/texmf-var/fonts/map/pdftex/updmap/pdftex.map}]
Underfull \vbox (badness 10000) has occurred while \output is active []

LaTeX Font Info:    External font `cmex10' loaded for size
(Font)              <14.4> on input line 165.
LaTeX Font Info:    External font `cmex10' loaded for size
(Font)              <7> on input line 165.
LaTeX Font Info:    Try loading font information for U+lasy on input line 165.

(/usr/local/texlive/2009/texmf-dist/tex/latex/base/ulasy.fd
File: ulasy.fd 1998/08/17 v2.2e LaTeX symbol font definitions
) [2]
Underfull \vbox (badness 1043) has occurred while \output is active []


Overfull \hbox (100.01039pt too wide) has occurred while \output is active
[] \OT1/cmss/m/n/9 Run-time Energy Consumption Estimation for Server Workloads 
based on Chaotic Time-Series Approximation  $\OMS/cmsy/m/n/14.4 ^^A$ \OT1/cmss/
m/n/9 3
 []

[3]
Underfull \vbox (badness 10000) has occurred while \output is active []

 [4]
LaTeX Font Info:    External font `cmex10' loaded for size
(Font)              <5> on input line 325.

Underfull \vbox (badness 10000) has occurred while \output is active []


Overfull \hbox (100.01039pt too wide) has occurred while \output is active
[] \OT1/cmss/m/n/9 Run-time Energy Consumption Estimation for Server Workloads 
based on Chaotic Time-Series Approximation  $\OMS/cmsy/m/n/14.4 ^^A$ \OT1/cmss/
m/n/9 5
 []

[5]

pdfTeX warning: pdflatex (file ./newgraph/x2200sys.pdf): PDF inclusion: found P
DF version <1.5>, but at most version <1.4> allowed
<newgraph/x2200sys.pdf, id=30, 580.5088pt x 512.99654pt>
File: newgraph/x2200sys.pdf Graphic file (type pdf)

<use newgraph/x2200sys.pdf>
<newgraph/intelnehalem.pdf, id=31, 293.095pt x 326.21875pt>
File: newgraph/intelnehalem.pdf Graphic file (type pdf)

<use newgraph/intelnehalem.pdf>
Overfull \hbox (5.06766pt too wide) in paragraph at lines 369--381
[]$[]$  $[]$ 
 []

[6]
Overfull \hbox (100.01039pt too wide) has occurred while \output is active
[] \OT1/cmss/m/n/9 Run-time Energy Consumption Estimation for Server Workloads 
based on Chaotic Time-Series Approximation  $\OMS/cmsy/m/n/14.4 ^^A$ \OT1/cmss/
m/n/9 7
 []

[7 <./newgraph/x2200sys.pdf> <./newgraph/intelnehalem.pdf>]
Underfull \vbox (badness 10000) has occurred while \output is active []

 [8]
LaTeX Font Info:    External font `cmex10' loaded for size
(Font)              <8> on input line 519.
LaTeX Font Info:    External font `cmex10' loaded for size
(Font)              <6> on input line 519.

Overfull \hbox (100.01039pt too wide) has occurred while \output is active
[] \OT1/cmss/m/n/9 Run-time Energy Consumption Estimation for Server Workloads 
based on Chaotic Time-Series Approximation  $\OMS/cmsy/m/n/14.4 ^^A$ \OT1/cmss/
m/n/9 9
 []

[9]
Overfull \hbox (1.19498pt too wide) in paragraph at lines 581--590
[]\OT1/cmr/m/n/10 There are two idle states for the disk: idle and un-loaded id
le (when disk read/write
 []


Overfull \hbox (6.33069pt too wide) in paragraph at lines 592--605
\OT1/cmr/m/n/10 The quan-tity of $\OML/cmm/m/it/10 E[]$ \OT1/cmr/m/n/10 rep-re-
sents en-ergy con-sump-tion caused by the sup-port chipsets,
 []

[10]
Overfull \hbox (104.63536pt too wide) has occurred while \output is active
[] \OT1/cmss/m/n/9 Run-time Energy Consumption Estimation for Server Workloads 
based on Chaotic Time-Series Approximation  $\OMS/cmsy/m/n/14.4 ^^A$ \OT1/cmss/
m/n/9 11
 []

[11] [12]
Underfull \vbox (badness 10000) has occurred while \output is active []


Overfull \hbox (104.63536pt too wide) has occurred while \output is active
[] \OT1/cmss/m/n/9 Run-time Energy Consumption Estimation for Server Workloads 
based on Chaotic Time-Series Approximation  $\OMS/cmsy/m/n/14.4 ^^A$ \OT1/cmss/
m/n/9 13
 []

[13] [14]
Overfull \hbox (104.63536pt too wide) has occurred while \output is active
[] \OT1/cmss/m/n/9 Run-time Energy Consumption Estimation for Server Workloads 
based on Chaotic Time-Series Approximation  $\OMS/cmsy/m/n/14.4 ^^A$ \OT1/cmss/
m/n/9 15
 []

[15] [16] <newgraph/complexity.png, id=128, 525.965pt x 321.2pt>
File: newgraph/complexity.png Graphic file (type png)

<use newgraph/complexity.png>
<newgraph/complexity_p.png, id=130, 606.265pt x 332.442pt>
File: newgraph/complexity_p.png Graphic file (type png)

<use newgraph/complexity_p.png>
<newgraph/hwtestsetup2.png, id=131, 2452.66313pt x 956.82469pt>
File: newgraph/hwtestsetup2.png Graphic file (type png)

<use newgraph/hwtestsetup2.png>
Overfull \hbox (7.8836pt too wide) in paragraph at lines 1074--1075
 [][] 
 []


Overfull \hbox (104.63536pt too wide) has occurred while \output is active
[] \OT1/cmss/m/n/9 Run-time Energy Consumption Estimation for Server Workloads 
based on Chaotic Time-Series Approximation  $\OMS/cmsy/m/n/14.4 ^^A$ \OT1/cmss/
m/n/9 17
 []

[17] [18 <./newgraph/complexity.png> <./newgraph/complexity_p.png>]
Overfull \hbox (104.63536pt too wide) has occurred while \output is active
[] \OT1/cmss/m/n/9 Run-time Energy Consumption Estimation for Server Workloads 
based on Chaotic Time-Series Approximation  $\OMS/cmsy/m/n/14.4 ^^A$ \OT1/cmss/
m/n/9 19
 []

[19 <./newgraph/hwtestsetup2.png (PNG copy)>]
<newgraph/rmsep.png, id=144, 982.3902pt x 473.1276pt>
File: newgraph/rmsep.png Graphic file (type png)
 <use newgraph/rmsep.png>
[20] <newgraph/allpower/amd_ch_astar.png, id=148, 976.64874pt x 593.21625pt>
File: newgraph/allpower/amd_ch_astar.png Graphic file (type png)

<use newgraph/allpower/amd_ch_astar.png>
<newgraph/allpower/amd_ar_astar.png, id=149, 981.6675pt x 591.20876pt>
File: newgraph/allpower/amd_ar_astar.png Graphic file (type png)

<use newgraph/allpower/amd_ar_astar.png>
Overfull \hbox (6.64622pt too wide) in paragraph at lines 1222--1225
 [][][] 
 []

<newgraph/allpower/amd_ch_zeusmp.png, id=150, 963.6pt x 593.21625pt>
File: newgraph/allpower/amd_ch_zeusmp.png Graphic file (type png)

<use newgraph/allpower/amd_ch_zeusmp.png>
<newgraph/allpower/amd_ar_zeusmp.png, id=151, 969.6225pt x 590.205pt>
File: newgraph/allpower/amd_ar_zeusmp.png Graphic file (type png)

<use newgraph/allpower/amd_ar_zeusmp.png>
Overfull \hbox (6.6636pt too wide) in paragraph at lines 1228--1232
 [][][] 
 []

<newgraph/allpower/intel_ch_astar.png, id=152, 977.6525pt x 596.2275pt>
File: newgraph/allpower/intel_ch_astar.png Graphic file (type png)

<use newgraph/allpower/intel_ch_astar.png>
<newgraph/allpower/intel_ar_astar.png, id=153, 983.675pt x 603.25375pt>
File: newgraph/allpower/intel_ar_astar.png Graphic file (type png)

<use newgraph/allpower/intel_ar_astar.png>
Overfull \hbox (6.66005pt too wide) in paragraph at lines 1254--1257
 [][][] 
 []

<newgraph/allpower/intel_ch_zeusmp.png, id=154, 965.6075pt x 602.25pt>
File: newgraph/allpower/intel_ch_zeusmp.png Graphic file (type png)

<use newgraph/allpower/intel_ch_zeusmp.png>
<newgraph/allpower/intel_ar_zeusmp.png, id=155, 979.66pt x 595.22375pt>
File: newgraph/allpower/intel_ar_zeusmp.png Graphic file (type png)

<use newgraph/allpower/intel_ar_zeusmp.png>
Overfull \hbox (6.65031pt too wide) in paragraph at lines 1260--1265
 [][][] 
 []


Underfull \vbox (badness 10000) has occurred while \output is active []


Overfull \hbox (104.63536pt too wide) has occurred while \output is active
[] \OT1/cmss/m/n/9 Run-time Energy Consumption Estimation for Server Workloads 
based on Chaotic Time-Series Approximation  $\OMS/cmsy/m/n/14.4 ^^A$ \OT1/cmss/
m/n/9 21
 []

[21 <./newgraph/rmsep.png>] [22 <./newgraph/allpower/amd_ch_astar.png (PNG copy
)> <./newgraph/allpower/amd_ar_astar.png (PNG copy)> <./newgraph/allpower/amd_c
h_zeusmp.png (PNG copy)> <./newgraph/allpower/amd_ar_zeusmp.png (PNG copy)>]
Underfull \vbox (badness 1728) has occurred while \output is active []


Overfull \hbox (104.63536pt too wide) has occurred while \output is active
[] \OT1/cmss/m/n/9 Run-time Energy Consumption Estimation for Server Workloads 
based on Chaotic Time-Series Approximation  $\OMS/cmsy/m/n/14.4 ^^A$ \OT1/cmss/
m/n/9 23
 []

[23 <./newgraph/allpower/intel_ch_astar.png (PNG copy)> <./newgraph/allpower/in
tel_ar_astar.png (PNG copy)> <./newgraph/allpower/intel_ch_zeusmp.png (PNG copy
)> <./newgraph/allpower/intel_ar_zeusmp.png (PNG copy)>] [24]
Overfull \hbox (104.63536pt too wide) has occurred while \output is active
[] \OT1/cmss/m/n/9 Run-time Energy Consumption Estimation for Server Workloads 
based on Chaotic Time-Series Approximation  $\OMS/cmsy/m/n/14.4 ^^A$ \OT1/cmss/
m/n/9 25
 []

[25] (./powermodel.bbl [26]
Overfull \hbox (104.63536pt too wide) has occurred while \output is active
[] \OT1/cmss/m/n/9 Run-time Energy Consumption Estimation for Server Workloads 
based on Chaotic Time-Series Approximation  $\OMS/cmsy/m/n/14.4 ^^A$ \OT1/cmss/
m/n/9 27
 []

[27]
LaTeX Font Info:    Font shape `OMS/cmr/m/it' in size <8> not available
(Font)              Font shape `OMS/cmsy/m/n' tried instead on input line 212.
 [28])
Overfull \hbox (104.63536pt too wide) has occurred while \output is active
[] \OT1/cmss/m/n/9 Run-time Energy Consumption Estimation for Server Workloads 
based on Chaotic Time-Series Approximation  $\OMS/cmsy/m/n/14.4 ^^A$ \OT1/cmss/
m/n/9 29
 []

[29] [30

] (./powermodel.aux)

LaTeX Warning: There were undefined references.

 ) 
Here is how much of TeX's memory you used:
 2789 strings out of 493848
 39126 string characters out of 3149207
 113698 words of memory out of 3000000
 6032 multiletter control sequences out of 15000+200000
 10924 words of font info for 42 fonts, out of 3000000 for 9000
 717 hyphenation exceptions out of 8191
 36i,11n,45p,463b,354s stack positions out of 5000i,500n,10000p,200000b,50000s
</usr/local/texlive/2009/texmf-dist/fonts/type1/public/amsfonts/cm/cmbx6.pfb>
</usr/local/texlive/2009/texmf-dist/fonts/type1/public/amsfonts/cm/cmbx8.pfb></
usr/local/texlive/2009/texmf-dist/fonts/type1/public/amsfonts/cm/cmcsc10.pfb></
usr/local/texlive/2009/texmf-dist/fonts/type1/public/amsfonts/cm/cmex10.pfb></u
sr/local/texlive/2009/texmf-dist/fonts/type1/public/amsfonts/cm/cmmi10.pfb></us
r/local/texlive/2009/texmf-dist/fonts/type1/public/amsfonts/cm/cmmi5.pfb></usr/
local/texlive/2009/texmf-dist/fonts/type1/public/amsfonts/cm/cmmi6.pfb></usr/lo
cal/texlive/2009/texmf-dist/fonts/type1/public/amsfonts/cm/cmmi7.pfb></usr/loca
l/texlive/2009/texmf-dist/fonts/type1/public/amsfonts/cm/cmmi8.pfb></usr/local/
texlive/2009/texmf-dist/fonts/type1/public/amsfonts/cm/cmr10.pfb></usr/local/te
xlive/2009/texmf-dist/fonts/type1/public/amsfonts/cm/cmr17.pfb></usr/local/texl
ive/2009/texmf-dist/fonts/type1/public/amsfonts/cm/cmr5.pfb></usr/local/texlive
/2009/texmf-dist/fonts/type1/public/amsfonts/cm/cmr6.pfb></usr/local/texlive/20
09/texmf-dist/fonts/type1/public/amsfonts/cm/cmr7.pfb></usr/local/texlive/2009/
texmf-dist/fonts/type1/public/amsfonts/cm/cmr8.pfb></usr/local/texlive/2009/tex
mf-dist/fonts/type1/public/amsfonts/cm/cmss10.pfb></usr/local/texlive/2009/texm
f-dist/fonts/type1/public/amsfonts/cm/cmss8.pfb></usr/local/texlive/2009/texmf-
dist/fonts/type1/public/amsfonts/cm/cmss9.pfb></usr/local/texlive/2009/texmf-di
st/fonts/type1/public/amsfonts/cm/cmsy10.pfb></usr/local/texlive/2009/texmf-dis
t/fonts/type1/public/amsfonts/cm/cmsy5.pfb></usr/local/texlive/2009/texmf-dist/
fonts/type1/public/amsfonts/cm/cmsy7.pfb></usr/local/texlive/2009/texmf-dist/fo
nts/type1/public/amsfonts/cm/cmsy8.pfb></usr/local/texlive/2009/texmf-dist/font
s/type1/public/amsfonts/cm/cmti10.pfb></usr/local/texlive/2009/texmf-dist/fonts
/type1/public/amsfonts/cm/cmti8.pfb></usr/local/texlive/2009/texmf-dist/fonts/t
ype1/public/amsfonts/cm/cmtt10.pfb>
Output written on powermodel.pdf (30 pages, 6262886 bytes).
PDF statistics:
 267 PDF objects out of 1000 (max. 8388607)
 0 named destinations out of 1000 (max. 500000)
 71 words of extra memory for PDF output out of 10000 (max. 10000000)

