 kthr      memory            page            disk          faults      cpu
 r b w   swap  free  re  mf pi po fr de sr s0 s1 s2 --   in   sy   cs us sy id
 0 0 0 9158436 6094808 120 2080 0 0 0 0  6  3 -0  0  0  711 1648  275 25  3 72
 0 0 0 9433228 6293404 151 2556 0 0 0 0  0  3  0  0  0  724 2119  322  0  4 96
 0 0 0 9433320 6293356 147 2163 0 0 0 0  0  0  0  0  0  579 1684  264  0  4 96
 0 0 0 9433068 6293196 129 2157 0 0 0 0  0  0  0  0  0  592 1674  257  0  4 96
 0 0 0 9433204 6293272 129 2156 0 0 0 0  0  0  0  0  0  586 1700  260  0  4 96
 0 0 0 9433312 6293472 134 2159 0 0 0 0  0  0  0  0  0  590 1675  259  0  4 96
 0 0 0 9433100 6293292 129 2155 0 0 0 0  0  0  0  0  0  604 1687  276  0  4 96
 0 0 0 9433256 6293464 147 2164 0 0 0 0  0  2  0  0  0  612 1679  296  0  4 96
 0 0 0 9433296 6293392 77 1180 0 0 0  0  0  0  0  0  0  525 1250  221  0  2 98
 0 0 0 9433292 6293388 52 979 0 0  0  0  0  0  0  0  0  510 1100  213  0  2 98
 0 0 0 9433252 6293408 129 2157 0 0 0 0  0  0  0  0  0  575 1687  254  0  4 96
 0 0 0 9433168 6293376 134 2160 0 0 0 0  0  0  0  0  0  581 1675  261  0  4 96
 0 0 0 9433288 6293384 129 2157 0 0 0 0  0  0  0  0  0  589 1687  256  0  4 96
 0 0 0 9433108 6293372 140 2161 0 0 0 0  0  2  0  0  0  613 1677  299  0  4 96
 0 0 0 9433244 6293412 132 2158 0 0 0 0  0  0  0  0  0  581 1685  263  0  4 96
 0 0 0 9433288 6293384 129 2160 0 0 0 0  0  0  0  0  0  562 1767  298  0  4 96
 0 0 0 9433296 6293404 134 2156 0 0 0 0  0  0  0  0  0  579 1683  257  0  4 96
 0 0 0 9433260 6293368 12 98 0  0  0  0  0  0  0  0  0  457  745  178  0  1 99
 kthr      memory            page            disk          faults      cpu
 r b w   swap  free  re  mf pi po fr de sr s0 s1 s2 --   in   sy   cs us sy id
 0 0 0 9432956 6293184 117 2061 0 0 0 0  0  0  0  0  0  579 1609  270  0  3 97
 0 0 0 9433264 6293492 129 2158 0 0 0 0  0  2  0  0  0  605 1684  305  0  4 96
 0 0 0 9433272 6293472 147 2164 0 0 0 0  0  0  0  0  0  582 1682  260  0  4 96
 0 0 0 9433120 6293316 128 2155 0 0 0 0  0  0  0  0  0  579 1677  259  0  4 96
 0 0 0 9433260 6293376 129 2159 0 0 0 0  0  0  0  0  0  578 1701  257  0  4 96
 0 0 0 9433196 6293404 134 2159 0 0 0 0  0  0  0  0  0  568 1677  264  0  4 96
 0 0 0 9433196 6293340 129 2158 0 0 0 0  0  0  0  0  0  568 1688  260  0  4 96
 0 0 0 9433260 6293492 95 1186 0 0 0  0  0  2  0  0  0  557 1266  259  0  3 97
 1 0 0 9433256 6293352 52 979 0 0  0  0  0  0  0  0  0  498 1085  217  0  1 99
 0 0 0 9433200 6293340 129 2158 0 0 0 0  0  0  0  0  0  580 1675  260  0  4 96
 0 0 0 9433260 6293376 129 2156 0 0 0 0  0  0  0  0  0  577 1685  256  0  4 96
 0 0 0 9433232 6293384 134 2160 0 0 0 0  0  0  0  0  0  590 1677  263  0  4 96
 0 0 0 9432864 6293128 128 2160 0 0 0 0  0  0  0  0  0  601 1687  283  0  4 96
 0 0 0 9433236 6293344 144 2165 0 0 0 0  0  2  0  0  0  619 1681  300  0  4 96
 0 0 0 9433236 6293372 131 2157 0 0 0 0  0  0  0  0  0  588 1683  261  0  4 96
 0 0 0 9432936 6293200 128 2158 0 0 0 0  0  0  0  0  0  599 1675  256  0  4 96
 0 0 0 9433232 6293352 17 98 0  0  0  0  0  0  0  0  0  442  774  173  0  1 99
 0 0 0 9433220 6293316 117 2058 0 0 0 0  0  0  0  0  0  584 1571  259  0  3 97
 0 0 0 9432968 6293220 129 2162 0 0 0 0  0  0  0  0  0  587 1689  259  0  4 96
 kthr      memory            page            disk          faults      cpu
 r b w   swap  free  re  mf pi po fr de sr s0 s1 s2 --   in   sy   cs us sy id
 0 0 0 9432920 6293320 129 2159 0 0 0 0  0  2  0  0  0  611 1679  300  0  4 96
 0 0 0 9433216 6293460 147 2168 0 0 0 0  0  0  0  0  0  589 1684  262  0  4 96
 0 0 0 9432968 6293220 129 2163 0 0 0 0  0  0  0  0  0  594 1773  306  0  4 96
 0 0 0 9432896 6293172 130 2160 0 0 0 0  0  0  0  0  0  572 1698  267  0  4 96
 0 0 0 9433188 6293284 128 2162 0 0 0 0  0  0  0  0  0  583 1673  263  0  4 96
 0 0 0 9432808 6293064 77 1184 0 0 0  0  0  0  0  0  0  523 1288  237  0  3 97
 0 0 0 9433192 6293424 52 980 0 0  0  0  0  2  0  0  0  529 1072  259  0  1 99
 0 0 0 9432896 6293160 147 2169 0 0 0 0  0  0  0  0  0  573 1682  265  0  4 96
 0 0 0 9433188 6293284 129 2169 0 0 0 0  0  0  0  0  0  569 1678  258  0  4 96
 0 0 0 9432936 6293220 129 2162 0 0 0 0  0  0  0  0  0  579 1686  260  0  4 96
 0 0 0 9432896 6293200 134 2165 0 0 0 0  0  0  0  0  0  570 1673  259  0  4 96
 0 0 0 9433192 6293288 129 2166 0 0 0 0  0  0  0  0  0  585 1688  256  0  4 96
 0 0 0 9432936 6293240 146 2175 0 0 0 0  0  2  0  0  0  661 1680  296  0  4 96
 0 0 0 9432892 6293156 129 2165 0 0 0 0  0  0  0  0  0  583 1686  268  0  4 96
 0 0 0 9433192 6293288 12 98 0  0  0  0  0  0  0  0  0  436  770  174  0  1 99
 0 0 0 9433184 6293320 117 2068 0 0 0 0  0  0  0  0  0  569 1584  258  0  3 97
 0 0 0 9432920 6293176 134 2168 0 0 0 0  0  0  0  0  0  567 1676  263  0  4 96
 0 0 0 9432740 6293004 129 2163 0 0 0 0  0  0  0  0  0  575 1681  270  0  4 96
 0 0 0 9433116 6293352 129 2173 0 0 0 0  0  4  0  0  0  624 1692  337  0  4 96
 kthr      memory            page            disk          faults      cpu
 r b w   swap  free  re  mf pi po fr de sr s0 s1 s2 --   in   sy   cs us sy id
 0 0 0 9432864 6293316 147 2177 0 0 0 0  0  0  0  0  0  588 1690  263  0  4 96
 0 0 0 9432816 6293080 128 2168 0 0 0 0  0  0  0  0  0  571 1675  257  0  4 96
 0 0 0 9433112 6293220 134 2171 0 0 0 0  0  0  0  0  0  584 1697  259  0  4 96
 0 0 0 9432864 6293116 83 1294 0 0 0  0  0  0  0  0  0  539 1325  229  0  3 97
 0 0 0 9433112 6293208 53 962 0 0  0  0  0  0  0  0  0  504 1059  216  0  1 99
 0 0 0 9055876 5990208 385 56877 0 0 0 0 0  2  0  0  0 1212 10838 344 40 14 46
 0 0 0 8340848 5219252 147 2180 0 0 0 0  0  0  0  0  0  802 1698  245 50  4 46
 0 0 0 8340576 5219076 129 2170 0 0 0 0  0  0  0  0  0  784 1774  280 50  4 46
 0 0 0 8340512 5219104 129 2172 0 0 0 0  0  0  0  0  0 1114 1699  244 50  4 46
 0 0 0 8340656 5219380 132 2172 0 0 0 0  0  0  0  0  0  807 1685  244 50  4 46
 0 0 0 8340740 5219320 129 2172 0 0 0 0  0  0  0  0  0  829 1699  259 50  4 46
 0 0 0 8340636 5219456 145 2142 0 0 0 0  0  3  0  0  0  867 1676  289 50  4 46
 0 0 0 8340808 5219388 2 34  0  0  0  0  0  0  0  0  0  453  690  173 50  0 50
 0 0 0 8340508 5219256 129 2171 0 0 0 0  0  0  0  0  0  780 1687  239 50  4 46
 0 0 0 8340804 5219124 129 2194 0 0 0 0  0  0  0  0  0  802 1691  241 50  4 46
 0 0 0 8340540 5218808 134 2171 0 0 0 0  0  0  0  0  0  803 1682  249 50  4 46
 0 0 0 8340492 5218744 129 2172 0 0 0 0  0  0  0  0  0  817 1695  242 50  4 46
 0 0 0 8340156 5218516 146 2224 0 0 0 0  0  2  0  0  0  911 1692  281 50  4 46
 0 0 0 8339208 5217588 130 2205 0 0 0 0  0  0  0  0  0  784 1696  247 50  4 46
 kthr      memory            page            disk          faults      cpu
 r b w   swap  free  re  mf pi po fr de sr s0 s1 s2 --   in   sy   cs us sy id
 0 0 0 8338996 5217144 129 2173 0 0 0 0  0  0  0  0  0  783 1688  242 50  4 46
 0 0 0 8339056 5217180 17 99 0  0  0  0  0  0  0  0  0  450  760  171 50  1 49
 0 0 0 8339008 5217144 117 2075 0 0 0 0  0  0  0  0  0  791 1616  245 50  3 46
 0 0 0 8338932 5217020 129 2172 0 0 0 0  0  0  0  0  0  776 1693  256 50  4 46
 0 0 0 8338744 5217136 129 2170 0 0 0 0  0  2  0  0  0  958 1685  296 50  4 46
 0 0 0 8338760 5217160 147 2179 0 0 0 0  0  0  0  0  0  816 1700  251 50  4 46
 0 0 0 8339052 5217140 129 2174 0 0 0 0  0  0  0  0  0  786 1685  234 50  4 46
 0 0 0 8338792 5217044 131 2172 0 0 0 0  0  0  0  0  0  809 1701  239 50  4 46
 0 0 0 8339004 5217148 129 2173 0 0 0 0  0  0  0  0  0  806 1688  250 50  4 46
 0 0 0 8339048 5217136 12 98 0  0  0  0  0  0  0  0  0  455  754  168 50  1 49
 0 0 0 8338888 5217256 117 2074 0 0 0 0  0  2  0  0  0  870 1601  291 50  3 47
 0 0 0 8338088 5216776 147 2214 0 0 0 0  0  0  0  0  0  792 1699  244 50  4 46
 0 0 0 8337204 5216320 129 2173 0 0 0 0  0  0  0  0  0  790 1773  285 50  4 46
 0 0 0 8337100 5216232 129 2170 0 0 0 0  0  0  0  0  0 1105 1694  241 50  4 46
 0 0 0 8337388 5216372 132 2174 0 0 0 0  0  0  0  0  0  820 1679  247 50  4 46
 0 0 0 8337052 5216164 129 2172 0 0 0 0  0  0  0  0  0  866 1694  258 50  4 46
 0 0 0 8337096 5216288 147 2179 0 0 0 0  0  4  0  0  0 1109 1696  316 50  4 46
 0 0 0 8337392 5216344 12 99 0  0  0  0  0  0  0  0  0  464  780  177 50  1 49
 0 0 0 8337388 5216340 117 2074 0 0 0 0  0  0  0  0  0  780 1581  244 50  3 47
 kthr      memory            page            disk          faults      cpu
 r b w   swap  free  re  mf pi po fr de sr s0 s1 s2 --   in   sy   cs us sy id
 0 0 0 8337136 5216280 129 2174 0 0 0 0  0  0  0  0  0  813 1715  243 50  4 46
 0 0 0 8337316 5216364 134 2171 0 0 0 0  0  0  0  0  0  826 1683  247 50  4 46
 0 0 0 8337348 5216340 129 2173 0 0 0 0  0  0  0  0  0  832 1698  245 50  4 46
 0 0 0 8337388 5216340 147 2177 0 0 0 0  0  2  0  0  0  910 1684  284 50  4 46
 0 0 0 8337108 5216236 130 2173 0 0 0 0  0  0  0  0  0  779 1691  248 50  4 46
 0 0 0 8337068 5310352 135 7018 0 0 0 0  0  0  0  0  0  958 1723  239 46  8 46
 0 0 0 9111760 5990356 17 101 0 0  0  0  0  0  0  0  0  470  795  174 50  1 49
 0 0 0 9111756 5990316 118 2143 0 0 0 0  0  0  0  0  0  783 1609  245 50  3 47
 0 0 0 9111068 5989820 129 2244 0 0 0 0  0  0  0  0  0  820 1701  250 50  4 46
 0 0 0 9110120 5989064 129 2170 0 0 0 0  0  3  0  0  0  951 1692  295 50  4 46
 0 0 0 9110112 5989068 147 2179 0 0 0 0  0  0  0  0  0  793 1697  247 50  4 46
 0 0 0 9110180 5988932 129 2171 0 0 0 0  0  0  0  0  0  797 1682  237 50  4 46
 0 0 0 9108348 5986592 134 2285 0 0 0 0  0  0  0  0  0  823 1695  242 50  4 46
 0 0 0 9108312 5986560 129 2172 0 0 0 0  0  0  0  0  0  787 1684  247 50  4 46
 0 0 0 9108608 5986688 25 355 0 0  0  0  0  0  0  0  0  492  888  181 50  2 48
 0 0 0 9108584 5986816 104 1818 0 0 0 0  0  2  0  0  0  798 1480  270 50  3 47
 0 0 0 9108328 5986620 147 2178 0 0 0 0  0  0  0  0  0  782 1693  240 50  4 46
 0 0 0 9108396 5986608 129 2175 0 0 0 0  0  0  0  0  0  792 1776  285 50  4 46
 0 0 0 9108540 5986700 129 2172 0 0 0 0  0  0  0  0  0 1106 1705  245 50  4 46
 kthr      memory            page            disk          faults      cpu
 r b w   swap  free  re  mf pi po fr de sr s0 s1 s2 --   in   sy   cs us sy id
 0 0 0 9108580 5986720 134 2171 0 0 0 0  0  0  0  0  0  804 1686  236 50  4 46
 0 0 0 9108228 5986468 129 2173 0 0 0 0  0  0  0  0  0  847 1694  266 50  4 46
 0 0 0 9108268 5986584 147 2181 0 0 0 0  0  4  0  0  0 1085 1696  314 50  4 46
 0 0 0 9109196 5987276 54 5639 0 0 0  0  0  0  0  0  0  609 1092  201 49  3 48
 0 0 0 9111712 5989784 80 1407 0 0 0  0  0  0  0  0  0  649 1305  207 50  2 48
 0 0 0 9111460 5989732 129 2173 0 0 0 0  0  0  0  0  0  809 1697  240 50  4 46
 0 0 0 9111420 5989676 134 2172 0 0 0 0  0  0  0  0  0  782 1686  246 50  4 46
 0 0 0 9111672 5989796 129 2170 0 0 0 0  0  0  0  0  0  824 1696  240 50  4 46
 0 0 0 9111692 5989772 147 2180 0 0 0 0  0  2  0  0  0  908 1687  287 50  4 46
 0 0 0 9111648 5989772 129 2174 0 0 0 0  0  0  0  0  0  792 1697  252 50  4 46
 0 0 0 9111396 5989632 129 2175 0 0 0 0  0  0  0  0  0  815 1686  236 50  4 46
 0 0 0 9111692 5989800 49 713 0 0  0  0  0  0  0  0  0  557 1025  194 50  2 48
 0 0 0 9111688 5989756 86 1459 0 0 0  0  0  0  0  0  0  679 1329  224 50  2 48
 0 0 0 9110684 5989044 129 2251 0 0 0 0  0  0  0  0  0  814 1699  255 50  4 46
 0 0 0 9109820 5988196 129 2172 0 0 0 0  0  2  0  0  0  917 1692  293 50  4 46
 0 0 0 9110036 5988296 147 2180 0 0 0 0  0  0  0  0  0  775 1697  243 50  4 46
 0 0 0 9110112 5988172 129 2172 0 0 0 0  0  0  0  0  0  779 1685  237 50  4 46
 0 0 0 9110072 5988184 134 2170 0 0 0 0  0  0  0  0  0  775 1698  240 50  4 46
 0 0 0 9109820 5988048 129 2173 0 0 0 0  0  0  0  0  0  780 1687  248 50  4 46
 kthr      memory            page            disk          faults      cpu
 r b w   swap  free  re  mf pi po fr de sr s0 s1 s2 --   in   sy   cs us sy id
 0 0 0 9110096 5988168 37 582 0 0  0  0  0  0  0  0  0  545  978  188 50  2 48
 0 0 0 9110088 5988356 92 1590 0 0 0  0  0  2  0  0  0  812 1382  270 50  3 47
 0 0 0 9109836 5988108 147 2182 0 0 0 0  0  0  0  0  0  802 1697  251 50  4 46
 0 0 0 9109796 5988024 129 2169 0 0 0 0  0  0  0  0  0  792 1771  279 50  4 46
 0 0 0 9110008 5988156 129 2173 0 0 0 0  0  0  0  0  0 1133 1702  239 50  4 46
 0 0 0 9110088 5988212 134 2171 0 0 0 0  0  0  0  0  0  813 1684  242 50  4 46
 0 0 0 9109900 5988068 129 2174 0 0 0 0  0  0  0  0  0  819 1698  260 50  4 46
 0 0 0 9108216 5986580 147 2255 0 0 0 0  0  2  0  0  0  961 1690  288 50  4 46
 0 0 0 9108500 5986564 47 747 0 0  0  0  0  0  0  0  0  562 1052  203 50  2 48
 0 0 0 9108496 5986560 82 1426 0 0 0  0  0  0  0  0  0  666 1315  210 50  2 47
 0 0 0 9108240 5986508 129 2172 0 0 0 0  0  0  0  0  0  787 1693  238 50  4 46
 0 0 0 9108204 5986456 134 2172 0 0 0 0  0  0  0  0  0  834 1690  250 50  4 46
 0 0 0 9108412 5986536 129 2171 0 0 0 0  0  0  0  0  0  825 1696  238 50  4 46
 0 0 0 9108472 5986600 147 2180 0 0 0 0  0  2  0  0  0  930 1690  283 50  4 46
 0 0 0 9108432 5986552 129 2173 0 0 0 0  0  0  0  0  0  782 1699  253 50  4 46
 0 0 0 9108180 5986412 129 2172 0 0 0 0  0  0  0  0  0  819 1685  243 50  4 46
 0 0 0 9108476 5986580 61 903 0 0  0  0  0  0  0  0  0  590 1118  207 50  2 48
 0 0 0 9108396 5986452 73 1268 0 0 0  0  0  0  0  0  0  674 1251  215 50  2 48
 0 0 0 9107972 5986188 129 2175 0 0 0 0  0  0  0  0  0  811 1697  251 50  4 46
 kthr      memory            page            disk          faults      cpu
 r b w   swap  free  re  mf pi po fr de sr s0 s1 s2 --   in   sy   cs us sy id
 0 0 0 8918332 5841056 141 45395 0 0 0 0 0  3  0  0  0  998 1738  310 44 10 46
 0 0 0 8340224 5218788 132 2173 0 0 0 0  0  0  0  0  0  763 1703  248 50  4 46
 0 0 0 8340220 5218764 129 2173 0 0 0 0  0  0  0  0  0  806 1683  239 50  4 46
 0 0 0 8340248 5218792 134 2171 0 0 0 0  0  0  0  0  0  833 1694  253 50  4 46
 0 0 0 8340092 5218736 129 2171 0 0 0 0  0  0  0  0  0  824 1689  243 50  4 46
 0 0 0 8340200 5218748 77 1189 0 0 0  0  0  0  0  0  0  636 1246  211 50  2 48
 0 0 0 8340196 5218948 53 985 0 0  0  0  0  2  0  0  0  746 1116  246 50  2 48
 0 0 0 8339940 5218700 147 2179 0 0 0 0  0  0  0  0  0  808 1699  252 50  4 46
 0 0 0 8339904 5218612 129 2171 0 0 0 0  0  0  0  0  0  785 1777  282 50  4 46
 0 0 0 8340200 5218776 130 2171 0 0 0 0  0  0  0  0  0 1111 1711  248 50  4 46
 0 0 0 8339944 5218672 134 2174 0 0 0 0  0  0  0  0  0  782 1687  246 50  4 46
 0 0 0 8339764 5218460 129 2172 0 0 0 0  0  0  0  0  0  863 1696  263 50  4 46
 0 0 0 8340156 5218868 147 2179 0 0 0 0  0  2  0  0  0  939 1695  286 50  4 46
 0 0 0 8339256 5217904 76 1256 0 0 0  0  0  0  0  0  0  627 1283  215 50  3 47
 0 0 0 8338620 5217352 53 985 0 0  0  0  0  0  0  0  0  625 1081  205 50  1 49
 0 0 0 8338532 5217360 129 2172 0 0 0 0  0  0  0  0  0  818 1698  249 50  4 46
 0 0 0 8338556 5217360 134 2171 0 0 0 0  0  0  0  0  0  811 1688  245 50  4 46
 0 0 0 8338600 5217336 129 2174 0 0 0 0  0  0  0  0  0  772 1699  235 50  4 46
 0 0 0 8338348 5217288 147 2180 0 0 0 0  0  2  0  0  0  975 1685  287 50  4 46
 kthr      memory            page            disk          faults      cpu
 r b w   swap  free  re  mf pi po fr de sr s0 s1 s2 --   in   sy   cs us sy id
 0 0 0 8338308 5217204 129 2172 0 0 0 0  0  0  0  0  0  810 1694  247 50  4 46
 0 0 0 8338608 5217336 129 2170 0 0 0 0  0  0  0  0  0  820 1681  239 50  4 46
 0 0 0 8338352 5217272 95 1390 0 0 0  0  0  0  0  0  0  683 1392  219 50  3 47
 0 0 0 8338604 5217332 40 784 0 0  0  0  0  0  0  0  0  580  979  202 50  1 49
 0 0 0 8338188 5217084 129 2173 0 0 0 0  0  0  0  0  0  818 1694  256 50  4 46
 0 0 0 8338608 5217548 129 2172 0 0 0 0  0  2  0  0  0  918 1696  289 50  4 46
 0 0 0 8338352 5217368 147 2179 0 0 0 0  0  0  0  0  0  802 1701  243 50  4 46
 0 0 0 8337868 5216764 129 2238 0 0 0 0  0  0  0  0  0  800 1681  238 50  4 46
 0 0 0 8337008 5215988 134 2174 0 0 0 0  0  0  0  0  0  810 1697  238 50  4 46
 0 0 0 8337024 5215940 129 2174 0 0 0 0  0  0  0  0  0  750 1684  246 50  4 46
 0 0 0 8336768 5215836 129 2172 0 0 0 0  0  0  0  0  0  787 1695  238 50  4 46
 0 0 0 8337020 5216140 0  0  0  0  0  0  0  2  0  0  0  586  674  209 50  0 50
 0 0 0 8336720 5215796 147 2180 0 0 0 0  0  0  0  0  0  769 1694  249 50  4 46
 0 0 0 8337020 5215928 129 2175 0 0 0 0  0  0  0  0  0  824 1773  287 50  4 46
 0 0 0 8336764 5215852 129 2172 0 0 0 0  0  0  0  0  0 1088 1699  246 50  4 46
 0 0 0 8336716 5215812 132 2177 0 0 0 0  0  0  0  0  0  821 1684  254 50  4 46
 0 0 0 8336952 5215860 129 2175 0 0 0 0  0  0  0  0  0  845 1696  261 50  4 46
 0 0 0 8336760 5215952 147 2184 0 0 0 0  0  2  0  0  0  953 1693  283 50  4 46
 0 0 0 8336828 5215868 129 2177 0 0 0 0  0  0  0  0  0  800 1694  253 50  4 46
 kthr      memory            page            disk          faults      cpu
 r b w   swap  free  re  mf pi po fr de sr s0 s1 s2 --   in   sy   cs us sy id
 0 0 0 8336988 5215896 12 99 0  0  0  0  0  0  0  0  0  462  742  169 50  1 49
 0 0 0 8336732 5215800 117 2079 0 0 0 0  0  0  0  0  0  789 1621  237 50  3 47
 0 0 0 8398092 5378676 140 45487 0 0 0 0 0  0  0  0  0  966 1719  248 41 12 46
 0 0 0 8339736 5218432 129 2179 0 0 0 0  0  0  0  0  0  806 1697  240 50  4 46
 0 0 0 8339692 5218396 147 2186 0 0 0 0  0  2  0  0  0  945 1685  288 50  4 46
 0 0 0 8339988 5218524 129 2180 0 0 0 0  0  0  0  0  0  831 1691  250 50  4 46
 0 0 0 8339736 5218436 129 2183 0 0 0 0  0  0  0  0  0  783 1690  235 50  4 46
 0 0 0 8339696 5218432 134 2181 0 0 0 0  0  0  0  0  0  793 1697  241 50  4 45
 0 0 0 8339988 5218524 12 98 0  0  0  0  0  0  0  0  0  491  722  179 50  0 50
 0 0 0 8339572 5218276 117 2079 0 0 0 0  0  0  0  0  0  784 1635  256 50  4 46
 0 0 0 8339972 5218724 129 2182 0 0 0 0  0  4  0  0  0 1080 1702  319 50  4 46
 0 0 0 8339716 5218536 147 2186 0 0 0 0  0  0  0  0  0  790 1697  252 50  4 46
 0 0 0 8339656 5218364 129 2187 0 0 0 0  0  0  0  0  0  767 1692  241 50  4 46
 0 0 0 8339944 5218492 134 2184 0 0 0 0  0  0  0  0  0  779 1706  237 50  4 46
 0 0 0 8339692 5218380 129 2183 0 0 0 0  0  0  0  0  0  798 1691  248 50  4 46
 0 0 0 8339624 5218372 129 2184 0 0 0 0  0  0  0  0  0  796 1698  241 50  4 46
 0 0 0 8339944 5218680 17 100 0 0  0  0  0  2  0  0  0  521  757  214 50  1 49
 0 0 0 8339268 5217916 131 2162 0 0 0 0  0  0  0  0  0  782 1607  246 50  3 47
 0 0 0 8338368 5217092 129 2184 0 0 0 0  0  0  0  0  0  776 1778  281 50  4 46
 kthr      memory            page            disk          faults      cpu
 r b w   swap  free  re  mf pi po fr de sr s0 s1 s2 --   in   sy   cs us sy id
 0 0 0 8338364 5217140 132 2185 0 0 0 0  0  0  0  0  0 1123 1699  239 50  4 46
 0 0 0 8338068 5216980 132 2185 0 0 0 0  0  0  0  0  0  779 1686  242 50  4 46
 0 0 0 8338292 5217012 129 2185 0 0 0 0  0  0  0  0  0  797 1698  255 50  4 46
 0 0 0 8338112 5217120 147 2192 0 0 0 0  0  2  0  0  0  957 1693  278 50  4 46
 0 0 0 8338068 5216960 129 2186 0 0 0 0  0  0  0  0  0  786 1694  244 50  4 46
 0 0 0 8338352 5217076 12 165 0 0  0  0  0  0  0  0  0  467  798  169 50  1 49
 0 0 0 8338340 5217116 116 2021 0 0 0 0  0  0  0  0  0  791 1563  230 50  3 47
 0 0 0 8338076 5216960 135 2188 0 0 0 0  0  0  0  0  0  782 1689  242 50  4 46
 0 0 0 8338332 5217064 129 2182 0 0 0 0  0  0  0  0  0  780 1694  237 50  4 46
 0 0 0 8338196 5217012 147 2194 0 0 0 0  0  2  0  0  0  942 1690  284 50  4 46
 0 0 0 8338320 5217044 130 2188 0 0 0 0  0  0  0  0  0  829 1694  243 50  4 46
 0 0 0 8338068 5216948 129 2183 0 0 0 0  0  0  0  0  0  790 1684  242 50  4 46
 0 0 0 8338012 5216932 134 2184 0 0 0 0  0  0  0  0  0  810 1702  247 50  4 46
 0 0 0 8338288 5217004 25 300 0 0  0  0  0  0  0  0  0  479  864  180 50  1 49
 0 0 0 8338168 5216884 104 1883 0 0 0 0  0  0  0  0  0  740 1496  245 50  3 47
 0 0 0 8337980 5217076 129 2187 0 0 0 0  0  3  0  0  0 1011 1697  302 50  4 46
 0 0 0 8336732 5215844 148 2263 0 0 0 0  0  0  0  0  0  807 1701  249 49  4 46
 0 0 0 8478508 5342080 129 2185 0 0 0 0  0  0  0  0  0  675 1675  251 25  4 71
 0 0 0 8478540 5342136 145 2588 0 0 0 0  0  0  0  0  0  744 2888  253 26  4 70
 kthr      memory            page            disk          faults      cpu
 r b w   swap  free  re  mf pi po fr de sr s0 s1 s2 --   in   sy   cs us sy id
 0 0 0 8509040 5372448 136 2278 0 0 0 0  0  0  0  0  0  704 1806  267 27  4 69
 0 0 0 8518088 5380616 129 2184 0 0 0 0  0  0  0  0  0  711 1689  253 25  4 71
 0 0 0 8518128 5381248 95 1202 0 0 0  0  0  3  0  0  0  718 1251  279 25  2 72
 0 0 0 8518124 5381156 53 991 0 0  0  0  0  0  0  0  0  579 1105  217 25  2 73
 0 0 0 8518072 5381168 129 2182 0 0 0 0  0  0  0  0  0  713 1762  299 25  4 71
 0 0 0 8518016 5381268 129 2189 0 0 0 0  0  0  0  0  0 1012 1702  257 25  4 71
 0 0 0 8518124 5381264 134 2180 0 0 0 0  0  0  0  0  0  713 1678  263 25  4 71
 0 0 0 8517852 5381080 129 2187 0 0 0 0  0  0  0  0  0  737 1688  277 25  4 71
 0 0 0 8517828 5381164 147 2190 0 0 0 0  0  2  0  0  0  741 1689  298 25  4 71
 0 0 0 8518112 5381216 129 2185 0 0 0 0  0  0  0  0  0  722 1689  265 25  4 71
 0 0 0 8517844 5381108 127 2135 0 0 0 0  0  0  0  0  0  681 1658  253 25  4 71
 0 0 0 8518100 5381260 2 49  0  0  0  0  0  0  0  0  0  465  693  170 25  0 75
 0 0 0 8517804 5381072 134 2184 0 0 0 0  0  0  0  0  0  705 1681  261 25  4 71
 0 0 0 8518104 5381200 129 2182 0 0 0 0  0  0  0  0  0  680 1694  255 25  4 71
 0 0 0 8517844 5381104 142 2184 0 0 0 0  0  2  0  0  0  770 1681  299 25  4 71
 0 0 0 8517804 5381072 130 2186 0 0 0 0  0  0  0  0  0  707 1690  261 25  4 71
 0 0 0 8518104 5381200 129 2182 0 0 0 0  0  0  0  0  0  695 1674  254 25  4 71
 0 0 0 8760120 5650628 148 33155 0 0 0 0 0  0  0  0  0  741 1809  255 18 11 71
 0 0 0 8767740 5630612 129 2183 0 0 0 0  0  0  0  0  0  748 1673  260 25  4 71
 kthr      memory            page            disk          faults      cpu
 r b w   swap  free  re  mf pi po fr de sr s0 s1 s2 --   in   sy   cs us sy id
 0 0 0 8767948 5630652 12 99 0  0  0  0  0  0  0  0  0  520  778  193 25  1 74
 0 0 0 8768020 5630856 117 2108 0 0 0 0  0  2  0  0  0  839 1582  299 25  3 72
 0 0 0 8767756 5630196 147 2192 0 0 0 0  0  0  0  0  0  755 1684  257 25  4 71
 0 0 0 8767712 5630100 129 2183 0 0 0 0  0  0  0  0  0  736 1672  249 25  4 71
 0 0 0 8768008 5630228 134 2182 0 0 0 0  0  0  0  0  0  742 1687  249 25  4 71
 0 0 0 8767756 5630136 129 2185 0 0 0 0  0  0  0  0  0  738 1673  258 25  4 71
 0 0 0 8767716 5630100 129 2181 0 0 0 0  0  0  0  0  0  737 1684  255 25  4 71
 0 0 0 8767064 5629448 147 2269 0 0 0 0  0  2  0  0  0  892 1685  299 25  4 71
 0 0 0 8766432 5628656 77 1193 0 0 0  0  0  0  0  0  0  649 1276  219 25  3 72
 0 0 0 8766436 5628660 53 989 0 0  0  0  0  0  0  0  0  612 1159  252 25  1 74
 0 0 0 8766400 5628724 129 2184 0 0 0 0  0  0  0  0  0  892 1690  253 25  4 71
 0 0 0 8766388 5628668 134 2183 0 0 0 0  0  0  0  0  0  753 1672  261 25  4 71
 0 0 0 8766324 5628548 129 2182 0 0 0 0  0  0  0  0  0  770 1687  277 25  4 71
 0 0 0 8766256 5628664 148 2195 0 0 0 0  0  2  0  0  0  832 1691  302 25  4 71
 0 0 0 8766328 5628608 129 2180 0 0 0 0  0  0  0  0  0  759 1681  256 25  4 71
 0 0 0 8766380 5628604 129 2182 0 0 0 0  0  0  0  0  0  742 1673  251 25  4 71
 0 0 0 8766336 5628648 135 2185 0 0 0 0  0  0  0  0  0  742 1698  250 25  4 71
 0 0 0 8766072 5628292 12 177 0 0  0  0  0  0  0  0  0  514  743  179 25  1 74
 0 0 0 8764708 5627020 117 2086 0 0 0 0  0  0  0  0  0  750 1612  254 25  3 72
 kthr      memory            page            disk          faults      cpu
 r b w   swap  free  re  mf pi po fr de sr s0 s1 s2 --   in   sy   cs us sy id
 0 0 0 8764820 5627072 144 2189 0 0 0 0  0  4  0  0  0  917 1677  329 25  4 71
 0 0 0 8764632 5627020 133 2186 0 0 0 0  0  0  0  0  0  762 1690  260 25  4 71
 0 0 0 8764680 5626992 129 2180 0 0 0 0  0  0  0  0  0  749 1671  246 25  4 71
 0 0 0 8764824 5627056 134 2184 0 0 0 0  0  0  0  0  0  743 1688  251 25  4 71
 0 0 0 8764732 5627016 129 2182 0 0 0 0  0  0  0  0  0  748 1675  259 25  4 71
 0 0 0 8764428 5626816 129 2186 0 0 0 0  0  0  0  0  0  773 1685  281 25  4 71
 0 0 0 8764800 5627296 88 1170 0 0 0  0  0  2  0  0  0  746 1217  262 25  2 73
 0 0 0 8764800 5627012 59 1020 0 0 0  0  0  0  0  0  0  640 1148  218 25  2 73
 0 0 0 8764540 5626912 129 2183 0 0 0 0  0  0  0  0  0  741 1672  248 25  4 71
 0 0 0 8764500 5626880 129 2182 0 0 0 0  0  0  0  0  0  763 1688  257 25  4 71
 0 0 0 9267436 6188700 129 2183 0 0 0 0  0  0  0  0  0  587 1678  262  1  6 92
 0 0 0 9392284 6251556 188 4225 0 0 0 0  0  0  0  0  0  608 8666  268  4  5 91
 0 0 0 9400452 6259984 168 2463 0 0 0 0  0  2  0  0  0  648 1909  319  2  4 94
 0 0 0 9431972 6290484 129 2182 0 0 0 0  0  0  0  0  0  600 1684  269  0  4 96
 0 0 0 9431720 6290452 114 1865 0 0 0 0  0  0  0  0  0  569 1642  286  0  4 96
 0 0 0 9431976 6291068 14 318 0 0  0  0  0  0  0  0  0  476  817  194  0  0 100
 0 0 0 9431676 6291080 135 2253 0 0 0 0  0  0  0  0  0  581 1702  262  0  4 96
 0 0 0 9431844 6291088 129 2183 0 0 0 0  0  0  0  0  0  591 1686  268  0  4 96
 0 0 0 9431640 6291764 146 2193 0 0 0 0  0  4  0  0  0  631 1686  346  0  4 96
 kthr      memory            page            disk          faults      cpu
 r b w   swap  free  re  mf pi po fr de sr s0 s1 s2 --   in   sy   cs us sy id
 0 0 0 9431652 6291912 129 2182 0 0 0 0  0  0  0  0  0  568 1683  264  0  4 96
 0 0 0 9431948 6292040 129 2185 0 0 0 0  0  0  0  0  0  565 1672  251  0  4 96
 0 0 0 9431692 6291968 134 2182 0 0 0 0  0  0  0  0  0  569 1685  254  0  4 96
 0 0 0 9431652 6291912 128 2184 0 0 0 0  0  0  0  0  0  573 1674  266  0  4 96
 0 0 0 9431952 6292044 50 879 0 0  0  0  0  0  0  0  0  486 1085  202  0  2 98
 0 0 0 9431948 6292324 79 1304 0 0 0  0  0  2  0  0  0  540 1267  267  0  2 98
 0 0 0 9431692 6291996 147 2188 0 0 0 0  0  0  0  0  0  575 1681  261  0  4 96
 0 0 0 9431652 6291912 129 2184 0 0 0 0  0  0  0  0  0  581 1674  257  0  4 96
 0 0 0 9431952 6292048 134 2183 0 0 0 0  0  0  0  0  0  567 1691  258  0  4 96
 1 0 0 9431684 6291940 129 2185 0 0 0 0  0  0  0  0  0  590 1676  265  0  4 96
 0 0 0 9431560 6291824 128 2181 0 0 0 0  0  0  0  0  0  601 1682  279  0  4 96
 0 0 0 9431928 6292232 147 2190 0 0 0 0  0  2  0  0  0  687 1682  304  0  4 96
 0 0 0 9431672 6291924 108 1786 0 0 0 0  0  0  0  0  0  571 1528  246  0  3 96
 0 0 0 9431744 6291836 21 399 0 0  0  0  0  0  0  0  0  482  820  188  0  0 100
 0 0 0 9431244 6291536 129 2180 0 0 0 0  0  0  0  0  0  594 1690  254  0  4 96
 0 0 0 9431544 6291648 132 2182 0 0 0 0  0  0  0  0  0  594 1672  263  0  4 96
 0 0 0 9431288 6291540 129 2186 0 0 0 0  0  0  0  0  0  586 1687  258  0  4 96
 0 0 0 9431240 6291564 147 2189 0 0 0 0  0  4  0  0  0  661 1676  340  0  4 96
 0 0 0 9431536 6291628 129 2183 0 0 0 0  0  0  0  0  0  592 1682  260  0  4 96
 kthr      memory            page            disk          faults      cpu
 r b w   swap  free  re  mf pi po fr de sr s0 s1 s2 --   in   sy   cs us sy id
 0 0 0 9431284 6291536 129 2184 0 0 0 0  0  0  0  0  0  583 1763  297  0  4 96
 0 0 0 9431240 6291552 133 2180 0 0 0 0  0  0  0  0  0  589 1683  260  0  4 96
 0 0 0 9431528 6291624 37 559 0 0  0  0  0  0  0  0  0  466  959  199  0  2 98
 0 0 0 9431392 6291492 92 1626 0 0 0  0  0  0  0  0  0  548 1390  258  0  2 98
 0 0 0 9431204 6291476 140 2187 0 0 0 0  0  2  0  0  0  599 1685  314  0  4 96
 0 0 0 9431216 6291484 130 2184 0 0 0 0  0  0  0  0  0  582 1684  263  0  4 96
 0 0 0 9431512 6291604 129 2180 0 0 0 0  0  0  0  0  0  593 1670  256  0  4 96
 0 0 0 9431256 6291520 134 2183 0 0 0 0  0  0  0  0  0  584 1683  254  0  4 96
 0 0 0 9431216 6291476 129 2186 0 0 0 0  0  0  0  0  0  574 1675  265  0  4 96
 0 0 0 9431516 6291608 129 2182 0 0 0 0  0  0  0  0  0  541 1683  257  0  4 96
 0 0 0 9431256 6291776 108 1410 0 0 0 0  0  2  0  0  0  567 1371  273  0  3 97
 0 0 0 9431512 6291604 39 779 0 0  0  0  0  0  0  0  0  484  978  208  0  1 99
 0 0 0 9431216 6291476 129 2185 0 0 0 0  0  0  0  0  0  582 1674  251  0  4 96
 0 0 0 9431508 6291636 131 2182 0 0 0 0  0  0  0  0  0  572 1692  255  0  4 96
 1 0 0 9431232 6291500 131 2180 0 0 0 0  0  0  0  0  0  583 1670  262  0  4 96
 0 0 0 9431120 6291376 129 2186 0 0 0 0  0  0  0  0  0  605 1685  279  0  4 96
 0 0 0 9431492 6291724 147 2192 0 0 0 0  0  2  0  0  0  620 1684  304  0  4 96
 0 0 0 9431236 6291488 129 2183 0 0 0 0  0  0  0  0  0  561 1687  263  0  4 96
 0 0 0 9431192 6291448 129 2180 0 0 0 0  0  0  0  0  0  585 1670  256  0  4 96
 kthr      memory            page            disk          faults      cpu
 r b w   swap  free  re  mf pi po fr de sr s0 s1 s2 --   in   sy   cs us sy id
 0 0 0 9431488 6291652 49 670 0 0  0  0  0  0  0  0  0  492 1012  195  0  2 98
 0 0 0 9431492 6291584 85 1514 0 0 0  0  0  0  0  0  0  548 1339  236  0  2 98
 0 0 0 9431236 6291488 129 2182 0 0 0 0  0  0  0  0  0  580 1682  262  0  4 96
 0 0 0 9431192 6291448 146 2191 0 0 0 0  0  2  0  0  0  622 1680  307  0  4 96
 0 0 0 9431488 6291580 128 2185 0 0 0 0  0  0  0  0  0  592 1684  264  0  4 96
 0 0 0 9431236 6291488 129 2184 0 0 0 0  0  0  0  0  0  588 1760  300  0  4 96
 0 0 0 9431184 6291480 134 2186 0 0 0 0  0  0  0  0  0  583 1684  260  0  4 96
 0 0 0 9431464 6291564 129 2187 0 0 0 0  0  0  0  0  0  581 1674  261  0  4 96
 0 0 0 9431076 6291328 108 1776 0 0 0 0  0  0  0  0  0  559 1524  256  0  3 96
 0 0 0 9431468 6291848 21 412 0 0  0  0  0  2  0  0  0  525  834  236  0  0 99
 0 0 0 9431168 6291428 147 2194 0 0 0 0  0  0  0  0  0  583 1684  262  0  4 96
 0 0 0 9431464 6291556 129 2189 0 0 0 0  0  0  0  0  0  565 1673  251  0  4 96
 0 0 0 9431208 6291460 131 2189 0 0 0 0  0  0  0  0  0  585 1691  258  0  4 96
 0 0 0 9431168 6291428 129 2189 0 0 0 0  0  0  0  0  0  564 1677  266  0  4 96
 0 0 0 9431468 6291560 128 2190 0 0 0 0  0  0  0  0  0  592 1685  260  0  4 96
 0 0 0 9431208 6291656 147 2197 0 0 0 0  0  2  0  0  0  682 1676  305  0  4 96
 0 0 0 9431184 6291440 129 2190 0 0 0 0  0  0  0  0  0  592 1684  263  0  4 96
 0 0 0 9431480 6291576 41 661 0 0  0  0  0  0  0  0  0  496  999  196  0  2 98
 0 0 0 9431464 6291636 87 1534 0 0 0  0  0  0  0  0  0  550 1368  242  0  2 98
 kthr      memory            page            disk          faults      cpu
 r b w   swap  free  re  mf pi po fr de sr s0 s1 s2 --   in   sy   cs us sy id
 0 0 0 9431220 6291472 134 2191 0 0 0 0  0  0  0  0  0  587 1677  261  0  4 96
 0 0 0 9431064 6291320 129 2191 0 0 0 0  0  0  0  0  0  590 1684  274  0  4 96
 0 0 0 9431484 6291648 147 2198 0 0 0 0  0  2  0  0  0  624 1687  300  0  4 96
 0 0 0 9431224 6291476 129 2191 0 0 0 0  0  0  0  0  0  582 1684  264  0  4 96
 0 0 0 9431180 6291436 129 2195 0 0 0 0  0  0  0  0  0  555 1678  254  0  4 96
 0 0 0 9431476 6291620 134 2194 0 0 0 0  0  0  0  0  0  577 1690  260  0  4 96
 0 0 0 9431224 6291476 90 1415 0 0 0  0  0  0  0  0  0  533 1372  231  0  3 97
 0 0 0 9431480 6291572 39 782 0 0  0  0  0  0  0  0  0  507  982  202  0  1 99
 0 0 0 9431172 6291440 136 2201 0 0 0 0  0  2  0  0  0  601 1676  303  0  4 96
 0 0 0 9431472 6291568 129 2192 0 0 0 0  0  0  0  0  0  562 1681  258  0  4 96
 0 0 0 9431212 6291468 129 2198 0 0 0 0  0  0  0  0  0  583 1764  299  0  4 96
 0 0 0 9431152 6291432 134 2197 0 0 0 0  0  0  0  0  0  575 1697  261  0  4 96
 0 0 0 9431448 6291536 129 2197 0 0 0 0  0  0  0  0  0  593 1677  263  0  4 96
 0 0 0 9431120 6291368 129 2195 0 0 0 0  0  0  0  0  0  590 1683  279  0  4 96
 0 0 0 9431156 6291624 147 2203 0 0 0 0  0  2  0  0  0  601 1681  302  0  4 96
 0 0 0 9431452 6291540 20 268 0 0  0  0  0  0  0  0  0  462  852  192  0  1 98
 0 0 0 9431448 6291536 109 1931 0 0 0 0  0  0  0  0  0  556 1502  251  0  2 97
 0 0 0 9431192 6291444 128 2190 0 0 0 0  0  0  0  0  0  563 1679  258  0  4 96
 0 0 0 9431156 6291408 129 2197 0 0 0 0  0  0  0  0  0  579 1675  268  0  4 96
 kthr      memory            page            disk          faults      cpu
 r b w   swap  free  re  mf pi po fr de sr s0 s1 s2 --   in   sy   cs us sy id
 0 0 0 9431452 6291540 129 2198 0 0 0 0  0  0  0  0  0  582 1685  261  0  4 96
 0 0 0 9431192 6291564 147 2205 0 0 0 0  0  2  0  0  0  611 1681  302  0  4 96
 0 0 0 9431148 6291404 129 2193 0 0 0 0  0  0  0  0  0  579 1682  262  0  4 96
 0 0 0 9431428 6291524 129 2199 0 0 0 0  0  0  0  0  0  579 1674  254  0  4 96
 0 0 0 9431172 6291484 82 1202 0 0 0  0  0  0  0  0  0  522 1286  211  0  3 97
 0 0 0 9431424 6291512 52 992 0 0  0  0  0  0  0  0  0  514 1059  216  0  1 99
 0 0 0 9431008 6291260 129 2199 0 0 0 0  0  0  0  0  0  595 1686  272  0  4 96
 0 0 0 9431428 6291520 147 2205 0 0 0 0  0  2  0  0  0  613 1682  303  0  4 96
 0 0 0 9431172 6291420 129 2194 0 0 0 0  0  0  0  0  0  588 1682  265  0  4 96
 0 0 0 9431128 6291380 129 2196 0 0 0 0  0  0  0  0  0  571 1676  259  0  4 96
 0 0 0 9431400 6291528 134 2196 0 0 0 0  0  0  0  0  0  570 1686  256  0  4 96
 0 0 0 9431044 6291292 129 2197 0 0 0 0  0  0  0  0  0  585 1677  267  0  4 96
 0 0 0 9431004 6291256 129 2194 0 0 0 0  0  0  0  0  0  593 1686  257  0  4 96
 0 0 0 9431296 6291676 17 101 0 0  0  0  0  2  0  0  0  493  773  217  0  1 99
 0 0 0 9431292 6291384 130 2103 0 0 0 0  0  0  0  0  0  585 1580  263  0  3 97
 0 0 0 9431020 6291276 129 2196 0 0 0 0  0  0  0  0  0  583 1767  302  0  4 96
 0 0 0 9430980 6291232 134 2194 0 0 0 0  0  0  0  0  0  578 1683  258  0  4 96
 0 0 0 9431272 6291360 129 2197 0 0 0 0  0  0  0  0  0  579 1675  260  0  4 96
 0 0 0 9430952 6291200 129 2195 0 0 0 0  0  0  0  0  0  613 1685  279  0  4 96
 kthr      memory            page            disk          faults      cpu
 r b w   swap  free  re  mf pi po fr de sr s0 s1 s2 --   in   sy   cs us sy id
 0 0 0 9430980 6291380 147 2202 0 0 0 0  0  2  0  0  0  622 1685  303  0  4 96
 0 0 0 9431276 6291364 129 2196 0 0 0 0  0  0  0  0  0  581 1684  262  0  4 96
 0 0 0 9431016 6291264 77 1201 0 0 0  0  0  0  0  0  0  525 1278  215  0  3 97
 0 0 0 9431272 6291444 52 994 0 0  0  0  0  0  0  0  0  512 1071  214  0  1 99
 0 0 0 9430980 6291232 134 2196 0 0 0 0  0  0  0  0  0  587 1677  261  0  4 96
 0 0 0 9431276 6291364 129 2193 0 0 0 0  0  0  0  0  0  563 1684  256  0  4 96
 0 0 0 9431012 6291372 147 2202 0 0 0 0  0  3  0  0  0  619 1676  318  0  4 96
 0 0 0 9430952 6291216 129 2196 0 0 0 0  0  0  0  0  0  578 1684  267  0  4 96
 0 0 0 9431228 6291316 129 2195 0 0 0 0  0  0  0  0  0  572 1676  256  0  4 96
 0 0 0 9430868 6291156 134 2192 0 0 0 0  0  0  0  0  0  573 1687  256  0  4 96
 0 0 0 9430824 6291076 129 2193 0 0 0 0  0  0  0  0  0  546 1672  256  0  4 96
 0 0 0 9431044 6291132 16 101 0 0  0  0  0  0  0  0  0  462  776  196  0  1 99
 0 0 0 9431124 6291264 128 2100 0 0 0 0  0  2  0  0  0  595 1583  309  0  3 97
 0 0 0 9430856 6291112 132 2194 0 0 0 0  0  0  0  0  0  562 1684  262  0  4 96
 0 0 0 9430808 6291060 129 2192 0 0 0 0  0  0  0  0  0  576 1673  252  0  4 96
 0 0 0 9431064 6291236 134 2193 0 0 0 0  0  0  0  0  0  597 1685  260  0  4 96
 0 0 0 9431108 6291196 129 2192 0 0 0 0  0  0  0  0  0  571 1672  263  0  4 96
 0 0 0 9431064 6291196 129 2192 0 0 0 0  0  0  0  0  0  586 1687  260  0  4 96
