
SunOS canfire03 5.11 onnv-gate i86pc    05/10/2009

07:57:37 sml_mem   alloc  fail  lg_mem   alloc  fail  ovsz_alloc  fail
07:57:42 347431104 303067200     0 1155768320 1109734144     0    76648448     0
07:57:47 347431104 303075104     0 1155756032 1109729408     0    76648448     0
07:57:52 347431104 303078624     0 1155756032 1109732480     0    76648448     0
07:57:57 347431104 303085472     0 1155772416 1109747840     0    76648448     0
07:58:02 347431104 303089216     0 1155780608 1109750912     0    76648448     0
07:58:07 347431104 303088960     0 1155760128 1109738112     0    76648448     0
07:58:12 347431104 303078624     0 1155760128 1109792896     0    76648448     0
07:58:17 347431104 303185280     0 1155801088 1109829120     0    76648448     0
07:58:22 347431104 303078560     0 1155776512 1109759232     0    76648448     0
07:58:27 347431104 303081184     0 1155760128 1109749888     0    76648448     0
07:58:32 347431104 303084864     0 1155768320 1109754368     0    76648448     0
07:58:37 347431104 303091456     0 1155784704 1109770496     0    76648448     0
07:58:42 347431104 303068256     0 1155784704 1109772800     0    76648448     0
07:58:47 347431104 303073216     0 1155768320 1109763712     0    76648448     0
07:58:52 347431104 303076800     0 1155768320 1109769856     0    76648448     0
07:58:57 347431104 303094656     0 1155784704 1109835648     0    76648448     0
07:59:02 347431104 303125248     0 1155792896 1109810176     0    76648448     0
07:59:07 347431104 303089376     0 1155768320 1109779968     0    76648448     0
07:59:12 347431104 303066880     0 1155768320 1109780608     0    76648448     0
07:59:17 347431104 303075168     0 1155784704 1109794816     0    76648448     0
07:59:22 347431104 303079072     0 1155784704 1109800704     0    76648448     0
07:59:27 347431104 303082240     0 1155768320 1109789696     0    76648448     0
07:59:32 347431104 303085824     0 1155768320 1109793408     0    76648448     0
07:59:37 347431104 303092096     0 1155784704 1109813888     0    76648448     0
07:59:42 347431104 303082368     0 1155788800 1109849728     0    76648448     0
07:59:47 347431104 303151744     0 1155788800 1109826688     0    76648448     0
07:59:52 347431104 303078912     0 1155772416 1109790208     0    76648448     0
07:59:57 347431104 303084864     0 1155788800 1109804288     0    76648448     0
08:00:02 347431104 303088608     0 1155788800 1109806848     0    76648448     0
08:00:07 347431104 303091136     0 1155772416 1109801088     0    76648448     0
08:00:12 347431104 303067456     0 1155772416 1109803264     0    76648448     0
08:00:17 347431104 303075744     0 1155788800 1109817088     0    76648448     0
08:00:22 347431104 303090912     0 1155788800 1109872256     0    76648448     0
08:00:27 347431104 303192928     0 1155813376 1109883520     0    76648448     0
08:00:32 347431104 303085696     0 1155788800 1109811968     0    76648448     0
08:00:37 347431104 303092288     0 1155805184 1109832704     0    76648448     0
08:00:42 347431104 303069440     0 1155805184 1109832448     0    76648448     0
08:00:47 347431104 303074400     0 1155788800 1109829888     0    76648448     0
08:00:52 347431104 303078080     0 1155792896 1109828864     0    76648448     0
08:00:57 347431104 303085056     0 1155809280 1109842176     0    76648448     0
08:01:02 347431104 303088768     0 1155809280 1109846272     0    76648448     0
08:01:07 347431104 303104160     0 1155792896 1109897856     0    76648448     0
08:01:12 347431104 303065760     0 1155801088 1109861632     0    76648448     0
08:01:17 347431104 303076512     0 1155809280 1109854976     0    76648448     0
08:01:22 347431104 303080416     0 1155809280 1109861376     0    76648448     0
08:01:27 347431104 303083040     0 1155792896 1109848320     0    76648448     0
08:01:32 347431104 303086624     0 1155792896 1109852928     0    76648448     0
08:01:37 347431104 303092896     0 1155809280 1109872896     0    76648448     0
08:01:42 347431104 303070976     0 1155809280 1109872896     0    76648448     0
08:01:48 347431104 303075264     0 1155792896 1109865728     0    76648448     0
08:01:53 347431104 303090176     0 1155792896 1109919872     0    76648448     0
08:01:58 347431104 303161952     0 1155837952 1109929472     0    76648448     0
08:02:03 347431104 303089472     0 1155821568 1109890176     0    76648448     0
08:02:08 347431104 303092000     0 1155846144 1109884928     0    76648448     0
08:02:13 347431104 303069984     0 1155846144 1109890944     0    76648448     0
08:02:18 347431104 303078272     0 1155862528 1109901568     0    76648448     0
08:02:23 347431104 303081856     0 1155862528 1109910784     0    76648448     0
08:02:28 347431104 303085344     0 1155846144 1109900672     0    76648448     0
08:02:33 347431104 303100448     0 1155846144 1109961088     0    76648448     0
08:02:38 347431104 303714272     0 1156059136 1110241664     0    76648448     0
08:02:43 347439296 316434624     0 1158242304 1112306688     0    76648448     0
08:02:48 347439296 316439232     0 1158225920 1112293248     0    76648448     0
08:02:53 347439296 316443072     0 1158238208 1112294272     0    76648448     0
08:02:58 347439296 316449568     0 1158254592 1112310656     0    76648448     0
08:03:03 347439296 316453152     0 1158254592 1112314752     0    76648448     0
08:03:08 347439296 316454976     0 1158238208 1112311296     0    76648448     0
08:03:13 347439296 316432960     0 1158238208 1112311296     0    76648448     0
08:03:18 347439296 316473312     0 1158266880 1112398592     0    76648448     0
08:03:23 347439296 316443904     0 1158254592 1112328192     0    76648448     0
08:03:28 347439296 316452800     0 1158238208 1112320512     0    76648448     0
08:03:33 347459776 316474816     0 1158238208 1112328704     0    76648448     0
08:03:38 347459776 316481088     0 1158254592 1112340480     0    76648448     0
08:03:43 347459776 316469216     0 1158258688 1112347008     0    76648448     0
08:03:48 347459776 316482400     0 1158242304 1112335232     0    76648448     0
08:03:53 347459776 316487264     0 1158373376 1112467840     0    76648448     0
08:03:58 347459776 316505792     0 1158389760 1112539520     0    76648448     0
08:04:03 347459776 316574208     0 1158406144 1112529792     0    76648448     0
08:04:08 347459776 316499392     0 1158373376 1112478848     0    76648448     0
08:04:13 347459776 316476736     0 1158373376 1112495616     0    76648448     0
08:04:18 347459776 316485504     0 1158389760 1112506752     0    76648448     0
08:04:23 347463872 316489408     0 1158389760 1112508416     0    76648448     0
08:04:28 347467968 316492992     0 1158373376 1112500736     0    76648448     0
08:04:33 347467968 316496576     0 1158373376 1112500736     0    76648448     0
08:04:38 347467968 316514240     0 1158389760 1112564736     0    76648448     0
08:04:43 347467968 316510528     0 1158397952 1112549504     0    76648448     0
08:04:48 347472064 316494304     0 1158377472 1112507264     0    76648448     0
08:04:53 347472064 316498112     0 1158418432 1112508928     0    76648448     0
08:04:58 347472064 316504576     0 1158443008 1112525824     0    76648448     0
08:05:03 347472064 316508160     0 1158443008 1112525824     0    76648448     0
08:05:08 347472064 316511104     0 1158426624 1112514560     0    76648448     0
08:05:13 347472064 316489056     0 1158426624 1112512896     0    76648448     0
08:05:18 347472064 316508288     0 1158443008 1112578560     0    76648448     0
08:05:23 347472064 316611456     0 1158467584 1112602368     0    76648448     0
08:05:28 347472064 316503712     0 1158426624 1112521728     0    76648448     0
08:05:33 347472064 316507296     0 1158426624 1112525824     0    76648448     0
08:05:38 347472064 316513568     0 1158443008 1112535936     0    76648448     0
08:05:43 347476160 316490880     0 1158438912 1112532992     0    76648448     0
08:05:48 347476160 316496416     0 1158426624 1112525824     0    76648448     0
08:05:53 347476160 307128416     0 1156894720 1110991872     0    76648448     0
08:05:58 347476160 307143392     0 1156894720 1111049856     0    76648448     0
08:06:03 347476160 307246368     0 1156902912 1111059456     0    76648448     0
08:06:08 347476160 307153984     0 1156882432 1110991616     0    76648448     0
08:06:13 347476160 307131520     0 1156898816 1111003776     0    76648448     0
08:06:18 347476160 307137344     0 1156898816 1111004800     0    76648448     0
08:06:23 347476160 307167712     0 1156886528 1111001216     0    76648448     0
08:06:28 347476160 307171296     0 1156886528 1111001216     0    76648448     0
08:06:33 347476160 307177568     0 1156902912 1111017088     0    76648448     0
08:06:38 347476160 307181216     0 1156902912 1111017088     0    76648448     0
08:06:43 347476160 307202880     0 1156911104 1111083776     0    76648448     0
08:06:48 347476160 307163616     0 1156886528 1111003648     0    76648448     0
08:06:53 347476160 307170016     0 1156902912 1111017088     0    76648448     0
08:06:58 347476160 307173472     0 1156902912 1111017088     0    76648448     0
08:07:03 347476160 307176416     0 1156886528 1111010432     0    76648448     0
08:07:08 347476160 307180032     0 1156886528 1111014528     0    76648448     0
08:07:13 347476160 307160480     0 1156902912 1111028352     0    76648448     0
08:07:18 347476160 307131680     0 1156894720 1111024640     0    76648448     0
08:07:23 347476160 307146016     0 1156878336 1111063552     0    76648448     0
08:07:28 347476160 307215168     0 1156894720 1111053824     0    76648448     0
08:07:33 347476160 307144256     0 1156894720 1111028736     0    76648448     0
08:07:38 347476160 307147840     0 1156894720 1111028736     0    76648448     0
08:07:43 347476160 307121664     0 1156878336 1111016960     0    76648448     0
08:07:48 347476160 307127616     0 1156878336 1111015424     0    76648448     0
08:07:53 347476160 307133888     0 1156894720 1111028736     0    76648448     0
08:07:58 347476160 307137472     0 1156894720 1111032832     0    76648448     0
08:08:03 347476160 307151904     0 1156878336 1111077376     0    76648448     0
08:08:08 347476160 307241120     0 1156898816 1111072256     0    76648448     0
08:08:13 347476160 307142624     0 1156898816 1111043072     0    76648448     0
08:08:18 347476160 307148544     0 1156898816 1111043072     0    76648448     0
08:08:23 347476160 307151424     0 1156882432 1111031296     0    76648448     0
08:08:28 347476160 307155008     0 1156882432 1111032320     0    76648448     0
08:08:33 347476160 307161280     0 1156898816 1111048192     0    76648448     0
08:08:38 347476160 307165088     0 1156898816 1111049216     0    76648448     0
08:08:43 347476160 307153664     0 1156882432 1111093760     0    76648448     0
08:08:48 347476160 307226912     0 1156898816 1111083392     0    76648448     0
08:08:53 347476160 307153600     0 1156898816 1111053312     0    76648448     0
08:08:58 347476160 307157024     0 1156898816 1111053312     0    76648448     0
08:09:03 347476160 307159968     0 1156882432 1111045632     0    76648448     0
08:09:08 347476160 307182656     0 1156886528 1111049728     0    76648448     0
08:09:13 347476160 307163136     0 1156919296 1111078400     0    76648448     0
08:09:18 347476160 307168288     0 1156919296 1111078400     0    76648448     0
08:09:23 347476160 307182624     0 1156902912 1111118848     0    76648448     0
08:09:28 347476160 307218592     0 1156911104 1111106304     0    76648448     0
08:09:33 347476160 307181184     0 1156919296 1111088768     0    76648448     0
08:09:38 347476160 307184576     0 1156919296 1111088128     0    76648448     0
08:09:43 347476160 307161216     0 1156902912 1111080704     0    76648448     0
08:09:48 347476160 307167040     0 1156902912 1111080704     0    76648448     0
08:09:53 347476160 307173312     0 1156919296 1111092480     0    76648448     0
08:09:58 347476160 307177504     0 1156919296 1111096576     0    76648448     0
08:10:03 347476160 307197440     0 1157033984 1111268864     0    76648448     0
08:10:09 347476160 307296320     0 1157058560 1111295872     0    76648448     0
08:10:14 347476160 316466176     0 1158598656 1112782336     0    76648448     0
08:10:19 347476160 316472320     0 1158598656 1112785024     0    76648448     0
08:10:24 347476160 316474944     0 1158582272 1112776704     0    76648448     0
08:10:29 347476160 316478528     0 1158582272 1112780800     0    76648448     0
08:10:34 347476160 316484960     0 1158598656 1112792576     0    76648448     0
08:10:39 347476160 316488672     0 1158598656 1112792576     0    76648448     0
08:10:44 347476160 316466080     0 1158582272 1112780160     0    76648448     0
08:10:49 347476160 316496320     0 1158590464 1112829184     0    76648448     0
08:10:54 347476160 316477440     0 1158598656 1112793600     0    76648448     0
08:10:59 347476160 316481568     0 1158598656 1112793600     0    76648448     0
08:11:04 347476160 316485856     0 1158582272 1112785408     0    76648448     0
08:11:09 347476160 316487552     0 1158582272 1112790016     0    76648448     0
08:11:14 347476160 316467872     0 1158598656 1112803840     0    76648448     0
08:11:19 347476160 316489728     0 1158602752 1112807936     0    76648448     0
08:11:24 347476160 316493184     0 1158586368 1112798336     0    76648448     0
08:11:29 347476160 316507840     0 1158586368 1112852480     0    76648448     0
08:11:34 347476160 316580000     0 1158619136 1112852224     0    76648448     0
08:11:39 347476160 316506048     0 1158594560 1112803456     0    76648448     0
08:11:44 347476160 316482240     0 1158578176 1112791680     0    76648448     0
08:11:49 347476160 316488064     0 1158578176 1112791680     0    76648448     0
08:11:54 347476160 316494112     0 1158594560 1112803456     0    76648448     0
08:11:59 347476160 316497696     0 1158594560 1112807552     0    76648448     0
08:12:04 347476160 316505664     0 1158578176 1112797824     0    76648448     0
08:12:09 347476160 316517056     0 1158578176 1112856576     0    76648448     0
08:12:14 347476160 316536704     0 1158610944 1112861184     0    76648448     0
08:12:19 347476160 316489856     0 1158594560 1112813952     0    76648448     0
08:12:24 347476160 316509216     0 1158582272 1112806016     0    76648448     0
08:12:29 347476160 316512928     0 1158582272 1112810112     0    76648448     0
08:12:34 347476160 316519392     0 1158598656 1112820224     0    76648448     0
08:12:39 347476160 316522976     0 1158598656 1112821888     0    76648448     0
08:12:44 347480256 316500640     0 1158582272 1112814208     0    76648448     0
08:12:49 347480256 316517184     0 1158582272 1112866432     0    76648448     0
08:12:54 347480256 316622720     0 1158623232 1112900864     0    76648448     0
08:12:59 347480256 316515456     0 1158598656 1112827008     0    76648448     0
08:13:04 347480256 316519264     0 1158582272 1112817280     0    76648448     0
08:13:09 347480256 316521984     0 1158582272 1112817664     0    76648448     0
08:13:14 347480256 316502432     0 1158598656 1112835200     0    76648448     0
08:13:19 347480256 316507584     0 1158598656 1112835200     0    76648448     0
08:13:24 347480256 316510656     0 1158713344 1112825472     0    76648448     0
08:13:29 347480256 315423648     0 1158541312 1112791168     0    76648448     0
08:13:34 347480256 316529664     0 1158742016 1113036800     0    76648448     0
08:13:39 347480256 316498624     0 1158729728 1112977408     0    76648448     0
08:13:44 347480256 316471552     0 1158713344 1112983680     0    76648448     0
08:13:49 347480256 316477376     0 1158713344 1112983680     0    76648448     0
08:13:54 347480256 316483648     0 1158729728 1112995456     0    76648448     0
08:13:59 347480256 316487232     0 1158729728 1112995456     0    76648448     0
08:14:04 347480256 316495200     0 1158713344 1112983296     0    76648448     0
08:14:09 347480256 316496544     0 1158750208 1112995456     0    76648448     0
08:14:14 347480256 316510432     0 1158758400 1113059200     0    76648448     0
08:14:19 347480256 316479328     0 1158733824 1112992128     0    76648448     0
08:14:24 347480256 316483360     0 1158733824 1112994432     0    76648448     0
08:14:29 347480256 316489472     0 1158750208 1113006336     0    76648448     0
08:14:34 347480256 316493184     0 1158750208 1113008000     0    76648448     0
08:14:39 347480256 316496128     0 1158733824 1112996224     0    76648448     0
08:14:44 347480256 316474176     0 1158733824 1112996224     0    76648448     0
08:14:49 347480256 316498720     0 1158754304 1113010432     0    76648448     0
08:14:54 347480256 316513888     0 1158754304 1113065216     0    76648448     0
08:14:59 347480256 316582240     0 1158754304 1113039616     0    76648448     0
08:15:04 347480256 316510080     0 1158737920 1112998400     0    76648448     0
08:15:09 347480256 316514912     0 1158754304 1113016576     0    76648448     0
08:15:14 347480256 316492352     0 1158754304 1113018240     0    76648448     0
08:15:19 347480256 316496864     0 1158737920 1113004800     0    76648448     0
08:15:24 347480256 316500608     0 1158737920 1113004800     0    76648448     0
08:15:29 347480256 316507008     0 1158754304 1113016576     0    76648448     0
08:15:34 347480256 316522080     0 1158774784 1113070464     0    76648448     0
08:15:39 347480256 316523488     0 1158758400 1113020416     0    76648448     0
08:15:44 347480256 316490080     0 1158758400 1113006464     0    76648448     0
08:15:49 347480256 316498592     0 1158774784 1113018240     0    76648448     0
08:15:54 347480256 316502208     0 1158774784 1113018240     0    76648448     0
08:15:59 347480256 316507360     0 1158791168 1113042432     0    76648448     0
08:16:04 347480256 316509280     0 1158791168 1113043584     0    76648448     0
08:16:09 347480256 316516672     0 1158807552 1113055744     0    76648448     0
08:16:14 347484352 316523456     0 1158811648 1113243392     0    76648448     0
08:16:19 347484352 315014720     0 1158520832 1113004672     0    76648448     0
08:16:24 347484352 314906272     0 1158496256 1112927360     0    76648448     0
08:16:29 347484352 314348864     0 1158356992 1112874240     0    76648448     0
08:16:34 347484352 314351424     0 1158356992 1112871040     0    76648448     0
08:16:39 347484352 314354336     0 1158340608 1112859264     0    76648448     0
08:16:44 347484352 314306272     0 1158340608 1112863360     0    76648448     0
08:16:49 347484352 314314176     0 1158356992 1112873472     0    76648448     0
08:16:54 347484352 314317760     0 1158356992 1112875136     0    76648448     0
08:16:59 347484352 314332096     0 1158340608 1112915584     0    76648448     0
08:17:04 347484352 314404512     0 1158356992 1112908416     0    76648448     0
08:17:09 347484352 314329760     0 1158356992 1112877568     0    76648448     0
08:17:14 347484352 314307008     0 1158356992 1112879232     0    76648448     0
08:17:19 347484352 314312320     0 1158340608 1112867456     0    76648448     0
08:17:24 347484352 314316000     0 1158340608 1112867456     0    76648448     0
08:17:29 347484352 314322336     0 1158356992 1112879232     0    76648448     0
08:17:34 347484352 314325920     0 1158356992 1112883328     0    76648448     0
08:17:39 347484352 314340256     0 1158340608 1112923776     0    76648448     0
08:17:44 347484352 314416864     0 1158365184 1112944640     0    76648448     0
08:17:49 347484352 314314208     0 1158356992 1112881664     0    76648448     0
08:17:54 347484352 311288576     0 1157857280 1112390528     0    76648448     0
08:17:59 347484352 311290816     0 1157840896 1112375040     0    76648448     0
08:18:04 347488448 311301984     0 1157840896 1112376832     0    76648448     0
08:18:09 347488448 311306176     0 1157857280 1112390528     0    76648448     0
08:18:14 347488448 311286848     0 1157857280 1112390528     0    76648448     0
08:18:19 347488448 311291520     0 1157840896 1112381184     0    76648448     0
08:18:24 347488448 311306496     0 1157840896 1112435072     0    76648448     0
08:18:30 347488448 311378624     0 1157873664 1112434816     0    76648448     0
08:18:35 347488448 311304736     0 1157857280 1112394624     0    76648448     0
08:18:40 347488448 311326752     0 1157844992 1112385280     0    76648448     0
08:18:45 347488448 311304640     0 1157844992 1112391040     0    76648448     0
08:18:50 347488448 311312480     0 1157861376 1112402816     0    76648448     0
08:18:55 347488448 311316064     0 1157861376 1112402816     0    76648448     0
08:19:00 347488448 311319008     0 1157844992 1112391040     0    76648448     0
08:19:05 347488448 311322144     0 1157869568 1112391040     0    76648448     0
08:19:10 347488448 311439360     0 1157910528 1112480000     0    76648448     0
08:19:15 347488448 311306144     0 1157890048 1112413312     0    76648448     0
08:19:20 347488448 311311136     0 1157873664 1112399232     0    76648448     0
08:19:25 347488448 311315072     0 1157873664 1112401536     0    76648448     0
08:19:30 347488448 311320992     0 1157890048 1112413056     0    76648448     0
08:19:35 347488448 311343680     0 1157894144 1112417152     0    76648448     0
08:19:40 347488448 311346624     0 1157877760 1112405376     0    76648448     0
08:19:45 347488448 311324480     0 1157877760 1112407424     0    76648448     0
08:19:50 347488448 311343712     0 1157894144 1112469888     0    76648448     0
08:19:55 347488448 311412960     0 1157910528 1112462592     0    76648448     0
08:20:00 347488448 311338592     0 1157877760 1112409856     0    76648448     0
08:20:05 347488448 311341056     0 1157877760 1112411136     0    76648448     0
08:20:10 347488448 311348608     0 1157894144 1112423296     0    76648448     0
08:20:15 347488448 311326560     0 1157894144 1112423296     0    76648448     0
08:20:20 347488448 311331072     0 1157877760 1112411520     0    76648448     0
08:20:25 347488448 311334656     0 1157877760 1112409856     0    76648448     0
08:20:30 347488448 303718304     0 1156599808 1111166208     0    76648448     0
08:20:35 347488448 303820192     0 1156624384 1111182336     0    76648448     0
08:20:40 347488448 303740480     0 1156587520 1111129344     0    76648448     0
08:20:45 347488448 303157056     0 1156452352 1111066624     0    76648448     0
08:20:50 347488448 303165344     0 1156468736 1111078400     0    76648448     0
08:20:55 347488448 303168928     0 1156468736 1111076736     0    76648448     0
08:21:00 347488448 303172416     0 1156452352 1111064960     0    76648448     0
08:21:05 347488448 303174304     0 1156452352 1111070336     0    76648448     0
08:21:10 347488448 303181856     0 1156468736 1111082496     0    76648448     0
08:21:15 347488448 303156512     0 1156468736 1111135616     0    76648448     0
08:21:20 347488448 303226144     0 1156468736 1111111680     0    76648448     0
08:21:25 347488448 303152768     0 1156452352 1111069056     0    76648448     0
08:21:30 347488448 303159040     0 1156468736 1111082496     0    76648448     0
08:21:35 347488448 303162624     0 1156468736 1111086592     0    76648448     0
08:21:40 347488448 303165600     0 1156452352 1111073152     0    76648448     0
08:21:45 347488448 303144128     0 1156452352 1111079168     0    76648448     0
08:21:50 347488448 303151968     0 1156468736 1111090944     0    76648448     0
08:21:55 347488448 303166976     0 1156468736 1111143168     0    76648448     0
08:22:00 347488448 303150304     0 1156452352 1111103360     0    76648448     0
08:22:05 347488448 303160832     0 1156452352 1111077248     0    76648448     0
08:22:10 347488448 303168384     0 1156468736 1111090944     0    76648448     0
08:22:15 347488448 303145856     0 1156468736 1111089408     0    76648448     0
08:22:20 347488448 303150464     0 1156583424 1111083264     0    76648448     0
08:22:25 347488448 303156384     0 1156853760 1111218944     0    76648448     0
08:22:30 347488448 303161312     0 1156861952 1111226368     0    76648448     0
08:22:35 347488448 303164256     0 1156845568 1111213056     0    76648448     0
08:22:40 347488448 303179232     0 1156845568 1111265280     0    76648448     0
08:22:45 347492544 303194272     0 1156870144 1111268352     0    76648448     0
08:22:50 347492544 303156416     0 1156861952 1111233280     0    76648448     0
08:22:55 347492544 303159488     0 1156845568 1111231232     0    76648448     0
08:23:00 347492544 303162944     0 1156845568 1111229696     0    76648448     0
08:23:05 347492544 303168768     0 1156861952 1111242624     0    76648448     0
08:23:10 347492544 303174112     0 1156861952 1111374720     0    76648448     0
08:23:15 347492544 303151200     0 1156845568 1111377664     0    76648448     0
08:23:20 347492544 303156352     0 1156845568 1111379328     0    76648448     0
08:23:25 347492544 303174016     0 1156861952 1111441664     0    76648448     0
08:23:30 347492544 303242784     0 1156878336 1111431936     0    76648448     0
08:23:35 347492544 303168896     0 1156845568 1111377664     0    76648448     0
08:23:40 347492544 303172480     0 1156845568 1111379328     0    76648448     0
08:23:45 347492544 303152704     0 1156861952 1111389440     0    76648448     0
08:23:50 347492544 303157856     0 1156861952 1111391488     0    76648448     0
08:23:55 347492544 303160800     0 1156845568 1111381376     0    76648448     0
08:24:00 347492544 303164544     0 1156845568 1111381376     0    76648448     0
08:24:05 347492544 303178528     0 1156861952 1111427200     0    76648448     0
08:24:10 347492544 303285152     0 1156886528 1111464576     0    76648448     0
08:24:15 347492544 303150368     0 1156845568 1111381376     0    76648448     0
08:24:20 347492544 303156192     0 1156845568 1111379712     0    76648448     0
08:24:25 347492544 303162464     0 1156861952 1111391488     0    76648448     0
08:24:30 347492544 303166048     0 1156861952 1111393152     0    76648448     0
08:24:35 347492544 303168992     0 1156845568 1111379712     0    76648448     0
08:24:40 347492544 303172576     0 1156845568 1111379712     0    76648448     0
08:24:45 347492544 303152960     0 1156861952 1111391488     0    76648448     0
08:24:50 347492544 303169504     0 1156861952 1111445376     0    76648448     0
08:24:55 347492544 303200640     0 1156853760 1111415936     0    76648448     0
08:25:00 347492544 303164544     0 1156845568 1111385472     0    76648448     0
08:25:05 347492544 303170368     0 1156861952 1111395200     0    76648448     0
08:25:10 347492544 303174528     0 1156861952 1111395584     0    76648448     0
08:25:15 347492544 303151616     0 1156845568 1111383808     0    76648448     0
08:25:20 347492544 303156768     0 1156845568 1111385472     0    76648448     0
08:25:25 347492544 303163040     0 1156861952 1111395584     0    76648448     0
08:25:30 347492544 303166624     0 1156861952 1111395584     0    76648448     0
08:25:35 347492544 303221376     0 1156849664 1111454080     0    76648448     0
08:25:40 347492544 303172896     0 1156845568 1111385472     0    76648448     0
08:25:45 347492544 303153024     0 1156861952 1111397248     0    76648448     0
08:25:50 347492544 303158528     0 1156861952 1111397888     0    76648448     0
08:25:55 347492544 303161760     0 1156845568 1111383808     0    76648448     0
08:26:00 347492544 303165280     0 1156845568 1111385472     0    76648448     0
08:26:05 347492544 303170464     0 1156861952 1111397248     0    76648448     0
08:26:10 347492544 303174592     0 1156861952 1111397248     0    76648448     0
08:26:15 347492544 303165280     0 1156849664 1111442304     0    76648448     0
08:26:20 347492544 303269152     0 1156874240 1111463168     0    76648448     0
08:26:25 347492544 303165056     0 1156866048 1111401856     0    76648448     0
08:26:30 347492544 303168640     0 1156866048 1111400192     0    76648448     0
08:26:35 347492544 303171584     0 1156849664 1111388416     0    76648448     0
08:26:40 347492544 303175296     0 1156849664 1111390080     0    76648448     0
08:26:45 347492544 303155680     0 1156866048 1111401856     0    76648448     0
08:26:51 347492544 303160832     0 1156866048 1111401856     0    76648448     0
08:26:56 347492544 303163968     0 1156849664 1111390080     0    76648448     0
08:27:01 347492544 303179264     0 1156849664 1111443200     0    76648448     0
08:27:06 347492544 303250016     0 1156882432 1111440384     0    76648448     0
08:27:11 347492544 303177280     0 1156866048 1111404288     0    76648448     0
08:27:16 347492544 303154336     0 1156849664 1111394176     0    76648448     0
08:27:21 347492544 303159808     0 1156849664 1111394816     0    76648448     0
08:27:26 347492544 303165760     0 1156866048 1111404288     0    76648448     0
08:27:31 347492544 303169344     0 1156866048 1111405952     0    76648448     0
08:27:36 347492544 303172288     0 1156849664 1111394176     0    76648448     0
08:27:41 347492544 303187264     0 1156849664 1111446400     0    76648448     0
08:27:46 347492544 303266016     0 1156890624 1111477504     0    76648448     0
08:27:51 347492544 303161120     0 1156866048 1111405952     0    76648448     0
08:27:56 347492544 303164224     0 1156849664 1111394176     0    76648448     0
08:28:01 347492544 303167808     0 1156849664 1111392512     0    76648448     0
08:28:06 347492544 303173472     0 1156866048 1111407616     0    76648448     0
08:28:11 347492544 303177696     0 1156866048 1111408000     0    76648448     0
08:28:16 347492544 303154592     0 1156849664 1111394560     0    76648448     0
08:28:21 347492544 303159744     0 1156849664 1111396224     0    76648448     0
08:28:26 347492544 303177536     0 1156866048 1111461120     0    76648448     0
08:28:31 347492544 303188288     0 1156997120 1111559296     0    76648448     0
08:28:36 347492544 303173120     0 1156980736 1111526016     0    76648448     0
08:28:41 347492544 303176704     0 1156980736 1111527552     0    76648448     0
08:28:46 347492544 303156576     0 1156997120 1111537792     0    76648448     0
08:28:51 347492544 303161856     0 1156997120 1111539328     0    76648448     0
08:28:56 347492544 303164960     0 1156980736 1111531648     0    76648448     0
08:29:01 347492544 303168544     0 1156980736 1111531648     0    76648448     0
08:29:06 347492544 303174816     0 1156997120 1111543424     0    76648448     0
08:29:11 347492544 303173792     0 1156964352 1111558272     0    76648448     0
08:29:16 347492544 303154272     0 1156980736 1111535744     0    76648448     0
08:29:21 347492544 303160096     0 1156980736 1111535744     0    76648448     0
08:29:26 347492544 303166368     0 1156997120 1111545984     0    76648448     0
08:29:31 347492544 303169952     0 1156997120 1111545984     0    76648448     0
08:29:36 347492544 303172896     0 1156980736 1111534208     0    76648448     0
08:29:41 347492544 303176960     0 1156988928 1111634432     0    76648448     0
08:29:46 347492544 303159424     0 1156997120 1111545984     0    76648448     0
08:29:51 347492544 303174528     0 1156997120 1111598208     0    76648448     0
08:29:56 347492544 303278240     0 1157136384 1111740544     0    76648448     0
08:30:01 347492544 303170848     0 1157111808 1111665536     0    76648448     0
08:30:06 347492544 303176512     0 1157128192 1111678464     0    76648448     0
08:30:11 347492544 303176000     0 1157128192 1111676672     0    76648448     0
08:30:16 347492544 303158208     0 1157128192 1111662720     0    76648448     0
08:30:21 347492544 303161792     0 1157128192 1111662720     0    76648448     0
08:30:26 347492544 303168064     0 1157144576 1111672960     0    76648448     0
08:30:31 347492544 303171648     0 1157144576 1111674496     0    76648448     0
08:30:36 347492544 303185984     0 1157128192 1111714944     0    76648448     0
08:30:41 347492544 303250720     0 1157144576 1111705856     0    76648448     0
