
SunOS canfire03 5.11 onnv-gate i86pc    05/09/2009

20:32:52 sml_mem   alloc  fail  lg_mem   alloc  fail  ovsz_alloc  fail
20:32:57 266531008 235768048     0 592351232 561469056     0    76648448     0
20:33:02 266547392 235756640     0 592338944 561469568     0    76648448     0
20:33:07 266551488 235755808     0 592334848 561467072     0    76648448     0
20:33:12 266563776 235766304     0 592371712 561482304     0    76648448     0
20:33:17 266563776 235770000     0 592371712 561485376     0    76648448     0
20:33:22 266567872 235782928     0 592367616 561480768     0    76648448     0
20:33:27 266571968 235798560     0 592367616 561536064     0    76648448     0
20:33:32 266576064 235882576     0 592412672 561577280     0    76648448     0
20:33:37 266580160 235777328     0 592388096 561505344     0    76648448     0
20:33:42 266580160 235780368     0 592388096 561495616     0    76648448     0
20:33:47 266580160 235784816     0 592404480 561505920     0    76648448     0
20:33:52 266584256 235792064     0 592420864 561516864     0    76648448     0
20:33:57 266584256 235795456     0 592433152 561519168     0    76648448     0
20:34:02 266588352 235773248     0 592441344 561509440     0    76648448     0
20:34:07 266588352 235777536     0 592441344 561513536     0    76648448     0
20:34:12 266588352 235795440     0 592474112 561579584     0    76648448     0
20:34:17 266588352 235788736     0 592494592 561546624     0    76648448     0
20:34:22 266588352 235790880     0 592478208 561522752     0    76648448     0
20:34:27 266588352 235794464     0 592478208 561525312     0    76648448     0
20:34:32 266588352 235775040     0 592494592 561541184     0    76648448     0
20:34:37 266588352 235780064     0 592531456 561541184     0    76648448     0
20:34:42 266588352 235783008     0 592515072 561534016     0    76648448     0
20:34:47 266588352 235786688     0 592556032 561538112     0    76648448     0
20:34:52 266588352 235793232     0 592584704 561554496     0    76648448     0
20:34:57 266588352 235808400     0 592584704 561607616     0    76648448     0
20:35:02 266588352 235859520     0 592723968 561592960     0    76648448     0
20:35:07 266588352 235787104     0 592707584 561558272     0    76648448     0
20:35:12 266588352 235794016     0 592723968 561572992     0    76648448     0
20:35:17 266592448 235798720     0 592723968 561579392     0    76648448     0
20:35:22 266592448 235802096     0 592760832 561568448     0    76648448     0
20:35:27 266592448 235805152     0 592760832 561569408     0    76648448     0
20:35:32 266596544 235786272     0 592777216 561583744     0    76648448     0
20:35:37 266600640 235803312     0 592793600 561638016     0    76648448     0
20:35:42 266600640 235907760     0 592818176 561651712     0    76648448     0
20:35:47 266600640 235798304     0 592793600 561582720     0    76648448     0
20:35:52 266600640 235804576     0 592809984 561599104     0    76648448     0
20:35:57 266600640 235808800     0 592875520 561599104     0    76648448     0
20:36:02 266600640 235786112     0 592859136 561596032     0    76648448     0
20:36:07 266600640 235790176     0 592932864 561596672     0    76648448     0
20:36:12 266600640 235797168     0 592949248 561608832     0    76648448     0
20:36:17 266600640 235800864     0 592949248 561612928     0    76648448     0
20:36:22 266600640 235815632     0 593006592 561654272     0    76648448     0
20:36:27 266600640 235917856     0 593031168 561678336     0    76648448     0
20:36:33 266600640 235788224     0 593022976 561617024     0    76648448     0
20:36:38 266604736 235796000     0 593022976 561623936     0    76648448     0
20:36:43 266604736 235798624     0 593006592 561615488     0    76648448     0
20:36:48 266604736 235802624     0 593031168 561621888     0    76648448     0
20:36:53 266604736 235809152     0 593047552 561638592     0    76648448     0
20:36:58 266604736 235812208     0 593047552 561635456     0    76648448     0
20:37:03 266604736 235790112     0 593031168 561632640     0    76648448     0
20:37:08 266604736 235794896     0 593035264 561635136     0    76648448     0
20:37:13 266604736 235878368     0 593076224 561697984     0    76648448     0
20:37:18 266604736 235805360     0 593154048 561657024     0    76648448     0
20:37:23 266604736 235808384     0 593137664 561651648     0    76648448     0
20:37:28 266604736 235811632     0 593137664 561649856     0    76648448     0
20:37:33 266604736 235792064     0 593154048 561665728     0    76648448     0
20:37:38 266604736 235797088     0 593182720 561674944     0    76648448     0
20:37:43 266604736 235800224     0 593297408 561663168     0    76648448     0
20:37:48 266604736 235815296     0 593297408 561719488     0    76648448     0
20:37:53 266657984 236497056     0 594059264 562661824     0    76648448     0
20:37:58 267133120 239088784     0 606289920 574914048     0    76648448     0
20:38:03 267206848 239687280     0 606748672 574997760     0    76648448     0
20:38:08 267210944 239705696     0 606748672 574996992     0    76648448     0
20:38:13 267219136 240207408     0 607240192 575620480     0    76648448     0
20:38:18 267223232 240257408     0 607363072 575634304     0    76648448     0
20:38:23 267227328 240289792     0 607485952 575773440     0    76648448     0
20:38:28 267227328 240377328     0 607662080 575913920     0    76648448     0
20:38:33 267227328 240373504     0 607698944 576019392     0    76648448     0
20:38:38 267227328 240446336     0 607719424 576014080     0    76648448     0
20:38:43 267231424 240380096     0 607686656 575960512     0    76648448     0
20:38:48 267231424 240387936     0 607686656 575964608     0    76648448     0
20:38:53 267231424 240394528     0 607703040 575978688     0    76648448     0
20:38:58 267239616 240399744     0 607834112 575980480     0    76648448     0
20:39:03 267239616 240377088     0 607834112 575990208     0    76648448     0
20:39:08 267239616 240383360     0 607862784 576121856     0    76648448     0
20:39:13 267239616 240405408     0 607879168 576189952     0    76648448     0
20:39:18 267239616 240513984     0 607903744 576210816     0    76648448     0
20:39:23 267243712 240407552     0 607899648 576129728     0    76648448     0
20:39:28 267243712 240410800     0 607899648 576127488     0    76648448     0
20:39:33 267243712 240391040     0 607932416 576173056     0    76648448     0
20:39:38 267243712 240396256     0 607932416 576179392     0    76648448     0
20:39:43 267243712 240399168     0 607916032 576165376     0    76648448     0
20:39:48 267243712 240402800     0 607916032 576165376     0    76648448     0
20:39:53 267243712 240410144     0 607932416 576177152     0    76648448     0
20:39:58 267243712 240425152     0 607932416 576229376     0    76648448     0
20:40:03 267243712 240468064     0 607932416 576210368     0    76648448     0
20:40:08 267243712 240394976     0 607965184 576169088     0    76648448     0
20:40:13 267243712 240401824     0 607981568 576181248     0    76648448     0
20:40:18 267243712 240405408     0 607981568 576181248     0    76648448     0
20:40:23 267243712 240408368     0 607965184 576173568     0    76648448     0
20:40:28 267243712 240412160     0 607965184 576175104     0    76648448     0
20:40:33 267247808 240396736     0 607985664 576190976     0    76648448     0
20:40:38 267247808 240412832     0 607985664 576246272     0    76648448     0
20:40:43 267247808 240323232     0 607961088 576244096     0    76648448     0
20:40:48 267247808 240270272     0 607989760 576181504     0    76648448     0
20:40:53 267247808 240295488     0 608055296 576197376     0    76648448     0
20:40:58 267247808 240312832     0 608051200 576188544     0    76648448     0
20:41:03 267247808 240285776     0 608047104 576189696     0    76648448     0
20:41:08 267247808 240295136     0 608071680 576210944     0    76648448     0
20:41:13 267247808 240299248     0 608120832 576212608     0    76648448     0
20:41:18 267251904 240302928     0 608104448 576200832     0    76648448     0
20:41:23 267251904 240318096     0 608104448 576253888     0    76648448     0
20:41:28 267251904 240389824     0 608137216 576251904     0    76648448     0
20:41:33 267251904 240290336     0 608120832 576215680     0    76648448     0
20:41:38 267251904 240294944     0 608153600 576208000     0    76648448     0
20:41:43 267251904 240298592     0 608153600 576210432     0    76648448     0
20:41:48 267251904 240304864     0 608169984 576222208     0    76648448     0
20:41:53 267251904 240309472     0 608169984 576222208     0    76648448     0
20:41:58 267251904 240312640     0 608153600 576210432     0    76648448     0
20:42:03 267251904 240303104     0 608153600 576264320     0    76648448     0
20:42:08 267251904 240411744     0 608194560 576303040     0    76648448     0
20:42:13 267251904 240302432     0 608169984 576224896     0    76648448     0
20:42:18 267251904 240305376     0 608153600 576213120     0    76648448     0
20:42:23 267251904 240310944     0 608153600 576217216     0    76648448     0
20:42:28 267251904 240317312     0 608227328 576235136     0    76648448     0
20:42:33 267251904 240294848     0 608243712 576249856     0    76648448     0
20:42:38 267251904 240299616     0 608280576 576239744     0    76648448     0
20:42:43 267251904 240304752     0 608280576 576239744     0    76648448     0
20:42:48 267251904 240379408     0 608305152 576336384     0    76648448     0
20:42:53 267251904 240539104     0 608337920 576339712     0    76648448     0
20:42:58 267251904 240486528     0 608309248 576288640     0    76648448     0
20:43:03 267251904 240551456     0 608321536 576302464     0    76648448     0
20:43:08 267251904 240671376     0 608358400 576338432     0    76648448     0
20:43:13 267251904 240675552     0 608358400 576342912     0    76648448     0
20:43:18 267251904 240700368     0 608403456 576335232     0    76648448     0
20:43:23 267251904 240794400     0 608415744 576345984     0    76648448     0
20:43:28 267251904 240833904     0 608436224 576414080     0    76648448     0
20:43:33 267251904 240913184     0 608460800 576434944     0    76648448     0
20:43:38 267251904 240863520     0 608432128 576363904     0    76648448     0
20:43:43 267251904 240867104     0 608432128 576364416     0    76648448     0
20:43:48 267251904 240889632     0 608448512 576382336     0    76648448     0
20:43:53 267251904 240901360     0 608452608 576387968     0    76648448     0
20:43:58 267251904 240904688     0 608575488 576380288     0    76648448     0
20:44:03 267256000 240885760     0 608591872 576396672     0    76648448     0
20:44:08 267256000 240900928     0 608669696 576442560     0    76648448     0
20:44:13 267256000 240908896     0 608669696 576459136     0    76648448     0
20:44:18 267256000 240977472     0 608669696 576436928     0    76648448     0
20:44:23 267256000 240903776     0 608653312 576395136     0    76648448     0
20:44:28 267256000 240910048     0 608669696 576410496     0    76648448     0
20:44:33 267256000 240887488     0 608669696 576410496     0    76648448     0
20:44:39 267256000 240894464     0 608661504 576410624     0    76648448     0
20:44:44 267256000 240900192     0 608661504 576410624     0    76648448     0
20:44:49 267256000 240906528     0 608677888 576428032     0    76648448     0
20:44:54 267260096 240922368     0 608743424 576480320     0    76648448     0
20:44:59 267260096 241027776     0 608751616 576490304     0    76648448     0
20:45:04 267260096 240894688     0 608727040 576416256     0    76648448     0
20:45:09 267260096 240902320     0 608743424 576426112     0    76648448     0
20:45:14 267260096 240906624     0 608743424 576428032     0    76648448     0
20:45:19 267260096 240910480     0 608858112 576546048     0    76648448     0
20:45:24 267260096 240914208     0 608858112 576552192     0    76648448     0
20:45:29 267260096 240920480     0 608874496 576563968     0    76648448     0
20:45:34 267260096 240898400     0 608874496 576569920     0    76648448     0
20:45:39 267260096 240913856     0 608858112 576612864     0    76648448     0
20:45:44 267260096 240982432     0 608874496 576603200     0    76648448     0
20:45:49 267260096 240912800     0 608874496 576577664     0    76648448     0
20:45:54 267260096 240916096     0 608874496 576576064     0    76648448     0
20:45:59 267260096 240920080     0 608858112 576563712     0    76648448     0
20:46:04 267260096 240897680     0 608858112 576563712     0    76648448     0
20:46:09 267260096 240905056     0 608874496 576581184     0    76648448     0
20:46:14 267260096 240909504     0 608874496 576579584     0    76648448     0
20:46:19 267260096 240923824     0 608858112 576621632     0    76648448     0
20:46:24 267260096 241026848     0 608882688 576644992     0    76648448     0
20:46:29 267260096 240922528     0 608948224 576587328     0    76648448     0
20:46:34 267260096 240903360     0 608948224 576585728     0    76648448     0
20:46:39 267260096 240907872     0 608931840 576575552     0    76648448     0
20:46:44 267260096 240911520     0 608931840 576575552     0    76648448     0
20:46:49 267260096 240917920     0 608948224 576585728     0    76648448     0
20:46:54 267260096 240921696     0 609030144 576591424     0    76648448     0
20:46:59 267260096 240924640     0 609013760 576578048     0    76648448     0
20:47:04 267260096 240914784     0 609013760 576632768     0    76648448     0
20:47:09 267260096 240989712     0 609046528 576630784     0    76648448     0
20:47:14 267260096 240914208     0 609030144 576593920     0    76648448     0
20:47:19 267260096 240917152     0 609013760 576583744     0    76648448     0
20:47:24 267260096 240922016     0 609095680 576586240     0    76648448     0
20:47:29 267260096 240928288     0 609112064 576598016     0    76648448     0
20:47:34 267260096 240908576     0 609193984 576599616     0    76648448     0
20:47:39 267260096 240912672     0 609177600 576587840     0    76648448     0
20:47:44 267260096 240928384     0 609177600 576644160     0    76648448     0
20:47:49 267260096 241034784     0 609218560 576676096     0    76648448     0
20:47:54 267260096 240926688     0 609193984 576603712     0    76648448     0
20:47:59 267260096 240929664     0 609177600 576596480     0    76648448     0
20:48:04 267264192 240907776     0 609177600 576596480     0    76648448     0
20:48:09 267264192 240920064     0 609193984 576610880     0    76648448     0
20:48:14 267264192 240923648     0 609193984 576609280     0    76648448     0
20:48:19 267264192 240926592     0 609177600 576599104     0    76648448     0
20:48:24 267264192 240930176     0 609177600 576599104     0    76648448     0
20:48:29 267264192 240947856     0 609193984 576669696     0    76648448     0
20:48:34 267264192 240991520     0 609210368 576661376     0    76648448     0
20:48:39 267264192 240918816     0 609267712 576609344     0    76648448     0
20:48:44 267264192 240922528     0 609267712 576609344     0    76648448     0
20:48:49 267264192 240932320     0 609284096 576627520     0    76648448     0
20:48:54 267264192 240935584     0 609284096 576625216     0    76648448     0
20:48:59 267264192 240938528     0 609267712 576613440     0    76648448     0
20:49:04 267264192 240919008     0 609280000 576626624     0    76648448     0
20:49:09 267264192 240937168     0 609284096 576687936     0    76648448     0
20:49:14 267264192 241038720     0 609292288 576690944     0    76648448     0
20:49:19 267264192 240930976     0 609267712 576618496     0    76648448     0
20:49:24 267264192 240936944     0 609284096 576633664     0    76648448     0
20:49:29 267264192 240940528     0 609284096 576633664     0    76648448     0
20:49:34 267264192 240917312     0 609267712 576624384     0    76648448     0
20:49:39 267264192 240922608     0 609267712 576625984     0    76648448     0
20:49:44 267264192 240928976     0 609284096 576637760     0    76648448     0
20:49:49 267264192 240932560     0 609284096 576637760     0    76648448     0
20:49:54 267264192 240947008     0 609267712 576678208     0    76648448     0
20:49:59 267264192 241016096     0 609284096 576665344     0    76648448     0
20:50:04 267264192 240919696     0 609284096 576640064     0    76648448     0
20:50:09 267264192 240923968     0 609284096 576641856     0    76648448     0
20:50:14 267264192 240927456     0 609267712 576632576     0    76648448     0
20:50:19 267264192 240932080     0 609267712 576636480     0    76648448     0
20:50:24 267264192 240940000     0 609284096 576650496     0    76648448     0
20:50:29 267264192 240943584     0 609284096 576650496     0    76648448     0
20:50:34 267264192 240933504     0 609378304 576714176     0    76648448     0
20:50:39 267264192 241034112     0 609402880 576734208     0    76648448     0
20:50:44 267264192 240932896     0 609394688 576672896     0    76648448     0
20:50:49 267264192 240936512     0 609394688 576672896     0    76648448     0
20:50:54 267264192 240941568     0 609378304 576663552     0    76648448     0
20:50:59 267264192 240945440     0 609378304 576665216     0    76648448     0
20:51:04 267264192 240922528     0 609329152 576600448     0    76648448     0
20:51:09 267264192 240926688     0 609329152 576606144     0    76648448     0
20:51:14 267264192 240932032     0 609312768 576598464     0    76648448     0
20:51:19 267264192 240952000     0 609316864 576658816     0    76648448     0
20:51:24 267264192 240942016     0 609329152 576610240     0    76648448     0
20:51:29 267264192 240946544     0 609460224 576739968     0    76648448     0
20:51:34 267264192 240922768     0 609443840 576729792     0    76648448     0
20:51:39 267264192 240928016     0 609443840 576729792     0    76648448     0
20:51:44 267264192 240934320     0 609558528 576742016     0    76648448     0
20:51:49 267264192 240938000     0 609558528 576743616     0    76648448     0
20:51:54 267264192 240941856     0 609542144 576731840     0    76648448     0
20:51:59 267264192 240956928     0 609542144 576790656     0    76648448     0
20:52:04 267264192 240934208     0 609669120 576775168     0    76648448     0
20:52:09 267264192 240930496     0 609665024 576749824     0    76648448     0
20:52:14 267264192 240934656     0 609648640 576740032     0    76648448     0
20:52:19 267264192 240938240     0 609648640 576744128     0    76648448     0
20:52:24 267264192 240951776     0 609935360 577029440     0    76648448     0
20:52:29 267264192 240957152     0 610197504 577292160     0    76648448     0
20:52:34 267264192 238523936     0 609910784 576867072     0    76648448     0
20:52:39 267317440 238621856     0 612929536 579831680     0    76648448     0
20:52:44 267329728 238065152     0 612884480 579833088     0    76648448     0
20:52:49 267329728 238046624     0 612884480 579783360     0    76648448     0
20:52:54 267329728 238049760     0 612974592 579777280     0    76648448     0
20:53:00 267329728 238053600     0 612974592 579775680     0    76648448     0
20:53:05 267333824 238009184     0 613060608 579821824     0    76648448     0
20:53:10 267333824 238013776     0 613060608 579820224     0    76648448     0
20:53:15 267333824 238016720     0 613044224 579808448     0    76648448     0
20:53:20 267333824 238020304     0 613044224 579808448     0    76648448     0
20:53:25 267333824 238038016     0 613060608 579874048     0    76648448     0
20:53:30 267333824 238141248     0 613085184 579894976     0    76648448     0
20:53:35 267333824 238007776     0 613265408 579814144     0    76648448     0
20:53:40 267333824 238012928     0 613265408 579814144     0    76648448     0
20:53:45 267333824 238019264     0 613281792 579824320     0    76648448     0
20:53:50 267333824 238022848     0 613281792 579830016     0    76648448     0
20:53:55 267333824 238025792     0 613265408 579818240     0    76648448     0
20:54:00 267333824 238029376     0 613265408 579818240     0    76648448     0
20:54:05 267333824 238010288     0 613281792 579830016     0    76648448     0
20:54:10 267333824 238027776     0 613281792 579888384     0    76648448     0
20:54:15 267333824 238095040     0 613281792 579859200     0    76648448     0
20:54:20 267333824 238021264     0 613265408 579816640     0    76648448     0
20:54:25 267333824 238027600     0 613281792 579834112     0    76648448     0
20:54:30 267333824 238031440     0 613396480 579838208     0    76648448     0
20:54:35 267333824 238008992     0 613380096 579826432     0    76648448     0
20:54:40 267333824 238013696     0 613380096 579830528     0    76648448     0
20:54:45 267333824 238019968     0 613396480 579842752     0    76648448     0
20:54:50 267333824 238035136     0 613396480 579897472     0    76648448     0
20:54:55 267333824 238054720     0 613392384 579883840     0    76648448     0
20:55:00 267333824 238030080     0 613380096 579834624     0    76648448     0
20:55:05 267333824 238010208     0 613396480 579846400     0    76648448     0
20:55:10 267333824 238015360     0 613396480 579850496     0    76648448     0
20:55:15 267333824 238018304     0 613380096 579838720     0    76648448     0
20:55:20 267333824 238022048     0 613498880 579837120     0    76648448     0
20:55:25 267333824 238028448     0 613515264 579850496     0    76648448     0
20:55:30 267333824 238032160     0 613515264 579854592     0    76648448     0
20:55:35 267333824 238021120     0 613498880 579895040     0    76648448     0
20:55:40 267333824 238125344     0 613523456 579914368     0    76648448     0
20:55:45 267333824 238020448     0 613515264 579854592     0    76648448     0
20:55:50 267333824 238024032     0 613515264 579852992     0    76648448     0
20:55:55 267333824 238031616     0 613658624 579880768     0    76648448     0
20:56:00 267333824 238035152     0 613781504 579884864     0    76648448     0
20:56:05 267333824 238015984     0 613797888 579895040     0    76648448     0
20:56:10 267333824 238020144     0 613797888 579896640     0    76648448     0
20:56:15 267333824 238023088     0 613781504 579884864     0    76648448     0
20:56:20 267333824 238038304     0 613781504 579942016     0    76648448     0
20:56:25 267333824 238110240     0 613814272 579944192     0    76648448     0
20:56:30 267333824 238036624     0 613797888 579904832     0    76648448     0
20:56:35 267333824 238013424     0 613781504 579891456     0    76648448     0
20:56:40 267333824 238018576     0 613781504 579891456     0    76648448     0
20:56:45 267333824 238024848     0 613797888 579903232     0    76648448     0
20:56:50 267333824 238028448     0 613797888 579907328     0    76648448     0
20:56:55 267333824 238031392     0 613781504 579897152     0    76648448     0
20:57:00 267333824 238046368     0 613781504 579947776     0    76648448     0
20:57:05 267333824 238126272     0 613822464 579982016     0    76648448     0
20:57:10 267333824 238019520     0 613797888 579906944     0    76648448     0
20:57:15 267333824 238023088     0 613781504 579897152     0    76648448     0
20:57:20 267333824 238026944     0 613781504 579895552     0    76648448     0
20:57:25 267333824 238033424     0 613928960 579911424     0    76648448     0
20:57:30 267333824 238036608     0 614043648 579899648     0    76648448     0
20:57:35 267333824 238014560     0 614043648 579903744     0    76648448     0
20:57:40 267333824 238023040     0 614453248 580048448     0    76648448     0
20:57:45 267333824 238038304     0 614584320 580101568     0    76648448     0
20:57:50 267333824 238038368     0 614572032 580059776     0    76648448     0
20:57:55 267333824 238033088     0 614699008 580036672     0    76648448     0
20:58:00 267333824 238039360     0 614715392 580046848     0    76648448     0
20:58:05 267333824 238017472     0 614715392 580052544     0    76648448     0
20:58:10 267333824 238021536     0 614699008 580040768     0    76648448     0
20:58:15 267333824 238027008     0 614699008 580172352     0    76648448     0
20:58:20 267333824 238033520     0 614846464 580184128     0    76648448     0
20:58:25 267333824 238040800     0 614850560 580320448     0    76648448     0
20:58:30 267333824 238082048     0 614842368 580374272     0    76648448     0
20:58:35 267333824 238019888     0 614866944 580374208     0    76648448     0
20:58:40 267337920 238028368     0 614883328 580385984     0    76648448     0
20:58:45 267337920 238031952     0 614883328 580384384     0    76648448     0
20:58:50 267337920 238034896     0 614866944 580378304     0    76648448     0
20:58:55 267337920 238038624     0 614866944 580378304     0    76648448     0
20:59:00 267337920 238044752     0 614883328 580390080     0    76648448     0
20:59:05 267337920 238022848     0 614883328 580392128     0    76648448     0
20:59:10 267337920 238039744     0 614866944 580438656     0    76648448     0
20:59:15 267337920 238141920     0 614891520 580452736     0    76648448     0
20:59:20 267337920 238036800     0 614883328 580390528     0    76648448     0
20:59:25 267337920 238040384     0 614883328 580392128     0    76648448     0
20:59:30 267337920 238043488     0 614866944 580378752     0    76648448     0
20:59:35 267337920 238020320     0 614866944 580361280     0    76648448     0
20:59:40 267337920 238027776     0 614883328 580374656     0    76648448     0
20:59:45 267337920 238031296     0 614883328 580374656     0    76648448     0
20:59:50 267337920 238034240     0 614866944 580361280     0    76648448     0
20:59:55 267337920 238049216     0 614866944 580415104     0    76648448     0
21:00:00 267337920 238121472     0 614899712 580416448     0    76648448     0
21:00:05 267337920 238021088     0 614883328 580374656     0    76648448     0
21:00:10 267337920 238025648     0 614866944 580366976     0    76648448     0
21:00:15 267337920 238029376     0 614866944 580366976     0    76648448     0
21:00:20 267337920 238035744     0 614883328 580378752     0    76648448     0
21:00:25 267337920 238039328     0 614883328 580377152     0    76648448     0
21:00:30 267337920 238042272     0 614866944 580365376     0    76648448     0
21:00:35 267337920 238031968     0 614866944 580419200     0    76648448     0
21:00:40 267337920 238139488     0 614907904 580451840     0    76648448     0
21:00:45 267337920 238031296     0 614883328 580378752     0    76648448     0
21:00:50 267337920 238034240     0 614866944 580365376     0    76648448     0
21:00:55 267337920 238038512     0 614866944 580366976     0    76648448     0
21:01:00 267337920 238044640     0 614883328 580378560     0    76648448     0
21:01:05 267337920 238024304     0 614928384 580378368     0    76648448     0
21:01:10 267337920 238026656     0 614912000 580366976     0    76648448     0
21:01:15 267337920 237156800     0 614739968 580190912     0    76648448     0
21:01:21 267337920 237174464     0 614756352 580254912     0    76648448     0
21:01:26 267337920 237171008     0 614735872 580236928     0    76648448     0
21:01:31 267358400 236662464     0 614641664 580217536     0    76648448     0
21:01:36 267358400 236604992     0 614748160 580219136     0    76648448     0
21:01:41 267358400 236612832     0 614764544 580229312     0    76648448     0
21:01:46 267358400 236616416     0 614764544 580230912     0    76648448     0
21:01:51 267358400 236619488     0 614748160 580219136     0    76648448     0
21:01:56 267358400 236623072     0 614748160 580217536     0    76648448     0
21:02:01 267358400 236629344     0 614764544 580230912     0    76648448     0
21:02:06 267358400 236637680     0 614776832 580297472     0    76648448     0
21:02:11 267358400 236610816     0 614764544 580235520     0    76648448     0
21:02:16 267358400 236615040     0 614764544 580235520     0    76648448     0
21:02:21 267358400 236621312     0 614780928 580247296     0    76648448     0
21:02:26 267358400 236624928     0 614780928 580247296     0    76648448     0
21:02:31 267358400 236627872     0 614764544 580235520     0    76648448     0
21:02:36 267358400 236605936     0 614764544 580235520     0    76648448     0
21:02:41 267358400 236613328     0 614780928 580247296     0    76648448     0
21:02:46 267358400 236628288     0 614780928 580299520     0    76648448     0
21:02:51 267358400 236730000     0 614789120 580307072     0    76648448     0
21:02:56 267358400 236623328     0 614764544 580235520     0    76648448     0
21:03:01 267358400 236629504     0 614780928 580245696     0    76648448     0
21:03:06 267358400 236610032     0 614797312 580261696     0    76648448     0
21:03:11 267358400 236612320     0 614780928 580254400     0    76648448     0
21:03:16 267358400 236615904     0 614780928 580256000     0    76648448     0
21:03:21 267358400 236622176     0 614797312 580269824     0    76648448     0
21:03:26 267358400 236625760     0 614797312 580269824     0    76648448     0
21:03:31 267358400 236640096     0 614780928 580310272     0    76648448     0
21:03:36 267358400 236685952     0 614801408 580306432     0    76648448     0
21:03:41 267358400 236616768     0 614801408 580278848     0    76648448     0
21:03:46 267358400 236621152     0 614801408 580410240     0    76648448     0
21:03:51 267358400 236624096     0 614785024 580398464     0    76648448     0
21:03:56 267358400 236627680     0 614785024 580398464     0    76648448     0
21:04:01 267358400 236634016     0 614801408 580410240     0    76648448     0
21:04:06 267358400 236616640     0 614801408 580409856     0    76648448     0
21:04:11 267358400 236615776     0 614785024 580402560     0    76648448     0
21:04:16 267358400 236601696     0 614744064 580409472     0    76648448     0
21:04:21 267358400 236625376     0 614801408 580414336     0    76648448     0
21:04:26 267358400 236628976     0 614801408 580418432     0    76648448     0
21:04:31 267358400 236631920     0 614785024 580406656     0    76648448     0
21:04:36 267358400 236610272     0 614785024 580406656     0    76648448     0
21:04:41 267358400 236617664     0 614801408 580418432     0    76648448     0
21:04:46 267358400 236621248     0 614801408 580418432     0    76648448     0
21:04:51 267358400 236624192     0 614785024 580406656     0    76648448     0
21:04:56 267358400 236639392     0 614785024 580459712     0    76648448     0
21:05:01 267358400 236745088     0 614825984 580491520     0    76648448     0
21:05:06 267358400 236613344     0 614801408 580416448     0    76648448     0
21:05:11 267358400 236615984     0 614785024 580406656     0    76648448     0
21:05:16 267358400 236619568     0 614785024 580406656     0    76648448     0
21:05:21 267358400 236625840     0 614801408 580416832     0    76648448     0
21:05:26 267358400 236629424     0 614801408 580418432     0    76648448     0
21:05:31 267358400 236632368     0 614785024 580406656     0    76648448     0
21:05:36 267358400 236610400     0 614785024 580406656     0    76648448     0
21:05:41 267358400 236629168     0 614801408 580469056     0    76648448     0
21:05:46 267358400 236628224     0 614797312 580430208     0    76648448     0
21:05:51 267358400 236624064     0 614785024 580406656     0    76648448     0
21:05:56 267358400 236631072     0 614801408 580416832     0    76648448     0
21:06:01 267358400 236634656     0 614801408 580416832     0    76648448     0
21:06:06 267362496 236616320     0 614789120 580408768     0    76648448     0
21:06:11 267362496 236618816     0 614789120 580410752     0    76648448     0
21:06:16 267362496 236625088     0 614805504 580422528     0    76648448     0
21:06:21 267362496 236628736     0 614805504 580420928     0    76648448     0
21:06:26 267362496 236643072     0 614789120 580462976     0    76648448     0
21:06:31 267362496 236711936     0 614805504 580451712     0    76648448     0
21:06:36 267362496 236616512     0 614805504 580431232     0    76648448     0
21:06:41 267362496 236621216     0 614805504 580429632     0    76648448     0
21:06:46 267362496 236624160     0 614789120 580419456     0    76648448     0
21:06:51 267362496 236627792     0 614789120 580419456     0    76648448     0
21:06:56 267362496 236634208     0 614805504 580429632     0    76648448     0
21:07:01 267362496 236637888     0 614805504 580431232     0    76648448     0
21:07:06 267362496 236633200     0 614789120 580470080     0    76648448     0
21:07:11 267362496 236730784     0 614813696 580491008     0    76648448     0
21:07:16 267362496 236625936     0 614805504 580431232     0    76648448     0
21:07:21 267362496 236629520     0 614805504 580429632     0    76648448     0
21:07:26 267362496 236632464     0 614789120 580417856     0    76648448     0
21:07:31 267362496 236636048     0 614789120 580423552     0    76648448     0
21:07:36 267362496 236617200     0 614805504 580435328     0    76648448     0
21:07:41 267362496 236621904     0 614805504 580439424     0    76648448     0
21:07:46 267362496 236624848     0 614789120 580426048     0    76648448     0
21:07:51 267362496 236639872     0 614789120 580479872     0    76648448     0
21:07:56 267362496 236618400     0 614768640 580413056     0    76648448     0
21:08:01 267362496 236638320     0 614805504 580441920     0    76648448     0
21:08:06 267362496 236617712     0 614838272 580431360     0    76648448     0
21:08:11 267362496 236620400     0 614838272 580431744     0    76648448     0
21:08:16 267362496 236626672     0 614854656 580443520     0    76648448     0
21:08:21 267362496 236630256     0 614854656 580441920     0    76648448     0
21:08:26 267362496 236633200     0 614838272 580431744     0    76648448     0
21:08:31 267362496 236636784     0 614838272 580430144     0    76648448     0
21:08:36 267362496 236628784     0 614854656 580494144     0    76648448     0
21:08:41 267362496 236698832     0 614871040 580484480     0    76648448     0
21:08:46 267362496 236624832     0 614838272 580430144     0    76648448     0
21:08:51 267362496 236628576     0 614838272 580431744     0    76648448     0
21:08:56 267362496 236635072     0 614854656 580441920     0    76648448     0
21:09:01 267362496 236638528     0 614854656 580443520     0    76648448     0
21:09:06 267362496 236615488     0 614838272 580429760     0    76648448     0
21:09:11 267362496 236620768     0 614838272 580431744     0    76648448     0
21:09:16 267362496 236638432     0 614854656 580495744     0    76648448     0
21:09:21 267362496 236743904     0 614879232 580515072     0    76648448     0
21:09:26 267362496 236633312     0 614838272 580431744     0    76648448     0
21:09:31 267362496 236636896     0 614838272 580431744     0    76648448     0
21:09:36 267362496 236617856     0 614854656 580441920     0    76648448     0
21:09:42 267362496 236622592     0 614854656 580443520     0    76648448     0
21:09:47 267362496 236625568     0 614838272 580431744     0    76648448     0
21:09:52 267362496 236629312     0 614838272 580431744     0    76648448     0
21:09:57 267362496 236636528     0 614854656 580574848     0    76648448     0
21:10:02 267362496 236651488     0 614854656 580627072     0    76648448     0
21:10:07 267362496 236728832     0 614924288 580646656     0    76648448     0
21:10:12 267362496 236621408     0 614899712 580563072     0    76648448     0
21:10:17 267362496 236627680     0 614916096 580573248     0    76648448     0
21:10:22 267366592 236631904     0 614916096 580573248     0    76648448     0
21:10:27 267366592 236634848     0 614899712 580563072     0    76648448     0
21:10:32 267366592 236638432     0 614899712 580561472     0    76648448     0
21:10:37 267366592 236619328     0 614916096 580573248     0    76648448     0
21:10:42 267366592 236624096     0 614916096 580574848     0    76648448     0
21:10:47 267366592 236638560     0 614899712 580619392     0    76648448     0
21:10:52 267366592 236707040     0 614916096 580608128     0    76648448     0
21:10:57 267366592 236637504     0 614916096 580578944     0    76648448     0
21:11:02 267366592 236640736     0 614916096 580578944     0    76648448     0
21:11:07 267366592 236617232     0 614969344 580566784     0    76648448     0
21:11:12 267366592 236622560     0 614969344 580567168     0    76648448     0
21:11:17 267366592 236629040     0 614985728 580578944     0    76648448     0
21:11:22 267366592 236632624     0 614985728 580578944     0    76648448     0
