
SunOS canfire03 5.11 onnv-gate i86pc    05/10/2009

02:08:19  pgout/s ppgout/s pgfree/s pgscan/s %ufs_ipf
02:08:24     0.00     0.00     0.00     0.00     0.00
02:08:29     0.00     0.00     0.00     0.00     0.00
02:08:34     0.00     0.00     0.00     0.00     0.00
02:08:39     0.00     0.00     0.00     0.00     0.00
02:08:44     0.00     0.00     0.00     0.00     0.00
02:08:49     0.00     0.00     0.00     0.00     0.00
02:08:54     0.00     0.00     0.00     0.00     0.00
02:08:59     0.00     0.00     0.00     0.00     0.00
02:09:04     0.00     0.00     0.00     0.00     0.00
02:09:09     0.00     0.00     0.00     0.00     0.00
02:09:14     0.00     0.00     0.00     0.00     0.00
02:09:19     0.00     0.00     0.00     0.00     0.00
02:09:24     0.00     0.00     0.00     0.00     0.00
02:09:29     0.00     0.00     0.00     0.00     0.00
02:09:34     0.00     0.00     0.00     0.00     0.00
02:09:39     0.00     0.00     0.00     0.00     0.00
02:09:44     0.00     0.00     0.00     0.00     0.00
02:09:49     0.00     0.00     0.00     0.00     0.00
02:09:54     0.00     0.00     0.00     0.00     0.00
02:09:59     0.00     0.00     0.00     0.00     0.00
02:10:04     0.00     0.00     0.00     0.00     0.00
02:10:09     0.00     0.00     0.00     0.00     0.00
02:10:14     0.00     0.00     0.00     0.00     0.00
02:10:19     0.00     0.00     0.00     0.00     0.00
02:10:24     0.00     0.00     0.00     0.00     0.00
02:10:29     0.00     0.00     0.00     0.00     0.00
02:10:34     0.00     0.00     0.00     0.00     0.00
02:10:39     0.00     0.00     0.00     0.00     0.00
02:10:44     0.00     0.00     0.00     0.00     0.00
02:10:49     0.00     0.00     0.00     0.00     0.00
02:10:54     0.00     0.00     0.00     0.00     0.00
02:10:59     0.00     0.00     0.00     0.00     0.00
02:11:04     0.00     0.00     0.00     0.00     0.00
02:11:09     0.00     0.00     0.00     0.00     0.00
02:11:14     0.00     0.00     0.00     0.00     0.00
02:11:19     0.00     0.00     0.00     0.00     0.00
02:11:24     0.00     0.00     0.00     0.00     0.00
02:11:29     0.00     0.00     0.00     0.00     0.00
02:11:34     0.00     0.00     0.00     0.00     0.00
02:11:39     0.00     0.00     0.00     0.00     0.00
02:11:44     0.00     0.00     0.00     0.00     0.00
02:11:49     0.00     0.00     0.00     0.00     0.00
02:11:54     0.00     0.00     0.00     0.00     0.00
02:11:59     0.00     0.00     0.00     0.00     0.00
02:12:04     0.00     0.00     0.00     0.00     0.00
02:12:09     0.00     0.00     0.00     0.00     0.00
02:12:14     0.00     0.00     0.00     0.00     0.00
02:12:19     0.00     0.00     0.00     0.00     0.00
02:12:24     0.00     0.00     0.00     0.00     0.00
02:12:29     0.00     0.00     0.00     0.00     0.00
02:12:34     0.00     0.00     0.00     0.00     0.00
02:12:39     0.00     0.00     0.00     0.00     0.00
02:12:44     0.00     0.00     0.00     0.00     0.00
02:12:49     0.00     0.00     0.00     0.00     0.00
02:12:54     0.00     0.00     0.00     0.00     0.00
02:12:59     0.00     0.00     0.00     0.00     0.00
02:13:04     0.00     0.00     0.00     0.00     0.00
02:13:09     0.00     0.00     0.00     0.00     0.00
02:13:14     0.00     0.00     0.00     0.00     0.00
02:13:19     0.00     0.00     0.00     0.00     0.00
02:13:24     0.00     0.00     0.00     0.00     0.00
02:13:29     0.00     0.00     0.00     0.00     0.00
02:13:34     0.00     0.00     0.00     0.00     0.00
02:13:39     0.00     0.00     0.00     0.00     0.00
02:13:44     0.00     0.00     0.00     0.00     0.00
02:13:49     0.00     0.00     0.00     0.00     0.00
02:13:54     0.00     0.00     0.00     0.00     0.00
02:13:59     0.00     0.00     0.00     0.00     0.00
02:14:04     0.00     0.00     0.00     0.00     0.00
02:14:09     0.00     0.00     0.00     0.00     0.00
02:14:14     0.00     0.00     0.00     0.00     0.00
02:14:19     0.00     0.00     0.00     0.00     0.00
02:14:24     0.00     0.00     0.00     0.00     0.00
02:14:29     0.00     0.00     0.00     0.00     0.00
02:14:34     0.00     0.00     0.00     0.00     0.00
02:14:39     0.00     0.00     0.00     0.00     0.00
02:14:44     0.00     0.00     0.00     0.00     0.00
02:14:49     0.00     0.00     0.00     0.00     0.00
02:14:54     0.00     0.00     0.00     0.00     0.00
02:14:59     0.00     0.00     0.00     0.00     0.00
02:15:04     0.00     0.00     0.00     0.00     0.00
02:15:09     0.00     0.00     0.00     0.00     0.00
02:15:14     0.00     0.00     0.00     0.00     0.00
02:15:19     0.00     0.00     0.00     0.00     0.00
02:15:24     0.00     0.00     0.00     0.00     0.00
02:15:29     0.00     0.00     0.00     0.00     0.00
02:15:34     0.00     0.00     0.00     0.00     0.00
02:15:39     0.00     0.00     0.00     0.00     0.00
02:15:44     0.00     0.00     0.00     0.00     0.00
02:15:49     0.00     0.00     0.00     0.00     0.00
02:15:54     0.00     0.00     0.00     0.00     0.00
02:15:59     0.00     0.00     0.00     0.00     0.00
02:16:04     0.00     0.00     0.00     0.00     0.00
02:16:10     0.00     0.00     0.00     0.00     0.00
02:16:15     0.00     0.00     0.00     0.00     0.00
02:16:20     0.00     0.00     0.00     0.00     0.00
02:16:25     0.00     0.00     0.00     0.00     0.00
02:16:30     0.00     0.00     0.00     0.00     0.00
02:16:35     0.00     0.00     0.00     0.00     0.00
02:16:40     0.00     0.00     0.00     0.00     0.00
02:16:45     0.00     0.00     0.00     0.00     0.00
02:16:50     0.00     0.00     0.00     0.00     0.00
02:16:55     0.00     0.00     0.00     0.00     0.00
02:17:00     0.00     0.00     0.00     0.00     0.00
02:17:05     0.00     0.00     0.00     0.00     0.00
02:17:10     0.00     0.00     0.00     0.00     0.00
02:17:15     0.00     0.00     0.00     0.00     0.00
02:17:20     0.00     0.00     0.00     0.00     0.00
02:17:25     0.00     0.00     0.00     0.00     0.00
02:17:30     0.00     0.00     0.00     0.00     0.00
02:17:35     0.00     0.00     0.00     0.00     0.00
02:17:40     0.00     0.00     0.00     0.00     0.00
02:17:45     0.00     0.00     0.00     0.00     0.00
02:17:50     0.00     0.00     0.00     0.00     0.00
02:17:55     0.00     0.00     0.00     0.00     0.00
02:18:00     0.00     0.00     0.00     0.00     0.00
02:18:05     0.00     0.00     0.00     0.00     0.00
02:18:10     0.00     0.00     0.00     0.00     0.00
02:18:15     0.00     0.00     0.00     0.00     0.00
02:18:20     0.00     0.00     0.00     0.00     0.00
02:18:25     0.00     0.00     0.00     0.00     0.00
02:18:30     0.00     0.00     0.00     0.00     0.00
02:18:35     0.00     0.00     0.00     0.00     0.00
02:18:40     0.00     0.00     0.00     0.00     0.00
02:18:45     0.00     0.00     0.00     0.00     0.00
02:18:50     0.00     0.00     0.00     0.00     0.00
02:18:55     0.00     0.00     0.00     0.00     0.00
02:19:00     0.00     0.00     0.00     0.00     0.00
02:19:05     0.00     0.00     0.00     0.00     0.00
02:19:10     0.00     0.00     0.00     0.00     0.00
02:19:15     0.00     0.00     0.00     0.00     0.00
02:19:20     0.00     0.00     0.00     0.00     0.00
02:19:25     0.00     0.00     0.00     0.00     0.00
02:19:30     0.00     0.00     0.00     0.00     0.00
02:19:35     0.00     0.00     0.00     0.00     0.00
02:19:40     0.00     0.00     0.00     0.00     0.00
02:19:45     0.00     0.00     0.00     0.00     0.00
02:19:50     0.00     0.00     0.00     0.00     0.00
02:19:55     0.00     0.00     0.00     0.00     0.00
02:20:00     0.00     0.00     0.00     0.00     0.00
02:20:05     0.00     0.00     0.00     0.00     0.00
02:20:10     0.00     0.00     0.00     0.00     0.00
02:20:15     0.00     0.00     0.00     0.00     0.00
02:20:20     0.00     0.00     0.00     0.00     0.00
02:20:25     0.00     0.00     0.00     0.00     0.00
02:20:30     0.00     0.00     0.00     0.00     0.00
02:20:35     0.00     0.00     0.00     0.00     0.00
02:20:40     0.00     0.00     0.00     0.00     0.00
02:20:45     0.00     0.00     0.00     0.00     0.00
02:20:50     0.00     0.00     0.00     0.00     0.00
02:20:55     0.00     0.00     0.00     0.00     0.00
02:21:00     0.00     0.00     0.00     0.00     0.00
02:21:05     0.00     0.00     0.00     0.00     0.00
02:21:10     0.00     0.00     0.00     0.00     0.00
02:21:15     0.00     0.00     0.00     0.00     0.00
02:21:20     0.00     0.00     0.00     0.00     0.00
02:21:25     0.00     0.00     0.00     0.00     0.00
02:21:30     0.00     0.00     0.00     0.00     0.00
02:21:35     0.00     0.00     0.00     0.00     0.00
02:21:40     0.00     0.00     0.00     0.00     0.00
02:21:45     0.00     0.00     0.00     0.00     0.00
02:21:50     0.00     0.00     0.00     0.00     0.00
02:21:55     0.00     0.00     0.00     0.00     0.00
02:22:00     0.00     0.00     0.00     0.00     0.00
02:22:05     0.00     0.00     0.00     0.00     0.00
02:22:10     0.00     0.00     0.00     0.00     0.00
02:22:15     0.00     0.00     0.00     0.00     0.00
02:22:20     0.00     0.00     0.00     0.00     0.00
02:22:25     0.00     0.00     0.00     0.00     0.00
02:22:30     0.00     0.00     0.00     0.00     0.00
02:22:35     0.00     0.00     0.00     0.00     0.00
02:22:40     0.00     0.00     0.00     0.00     0.00
02:22:45     0.00     0.00     0.00     0.00     0.00
02:22:50     0.00     0.00     0.00     0.00     0.00
02:22:55     0.00     0.00     0.00     0.00     0.00
02:23:00     0.00     0.00     0.00     0.00     0.00
02:23:05     0.00     0.00     0.00     0.00     0.00
02:23:10     0.00     0.00     0.00     0.00     0.00
02:23:15     0.00     0.00     0.00     0.00     0.00
02:23:20     0.00     0.00     0.00     0.00     0.00
02:23:25     0.00     0.00     0.00     0.00     0.00
02:23:30     0.00     0.00     0.00     0.00     0.00
02:23:35     0.00     0.00     0.00     0.00     0.00
02:23:40     0.00     0.00     0.00     0.00     0.00
02:23:45     0.00     0.00     0.00     0.00     0.00
02:23:50     0.00     0.00     0.00     0.00     0.00
02:23:55     0.00     0.00     0.00     0.00     0.00
02:24:00     0.00     0.00     0.00     0.00     0.00
02:24:05     0.00     0.00     0.00     0.00     0.00
02:24:10     0.00     0.00     0.00     0.00     0.00
02:24:15     0.00     0.00     0.00     0.00     0.00
02:24:20     0.00     0.00     0.00     0.00     0.00
02:24:25     0.00     0.00     0.00     0.00     0.00
02:24:31     0.00     0.00     0.00     0.00     0.00
02:24:36     0.00     0.00     0.00     0.00     0.00
02:24:41     0.00     0.00     0.00     0.00     0.00
02:24:46     0.00     0.00     0.00     0.00     0.00
02:24:51     0.00     0.00     0.00     0.00     0.00
02:24:56     0.00     0.00     0.00     0.00     0.00
02:25:01     0.00     0.00     0.00     0.00     0.00
02:25:06     0.00     0.00     0.00     0.00     0.00
02:25:11     0.00     0.00     0.00     0.00     0.00
02:25:16     0.00     0.00     0.00     0.00     0.00
02:25:21     0.00     0.00     0.00     0.00     0.00
02:25:26     0.00     0.00     0.00     0.00     0.00
02:25:31     0.00     0.00     0.00     0.00     0.00
02:25:36     0.00     0.00     0.00     0.00     0.00
02:25:41     0.00     0.00     0.00     0.00     0.00
02:25:46     0.00     0.00     0.00     0.00     0.00
02:25:51     0.00     0.00     0.00     0.00     0.00
02:25:56     0.00     0.00     0.00     0.00     0.00
02:26:01     0.00     0.00     0.00     0.00     0.00
02:26:06     0.00     0.00     0.00     0.00     0.00
02:26:11     0.00     0.00     0.00     0.00     0.00
02:26:16     0.00     0.00     0.00     0.00     0.00
02:26:21     0.00     0.00     0.00     0.00     0.00
02:26:26     0.00     0.00     0.00     0.00     0.00
02:26:31     0.00     0.00     0.00     0.00     0.00
02:26:36     0.00     0.00     0.00     0.00     0.00
02:26:41     0.00     0.00     0.00     0.00     0.00
02:26:46     0.00     0.00     0.00     0.00     0.00
02:26:51     0.00     0.00     0.00     0.00     0.00
02:26:56     0.00     0.00     0.00     0.00     0.00
02:27:01     0.00     0.00     0.00     0.00     0.00
02:27:06     0.00     0.00     0.00     0.00     0.00
02:27:11     0.00     0.00     0.00     0.00     0.00
02:27:16     0.00     0.00     0.00     0.00     0.00
02:27:21     0.00     0.00     0.00     0.00     0.00
02:27:26     0.00     0.00     0.00     0.00     0.00
02:27:31     0.00     0.00     0.00     0.00     0.00
02:27:36     0.00     0.00     0.00     0.00     0.00
02:27:41     0.00     0.00     0.00     0.00     0.00
02:27:46     0.00     0.00     0.00     0.00     0.00
02:27:51     0.00     0.00     0.00     0.00     0.00
02:27:56     0.00     0.00     0.00     0.00     0.00
02:28:01     0.00     0.00     0.00     0.00     0.00
02:28:06     0.00     0.00     0.00     0.00     0.00
02:28:11     0.00     0.00     0.00     0.00     0.00
02:28:16     0.00     0.00     0.00     0.00     0.00
02:28:21     0.00     0.00     0.00     0.00     0.00
02:28:26     0.00     0.00     0.00     0.00     0.00
02:28:31     0.00     0.00     0.00     0.00     0.00
02:28:36     0.00     0.00     0.00     0.00     0.00
02:28:41     0.00     0.00     0.00     0.00     0.00
02:28:46     0.00     0.00     0.00     0.00     0.00
02:28:51     0.00     0.00     0.00     0.00     0.00
02:28:56     0.00     0.00     0.00     0.00     0.00
02:29:01     0.00     0.00     0.00     0.00     0.00
02:29:06     0.00     0.00     0.00     0.00     0.00
02:29:11     0.00     0.00     0.00     0.00     0.00
02:29:16     0.00     0.00     0.00     0.00     0.00
02:29:21     0.00     0.00     0.00     0.00     0.00
02:29:26     0.00     0.00     0.00     0.00     0.00
02:29:31     0.00     0.00     0.00     0.00     0.00
02:29:36     0.00     0.00     0.00     0.00     0.00
02:29:41     0.00     0.00     0.00     0.00     0.00
02:29:46     0.00     0.00     0.00     0.00     0.00
02:29:51     0.00     0.00     0.00     0.00     0.00
02:29:56     0.00     0.00     0.00     0.00     0.00
02:30:01     0.00     0.00     0.00     0.00     0.00
02:30:06     0.00     0.00     0.00     0.00     0.00
02:30:11     0.00     0.00     0.00     0.00     0.00
02:30:16     0.00     0.00     0.00     0.00     0.00
02:30:21     0.00     0.00     0.00     0.00     0.00
02:30:26     0.00     0.00     0.00     0.00     0.00
02:30:31     0.00     0.00     0.00     0.00     0.00
02:30:36     0.00     0.00     0.00     0.00     0.00
02:30:41     0.00     0.00     0.00     0.00     0.00
02:30:46     0.00     0.00     0.00     0.00     0.00
02:30:51     0.00     0.00     0.00     0.00     0.00
02:30:56     0.00     0.00     0.00     0.00     0.00
02:31:01     0.00     0.00     0.00     0.00     0.00
02:31:06     0.00     0.00     0.00     0.00     0.00
02:31:11     0.00     0.00     0.00     0.00     0.00
02:31:16     0.00     0.00     0.00     0.00     0.00
02:31:21     0.00     0.00     0.00     0.00     0.00
02:31:26     0.00     0.00     0.00     0.00     0.00
02:31:31     0.00     0.00     0.00     0.00     0.00
02:31:36     0.00     0.00     0.00     0.00     0.00
02:31:41     0.00     0.00     0.00     0.00     0.00
02:31:46     0.00     0.00     0.00     0.00     0.00
02:31:51     0.00     0.00     0.00     0.00     0.00
02:31:56     0.00     0.00     0.00     0.00     0.00
02:32:01     0.00     0.00     0.00     0.00     0.00
02:32:06     0.00     0.00     0.00     0.00     0.00
02:32:11     0.00     0.00     0.00     0.00     0.00
02:32:16     0.00     0.00     0.00     0.00     0.00
02:32:21     0.00     0.00     0.00     0.00     0.00
02:32:26     0.00     0.00     0.00     0.00     0.00
02:32:31     0.00     0.00     0.00     0.00     0.00
02:32:36     0.00     0.00     0.00     0.00     0.00
02:32:41     0.00     0.00     0.00     0.00     0.00
02:32:46     0.00     0.00     0.00     0.00     0.00
02:32:52     0.00     0.00     0.00     0.00     0.00
02:32:57     0.00     0.00     0.00     0.00     0.00
02:33:02     0.00     0.00     0.00     0.00     0.00
02:33:07     0.00     0.00     0.00     0.00     0.00
02:33:12     0.00     0.00     0.00     0.00     0.00
02:33:17     0.00     0.00     0.00     0.00     0.00
02:33:22     0.00     0.00     0.00     0.00     0.00
02:33:27     0.00     0.00     0.00     0.00     0.00
02:33:32     0.00     0.00     0.00     0.00     0.00
02:33:37     0.00     0.00     0.00     0.00     0.00
02:33:42     0.00     0.00     0.00     0.00     0.00
02:33:47     0.00     0.00     0.00     0.00     0.00
02:33:52     0.00     0.00     0.00     0.00     0.00
02:33:57     0.00     0.00     0.00     0.00     0.00
02:34:02     0.00     0.00     0.00     0.00     0.00
02:34:07     0.00     0.00     0.00     0.00     0.00
02:34:12     0.00     0.00     0.00     0.00     0.00
02:34:17     0.00     0.00     0.00     0.00     0.00
02:34:22     0.00     0.00     0.00     0.00     0.00
02:34:27     0.00     0.00     0.00     0.00     0.00
02:34:32     0.00     0.00     0.00     0.00     0.00
02:34:37     0.00     0.00     0.00     0.00     0.00
02:34:42     0.00     0.00     0.00     0.00     0.00
02:34:47     0.00     0.00     0.00     0.00     0.00
02:34:52     0.00     0.00     0.00     0.00     0.00
02:34:57     0.00     0.00     0.00     0.00     0.00
02:35:02     0.00     0.00     0.00     0.00     0.00
02:35:07     0.00     0.00     0.00     0.00     0.00
02:35:12     0.00     0.00     0.00     0.00     0.00
02:35:17     0.00     0.00     0.00     0.00     0.00
02:35:22     0.00     0.00     0.00     0.00     0.00
02:35:27     0.00     0.00     0.00     0.00     0.00
02:35:32     0.00     0.00     0.00     0.00     0.00
02:35:37     0.00     0.00     0.00     0.00     0.00
02:35:42     0.00     0.00     0.00     0.00     0.00
02:35:47     0.00     0.00     0.00     0.00     0.00
02:35:52     0.00     0.00     0.00     0.00     0.00
02:35:57     0.00     0.00     0.00     0.00     0.00
02:36:02     0.00     0.00     0.00     0.00     0.00
02:36:07     0.00     0.00     0.00     0.00     0.00
02:36:12     0.00     0.00     0.00     0.00     0.00
02:36:17     0.00     0.00     0.00     0.00     0.00
02:36:22     0.00     0.00     0.00     0.00     0.00
02:36:27     0.00     0.00     0.00     0.00     0.00
02:36:32     0.00     0.00     0.00     0.00     0.00
02:36:37     0.00     0.00     0.00     0.00     0.00
02:36:42     0.00     0.00     0.00     0.00     0.00
02:36:47     0.00     0.00     0.00     0.00     0.00
02:36:52     0.00     0.00     0.00     0.00     0.00
02:36:57     0.00     0.00     0.00     0.00     0.00
02:37:02     0.00     0.00     0.00     0.00     0.00
02:37:07     0.00     0.00     0.00     0.00     0.00
02:37:12     0.00     0.00     0.00     0.00     0.00
02:37:17     0.00     0.00     0.00     0.00     0.00
02:37:22     0.00     0.00     0.00     0.00     0.00
02:37:27     0.00     0.00     0.00     0.00     0.00
02:37:32     0.00     0.00     0.00     0.00     0.00
02:37:37     0.00     0.00     0.00     0.00     0.00
02:37:42     0.00     0.00     0.00     0.00     0.00
02:37:47     0.00     0.00     0.00     0.00     0.00
02:37:52     0.00     0.00     0.00     0.00     0.00
02:37:57     0.00     0.00     0.00     0.00     0.00
02:38:02     0.00     0.00     0.00     0.00     0.00
02:38:07     0.00     0.00     0.00     0.00     0.00
02:38:12     0.00     0.00     0.00     0.00     0.00
02:38:17     0.00     0.00     0.00     0.00     0.00
02:38:22     0.00     0.00     0.00     0.00     0.00
02:38:27     0.00     0.00     0.00     0.00     0.00
02:38:32     0.00     0.00     0.00     0.00     0.00
02:38:37     0.00     0.00     0.00     0.00     0.00
02:38:42     0.00     0.00     0.00     0.00     0.00
02:38:47     0.00     0.00     0.00     0.00     0.00
02:38:52     0.00     0.00     0.00     0.00     0.00
02:38:57     0.00     0.00     0.00     0.00     0.00
02:39:02     0.00     0.00     0.00     0.00     0.00
02:39:07     0.00     0.00     0.00     0.00     0.00
02:39:12     0.00     0.00     0.00     0.00     0.00
02:39:17     0.00     0.00     0.00     0.00     0.00
02:39:22     0.00     0.00     0.00     0.00     0.00
02:39:27     0.00     0.00     0.00     0.00     0.00
02:39:32     0.00     0.00     0.00     0.00     0.00
02:39:37     0.00     0.00     0.00     0.00     0.00
02:39:42     0.00     0.00     0.00     0.00     0.00
02:39:47     0.00     0.00     0.00     0.00     0.00
02:39:52     0.00     0.00     0.00     0.00     0.00
02:39:57     0.00     0.00     0.00     0.00     0.00
02:40:02     0.00     0.00     0.00     0.00     0.00
02:40:07     0.00     0.00     0.00     0.00     0.00
02:40:12     0.00     0.00     0.00     0.00     0.00
02:40:17     0.00     0.00     0.00     0.00     0.00
02:40:22     0.00     0.00     0.00     0.00     0.00
02:40:27     0.00     0.00     0.00     0.00     0.00
02:40:32     0.00     0.00     0.00     0.00     0.00
02:40:37     0.00     0.00     0.00     0.00     0.00
02:40:42     0.00     0.00     0.00     0.00     0.00
02:40:47     0.00     0.00     0.00     0.00     0.00
02:40:52     0.00     0.00     0.00     0.00     0.00
02:40:57     0.00     0.00     0.00     0.00     0.00
02:41:02     0.00     0.00     0.00     0.00     0.00
02:41:07     0.00     0.00     0.00     0.00     0.00
02:41:12     0.00     0.00     0.00     0.00     0.00
02:41:17     0.00     0.00     0.00     0.00     0.00
02:41:23     0.00     0.00     0.00     0.00     0.00
02:41:28     0.00     0.00     0.00     0.00     0.00
02:41:33     0.00     0.00     0.00     0.00     0.00
02:41:38     0.00     0.00     0.00     0.00     0.00
02:41:43     0.00     0.00     0.00     0.00     0.00
02:41:48     0.00     0.00     0.00     0.00     0.00
02:41:53     0.00     0.00     0.00     0.00     0.00
02:41:58     0.00     0.00     0.00     0.00     0.00
02:42:03     0.00     0.00     0.00     0.00     0.00
02:42:08     0.00     0.00     0.00     0.00     0.00
02:42:13     0.00     0.00     0.00     0.00     0.00
02:42:18     0.00     0.00     0.00     0.00     0.00
02:42:23     0.00     0.00     0.00     0.00     0.00
02:42:28     0.00     0.00     0.00     0.00     0.00
02:42:33     0.00     0.00     0.00     0.00     0.00
02:42:38     0.00     0.00     0.00     0.00     0.00
02:42:43     0.00     0.00     0.00     0.00     0.00
02:42:48     0.00     0.00     0.00     0.00     0.00
02:42:53     0.00     0.00     0.00     0.00     0.00
02:42:58     0.00     0.00     0.00     0.00     0.00
02:43:03     0.00     0.00     0.00     0.00     0.00
02:43:08     0.00     0.00     0.00     0.00     0.00
02:43:13     0.00     0.00     0.00     0.00     0.00
02:43:18     0.00     0.00     0.00     0.00     0.00
02:43:23     0.00     0.00     0.00     0.00     0.00
02:43:28     0.00     0.00     0.00     0.00     0.00
02:43:33     0.00     0.00     0.00     0.00     0.00
02:43:38     0.00     0.00     0.00     0.00     0.00
02:43:43     0.00     0.00     0.00     0.00     0.00
02:43:48     0.00     0.00     0.00     0.00     0.00
02:43:53     0.00     0.00     0.00     0.00     0.00
02:43:58     0.00     0.00     0.00     0.00     0.00
02:44:03     0.00     0.00     0.00     0.00     0.00
02:44:08     0.00     0.00     0.00     0.00     0.00
02:44:13     0.00     0.00     0.00     0.00     0.00
02:44:18     0.00     0.00     0.00     0.00     0.00
02:44:23     0.00     0.00     0.00     0.00     0.00
02:44:28     0.00     0.00     0.00     0.00     0.00
02:44:33     0.00     0.00     0.00     0.00     0.00
02:44:38     0.00     0.00     0.00     0.00     0.00
02:44:43     0.00     0.00     0.00     0.00     0.00
02:44:48     0.00     0.00     0.00     0.00     0.00
02:44:53     0.00     0.00     0.00     0.00     0.00
02:44:58     0.00     0.00     0.00     0.00     0.00
02:45:03     0.00     0.00     0.00     0.00     0.00
02:45:08     0.00     0.00     0.00     0.00     0.00
02:45:13     0.00     0.00     0.00     0.00     0.00
02:45:18     0.00     0.00     0.00     0.00     0.00
02:45:23     0.00     0.00     0.00     0.00     0.00
02:45:28     0.00     0.00     0.00     0.00     0.00
02:45:33     0.00     0.00     0.00     0.00     0.00
02:45:38     0.00     0.00     0.00     0.00     0.00
02:45:43     0.00     0.00     0.00     0.00     0.00
02:45:48     0.00     0.00     0.00     0.00     0.00
02:45:53     0.00     0.00     0.00     0.00     0.00
02:45:58     0.00     0.00     0.00     0.00     0.00
02:46:03     0.00     0.00     0.00     0.00     0.00
02:46:08     0.00     0.00     0.00     0.00     0.00
02:46:13     0.00     0.00     0.00     0.00     0.00
02:46:18     0.00     0.00     0.00     0.00     0.00
02:46:23     0.00     0.00     0.00     0.00     0.00
02:46:28     0.00     0.00     0.00     0.00     0.00
02:46:33     0.00     0.00     0.00     0.00     0.00
02:46:38     0.00     0.00     0.00     0.00     0.00
02:46:43     0.00     0.00     0.00     0.00     0.00
02:46:48     0.00     0.00     0.00     0.00     0.00
02:46:53     0.00     0.00     0.00     0.00     0.00
02:46:58     0.00     0.00     0.00     0.00     0.00
02:47:03     0.00     0.00     0.00     0.00     0.00
02:47:08     0.00     0.00     0.00     0.00     0.00
