 kthr      memory            page            disk          faults      cpu
 r b w   swap  free  re  mf pi po fr de sr s0 s1 s2 --   in   sy   cs us sy id
 0 0 0 9140240 6141220 123 2029 0 0 0 0 11  3 -0  0  0  721 1682  288 26  3 71
 0 0 0 9694908 6554928 151 2547 0 0 0 0  0  0  0  0  0  676 2105  267  0  4 96
 0 0 0 9694440 6554692 129 2158 0 0 0 0  0  0  0  0  0  577 1689  267  0  4 96
 0 0 0 9694696 6554856 134 2157 0 0 0 0  0  2  0  0  0  619 1675  313  0  4 96
 0 0 0 9694444 6554784 129 2155 0 0 0 0  0  0  0  0  0  586 1696  279  0  4 96
 0 0 0 9694392 6554740 129 2157 0 0 0 0  0  0  0  0  0  575 1675  264  0  4 96
 0 0 0 9694660 6555068 147 2164 0 0 0 0  0  0  0  0  0  594 1781  322  0  4 96
 0 0 0 9694408 6554752 129 2155 0 0 0 0  0  0  0  0  0  567 1671  258  0  4 96
 0 0 0 9694364 6554716 77 1181 0 0 0  0  0  0  0  0  0  519 1267  226  0  2 98
 0 0 0 9694584 6554828 52 978 0 0  0  0  0  4  0  0  0  568 1095  295  0  2 98
 0 0 0 9694476 6554660 133 2159 0 0 0 0  0  0  0  0  0  606 1697  285  0  4 96
 0 0 0 9694292 6554632 129 2158 0 0 0 0  0  0  0  0  0  583 1674  268  0  4 96
 0 0 0 9694304 6554720 147 2166 0 0 0 0  0  0  0  0  0  585 1693  274  0  4 96
 0 0 0 9694596 6554780 129 2158 0 0 0 0  0  0  0  0  0  584 1669  256  0  4 96
 0 0 0 9694344 6554688 129 2158 0 0 0 0  0  0  0  0  0  561 1685  255  0  4 96
 0 0 0 9694304 6554704 134 2157 0 0 0 0  0  2  0  0  0  611 1673  306  0  4 96
 0 0 0 9694600 6554784 129 2159 0 0 0 0  0  0  0  0  0  578 1690  265  0  4 96
 0 0 0 9694320 6554676 12 99 0  0  0  0  0  0  0  0  0  457  759  175  0  1 99
 kthr      memory            page            disk          faults      cpu
 r b w   swap  free  re  mf pi po fr de sr s0 s1 s2 --   in   sy   cs us sy id
 0 0 0 9694556 6554772 127 2063 0 0 0 0  0  0  0  0  0  588 1598  263  0  3 97
 0 0 0 9694264 6554612 131 2160 0 0 0 0  0  0  0  0  0  578 1681  265  0  4 96
 0 0 0 9694560 6554740 129 2158 0 0 0 0  0  0  0  0  0  596 1688  266  0  4 96
 0 0 0 9694304 6554652 133 2154 0 0 0 0  0  3  0  0  0  620 1671  317  0  4 96
 0 0 0 9694188 6554536 129 2159 0 0 0 0  0  0  0  0  0  607 1690  285  0  4 96
 0 0 0 9694560 6554740 129 2159 0 0 0 0  0  0  0  0  0  575 1674  255  0  4 96
 0 0 0 9694304 6554912 147 2167 0 0 0 0  0  0  0  0  0  569 1686  261  0  4 96
 0 0 0 9694260 6554608 76 1178 0 0 0  0  0  0  0  0  0  518 1277  220  0  3 97
 0 0 0 9694556 6554736 52 979 0 0  0  0  0  0  0  0  0  519 1082  222  0  1 99
 0 0 0 9694560 6554780 131 2156 0 0 0 0  0  2  0  0  0  606 1675  306  0  4 96
 0 0 0 9694304 6554644 131 2159 0 0 0 0  0  0  0  0  0  584 1690  264  0  4 96
 0 0 0 9694236 6554592 129 2158 0 0 0 0  0  0  0  0  0  580 1674  258  0  4 96
 0 0 0 9694532 6554844 147 2167 0 0 0 0  0  0  0  0  0  592 1772  311  0  4 96
 0 0 0 9694280 6554612 129 2157 0 0 0 0  0  0  0  0  0  581 1673  260  0  4 96
 0 0 0 9694232 6554572 129 2159 0 0 0 0  0  0  0  0  0  572 1702  268  0  4 96
 0 0 0 9694516 6554760 134 2157 0 0 0 0  0  2  0  0  0  603 1674  308  0  4 96
 0 0 0 9694132 6554464 12 98 0  0  0  0  0  0  0  0  0  481  791  199  0  1 99
 0 0 0 9694500 6554672 117 2058 0 0 0 0  0  0  0  0  0  569 1565  258  0  3 97
 0 0 0 9694196 6554536 146 2167 0 0 0 0  0  0  0  0  0  588 1684  266  0  4 96
 kthr      memory            page            disk          faults      cpu
 r b w   swap  free  re  mf pi po fr de sr s0 s1 s2 --   in   sy   cs us sy id
 0 0 0 9694476 6554648 129 2162 0 0 0 0  0  0  0  0  0  584 1690  268  0  4 96
 0 0 0 9694220 6554544 129 2162 0 0 0 0  0  0  0  0  0  584 1687  260  0  4 96
 0 0 0 9694184 6554544 134 2158 0 0 0 0  0  2  0  0  0  607 1670  306  0  4 96
 0 0 0 9694456 6554632 129 2163 0 0 0 0  0  0  0  0  0  558 1685  255  0  4 96
 0 0 0 9694196 6554520 129 2162 0 0 0 0  0  0  0  0  0  582 1671  254  0  4 96
 0 0 0 9694156 6554776 101 1325 0 0 0 0  0  0  0  0  0  545 1353  235  0  3 97
 0 0 0 9694456 6554620 45 844 0 0  0  0  0  0  0  0  0  494 1003  209  0  1 99
 0 0 0 9694456 6554620 129 2166 0 0 0 0  0  0  0  0  0  578 1690  262  0  4 96
 0 0 0 9694192 6554516 131 2163 0 0 0 0  0  4  0  0  0  746 1674  331  0  4 96
 0 0 0 9694036 6554364 129 2167 0 0 0 0  0  0  0  0  0  590 1696  282  0  4 96
 0 0 0 9694456 6554620 129 2163 0 0 0 0  0  0  0  0  0  576 1671  258  0  4 96
 0 0 0 9694272 6554756 147 2171 0 0 0 0  0  0  0  0  0  559 1682  260  0  4 96
 0 0 0 9694448 6554632 129 2172 0 0 0 0  0  0  0  0  0  577 1676  259  0  4 96
 0 0 0 9694452 6554616 129 2166 0 0 0 0  0  0  0  0  0  575 1688  262  0  4 96
 0 0 0 9694280 6554560 49 670 0 0  0  0  0  3  0  0  0  536 1007  255  0  2 98
 0 0 0 9694328 6554504 85 1496 0 0 0  0  0  0  0  0  0  541 1355  235  0  2 98
 0 0 0 9694284 6554496 129 2166 0 0 0 0  0  0  0  0  0  568 1674  256  0  4 96
 0 0 0 9694340 6554576 147 2174 0 0 0 0  0  0  0  0  0  599 1780  307  0  4 96
 0 0 0 9694260 6554468 129 2169 0 0 0 0  0  0  0  0  0  592 1695  266  0  4 96
 kthr      memory            page            disk          faults      cpu
 r b w   swap  free  re  mf pi po fr de sr s0 s1 s2 --   in   sy   cs us sy id
 0 0 0 9694356 6554520 129 2173 0 0 0 0  0  0  0  0  0  590 1705  278  0  4 96
 0 0 0 9694324 6554540 134 2166 0 0 0 0  0  2  0  0  0  616 1677  306  0  4 96
 0 0 0 9694200 6554416 129 2167 0 0 0 0  0  0  0  0  0  617 1693  288  0  4 96
 0 0 0 9694148 6554424 132 2109 0 0 0 0  0  0  0  0  0  584 1651  254  0  4 96
 0 0 0 9694304 6554688 10 159 0 0  0  0  0  0  0  0  0  475  739  191  0  0 100
 0 0 0 9533996 6402672 402 14659 0 0 0 0 0  0  0  0  0 1072 10888 288 46  8 46
 0 0 0 9449032 6323420 129 2417 0 0 0 0  0  0  0  0  0  791 1733  245 50  4 46
 0 0 0 9445424 6320148 134 2284 0 0 0 0  0  3  0  0  0 1197 1700  320 50  4 46
 0 0 0 9444628 6319200 129 2224 0 0 0 0  0  0  0  0  0  804 1701  250 50  4 46
 0 0 0 9443912 6318652 129 2176 0 0 0 0  0  0  0  0  0  800 1685  238 50  4 46
 0 0 0 9443868 6318868 147 2177 0 0 0 0  0  0  0  0  0  802 1697  253 50  4 46
 0 0 0 9444168 6318780 129 2173 0 0 0 0  0  0  0  0  0  790 1691  245 50  4 46
 0 0 0 9443908 6318684 12 98 0  0  0  0  0  0  0  0  0  478  778  175 50  1 49
 0 0 0 9444160 6318800 117 2073 0 0 0 0  0  3  0  0  0  952 1589  305 50  3 47
 0 0 0 9443744 6318524 131 2172 0 0 0 0  0  0  0  0  0  848 1710  261 50  4 46
 0 0 0 9444164 6318776 129 2171 0 0 0 0  0  0  0  0  0  818 1685  241 50  4 46
 0 0 0 9443908 6318808 147 2178 0 0 0 0  0  0  0  0  0  783 1702  243 50  4 46
 0 0 0 9443972 6318728 129 2172 0 0 0 0  0  0  0  0  0  809 1693  243 50  4 46
 0 0 0 9443980 6318752 129 2174 0 0 0 0  0  0  0  0  0  793 1702  246 50  4 46
 kthr      memory            page            disk          faults      cpu
 r b w   swap  free  re  mf pi po fr de sr s0 s1 s2 --   in   sy   cs us sy id
 0 0 0 9444012 6318720 134 2170 0 0 0 0  0  2  0  0  0  915 1694  291 50  4 46
 0 0 0 9443920 6318576 50 773 0 0  0  0  0  0  0  0  0  567 1062  195 50  2 48
 0 0 0 9444000 6318612 80 1401 0 0 0  0  0  0  0  0  0  670 1302  212 50  2 48
 0 0 0 9443672 6318440 147 2181 0 0 0 0  0  0  0  0  0  816 1793  293 50  4 46
 0 0 0 9443972 6318576 129 2169 0 0 0 0  0  0  0  0  0  807 1689  238 50  4 46
 0 0 0 9443716 6318484 129 2173 0 0 0 0  0  0  0  0  0 1132 1697  249 50  4 46
 0 0 0 9443680 6318492 134 2171 0 0 0 0  0  2  0  0  0  919 1687  290 50  4 46
 0 0 0 9443908 6318508 129 2172 0 0 0 0  0  0  0  0  0  854 1708  271 50  4 46
 0 0 0 9443728 6318488 129 2173 0 0 0 0  0  0  0  0  0  803 1690  239 50  4 46
 0 0 0 9443656 6318716 95 1194 0 0 0  0  0  0  0  0  0  649 1280  216 50  3 47
 0 0 0 9443948 6318548 53 986 0 0  0  0  0  0  0  0  0  611 1088  198 50  1 49
 0 0 0 9443920 6318532 129 2173 0 0 0 0  0  0  0  0  0  827 1702  242 50  4 46
 0 0 0 9443540 6318304 134 2172 0 0 0 0  0  2  0  0  0  918 1687  292 50  4 46
 0 0 0 9443488 6318256 129 2172 0 0 0 0  0  0  0  0  0  797 1706  244 50  4 46
 0 0 0 9443696 6318348 129 2172 0 0 0 0  0  0  0  0  0  813 1684  239 50  4 46
 0 0 0 9443780 6318600 147 2178 0 0 0 0  0  0  0  0  0  778 1700  242 50  4 46
 0 0 0 9443700 6318348 129 2172 0 0 0 0  0  0  0  0  0  798 1707  248 50  4 46
 0 0 0 9443656 6318352 96 1588 0 0 0  0  0  0  0  0  0  722 1466  228 50  4 46
 0 0 0 9443772 6318472 33 586 0 0  0  0  0  2  0  0  0  647  910  246 50  1 49
 kthr      memory            page            disk          faults      cpu
 r b w   swap  free  re  mf pi po fr de sr s0 s1 s2 --   in   sy   cs us sy id
 0 0 0 9447432 6322008 143 2636 0 0 0 0  0  0  0  0  0  828 1914  268 50  4 46
 0 0 0 9458556 6333232 129 2463 0 0 0 0  0  0  0  0  0  835 1722  253 50  4 46
 0 0 0 9454916 6329600 147 2305 0 0 0 0  0  0  0  0  0  845 1719  258 50  4 46
 0 0 0 9453732 6328172 129 2235 0 0 0 0  0  0  0  0  0  844 1685  254 50  4 46
 0 0 0 9453040 6327652 129 2178 0 0 0 0  0  0  0  0  0  846 1702  243 50  4 46
 0 0 0 9453044 6327736 134 2174 0 0 0 0  0  2  0  0  0  998 1688  304 50  4 46
 0 0 0 9453232 6327712 129 2171 0 0 0 0  0  0  0  0  0  858 1688  256 50  4 46
 0 0 0 9453272 6327772 17 99 0  0  0  0  0  0  0  0  0  513  715  177 50  0 50
 0 0 0 9453272 6327712 131 2079 0 0 0 0  0  0  0  0  0  838 1738  294 50  4 46
 0 0 0 9453192 6327684 129 2172 0 0 0 0  0  0  0  0  0  839 1686  243 50  4 46
 0 0 0 9452980 6327584 129 2173 0 0 0 0  0  0  0  0  0 1325 1697  262 50  4 46
 0 0 0 9453272 6327756 134 2172 0 0 0 0  0  3  0  0  0 1039 1680  317 50  4 46
 0 0 0 9452940 6327544 129 2172 0 0 0 0  0  0  0  0  0  906 1705  275 50  4 46
 0 0 0 9452980 6327588 136 2177 0 0 0 0  0  0  0  0  0  856 1684  252 50  4 46
 0 0 0 9453276 6327768 132 2170 0 0 0 0  0  0  0  0  0  851 1690  255 50  4 46
 0 0 0 9452996 6327604 12 100 0 0  0  0  0  0  0  0  0  522  791  180 50  1 49
 0 0 0 9453248 6327684 117 2073 0 0 0 0  0  0  0  0  0  863 1588  259 50  3 47
 0 0 0 9452900 6327500 134 2172 0 0 0 0  0  2  0  0  0 1002 1687  293 50  4 46
 0 0 0 9453196 6327628 129 2173 0 0 0 0  0  0  0  0  0  860 1698  264 50  4 46
 kthr      memory            page            disk          faults      cpu
 r b w   swap  free  re  mf pi po fr de sr s0 s1 s2 --   in   sy   cs us sy id
 0 0 0 9452940 6327592 129 2171 0 0 0 0  0  0  0  0  0  851 1686  244 50  4 46
 0 0 0 9453228 6327824 147 2180 0 0 0 0  0  0  0  0  0  856 1706  261 50  4 46
 0 0 0 9453108 6327588 129 2173 0 0 0 0  0  0  0  0  0  871 1684  258 50  4 46
 0 0 0 9453196 6327628 129 2170 0 0 0 0  0  0  0  0  0  870 1689  265 50  4 46
 0 0 0 9452932 6327608 39 504 0 0  0  0  0  2  0  0  0  706  947  249 50  2 48
 0 0 0 9453072 6327504 96 1668 0 0 0  0  0  0  0  0  0  814 1426  262 50  3 47
 0 0 0 9453572 6328248 138 2950 0 0 0 0  0  0  0  0  0  856 1911  250 50  4 46
 0 0 0 9449100 6323656 147 2926 0 0 0 0  0  0  0  0  0  839 1724  251 50  4 46
 0 0 0 9440992 6315628 129 2261 0 0 0 0  0  0  0  0  0  840 1688  244 50  4 46
 0 0 0 9436536 6311160 129 2547 0 0 0 0  0  0  0  0  0  851 1709  254 50  4 46
 0 0 0 9431996 6306500 134 2263 0 0 0 0  0  2  0  0  0  992 1693  297 50  4 46
 0 0 0 9424324 6298932 129 2545 0 0 0 0  0  0  0  0  0  837 1705  251 50  4 46
 0 0 0 9422240 6296796 95 1283 0 0 0  0  0  0  0  0  0  664 1235  209 50  2 48
 0 0 0 9419752 6294192 53 1358 0 0 0  0  0  0  0  0  0  668 1231  264 50  2 48
 0 0 0 9413816 6288252 129 2172 0 0 0 0  0  0  0  0  0  844 1680  261 50  4 46
 0 0 0 9412708 6287144 129 2259 0 0 0 0  0  0  0  0  0 1310 1702  256 50  4 46
 0 0 0 9410792 6285408 135 2412 0 0 0 0  0  2  0  0  0  984 1679  314 50  4 46
 0 0 0 9406768 6281376 129 2169 0 0 0 0  0  0  0  0  0  889 1700  276 50  4 46
 0 0 0 9407024 6281528 129 2237 0 0 0 0  0  0  0  0  0  834 1687  251 50  4 46
 kthr      memory            page            disk          faults      cpu
 r b w   swap  free  re  mf pi po fr de sr s0 s1 s2 --   in   sy   cs us sy id
 0 0 0 9405712 6280584 148 2182 0 0 0 0  0  0  0  0  0  855 1690  255 50  4 46
 0 0 0 9405528 6280004 77 1219 0 0 0  0  0  0  0  0  0  678 1235  209 50  2 48
 0 0 0 9405312 6279752 53 985 0 0  0  0  0  0  0  0  0  668 1120  213 50  2 48
 0 0 0 9405128 6279708 134 2171 0 0 0 0  0  2  0  0  0 1015 1676  295 50  4 46
 0 0 0 9405308 6279744 129 2172 0 0 0 0  0  0  0  0  0  841 1693  249 50  4 46
 0 0 0 9405220 6279780 129 2174 0 0 0 0  0  0  0  0  0  843 1678  246 50  4 46
 0 0 0 9405000 6279752 147 2179 0 0 0 0  0  0  0  0  0  830 1699  253 50  4 46
 0 0 0 9405300 6279740 129 2172 0 0 0 0  0  0  0  0  0  856 1676  253 50  4 46
 0 0 0 9405044 6279644 129 2171 0 0 0 0  0  0  0  0  0  845 1693  246 50  4 46
 0 0 0 9405000 6279648 79 1188 0 0 0  0  0  2  0  0  0  803 1281  266 50  3 47
 0 0 0 9405140 6279576 53 985 0 0  0  0  0  0  0  0  0  714 1087  235 50  1 49
 0 0 0 9405300 6279804 129 2174 0 0 0 0  0  0  0  0  0  865 1675  254 50  4 46
 0 0 0 9405028 6279688 147 2178 0 0 0 0  0  0  0  0  0  827 1695  250 50  4 46
 0 0 0 9404976 6279584 129 2173 0 0 0 0  0  0  0  0  0  847 1685  252 50  4 46
 0 0 0 9405248 6279740 129 2172 0 0 0 0  0  0  0  0  0  847 1689  250 50  4 46
 0 0 0 9405292 6279784 135 2174 0 0 0 0  0  3  0  0  0 1003 1693  298 50  4 46
 0 0 0 9405216 6279692 129 2169 0 0 0 0  0  0  0  0  0  847 1689  252 50  4 46
 0 0 0 9405136 6279612 119 1722 0 0 0 0  0  0  0  0  0  763 1492  230 50  4 46
 0 0 0 9405164 6279616 28 459 0 0  0  0  0  0  0  0  0  581  952  240 50  1 50
 kthr      memory            page            disk          faults      cpu
 r b w   swap  free  re  mf pi po fr de sr s0 s1 s2 --   in   sy   cs us sy id
 0 0 0 9405168 6279592 130 2171 0 0 0 0  0  0  0  0  0  852 1688  248 50  4 46
 0 0 0 9404928 6279524 130 2243 0 0 0 0  0  0  0  0  0 1313 1734  264 50  4 46
 0 0 0 9404888 6279500 134 2173 0 0 0 0  0  2  0  0  0  965 1685  291 50  4 46
 0 0 0 9404968 6279392 129 2172 0 0 0 0  0  0  0  0  0  900 1697  282 50  4 46
 0 0 0 9404916 6279576 129 2171 0 0 0 0  0  0  0  0  0  840 1674  248 50  4 46
 0 0 0 9404868 6279680 147 2181 0 0 0 0  0  0  0  0  0  855 1690  256 50  4 46
 0 0 0 9404864 6279452 96 1520 0 0 0  0  0  0  0  0  0  734 1419  228 50  3 46
 0 0 0 9405160 6279596 33 653 0 0  0  0  0  0  0  0  0  611  933  202 50  1 49
 0 0 0 9405164 6279588 134 2171 0 0 0 0  0  2  0  0  0  966 1677  312 50  4 46
 0 0 0 9404908 6279492 129 2171 0 0 0 0  0  0  0  0  0  849 1699  250 50  4 46
 0 0 0 9404864 6279524 129 2171 0 0 0 0  0  0  0  0  0  841 1678  242 50  4 46
 0 0 0 9405160 6279724 147 2180 0 0 0 0  0  0  0  0  0  843 1698  250 50  4 46
 0 0 0 9404904 6279488 129 2172 0 0 0 0  0  0  0  0  0  854 1679  263 50  4 46
 0 0 0 9404864 6279452 129 2171 0 0 0 0  0  0  0  0  0  865 1686  259 50  4 46
 0 0 0 9405112 6279612 132 2173 0 0 0 0  0  2  0  0  0  980 1677  310 50  4 46
 0 0 0 9405000 6279420 12 98 0  0  0  0  0  0  0  0  0  563  728  202 50  0 50
 0 0 0 9405140 6279640 117 2076 0 0 0 0  0  0  0  0  0  854 1632  256 50  4 46
 0 0 0 9405112 6279604 147 2180 0 0 0 0  0  0  0  0  0  858 1685  266 50  4 46
 0 0 0 9404836 6279420 129 2171 0 0 0 0  0  0  0  0  0  865 1678  252 50  4 46
 kthr      memory            page            disk          faults      cpu
 r b w   swap  free  re  mf pi po fr de sr s0 s1 s2 --   in   sy   cs us sy id
 0 0 0 9405132 6279564 129 2172 0 0 0 0  0  0  0  0  0  836 1696  243 50  4 46
 0 0 0 9404880 6279500 134 2172 0 0 0 0  0  2  0  0  0  960 1680  302 50  4 46
 0 0 0 9404840 6279424 129 2173 0 0 0 0  0  0  0  0  0  849 1697  249 50  4 46
 0 0 0 9405132 6279548 147 2178 0 0 0 0  0  0  0  0  0  843 1672  256 50  4 46
 0 0 0 9404880 6279460 12 99 0  0  0  0  0  0  0  0  0  525  860  227 50  1 49
 0 0 0 9405136 6279552 117 2073 0 0 0 0  0  0  0  0  0  838 1588  249 50  3 47
 0 0 0 9404840 6279436 129 2172 0 0 0 0  0  0  0  0  0 1152 1691  254 50  4 46
 0 0 0 9405128 6279568 134 2170 0 0 0 0  0  2  0  0  0  987 1673  307 50  4 46
 0 0 0 9404776 6279360 129 2175 0 0 0 0  0  0  0  0  0  903 1701  274 50  4 46
 0 0 0 9404776 6279476 129 2170 0 0 0 0  0  0  0  0  0  835 1675  247 50  4 46
 0 0 0 9405020 6279704 148 2182 0 0 0 0  0  0  0  0  0  853 1690  253 50  4 46
 0 0 0 9405104 6279520 129 2174 0 0 0 0  0  0  0  0  0  856 1687  251 50  4 46
 0 0 0 9405024 6279484 59 935 0 0  0  0  0  0  0  0  0  657 1122  209 50  2 48
 0 0 0 9405104 6279508 76 1238 0 0 0  0  0  3  0  0  0  873 1237  284 50  2 48
 0 0 0 9404996 6279508 129 2177 0 0 0 0  0  0  0  0  0  849 1691  253 50  4 46
 0 0 0 9405104 6279580 129 2175 0 0 0 0  0  0  0  0  0  830 1682  239 50  4 46
 0 0 0 9404848 6279540 147 2184 0 0 0 0  0  0  0  0  0  874 1687  268 50  4 46
 0 0 0 9404812 6279384 129 2177 0 0 0 0  0  0  0  0  0  857 1677  254 50  4 46
 0 0 0 9405108 6279528 129 2177 0 0 0 0  0  0  0  0  0  858 1684  258 50  4 46
 kthr      memory            page            disk          faults      cpu
 r b w   swap  free  re  mf pi po fr de sr s0 s1 s2 --   in   sy   cs us sy id
 0 0 0 9404852 6279476 134 2176 0 0 0 0  0  2  0  0  0  984 1680  303 50  4 46
 0 0 0 9404660 6279244 77 1191 0 0 0  0  0  0  0  0  0  723 1271  230 50  3 47
 0 0 0 9405084 6279560 53 989 0 0  0  0  0  0  0  0  0  670 1090  208 50  2 48
 0 0 0 9405084 6279484 147 2184 0 0 0 0  0  0  0  0  0  873 1687  269 50  4 46
 0 0 0 9404828 6279388 129 2179 0 0 0 0  0  0  0  0  0  855 1676  254 50  4 46
 0 0 0 9405004 6279480 129 2183 0 0 0 0  0  0  0  0  0  856 1696  251 50  4 46
 0 0 0 9404992 6279480 134 2182 0 0 0 0  0  3  0  0  0  970 1684  315 50  4 46
 0 0 0 9405084 6279484 129 2182 0 0 0 0  0  0  0  0  0  864 1690  255 50  4 46
 0 0 0 9404936 6279440 148 2185 0 0 0 0  0  0  0  0  0  851 1675  255 50  4 46
 0 0 0 9404784 6279360 78 1193 0 0 0  0  0  0  0  0  0  686 1384  260 50  3 47
 0 0 0 9405084 6279484 52 987 0 0  0  0  0  0  0  0  0  661 1067  213 50  1 49
 0 0 0 9405084 6279504 129 2180 0 0 0 0  0  0  0  0  0 1166 1692  260 50  4 46
 0 0 0 9404812 6279380 134 2185 0 0 0 0  0  2  0  0  0 1015 1681  307 50  4 46
 0 0 0 9404624 6279196 129 2184 0 0 0 0  0  0  0  0  0  893 1698  272 50  4 46
 0 0 0 9405040 6279508 129 2185 0 0 0 0  0  0  0  0  0  857 1678  253 50  4 46
 0 0 0 9404784 6279540 147 2188 0 0 0 0  0  0  0  0  0  846 1685  253 50  4 46
 0 0 0 9404756 6279384 129 2186 0 0 0 0  0  0  0  0  0  847 1682  248 50  4 46
 0 0 0 9405028 6279444 132 2155 0 0 0 0  0  0  0  0  0  838 1681  242 50  4 46
 0 0 0 9405032 6279428 2 29  0  0  0  0  0  3  0  0  0  671  682  236 50  0 50
 kthr      memory            page            disk          faults      cpu
 r b w   swap  free  re  mf pi po fr de sr s0 s1 s2 --   in   sy   cs us sy id
 0 0 0 9405036 6279432 129 2187 0 0 0 0  0  0  0  0  0  854 1690  251 50  4 46
 0 0 0 9404988 6279508 129 2185 0 0 0 0  0  0  0  0  0  848 1679  252 50  4 46
 0 0 0 9404736 6279368 147 2190 0 0 0 0  0  0  0  0  0  851 1681  255 50  4 46
 0 0 0 9405036 6279432 129 2185 0 0 0 0  0  0  0  0  0  835 1689  246 50  4 46
 0 0 0 9404780 6279360 129 2187 0 0 0 0  0  0  0  0  0  855 1699  254 50  4 46
 0 0 0 9404720 6279352 134 2185 0 0 0 0  0  2  0  0  0  949 1686  291 50  4 46
 0 0 0 9404856 6279252 129 2187 0 0 0 0  0  0  0  0  0  899 1693  279 50  4 46
 0 0 0 9404756 6279412 16 100 0 0  0  0  0  0  0  0  0  508  757  174 50  1 49
 0 0 0 9405012 6279404 131 2092 0 0 0 0  0  0  0  0  0  845 1599  256 50  3 47
 0 0 0 9404712 6279272 129 2185 0 0 0 0  0  0  0  0  0  851 1680  253 50  4 46
 0 0 0 9405008 6279420 129 2186 0 0 0 0  0  0  0  0  0  847 1698  244 50  4 46
 0 0 0 9404756 6279328 135 2187 0 0 0 0  0  2  0  0  0  969 1686  300 50  4 46
 0 0 0 9404820 6279360 129 2183 0 0 0 0  0  0  0  0  0  848 1690  246 50  4 46
 0 0 0 9404916 6279356 145 2192 0 0 0 0  0  0  0  0  0  850 1677  252 50  4 46
 0 0 0 9405008 6279440 132 2186 0 0 0 0  0  0  0  0  0  862 1776  303 50  4 46
 0 0 0 9404744 6279268 37 575 0 0  0  0  0  0  0  0  0  601  969  196 50  2 48
 0 0 0 9404868 6279280 92 1611 0 0 0  0  0  0  0  0  0 1056 1396  228 50  3 48
 0 0 0 9404556 6279112 134 2186 0 0 0 0  0  3  0  0  0 1023 1683  310 50  4 46
 0 0 0 9404736 6279120 129 2184 0 0 0 0  0  0  0  0  0  899 1691  286 50  4 46
 kthr      memory            page            disk          faults      cpu
 r b w   swap  free  re  mf pi po fr de sr s0 s1 s2 --   in   sy   cs us sy id
 0 0 0 9404548 6279224 129 2187 0 0 0 0  0  0  0  0  0  862 1679  256 50  4 46
 0 0 0 9461324 6329844 148 2194 0 0 0 0  0  0  0  0  0  862 1696  256 41  4 54
 0 0 0 9546756 6405740 129 2185 0 0 0 0  0  0  0  0  0  757 1679  253 25  4 71
 0 0 0 9553144 6412932 147 2677 0 0 0 0  0  0  0  0  0  800 3003  268 28  4 68
 0 0 0 9585988 6443924 77 1194 0 0 0  0  0  3  0  0  0  770 1263  291 25  3 72
 0 0 0 9586288 6444076 53 991 0 0  0  0  0  0  0  0  0  629 1092  218 25  1 74
 0 0 0 9586284 6444548 129 2183 0 0 0 0  0  0  0  0  0  760 1668  252 25  4 71
 0 0 0 9586028 6444704 147 2193 0 0 0 0  0  0  0  0  0  766 1692  265 25  4 71
 0 0 0 9585992 6444620 129 2185 0 0 0 0  0  0  0  0  0  749 1676  256 25  4 71
 0 0 0 9586272 6444780 129 2184 0 0 0 0  0  0  0  0  0  752 1687  260 25  4 71
 0 0 0 9586004 6444716 134 2183 0 0 0 0  0  2  0  0  0  849 1677  308 25  4 71
 0 0 0 9585828 6444500 129 2184 0 0 0 0  0  0  0  0  0  795 1689  282 25  4 71
 0 0 0 9586244 6444812 148 2193 0 0 0 0  0  0  0  0  0  763 1676  252 25  4 71
 0 0 0 9585988 6444652 12 99 0  0  0  0  0  0  0  0  0  516  752  178 25  1 74
 0 0 0 9586240 6444744 117 2083 0 0 0 0  0  0  0  0  0  741 1599  253 25  3 72
 0 0 0 9585944 6444640 129 2183 0 0 0 0  0  0  0  0  0  748 1685  257 25  4 71
 0 0 0 9586244 6444768 134 2184 0 0 0 0  0  2  0  0  0  841 1680  312 25  4 71
 0 0 0 9585988 6444652 129 2184 0 0 0 0  0  0  0  0  0  765 1689  256 25  4 71
 0 0 0 9585944 6444624 136 2186 0 0 0 0  0  0  0  0  0  753 1670  252 25  4 71
 kthr      memory            page            disk          faults      cpu
 r b w   swap  free  re  mf pi po fr de sr s0 s1 s2 --   in   sy   cs us sy id
 0 0 0 9586240 6444772 131 2182 0 0 0 0  0  0  0  0  0  749 1774  306 25  4 71
 0 0 0 9585976 6444648 129 2184 0 0 0 0  0  0  0  0  0  754 1680  252 25  4 71
 0 0 0 9585924 6444604 81 1194 0 0 0  0  0  0  0  0  0  794 1256  220 25  2 72
 0 0 0 9586100 6444604 53 990 0 0  0  0  0  2  0  0  0  705 1101  263 25  2 73
 0 0 0 9585960 6444464 129 2182 0 0 0 0  0  0  0  0  0  776 1694  280 25  4 71
 0 0 0 9585772 6444576 129 2183 0 0 0 0  0  0  0  0  0  760 1673  256 25  4 71
 0 0 0 9585788 6444532 147 2190 0 0 0 0  0  0  0  0  0  756 1689  270 25  4 71
 0 0 0 9586080 6444584 129 2183 0 0 0 0  0  0  0  0  0  765 1674  260 25  4 71
 0 0 0 9586080 6444596 131 2182 0 0 0 0  0  0  0  0  0  759 1682  260 25  4 71
 0 0 0 9585776 6444484 132 2185 0 0 0 0  0  4  0  0  0  895 1684  337 25  4 71
 0 0 0 9586096 6444600 129 2183 0 0 0 0  0  0  0  0  0  750 1685  262 25  4 71
 0 0 0 9586080 6444724 17 100 0 0  0  0  0  0  0  0  0  523  718  175 25  0 75
 0 0 0 9586080 6444584 131 2090 0 0 0 0  0  0  0  0  0  743 1636  256 25  3 71
 0 0 0 9586024 6444580 129 2184 0 0 0 0  0  0  0  0  0  771 1682  267 25  4 71
 0 0 0 9586024 6444600 129 2184 0 0 0 0  0  0  0  0  0  740 1685  255 25  4 71
 0 0 0 9586056 6444604 134 2180 0 0 0 0  0  2  0  0  0  847 1679  301 25  4 71
 0 0 0 9585784 6444448 129 2185 0 0 0 0  0  0  0  0  0  803 1692  283 25  4 71
 0 0 0 9585968 6444528 146 2190 0 0 0 0  0  0  0  0  0  747 1676  249 25  4 71
 0 0 0 9586060 6444588 130 2179 0 0 0 0  0  0  0  0  0  761 1684  259 25  4 71
 kthr      memory            page            disk          faults      cpu
 r b w   swap  free  re  mf pi po fr de sr s0 s1 s2 --   in   sy   cs us sy id
 0 0 0 9585976 6444532 77 1195 0 0 0  0  0  0  0  0  0  639 1226  211 25  2 73
 0 0 0 9586056 6444592 53 990 0 0  0  0  0  0  0  0  0  637 1127  216 25  2 73
 0 0 0 9585988 6444552 134 2182 0 0 0 0  0  2  0  0  0  873 1676  304 25  4 71
 0 0 0 9586060 6444564 129 2183 0 0 0 0  0  0  0  0  0  750 1689  254 25  4 71
 0 0 0 9586012 6444700 129 2182 0 0 0 0  0  0  0  0  0  741 1671  255 25  4 71
 0 0 0 9585980 6444684 148 2193 0 0 0 0  0  0  0  0  0  764 1778  305 25  4 71
 0 0 0 9586036 6444544 129 2183 0 0 0 0  0  0  0  0  0  745 1675  259 25  4 71
 0 0 0 9585980 6444528 134 2183 0 0 0 0  0  0  0  0  0  908 1699  268 25  4 71
 0 0 0 9586040 6444556 127 2172 0 0 0 0  0  3  0  0  0  850 1677  322 25  4 71
 0 0 0 9585928 6444432 2 13  0  0  0  0  0  0  0  0  0  538  688  196 25  0 75
 0 0 0 9586036 6444680 129 2184 0 0 0 0  0  0  0  0  0  770 1673  268 25  4 71
 0 0 0 9585992 6444552 147 2190 0 0 0 0  0  0  0  0  0  764 1690  264 25  4 71
 0 0 0 9586048 6444564 129 2182 0 0 0 0  0  0  0  0  0  749 1679  255 25  4 71
 0 0 0 9586032 6444568 129 2182 0 0 0 0  0  0  0  0  0  757 1682  253 25  4 71
 0 0 0 9585940 6444524 134 2184 0 0 0 0  0  3  0  0  0  863 1678  318 25  4 71
 0 0 0 9585992 6444540 129 2184 0 0 0 0  0  0  0  0  0  750 1684  261 25  4 71
 0 0 0 9586032 6444604 147 2186 0 0 0 0  0  0  0  0  0  756 1669  252 25  4 71
 0 0 0 9585900 6444512 56 976 0 0  0  0  0  0  0  0  0  617 1133  215 25  2 73
 0 0 0 9586012 6444520 73 1209 0 0 0  0  0  0  0  0  0  662 1222  216 25  2 73
 kthr      memory            page            disk          faults      cpu
 r b w   swap  free  re  mf pi po fr de sr s0 s1 s2 --   in   sy   cs us sy id
 0 0 0 9585976 6444548 129 2186 0 0 0 0  0  0  0  0  0  758 1692  258 25  4 71
 0 0 0 9586008 6444532 134 2182 0 0 0 0  0  2  0  0  0  860 1675  310 25  4 71
 0 0 0 9585828 6444372 129 2182 0 0 0 0  0  0  0  0  0  790 1693  276 25  4 71
 0 0 0 9585968 6444612 137 2188 0 0 0 0  0  0  0  0  0  752 1674  245 25  4 71
 0 0 0 9586012 6444644 140 2186 0 0 0 0  0  0  0  0  0  766 1684  259 25  4 71
 0 0 0 9586044 6444544 129 2182 0 0 0 0  0  0  0  0  0  752 1670  255 25  4 71
 0 0 0 9585964 6444516 110 1747 0 0 0 0  0  0  0  0  0  705 1512  236 25  4 71
 0 0 0 9586012 6444512 25 436 0 0  0  0  0  2  0  0  0  646  843  242 25  0 74
 0 0 0 9586012 6444512 129 2182 0 0 0 0  0  0  0  0  0  757 1688  258 25  4 71
 0 0 0 9585916 6444624 129 2184 0 0 0 0  0  0  0  0  0  753 1676  262 25  4 71
 0 0 0 9585940 6444572 147 2190 0 0 0 0  0  0  0  0  0  760 1778  304 25  4 71
 0 0 0 9585992 6444492 129 2180 0 0 0 0  0  0  0  0  0  747 1675  254 25  4 71
 0 0 0 9585948 6444504 132 2185 0 0 0 0  0  0  0  0  0  918 1688  255 25  4 71
 0 0 0 9585860 6444432 132 2182 0 0 0 0  0  2  0  0  0  833 1676  301 25  4 71
 0 0 0 9585668 6444168 129 2185 0 0 0 0  0  0  0  0  0  800 1693  284 25  4 71
 0 0 0 9585712 6444400 50 532 0 0  0  0  0  0  0  0  0  556  946  186 25  2 73
 0 0 0 9585752 6444252 97 1656 0 0 0  0  0  0  0  0  0  707 1401  242 25  2 73
 0 0 0 9585452 6444116 129 2186 0 0 0 0  0  0  0  0  0  760 1678  254 25  4 71
 0 0 0 9585748 6444280 129 2182 0 0 0 0  0  0  0  0  0  766 1683  255 25  4 71
 kthr      memory            page            disk          faults      cpu
 r b w   swap  free  re  mf pi po fr de sr s0 s1 s2 --   in   sy   cs us sy id
 0 0 0 9585476 6444156 134 2183 0 0 0 0  0  2  0  0  0  837 1676  307 25  4 71
 0 0 0 9585436 6444108 129 2183 0 0 0 0  0  0  0  0  0  763 1687  257 25  4 71
 0 0 0 9585724 6444228 147 2189 0 0 0 0  0  0  0  0  0  763 1671  251 25  4 71
 0 0 0 9585452 6444124 130 2185 0 0 0 0  0  0  0  0  0  747 1687  257 25  4 71
 0 0 0 9585412 6444084 76 1191 0 0 0  0  0  0  0  0  0  638 1270  222 25  3 72
 0 0 0 9585712 6444244 53 991 0 0  0  0  0  0  0  0  0  619 1076  210 25  1 74
 0 0 0 9585708 6444204 134 2182 0 0 0 0  0  2  0  0  0  851 1676  308 25  4 71
 0 0 0 9585332 6443988 129 2183 0 0 0 0  0  0  0  0  0  779 1689  281 25  4 71
 0 0 0 9585412 6444224 129 2184 0 0 0 0  0  0  0  0  0  746 1673  261 25  4 71
 0 0 0 9585712 6444352 147 2190 0 0 0 0  0  0  0  0  0  748 1685  261 25  4 71
 0 0 0 9585452 6444108 129 2183 0 0 0 0  0  0  0  0  0  759 1677  253 25  4 71
 0 0 0 9585360 6444024 134 2181 0 0 0 0  0  0  0  0  0  746 1685  257 25  4 71
 0 0 0 9585584 6444080 129 2184 0 0 0 0  0  2  0  0  0  864 1675  305 25  4 71
 0 0 0 9585316 6443980 12 100 0 0  0  0  0  0  0  0  0  514  784  174 25  1 74
 0 0 0 9585556 6444204 117 2085 0 0 0 0  0  0  0  0  0  756 1566  252 25  3 72
 0 0 0 9585144 6443808 147 2190 0 0 0 0  0  0  0  0  0  769 1774  317 25  4 71
 0 0 0 9585404 6443900 129 2183 0 0 0 0  0  0  0  0  0  758 1672  260 25  4 71
 0 0 0 9585148 6443848 129 2184 0 0 0 0  0  0  0  0  0  910 1685  262 25  4 71
 0 0 0 9585104 6443808 134 2182 0 0 0 0  0  2  0  0  0  851 1674  310 25  4 71
 kthr      memory            page            disk          faults      cpu
 r b w   swap  free  re  mf pi po fr de sr s0 s1 s2 --   in   sy   cs us sy id
 0 0 0 9585252 6443748 129 2185 0 0 0 0  0  0  0  0  0  794 1695  282 25  4 71
 0 0 0 9585148 6443860 147 2188 0 0 0 0  0  0  0  0  0  758 1672  248 25  4 71
 1 0 0 9585104 6443772 77 1194 0 0 0  0  0  0  0  0  0  644 1279  221 25  3 72
 0 0 0 9585400 6443896 53 989 0 0  0  0  0  0  0  0  0  630 1068  212 25  1 74
 0 0 0 9585400 6443940 129 2185 0 0 0 0  0  0  0  0  0  760 1682  255 25  4 71
 0 0 0 9585148 6443804 134 2183 0 0 0 0  0  2  0  0  0  871 1675  313 25  4 71
 0 0 0 9585096 6443768 129 2189 0 0 0 0  0  0  0  0  0  762 1688  260 25  4 71
 0 0 0 9585376 6444024 129 2186 0 0 0 0  0  0  0  0  0  745 1671  252 25  4 71
 0 0 0 9585120 6443976 147 2194 0 0 0 0  0  0  0  0  0  766 1685  261 25  4 71
 0 0 0 9585084 6443748 129 2187 0 0 0 0  0  0  0  0  0  763 1678  255 25  4 71
 0 0 0 9585380 6443896 135 2257 0 0 0 0  0  0  0  0  0  769 1726  263 25  4 71
 0 0 0 9585120 6443780 12 99 0  0  0  0  0  2  0  0  0  627  753  226 25  1 74
 0 0 0 9585240 6443736 117 2091 0 0 0 0  0  0  0  0  0  783 1604  274 25  3 72
 0 0 0 9585080 6443936 129 2187 0 0 0 0  0  0  0  0  0  774 1671  262 25  4 71
 0 0 0 9585380 6443948 147 2198 0 0 0 0  0  0  0  0  0  746 1685  262 25  4 71
 0 0 0 9585120 6443780 129 2188 0 0 0 0  0  0  0  0  0  763 1672  251 25  4 71
 0 0 0 9585080 6443744 129 2192 0 0 0 0  0  0  0  0  0  754 1685  257 25  4 71
 0 0 0 9585352 6443852 129 2195 0 0 0 0  0  3  0  0  0  843 1683  310 25  4 71
 0 0 0 9585084 6443748 129 2191 0 0 0 0  0  0  0  0  0  759 1688  259 25  4 71
 kthr      memory            page            disk          faults      cpu
 r b w   swap  free  re  mf pi po fr de sr s0 s1 s2 --   in   sy   cs us sy id
 0 0 0 9585040 6443836 95 1203 0 0 0  0  0  0  0  0  0  621 1249  213 25  2 72
 0 0 0 9585336 6443832 53 994 0 0  0  0  0  0  0  0  0  618 1187  259 25  1 73
 0 0 0 9585340 6443836 129 2189 0 0 0 0  0  0  0  0  0  756 1672  262 25  4 71
 0 0 0 9625156 6483616 129 2191 0 0 0 0  0  0  0  0  0 1030 1693  256 11  4 85
 0 0 0 9651820 6510132 135 2199 0 0 0 0  0  3  0  0  0  631 1684  320  0  4 96
 0 0 0 9651408 6509696 187 4234 0 0 0 0  0  0  0  0  0  598 8670  296  4  5 91
 0 0 0 9691852 6549880 166 2475 0 0 0 0  0  0  0  0  0  584 1900  264  2  4 94
 0 0 0 9691808 6550528 129 2195 0 0 0 0  0  0  0  0  0  578 1682  262  0  4 96
 0 0 0 9692100 6551088 129 2197 0 0 0 0  0  0  0  0  0  563 1674  250  0  4 96
 0 0 0 9691844 6551744 17 99 0  0  0  0  0  0  0  0  0  452  761  178  0  1 99
 0 0 0 9692064 6552216 117 2100 0 0 0 0  0  2  0  0  0  613 1592  314  0  3 97
 0 0 0 9691780 6552100 129 2198 0 0 0 0  0  0  0  0  0  558 1686  264  0  4 96
 0 0 0 9692072 6552428 129 2194 0 0 0 0  0  0  0  0  0  578 1668  255  0  4 96
 0 0 0 9691816 6552252 147 2201 0 0 0 0  0  0  0  0  0  584 1686  260  0  4 96
 0 0 0 9691780 6552092 129 2198 0 0 0 0  0  0  0  0  0  573 1672  257  0  4 96
 0 0 0 9692076 6552224 134 2198 0 0 0 0  0  0  0  0  0  578 1685  259  0  4 96
 0 0 0 9691816 6552124 129 2195 0 0 0 0  0  2  0  0  0  614 1673  302  0  4 96
 0 0 0 9691684 6551996 76 1198 0 0 0  0  0  0  0  0  0  561 1276  244  0  3 97
 0 0 0 9692056 6552412 52 997 0 0  0  0  0  0  0  0  0  510 1076  213  0  1 99
 kthr      memory            page            disk          faults      cpu
 r b w   swap  free  re  mf pi po fr de sr s0 s1 s2 --   in   sy   cs us sy id
 0 0 0 9692056 6552204 147 2205 0 0 0 0  0  0  0  0  0  576 1683  262  0  4 96
 0 0 0 9691796 6552104 129 2195 0 0 0 0  0  0  0  0  0  578 1670  258  0  4 96
 0 0 0 9691744 6552100 128 2197 0 0 0 0  0  0  0  0  0  580 1688  262  0  4 96
 0 0 0 9692032 6552224 133 2196 0 0 0 0  0  2  0  0  0  621 1673  311  0  4 96
 0 0 0 9691776 6552084 129 2197 0 0 0 0  0  0  0  0  0  584 1683  257  0  4 96
 0 0 0 9691728 6552108 147 2205 0 0 0 0  0  0  0  0  0  561 1673  254  0  4 96
 0 0 0 9692028 6552176 129 2194 0 0 0 0  0  0  0  0  0  573 1773  310  0  4 96
 0 0 0 9691776 6552084 12 100 0 0  0  0  0  0  0  0  0  465  761  172  0  1 99
 0 0 0 9692032 6552228 117 2096 0 0 0 0  0  0  0  0  0  585 1591  258  0  3 97
 0 0 0 9691724 6552040 134 2198 0 0 0 0  0  2  0  0  0  684 1676  307  0  4 96
 0 0 0 9691904 6552052 129 2193 0 0 0 0  0  0  0  0  0  586 1685  274  0  4 96
 0 0 0 9691716 6552040 140 2202 0 0 0 0  0  0  0  0  0  577 1674  263  0  4 96
 0 0 0 9691728 6552060 131 2195 0 0 0 0  0  0  0  0  0  575 1684  261  0  4 96
 0 0 0 9692024 6552172 129 2197 0 0 0 0  0  0  0  0  0  569 1672  254  0  4 96
 0 0 0 9691760 6552080 134 2196 0 0 0 0  0  0  0  0  0  574 1686  258  0  4 96
 0 0 0 9691704 6552024 77 1201 0 0 0  0  0  3  0  0  0  570 1270  279  0  3 97
 0 0 0 9692004 6552152 52 995 0 0  0  0  0  0  0  0  0  508 1080  216  0  1 99
 0 0 0 9692000 6552360 129 2197 0 0 0 0  0  0  0  0  0  580 1675  259  0  4 96
 0 0 0 9691744 6552104 147 2201 0 0 0 0  0  0  0  0  0  572 1684  265  0  4 96
 kthr      memory            page            disk          faults      cpu
 r b w   swap  free  re  mf pi po fr de sr s0 s1 s2 --   in   sy   cs us sy id
 0 0 0 9691696 6552012 129 2195 0 0 0 0  0  0  0  0  0  572 1670  259  0  4 96
 0 0 0 9691988 6552160 131 2195 0 0 0 0  0  0  0  0  0  587 1686  264  0  4 96
 0 0 0 9691724 6552052 131 2193 0 0 0 0  0  3  0  0  0  638 1672  325  0  4 96
 0 0 0 9691588 6551904 129 2195 0 0 0 0  0  0  0  0  0  610 1687  284  0  4 96
 0 0 0 9691964 6552252 147 2204 0 0 0 0  0  0  0  0  0  580 1675  252  0  4 96
 0 0 0 9691708 6552016 12 100 0 0  0  0  0  0  0  0  0  467  774  178  0  1 99
 0 0 0 9691952 6552104 117 2096 0 0 0 0  0  0  0  0  0  571 1572  252  0  3 97
 0 0 0 9691636 6552012 129 2193 0 0 0 0  0  0  0  0  0  577 1684  262  0  4 96
 0 0 0 9691940 6552108 134 2194 0 0 0 0  0  2  0  0  0  618 1674  313  0  4 96
 0 0 0 9691684 6551992 129 2193 0 0 0 0  0  0  0  0  0  557 1682  260  0  4 96
 0 0 0 9691636 6551952 146 2202 0 0 0 0  0  0  0  0  0  572 1674  257  0  4 96
 0 0 0 9691936 6552084 129 2193 0 0 0 0  0  0  0  0  0  590 1772  306  0  4 96
 0 0 0 9691684 6551992 129 2193 0 0 0 0  0  0  0  0  0  588 1679  263  0  4 96
 0 0 0 9691640 6551988 80 1171 0 0 0  0  0  0  0  0  0  527 1215  230  0  3 97
 0 0 0 9691940 6552088 50 955 0 0  0  0  0  2  0  0  0  570 1022  282  0  1 99
 0 0 0 9691816 6551964 129 2199 0 0 0 0  0  0  0  0  0  603 1753  295  0  4 96
 0 0 0 9691832 6552164 128 2192 0 0 0 0  0  0  0  0  0  583 1671  278  0  4 96
 0 0 0 9691700 6552216 147 2196 0 0 0 0  0  0  0  0  0  592 1161  275  0  4 96
 0 0 0 9691936 6552084 129 2195 0 0 0 0  0  0  0  0  0  587 1674  270  0  4 96
 kthr      memory            page            disk          faults      cpu
 r b w   swap  free  re  mf pi po fr de sr s0 s1 s2 --   in   sy   cs us sy id
 0 0 0 9691616 6551944 132 2198 0 0 0 0  0  0  0  0  0  582 1688  274  0  4 96
 0 0 0 9691916 6552068 0  1  0  0  0  0  0  2  0  0  0  468  708  236  0  0 100
 0 0 0 9691916 6552064 129 2189 0 0 0 0  0  0  0  0  0  574 1681  259  0  4 96
 0 0 0 9691656 6552032 129 2190 0 0 0 0  0  0  0  0  0  572 1672  259  0  4 96
 0 0 0 9691616 6552004 147 2198 0 0 0 0  0  0  0  0  0  579 1683  261  0  4 96
 0 0 0 9691916 6552064 129 2190 0 0 0 0  0  0  0  0  0  584 1676  259  0  4 96
 0 0 0 9691660 6551980 129 2186 0 0 0 0  0  0  0  0  0  585 1682  261  0  4 96
 0 0 0 9691616 6551992 134 2186 0 0 0 0  0  2  0  0  0  617 1676  315  0  4 96
 0 0 0 9691836 6551984 129 2186 0 0 0 0  0  0  0  0  0  601 1688  282  0  4 96
 0 0 0 9691660 6552020 16 100 0 0  0  0  0  0  0  0  0  445  732  173  0  1 99
 0 0 0 9691916 6552064 130 2092 0 0 0 0  0  0  0  0  0  576 1610  264  0  3 97
 0 0 0 9691596 6551920 129 2188 0 0 0 0  0  0  0  0  0  567 1672  255  0  4 96
 0 0 0 9691888 6552048 129 2187 0 0 0 0  0  0  0  0  0  573 1681  255  0  4 96
 0 0 0 9691636 6551964 134 2187 0 0 0 0  0  2  0  0  0  612 1676  313  0  4 96
 0 0 0 9691596 6551908 128 2186 0 0 0 0  0  0  0  0  0  559 1686  260  0  4 96
 0 0 0 9691888 6552108 129 2186 0 0 0 0  0  0  0  0  0  555 1671  255  0  4 96
 0 0 0 9691632 6552212 147 2194 0 0 0 0  0  0  0  0  0  582 1688  262  0  4 96
 0 0 0 9691600 6551912 76 1193 0 0 0  0  0  0  0  0  0  507 1335  261  0  3 97
 0 0 0 9691912 6552072 52 992 0 0  0  0  0  0  0  0  0  514 1095  214  0  1 98
 kthr      memory            page            disk          faults      cpu
 r b w   swap  free  re  mf pi po fr de sr s0 s1 s2 --   in   sy   cs us sy id
 0 0 0 9691904 6552052 134 2186 0 0 0 0  0  2  0  0  0  616 1675  312  0  4 96
 0 0 0 9691532 6551840 129 2187 0 0 0 0  0  0  0  0  0  579 1687  271  0  4 96
 0 0 0 9691616 6552000 128 2184 0 0 0 0  0  0  0  0  0  579 1669  265  0  4 96
 0 0 0 9691912 6552204 147 2193 0 0 0 0  0  0  0  0  0  588 1683  263  0  4 96
 0 0 0 9691632 6551952 129 2188 0 0 0 0  0  0  0  0  0  572 1677  253  0  4 96
 0 0 0 9691588 6551904 129 2186 0 0 0 0  0  0  0  0  0  585 1683  259  0  4 96
 0 0 0 9691884 6552068 131 2186 0 0 0 0  0  3  0  0  0  628 1675  327  0  4 96
 0 0 0 9691632 6551940 12 99 0  0  0  0  0  0  0  0  0  423  761  171  0  1 99
 0 0 0 9691884 6552104 117 2085 0 0 0 0  0  0  0  0  0  568 1580  254  0  3 97
 0 0 0 9691584 6551900 147 2194 0 0 0 0  0  0  0  0  0  579 1682  261  0  4 96
 0 0 0 9691888 6552036 129 2186 0 0 0 0  0  0  0  0  0  566 1670  255  0  4 96
 0 0 0 9691632 6551952 129 2185 0 0 0 0  0  0  0  0  0  575 1680  253  0  4 96
 0 0 0 9691544 6551904 134 2186 0 0 0 0  0  2  0  0  0  607 1677  311  0  4 96
 0 0 0 9691772 6551920 129 2186 0 0 0 0  0  0  0  0  0  589 1691  285  0  4 96
 0 0 0 9691592 6551900 141 2193 0 0 0 0  0  0  0  0  0  583 1672  255  0  4 96
 0 0 0 9691528 6551860 77 1195 0 0 0  0  0  0  0  0  0  525 1286  228  0  3 97
 0 0 0 9691820 6551972 52 992 0 0  0  0  0  0  0  0  0  516 1061  218  0  1 99
 0 0 0 9691820 6551988 129 2184 0 0 0 0  0  0  0  0  0  565 1681  261  0  4 96
 0 0 0 9691568 6551876 134 2187 0 0 0 0  0  2  0  0  0  665 1679  311  0  4 96
 kthr      memory            page            disk          faults      cpu
 r b w   swap  free  re  mf pi po fr de sr s0 s1 s2 --   in   sy   cs us sy id
 0 0 0 9691524 6551840 129 2186 0 0 0 0  0  0  0  0  0  584 1682  264  0  4 96
 0 0 0 9691820 6552040 128 2185 0 0 0 0  0  0  0  0  0  571 1669  254  0  4 96
 0 0 0 9691564 6552072 147 2196 0 0 0 0  0  0  0  0  0  588 1683  257  0  4 96
 0 0 0 9691524 6551840 129 2184 0 0 0 0  0  0  0  0  0  576 1765  299  0  4 96
 0 0 0 9691824 6551972 134 2185 0 0 0 0  0  0  0  0  0  576 1681  260  0  4 96
 0 0 0 9691560 6551868 12 99 0  0  0  0  0  3  0  0  0  509  773  243  0  1 99
 0 0 0 9691700 6551848 117 2088 0 0 0 0  0  0  0  0  0  573 1583  273  0  3 97
 0 0 0 9691524 6551912 129 2186 0 0 0 0  0  0  0  0  0  579 1670  266  0  4 96
 0 0 0 9691804 6552036 147 2193 0 0 0 0  0  0  0  0  0  592 1685  262  0  4 96
 0 0 0 9691540 6551852 129 2186 0 0 0 0  0  0  0  0  0  572 1672  256  0  4 96
 0 0 0 9691496 6551836 129 2185 0 0 0 0  0  0  0  0  0  572 1681  257  0  4 96
 0 0 0 9691800 6552012 134 2187 0 0 0 0  0  2  0  0  0  606 1675  309  0  4 96
 0 0 0 9691544 6551852 129 2187 0 0 0 0  0  0  0  0  0  582 1685  259  0  4 96
 0 0 0 9691496 6551812 95 1204 0 0 0  0  0  0  0  0  0  520 1273  215  0  3 97
 0 0 0 9691796 6551944 52 989 0 0  0  0  0  0  0  0  0  516 1070  222  0  1 99
 0 0 0 9691800 6551948 129 2186 0 0 0 0  0  0  0  0  0  572 1673  259  0  4 96
 0 0 0 9691544 6551872 128 2183 0 0 0 0  0  0  0  0  0  565 1692  262  0  4 96
 0 0 0 9691496 6551836 134 2186 0 0 0 0  0  2  0  0  0  603 1677  311  0  4 96
 0 0 0 9691724 6551872 129 2189 0 0 0 0  0  0  0  0  0  595 1691  281  0  4 96
 kthr      memory            page            disk          faults      cpu
 r b w   swap  free  re  mf pi po fr de sr s0 s1 s2 --   in   sy   cs us sy id
 0 0 0 9691524 6551868 137 2188 0 0 0 0  0  0  0  0  0  585 1669  252  0  4 96
 0 0 0 9691476 6551868 135 2187 0 0 0 0  0  0  0  0  0  586 1684  265  0  4 96
 0 0 0 9691772 6551920 129 2186 0 0 0 0  0  0  0  0  0  574 1674  254  0  4 96
 0 0 0 9691516 6551820 36 474 0 0  0  0  0  0  0  0  0  490  933  192  0  2 98
 0 0 0 9691776 6551924 98 1711 0 0 0  0  0  2  0  0  0  591 1414  297  0  2 98
 0 0 0 9691476 6551788 129 2185 0 0 0 0  0  0  0  0  0  573 1688  264  0  4 96
 0 0 0 9691772 6552052 129 2188 0 0 0 0  0  0  0  0  0  579 1672  259  0  4 96
 0 0 0 9691516 6551944 147 2191 0 0 0 0  0  0  0  0  0  584 1681  266  0  4 96
 0 0 0 9691732 6551928 129 2185 0 0 0 0  0  0  0  0  0  570 1758  299  0  4 96
 0 0 0 9691776 6551944 129 2188 0 0 0 0  0  0  0  0  0  574 1686  261  0  4 96
 0 0 0 9691712 6551968 134 2185 0 0 0 0  0  2  0  0  0  609 1676  315  0  4 96
 0 0 0 9691404 6551720 96 1561 0 0 0  0  0  0  0  0  0  567 1444  259  0  3 96
