
SunOS canfire03 5.11 onnv-gate i86pc    05/10/2009

02:47:56  pgout/s ppgout/s pgfree/s pgscan/s %ufs_ipf
02:48:01     0.00     0.00     0.00     0.00     0.00
02:48:06     0.00     0.00     0.00     0.00     0.00
02:48:11     0.00     0.00     0.00     0.00     0.00
02:48:16     0.00     0.00     0.00     0.00     0.00
02:48:21     0.00     0.00     0.00     0.00     0.00
02:48:26     0.00     0.00     0.00     0.00     0.00
02:48:31     0.00     0.00     0.00     0.00     0.00
02:48:36     0.00     0.00     0.00     0.00     0.00
02:48:41     0.00     0.00     0.00     0.00     0.00
02:48:46     0.00     0.00     0.00     0.00     0.00
02:48:51     0.00     0.00     0.00     0.00     0.00
02:48:56     0.00     0.00     0.00     0.00     0.00
02:49:01     0.00     0.00     0.00     0.00     0.00
02:49:06     0.00     0.00     0.00     0.00     0.00
02:49:11     0.00     0.00     0.00     0.00     0.00
02:49:16     0.00     0.00     0.00     0.00     0.00
02:49:21     0.00     0.00     0.00     0.00     0.00
02:49:26     0.00     0.00     0.00     0.00     0.00
02:49:31     0.00     0.00     0.00     0.00     0.00
02:49:36     0.00     0.00     0.00     0.00     0.00
02:49:41     0.00     0.00     0.00     0.00     0.00
02:49:46     0.00     0.00     0.00     0.00     0.00
02:49:51     0.00     0.00     0.00     0.00     0.00
02:49:56     0.00     0.00     0.00     0.00     0.00
02:50:01     0.00     0.00     0.00     0.00     0.00
02:50:06     0.00     0.00     0.00     0.00     0.00
02:50:11     0.00     0.00     0.00     0.00     0.00
02:50:16     0.00     0.00     0.00     0.00     0.00
02:50:21     0.00     0.00     0.00     0.00     0.00
02:50:26     0.00     0.00     0.00     0.00     0.00
02:50:31     0.00     0.00     0.00     0.00     0.00
02:50:36     0.00     0.00     0.00     0.00     0.00
02:50:41     0.00     0.00     0.00     0.00     0.00
02:50:46     0.00     0.00     0.00     0.00     0.00
02:50:51     0.00     0.00     0.00     0.00     0.00
02:50:56     0.00     0.00     0.00     0.00     0.00
02:51:01     0.00     0.00     0.00     0.00     0.00
02:51:06     0.00     0.00     0.00     0.00     0.00
02:51:11     0.00     0.00     0.00     0.00     0.00
02:51:16     0.00     0.00     0.00     0.00     0.00
02:51:21     0.00     0.00     0.00     0.00     0.00
02:51:26     0.00     0.00     0.00     0.00     0.00
02:51:31     0.00     0.00     0.00     0.00     0.00
02:51:36     0.00     0.00     0.00     0.00     0.00
02:51:41     0.00     0.00     0.00     0.00     0.00
02:51:46     0.00     0.00     0.00     0.00     0.00
02:51:51     0.00     0.00     0.00     0.00     0.00
02:51:56     0.00     0.00     0.00     0.00     0.00
02:52:01     0.00     0.00     0.00     0.00     0.00
02:52:06     0.00     0.00     0.00     0.00     0.00
02:52:11     0.00     0.00     0.00     0.00     0.00
02:52:16     0.00     0.00     0.00     0.00     0.00
02:52:21     0.00     0.00     0.00     0.00     0.00
02:52:26     0.00     0.00     0.00     0.00     0.00
02:52:31     0.00     0.00     0.00     0.00     0.00
02:52:36     0.00     0.00     0.00     0.00     0.00
02:52:41     0.00     0.00     0.00     0.00     0.00
02:52:46     0.00     0.00     0.00     0.00     0.00
02:52:51     0.00     0.00     0.00     0.00     0.00
02:52:56     0.00     0.00     0.00     0.00     0.00
02:53:01     0.00     0.00     0.00     0.00     0.00
02:53:06     0.00     0.00     0.00     0.00     0.00
02:53:11     0.00     0.00     0.00     0.00     0.00
02:53:16     0.00     0.00     0.00     0.00     0.00
02:53:21     0.00     0.00     0.00     0.00     0.00
02:53:26     0.00     0.00     0.00     0.00     0.00
02:53:31     0.00     0.00     0.00     0.00     0.00
02:53:36     0.00     0.00     0.00     0.00     0.00
02:53:41     0.00     0.00     0.00     0.00     0.00
02:53:47     0.00     0.00     0.00     0.00     0.00
02:53:52     0.00     0.00     0.00     0.00     0.00
02:53:57     0.00     0.00     0.00     0.00     0.00
02:54:02     0.00     0.00     0.00     0.00     0.00
02:54:07     0.00     0.00     0.00     0.00     0.00
02:54:12     0.00     0.00     0.00     0.00     0.00
02:54:17     0.00     0.00     0.00     0.00     0.00
02:54:22     0.00     0.00     0.00     0.00     0.00
02:54:27     0.00     0.00     0.00     0.00     0.00
02:54:32     0.00     0.00     0.00     0.00     0.00
02:54:37     0.00     0.00     0.00     0.00     0.00
02:54:42     0.00     0.00     0.00     0.00     0.00
02:54:47     0.00     0.00     0.00     0.00     0.00
02:54:52     0.00     0.00     0.00     0.00     0.00
02:54:57     0.00     0.00     0.00     0.00     0.00
02:55:02     0.00     0.00     0.00     0.00     0.00
02:55:07     0.00     0.00     0.00     0.00     0.00
02:55:12     0.00     0.00     0.00     0.00     0.00
02:55:17     0.00     0.00     0.00     0.00     0.00
02:55:22     0.00     0.00     0.00     0.00     0.00
02:55:27     0.00     0.00     0.00     0.00     0.00
02:55:32     0.00     0.00     0.00     0.00     0.00
02:55:37     0.00     0.00     0.00     0.00     0.00
02:55:42     0.00     0.00     0.00     0.00     0.00
02:55:47     0.00     0.00     0.00     0.00     0.00
02:55:52     0.00     0.00     0.00     0.00     0.00
02:55:57     0.00     0.00     0.00     0.00     0.00
02:56:02     0.00     0.00     0.00     0.00     0.00
02:56:07     0.00     0.00     0.00     0.00     0.00
02:56:12     0.00     0.00     0.00     0.00     0.00
02:56:17     0.00     0.00     0.00     0.00     0.00
02:56:22     0.00     0.00     0.00     0.00     0.00
02:56:27     0.00     0.00     0.00     0.00     0.00
02:56:32     0.00     0.00     0.00     0.00     0.00
02:56:37     0.00     0.00     0.00     0.00     0.00
02:56:42     0.00     0.00     0.00     0.00     0.00
02:56:47     0.00     0.00     0.00     0.00     0.00
02:56:52     0.00     0.00     0.00     0.00     0.00
02:56:57     0.00     0.00     0.00     0.00     0.00
02:57:02     0.00     0.00     0.00     0.00     0.00
02:57:07     0.00     0.00     0.00     0.00     0.00
02:57:12     0.00     0.00     0.00     0.00     0.00
02:57:17     0.00     0.00     0.00     0.00     0.00
02:57:22     0.00     0.00     0.00     0.00     0.00
02:57:27     0.00     0.00     0.00     0.00     0.00
02:57:32     0.00     0.00     0.00     0.00     0.00
02:57:37     0.00     0.00     0.00     0.00     0.00
02:57:42     0.00     0.00     0.00     0.00     0.00
02:57:47     0.00     0.00     0.00     0.00     0.00
02:57:52     0.00     0.00     0.00     0.00     0.00
02:57:57     0.00     0.00     0.00     0.00     0.00
02:58:02     0.00     0.00     0.00     0.00     0.00
02:58:07     0.00     0.00     0.00     0.00     0.00
02:58:12     0.00     0.00     0.00     0.00     0.00
02:58:17     0.00     0.00     0.00     0.00     0.00
02:58:22     0.00     0.00     0.00     0.00     0.00
02:58:27     0.00     0.00     0.00     0.00     0.00
02:58:32     0.00     0.00     0.00     0.00     0.00
02:58:37     0.00     0.00     0.00     0.00     0.00
02:58:42     0.00     0.00     0.00     0.00     0.00
02:58:47     0.00     0.00     0.00     0.00     0.00
02:58:52     0.00     0.00     0.00     0.00     0.00
02:58:57     0.00     0.00     0.00     0.00     0.00
02:59:02     0.00     0.00     0.00     0.00     0.00
02:59:07     0.00     0.00     0.00     0.00     0.00
02:59:12     0.00     0.00     0.00     0.00     0.00
02:59:17     0.00     0.00     0.00     0.00     0.00
02:59:22     0.00     0.00     0.00     0.00     0.00
02:59:27     0.00     0.00     0.00     0.00     0.00
02:59:32     0.00     0.00     0.00     0.00     0.00
02:59:37     0.00     0.00     0.00     0.00     0.00
02:59:42     0.00     0.00     0.00     0.00     0.00
02:59:47     0.00     0.00     0.00     0.00     0.00
02:59:52     0.00     0.00     0.00     0.00     0.00
02:59:57     0.00     0.00     0.00     0.00     0.00
03:00:02     0.00     0.00     0.00     0.00     0.00
03:00:07     0.00     0.00     0.00     0.00     0.00
03:00:12     0.00     0.00     0.00     0.00     0.00
03:00:17     0.00     0.00     0.00     0.00     0.00
03:00:22     0.00     0.00     0.00     0.00     0.00
03:00:27     0.00     0.00     0.00     0.00     0.00
03:00:32     0.00     0.00     0.00     0.00     0.00
03:00:37     0.00     0.00     0.00     0.00     0.00
03:00:42     0.00     0.00     0.00     0.00     0.00
03:00:47     0.00     0.00     0.00     0.00     0.00
03:00:52     0.00     0.00     0.00     0.00     0.00
03:00:57     0.00     0.00     0.00     0.00     0.00
03:01:02     0.00     0.00     0.00     0.00     0.00
03:01:07     0.00     0.00     0.00     0.00     0.00
03:01:12     0.00     0.00     0.00     0.00     0.00
03:01:17     0.00     0.00     0.00     0.00     0.00
03:01:22     0.00     0.00     0.00     0.00     0.00
03:01:27     0.00     0.00     0.00     0.00     0.00
03:01:32     0.00     0.00     0.00     0.00     0.00
03:01:37     0.00     0.00     0.00     0.00     0.00
03:01:42     0.00     0.00     0.00     0.00     0.00
03:01:47     0.00     0.00     0.00     0.00     0.00
03:01:52     0.00     0.00     0.00     0.00     0.00
03:01:57     0.00     0.00     0.00     0.00     0.00
03:02:02     0.00     0.00     0.00     0.00     0.00
03:02:08     0.00     0.00     0.00     0.00     0.00
03:02:13     0.00     0.00     0.00     0.00     0.00
03:02:18     0.00     0.00     0.00     0.00     0.00
03:02:23     0.00     0.00     0.00     0.00     0.00
03:02:28     0.00     0.00     0.00     0.00     0.00
03:02:33     0.00     0.00     0.00     0.00     0.00
03:02:38     0.00     0.00     0.00     0.00     0.00
03:02:43     0.00     0.00     0.00     0.00     0.00
03:02:48     0.00     0.00     0.00     0.00     0.00
03:02:53     0.00     0.00     0.00     0.00     0.00
03:02:58     0.00     0.00     0.00     0.00     0.00
03:03:03     0.00     0.00     0.00     0.00     0.00
03:03:08     0.00     0.00     0.00     0.00     0.00
03:03:13     0.00     0.00     0.00     0.00     0.00
03:03:18     0.00     0.00     0.00     0.00     0.00
03:03:23     0.00     0.00     0.00     0.00     0.00
03:03:28     0.00     0.00     0.00     0.00     0.00
03:03:33     0.00     0.00     0.00     0.00     0.00
03:03:38     0.00     0.00     0.00     0.00     0.00
03:03:43     0.00     0.00     0.00     0.00     0.00
03:03:48     0.00     0.00     0.00     0.00     0.00
03:03:53     0.00     0.00     0.00     0.00     0.00
03:03:58     0.00     0.00     0.00     0.00     0.00
03:04:03     0.00     0.00     0.00     0.00     0.00
03:04:08     0.00     0.00     0.00     0.00     0.00
03:04:13     0.00     0.00     0.00     0.00     0.00
03:04:18     0.00     0.00     0.00     0.00     0.00
03:04:23     0.00     0.00     0.00     0.00     0.00
03:04:28     0.00     0.00     0.00     0.00     0.00
03:04:33     0.00     0.00     0.00     0.00     0.00
03:04:38     0.00     0.00     0.00     0.00     0.00
03:04:43     0.00     0.00     0.00     0.00     0.00
03:04:48     0.00     0.00     0.00     0.00     0.00
03:04:53     0.00     0.00     0.00     0.00     0.00
03:04:58     0.00     0.00     0.00     0.00     0.00
03:05:03     0.00     0.00     0.00     0.00     0.00
03:05:08     0.00     0.00     0.00     0.00     0.00
03:05:13     0.00     0.00     0.00     0.00     0.00
03:05:18     0.00     0.00     0.00     0.00     0.00
03:05:23     0.00     0.00     0.00     0.00     0.00
03:05:28     0.00     0.00     0.00     0.00     0.00
03:05:33     0.00     0.00     0.00     0.00     0.00
03:05:38     0.00     0.00     0.00     0.00     0.00
03:05:43     0.00     0.00     0.00     0.00     0.00
03:05:48     0.00     0.00     0.00     0.00     0.00
03:05:53     0.00     0.00     0.00     0.00     0.00
03:05:58     0.00     0.00     0.00     0.00     0.00
03:06:03     0.00     0.00     0.00     0.00     0.00
03:06:08     0.00     0.00     0.00     0.00     0.00
03:06:13     0.00     0.00     0.00     0.00     0.00
03:06:18     0.00     0.00     0.00     0.00     0.00
03:06:23     0.00     0.00     0.00     0.00     0.00
03:06:28     0.00     0.00     0.00     0.00     0.00
03:06:33     0.00     0.00     0.00     0.00     0.00
03:06:38     0.00     0.00     0.00     0.00     0.00
03:06:43     0.00     0.00     0.00     0.00     0.00
03:06:48     0.00     0.00     0.00     0.00     0.00
03:06:53     0.00     0.00     0.00     0.00     0.00
03:06:58     0.00     0.00     0.00     0.00     0.00
03:07:03     0.00     0.00     0.00     0.00     0.00
03:07:08     0.00     0.00     0.00     0.00     0.00
03:07:13     0.00     0.00     0.00     0.00     0.00
03:07:18     0.00     0.00     0.00     0.00     0.00
03:07:23     0.00     0.00     0.00     0.00     0.00
03:07:28     0.00     0.00     0.00     0.00     0.00
03:07:33     0.00     0.00     0.00     0.00     0.00
03:07:38     0.00     0.00     0.00     0.00     0.00
03:07:43     0.00     0.00     0.00     0.00     0.00
03:07:48     0.00     0.00     0.00     0.00     0.00
03:07:53     0.00     0.00     0.00     0.00     0.00
03:07:58     0.00     0.00     0.00     0.00     0.00
03:08:03     0.00     0.00     0.00     0.00     0.00
03:08:08     0.00     0.00     0.00     0.00     0.00
03:08:13     0.00     0.00     0.00     0.00     0.00
03:08:18     0.00     0.00     0.00     0.00     0.00
03:08:23     0.00     0.00     0.00     0.00     0.00
03:08:28     0.00     0.00     0.00     0.00     0.00
03:08:33     0.00     0.00     0.00     0.00     0.00
03:08:38     0.00     0.00     0.00     0.00     0.00
03:08:43     0.00     0.00     0.00     0.00     0.00
03:08:48     0.00     0.00     0.00     0.00     0.00
03:08:53     0.00     0.00     0.00     0.00     0.00
03:08:58     0.00     0.00     0.00     0.00     0.00
03:09:03     0.00     0.00     0.00     0.00     0.00
03:09:08     0.00     0.00     0.00     0.00     0.00
03:09:13     0.00     0.00     0.00     0.00     0.00
03:09:18     0.00     0.00     0.00     0.00     0.00
03:09:23     0.00     0.00     0.00     0.00     0.00
03:09:28     0.00     0.00     0.00     0.00     0.00
03:09:33     0.00     0.00     0.00     0.00     0.00
03:09:38     0.00     0.00     0.00     0.00     0.00
03:09:43     0.00     0.00     0.00     0.00     0.00
03:09:48     0.00     0.00     0.00     0.00     0.00
03:09:53     0.00     0.00     0.00     0.00     0.00
03:09:58     0.00     0.00     0.00     0.00     0.00
03:10:03     0.00     0.00     0.00     0.00     0.00
03:10:08     0.00     0.00     0.00     0.00     0.00
03:10:13     0.00     0.00     0.00     0.00     0.00
03:10:18     0.00     0.00     0.00     0.00     0.00
03:10:23     0.00     0.00     0.00     0.00     0.00
03:10:29     0.00     0.00     0.00     0.00     0.00
03:10:34     0.00     0.00     0.00     0.00     0.00
03:10:39     0.00     0.00     0.00     0.00     0.00
03:10:44     0.00     0.00     0.00     0.00     0.00
03:10:49     0.00     0.00     0.00     0.00     0.00
03:10:54     0.00     0.00     0.00     0.00     0.00
03:10:59     0.00     0.00     0.00     0.00     0.00
03:11:04     0.00     0.00     0.00     0.00     0.00
03:11:09     0.00     0.00     0.00     0.00     0.00
03:11:14     0.00     0.00     0.00     0.00     0.00
03:11:19     0.00     0.00     0.00     0.00     0.00
03:11:24     0.00     0.00     0.00     0.00     0.00
03:11:29     0.00     0.00     0.00     0.00     0.00
03:11:34     0.00     0.00     0.00     0.00     0.00
03:11:39     0.00     0.00     0.00     0.00     0.00
03:11:44     0.00     0.00     0.00     0.00     0.00
03:11:49     0.00     0.00     0.00     0.00     0.00
03:11:54     0.00     0.00     0.00     0.00     0.00
03:11:59     0.00     0.00     0.00     0.00     0.00
03:12:04     0.00     0.00     0.00     0.00     0.00
03:12:09     0.00     0.00     0.00     0.00     0.00
03:12:14     0.00     0.00     0.00     0.00     0.00
03:12:19     0.00     0.00     0.00     0.00     0.00
03:12:24     0.00     0.00     0.00     0.00     0.00
03:12:29     0.00     0.00     0.00     0.00     0.00
03:12:34     0.00     0.00     0.00     0.00     0.00
03:12:39     0.00     0.00     0.00     0.00     0.00
03:12:44     0.00     0.00     0.00     0.00     0.00
03:12:49     0.00     0.00     0.00     0.00     0.00
03:12:54     0.00     0.00     0.00     0.00     0.00
03:12:59     0.00     0.00     0.00     0.00     0.00
03:13:04     0.00     0.00     0.00     0.00     0.00
03:13:09     0.00     0.00     0.00     0.00     0.00
03:13:14     0.00     0.00     0.00     0.00     0.00
03:13:19     0.00     0.00     0.00     0.00     0.00
03:13:24     0.00     0.00     0.00     0.00     0.00
03:13:29     0.00     0.00     0.00     0.00     0.00
03:13:34     0.00     0.00     0.00     0.00     0.00
03:13:39     0.00     0.00     0.00     0.00     0.00
03:13:44     0.00     0.00     0.00     0.00     0.00
03:13:49     0.00     0.00     0.00     0.00     0.00
03:13:54     0.00     0.00     0.00     0.00     0.00
03:13:59     0.00     0.00     0.00     0.00     0.00
03:14:04     0.00     0.00     0.00     0.00     0.00
03:14:09     0.00     0.00     0.00     0.00     0.00
03:14:14     0.00     0.00     0.00     0.00     0.00
03:14:19     0.00     0.00     0.00     0.00     0.00
03:14:24     0.00     0.00     0.00     0.00     0.00
03:14:29     0.00     0.00     0.00     0.00     0.00
03:14:34     0.00     0.00     0.00     0.00     0.00
03:14:39     0.00     0.00     0.00     0.00     0.00
03:14:44     0.00     0.00     0.00     0.00     0.00
03:14:49     0.00     0.00     0.00     0.00     0.00
03:14:54     0.00     0.00     0.00     0.00     0.00
03:14:59     0.00     0.00     0.00     0.00     0.00
03:15:04     0.00     0.00     0.00     0.00     0.00
03:15:09     0.00     0.00     0.00     0.00     0.00
03:15:14     0.00     0.00     0.00     0.00     0.00
03:15:19     0.00     0.00     0.00     0.00     0.00
03:15:24     0.00     0.00     0.00     0.00     0.00
03:15:29     0.00     0.00     0.00     0.00     0.00
03:15:34     0.00     0.00     0.00     0.00     0.00
03:15:39     0.00     0.00     0.00     0.00     0.00
03:15:44     0.00     0.00     0.00     0.00     0.00
03:15:49     0.00     0.00     0.00     0.00     0.00
03:15:54     0.00     0.00     0.00     0.00     0.00
03:15:59     0.00     0.00     0.00     0.00     0.00
03:16:04     0.00     0.00     0.00     0.00     0.00
03:16:09     0.00     0.00     0.00     0.00     0.00
03:16:14     0.00     0.00     0.00     0.00     0.00
03:16:19     0.00     0.00     0.00     0.00     0.00
03:16:24     0.00     0.00     0.00     0.00     0.00
03:16:29     0.00     0.00     0.00     0.00     0.00
03:16:34     0.00     0.00     0.00     0.00     0.00
03:16:39     0.00     0.00     0.00     0.00     0.00
03:16:44     0.00     0.00     0.00     0.00     0.00
03:16:49     0.00     0.00     0.00     0.00     0.00
03:16:54     0.00     0.00     0.00     0.00     0.00
03:16:59     0.00     0.00     0.00     0.00     0.00
03:17:04     0.00     0.00     0.00     0.00     0.00
03:17:09     0.00     0.00     0.00     0.00     0.00
03:17:14     0.00     0.00     0.00     0.00     0.00
03:17:19     0.00     0.00     0.00     0.00     0.00
03:17:24     0.00     0.00     0.00     0.00     0.00
03:17:29     0.00     0.00     0.00     0.00     0.00
03:17:34     0.00     0.00     0.00     0.00     0.00
03:17:39     0.00     0.00     0.00     0.00     0.00
03:17:44     0.00     0.00     0.00     0.00     0.00
03:17:49     0.00     0.00     0.00     0.00     0.00
03:17:54     0.00     0.00     0.00     0.00     0.00
03:17:59     0.00     0.00     0.00     0.00     0.00
03:18:04     0.00     0.00     0.00     0.00     0.00
03:18:09     0.00     0.00     0.00     0.00     0.00
03:18:14     0.00     0.00     0.00     0.00     0.00
03:18:19     0.00     0.00     0.00     0.00     0.00
03:18:24     0.00     0.00     0.00     0.00     0.00
03:18:29     0.00     0.00     0.00     0.00     0.00
03:18:34     0.00     0.00     0.00     0.00     0.00
03:18:39     0.00     0.00     0.00     0.00     0.00
03:18:44     0.00     0.00     0.00     0.00     0.00
03:18:50     0.00     0.00     0.00     0.00     0.00
03:18:55     0.00     0.00     0.00     0.00     0.00
03:19:00     0.00     0.00     0.00     0.00     0.00
03:19:05     0.00     0.00     0.00     0.00     0.00
03:19:10     0.00     0.00     0.00     0.00     0.00
03:19:15     0.00     0.00     0.00     0.00     0.00
03:19:20     0.00     0.00     0.00     0.00     0.00
03:19:25     0.00     0.00     0.00     0.00     0.00
03:19:30     0.00     0.00     0.00     0.00     0.00
03:19:35     0.00     0.00     0.00     0.00     0.00
03:19:40     0.00     0.00     0.00     0.00     0.00
03:19:45     0.00     0.00     0.00     0.00     0.00
03:19:50     0.00     0.00     0.00     0.00     0.00
03:19:55     0.00     0.00     0.00     0.00     0.00
03:20:00     0.00     0.00     0.00     0.00     0.00
03:20:05     0.00     0.00     0.00     0.00     0.00
03:20:10     0.00     0.00     0.00     0.00     0.00
03:20:15     0.00     0.00     0.00     0.00     0.00
03:20:20     0.00     0.00     0.00     0.00     0.00
03:20:25     0.00     0.00     0.00     0.00     0.00
03:20:30     0.00     0.00     0.00     0.00     0.00
03:20:35     0.00     0.00     0.00     0.00     0.00
03:20:40     0.00     0.00     0.00     0.00     0.00
03:20:45     0.00     0.00     0.00     0.00     0.00
03:20:50     0.00     0.00     0.00     0.00     0.00
03:20:55     0.00     0.00     0.00     0.00     0.00
03:21:00     0.00     0.00     0.00     0.00     0.00
03:21:05     0.00     0.00     0.00     0.00     0.00
03:21:10     0.00     0.00     0.00     0.00     0.00
03:21:15     0.00     0.00     0.00     0.00     0.00
03:21:20     0.00     0.00     0.00     0.00     0.00
03:21:25     0.00     0.00     0.00     0.00     0.00
03:21:30     0.00     0.00     0.00     0.00     0.00
03:21:35     0.00     0.00     0.00     0.00     0.00
03:21:40     0.00     0.00     0.00     0.00     0.00
03:21:45     0.00     0.00     0.00     0.00     0.00
03:21:50     0.00     0.00     0.00     0.00     0.00
03:21:55     0.00     0.00     0.00     0.00     0.00
03:22:00     0.00     0.00     0.00     0.00     0.00
03:22:05     0.00     0.00     0.00     0.00     0.00
03:22:10     0.00     0.00     0.00     0.00     0.00
03:22:15     0.00     0.00     0.00     0.00     0.00
03:22:20     0.00     0.00     0.00     0.00     0.00
03:22:25     0.00     0.00     0.00     0.00     0.00
03:22:30     0.00     0.00     0.00     0.00     0.00
03:22:35     0.00     0.00     0.00     0.00     0.00
03:22:40     0.00     0.00     0.00     0.00     0.00
03:22:45     0.00     0.00     0.00     0.00     0.00
03:22:50     0.00     0.00     0.00     0.00     0.00
03:22:55     0.00     0.00     0.00     0.00     0.00
03:23:00     0.00     0.00     0.00     0.00     0.00
03:23:05     0.00     0.00     0.00     0.00     0.00
03:23:10     0.00     0.00     0.00     0.00     0.00
03:23:15     0.00     0.00     0.00     0.00     0.00
03:23:20     0.00     0.00     0.00     0.00     0.00
