 kthr      memory            page            disk          faults      cpu
 r b w   swap  free  re  mf pi po fr de sr s0 s1 s2 --   in   sy   cs us sy id
 0 0 0 9181108 6169168 123 2020 0 0 0 0 10  3 -0  0  0  721 1674  286 25  3 71
 0 0 0 9692904 6552956 151 2544 0 0 0 0  0  2  0  0  0  688 2100  309  0  4 96
 0 0 0 9692332 6552568 129 2156 0 0 0 0  0  0  0  0  0  588 1694  277  0  4 96
 0 0 0 9692408 6552720 129 2158 0 0 0 0  0  0  0  0  0  587 1673  263  0  4 96
 0 0 0 9692700 6552928 147 2163 0 0 0 0  0  0  0  0  0  582 1684  258  0  4 96
 0 0 0 9692436 6552680 128 2156 0 0 0 0  0  0  0  0  0  577 1670  254  0  4 96
 0 0 0 9692368 6552640 129 2156 0 0 0 0  0  0  0  0  0  570 1688  257  0  4 96
 0 0 0 9692660 6552884 133 2160 0 0 0 0  0  3  0  0  0  626 1669  319  0  4 96
 0 0 0 9692408 6552716 77 1178 0 0 0  0  0  0  0  0  0  522 1264  224  0  2 97
 0 0 0 9692652 6552864 52 978 0 0  0  0  0  0  0  0  0  517 1089  218  0  1 98
 0 0 0 9692352 6552668 147 2168 0 0 0 0  0  0  0  0  0  580 1683  269  0  3 96
 0 0 0 9692648 6552796 129 2158 0 0 0 0  0  0  0  0  0  576 1759  299  0  4 96
 0 0 0 9692388 6552704 129 2157 0 0 0 0  0  0  0  0  0  737 1685  256  0  4 96
 0 0 0 9692340 6552696 134 2157 0 0 0 0  0  2  0  0  0  610 1671  303  0  4 96
 0 0 0 9692572 6552720 129 2161 0 0 0 0  0  0  0  0  0  589 1694  282  0  4 96
 0 0 0 9692380 6552688 140 2161 0 0 0 0  0  0  0  0  0  575 1670  253  0  4 96
 0 0 0 9692316 6552664 131 2160 0 0 0 0  0  0  0  0  0  575 1685  264  0  4 96
 0 0 0 9692584 6552744 12 99 0  0  0  0  0  0  0  0  0  429  750  169  0  1 99
 kthr      memory            page            disk          faults      cpu
 r b w   swap  free  re  mf pi po fr de sr s0 s1 s2 --   in   sy   cs us sy id
 0 0 0 9692584 6552740 117 2063 0 0 0 0  0  0  0  0  0  598 1602  256  0  3 97
 0 0 0 9692300 6552608 134 2155 0 0 0 0  0  2  0  0  0  616 1667  306  0  4 96
 0 0 0 9692260 6552576 129 2158 0 0 0 0  0  0  0  0  0  568 1685  261  0  4 96
 0 0 0 9692552 6552764 129 2160 0 0 0 0  0  0  0  0  0  590 1674  251  0  4 96
 0 0 0 9692296 6552804 147 2164 0 0 0 0  0  0  0  0  0  589 1681  264  0  4 96
 0 0 0 9692220 6552536 129 2158 0 0 0 0  0  0  0  0  0  570 1673  254  0  4 96
 0 0 0 9692516 6552664 131 2157 0 0 0 0  0  0  0  0  0  578 1684  258  0  4 96
 0 0 0 9692256 6552612 79 1180 0 0 0  0  0  2  0  0  0  550 1270  265  0  3 97
 0 0 0 9692460 6552608 52 978 0 0  0  0  0  0  0  0  0  534 1085  235  0  1 99
 0 0 0 9692240 6552620 129 2158 0 0 0 0  0  0  0  0  0  590 1673  265  0  4 96
 0 0 0 9692536 6552756 147 2165 0 0 0 0  0  0  0  0  0  567 1683  264  0  4 96
 0 0 0 9692252 6552572 129 2156 0 0 0 0  0  0  0  0  0  573 1669  257  0  4 96
 0 0 0 9692212 6552536 129 2161 0 0 0 0  0  0  0  0  0  584 1686  262  0  4 96
 0 0 0 9692508 6552720 134 2158 0 0 0 0  0  2  0  0  0  610 1670  308  0  4 96
 0 0 0 9692432 6552636 129 2157 0 0 0 0  0  0  0  0  0  581 1686  261  0  4 96
 0 0 0 9692464 6552664 146 2167 0 0 0 0  0  0  0  0  0  576 1675  256  0  4 96
 0 0 0 9692504 6552676 12 98 0  0  0  0  0  0  0  0  0  458  778  176  0  1 99
 0 0 0 9692508 6552656 118 2059 0 0 0 0  0  0  0  0  0  574 1661  298  0  3 97
 0 0 0 9692324 6552624 129 2157 0 0 0 0  0  0  0  0  0  588 1700  271  0  4 96
 kthr      memory            page            disk          faults      cpu
 r b w   swap  free  re  mf pi po fr de sr s0 s1 s2 --   in   sy   cs us sy id
 0 0 0 9692512 6552692 135 2233 0 0 0 0  0  4  0  0  0  725 1715  342  0  4 96
 0 0 0 9692416 6552564 129 2158 0 0 0 0  0  0  0  0  0  592 1688  272  0  4 96
 0 0 0 9692356 6552716 128 2164 0 0 0 0  0  0  0  0  0  591 1676  262  0  4 96
 0 0 0 9692472 6552892 147 2168 0 0 0 0  0  0  0  0  0  556 1682  261  0  4 96
 0 0 0 9692512 6552660 129 2163 0 0 0 0  0  0  0  0  0  564 1670  250  0  4 96
 0 0 0 9692480 6552664 83 1255 0 0 0  0  0  0  0  0  0  537 1317  220  0  3 97
 0 0 0 9692516 6552664 51 907 0 0  0  0  0  2  0  0  0  535 1027  256  0  1 99
 0 0 0 9692448 6552648 129 2165 0 0 0 0  0  0  0  0  0  582 1693  262  0  4 96
 0 0 0 9692512 6552728 129 2166 0 0 0 0  0  0  0  0  0  581 1672  259  0  4 96
 0 0 0 9692520 6552772 147 2169 0 0 0 0  0  0  0  0  0  567 1681  257  0  4 96
 0 0 0 9692440 6552644 129 2163 0 0 0 0  0  0  0  0  0  572 1670  253  0  4 96
 0 0 0 9692488 6552644 129 2166 0 0 0 0  0  0  0  0  0  592 1684  259  0  4 96
 0 0 0 9692392 6552652 134 2171 0 0 0 0  0  2  0  0  0  628 1677  305  0  4 96
 0 0 0 9692288 6552528 129 2166 0 0 0 0  0  0  0  0  0  600 1693  279  0  4 96
 0 0 0 9692472 6552688 50 586 0 0  0  0  0  0  0  0  0  475  962  192  0  2 98
 0 0 0 9692436 6552596 96 1584 0 0 0  0  0  0  0  0  0  550 1386  241  0  2 98
 0 0 0 9692356 6552552 129 2167 0 0 0 0  0  0  0  0  0  576 1675  254  0  4 96
 0 0 0 9692368 6552568 129 2166 0 0 0 0  0  0  0  0  0  568 1683  255  0  4 96
 0 0 0 9692396 6552584 134 2171 0 0 0 0  0  2  0  0  0  595 1677  305  0  4 96
 kthr      memory            page            disk          faults      cpu
 r b w   swap  free  re  mf pi po fr de sr s0 s1 s2 --   in   sy   cs us sy id
 0 0 0 9692372 6552568 129 2171 0 0 0 0  0  0  0  0  0  576 1692  259  0  4 96
 0 0 0 9692392 6552612 128 2169 0 0 0 0  0  0  0  0  0  583 1676  254  0  4 96
 0 0 0 9692392 6552832 147 2176 0 0 0 0  0  0  0  0  0  574 1685  260  0  4 96
 0 0 0 9692100 6552412 114 1905 0 0 0 0  0  0  0  0  0  551 1650  290  0  3 96
 0 0 0 9692392 6552552 23 352 0 0  0  0  0  0  0  0  0  481  820  188  0  0 99
 0 0 0 9292160 6236968 393 34581 0 0 0 0 0  2  0  0  0 1184 10350 328 43 11 46
 0 0 0 9050588 5925568 129 2172 0 0 0 0  0  0  0  0  0  870 1711  266 50  4 46
 0 0 0 9050528 5925708 129 2168 0 0 0 0  0  0  0  0  0  796 1680  249 50  4 46
 0 0 0 9050368 5925696 147 2183 0 0 0 0  0  0  0  0  0  816 1697  249 50  4 46
 0 0 0 9050648 5925664 129 2170 0 0 0 0  0  0  0  0  0  810 1680  241 50  4 46
 0 0 0 9050376 5925584 129 2171 0 0 0 0  0  0  0  0  0  808 1687  244 50  4 46
 0 0 0 9050236 5925704 125 2065 0 0 0 0  0  2  0  0  0  965 1643  289 50  4 46
 0 0 0 9050504 5925768 6 107 0  0  0  0  0  0  0  0  0  467  721  175 50  0 50
 0 0 0 9050464 5925864 129 2170 0 0 0 0  0  0  0  0  0  789 1681  240 50  4 46
 0 0 0 9050500 5925836 147 2180 0 0 0 0  0  0  0  0  0  806 1694  246 50  4 46
 0 0 0 9050420 5925732 129 2171 0 0 0 0  0  0  0  0  0  811 1683  238 50  4 46
 0 0 0 9050208 5925652 129 2171 0 0 0 0  0  0  0  0  0  813 1692  242 50  4 46
 0 0 0 9050480 5925808 134 2172 0 0 0 0  0  2  0  0  0  918 1675  289 50  4 46
 0 0 0 9050056 5925480 129 2172 0 0 0 0  0  0  0  0  0  837 1703  265 50  4 46
 kthr      memory            page            disk          faults      cpu
 r b w   swap  free  re  mf pi po fr de sr s0 s1 s2 --   in   sy   cs us sy id
 0 0 0 9050040 5925484 119 1691 0 0 0 0  0  0  0  0  0  716 1485  226 50  4 46
 0 0 0 9050332 5925600 27 490 0 0  0  0  0  0  0  0  0  537  870  188 50  1 49
 0 0 0 9050244 5925560 129 2172 0 0 0 0  0  0  0  0  0  799 1684  239 50  4 46
 0 0 0 9050328 5925612 129 2174 0 0 0 0  0  0  0  0  0  804 1695  239 50  4 46
 0 0 0 9050072 5925512 134 2171 0 0 0 0  0  2  0  0  0  963 1680  279 50  4 46
 0 0 0 9050032 5925460 129 2171 0 0 0 0  0  0  0  0  0  786 1701  244 50  4 46
 0 0 0 9050324 5925656 129 2172 0 0 0 0  0  0  0  0  0  802 1682  235 50  4 46
 0 0 0 9050072 5925764 147 2182 0 0 0 0  0  0  0  0  0  799 1695  243 50  4 46
 0 0 0 9050284 5925588 77 1255 0 0 0  0  0  0  0  0  0  676 1396  252 50  3 46
 0 0 0 9050328 5925608 52 916 0 0  0  0  0  0  0  0  0  908 1051  197 50  1 49
 0 0 0 9050028 5925452 134 2172 0 0 0 0  0  2  0  0  0  870 1684  288 50  4 46
 0 0 0 9050184 5925456 129 2173 0 0 0 0  0  0  0  0  0  836 1706  261 50  4 46
 0 0 0 9049992 5925488 129 2175 0 0 0 0  0  0  0  0  0  812 1678  246 50  4 46
 0 0 0 9050004 5925576 147 2177 0 0 0 0  0  0  0  0  0  810 1693  243 50  4 46
 0 0 0 9050260 5925580 129 2172 0 0 0 0  0  0  0  0  0  799 1684  237 50  4 46
 0 0 0 9050296 5925552 134 2170 0 0 0 0  0  0  0  0  0  795 1693  234 50  4 46
 0 0 0 9050256 5925552 77 1187 0 0 0  0  0  2  0  0  0  782 1279  254 50  3 47
 0 0 0 9050296 5925552 53 986 0 0  0  0  0  0  0  0  0  622 1083  205 50  1 49
 0 0 0 9049980 5925476 129 2172 0 0 0 0  0  0  0  0  0  793 1682  240 50  4 46
 kthr      memory            page            disk          faults      cpu
 r b w   swap  free  re  mf pi po fr de sr s0 s1 s2 --   in   sy   cs us sy id
 0 0 0 9050272 5925600 147 2180 0 0 0 0  0  0  0  0  0  788 1693  247 50  4 46
 0 0 0 9050020 5925436 129 2170 0 0 0 0  0  0  0  0  0  812 1680  242 50  4 46
 0 0 0 9049972 5925416 129 2172 0 0 0 0  0  0  0  0  0  820 1702  250 50  4 46
 0 0 0 9050184 5925540 134 2173 0 0 0 0  0  3  0  0  0  918 1681  297 50  4 46
 0 0 0 9050000 5925264 129 2173 0 0 0 0  0  0  0  0  0  855 1708  266 50  4 46
 0 0 0 9050248 5925568 95 1193 0 0 0  0  0  0  0  0  0  633 1275  205 50  3 47
 0 0 0 9050212 5925464 53 986 0 0  0  0  0  0  0  0  0  602 1076  206 50  1 49
 0 0 0 9049912 5925332 129 2172 0 0 0 0  0  0  0  0  0  788 1682  240 50  4 46
 0 0 0 9050208 5925480 129 2172 0 0 0 0  0  0  0  0  0  800 1694  238 50  4 46
 0 0 0 9049952 5925384 134 2171 0 0 0 0  0  2  0  0  0  957 1677  283 50  4 46
 0 0 0 9050064 5925424 129 2173 0 0 0 0  0  0  0  0  0  778 1700  242 50  4 46
 0 0 0 9050116 5925424 145 2178 0 0 0 0  0  0  0  0  0  810 1678  239 50  4 46
 0 0 0 9050204 5925500 132 2174 0 0 0 0  0  0  0  0  0  827 1694  242 50  4 46
 0 0 0 9049952 5925364 77 1186 0 0 0  0  0  0  0  0  0  614 1360  250 50  3 47
 0 0 0 9050208 5925480 53 985 0 0  0  0  0  0  0  0  0  906 1087  204 50  1 48
 0 0 0 9049888 5925316 134 2173 0 0 0 0  0  2  0  0  0  924 1686  288 50  4 46
 0 0 0 9050060 5925312 129 2175 0 0 0 0  0  0  0  0  0  822 1711  261 50  4 46
 0 0 0 9049872 5925416 129 2170 0 0 0 0  0  0  0  0  0  823 1678  244 50  4 46
 0 0 0 9050140 5925604 147 2180 0 0 0 0  0  0  0  0  0  824 1701  248 50  4 46
 kthr      memory            page            disk          faults      cpu
 r b w   swap  free  re  mf pi po fr de sr s0 s1 s2 --   in   sy   cs us sy id
 0 0 0 9050096 5925400 129 2172 0 0 0 0  0  0  0  0  0  800 1682  239 50  4 46
 0 0 0 9050176 5925424 134 2171 0 0 0 0  0  0  0  0  0  807 1692  250 50  4 46
 0 0 0 9049920 5925328 77 1187 0 0 0  0  0  2  0  0  0  778 1249  261 50  3 47
 0 0 0 9050176 5925424 53 986 0 0  0  0  0  0  0  0  0  619 1114  212 50  2 48
 0 0 0 9049876 5925428 129 2172 0 0 0 0  0  0  0  0  0  780 1685  239 50  4 46
 0 0 0 9050172 5925492 147 2179 0 0 0 0  0  0  0  0  0  810 1693  244 50  4 46
 0 0 0 9050176 5925420 129 2172 0 0 0 0  0  0  0  0  0  755 1683  233 50  4 46
 0 0 0 9050224 5925488 129 2171 0 0 0 0  0  0  0  0  0  815 1694  242 50  4 46
 0 0 0 9049872 5925356 134 2173 0 0 0 0  0  2  0  0  0  922 1682  286 50  4 46
 0 0 0 9050084 5925332 129 2175 0 0 0 0  0  0  0  0  0  840 1706  264 50  4 46
 0 0 0 9049916 5925436 95 1193 0 0 0  0  0  0  0  0  0  633 1234  205 50  2 47
 0 0 0 9050172 5925416 53 986 0 0  0  0  0  0  0  0  0  614 1120  207 50  2 48
 0 0 0 9049872 5925284 129 2171 0 0 0 0  0  0  0  0  0  785 1687  242 50  4 46
 0 0 0 9050084 5925396 129 2173 0 0 0 0  0  0  0  0  0  777 1698  235 50  4 46
 0 0 0 9050168 5925456 134 2172 0 0 0 0  0  2  0  0  0  845 1681  283 50  4 46
 0 0 0 9050128 5925436 129 2173 0 0 0 0  0  0  0  0  0  831 1700  246 50  4 46
 0 0 0 9049868 5925276 146 2182 0 0 0 0  0  0  0  0  0  791 1683  240 50  4 46
 0 0 0 9050164 5925404 129 2170 0 0 0 0  0  0  0  0  0  817 1691  247 50  4 46
 0 0 0 9049912 5925316 74 1151 0 0 0  0  0  0  0  0  0  614 1287  247 50  2 48
 kthr      memory            page            disk          faults      cpu
 r b w   swap  free  re  mf pi po fr de sr s0 s1 s2 --   in   sy   cs us sy id
 0 0 0 9050148 5925424 55 1021 0 0 0  0  0  0  0  0  0  910 1157  207 50  2 48
 0 0 0 9050064 5925356 135 2176 0 0 0 0  0  2  0  0  0  915 1684  292 50  4 46
 0 0 0 9049836 5925240 129 2168 0 0 0 0  0  0  0  0  0  852 1703  268 50  4 46
 0 0 0 9050144 5925520 129 2174 0 0 0 0  0  0  0  0  0  782 1686  240 50  4 46
 0 0 0 9049888 5925488 148 2181 0 0 0 0  0  0  0  0  0  808 1692  250 50  4 46
 0 0 0 9049844 5925248 129 2172 0 0 0 0  0  0  0  0  0  798 1686  241 50  4 46
 0 0 0 9050140 5925384 134 2170 0 0 0 0  0  0  0  0  0  804 1694  245 50  4 46
 0 0 0 9049888 5925284 50 766 0 0  0  0  0  3  0  0  0  749 1045  249 50  2 48
 0 0 0 9050144 5925376 80 1408 0 0 0  0  0  0  0  0  0  677 1320  218 50  2 47
 0 0 0 9049952 5925476 129 2170 0 0 0 0  0  0  0  0  0  788 1678  242 50  4 46
 0 0 0 9049836 5925308 147 2178 0 0 0 0  0  0  0  0  0  803 1695  243 50  4 46
 0 0 0 9050136 5925368 129 2175 0 0 0 0  0  0  0  0  0  795 1693  240 50  4 46
 0 0 0 9049860 5925276 129 2172 0 0 0 0  0  0  0  0  0  829 1695  239 50  4 46
 0 0 0 9049812 5925248 132 2173 0 0 0 0  0  3  0  0  0  999 1675  305 50  4 46
 0 0 0 9049932 5925212 129 2171 0 0 0 0  0  0  0  0  0  805 1704  266 50  4 46
 0 0 0 9050112 5925484 36 283 0 0  0  0  0  0  0  0  0  444  846  174 50  2 48
 0 0 0 9050112 5925344 112 1896 0 0 0 0  0  0  0  0  0  755 1509  239 50  3 47
 0 0 0 9049964 5925236 129 2171 0 0 0 0  0  0  0  0  0  789 1684  246 50  4 46
 0 0 0 9049684 5925112 129 2172 0 0 0 0  0  0  0  0  0  798 1690  239 50  4 46
 kthr      memory            page            disk          faults      cpu
 r b w   swap  free  re  mf pi po fr de sr s0 s1 s2 --   in   sy   cs us sy id
 0 0 0 9049980 5925252 134 2172 0 0 0 0  0  2  0  0  0  906 1683  292 50  4 46
 0 0 0 9049728 5925120 129 2171 0 0 0 0  0  0  0  0  0  833 1701  256 50  4 46
 0 0 0 9049684 5925080 147 2182 0 0 0 0  0  0  0  0  0  774 1676  245 50  4 46
 0 0 0 9049796 5925184 129 2171 0 0 0 0  0  0  0  0  0  799 1690  251 50  4 46
 0 0 0 9049964 5925204 12 114 0 0  0  0  0  0  0  0  0  461  881  219 50  2 48
 0 0 0 9049960 5925220 117 2061 0 0 0 0  0  0  0  0  0 1103 1587  240 50  3 47
 0 0 0 9049700 5925088 134 2173 0 0 0 0  0  2  0  0  0  920 1682  293 50  4 46
 0 0 0 9049540 5924936 129 2171 0 0 0 0  0  0  0  0  0  837 1703  262 50  4 46
 0 0 0 9049960 5925328 129 2170 0 0 0 0  0  0  0  0  0  802 1684  237 50  4 46
 0 0 0 9049704 5925288 148 2183 0 0 0 0  0  0  0  0  0  787 1696  245 50  4 46
 0 0 0 9049844 5925172 129 2171 0 0 0 0  0  0  0  0  0  799 1688  236 50  4 46
 0 0 0 9049864 5925136 134 2172 0 0 0 0  0  0  0  0  0  797 1695  238 50  4 46
 0 0 0 9049960 5925184 12 98 0  0  0  0  0  2  0  0  0  625  770  216 50  1 49
 0 0 0 9049960 5925184 117 2077 0 0 0 0  0  0  0  0  0  785 1595  238 50  3 47
 0 0 0 9049700 5925228 129 2170 0 0 0 0  0  0  0  0  0  802 1677  246 50  4 46
 0 0 0 9049660 5925124 147 2180 0 0 0 0  0  0  0  0  0  805 1691  248 50  4 46
 0 0 0 9049860 5925152 129 2175 0 0 0 0  0  0  0  0  0  802 1687  238 50  4 46
 0 0 0 9049936 5925172 132 2172 0 0 0 0  0  0  0  0  0  816 1693  238 50  4 46
 0 0 0 9049884 5925180 132 2173 0 0 0 0  0  2  0  0  0  933 1676  288 50  4 46
 kthr      memory            page            disk          faults      cpu
 r b w   swap  free  re  mf pi po fr de sr s0 s1 s2 --   in   sy   cs us sy id
 0 0 0 9049496 5924884 129 2173 0 0 0 0  0  0  0  0  0  826 1705  266 50  4 46
 0 0 0 9049936 5925300 17 100 0 0  0  0  0  0  0  0  0  427  743  168 50  1 49
 0 0 0 9049936 5925156 131 2080 0 0 0 0  0  0  0  0  0  785 1618  241 50  3 46
 0 0 0 9049680 5925060 129 2171 0 0 0 0  0  0  0  0  0  767 1683  237 50  4 46
 0 0 0 9049636 5925056 129 2170 0 0 0 0  0  0  0  0  0  786 1689  245 50  4 46
 0 0 0 9049744 5925156 134 2173 0 0 0 0  0  2  0  0  0  968 1682  300 50  4 46
 0 0 0 9049936 5925156 129 2172 0 0 0 0  0  0  0  0  0  815 1699  243 50  4 46
 0 0 0 9049676 5925112 147 2178 0 0 0 0  0  0  0  0  0  767 1679  240 50  4 46
 0 0 0 9049620 5925016 129 2175 0 0 0 0  0  0  0  0  0  796 1697  246 50  4 46
 0 0 0 9049912 5925136 12 99 0  0  0  0  0  0  0  0  0  466  821  212 50  1 49
 0 0 0 9049912 5925160 117 2074 0 0 0 0  0  0  0  0  0 1094 1631  240 50  4 46
 0 0 0 9049656 5925032 134 2174 0 0 0 0  0  2  0  0  0  910 1686  291 50  4 46
 0 0 0 9049748 5925016 129 2172 0 0 0 0  0  0  0  0  0  847 1700  263 50  4 46
 0 0 0 9049724 5925184 137 2179 0 0 0 0  0  0  0  0  0  844 1684  242 50  4 46
 0 0 0 9049912 5925260 140 2176 0 0 0 0  0  0  0  0  0  796 1696  244 50  4 46
 0 0 0 9049652 5925032 129 2176 0 0 0 0  0  0  0  0  0  794 1681  237 50  4 46
 0 0 0 9049612 5925008 134 2175 0 0 0 0  0  0  0  0  0  797 1693  244 50  4 46
 0 0 0 9049908 5925124 12 98 0  0  0  0  0  2  0  0  0  597  711  219 50  0 50
 0 0 0 9049820 5925080 117 2079 0 0 0 0  0  0  0  0  0  803 1656  243 50  4 46
 kthr      memory            page            disk          faults      cpu
 r b w   swap  free  re  mf pi po fr de sr s0 s1 s2 --   in   sy   cs us sy id
 0 0 0 9049704 5925064 129 2178 0 0 0 0  0  0  0  0  0  775 1684  237 50  4 46
 0 0 0 9049444 5924796 147 2185 0 0 0 0  0  0  0  0  0  819 1690  249 50  4 46
 0 0 0 9049208 5924588 129 2179 0 0 0 0  0  0  0  0  0  775 1685  239 50  4 46
 0 0 0 9049452 5924668 133 2178 0 0 0 0  0  0  0  0  0  787 1696  239 50  4 46
 0 0 0 9049116 5924504 131 2180 0 0 0 0  0  2  0  0  0  967 1678  281 50  4 46
 0 0 0 9048996 5924372 108 1777 0 0 0 0  0  0  0  0  0  791 1545  250 50  4 46
 0 0 0 9049372 5924724 21 403 0 0  0  0  0  0  0  0  0  476  826  175 50  0 49
 0 0 0 9049336 5924608 147 2191 0 0 0 0  0  0  0  0  0  797 1699  251 50  4 46
 0 0 0 9049368 5924576 129 2182 0 0 0 0  0  0  0  0  0  794 1691  238 50  4 46
 0 0 0 9049108 5924520 129 2179 0 0 0 0  0  0  0  0  0  820 1693  241 50  4 46
 0 0 0 9049060 5924480 134 2180 0 0 0 0  0  2  0  0  0  921 1685  290 50  4 46
 0 0 0 9049364 5924568 129 2180 0 0 0 0  0  0  0  0  0  802 1700  239 50  4 46
 0 0 0 9049092 5924516 147 2192 0 0 0 0  0  0  0  0  0  774 1683  248 50  4 46
 0 0 0 9049248 5924504 83 1333 0 0 0  0  0  0  0  0  0  653 1354  216 50  3 46
 0 0 0 9049340 5924544 46 854 0 0  0  0  0  0  0  0  0  614 1103  238 50  1 49
 0 0 0 9049192 5924564 129 2180 0 0 0 0  0  0  0  0  0 1102 1695  241 50  4 46
 0 0 0 9049320 5924548 134 2180 0 0 0 0  0  2  0  0  0  924 1684  290 50  4 46
 0 0 0 9048932 5924296 129 2188 0 0 0 0  0  0  0  0  0  832 1703  265 50  4 46
 0 0 0 9049000 5924372 137 2187 0 0 0 0  0  0  0  0  0  822 1682  246 50  4 46
 kthr      memory            page            disk          faults      cpu
 r b w   swap  free  re  mf pi po fr de sr s0 s1 s2 --   in   sy   cs us sy id
 0 0 0 9049252 5924512 129 2188 0 0 0 0  0  0  0  0  0  804 1695  247 50  4 46
 0 0 0 9049288 5924492 129 2183 0 0 0 0  0  0  0  0  0  776 1677  240 50  4 46
 0 0 0 9049228 5924496 82 1192 0 0 0  0  0  0  0  0  0  627 1287  209 50  3 47
 0 0 0 9049288 5924488 53 994 0 0  0  0  0  2  0  0  0  718 1070  249 50  1 49
 0 0 0 9048992 5924364 129 2182 0 0 0 0  0  0  0  0  0  796 1693  244 50  4 46
 0 0 0 9049276 5924628 129 2188 0 0 0 0  0  0  0  0  0  799 1683  241 50  4 46
 0 0 0 9049008 5924500 147 2192 0 0 0 0  0  0  0  0  0  795 1692  244 50  4 46
 0 0 0 9048972 5924340 129 2185 0 0 0 0  0  0  0  0  0  835 1686  243 50  4 46
 0 0 0 9049152 5924456 134 2186 0 0 0 0  0  0  0  0  0  814 1705  248 50  4 46
 0 0 0 9049168 5924368 129 2255 0 0 0 0  0  4  0  0  0 1018 1711  312 50  4 46
 0 0 0 9048764 5924128 77 1194 0 0 0  0  0  0  0  0  0  658 1285  236 50  3 47
 0 0 0 9049108 5924500 53 991 0 0  0  0  0  0  0  0  0  626 1081  206 50  1 48
 0 0 0 9048796 5924160 147 2192 0 0 0 0  0  0  0  0  0  811 1691  251 50  4 46
 0 0 0 9049080 5924276 129 2188 0 0 0 0  0  0  0  0  0  805 1685  243 50  4 46
 0 0 0 9048824 5924224 129 2183 0 0 0 0  0  0  0  0  0  792 1695  243 50  4 46
 0 0 0 9048808 5924192 134 2187 0 0 0 0  0  3  0  0  0  920 1683  304 50  4 46
 0 0 0 9077008 5949288 130 2185 0 0 0 0  0  0  0  0  0  826 1702  247 46  5 50
 0 0 0 9190812 6050856 147 2195 0 0 0 0  0  0  0  0  0  752 1676  251 25  4 71
 0 0 0 9189292 6050488 94 1687 0 0 0  0  0  0  0  0  0  733 2584  223 28  3 69
 kthr      memory            page            disk          faults      cpu
 r b w   swap  free  re  mf pi po fr de sr s0 s1 s2 --   in   sy   cs us sy id
 0 0 0 9230332 6089376 53 991 0 0  0  0  0  0  0  0  0  605 1180  248 25  2 73
 0 0 0 9230032 6089508 129 2185 0 0 0 0  0  0  0  0  0  904 1682  253 25  4 71
 0 0 0 9230324 6089652 134 2184 0 0 0 0  0  2  0  0  0  849 1671  308 25  4 71
 0 0 0 9229952 6089420 129 2187 0 0 0 0  0  0  0  0  0  778 1694  274 25  4 71
 0 0 0 9230036 6089532 145 2189 0 0 0 0  0  0  0  0  0  773 1667  257 25  4 71
 0 0 0 9230332 6089676 129 2187 0 0 0 0  0  0  0  0  0  758 1690  262 25  4 71
 0 0 0 9230328 6089672 129 2185 0 0 0 0  0  0  0  0  0  743 1670  252 25  4 71
 0 0 0 9230284 6089688 87 1284 0 0 0  0  0  0  0  0  0  641 1331  215 25  3 72
 0 0 0 9230320 6089664 48 900 0 0  0  0  0  3  0  0  0  691 1019  265 25  1 74
 0 0 0 9230184 6089624 129 2185 0 0 0 0  0  0  0  0  0  769 1688  257 25  4 71
 0 0 0 9230288 6089844 129 2183 0 0 0 0  0  0  0  0  0  750 1672  253 25  4 71
 0 0 0 9230032 6089664 147 2190 0 0 0 0  0  0  0  0  0  767 1681  264 25  4 71
 0 0 0 9229992 6089508 129 2185 0 0 0 0  0  0  0  0  0  741 1674  254 25  4 71
 0 0 0 9230292 6089636 134 2181 0 0 0 0  0  0  0  0  0  760 1686  259 25  4 71
 0 0 0 9229932 6089436 129 2184 0 0 0 0  0  2  0  0  0  820 1673  299 25  4 71
 0 0 0 9229672 6089184 129 2182 0 0 0 0  0  0  0  0  0  803 1694  282 25  4 71
 0 0 0 9230168 6089720 17 100 0 0  0  0  0  0  0  0  0  524  722  168 25  0 75
 1 0 0 9230168 6089512 131 2090 0 0 0 0  0  0  0  0  0  769 1626  260 25  4 71
 0 0 0 9229908 6089416 129 2184 0 0 0 0  0  0  0  0  0  755 1673  255 25  4 71
 kthr      memory            page            disk          faults      cpu
 r b w   swap  free  re  mf pi po fr de sr s0 s1 s2 --   in   sy   cs us sy id
 0 0 0 9229872 6089432 129 2183 0 0 0 0  0  0  0  0  0  763 1683  258 25  4 71
 0 0 0 9229972 6089516 134 2182 0 0 0 0  0  2  0  0  0  844 1674  304 25  4 71
 0 0 0 9230144 6089492 129 2183 0 0 0 0  0  0  0  0  0  761 1688  254 25  4 71
 0 0 0 9230056 6089532 147 2190 0 0 0 0  0  0  0  0  0  762 1672  252 25  4 71
 0 0 0 9230144 6089504 129 2183 0 0 0 0  0  0  0  0  0  759 1685  263 25  4 71
 0 0 0 9230144 6089488 12 99 0  0  0  0  0  0  0  0  0  513  855  212 25  1 74
 0 0 0 9230144 6089536 117 2085 0 0 0 0  0  0  0  0  0  923 1585  257 25  3 72
 0 0 0 9229880 6089388 134 2179 0 0 0 0  0  2  0  0  0  841 1671  305 25  4 71
 0 0 0 9229712 6089224 129 2184 0 0 0 0  0  0  0  0  0  776 1694  280 25  4 71
 0 0 0 9230124 6089484 145 2190 0 0 0 0  0  0  0  0  0  770 1674  255 25  4 71
 0 0 0 9229868 6089392 131 2183 0 0 0 0  0  0  0  0  0  763 1686  260 25  4 71
 0 0 0 9229820 6089332 129 2182 0 0 0 0  0  0  0  0  0  751 1674  256 25  4 71
 0 0 0 9230072 6089500 134 2183 0 0 0 0  0  0  0  0  0  765 1702  263 25  4 71
 0 0 0 9230104 6089456 28 415 0 0  0  0  0  2  0  0  0  637  899  236 25  2 73
 0 0 0 9230096 6089444 102 1771 0 0 0 0  0  0  0  0  0  707 1454  244 25  3 72
 0 0 0 9230020 6089628 129 2182 0 0 0 0  0  0  0  0  0  765 1674  257 25  4 71
 0 0 0 9230048 6089508 147 2190 0 0 0 0  0  0  0  0  0  759 1683  259 25  4 71
 0 0 0 9230096 6089440 129 2183 0 0 0 0  0  0  0  0  0  741 1676  253 25  4 71
 0 0 0 9229840 6089344 132 2183 0 0 0 0  0  0  0  0  0  757 1688  262 25  4 71
 kthr      memory            page            disk          faults      cpu
 r b w   swap  free  re  mf pi po fr de sr s0 s1 s2 --   in   sy   cs us sy id
 0 0 0 9229764 6089248 143 2307 0 0 0 0  0  3  0  0  0 1872 2924  330 25  4 70
 0 0 0 9229520 6088728 129 2207 0 0 0 0  0  0  0  0  0  832 1696  288 25  4 71
 0 0 0 9229240 6088844 95 1199 0 0 0  0  0  0  0  0  0  640 1231  220 25  2 72
 0 0 0 9229496 6088792 53 990 0 0  0  0  0  0  0  0  0  630 1115  218 25  2 73
 0 0 0 9229196 6088688 129 2181 0 0 0 0  0  0  0  0  0  739 1672  256 25  4 71
 0 0 0 9229492 6088884 129 2180 0 0 0 0  0  0  0  0  0  770 1686  257 25  4 71
 0 0 0 9229212 6088740 134 2183 0 0 0 0  0  2  0  0  0  833 1673  306 25  4 71
 0 0 0 9229264 6088752 129 2185 0 0 0 0  0  0  0  0  0  757 1690  264 25  4 71
 0 0 0 9229368 6088840 147 2188 0 0 0 0  0  0  0  0  0  769 1668  258 25  4 71
 0 0 0 9229440 6088784 129 2183 0 0 0 0  0  0  0  0  0  757 1687  264 25  4 71
 0 0 0 9229304 6088744 77 1194 0 0 0  0  0  0  0  0  0  643 1368  259 25  3 72
 0 0 0 9229432 6088828 53 988 0 0  0  0  0  0  0  0  0  790 1100  229 25  1 74
 0 0 0 9229124 6088640 134 2183 0 0 0 0  0  2  0  0  0  855 1673  314 25  4 71
 0 0 0 9229304 6088648 129 2184 0 0 0 0  0  0  0  0  0  782 1694  278 25  4 71
 0 0 0 9229112 6088628 141 2189 0 0 0 0  0  0  0  0  0  761 1676  260 25  4 71
 0 0 0 9229112 6088636 130 2181 0 0 0 0  0  0  0  0  0  750 1687  264 25  4 71
 0 0 0 9229400 6088744 129 2184 0 0 0 0  0  0  0  0  0  754 1672  252 25  4 71
 0 0 0 9229144 6088660 134 2179 0 0 0 0  0  0  0  0  0  750 1681  255 25  4 71
 0 0 0 9229104 6088616 127 2134 0 0 0 0  0  2  0  0  0  833 1656  308 25  4 71
 kthr      memory            page            disk          faults      cpu
 r b w   swap  free  re  mf pi po fr de sr s0 s1 s2 --   in   sy   cs us sy id
 0 0 0 9229404 6088748 2 50  0  0  0  0  0  0  0  0  0  519  695  174 25  0 75
 0 0 0 9229400 6088960 129 2182 0 0 0 0  0  0  0  0  0  760 1671  256 25  4 71
 0 0 0 9229144 6088704 147 2188 0 0 0 0  0  0  0  0  0  778 1681  262 25  4 71
 0 0 0 9229216 6088708 129 2185 0 0 0 0  0  0  0  0  0  761 1676  252 25  4 71
 0 0 0 9229404 6088788 132 2181 0 0 0 0  0  0  0  0  0  741 1685  259 25  4 71
 0 0 0 9229396 6088772 132 2184 0 0 0 0  0  2  0  0  0  854 1670  305 25  4 71
 0 0 0 9229016 6088520 129 2182 0 0 0 0  0  0  0  0  0  795 1692  278 25  4 71
 0 0 0 9229104 6088760 147 2190 0 0 0 0  0  0  0  0  0  756 1671  252 25  4 71
 0 0 0 9229404 6088748 12 99 0  0  0  0  0  0  0  0  0  509  773  173 25  1 74
 0 0 0 9229400 6088744 117 2087 0 0 0 0  0  0  0  0  0  759 1582  254 25  3 72
 0 0 0 9229144 6088700 129 2179 0 0 0 0  0  0  0  0  0  748 1687  256 25  4 71
 0 0 0 9229104 6088636 134 2183 0 0 0 0  0  2  0  0  0  884 1672  307 25  4 71
 0 0 0 9229404 6088748 129 2185 0 0 0 0  0  0  0  0  0  766 1688  260 25  4 71
 0 0 0 9229096 6088652 147 2190 0 0 0 0  0  0  0  0  0  767 1674  253 25  4 71
 0 0 0 9228848 6088360 129 2183 0 0 0 0  0  0  0  0  0  772 1684  267 25  4 71
 0 0 0 9229104 6088504 129 2182 0 0 0 0  0  0  0  0  0  755 1761  295 25  4 71
 0 0 0 9229148 6088540 49 674 0 0  0  0  0  0  0  0  0  730 1016  195 25  2 73
 0 0 0 9229144 6088464 98 1571 0 0 0  0  0  2  0  0  0  786 1456  289 25  2 72
 0 0 0 9228848 6088240 129 2186 0 0 0 0  0  0  0  0  0  797 1692  275 25  4 71
 kthr      memory            page            disk          faults      cpu
 r b w   swap  free  re  mf pi po fr de sr s0 s1 s2 --   in   sy   cs us sy id
 0 0 0 9229112 6088540 137 2187 0 0 0 0  0  0  0  0  0  761 1672  257 25  4 71
 0 0 0 9650404 6509736 140 2185 0 0 0 0  0  0  0  0  0  586 1685  261  2  5 93
 0 0 0 9649528 6508928 141 2582 0 0 0 0  0  0  0  0  0  603 2865  261  1  4 95
 0 0 0 9681288 6540020 154 2464 0 0 0 0  0  0  0  0  0  597 1903  265  2  4 94
 0 0 0 9689156 6547880 129 2182 0 0 0 0  0  2  0  0  0  634 1667  322  0  4 96
 0 0 0 9688968 6547832 77 1197 0 0 0  0  0  0  0  0  0  522 1292  217  0  3 97
 0 0 0 9689156 6548936 52 986 0 0  0  0  0  0  0  0  0  509 1056  209  0  1 99
 0 0 0 9689068 6549256 147 2189 0 0 0 0  0  0  0  0  0  574 1680  261  0  4 96
 0 0 0 9689160 6549304 129 2181 0 0 0 0  0  0  0  0  0  591 1671  258  0  4 96
 0 0 0 9689176 6549340 132 2184 0 0 0 0  0  0  0  0  0  587 1700  261  0  4 96
 0 0 0 9688956 6549244 130 2184 0 0 0 0  0  2  0  0  0  618 1676  307  0  4 96
 0 0 0 9689068 6549212 128 2182 0 0 0 0  0  0  0  0  0  597 1693  280  0  4 96
 0 0 0 9688960 6549340 147 2189 0 0 0 0  0  0  0  0  0  569 1672  255  0  4 96
 0 0 0 9689060 6549244 129 2184 0 0 0 0  0  0  0  0  0  577 1683  263  0  4 96
 0 0 0 9689148 6549292 25 377 0 0  0  0  0  0  0  0  0  456  883  179  0  1 98
 0 0 0 9689148 6549356 104 1806 0 0 0 0  0  0  0  0  0  540 1463  238  0  2 97
 0 0 0 9689072 6549272 134 2184 0 0 0 0  0  2  0  0  0  606 1670  306  0  4 96
 0 0 0 9689108 6549308 129 2183 0 0 0 0  0  0  0  0  0  573 1686  259  0  4 96
 0 0 0 9689148 6549296 147 2188 0 0 0 0  0  0  0  0  0  577 1670  255  0  4 96
 kthr      memory            page            disk          faults      cpu
 r b w   swap  free  re  mf pi po fr de sr s0 s1 s2 --   in   sy   cs us sy id
 0 0 0 9689036 6549292 129 2183 0 0 0 0  0  0  0  0  0  573 1681  259  0  4 96
 0 0 0 9689152 6549296 128 2182 0 0 0 0  0  0  0  0  0  583 1761  297  0  4 96
 0 0 0 9689152 6549336 134 2183 0 0 0 0  0  0  0  0  0  598 1689  261  0  4 96
 0 0 0 9689080 6549256 120 1819 0 0 0 0  0  2  0  0  0  619 1616  301  0  3 96
 0 0 0 9689052 6549032 27 451 0 0  0  0  0  0  0  0  0  488  869  212  0  0 100
 0 0 0 9689104 6549400 128 2183 0 0 0 0  0  0  0  0  0  599 1670  268  0  4 96
 0 0 0 9689104 6549316 147 2190 0 0 0 0  0  0  0  0  0  589 1682  258  0  4 96
 0 0 0 9688804 6549112 129 2187 0 0 0 0  0  0  0  0  0  565 1673  256  0  4 96
 0 0 0 9689100 6549240 134 2186 0 0 0 0  0  0  0  0  0  594 1697  266  0  4 96
 0 0 0 9688848 6549144 129 2186 0 0 0 0  0  2  0  0  0  624 1673  315  0  4 96
 0 0 0 9688808 6549112 129 2185 0 0 0 0  0  0  0  0  0  580 1685  261  0  4 96
 0 0 0 9689100 6549388 147 2198 0 0 0 0  0  0  0  0  0  571 1677  254  0  4 96
 0 0 0 9688844 6549144 62 1062 0 0 0  0  0  0  0  0  0  527 1163  221  0  2 98
 0 0 0 9689104 6549244 67 1126 0 0 0  0  0  0  0  0  0  527 1185  213  0  2 98
 0 0 0 9688824 6549192 129 2188 0 0 0 0  0  0  0  0  0  574 1692  258  0  4 96
 0 0 0 9689128 6549288 134 2190 0 0 0 0  0  2  0  0  0  618 1671  311  0  4 96
 0 0 0 9688760 6549060 129 2189 0 0 0 0  0  0  0  0  0  588 1690  273  0  4 96
 0 0 0 9688844 6549196 147 2198 0 0 0 0  0  0  0  0  0  575 1671  261  0  4 96
 0 0 0 9689140 6549280 128 2192 0 0 0 0  0  0  0  0  0  574 1685  260  0  4 96
 kthr      memory            page            disk          faults      cpu
 r b w   swap  free  re  mf pi po fr de sr s0 s1 s2 --   in   sy   cs us sy id
 0 0 0 9688880 6549180 129 2194 0 0 0 0  0  0  0  0  0  579 1674  255  0  4 96
 0 0 0 9688840 6549188 134 2189 0 0 0 0  0  0  0  0  0  576 1690  259  0  4 96
 0 0 0 9689136 6549276 0  0  0  0  0  0  0  2  0  0  0  475  660  224  0  0 100
 0 0 0 9689140 6549280 129 2191 0 0 0 0  0  0  0  0  0  587 1688  260  0  4 96
 0 0 0 9688880 6549220 139 2196 0 0 0 0  0  0  0  0  0  571 1671  256  0  4 96
 0 0 0 9688840 6549160 132 2196 0 0 0 0  0  0  0  0  0  580 1688  266  0  4 96
 0 0 0 9689140 6549280 129 2195 0 0 0 0  0  0  0  0  0  578 1769  299  0  4 96
 0 0 0 9688884 6549184 134 2196 0 0 0 0  0  0  0  0  0  592 1692  261  0  4 96
 0 0 0 9688836 6549144 129 2194 0 0 0 0  0  2  0  0  0  601 1674  306  0  4 96
 0 0 0 9689056 6549196 129 2193 0 0 0 0  0  0  0  0  0  595 1689  278  0  4 96
 0 0 0 9688880 6549440 94 1207 0 0 0  0  0  0  0  0  0  526 1218  213  0  2 98
 0 0 0 9689136 6549276 52 997 0 0  0  0  0  0  0  0  0  516 1135  218  0  2 98
 0 0 0 9688836 6549144 129 2193 0 0 0 0  0  0  0  0  0  567 1668  249  0  4 96
 0 0 0 9689132 6549336 129 2199 0 0 0 0  0  0  0  0  0  576 1684  257  0  4 96
 0 0 0 9688876 6549196 134 2195 0 0 0 0  0  5  0  0  0  817 1669  356  0  4 96
 0 0 0 9688840 6549144 129 2197 0 0 0 0  0  0  0  0  0  582 1691  265  0  4 96
 0 0 0 9689132 6549408 147 2202 0 0 0 0  0  0  0  0  0  596 1670  252  0  4 96
 0 0 0 9688876 6549176 129 2196 0 0 0 0  0  0  0  0  0  588 1682  263  0  4 96
 0 0 0 9688840 6549144 129 2198 0 0 0 0  0  0  0  0  0  569 1671  253  0  4 96
 kthr      memory            page            disk          faults      cpu
 r b w   swap  free  re  mf pi po fr de sr s0 s1 s2 --   in   sy   cs us sy id
 0 0 0 9689136 6549340 17 99 0  0  0  0  0  0  0  0  0  435  724  171  0  0 100
 0 0 0 9689128 6549268 117 2098 0 0 0 0  0  2  0  0  0  614 1627  305  0  4 96
 0 0 0 9688756 6549056 129 2197 0 0 0 0  0  0  0  0  0  602 1692  272  0  4 96
 0 0 0 9688840 6549144 145 2200 0 0 0 0  0  0  0  0  0  592 1668  260  0  4 96
 0 0 0 9689136 6549276 129 2199 0 0 0 0  0  0  0  0  0  568 1684  259  0  4 96
 0 0 0 9688876 6549176 129 2194 0 0 0 0  0  0  0  0  0  554 1672  253  0  4 96
 0 0 0 9688836 6549164 134 2195 0 0 0 0  0  0  0  0  0  575 1687  253  0  4 96
 0 0 0 9689132 6549272 129 2198 0 0 0 0  0  2  0  0  0  621 1672  305  0  4 96
 0 0 0 9688880 6549180 77 1199 0 0 0  0  0  0  0  0  0  526 1244  216  0  2 98
 0 0 0 9689132 6549556 52 996 0 0  0  0  0  0  0  0  0  499 1108  208  0  2 98
 0 0 0 9688808 6549116 147 2203 0 0 0 0  0  0  0  0  0  566 1681  259  0  4 96
 0 0 0 9689008 6549148 129 2194 0 0 0 0  0  0  0  0  0  577 1758  297  0  4 96
 0 0 0 9688752 6549052 130 2196 0 0 0 0  0  0  0  0  0  751 1685  259  0  4 96
 0 0 0 9688704 6549012 129 2197 0 0 0 0  0  4  0  0  0  632 1674  331  0  4 96
 0 0 0 9688940 6549080 128 2194 0 0 0 0  0  0  0  0  0  584 1691  280  0  4 96
 0 0 0 9688752 6549244 147 2202 0 0 0 0  0  0  0  0  0  576 1673  253  0  4 96
 0 0 0 9688712 6549016 129 2196 0 0 0 0  0  0  0  0  0  581 1683  265  0  4 96
 0 0 0 9689004 6549144 12 99 0  0  0  0  0  0  0  0  0  465  722  174  0  0 100
 0 0 0 9689004 6549216 117 2097 0 0 0 0  0  0  0  0  0  593 1635  263  0  3 96
 kthr      memory            page            disk          faults      cpu
 r b w   swap  free  re  mf pi po fr de sr s0 s1 s2 --   in   sy   cs us sy id
 0 0 0 9688748 6549048 134 2195 0 0 0 0  0  2  0  0  0  631 1670  308  0  4 96
 0 0 0 9688700 6549008 129 2193 0 0 0 0  0  0  0  0  0  576 1684  265  0  4 96
 0 0 0 9688988 6549192 147 2203 0 0 0 0  0  0  0  0  0  579 1673  255  0  4 96
 0 0 0 9688732 6549032 129 2194 0 0 0 0  0  0  0  0  0  579 1683  261  0  4 96
 0 0 0 9688692 6549000 129 2196 0 0 0 0  0  0  0  0  0  570 1680  249  0  4 96
 0 0 0 9688992 6549184 134 2192 0 0 0 0  0  0  0  0  0  582 1687  261  0  4 96
 0 0 0 9688728 6549028 77 1199 0 0 0  0  0  2  0  0  0  525 1238  263  0  2 97
 0 0 0 9688912 6549052 52 995 0 0  0  0  0  0  0  0  0  529 1113  230  0  2 98
 0 0 0 9688692 6549020 136 2201 0 0 0 0  0  0  0  0  0  583 1677  264  0  4 96
 0 0 0 9688940 6549088 130 2192 0 0 0 0  0  0  0  0  0  568 1681  263  0  4 96
 0 0 0 9688604 6548904 129 2193 0 0 0 0  0  0  0  0  0  567 1671  252  0  4 96
 0 0 0 9688560 6548880 134 2193 0 0 0 0  0  0  0  0  0  583 1685  257  0  4 96
 0 0 0 9688860 6549000 129 2195 0 0 0 0  0  2  0  0  0  606 1671  307  0  4 96
 0 0 0 9688608 6548908 129 2190 0 0 0 0  0  0  0  0  0  581 1683  259  0  4 96
 0 0 0 9688560 6549080 147 2201 0 0 0 0  0  0  0  0  0  578 1674  254  0  4 96
 0 0 0 9688860 6549000 12 99 0  0  0  0  0  0  0  0  0  450  749  175  0  1 99
 0 0 0 9688864 6549004 117 2094 0 0 0 0  0  0  0  0  0  576 1685  291  0  3 97
 0 0 0 9688608 6548936 129 2194 0 0 0 0  0  0  0  0  0  585 1705  269  0  4 96
 0 0 0 9688556 6548876 132 2261 0 0 0 0  0  2  0  0  0  680 1699  306  0  4 96
 kthr      memory            page            disk          faults      cpu
 r b w   swap  free  re  mf pi po fr de sr s0 s1 s2 --   in   sy   cs us sy id
 0 0 0 9688728 6548868 129 2193 0 0 0 0  0  0  0  0  0  561 1692  273  0  4 96
 0 0 0 9688532 6548952 147 2198 0 0 0 0  0  0  0  0  0  577 1671  256  0  4 96
 0 0 0 9688544 6548852 129 2192 0 0 0 0  0  0  0  0  0  567 1684  262  0  4 96
 0 0 0 9688840 6548980 129 2188 0 0 0 0  0  0  0  0  0  567 1670  255  0  4 96
 0 0 0 9688584 6548932 81 1198 0 0 0  0  0  0  0  0  0  528 1278  219  0  3 97
 0 0 0 9688840 6548976 52 993 0 0  0  0  0  2  0  0  0  545 1075  262  0  1 99
 0 0 0 9688544 6548848 129 2187 0 0 0 0  0  0  0  0  0  573 1685  264  0  4 96
 0 0 0 9688840 6548988 146 2196 0 0 0 0  0  0  0  0  0  585 1677  258  0  4 96
 0 0 0 9688584 6548888 130 2184 0 0 0 0  0  0  0  0  0  583 1680  261  0  4 96
 0 0 0 9688544 6548848 129 2187 0 0 0 0  0  0  0  0  0  569 1671  253  0  4 96
 0 0 0 9688844 6549012 134 2186 0 0 0 0  0  0  0  0  0  577 1683  258  0  4 96
 0 0 0 9688580 6548876 129 2186 0 0 0 0  0  2  0  0  0  629 1671  303  0  4 96
 0 0 0 9688472 6548776 129 2186 0 0 0 0  0  0  0  0  0  591 1692  283  0  4 96
 0 0 0 9688844 6549268 17 100 0 0  0  0  0  0  0  0  0  451  753  171  0  1 99
 0 0 0 9688844 6548980 130 2089 0 0 0 0  0  0  0  0  0  573 1592  259  0  3 97
 0 0 0 9688584 6548880 129 2188 0 0 0 0  0  0  0  0  0  574 1670  253  0  4 96
 0 0 0 9688540 6548844 131 2186 0 0 0 0  0  0  0  0  0  571 1689  258  0  4 96
 0 0 0 9688840 6548976 129 2184 0 0 0 0  0  3  0  0  0  623 1669  312  0  4 96
 0 0 0 9688588 6548884 129 2186 0 0 0 0  0  0  0  0  0  577 1687  259  0  4 96
 kthr      memory            page            disk          faults      cpu
 r b w   swap  free  re  mf pi po fr de sr s0 s1 s2 --   in   sy   cs us sy id
 0 0 0 9688540 6548988 147 2191 0 0 0 0  0  0  0  0  0  575 1667  250  0  4 96
 0 0 0 9688840 6548976 129 2190 0 0 0 0  0  0  0  0  0  568 1686  261  0  4 96
 0 0 0 9688588 6548884 76 1193 0 0 0  0  0  0  0  0  0  511 1359  254  0  3 97
 0 0 0 9688844 6549052 52 991 0 0  0  0  0  0  0  0  0  521 1081  216  0  1 99
 0 0 0 9688540 6548840 134 2188 0 0 0 0  0  2  0  0  0  624 1672  304  0  4 96
 0 0 0 9688720 6548856 129 2185 0 0 0 0  0  0  0  0  0  579 1691  271  0  4 96
 0 0 0 9688532 6548876 146 2190 0 0 0 0  0  0  0  0  0  566 1671  257  0  4 96
 0 0 0 9688544 6548844 129 2189 0 0 0 0  0  0  0  0  0  569 1685  265  0  4 96
 0 0 0 9688840 6548976 129 2185 0 0 0 0  0  0  0  0  0  564 1668  254  0  4 96
