
SunOS canfire03 5.11 onnv-gate i86pc    05/10/2009

04:31:35  pgout/s ppgout/s pgfree/s pgscan/s %ufs_ipf
04:31:40     0.00     0.00     0.00     0.00     0.00
04:31:45     0.00     0.00     0.00     0.00     0.00
04:31:50     0.00     0.00     0.00     0.00     0.00
04:31:55     0.00     0.00     0.00     0.00     0.00
04:32:00     0.00     0.00     0.00     0.00     0.00
04:32:05     0.00     0.00     0.00     0.00     0.00
04:32:10     0.00     0.00     0.00     0.00     0.00
04:32:15     0.00     0.00     0.00     0.00     0.00
04:32:20     0.00     0.00     0.00     0.00     0.00
04:32:25     0.00     0.00     0.00     0.00     0.00
04:32:30     0.00     0.00     0.00     0.00     0.00
04:32:35     0.00     0.00     0.00     0.00     0.00
04:32:40     0.00     0.00     0.00     0.00     0.00
04:32:45     0.00     0.00     0.00     0.00     0.00
04:32:50     0.00     0.00     0.00     0.00     0.00
04:32:55     0.00     0.00     0.00     0.00     0.00
04:33:00     0.00     0.00     0.00     0.00     0.00
04:33:05     0.00     0.00     0.00     0.00     0.00
04:33:10     0.00     0.00     0.00     0.00     0.00
04:33:15     0.00     0.00     0.00     0.00     0.00
04:33:20     0.00     0.00     0.00     0.00     0.00
04:33:25     0.00     0.00     0.00     0.00     0.00
04:33:30     0.00     0.00     0.00     0.00     0.00
04:33:35     0.00     0.00     0.00     0.00     0.00
04:33:40     0.00     0.00     0.00     0.00     0.00
04:33:45     0.00     0.00     0.00     0.00     0.00
04:33:50     0.00     0.00     0.00     0.00     0.00
04:33:55     0.00     0.00     0.00     0.00     0.00
04:34:00     0.00     0.00     0.00     0.00     0.00
04:34:05     0.00     0.00     0.00     0.00     0.00
04:34:10     0.00     0.00     0.00     0.00     0.00
04:34:15     0.00     0.00     0.00     0.00     0.00
04:34:20     0.00     0.00     0.00     0.00     0.00
04:34:25     0.00     0.00     0.00     0.00     0.00
04:34:30     0.00     0.00     0.00     0.00     0.00
04:34:35     0.00     0.00     0.00     0.00     0.00
04:34:40     0.00     0.00     0.00     0.00     0.00
04:34:45     0.00     0.00     0.00     0.00     0.00
04:34:50     0.00     0.00     0.00     0.00     0.00
04:34:56     0.00     0.00     0.00     0.00     0.00
04:35:01     0.00     0.00     0.00     0.00     0.00
04:35:06     0.00     0.00     0.00     0.00     0.00
04:35:11     0.00     0.00     0.00     0.00     0.00
04:35:16     0.00     0.00     0.00     0.00     0.00
04:35:21     0.00     0.00     0.00     0.00     0.00
04:35:26     0.00     0.00     0.00     0.00     0.00
04:35:31     0.00     0.00     0.00     0.00     0.00
04:35:36     0.00     0.00     0.00     0.00     0.00
04:35:41     0.00     0.00     0.00     0.00     0.00
04:35:46     0.00     0.00     0.00     0.00     0.00
04:35:51     0.00     0.00     0.00     0.00     0.00
04:35:56     0.00     0.00     0.00     0.00     0.00
04:36:01     0.00     0.00     0.00     0.00     0.00
04:36:06     0.00     0.00     0.00     0.00     0.00
04:36:11     0.00     0.00     0.00     0.00     0.00
04:36:16     0.00     0.00     0.00     0.00     0.00
04:36:21     0.00     0.00     0.00     0.00     0.00
04:36:26     0.00     0.00     0.00     0.00     0.00
04:36:31     0.00     0.00     0.00     0.00     0.00
04:36:36     0.00     0.00     0.00     0.00     0.00
04:36:41     0.00     0.00     0.00     0.00     0.00
04:36:46     0.00     0.00     0.00     0.00     0.00
04:36:51     0.00     0.00     0.00     0.00     0.00
04:36:56     0.00     0.00     0.00     0.00     0.00
04:37:01     0.00     0.00     0.00     0.00     0.00
04:37:06     0.00     0.00     0.00     0.00     0.00
04:37:11     0.00     0.00     0.00     0.00     0.00
04:37:16     0.00     0.00     0.00     0.00     0.00
04:37:21     0.00     0.00     0.00     0.00     0.00
04:37:26     0.00     0.00     0.00     0.00     0.00
04:37:31     0.00     0.00     0.00     0.00     0.00
04:37:36     0.00     0.00     0.00     0.00     0.00
04:37:41     0.00     0.00     0.00     0.00     0.00
04:37:46     0.00     0.00     0.00     0.00     0.00
04:37:51     0.00     0.00     0.00     0.00     0.00
04:37:56     0.00     0.00     0.00     0.00     0.00
04:38:01     0.00     0.00     0.00     0.00     0.00
04:38:06     0.00     0.00     0.00     0.00     0.00
04:38:11     0.00     0.00     0.00     0.00     0.00
04:38:16     0.00     0.00     0.00     0.00     0.00
04:38:21     0.00     0.00     0.00     0.00     0.00
04:38:26     0.00     0.00     0.00     0.00     0.00
04:38:31     0.00     0.00     0.00     0.00     0.00
04:38:36     0.00     0.00     0.00     0.00     0.00
04:38:41     0.00     0.00     0.00     0.00     0.00
04:38:46     0.00     0.00     0.00     0.00     0.00
04:38:51     0.00     0.00     0.00     0.00     0.00
04:38:56     0.00     0.00     0.00     0.00     0.00
04:39:01     0.00     0.00     0.00     0.00     0.00
04:39:06     0.00     0.00     0.00     0.00     0.00
04:39:11     0.00     0.00     0.00     0.00     0.00
04:39:16     0.00     0.00     0.00     0.00     0.00
04:39:21     0.00     0.00     0.00     0.00     0.00
04:39:26     0.00     0.00     0.00     0.00     0.00
04:39:31     0.00     0.00     0.00     0.00     0.00
04:39:36     0.00     0.00     0.00     0.00     0.00
04:39:41     0.00     0.00     0.00     0.00     0.00
04:39:46     0.00     0.00     0.00     0.00     0.00
04:39:51     0.00     0.00     0.00     0.00     0.00
04:39:56     0.00     0.00     0.00     0.00     0.00
04:40:01     0.00     0.00     0.00     0.00     0.00
04:40:06     0.00     0.00     0.00     0.00     0.00
04:40:11     0.00     0.00     0.00     0.00     0.00
04:40:16     0.00     0.00     0.00     0.00     0.00
04:40:21     0.00     0.00     0.00     0.00     0.00
04:40:26     0.00     0.00     0.00     0.00     0.00
04:40:31     0.00     0.00     0.00     0.00     0.00
04:40:36     0.00     0.00     0.00     0.00     0.00
04:40:41     0.00     0.00     0.00     0.00     0.00
04:40:46     0.00     0.00     0.00     0.00     0.00
04:40:51     0.00     0.00     0.00     0.00     0.00
04:40:56     0.00     0.00     0.00     0.00     0.00
04:41:01     0.00     0.00     0.00     0.00     0.00
04:41:06     0.00     0.00     0.00     0.00     0.00
04:41:11     0.00     0.00     0.00     0.00     0.00
04:41:16     0.00     0.00     0.00     0.00     0.00
04:41:21     0.00     0.00     0.00     0.00     0.00
04:41:26     0.00     0.00     0.00     0.00     0.00
04:41:31     0.00     0.00     0.00     0.00     0.00
04:41:36     0.00     0.00     0.00     0.00     0.00
04:41:41     0.00     0.00     0.00     0.00     0.00
04:41:46     0.00     0.00     0.00     0.00     0.00
04:41:51     0.00     0.00     0.00     0.00     0.00
04:41:56     0.00     0.00     0.00     0.00     0.00
04:42:01     0.00     0.00     0.00     0.00     0.00
04:42:06     0.00     0.00     0.00     0.00     0.00
04:42:11     0.00     0.00     0.00     0.00     0.00
04:42:16     0.00     0.00     0.00     0.00     0.00
04:42:21     0.00     0.00     0.00     0.00     0.00
04:42:26     0.00     0.00     0.00     0.00     0.00
04:42:31     0.00     0.00     0.00     0.00     0.00
04:42:36     0.00     0.00     0.00     0.00     0.00
04:42:41     0.00     0.00     0.00     0.00     0.00
04:42:46     0.00     0.00     0.00     0.00     0.00
04:42:51     0.00     0.00     0.00     0.00     0.00
04:42:56     0.00     0.00     0.00     0.00     0.00
04:43:01     0.00     0.00     0.00     0.00     0.00
04:43:06     0.00     0.00     0.00     0.00     0.00
04:43:11     0.00     0.00     0.00     0.00     0.00
04:43:17     0.00     0.00     0.00     0.00     0.00
04:43:22     0.00     0.00     0.00     0.00     0.00
04:43:27     0.00     0.00     0.00     0.00     0.00
04:43:32     0.00     0.00     0.00     0.00     0.00
04:43:37     0.00     0.00     0.00     0.00     0.00
04:43:42     0.00     0.00     0.00     0.00     0.00
04:43:47     0.00     0.00     0.00     0.00     0.00
04:43:52     0.00     0.00     0.00     0.00     0.00
04:43:57     0.00     0.00     0.00     0.00     0.00
04:44:02     0.00     0.00     0.00     0.00     0.00
04:44:07     0.00     0.00     0.00     0.00     0.00
04:44:12     0.00     0.00     0.00     0.00     0.00
04:44:17     0.00     0.00     0.00     0.00     0.00
04:44:22     0.00     0.00     0.00     0.00     0.00
04:44:27     0.00     0.00     0.00     0.00     0.00
04:44:32     0.00     0.00     0.00     0.00     0.00
04:44:37     0.00     0.00     0.00     0.00     0.00
04:44:42     0.00     0.00     0.00     0.00     0.00
04:44:47     0.00     0.00     0.00     0.00     0.00
04:44:52     0.00     0.00     0.00     0.00     0.00
04:44:57     0.00     0.00     0.00     0.00     0.00
04:45:02     0.00     0.00     0.00     0.00     0.00
04:45:07     0.00     0.00     0.00     0.00     0.00
04:45:12     0.00     0.00     0.00     0.00     0.00
04:45:17     0.00     0.00     0.00     0.00     0.00
04:45:22     0.00     0.00     0.00     0.00     0.00
04:45:27     0.00     0.00     0.00     0.00     0.00
04:45:32     0.00     0.00     0.00     0.00     0.00
04:45:37     0.00     0.00     0.00     0.00     0.00
04:45:42     0.00     0.00     0.00     0.00     0.00
04:45:47     0.00     0.00     0.00     0.00     0.00
04:45:52     0.00     0.00     0.00     0.00     0.00
04:45:57     0.00     0.00     0.00     0.00     0.00
04:46:02     0.00     0.00     0.00     0.00     0.00
04:46:07     0.00     0.00     0.00     0.00     0.00
04:46:12     0.00     0.00     0.00     0.00     0.00
04:46:17     0.00     0.00     0.00     0.00     0.00
04:46:22     0.00     0.00     0.00     0.00     0.00
04:46:27     0.00     0.00     0.00     0.00     0.00
04:46:32     0.00     0.00     0.00     0.00     0.00
04:46:37     0.00     0.00     0.00     0.00     0.00
04:46:42     0.00     0.00     0.00     0.00     0.00
04:46:47     0.00     0.00     0.00     0.00     0.00
04:46:52     0.00     0.00     0.00     0.00     0.00
04:46:57     0.00     0.00     0.00     0.00     0.00
04:47:02     0.00     0.00     0.00     0.00     0.00
04:47:07     0.00     0.00     0.00     0.00     0.00
04:47:12     0.00     0.00     0.00     0.00     0.00
04:47:17     0.00     0.00     0.00     0.00     0.00
04:47:22     0.00     0.00     0.00     0.00     0.00
04:47:27     0.00     0.00     0.00     0.00     0.00
04:47:32     0.00     0.00     0.00     0.00     0.00
04:47:37     0.00     0.00     0.00     0.00     0.00
04:47:42     0.00     0.00     0.00     0.00     0.00
04:47:47     0.00     0.00     0.00     0.00     0.00
04:47:52     0.00     0.00     0.00     0.00     0.00
04:47:57     0.00     0.00     0.00     0.00     0.00
04:48:02     0.00     0.00     0.00     0.00     0.00
04:48:07     0.00     0.00     0.00     0.00     0.00
04:48:12     0.00     0.00     0.00     0.00     0.00
04:48:17     0.00     0.00     0.00     0.00     0.00
04:48:22     0.00     0.00     0.00     0.00     0.00
04:48:27     0.00     0.00     0.00     0.00     0.00
04:48:32     0.00     0.00     0.00     0.00     0.00
04:48:37     0.00     0.00     0.00     0.00     0.00
04:48:42     0.00     0.00     0.00     0.00     0.00
04:48:47     0.00     0.00     0.00     0.00     0.00
04:48:52     0.00     0.00     0.00     0.00     0.00
04:48:57     0.00     0.00     0.00     0.00     0.00
04:49:02     0.00     0.00     0.00     0.00     0.00
04:49:07     0.00     0.00     0.00     0.00     0.00
04:49:12     0.00     0.00     0.00     0.00     0.00
04:49:17     0.00     0.00     0.00     0.00     0.00
04:49:22     0.00     0.00     0.00     0.00     0.00
04:49:27     0.00     0.00     0.00     0.00     0.00
04:49:32     0.00     0.00     0.00     0.00     0.00
04:49:37     0.00     0.00     0.00     0.00     0.00
04:49:42     0.00     0.00     0.00     0.00     0.00
04:49:47     0.00     0.00     0.00     0.00     0.00
04:49:52     0.00     0.00     0.00     0.00     0.00
04:49:57     0.00     0.00     0.00     0.00     0.00
04:50:02     0.00     0.00     0.00     0.00     0.00
04:50:07     0.00     0.00     0.00     0.00     0.00
04:50:12     0.00     0.00     0.00     0.00     0.00
04:50:17     0.00     0.00     0.00     0.00     0.00
04:50:22     0.00     0.00     0.00     0.00     0.00
04:50:27     0.00     0.00     0.00     0.00     0.00
04:50:32     0.00     0.00     0.00     0.00     0.00
04:50:37     0.00     0.00     0.00     0.00     0.00
04:50:42     0.00     0.00     0.00     0.00     0.00
04:50:47     0.00     0.00     0.00     0.00     0.00
04:50:52     0.00     0.00     0.00     0.00     0.00
04:50:57     0.00     0.00     0.00     0.00     0.00
04:51:02     0.00     0.00     0.00     0.00     0.00
04:51:07     0.00     0.00     0.00     0.00     0.00
04:51:12     0.00     0.00     0.00     0.00     0.00
04:51:17     0.00     0.00     0.00     0.00     0.00
04:51:22     0.00     0.00     0.00     0.00     0.00
04:51:27     0.00     0.00     0.00     0.00     0.00
04:51:32     0.00     0.00     0.00     0.00     0.00
04:51:38     0.00     0.00     0.00     0.00     0.00
04:51:43     0.00     0.00     0.00     0.00     0.00
04:51:48     0.00     0.00     0.00     0.00     0.00
04:51:53     0.00     0.00     0.00     0.00     0.00
04:51:58     0.00     0.00     0.00     0.00     0.00
04:52:03     0.00     0.00     0.00     0.00     0.00
04:52:08     0.00     0.00     0.00     0.00     0.00
04:52:13     0.00     0.00     0.00     0.00     0.00
04:52:18     0.00     0.00     0.00     0.00     0.00
04:52:23     0.00     0.00     0.00     0.00     0.00
04:52:28     0.00     0.00     0.00     0.00     0.00
04:52:33     0.00     0.00     0.00     0.00     0.00
04:52:38     0.00     0.00     0.00     0.00     0.00
04:52:43     0.00     0.00     0.00     0.00     0.00
04:52:48     0.00     0.00     0.00     0.00     0.00
04:52:53     0.00     0.00     0.00     0.00     0.00
04:52:58     0.00     0.00     0.00     0.00     0.00
04:53:03     0.00     0.00     0.00     0.00     0.00
04:53:08     0.00     0.00     0.00     0.00     0.00
04:53:13     0.00     0.00     0.00     0.00     0.00
04:53:18     0.00     0.00     0.00     0.00     0.00
04:53:23     0.00     0.00     0.00     0.00     0.00
04:53:28     0.00     0.00     0.00     0.00     0.00
04:53:33     0.00     0.00     0.00     0.00     0.00
04:53:38     0.00     0.00     0.00     0.00     0.00
04:53:43     0.00     0.00     0.00     0.00     0.00
04:53:48     0.00     0.00     0.00     0.00     0.00
04:53:53     0.00     0.00     0.00     0.00     0.00
04:53:58     0.00     0.00     0.00     0.00     0.00
04:54:03     0.00     0.00     0.00     0.00     0.00
04:54:08     0.00     0.00     0.00     0.00     0.00
04:54:13     0.00     0.00     0.00     0.00     0.00
04:54:18     0.00     0.00     0.00     0.00     0.00
04:54:23     0.00     0.00     0.00     0.00     0.00
04:54:28     0.00     0.00     0.00     0.00     0.00
04:54:33     0.00     0.00     0.00     0.00     0.00
04:54:38     0.00     0.00     0.00     0.00     0.00
04:54:43     0.00     0.00     0.00     0.00     0.00
04:54:48     0.00     0.00     0.00     0.00     0.00
04:54:53     0.00     0.00     0.00     0.00     0.00
04:54:58     0.00     0.00     0.00     0.00     0.00
04:55:03     0.00     0.00     0.00     0.00     0.00
04:55:08     0.00     0.00     0.00     0.00     0.00
04:55:13     0.00     0.00     0.00     0.00     0.00
04:55:18     0.00     0.00     0.00     0.00     0.00
04:55:23     0.00     0.00     0.00     0.00     0.00
04:55:28     0.00     0.00     0.00     0.00     0.00
04:55:33     0.00     0.00     0.00     0.00     0.00
04:55:38     0.00     0.00     0.00     0.00     0.00
04:55:43     0.00     0.00     0.00     0.00     0.00
04:55:48     0.00     0.00     0.00     0.00     0.00
04:55:53     0.00     0.00     0.00     0.00     0.00
04:55:58     0.00     0.00     0.00     0.00     0.00
04:56:03     0.00     0.00     0.00     0.00     0.00
04:56:08     0.00     0.00     0.00     0.00     0.00
04:56:13     0.00     0.00     0.00     0.00     0.00
04:56:18     0.00     0.00     0.00     0.00     0.00
04:56:23     0.00     0.00     0.00     0.00     0.00
04:56:28     0.00     0.00     0.00     0.00     0.00
04:56:33     0.00     0.00     0.00     0.00     0.00
04:56:38     0.00     0.00     0.00     0.00     0.00
04:56:43     0.00     0.00     0.00     0.00     0.00
04:56:48     0.00     0.00     0.00     0.00     0.00
04:56:53     0.00     0.00     0.00     0.00     0.00
04:56:58     0.00     0.00     0.00     0.00     0.00
04:57:03     0.00     0.00     0.00     0.00     0.00
04:57:08     0.00     0.00     0.00     0.00     0.00
04:57:13     0.00     0.00     0.00     0.00     0.00
04:57:18     0.00     0.00     0.00     0.00     0.00
04:57:23     0.00     0.00     0.00     0.00     0.00
04:57:28     0.00     0.00     0.00     0.00     0.00
04:57:33     0.00     0.00     0.00     0.00     0.00
04:57:38     0.00     0.00     0.00     0.00     0.00
04:57:43     0.00     0.00     0.00     0.00     0.00
04:57:48     0.00     0.00     0.00     0.00     0.00
04:57:53     0.00     0.00     0.00     0.00     0.00
04:57:58     0.00     0.00     0.00     0.00     0.00
04:58:03     0.00     0.00     0.00     0.00     0.00
04:58:08     0.00     0.00     0.00     0.00     0.00
04:58:13     0.00     0.00     0.00     0.00     0.00
04:58:18     0.00     0.00     0.00     0.00     0.00
04:58:23     0.00     0.00     0.00     0.00     0.00
04:58:28     0.00     0.00     0.00     0.00     0.00
04:58:33     0.00     0.00     0.00     0.00     0.00
04:58:38     0.00     0.00     0.00     0.00     0.00
04:58:43     0.00     0.00     0.00     0.00     0.00
04:58:48     0.00     0.00     0.00     0.00     0.00
04:58:53     0.00     0.00     0.00     0.00     0.00
04:58:58     0.00     0.00     0.00     0.00     0.00
04:59:03     0.00     0.00     0.00     0.00     0.00
04:59:08     0.00     0.00     0.00     0.00     0.00
04:59:13     0.00     0.00     0.00     0.00     0.00
04:59:18     0.00     0.00     0.00     0.00     0.00
04:59:23     0.00     0.00     0.00     0.00     0.00
04:59:28     0.00     0.00     0.00     0.00     0.00
04:59:33     0.00     0.00     0.00     0.00     0.00
04:59:38     0.00     0.00     0.00     0.00     0.00
04:59:43     0.00     0.00     0.00     0.00     0.00
04:59:48     0.00     0.00     0.00     0.00     0.00
04:59:53     0.00     0.00     0.00     0.00     0.00
04:59:59     0.00     0.00     0.00     0.00     0.00
05:00:04     0.00     0.00     0.00     0.00     0.00
05:00:09     0.00     0.00     0.00     0.00     0.00
05:00:14     0.00     0.00     0.00     0.00     0.00
05:00:19     0.00     0.00     0.00     0.00     0.00
05:00:24     0.00     0.00     0.00     0.00     0.00
05:00:29     0.00     0.00     0.00     0.00     0.00
05:00:34     0.00     0.00     0.00     0.00     0.00
05:00:39     0.00     0.00     0.00     0.00     0.00
05:00:44     0.00     0.00     0.00     0.00     0.00
05:00:49     0.00     0.00     0.00     0.00     0.00
05:00:54     0.00     0.00     0.00     0.00     0.00
05:00:59     0.00     0.00     0.00     0.00     0.00
05:01:04     0.00     0.00     0.00     0.00     0.00
05:01:09     0.00     0.00     0.00     0.00     0.00
05:01:14     0.00     0.00     0.00     0.00     0.00
05:01:19     0.00     0.00     0.00     0.00     0.00
05:01:24     0.00     0.00     0.00     0.00     0.00
