
SunOS canfire03 5.11 onnv-gate i86pc    05/10/2009

04:31:35 sml_mem   alloc  fail  lg_mem   alloc  fail  ovsz_alloc  fail
04:31:40 343503040 298757792     0 905433088 860972352     0    76648448     0
04:31:45 343503040 298741984     0 905416704 860963264     0    76648448     0
04:31:50 343503040 298745504     0 905416704 860966336     0    76648448     0
04:31:55 343503040 298751776     0 905433088 860981184     0    76648448     0
04:32:00 343503040 298755424     0 905433088 860984256     0    76648448     0
04:32:05 343503040 298755712     0 905412608 860970368     0    76648448     0
04:32:10 343503040 298770400     0 905412608 861027392     0    76648448     0
04:32:15 343503040 298851584     0 905453568 861061440     0    76648448     0
04:32:20 343503040 298745312     0 905428992 860992128     0    76648448     0
04:32:25 343503040 298747904     0 905412608 860981120     0    76648448     0
04:32:30 343503040 298751488     0 905412608 860987264     0    76648448     0
04:32:35 343503040 298757760     0 905428992 861001664     0    76648448     0
04:32:40 343503040 298760832     0 905457664 861023296     0    76648448     0
04:32:45 343503040 298739872     0 905441280 861012928     0    76648448     0
04:32:50 343503040 298743456     0 905441280 861015424     0    76648448     0
04:32:55 343503040 298761408     0 905465856 861082368     0    76648448     0
04:33:00 343503040 298767424     0 905474048 861045248     0    76648448     0
04:33:05 343503040 298755904     0 905457664 861024256     0    76648448     0
04:33:10 343503040 298733632     0 905461760 861027200     0    76648448     0
04:33:15 343503040 298742144     0 905478144 861044672     0    76648448     0
04:33:20 343503040 298745728     0 905478144 861043072     0    76648448     0
04:33:25 343503040 298748672     0 905461760 861037504     0    76648448     0
04:33:30 343503040 298752352     0 905502720 861040000     0    76648448     0
04:33:35 343503040 298758624     0 905519104 861057984     0    76648448     0
04:33:40 343503040 298748096     0 905523200 861118720     0    76648448     0
04:33:45 343503040 298817440     0 905523200 861094528     0    76648448     0
04:33:50 343503040 298744832     0 905506816 861061376     0    76648448     0
04:33:55 343503040 298751104     0 905523200 861074624     0    76648448     0
04:34:00 343498944 298758240     0 905523200 860965824     0    76648448     0
04:34:05 343498944 298760736     0 905523200 860970048     0    76648448     0
04:34:10 343498944 298738208     0 905523200 860976128     0    76648448     0
04:34:15 343498944 298746720     0 905543680 860990656     0    76648448     0
04:34:20 343498944 298761696     0 905543680 861044928     0    76648448     0
04:34:25 343498944 298863616     0 905568256 861060928     0    76648448     0
04:34:30 343498944 298756672     0 905543680 860987840     0    76648448     0
04:34:35 343498944 298762944     0 905560064 861007808     0    76648448     0
04:34:40 343498944 298739968     0 905560064 861009920     0    76648448     0
04:34:45 343498944 298745152     0 905543680 861006848     0    76648448     0
04:34:50 343498944 298748832     0 905564160 861006272     0    76648448     0
04:34:56 343498944 298755264     0 905580544 861018048     0    76648448     0
04:35:01 343498944 298758976     0 905580544 861022144     0    76648448     0
04:35:06 343498944 298761920     0 905564160 861010368     0    76648448     0
04:35:11 343498944 298816160     0 905580544 861055360     0    76648448     0
04:35:16 343498944 298747168     0 905580544 861030336     0    76648448     0
04:35:21 343498944 298750848     0 905584640 861035968     0    76648448     0
04:35:26 343498944 298753792     0 905568256 861025792     0    76648448     0
04:35:31 343498944 298757376     0 905568256 861028800     0    76648448     0
04:35:36 343498944 298763648     0 905584640 861044672     0    76648448     0
04:35:41 343498944 298740512     0 905584640 861046272     0    76648448     0
04:35:46 343498944 298745696     0 905568256 861039104     0    76648448     0
04:35:51 343498944 298817600     0 905580544 861120704     0    76648448     0
04:35:56 343498944 298756512     0 905596928 861063488     0    76648448     0
04:36:01 343498944 298761088     0 905596928 861068032     0    76648448     0
04:36:06 343498944 298762048     0 905580544 861059520     0    76648448     0
04:36:11 343498944 298739616     0 905584640 861060096     0    76648448     0
04:36:16 343498944 298748128     0 905601024 861073984     0    76648448     0
04:36:21 343498944 298751712     0 905601024 861081600     0    76648448     0
04:36:26 343498944 298754656     0 905584640 861069824     0    76648448     0
04:36:31 343498944 298769728     0 905584640 861126144     0    76648448     0
04:36:36 343498944 299391232     0 905809920 861420544     0    76648448     0
04:36:41 343503040 302771680     0 906452992 860642944     0    76648448     0
04:36:46 343503040 303254592     0 906514432 860706304     0    76648448     0
04:36:51 343503040 303265152     0 906514432 860972544     0    76648448     0
04:36:56 343503040 303760736     0 906612736 861335168     0    76648448     0
04:37:01 343503040 303796256     0 906616832 861340288     0    76648448     0
04:37:06 343503040 303824992     0 906608640 861470272     0    76648448     0
04:37:11 343503040 303881728     0 906620928 861633024     0    76648448     0
04:37:16 343503040 303886976     0 906637312 861681920     0    76648448     0
04:37:21 343503040 303901472     0 906641408 861652416     0    76648448     0
04:37:26 343503040 303911584     0 906625024 861640640     0    76648448     0
04:37:31 343503040 303919328     0 906625024 861648832     0    76648448     0
04:37:36 343503040 303925600     0 906641408 861662208     0    76648448     0
04:37:41 343503040 303902592     0 906641408 861664704     0    76648448     0
04:37:46 343503040 303907776     0 906625024 861654528     0    76648448     0
04:37:51 343503040 303912512     0 906625024 861785600     0    76648448     0
04:37:56 343503040 303934688     0 906678272 861855296     0    76648448     0
04:38:01 343503040 304009920     0 906694656 861844032     0    76648448     0
04:38:06 343507136 303937376     0 906698752 861792448     0    76648448     0
04:38:11 343507136 303914528     0 906698752 861810368     0    76648448     0
04:38:16 343507136 303923360     0 906723328 861823168     0    76648448     0
04:38:21 343507136 303926976     0 906764288 861825664     0    76648448     0
04:38:26 343507136 303929920     0 906747904 861815488     0    76648448     0
04:38:31 343507136 303933504     0 906747904 861815488     0    76648448     0
04:38:36 343507136 303951264     0 906764288 861879488     0    76648448     0
04:38:41 343507136 303904000     0 906731520 861804096     0    76648448     0
04:38:46 343507136 303922112     0 906788864 861819584     0    76648448     0
04:38:51 343507136 303926048     0 906838016 861819584     0    76648448     0
04:38:56 343507136 303932384     0 906854400 861831360     0    76648448     0
04:39:01 343507136 303935968     0 906854400 861831360     0    76648448     0
04:39:06 343507136 303938912     0 906838016 861824192     0    76648448     0
04:39:11 343507136 303915584     0 906838016 861825216     0    76648448     0
04:39:16 343507136 303938752     0 906858496 861893312     0    76648448     0
04:39:21 343507136 304041760     0 906883072 861916224     0    76648448     0
04:39:26 343507136 303933632     0 906842112 861832384     0    76648448     0
04:39:31 343507136 303937216     0 906842112 861836480     0    76648448     0
04:39:36 343507136 303943488     0 906858496 861846656     0    76648448     0
04:39:41 343507136 303920704     0 906850304 861845120     0    76648448     0
04:39:46 343511232 303942016     0 906842112 861844928     0    76648448     0
04:39:51 343511232 303948480     0 906858496 861859200     0    76648448     0
04:39:56 343511232 303952512     0 906858496 861860800     0    76648448     0
04:40:01 343511232 303951488     0 906809344 861862144     0    76648448     0
04:40:06 343511232 303958560     0 906842112 861848640     0    76648448     0
04:40:11 343511232 303939296     0 906858496 861860800     0    76648448     0
04:40:16 343511232 303944960     0 906858496 861863872     0    76648448     0
04:40:21 343511232 303947904     0 906842112 861854592     0    76648448     0
04:40:26 343511232 303951520     0 906842112 861854592     0    76648448     0
04:40:31 343511232 303957792     0 906858496 861866368     0    76648448     0
04:40:36 343511232 303962400     0 906858496 861866368     0    76648448     0
04:40:41 343511232 303951264     0 906842112 861912832     0    76648448     0
04:40:46 343511232 304022752     0 906858496 861902400     0    76648448     0
04:40:51 343511232 303952096     0 906858496 861876416     0    76648448     0
04:40:56 343511232 303956224     0 906858496 861876416     0    76648448     0
04:41:01 343511232 303959168     0 906842112 861864064     0    76648448     0
04:41:06 343511232 303963648     0 906842112 861868160     0    76648448     0
04:41:11 343511232 303944000     0 906858496 861883584     0    76648448     0
04:41:16 343511232 303949728     0 906858496 861881984     0    76648448     0
04:41:21 343511232 303964576     0 906842112 861924096     0    76648448     0
04:41:26 343511232 304069152     0 906866688 861944960     0    76648448     0
04:41:31 343511232 303964224     0 906858496 861885888     0    76648448     0
04:41:36 343511232 303967520     0 906858496 861881984     0    76648448     0
04:41:41 343511232 303944256     0 906842112 861871808     0    76648448     0
04:41:46 343511232 303951008     0 906842112 861875904     0    76648448     0
04:41:51 343511232 303957280     0 906858496 861887680     0    76648448     0
04:41:56 343511232 303960864     0 906858496 861891776     0    76648448     0
04:42:01 343511232 303975392     0 906842112 861933120     0    76648448     0
04:42:06 343511232 304080608     0 906866688 861959232     0    76648448     0
04:42:11 343511232 303947872     0 906928128 861890176     0    76648448     0
04:42:16 343511232 303954592     0 906928128 861890176     0    76648448     0
04:42:21 343511232 303957536     0 906911744 861880000     0    76648448     0
04:42:26 343511232 303961120     0 906911744 861882048     0    76648448     0
04:42:31 343511232 303967776     0 906928128 861893248     0    76648448     0
04:42:36 343511232 303971584     0 906928128 861899968     0    76648448     0
04:42:41 343511232 303948768     0 906911744 861892288     0    76648448     0
04:42:46 343511232 303967200     0 906911744 861945408     0    76648448     0
04:42:51 343511232 304038240     0 906944512 861945024     0    76648448     0
04:42:56 343511232 303965792     0 906928128 861904064     0    76648448     0
04:43:01 343511232 303968736     0 906911744 861892288     0    76648448     0
04:43:06 343511232 303971808     0 906911744 861890688     0    76648448     0
04:43:11 343511232 303952032     0 906928128 861906112     0    76648448     0
04:43:17 343511232 303957632     0 906928128 861904512     0    76648448     0
04:43:22 343511232 303960576     0 906911744 861894336     0    76648448     0
04:43:27 343511232 303977952     0 906911744 861949056     0    76648448     0
04:43:32 343511232 304051200     0 906944512 861955264     0    76648448     0
04:43:37 343511232 303976320     0 906928128 861914304     0    76648448     0
04:43:42 343511232 303956192     0 906911744 861900928     0    76648448     0
04:43:47 343511232 303961792     0 906911744 861902528     0    76648448     0
04:43:52 343511232 303968448     0 906928128 861914304     0    76648448     0
04:43:57 343511232 303972224     0 906928128 861914304     0    76648448     0
04:44:02 343511232 303975968     0 906911744 862032320     0    76648448     0
04:44:07 343511232 303992352     0 906911744 862092224     0    76648448     0
04:44:12 343511232 304069920     0 906952704 862119232     0    76648448     0
04:44:17 343511232 303964480     0 906928128 862050240     0    76648448     0
04:44:22 343511232 303967424     0 906911744 862044160     0    76648448     0
04:44:27 343511232 303971008     0 906911744 862044160     0    76648448     0
04:44:32 343511232 303977440     0 906928128 862057984     0    76648448     0
04:44:37 343511232 303981152     0 906928128 862057984     0    76648448     0
04:44:42 343511232 303958592     0 906911744 862045632     0    76648448     0
04:44:47 343511232 303975136     0 906911744 862099456     0    76648448     0
04:44:52 343511232 304081088     0 906952704 862131392     0    76648448     0
04:44:57 343511232 303974272     0 906928128 862059008     0    76648448     0
04:45:02 343511232 303977152     0 906911744 862047232     0    76648448     0
04:45:07 343511232 303979968     0 906911744 862055040     0    76648448     0
04:45:12 343511232 303960640     0 906928128 862069248     0    76648448     0
04:45:17 343511232 303969312     0 906928128 862069248     0    76648448     0
04:45:22 343511232 303972256     0 906911744 862057472     0    76648448     0
04:45:27 343511232 303975840     0 906911744 862057472     0    76648448     0
04:45:32 343511232 303993632     0 906928128 862121472     0    76648448     0
04:45:37 343511232 304063488     0 906944512 862110208     0    76648448     0
04:45:42 343511232 303962432     0 906911744 862057472     0    76648448     0
04:45:47 343511232 303968352     0 906911744 862057472     0    76648448     0
04:45:52 343511232 303974624     0 906928128 862069248     0    76648448     0
04:45:57 343511232 303978752     0 906928128 862073344     0    76648448     0
04:46:02 343511232 303981696     0 906911744 862065664     0    76648448     0
04:46:07 343511232 303984736     0 906911744 862065664     0    76648448     0
04:46:12 343511232 303977728     0 906932224 862133760     0    76648448     0
04:46:17 343511232 303982560     0 906932224 862093440     0    76648448     0
04:46:22 343511232 303976384     0 906915840 862069760     0    76648448     0
04:46:27 343511232 303980128     0 906915840 862068160     0    76648448     0
04:46:32 343511232 303987232     0 906932224 862081536     0    76648448     0
04:46:37 343511232 303990816     0 906932224 862081536     0    76648448     0
04:46:42 343511232 303967904     0 906915840 862075904     0    76648448     0
04:46:47 343511232 303973056     0 906915840 862075904     0    76648448     0
04:46:52 343511232 303990720     0 906932224 862143424     0    76648448     0
04:46:57 343511232 303991392     0 906932224 862118016     0    76648448     0
04:47:02 343511232 303990080     0 906915840 862081024     0    76648448     0
04:47:07 343511232 303993088     0 906915840 862080640     0    76648448     0
04:47:12 343511232 303973312     0 906932224 862096896     0    76648448     0
04:47:17 343511232 303979168     0 906932224 862097344     0    76648448     0
04:47:22 343511232 303981888     0 906915840 862087168     0    76648448     0
04:47:27 343511232 303985632     0 906915840 862087168     0    76648448     0
04:47:32 343511232 304006496     0 906932224 862155264     0    76648448     0
04:47:37 343511232 304110016     0 906956800 862174528     0    76648448     0
04:47:42 343511232 303975072     0 906915840 862095360     0    76648448     0
04:47:47 343511232 303980672     0 906915840 862095360     0    76648448     0
04:47:52 343511232 303986944     0 906932224 862105536     0    76648448     0
04:47:57 343511232 303990528     0 906932224 862105536     0    76648448     0
04:48:02 343511232 303993472     0 906915840 862095360     0    76648448     0
04:48:07 343511232 303999744     0 906932224 862105536     0    76648448     0
04:48:12 343511232 303976768     0 906932224 862098368     0    76648448     0
04:48:17 343511232 303979840     0 906915840 862143104     0    76648448     0
04:48:22 343511232 304003072     0 906928128 862115264     0    76648448     0
04:48:27 343511232 303991168     0 906932224 862100864     0    76648448     0
04:48:32 343511232 303994752     0 906932224 862100864     0    76648448     0
04:48:37 343511232 303997824     0 906915840 862094784     0    76648448     0
04:48:42 343511232 303974656     0 906915840 862094784     0    76648448     0
04:48:47 343511232 303982944     0 906932224 862106560     0    76648448     0
04:48:52 343511232 303986528     0 906932224 862109056     0    76648448     0
04:48:57 343511232 304001056     0 906915840 862152000     0    76648448     0
04:49:02 343511232 304070208     0 906932224 862139136     0    76648448     0
04:49:07 343511232 303998528     0 906932224 862112768     0    76648448     0
04:49:12 343511232 303979072     0 906932224 862116800     0    76648448     0
04:49:17 343511232 303984032     0 906915840 862105024     0    76648448     0
04:49:22 343511232 303987776     0 906915840 862105024     0    76648448     0
04:49:27 343511232 303994176     0 906932224 862116800     0    76648448     0
04:49:32 343511232 303997760     0 906932224 862119296     0    76648448     0
04:49:37 343511232 304012096     0 906915840 862161344     0    76648448     0
04:49:42 343511232 304088992     0 906940416 862182272     0    76648448     0
04:49:47 343511232 303986368     0 906932224 862119296     0    76648448     0
04:49:52 343511232 303990016     0 906932224 862120896     0    76648448     0
04:49:57 343511232 303992960     0 906915840 862113216     0    76648448     0
04:50:02 343511232 303999040     0 906915840 862113216     0    76648448     0
04:50:07 343511232 304005760     0 906932224 862124992     0    76648448     0
04:50:12 343511232 303983648     0 906932224 862256320     0    76648448     0
04:50:17 343511232 302384800     0 906620928 862051904     0    76648448     0
04:50:22 343511232 302395264     0 906616832 862023552     0    76648448     0
04:50:27 343511232 301819872     0 906498048 861966912     0    76648448     0
04:50:32 343511232 301822432     0 906502144 861966208     0    76648448     0
04:50:37 343511232 301826272     0 906485760 861954432     0    76648448     0
04:50:42 343511232 301777760     0 906485760 861958528     0    76648448     0
04:50:47 343511232 301786048     0 906502144 861969856     0    76648448     0
04:50:52 343511232 301789632     0 906502144 861971456     0    76648448     0
04:50:57 343511232 301793056     0 906485760 861959680     0    76648448     0
04:51:02 343511232 301807456     0 906452992 861984320     0    76648448     0
04:51:07 343511232 301880864     0 906485760 861982656     0    76648448     0
04:51:12 343511232 301783168     0 906469376 862204928     0    76648448     0
04:51:17 343511232 299382240     0 906166272 862015296     0    76648448     0
04:51:22 343511232 299384992     0 906166272 862015296     0    76648448     0
04:51:27 343511232 298851104     0 906182656 862027072     0    76648448     0
04:51:32 343511232 298852832     0 906182656 862022464     0    76648448     0
04:51:38 343511232 298855776     0 906166272 862010688     0    76648448     0
04:51:43 343511232 298803264     0 906170368 862031744     0    76648448     0
04:51:48 343511232 298851808     0 906194944 862105472     0    76648448     0
04:51:53 343511232 298814464     0 906186752 862043520     0    76648448     0
04:51:58 343511232 298817376     0 906170368 862031744     0    76648448     0
04:52:03 343511232 298820960     0 906170368 862031744     0    76648448     0
04:52:08 343511232 298825856     0 906186752 862043136     0    76648448     0
04:52:13 343511232 298804256     0 906186752 862045888     0    76648448     0
04:52:18 343511232 298808928     0 906170368 862042304     0    76648448     0
04:52:23 343511232 298812608     0 906190848 862043904     0    76648448     0
04:52:28 343511232 298830464     0 906207232 862108800     0    76648448     0
04:52:33 343511232 298933056     0 906231808 862127232     0    76648448     0
04:52:38 343511232 298825152     0 906190848 862042304     0    76648448     0
04:52:43 343511232 298802240     0 906190848 862042304     0    76648448     0
04:52:48 343511232 298810528     0 906207232 862055680     0    76648448     0
04:52:53 343511232 298814112     0 906207232 862054080     0    76648448     0
04:52:58 343511232 298817056     0 906190848 862043904     0    76648448     0
04:53:03 343511232 298820640     0 906190848 862043904     0    76648448     0
04:53:08 343511232 298826912     0 906207232 862059776     0    76648448     0
04:53:13 343511232 298816384     0 906207232 862118592     0    76648448     0
04:53:18 343511232 298886624     0 906207232 862095552     0    76648448     0
04:53:23 343511232 298812992     0 906190848 862054592     0    76648448     0
04:53:28 343511232 298819264     0 906207232 862066368     0    76648448     0
04:53:33 343511232 298822848     0 906207232 862068416     0    76648448     0
04:53:38 343511232 298825792     0 906190848 862056640     0    76648448     0
04:53:43 343511232 298803456     0 906190848 862058688     0    76648448     0
04:53:48 343511232 298811296     0 906207232 862072064     0    76648448     0
04:53:53 343511232 298814880     0 906207232 862076160     0    76648448     0
04:53:58 343511232 298812288     0 906158080 862075776     0    76648448     0
04:54:03 343511232 298821152     0 906190848 862062784     0    76648448     0
04:54:08 343511232 298826976     0 906207232 862079872     0    76648448     0
04:54:13 343511232 298804992     0 906207232 862084608     0    76648448     0
04:54:18 343511232 298809952     0 906190848 862071296     0    76648448     0
04:54:23 343511232 298813536     0 906190848 862072832     0    76648448     0
04:54:28 343511232 298819808     0 906207232 862083072     0    76648448     0
04:54:33 343511232 298823392     0 906207232 862084608     0    76648448     0
04:54:38 343511232 298837696     0 906190848 862123520     0    76648448     0
04:54:43 343511232 298914400     0 906215424 862148480     0    76648448     0
04:54:48 343511232 298811776     0 906207232 862088704     0    76648448     0
04:54:53 343511232 298815360     0 906207232 862087168     0    76648448     0
04:54:58 343511232 298818304     0 906190848 862076928     0    76648448     0
04:55:03 343511232 298821632     0 906190848 862079488     0    76648448     0
04:55:08 343511232 298828032     0 906207232 862095360     0    76648448     0
04:55:13 343511232 298806240     0 906207232 862096896     0    76648448     0
04:55:18 343511232 298810752     0 906190848 862083584     0    76648448     0
04:55:23 343511232 298825728     0 906190848 862137408     0    76648448     0
04:55:28 343511232 298899136     0 906223616 862136256     0    76648448     0
04:55:33 343511232 298823936     0 906207232 862100992     0    76648448     0
04:55:38 343511232 298826880     0 906190848 862089216     0    76648448     0
04:55:43 343511232 298803584     0 906190848 862089216     0    76648448     0
04:55:48 343511232 298811808     0 906207232 862100992     0    76648448     0
04:55:53 343511232 298815200     0 906207232 862099456     0    76648448     0
04:55:58 343511232 298821120     0 906231808 862130880     0    76648448     0
04:56:03 343511232 298824832     0 906231808 862133376     0    76648448     0
04:56:08 343511232 298838720     0 906248192 862202624     0    76648448     0
04:56:13 343511232 298807776     0 906248192 862145152     0    76648448     0
04:56:18 343511232 298812736     0 906231808 862137472     0    76648448     0
04:56:23 343511232 298818656     0 906502144 862274688     0    76648448     0
04:56:28 343511232 298823584     0 906510336 862280576     0    76648448     0
04:56:33 343511232 298826528     0 906493952 862268800     0    76648448     0
04:56:38 343511232 298830304     0 906493952 862268800     0    76648448     0
04:56:43 343511232 298810304     0 906510336 862280576     0    76648448     0
04:56:48 343511232 298826848     0 906510336 862332800     0    76648448     0
04:56:53 343511232 298929120     0 906518528 862351744     0    76648448     0
04:56:58 343511232 298821728     0 906493952 862276992     0    76648448     0
04:57:03 343511232 298828128     0 906510336 862290368     0    76648448     0
04:57:08 343511232 298832960     0 906510336 862422016     0    76648448     0
04:57:13 343511232 298809888     0 906493952 862426624     0    76648448     0
04:57:18 343511232 298815040     0 906493952 862426624     0    76648448     0
04:57:23 343511232 298821632     0 906510336 862440640     0    76648448     0
04:57:28 343511232 298824896     0 906510336 862436736     0    76648448     0
04:57:33 343511232 298839200     0 906493952 862481344     0    76648448     0
04:57:38 343511232 298908192     0 906510336 862470016     0    76648448     0
04:57:43 343511232 298812768     0 906661888 862462976     0    76648448     0
04:57:48 343511232 298818464     0 906792960 862467456     0    76648448     0
04:57:53 343511232 298821504     0 906907648 862455680     0    76648448     0
04:57:58 343511232 298825216     0 906907648 862455680     0    76648448     0
04:58:03 343511232 298831648     0 906924032 862467456     0    76648448     0
04:58:08 343511232 298835328     0 906952704 862467456     0    76648448     0
04:58:13 343511232 298812512     0 906952704 862472064     0    76648448     0
04:58:18 343511232 298883520     0 907100160 862550144     0    76648448     0
04:58:23 343511232 298823776     0 907100160 862483840     0    76648448     0
04:58:28 343511232 298827360     0 907100160 862483840     0    76648448     0
04:58:33 343511232 298830304     0 907083776 862472064     0    76648448     0
04:58:38 343511232 298833888     0 907083776 862472064     0    76648448     0
04:58:43 343511232 298816128     0 907100160 862615488     0    76648448     0
04:58:48 343511232 298821280     0 907100160 862615488     0    76648448     0
04:58:53 343511232 298824672     0 907083776 862611712     0    76648448     0
04:58:58 343511232 298839328     0 907083776 862660032     0    76648448     0
04:59:03 343511232 298944416     0 907124736 862694272     0    76648448     0
04:59:08 343511232 298837120     0 907100160 862619584     0    76648448     0
04:59:13 343515328 298816576     0 907100160 862644672     0    76648448     0
04:59:18 343515328 298822176     0 907100160 862644672     0    76648448     0
04:59:23 343515328 298828448     0 907116544 862656448     0    76648448     0
04:59:28 343515328 298832032     0 907116544 862656448     0    76648448     0
04:59:33 343515328 298834976     0 907100160 862646272     0    76648448     0
04:59:38 343515328 298838560     0 907100160 862644672     0    76648448     0
04:59:43 343515328 298830496     0 907116544 862710272     0    76648448     0
04:59:48 343515328 298900960     0 907132928 862697408     0    76648448     0
04:59:53 343515328 298827104     0 907100160 862644672     0    76648448     0
04:59:59 343515328 298830816     0 907100160 862644672     0    76648448     0
05:00:04 343515328 298838368     0 907116544 862657664     0    76648448     0
05:00:09 343515328 298840672     0 907116544 862658048     0    76648448     0
05:00:14 343515328 298817504     0 907100160 862644672     0    76648448     0
05:00:19 343515328 298822656     0 907100160 862646272     0    76648448     0
05:00:24 343515328 298828928     0 907116544 862658048     0    76648448     0
05:00:29 343515328 298883296     0 907124736 862719488     0    76648448     0
05:00:34 343515328 298835200     0 907100160 862646272     0    76648448     0
05:00:39 343515328 298838880     0 907100160 862646272     0    76648448     0
05:00:44 343515328 298818560     0 907116544 862658048     0    76648448     0
05:00:49 343515328 298824160     0 907116544 862658048     0    76648448     0
05:00:54 343515328 298827392     0 907100160 862646272     0    76648448     0
05:00:59 343515328 298831520     0 907100160 862646272     0    76648448     0
05:01:04 343515328 298842272     0 907116544 862657664     0    76648448     0
05:01:09 343515328 298853632     0 907116544 862716416     0    76648448     0
05:01:14 343515328 298931232     0 907128832 862722432     0    76648448     0
05:01:19 343515328 298825344     0 907104256 862650944     0    76648448     0
05:01:24 343515328 298831616     0 907120640 862662720     0    76648448     0
