
SunOS canfire03 5.11 onnv-gate i86pc    05/10/2009

08:31:21  pgout/s ppgout/s pgfree/s pgscan/s %ufs_ipf
08:31:26     0.00     0.00     0.00     0.00     0.00
08:31:31     0.00     0.00     0.00     0.00     0.00
08:31:36     0.00     0.00     0.00     0.00     0.00
08:31:41     0.00     0.00     0.00     0.00     0.00
08:31:46     0.00     0.00     0.00     0.00     0.00
08:31:51     0.00     0.00     0.00     0.00     0.00
08:31:56     0.00     0.00     0.00     0.00     0.00
08:32:01     0.00     0.00     0.00     0.00     0.00
08:32:06     0.00     0.00     0.00     0.00     0.00
08:32:11     0.00     0.00     0.00     0.00     0.00
08:32:16     0.00     0.00     0.00     0.00     0.00
08:32:21     0.00     0.00     0.00     0.00     0.00
08:32:26     0.00     0.00     0.00     0.00     0.00
08:32:31     0.00     0.00     0.00     0.00     0.00
08:32:36     0.00     0.00     0.00     0.00     0.00
08:32:41     0.00     0.00     0.00     0.00     0.00
08:32:46     0.00     0.00     0.00     0.00     0.00
08:32:51     0.00     0.00     0.00     0.00     0.00
08:32:56     0.00     0.00     0.00     0.00     0.00
08:33:01     0.00     0.00     0.00     0.00     0.00
08:33:06     0.00     0.00     0.00     0.00     0.00
08:33:11     0.00     0.00     0.00     0.00     0.00
08:33:16     0.00     0.00     0.00     0.00     0.00
08:33:21     0.00     0.00     0.00     0.00     0.00
08:33:26     0.00     0.00     0.00     0.00     0.00
08:33:31     0.00     0.00     0.00     0.00     0.00
08:33:36     0.00     0.00     0.00     0.00     0.00
08:33:41     0.00     0.00     0.00     0.00     0.00
08:33:46     0.00     0.00     0.00     0.00     0.00
08:33:51     0.00     0.00     0.00     0.00     0.00
08:33:56     0.00     0.00     0.00     0.00     0.00
08:34:01     0.00     0.00     0.00     0.00     0.00
08:34:06     0.00     0.00     0.00     0.00     0.00
08:34:11     0.00     0.00     0.00     0.00     0.00
08:34:16     0.00     0.00     0.00     0.00     0.00
08:34:21     0.00     0.00     0.00     0.00     0.00
08:34:26     0.00     0.00     0.00     0.00     0.00
08:34:31     0.00     0.00     0.00     0.00     0.00
08:34:36     0.00     0.00     0.00     0.00     0.00
08:34:41     0.00     0.00     0.00     0.00     0.00
08:34:46     0.00     0.00     0.00     0.00     0.00
08:34:51     0.00     0.00     0.00     0.00     0.00
08:34:56     0.00     0.00     0.00     0.00     0.00
08:35:02     0.00     0.00     0.00     0.00     0.00
08:35:07     0.00     0.00     0.00     0.00     0.00
08:35:12     0.00     0.00     0.00     0.00     0.00
08:35:17     0.00     0.00     0.00     0.00     0.00
08:35:22     0.00     0.00     0.00     0.00     0.00
08:35:27     0.00     0.00     0.00     0.00     0.00
08:35:32     0.00     0.00     0.00     0.00     0.00
08:35:37     0.00     0.00     0.00     0.00     0.00
08:35:42     0.00     0.00     0.00     0.00     0.00
08:35:47     0.00     0.00     0.00     0.00     0.00
08:35:52     0.00     0.00     0.00     0.00     0.00
08:35:57     0.00     0.00     0.00     0.00     0.00
08:36:02     0.00     0.00     0.00     0.00     0.00
08:36:07     0.00     0.00     0.00     0.00     0.00
08:36:12     0.00     0.00     0.00     0.00     0.00
08:36:17     0.00     0.00     0.00     0.00     0.00
08:36:22     0.00     0.00     0.00     0.00     0.00
08:36:27     0.00     0.00     0.00     0.00     0.00
08:36:32     0.00     0.00     0.00     0.00     0.00
08:36:37     0.00     0.00     0.00     0.00     0.00
08:36:42     0.00     0.00     0.00     0.00     0.00
08:36:47     0.00     0.00     0.00     0.00     0.00
08:36:52     0.00     0.00     0.00     0.00     0.00
08:36:57     0.00     0.00     0.00     0.00     0.00
08:37:02     0.00     0.00     0.00     0.00     0.00
08:37:07     0.00     0.00     0.00     0.00     0.00
08:37:12     0.00     0.00     0.00     0.00     0.00
08:37:17     0.00     0.00     0.00     0.00     0.00
08:37:22     0.00     0.00     0.00     0.00     0.00
08:37:27     0.00     0.00     0.00     0.00     0.00
08:37:32     0.00     0.00     0.00     0.00     0.00
08:37:37     0.00     0.00     0.00     0.00     0.00
08:37:42     0.00     0.00     0.00     0.00     0.00
08:37:47     0.00     0.00     0.00     0.00     0.00
08:37:52     0.00     0.00     0.00     0.00     0.00
08:37:57     0.00     0.00     0.00     0.00     0.00
08:38:02     0.00     0.00     0.00     0.00     0.00
08:38:07     0.00     0.00     0.00     0.00     0.00
08:38:12     0.00     0.00     0.00     0.00     0.00
08:38:17     0.00     0.00     0.00     0.00     0.00
08:38:22     0.00     0.00     0.00     0.00     0.00
08:38:27     0.00     0.00     0.00     0.00     0.00
08:38:32     0.00     0.00     0.00     0.00     0.00
08:38:37     0.00     0.00     0.00     0.00     0.00
08:38:42     0.00     0.00     0.00     0.00     0.00
08:38:47     0.00     0.00     0.00     0.00     0.00
08:38:52     0.00     0.00     0.00     0.00     0.00
08:38:57     0.00     0.00     0.00     0.00     0.00
08:39:02     0.00     0.00     0.00     0.00     0.00
08:39:07     0.00     0.00     0.00     0.00     0.00
08:39:12     0.00     0.00     0.00     0.00     0.00
08:39:17     0.00     0.00     0.00     0.00     0.00
08:39:22     0.00     0.00     0.00     0.00     0.00
08:39:27     0.00     0.00     0.00     0.00     0.00
08:39:32     0.00     0.00     0.00     0.00     0.00
08:39:37     0.00     0.00     0.00     0.00     0.00
08:39:42     0.00     0.00     0.00     0.00     0.00
08:39:47     0.00     0.00     0.00     0.00     0.00
08:39:52     0.00     0.00     0.00     0.00     0.00
08:39:57     0.00     0.00     0.00     0.00     0.00
08:40:02     0.00     0.00     0.00     0.00     0.00
08:40:07     0.00     0.00     0.00     0.00     0.00
08:40:12     0.00     0.00     0.00     0.00     0.00
08:40:17     0.00     0.00     0.00     0.00     0.00
08:40:22     0.00     0.00     0.00     0.00     0.00
08:40:27     0.00     0.00     0.00     0.00     0.00
08:40:32     0.00     0.00     0.00     0.00     0.00
08:40:37     0.00     0.00     0.00     0.00     0.00
08:40:42     0.00     0.00     0.00     0.00     0.00
08:40:47     0.00     0.00     0.00     0.00     0.00
08:40:52     0.00     0.00     0.00     0.00     0.00
08:40:57     0.00     0.00     0.00     0.00     0.00
08:41:02     0.00     0.00     0.00     0.00     0.00
08:41:07     0.00     0.00     0.00     0.00     0.00
08:41:12     0.00     0.00     0.00     0.00     0.00
08:41:17     0.00     0.00     0.00     0.00     0.00
08:41:22     0.00     0.00     0.00     0.00     0.00
08:41:27     0.00     0.00     0.00     0.00     0.00
08:41:32     0.00     0.00     0.00     0.00     0.00
08:41:37     0.00     0.00     0.00     0.00     0.00
08:41:42     0.00     0.00     0.00     0.00     0.00
08:41:47     0.00     0.00     0.00     0.00     0.00
08:41:52     0.00     0.00     0.00     0.00     0.00
08:41:57     0.00     0.00     0.00     0.00     0.00
08:42:02     0.00     0.00     0.00     0.00     0.00
08:42:07     0.00     0.00     0.00     0.00     0.00
08:42:12     0.00     0.00     0.00     0.00     0.00
08:42:17     0.00     0.00     0.00     0.00     0.00
08:42:22     0.00     0.00     0.00     0.00     0.00
08:42:27     0.00     0.00     0.00     0.00     0.00
08:42:32     0.00     0.00     0.00     0.00     0.00
08:42:37     0.00     0.00     0.00     0.00     0.00
08:42:42     0.00     0.00     0.00     0.00     0.00
08:42:47     0.00     0.00     0.00     0.00     0.00
08:42:52     0.00     0.00     0.00     0.00     0.00
08:42:57     0.00     0.00     0.00     0.00     0.00
08:43:02     0.00     0.00     0.00     0.00     0.00
08:43:07     0.00     0.00     0.00     0.00     0.00
08:43:12     0.00     0.00     0.00     0.00     0.00
08:43:17     0.00     0.00     0.00     0.00     0.00
08:43:23     0.00     0.00     0.00     0.00     0.00
08:43:28     0.00     0.00     0.00     0.00     0.00
08:43:33     0.00     0.00     0.00     0.00     0.00
08:43:38     0.00     0.00     0.00     0.00     0.00
08:43:43     0.00     0.00     0.00     0.00     0.00
08:43:48     0.00     0.00     0.00     0.00     0.00
08:43:53     0.00     0.00     0.00     0.00     0.00
08:43:58     0.00     0.00     0.00     0.00     0.00
08:44:03     0.00     0.00     0.00     0.00     0.00
08:44:08     0.00     0.00     0.00     0.00     0.00
08:44:13     0.00     0.00     0.00     0.00     0.00
08:44:18     0.00     0.00     0.00     0.00     0.00
08:44:23     0.00     0.00     0.00     0.00     0.00
08:44:28     0.00     0.00     0.00     0.00     0.00
08:44:33     0.00     0.00     0.00     0.00     0.00
08:44:38     0.00     0.00     0.00     0.00     0.00
08:44:43     0.00     0.00     0.00     0.00     0.00
08:44:48     0.00     0.00     0.00     0.00     0.00
08:44:53     0.00     0.00     0.00     0.00     0.00
08:44:58     0.00     0.00     0.00     0.00     0.00
08:45:03     0.00     0.00     0.00     0.00     0.00
08:45:08     0.00     0.00     0.00     0.00     0.00
08:45:13     0.00     0.00     0.00     0.00     0.00
08:45:18     0.00     0.00     0.00     0.00     0.00
08:45:23     0.00     0.00     0.00     0.00     0.00
08:45:28     0.00     0.00     0.00     0.00     0.00
08:45:33     0.00     0.00     0.00     0.00     0.00
08:45:38     0.00     0.00     0.00     0.00     0.00
08:45:43     0.00     0.00     0.00     0.00     0.00
08:45:48     0.00     0.00     0.00     0.00     0.00
08:45:53     0.00     0.00     0.00     0.00     0.00
08:45:58     0.00     0.00     0.00     0.00     0.00
08:46:03     0.00     0.00     0.00     0.00     0.00
08:46:08     0.00     0.00     0.00     0.00     0.00
08:46:13     0.00     0.00     0.00     0.00     0.00
08:46:18     0.00     0.00     0.00     0.00     0.00
08:46:23     0.00     0.00     0.00     0.00     0.00
08:46:28     0.00     0.00     0.00     0.00     0.00
08:46:33     0.00     0.00     0.00     0.00     0.00
08:46:38     0.00     0.00     0.00     0.00     0.00
08:46:43     0.00     0.00     0.00     0.00     0.00
08:46:48     0.00     0.00     0.00     0.00     0.00
08:46:53     0.00     0.00     0.00     0.00     0.00
08:46:58     0.00     0.00     0.00     0.00     0.00
08:47:03     0.00     0.00     0.00     0.00     0.00
08:47:08     0.00     0.00     0.00     0.00     0.00
08:47:13     0.00     0.00     0.00     0.00     0.00
08:47:18     0.00     0.00     0.00     0.00     0.00
08:47:23     0.00     0.00     0.00     0.00     0.00
08:47:28     0.00     0.00     0.00     0.00     0.00
08:47:33     0.00     0.00     0.00     0.00     0.00
08:47:38     0.00     0.00     0.00     0.00     0.00
08:47:43     0.00     0.00     0.00     0.00     0.00
08:47:48     0.00     0.00     0.00     0.00     0.00
08:47:53     0.00     0.00     0.00     0.00     0.00
08:47:58     0.00     0.00     0.00     0.00     0.00
08:48:03     0.00     0.00     0.00     0.00     0.00
08:48:08     0.00     0.00     0.00     0.00     0.00
08:48:13     0.00     0.00     0.00     0.00     0.00
08:48:18     0.00     0.00     0.00     0.00     0.00
08:48:23     0.00     0.00     0.00     0.00     0.00
08:48:28     0.00     0.00     0.00     0.00     0.00
08:48:33     0.00     0.00     0.00     0.00     0.00
08:48:38     0.00     0.00     0.00     0.00     0.00
08:48:43     0.00     0.00     0.00     0.00     0.00
08:48:48     0.00     0.00     0.00     0.00     0.00
08:48:53     0.00     0.00     0.00     0.00     0.00
08:48:58     0.00     0.00     0.00     0.00     0.00
08:49:03     0.00     0.00     0.00     0.00     0.00
08:49:08     0.00     0.00     0.00     0.00     0.00
08:49:13     0.00     0.00     0.00     0.00     0.00
08:49:18     0.00     0.00     0.00     0.00     0.00
08:49:23     0.00     0.00     0.00     0.00     0.00
08:49:28     0.00     0.00     0.00     0.00     0.00
08:49:33     0.00     0.00     0.00     0.00     0.00
08:49:38     0.00     0.00     0.00     0.00     0.00
08:49:43     0.00     0.00     0.00     0.00     0.00
08:49:48     0.00     0.00     0.00     0.00     0.00
08:49:53     0.00     0.00     0.00     0.00     0.00
08:49:58     0.00     0.00     0.00     0.00     0.00
08:50:03     0.00     0.00     0.00     0.00     0.00
08:50:08     0.00     0.00     0.00     0.00     0.00
08:50:13     0.00     0.00     0.00     0.00     0.00
08:50:18     0.00     0.00     0.00     0.00     0.00
08:50:23     0.00     0.00     0.00     0.00     0.00
08:50:28     0.00     0.00     0.00     0.00     0.00
08:50:33     0.00     0.00     0.00     0.00     0.00
08:50:38     0.00     0.00     0.00     0.00     0.00
08:50:43     0.00     0.00     0.00     0.00     0.00
08:50:48     0.00     0.00     0.00     0.00     0.00
08:50:53     0.00     0.00     0.00     0.00     0.00
08:50:58     0.00     0.00     0.00     0.00     0.00
08:51:03     0.00     0.00     0.00     0.00     0.00
08:51:08     0.00     0.00     0.00     0.00     0.00
08:51:13     0.00     0.00     0.00     0.00     0.00
08:51:18     0.00     0.00     0.00     0.00     0.00
08:51:23     0.00     0.00     0.00     0.00     0.00
08:51:28     0.00     0.00     0.00     0.00     0.00
08:51:33     0.00     0.00     0.00     0.00     0.00
08:51:38     0.00     0.00     0.00     0.00     0.00
08:51:44     0.00     0.00     0.00     0.00     0.00
08:51:49     0.00     0.00     0.00     0.00     0.00
08:51:54     0.00     0.00     0.00     0.00     0.00
08:51:59     0.00     0.00     0.00     0.00     0.00
08:52:04     0.00     0.00     0.00     0.00     0.00
08:52:09     0.00     0.00     0.00     0.00     0.00
08:52:14     0.00     0.00     0.00     0.00     0.00
08:52:19     0.00     0.00     0.00     0.00     0.00
08:52:24     0.00     0.00     0.00     0.00     0.00
08:52:29     0.00     0.00     0.00     0.00     0.00
08:52:34     0.00     0.00     0.00     0.00     0.00
08:52:39     0.00     0.00     0.00     0.00     0.00
08:52:44     0.00     0.00     0.00     0.00     0.00
08:52:49     0.00     0.00     0.00     0.00     0.00
08:52:54     0.00     0.00     0.00     0.00     0.00
08:52:59     0.00     0.00     0.00     0.00     0.00
08:53:04     0.00     0.00     0.00     0.00     0.00
08:53:09     0.00     0.00     0.00     0.00     0.00
08:53:14     0.00     0.00     0.00     0.00     0.00
08:53:19     0.00     0.00     0.00     0.00     0.00
08:53:24     0.00     0.00     0.00     0.00     0.00
08:53:29     0.00     0.00     0.00     0.00     0.00
08:53:34     0.00     0.00     0.00     0.00     0.00
08:53:39     0.00     0.00     0.00     0.00     0.00
08:53:44     0.00     0.00     0.00     0.00     0.00
08:53:49     0.00     0.00     0.00     0.00     0.00
08:53:54     0.00     0.00     0.00     0.00     0.00
08:53:59     0.00     0.00     0.00     0.00     0.00
08:54:04     0.00     0.00     0.00     0.00     0.00
08:54:09     0.00     0.00     0.00     0.00     0.00
08:54:14     0.00     0.00     0.00     0.00     0.00
08:54:19     0.00     0.00     0.00     0.00     0.00
08:54:24     0.00     0.00     0.00     0.00     0.00
08:54:29     0.00     0.00     0.00     0.00     0.00
08:54:34     0.00     0.00     0.00     0.00     0.00
08:54:39     0.00     0.00     0.00     0.00     0.00
08:54:44     0.00     0.00     0.00     0.00     0.00
08:54:49     0.00     0.00     0.00     0.00     0.00
08:54:54     0.00     0.00     0.00     0.00     0.00
08:54:59     0.00     0.00     0.00     0.00     0.00
08:55:04     0.00     0.00     0.00     0.00     0.00
08:55:09     0.00     0.00     0.00     0.00     0.00
08:55:14     0.00     0.00     0.00     0.00     0.00
08:55:19     0.00     0.00     0.00     0.00     0.00
08:55:24     0.00     0.00     0.00     0.00     0.00
08:55:29     0.00     0.00     0.00     0.00     0.00
08:55:34     0.00     0.00     0.00     0.00     0.00
08:55:39     0.00     0.00     0.00     0.00     0.00
08:55:44     0.00     0.00     0.00     0.00     0.00
08:55:49     0.00     0.00     0.00     0.00     0.00
08:55:54     0.00     0.00     0.00     0.00     0.00
08:55:59     0.00     0.00     0.00     0.00     0.00
08:56:04     0.00     0.00     0.00     0.00     0.00
08:56:09     0.00     0.00     0.00     0.00     0.00
08:56:14     0.00     0.00     0.00     0.00     0.00
08:56:19     0.00     0.00     0.00     0.00     0.00
08:56:24     0.00     0.00     0.00     0.00     0.00
08:56:29     0.00     0.00     0.00     0.00     0.00
08:56:34     0.00     0.00     0.00     0.00     0.00
08:56:39     0.00     0.00     0.00     0.00     0.00
08:56:44     0.00     0.00     0.00     0.00     0.00
08:56:49     0.00     0.00     0.00     0.00     0.00
08:56:54     0.00     0.00     0.00     0.00     0.00
08:56:59     0.00     0.00     0.00     0.00     0.00
08:57:04     0.00     0.00     0.00     0.00     0.00
08:57:09     0.00     0.00     0.00     0.00     0.00
08:57:14     0.00     0.00     0.00     0.00     0.00
08:57:19     0.00     0.00     0.00     0.00     0.00
08:57:24     0.00     0.00     0.00     0.00     0.00
08:57:29     0.00     0.00     0.00     0.00     0.00
08:57:34     0.00     0.00     0.00     0.00     0.00
08:57:39     0.00     0.00     0.00     0.00     0.00
08:57:44     0.00     0.00     0.00     0.00     0.00
08:57:49     0.00     0.00     0.00     0.00     0.00
08:57:54     0.00     0.00     0.00     0.00     0.00
08:57:59     0.00     0.00     0.00     0.00     0.00
08:58:04     0.00     0.00     0.00     0.00     0.00
08:58:09     0.00     0.00     0.00     0.00     0.00
08:58:14     0.00     0.00     0.00     0.00     0.00
08:58:19     0.00     0.00     0.00     0.00     0.00
08:58:24     0.00     0.00     0.00     0.00     0.00
08:58:29     0.00     0.00     0.00     0.00     0.00
08:58:34     0.00     0.00     0.00     0.00     0.00
08:58:39     0.00     0.00     0.00     0.00     0.00
08:58:44     0.00     0.00     0.00     0.00     0.00
08:58:49     0.00     0.00     0.00     0.00     0.00
08:58:54     0.00     0.00     0.00     0.00     0.00
08:58:59     0.00     0.00     0.00     0.00     0.00
08:59:04     0.00     0.00     0.00     0.00     0.00
08:59:09     0.00     0.00     0.00     0.00     0.00
08:59:14     0.00     0.00     0.00     0.00     0.00
08:59:19     0.00     0.00     0.00     0.00     0.00
08:59:24     0.00     0.00     0.00     0.00     0.00
08:59:29     0.00     0.00     0.00     0.00     0.00
08:59:34     0.00     0.00     0.00     0.00     0.00
08:59:39     0.00     0.00     0.00     0.00     0.00
08:59:44     0.00     0.00     0.00     0.00     0.00
08:59:49     0.00     0.00     0.00     0.00     0.00
08:59:54     0.00     0.00     0.00     0.00     0.00
08:59:59     0.00     0.00     0.00     0.00     0.00
09:00:05     0.00     0.00     0.00     0.00     0.00
09:00:10     0.00     0.00     0.00     0.00     0.00
09:00:15     0.00     0.00     0.00     0.00     0.00
09:00:20     0.00     0.00     0.00     0.00     0.00
09:00:25     0.00     0.00     0.00     0.00     0.00
09:00:30     0.00     0.00     0.00     0.00     0.00
09:00:35     0.00     0.00     0.00     0.00     0.00
09:00:40     0.00     0.00     0.00     0.00     0.00
09:00:45     0.00     0.00     0.00     0.00     0.00
09:00:50     0.00     0.00     0.00     0.00     0.00
09:00:55     0.00     0.00     0.00     0.00     0.00
09:01:00     0.00     0.00     0.00     0.00     0.00
09:01:05     0.00     0.00     0.00     0.00     0.00
09:01:10     0.00     0.00     0.00     0.00     0.00
09:01:15     0.00     0.00     0.00     0.00     0.00
09:01:20     0.00     0.00     0.00     0.00     0.00
09:01:25     0.00     0.00     0.00     0.00     0.00
09:01:30     0.00     0.00     0.00     0.00     0.00
09:01:35     0.00     0.00     0.00     0.00     0.00
09:01:40     0.00     0.00     0.00     0.00     0.00
09:01:45     0.00     0.00     0.00     0.00     0.00
09:01:50     0.00     0.00     0.00     0.00     0.00
09:01:55     0.00     0.00     0.00     0.00     0.00
09:02:00     0.00     0.00     0.00     0.00     0.00
09:02:05     0.00     0.00     0.00     0.00     0.00
09:02:10     0.00     0.00     0.00     0.00     0.00
09:02:15     0.00     0.00     0.00     0.00     0.00
09:02:20     0.00     0.00     0.00     0.00     0.00
09:02:25     0.00     0.00     0.00     0.00     0.00
09:02:30     0.00     0.00     0.00     0.00     0.00
09:02:35     0.00     0.00     0.00     0.00     0.00
09:02:40     0.00     0.00     0.00     0.00     0.00
09:02:45     0.00     0.00     0.00     0.00     0.00
09:02:50     0.00     0.00     0.00     0.00     0.00
09:02:55     0.00     0.00     0.00     0.00     0.00
09:03:00     0.00     0.00     0.00     0.00     0.00
09:03:05     0.00     0.00     0.00     0.00     0.00
09:03:10     0.00     0.00     0.00     0.00     0.00
09:03:15     0.00     0.00     0.00     0.00     0.00
09:03:20     0.00     0.00     0.00     0.00     0.00
09:03:25     0.00     0.00     0.00     0.00     0.00
09:03:30     0.00     0.00     0.00     0.00     0.00
09:03:35     0.00     0.00     0.00     0.00     0.00
09:03:40     0.00     0.00     0.00     0.00     0.00
09:03:45     0.00     0.00     0.00     0.00     0.00
09:03:50     0.00     0.00     0.00     0.00     0.00
09:03:55     0.00     0.00     0.00     0.00     0.00
09:04:00     0.00     0.00     0.00     0.00     0.00
09:04:05     0.00     0.00     0.00     0.00     0.00
09:04:10     0.00     0.00     0.00     0.00     0.00
09:04:15     0.00     0.00     0.00     0.00     0.00
09:04:20     0.00     0.00     0.00     0.00     0.00
09:04:25     0.00     0.00     0.00     0.00     0.00
09:04:30     0.00     0.00     0.00     0.00     0.00
09:04:35     0.00     0.00     0.00     0.00     0.00
09:04:40     0.00     0.00     0.00     0.00     0.00
09:04:45     0.00     0.00     0.00     0.00     0.00
09:04:50     0.00     0.00     0.00     0.00     0.00
09:04:55     0.00     0.00     0.00     0.00     0.00
09:05:00     0.00     0.00     0.00     0.00     0.00
09:05:05     0.00     0.00     0.00     0.00     0.00
09:05:10     0.00     0.00     0.00     0.00     0.00
09:05:15     0.00     0.00     0.00     0.00     0.00
09:05:20     0.00     0.00     0.00     0.00     0.00
09:05:25     0.00     0.00     0.00     0.00     0.00
09:05:30     0.00     0.00     0.00     0.00     0.00
09:05:35     0.00     0.00     0.00     0.00     0.00
09:05:40     0.00     0.00     0.00     0.00     0.00
09:05:45     0.00     0.00     0.00     0.00     0.00
09:05:50     0.00     0.00     0.00     0.00     0.00
09:05:55     0.00     0.00     0.00     0.00     0.00
09:06:00     0.00     0.00     0.00     0.00     0.00
09:06:05     0.00     0.00     0.00     0.00     0.00
09:06:10     0.00     0.00     0.00     0.00     0.00
09:06:15     0.00     0.00     0.00     0.00     0.00
09:06:20     0.00     0.00     0.00     0.00     0.00
09:06:25     0.00     0.00     0.00     0.00     0.00
09:06:30     0.00     0.00     0.00     0.00     0.00
09:06:35     0.00     0.00     0.00     0.00     0.00
09:06:40     0.00     0.00     0.00     0.00     0.00
09:06:45     0.00     0.00     0.00     0.00     0.00
09:06:50     0.00     0.00     0.00     0.00     0.00
09:06:55     0.00     0.00     0.00     0.00     0.00
09:07:00     0.00     0.00     0.00     0.00     0.00
09:07:05     0.00     0.00     0.00     0.00     0.00
09:07:10     0.00     0.00     0.00     0.00     0.00
09:07:15     0.00     0.00     0.00     0.00     0.00
09:07:20     0.00     0.00     0.00     0.00     0.00
09:07:25     0.00     0.00     0.00     0.00     0.00
09:07:30     0.00     0.00     0.00     0.00     0.00
09:07:35     0.00     0.00     0.00     0.00     0.00
09:07:40     0.00     0.00     0.00     0.00     0.00
09:07:45     0.00     0.00     0.00     0.00     0.00
09:07:50     0.00     0.00     0.00     0.00     0.00
09:07:55     0.00     0.00     0.00     0.00     0.00
09:08:00     0.00     0.00     0.00     0.00     0.00
09:08:05     0.00     0.00     0.00     0.00     0.00
09:08:10     0.00     0.00     0.00     0.00     0.00
09:08:15     0.00     0.00     0.00     0.00     0.00
09:08:20     0.00     0.00     0.00     0.00     0.00
09:08:26     0.00     0.00     0.00     0.00     0.00
09:08:31     0.00     0.00     0.00     0.00     0.00
09:08:36     0.00     0.00     0.00     0.00     0.00
09:08:41     0.00     0.00     0.00     0.00     0.00
09:08:46     0.00     0.00     0.00     0.00     0.00
09:08:51     0.00     0.00     0.00     0.00     0.00
09:08:56     0.00     0.00     0.00     0.00     0.00
09:09:01     0.00     0.00     0.00     0.00     0.00
09:09:06     0.00     0.00     0.00     0.00     0.00
09:09:11     0.00     0.00     0.00     0.00     0.00
09:09:16     0.00     0.00     0.00     0.00     0.00
09:09:21     0.00     0.00     0.00     0.00     0.00
09:09:26     0.00     0.00     0.00     0.00     0.00
09:09:31     0.00     0.00     0.00     0.00     0.00
09:09:36     0.00     0.00     0.00     0.00     0.00
09:09:41     0.00     0.00     0.00     0.00     0.00
09:09:46     0.00     0.00     0.00     0.00     0.00
09:09:51     0.00     0.00     0.00     0.00     0.00
09:09:56     0.00     0.00     0.00     0.00     0.00
