The sample interval is 5 seconds
Resetting power meter...
Collection of IPMI data started
Collection of PMC data started
Collection of system statistics started
Sleeping for 300 seconds to let everyone settle
Now starting to log iostat data
Now starting to log vmstat data
Now starting to log page fault data
Now starting to log krenel memory allocation data
Now starting to log disk data
And now we start the benchmarks
Starting the 401.bzip2 benchmark at 08:36
The process id for the 401.bzip2 benchmark is 673367
And now we start the 429.mcf benchmark at 08:36
The process id for the  benchmark is 673380
Now we wait until both benchmarks have finished
Both benchmarks have completed at 08:59
Sleeping for 600 secondsto allow the machine to cool down.
Now shutdowning the data collection utilities.
OK...I'm back, and now I'm downloading the power data
Data collection complete at 09:09
