specsingle.sh: Executing libquantum benchmark.
specsingle.sh: Destination directory is /usr/home/awl8049/scheduler/
specsingle.sh: Using revised1tas1libquantum as id for this run
specsingle.sh: Clearing memory on power meter
specsingle.sh: Restarting teaplant.
And now we start the Specsingle libquantum benchmark at 
/usr/local/cpu2006 /usr/home2/awl8049/dissertation/vmpowermgt/Programs/sched_data_collect
runspec v4662 - Copyright 1999-2006 Standard Performance Evaluation Corporation
Using 'linux-suse101-i386' tools
Reading MANIFEST... 17934 files
Loading runspec modules...............
Locating benchmarks...found 31 benchmarks in 12 benchsets.
Locating output formats: ASCII, config, CSV, flags, HTML, mail, PDF, PostScript, raw, Screen, Submission Check
Reading config file '/usr/local/cpu2006/config/schedtas.cfg'
Benchmarks selected: 462.libquantum
Compiling Binaries
  Up to date 462.libquantum ref base i386-m32-gcc42-nn default


Parsing Flags
  Looking at 462.libquantum base i386-m32-gcc42-nn default: done
Flag Parsing Complete

Setting Up Run Directories
  Setting up 462.libquantum ref base i386-m32-gcc42-nn default: existing (run_base_ref_i386-m32-gcc42-nn.0000)
Running Benchmarks
  Running 462.libquantum ref base i386-m32-gcc42-nn default
/usr/local/cpu2006/bin/specinvoke -d /usr/local/cpu2006/benchspec/CPU2006/462.libquantum/run/run_base_ref_i386-m32-gcc42-nn.0000 -e speccmds.err -o speccmds.stdout -f speccmds.cmd -C
/usr/local/cpu2006/bin/specinvoke -E -d /usr/local/cpu2006/benchspec/CPU2006/462.libquantum/run/run_base_ref_i386-m32-gcc42-nn.0000 -c 1 -e compare.err -o compare.stdout -f compare.cmd
Success: 1x462.libquantum
Producing Reports
mach: default
  ext: i386-m32-gcc42-nn
    size: ref
      set: int
NOTICE: sw_compiler is longer than 50 characters and will be split
        format: raw -> /usr/local/cpu2006/result/CINT2006.083.rsf
        format: flags -> /usr/local/cpu2006/result/CINT2006.083.flags.html
        format: ASCII -> /usr/local/cpu2006/result/CINT2006.083.txt
        format: HTML -> /usr/local/cpu2006/result/CINT2006.083.html, CINT2006.083.gif
        format: PDF -> /usr/local/cpu2006/result/CINT2006.083.pdf
        format: Screen -> 

                                  Estimated                       Estimated
                Base     Base       Base        Peak     Peak       Peak
Benchmarks      Ref.   Run Time     Ratio       Ref.   Run Time     Ratio
-------------- ------  ---------  ---------    ------  ---------  ---------
400.perlbench                               NR                                 
401.bzip2                                   NR                                 
403.gcc                                     NR                                 
429.mcf                                     NR                                 
445.gobmk                                   NR                                 
456.hmmer                                   NR                                 
458.sjeng                                   NR                                 
462.libquantum  20720       3420       6.06 *                                  
464.h264ref                                 NR                                 
471.omnetpp                                 NR                                 
473.astar                                   NR                                 
483.xalancbmk                               NR                                 
 Est. SPECint_base2006                   --
 Est. SPECint2006                                                   Not Run

      set: fp

The log for this run is in /usr/local/cpu2006/result/CPU2006.083.log

runspec finished at Wed Nov  2 11:12:52 2011; 3436 total seconds elapsed
/usr/home2/awl8049/dissertation/vmpowermgt/Programs/sched_data_collect
And the Specsingle libquantum benchmark has completed at 11:12
specsingle.sh: Telling teaplant to cycle log files
specsingle.sh: Downloading data from the power meter
specsingle.sh: Data collection complete
