
SunOS canfire03 5.11 onnv-gate i86pc    05/10/2009

03:53:32  pgout/s ppgout/s pgfree/s pgscan/s %ufs_ipf
03:53:37     0.00     0.00     0.00     0.00     0.00
03:53:42     0.00     0.00     0.00     0.00     0.00
03:53:47     0.00     0.00     0.00     0.00     0.00
03:53:52     0.00     0.00     0.00     0.00     0.00
03:53:57     0.00     0.00     0.00     0.00     0.00
03:54:02     0.00     0.00     0.00     0.00     0.00
03:54:07     0.00     0.00     0.00     0.00     0.00
03:54:12     0.00     0.00     0.00     0.00     0.00
03:54:17     0.00     0.00     0.00     0.00     0.00
03:54:22     0.00     0.00     0.00     0.00     0.00
03:54:27     0.00     0.00     0.00     0.00     0.00
03:54:32     0.00     0.00     0.00     0.00     0.00
03:54:37     0.00     0.00     0.00     0.00     0.00
03:54:42     0.00     0.00     0.00     0.00     0.00
03:54:47     0.00     0.00     0.00     0.00     0.00
03:54:52     0.00     0.00     0.00     0.00     0.00
03:54:57     0.00     0.00     0.00     0.00     0.00
03:55:02     0.00     0.00     0.00     0.00     0.00
03:55:07     0.00     0.00     0.00     0.00     0.00
03:55:12     0.00     0.00     0.00     0.00     0.00
03:55:17     0.00     0.00     0.00     0.00     0.00
03:55:22     0.00     0.00     0.00     0.00     0.00
03:55:27     0.00     0.00     0.00     0.00     0.00
03:55:32     0.00     0.00     0.00     0.00     0.00
03:55:37     0.00     0.00     0.00     0.00     0.00
03:55:42     0.00     0.00     0.00     0.00     0.00
03:55:47     0.00     0.00     0.00     0.00     0.00
03:55:52     0.00     0.00     0.00     0.00     0.00
03:55:57     0.00     0.00     0.00     0.00     0.00
03:56:02     0.00     0.00     0.00     0.00     0.00
03:56:07     0.00     0.00     0.00     0.00     0.00
03:56:12     0.00     0.00     0.00     0.00     0.00
03:56:17     0.00     0.00     0.00     0.00     0.00
03:56:22     0.00     0.00     0.00     0.00     0.00
03:56:27     0.00     0.00     0.00     0.00     0.00
03:56:32     0.00     0.00     0.00     0.00     0.00
03:56:37     0.00     0.00     0.00     0.00     0.00
03:56:42     0.00     0.00     0.00     0.00     0.00
03:56:47     0.00     0.00     0.00     0.00     0.00
03:56:52     0.00     0.00     0.00     0.00     0.00
03:56:57     0.00     0.00     0.00     0.00     0.00
03:57:02     0.00     0.00     0.00     0.00     0.00
03:57:07     0.00     0.00     0.00     0.00     0.00
03:57:12     0.00     0.00     0.00     0.00     0.00
03:57:17     0.00     0.00     0.00     0.00     0.00
03:57:22     0.00     0.00     0.00     0.00     0.00
03:57:27     0.00     0.00     0.00     0.00     0.00
03:57:32     0.00     0.00     0.00     0.00     0.00
03:57:37     0.00     0.00     0.00     0.00     0.00
03:57:42     0.00     0.00     0.00     0.00     0.00
03:57:48     0.00     0.00     0.00     0.00     0.00
03:57:53     0.00     0.00     0.00     0.00     0.00
03:57:58     0.00     0.00     0.00     0.00     0.00
03:58:03     0.00     0.00     0.00     0.00     0.00
03:58:08     0.00     0.00     0.00     0.00     0.00
03:58:13     0.00     0.00     0.00     0.00     0.00
03:58:18     0.00     0.00     0.00     0.00     0.00
03:58:23     0.00     0.00     0.00     0.00     0.00
03:58:28     0.00     0.00     0.00     0.00     0.00
03:58:33     0.00     0.00     0.00     0.00     0.00
03:58:38     0.00     0.00     0.00     0.00     0.00
03:58:43     0.00     0.00     0.00     0.00     0.00
03:58:48     0.00     0.00     0.00     0.00     0.00
03:58:53     0.00     0.00     0.00     0.00     0.00
03:58:58     0.00     0.00     0.00     0.00     0.00
03:59:03     0.00     0.00     0.00     0.00     0.00
03:59:08     0.00     0.00     0.00     0.00     0.00
03:59:13     0.00     0.00     0.00     0.00     0.00
03:59:18     0.00     0.00     0.00     0.00     0.00
03:59:23     0.00     0.00     0.00     0.00     0.00
03:59:28     0.00     0.00     0.00     0.00     0.00
03:59:33     0.00     0.00     0.00     0.00     0.00
03:59:38     0.00     0.00     0.00     0.00     0.00
03:59:43     0.00     0.00     0.00     0.00     0.00
03:59:48     0.00     0.00     0.00     0.00     0.00
03:59:53     0.00     0.00     0.00     0.00     0.00
03:59:58     0.00     0.00     0.00     0.00     0.00
04:00:03     0.00     0.00     0.00     0.00     0.00
04:00:08     0.00     0.00     0.00     0.00     0.00
04:00:13     0.00     0.00     0.00     0.00     0.00
04:00:18     0.00     0.00     0.00     0.00     0.00
04:00:23     0.00     0.00     0.00     0.00     0.00
04:00:28     0.00     0.00     0.00     0.00     0.00
04:00:33     0.00     0.00     0.00     0.00     0.00
04:00:38     0.00     0.00     0.00     0.00     0.00
04:00:43     0.00     0.00     0.00     0.00     0.00
04:00:48     0.00     0.00     0.00     0.00     0.00
04:00:53     0.00     0.00     0.00     0.00     0.00
04:00:58     0.00     0.00     0.00     0.00     0.00
04:01:03     0.00     0.00     0.00     0.00     0.00
04:01:08     0.00     0.00     0.00     0.00     0.00
04:01:13     0.00     0.00     0.00     0.00     0.00
04:01:18     0.00     0.00     0.00     0.00     0.00
04:01:23     0.00     0.00     0.00     0.00     0.00
04:01:28     0.00     0.00     0.00     0.00     0.00
04:01:33     0.00     0.00     0.00     0.00     0.00
04:01:38     0.00     0.00     0.00     0.00     0.00
04:01:43     0.00     0.00     0.00     0.00     0.00
04:01:48     0.00     0.00     0.00     0.00     0.00
04:01:53     0.00     0.00     0.00     0.00     0.00
04:01:58     0.00     0.00     0.00     0.00     0.00
04:02:03     0.00     0.00     0.00     0.00     0.00
04:02:08     0.00     0.00     0.00     0.00     0.00
04:02:13     0.00     0.00     0.00     0.00     0.00
04:02:18     0.00     0.00     0.00     0.00     0.00
04:02:23     0.00     0.00     0.00     0.00     0.00
04:02:28     0.00     0.00     0.00     0.00     0.00
04:02:33     0.00     0.00     0.00     0.00     0.00
04:02:38     0.00     0.00     0.00     0.00     0.00
04:02:43     0.00     0.00     0.00     0.00     0.00
04:02:48     0.00     0.00     0.00     0.00     0.00
04:02:53     0.00     0.00     0.00     0.00     0.00
04:02:58     0.00     0.00     0.00     0.00     0.00
04:03:03     0.00     0.00     0.00     0.00     0.00
04:03:08     0.00     0.00     0.00     0.00     0.00
04:03:13     0.00     0.00     0.00     0.00     0.00
04:03:18     0.00     0.00     0.00     0.00     0.00
04:03:23     0.00     0.00     0.00     0.00     0.00
04:03:28     0.00     0.00     0.00     0.00     0.00
04:03:33     0.00     0.00     0.00     0.00     0.00
04:03:38     0.00     0.00     0.00     0.00     0.00
04:03:43     0.00     0.00     0.00     0.00     0.00
04:03:48     0.00     0.00     0.00     0.00     0.00
04:03:53     0.00     0.00     0.00     0.00     0.00
04:03:58     0.00     0.00     0.00     0.00     0.00
04:04:03     0.00     0.00     0.00     0.00     0.00
04:04:08     0.00     0.00     0.00     0.00     0.00
04:04:13     0.00     0.00     0.00     0.00     0.00
04:04:18     0.00     0.00     0.00     0.00     0.00
04:04:23     0.00     0.00     0.00     0.00     0.00
04:04:28     0.00     0.00     0.00     0.00     0.00
04:04:33     0.00     0.00     0.00     0.00     0.00
04:04:38     0.00     0.00     0.00     0.00     0.00
04:04:43     0.00     0.00     0.00     0.00     0.00
04:04:48     0.00     0.00     0.00     0.00     0.00
04:04:53     0.00     0.00     0.00     0.00     0.00
04:04:58     0.00     0.00     0.00     0.00     0.00
04:05:03     0.00     0.00     0.00     0.00     0.00
04:05:08     0.00     0.00     0.00     0.00     0.00
04:05:13     0.00     0.00     0.00     0.00     0.00
04:05:18     0.00     0.00     0.00     0.00     0.00
04:05:23     0.00     0.00     0.00     0.00     0.00
04:05:28     0.00     0.00     0.00     0.00     0.00
04:05:33     0.00     0.00     0.00     0.00     0.00
04:05:38     0.00     0.00     0.00     0.00     0.00
04:05:43     0.00     0.00     0.00     0.00     0.00
04:05:48     0.00     0.00     0.00     0.00     0.00
04:05:53     0.00     0.00     0.00     0.00     0.00
04:05:58     0.00     0.00     0.00     0.00     0.00
04:06:03     0.00     0.00     0.00     0.00     0.00
04:06:09     0.00     0.00     0.00     0.00     0.00
04:06:14     0.00     0.00     0.00     0.00     0.00
04:06:19     0.00     0.00     0.00     0.00     0.00
04:06:24     0.00     0.00     0.00     0.00     0.00
04:06:29     0.00     0.00     0.00     0.00     0.00
04:06:34     0.00     0.00     0.00     0.00     0.00
04:06:39     0.00     0.00     0.00     0.00     0.00
04:06:44     0.00     0.00     0.00     0.00     0.00
04:06:49     0.00     0.00     0.00     0.00     0.00
04:06:54     0.00     0.00     0.00     0.00     0.00
04:06:59     0.00     0.00     0.00     0.00     0.00
04:07:04     0.00     0.00     0.00     0.00     0.00
04:07:09     0.00     0.00     0.00     0.00     0.00
04:07:14     0.00     0.00     0.00     0.00     0.00
04:07:19     0.00     0.00     0.00     0.00     0.00
04:07:24     0.00     0.00     0.00     0.00     0.00
04:07:29     0.00     0.00     0.00     0.00     0.00
04:07:34     0.00     0.00     0.00     0.00     0.00
04:07:39     0.00     0.00     0.00     0.00     0.00
04:07:44     0.00     0.00     0.00     0.00     0.00
04:07:49     0.00     0.00     0.00     0.00     0.00
04:07:54     0.00     0.00     0.00     0.00     0.00
04:07:59     0.00     0.00     0.00     0.00     0.00
04:08:04     0.00     0.00     0.00     0.00     0.00
04:08:09     0.00     0.00     0.00     0.00     0.00
04:08:14     0.00     0.00     0.00     0.00     0.00
04:08:19     0.00     0.00     0.00     0.00     0.00
04:08:24     0.00     0.00     0.00     0.00     0.00
04:08:29     0.00     0.00     0.00     0.00     0.00
04:08:34     0.00     0.00     0.00     0.00     0.00
04:08:39     0.00     0.00     0.00     0.00     0.00
04:08:44     0.00     0.00     0.00     0.00     0.00
04:08:49     0.00     0.00     0.00     0.00     0.00
04:08:54     0.00     0.00     0.00     0.00     0.00
04:08:59     0.00     0.00     0.00     0.00     0.00
04:09:04     0.00     0.00     0.00     0.00     0.00
04:09:09     0.00     0.00     0.00     0.00     0.00
04:09:14     0.00     0.00     0.00     0.00     0.00
04:09:19     0.00     0.00     0.00     0.00     0.00
04:09:24     0.00     0.00     0.00     0.00     0.00
04:09:29     0.00     0.00     0.00     0.00     0.00
04:09:34     0.00     0.00     0.00     0.00     0.00
04:09:39     0.00     0.00     0.00     0.00     0.00
04:09:44     0.00     0.00     0.00     0.00     0.00
04:09:49     0.00     0.00     0.00     0.00     0.00
04:09:54     0.00     0.00     0.00     0.00     0.00
04:09:59     0.00     0.00     0.00     0.00     0.00
04:10:04     0.00     0.00     0.00     0.00     0.00
04:10:09     0.00     0.00     0.00     0.00     0.00
04:10:14     0.00     0.00     0.00     0.00     0.00
04:10:19     0.00     0.00     0.00     0.00     0.00
04:10:24     0.00     0.00     0.00     0.00     0.00
04:10:29     0.00     0.00     0.00     0.00     0.00
04:10:34     0.00     0.00     0.00     0.00     0.00
04:10:39     0.00     0.00     0.00     0.00     0.00
04:10:44     0.00     0.00     0.00     0.00     0.00
04:10:49     0.00     0.00     0.00     0.00     0.00
04:10:54     0.00     0.00     0.00     0.00     0.00
04:10:59     0.00     0.00     0.00     0.00     0.00
04:11:04     0.00     0.00     0.00     0.00     0.00
04:11:09     0.00     0.00     0.00     0.00     0.00
04:11:14     0.00     0.00     0.00     0.00     0.00
04:11:19     0.00     0.00     0.00     0.00     0.00
04:11:24     0.00     0.00     0.00     0.00     0.00
04:11:29     0.00     0.00     0.00     0.00     0.00
04:11:34     0.00     0.00     0.00     0.00     0.00
04:11:39     0.00     0.00     0.00     0.00     0.00
04:11:44     0.00     0.00     0.00     0.00     0.00
04:11:49     0.00     0.00     0.00     0.00     0.00
04:11:54     0.00     0.00     0.00     0.00     0.00
04:11:59     0.00     0.00     0.00     0.00     0.00
04:12:04     0.00     0.00     0.00     0.00     0.00
04:12:09     0.00     0.00     0.00     0.00     0.00
04:12:14     0.00     0.00     0.00     0.00     0.00
04:12:19     0.00     0.00     0.00     0.00     0.00
04:12:24     0.00     0.00     0.00     0.00     0.00
04:12:29     0.00     0.00     0.00     0.00     0.00
04:12:34     0.00     0.00     0.00     0.00     0.00
04:12:39     0.00     0.00     0.00     0.00     0.00
04:12:44     0.00     0.00     0.00     0.00     0.00
04:12:49     0.00     0.00     0.00     0.00     0.00
04:12:54     0.00     0.00     0.00     0.00     0.00
04:12:59     0.00     0.00     0.00     0.00     0.00
04:13:04     0.00     0.00     0.00     0.00     0.00
04:13:09     0.00     0.00     0.00     0.00     0.00
04:13:14     0.00     0.00     0.00     0.00     0.00
04:13:19     0.00     0.00     0.00     0.00     0.00
04:13:24     0.00     0.00     0.00     0.00     0.00
04:13:29     0.00     0.00     0.00     0.00     0.00
04:13:34     0.00     0.00     0.00     0.00     0.00
04:13:39     0.00     0.00     0.00     0.00     0.00
04:13:44     0.00     0.00     0.00     0.00     0.00
04:13:49     0.00     0.00     0.00     0.00     0.00
04:13:54     0.00     0.00     0.00     0.00     0.00
04:13:59     0.00     0.00     0.00     0.00     0.00
04:14:04     0.00     0.00     0.00     0.00     0.00
04:14:09     0.00     0.00     0.00     0.00     0.00
04:14:14     0.00     0.00     0.00     0.00     0.00
04:14:19     0.00     0.00     0.00     0.00     0.00
04:14:24     0.00     0.00     0.00     0.00     0.00
04:14:30     0.00     0.00     0.00     0.00     0.00
04:14:35     0.00     0.00     0.00     0.00     0.00
04:14:40     0.00     0.00     0.00     0.00     0.00
04:14:45     0.00     0.00     0.00     0.00     0.00
04:14:50     0.00     0.00     0.00     0.00     0.00
04:14:55     0.00     0.00     0.00     0.00     0.00
04:15:00     0.00     0.00     0.00     0.00     0.00
04:15:05     0.00     0.00     0.00     0.00     0.00
04:15:10     0.00     0.00     0.00     0.00     0.00
04:15:15     0.00     0.00     0.00     0.00     0.00
04:15:20     0.00     0.00     0.00     0.00     0.00
04:15:25     0.00     0.00     0.00     0.00     0.00
04:15:30     0.00     0.00     0.00     0.00     0.00
04:15:35     0.00     0.00     0.00     0.00     0.00
04:15:40     0.00     0.00     0.00     0.00     0.00
04:15:45     0.00     0.00     0.00     0.00     0.00
04:15:50     0.00     0.00     0.00     0.00     0.00
04:15:55     0.00     0.00     0.00     0.00     0.00
04:16:00     0.00     0.00     0.00     0.00     0.00
04:16:05     0.00     0.00     0.00     0.00     0.00
04:16:10     0.00     0.00     0.00     0.00     0.00
04:16:15     0.00     0.00     0.00     0.00     0.00
04:16:20     0.00     0.00     0.00     0.00     0.00
04:16:25     0.00     0.00     0.00     0.00     0.00
04:16:30     0.00     0.00     0.00     0.00     0.00
04:16:35     0.00     0.00     0.00     0.00     0.00
04:16:40     0.00     0.00     0.00     0.00     0.00
04:16:45     0.00     0.00     0.00     0.00     0.00
04:16:50     0.00     0.00     0.00     0.00     0.00
04:16:55     0.00     0.00     0.00     0.00     0.00
04:17:00     0.00     0.00     0.00     0.00     0.00
04:17:05     0.00     0.00     0.00     0.00     0.00
04:17:10     0.00     0.00     0.00     0.00     0.00
04:17:15     0.00     0.00     0.00     0.00     0.00
04:17:20     0.00     0.00     0.00     0.00     0.00
04:17:25     0.00     0.00     0.00     0.00     0.00
04:17:30     0.00     0.00     0.00     0.00     0.00
04:17:35     0.00     0.00     0.00     0.00     0.00
04:17:40     0.00     0.00     0.00     0.00     0.00
04:17:45     0.00     0.00     0.00     0.00     0.00
04:17:50     0.00     0.00     0.00     0.00     0.00
04:17:55     0.00     0.00     0.00     0.00     0.00
04:18:00     0.00     0.00     0.00     0.00     0.00
04:18:05     0.00     0.00     0.00     0.00     0.00
04:18:10     0.00     0.00     0.00     0.00     0.00
04:18:15     0.00     0.00     0.00     0.00     0.00
04:18:20     0.00     0.00     0.00     0.00     0.00
04:18:25     0.00     0.00     0.00     0.00     0.00
04:18:30     0.00     0.00     0.00     0.00     0.00
04:18:35     0.00     0.00     0.00     0.00     0.00
04:18:40     0.00     0.00     0.00     0.00     0.00
04:18:45     0.00     0.00     0.00     0.00     0.00
04:18:50     0.00     0.00     0.00     0.00     0.00
04:18:55     0.00     0.00     0.00     0.00     0.00
04:19:00     0.00     0.00     0.00     0.00     0.00
04:19:05     0.00     0.00     0.00     0.00     0.00
04:19:10     0.00     0.00     0.00     0.00     0.00
04:19:15     0.00     0.00     0.00     0.00     0.00
04:19:20     0.00     0.00     0.00     0.00     0.00
04:19:25     0.00     0.00     0.00     0.00     0.00
04:19:30     0.00     0.00     0.00     0.00     0.00
04:19:35     0.00     0.00     0.00     0.00     0.00
04:19:40     0.00     0.00     0.00     0.00     0.00
04:19:45     0.00     0.00     0.00     0.00     0.00
04:19:50     0.00     0.00     0.00     0.00     0.00
04:19:55     0.00     0.00     0.00     0.00     0.00
04:20:00     0.00     0.00     0.00     0.00     0.00
04:20:05     0.00     0.00     0.00     0.00     0.00
04:20:10     0.00     0.00     0.00     0.00     0.00
04:20:15     0.00     0.00     0.00     0.00     0.00
04:20:20     0.00     0.00     0.00     0.00     0.00
04:20:25     0.00     0.00     0.00     0.00     0.00
04:20:30     0.00     0.00     0.00     0.00     0.00
04:20:35     0.00     0.00     0.00     0.00     0.00
04:20:40     0.00     0.00     0.00     0.00     0.00
04:20:45     0.00     0.00     0.00     0.00     0.00
04:20:50     0.00     0.00     0.00     0.00     0.00
04:20:55     0.00     0.00     0.00     0.00     0.00
04:21:00     0.00     0.00     0.00     0.00     0.00
04:21:05     0.00     0.00     0.00     0.00     0.00
04:21:10     0.00     0.00     0.00     0.00     0.00
04:21:15     0.00     0.00     0.00     0.00     0.00
04:21:20     0.00     0.00     0.00     0.00     0.00
04:21:25     0.00     0.00     0.00     0.00     0.00
04:21:30     0.00     0.00     0.00     0.00     0.00
04:21:35     0.00     0.00     0.00     0.00     0.00
04:21:40     0.00     0.00     0.00     0.00     0.00
04:21:45     0.00     0.00     0.00     0.00     0.00
04:21:50     0.00     0.00     0.00     0.00     0.00
04:21:55     0.00     0.00     0.00     0.00     0.00
04:22:00     0.00     0.00     0.00     0.00     0.00
04:22:05     0.00     0.00     0.00     0.00     0.00
04:22:10     0.00     0.00     0.00     0.00     0.00
04:22:15     0.00     0.00     0.00     0.00     0.00
04:22:20     0.00     0.00     0.00     0.00     0.00
04:22:25     0.00     0.00     0.00     0.00     0.00
04:22:30     0.00     0.00     0.00     0.00     0.00
04:22:35     0.00     0.00     0.00     0.00     0.00
04:22:40     0.00     0.00     0.00     0.00     0.00
04:22:45     0.00     0.00     0.00     0.00     0.00
04:22:51     0.00     0.00     0.00     0.00     0.00
04:22:56     0.00     0.00     0.00     0.00     0.00
04:23:01     0.00     0.00     0.00     0.00     0.00
04:23:06     0.00     0.00     0.00     0.00     0.00
04:23:11     0.00     0.00     0.00     0.00     0.00
04:23:16     0.00     0.00     0.00     0.00     0.00
04:23:21     0.00     0.00     0.00     0.00     0.00
04:23:26     0.00     0.00     0.00     0.00     0.00
04:23:31     0.00     0.00     0.00     0.00     0.00
04:23:36     0.00     0.00     0.00     0.00     0.00
04:23:41     0.00     0.00     0.00     0.00     0.00
04:23:46     0.00     0.00     0.00     0.00     0.00
04:23:51     0.00     0.00     0.00     0.00     0.00
04:23:56     0.00     0.00     0.00     0.00     0.00
04:24:01     0.00     0.00     0.00     0.00     0.00
04:24:06     0.00     0.00     0.00     0.00     0.00
04:24:11     0.00     0.00     0.00     0.00     0.00
04:24:16     0.00     0.00     0.00     0.00     0.00
04:24:21     0.00     0.00     0.00     0.00     0.00
04:24:26     0.00     0.00     0.00     0.00     0.00
04:24:31     0.00     0.00     0.00     0.00     0.00
04:24:36     0.00     0.00     0.00     0.00     0.00
04:24:41     0.00     0.00     0.00     0.00     0.00
04:24:46     0.00     0.00     0.00     0.00     0.00
04:24:51     0.00     0.00     0.00     0.00     0.00
04:24:56     0.00     0.00     0.00     0.00     0.00
04:25:01     0.00     0.00     0.00     0.00     0.00
04:25:06     0.00     0.00     0.00     0.00     0.00
04:25:11     0.00     0.00     0.00     0.00     0.00
04:25:16     0.00     0.00     0.00     0.00     0.00
04:25:21     0.00     0.00     0.00     0.00     0.00
04:25:26     0.00     0.00     0.00     0.00     0.00
04:25:31     0.00     0.00     0.00     0.00     0.00
04:25:36     0.00     0.00     0.00     0.00     0.00
04:25:41     0.00     0.00     0.00     0.00     0.00
04:25:46     0.00     0.00     0.00     0.00     0.00
04:25:51     0.00     0.00     0.00     0.00     0.00
04:25:56     0.00     0.00     0.00     0.00     0.00
04:26:01     0.00     0.00     0.00     0.00     0.00
04:26:06     0.00     0.00     0.00     0.00     0.00
04:26:11     0.00     0.00     0.00     0.00     0.00
04:26:16     0.00     0.00     0.00     0.00     0.00
04:26:21     0.00     0.00     0.00     0.00     0.00
04:26:26     0.00     0.00     0.00     0.00     0.00
04:26:31     0.00     0.00     0.00     0.00     0.00
04:26:36     0.00     0.00     0.00     0.00     0.00
04:26:41     0.00     0.00     0.00     0.00     0.00
04:26:46     0.00     0.00     0.00     0.00     0.00
04:26:51     0.00     0.00     0.00     0.00     0.00
04:26:56     0.00     0.00     0.00     0.00     0.00
04:27:01     0.00     0.00     0.00     0.00     0.00
04:27:06     0.00     0.00     0.00     0.00     0.00
04:27:11     0.00     0.00     0.00     0.00     0.00
04:27:16     0.00     0.00     0.00     0.00     0.00
04:27:21     0.00     0.00     0.00     0.00     0.00
04:27:26     0.00     0.00     0.00     0.00     0.00
04:27:31     0.00     0.00     0.00     0.00     0.00
04:27:36     0.00     0.00     0.00     0.00     0.00
04:27:41     0.00     0.00     0.00     0.00     0.00
04:27:46     0.00     0.00     0.00     0.00     0.00
04:27:51     0.00     0.00     0.00     0.00     0.00
04:27:56     0.00     0.00     0.00     0.00     0.00
04:28:01     0.00     0.00     0.00     0.00     0.00
04:28:06     0.00     0.00     0.00     0.00     0.00
04:28:11     0.00     0.00     0.00     0.00     0.00
04:28:16     0.00     0.00     0.00     0.00     0.00
04:28:21     0.00     0.00     0.00     0.00     0.00
04:28:26     0.00     0.00     0.00     0.00     0.00
04:28:31     0.00     0.00     0.00     0.00     0.00
04:28:36     0.00     0.00     0.00     0.00     0.00
04:28:41     0.00     0.00     0.00     0.00     0.00
04:28:46     0.00     0.00     0.00     0.00     0.00
04:28:51     0.00     0.00     0.00     0.00     0.00
04:28:56     0.00     0.00     0.00     0.00     0.00
04:29:01     0.00     0.00     0.00     0.00     0.00
04:29:06     0.00     0.00     0.00     0.00     0.00
04:29:11     0.00     0.00     0.00     0.00     0.00
04:29:16     0.00     0.00     0.00     0.00     0.00
04:29:21     0.00     0.00     0.00     0.00     0.00
04:29:26     0.00     0.00     0.00     0.00     0.00
04:29:31     0.00     0.00     0.00     0.00     0.00
04:29:36     0.00     0.00     0.00     0.00     0.00
04:29:41     0.00     0.00     0.00     0.00     0.00
04:29:46     0.00     0.00     0.00     0.00     0.00
04:29:51     0.00     0.00     0.00     0.00     0.00
04:29:56     0.00     0.00     0.00     0.00     0.00
04:30:01     0.00     0.00     0.00     0.00     0.00
04:30:06     0.00     0.00     0.00     0.00     0.00
04:30:11     0.00     0.00     0.00     0.00     0.00
04:30:16     0.00     0.00     0.00     0.00     0.00
04:30:21     0.00     0.00     0.00     0.00     0.00
04:30:26     0.00     0.00     0.00     0.00     0.00
04:30:31     0.00     0.00     0.00     0.00     0.00
04:30:36     0.00     0.00     0.00     0.00     0.00
04:30:41     0.00     0.00     0.00     0.00     0.00
04:30:46     0.00     0.00     0.00     0.00     0.00
