
SunOS canfire03 5.11 onnv-gate i86pc    05/10/2009

03:53:32 sml_mem   alloc  fail  lg_mem   alloc  fail  ovsz_alloc  fail
03:53:37 343113920 298511008     0 902250496 858633728     0    76648448     0
03:53:42 343113920 298518752     0 902238208 858631232     0    76648448     0
03:53:47 343113920 298522272     0 902238208 858634304     0    76648448     0
03:53:52 343113920 298528576     0 902254592 858650176     0    76648448     0
03:53:57 343113920 298495808     0 902254592 858653248     0    76648448     0
03:54:02 343113920 298499968     0 902238208 858645056     0    76648448     0
03:54:07 343113920 298513568     0 902234112 858701824     0    76648448     0
03:54:12 343113920 298494144     0 902217728 858636032     0    76648448     0
03:54:17 343113920 298510432     0 902250496 858660352     0    76648448     0
03:54:22 343113920 298513376     0 902234112 858651648     0    76648448     0
03:54:27 343113920 298491872     0 902234112 858657792     0    76648448     0
03:54:32 343113920 298499040     0 902250496 858671616     0    76648448     0
03:54:37 343113920 298502624     0 902250496 858676224     0    76648448     0
03:54:42 343113920 298505664     0 902258688 858665472     0    76648448     0
03:54:47 343113920 298509248     0 902258688 858671616     0    76648448     0
03:54:52 343113920 298526944     0 902275072 858736640     0    76648448     0
03:54:57 343118016 298573568     0 902291456 858734848     0    76648448     0
03:55:02 343118016 298501216     0 902258688 858688256     0    76648448     0
03:55:07 343118016 298504192     0 902258688 858690432     0    76648448     0
03:55:12 343118016 298511072     0 902275072 858706688     0    76648448     0
03:55:17 343118016 298514656     0 902275072 858708736     0    76648448     0
03:55:22 343118016 298517600     0 902258688 858701568     0    76648448     0
03:55:27 343118016 298496000     0 902258688 858707712     0    76648448     0
03:55:32 343118016 298514560     0 902275072 858776320     0    76648448     0
03:55:37 343118016 298617056     0 902299648 858797248     0    76648448     0
03:55:42 343118016 298509472     0 902258688 858712832     0    76648448     0
03:55:47 343122112 298513792     0 902279168 858717440     0    76648448     0
03:55:52 343122112 298520096     0 902295552 858731776     0    76648448     0
03:55:57 343122112 298499232     0 902295552 858735872     0    76648448     0
03:56:02 343122112 298503168     0 902279168 858728192     0    76648448     0
03:56:07 343122112 298506208     0 902279168 858732288     0    76648448     0
03:56:12 343122112 298512480     0 902295552 858744576     0    76648448     0
03:56:17 343122112 298527456     0 902295552 858798848     0    76648448     0
03:56:22 343122112 298500224     0 902242304 858713856     0    76648448     0
03:56:27 343122112 298497056     0 902279168 858739456     0    76648448     0
03:56:32 343122112 298504224     0 902295552 858759936     0    76648448     0
03:56:37 343122112 298507808     0 902295552 858759936     0    76648448     0
03:56:42 343122112 298510752     0 902279168 858756864     0    76648448     0
03:56:47 343122112 298514496     0 902299648 858757888     0    76648448     0
03:56:52 343122112 298520896     0 902316032 858769664     0    76648448     0
03:56:57 343122112 298499072     0 902316032 858773760     0    76648448     0
03:57:02 343122112 298514304     0 902299648 858818304     0    76648448     0
03:57:07 343122112 298584352     0 902316032 858811136     0    76648448     0
03:57:12 343122112 298512512     0 902316032 858781952     0    76648448     0
03:57:17 343122112 298516096     0 902316032 858787584     0    76648448     0
03:57:22 343122112 298519040     0 902299648 858776320     0    76648448     0
03:57:27 343122112 298497536     0 902299648 858780416     0    76648448     0
03:57:32 343122112 298504704     0 902316032 858800384     0    76648448     0
03:57:37 343126208 298508928     0 902316032 858800384     0    76648448     0
03:57:43 343126208 298523264     0 902299648 858844928     0    76648448     0
03:57:48 343126208 298626144     0 902328320 858868352     0    76648448     0
03:57:53 343126208 298522464     0 902328320 858817600     0    76648448     0
03:57:58 343126208 298500832     0 902328320 858817600     0    76648448     0
03:58:03 343126208 298504448     0 902311936 858814016     0    76648448     0
03:58:08 343126208 298508032     0 902311936 858814528     0    76648448     0
03:58:13 343126208 298514304     0 902328320 858827328     0    76648448     0
03:58:18 343126208 298517888     0 902328320 858835520     0    76648448     0
03:58:23 343126208 298520832     0 902311936 858823744     0    76648448     0
03:58:28 343126208 298510496     0 902311936 858880128     0    76648448     0
03:58:33 343126208 299007072     0 902471680 859064704     0    76648448     0
03:58:38 343363776 322389088     0 906686464 862784832     0    76648448     0
03:58:43 343376064 322397824     0 906670080 862775424     0    76648448     0
03:58:48 343392448 322411392     0 906670080 862779520     0    76648448     0
03:58:53 343396544 322417440     0 906821632 863543040     0    76648448     0
03:58:58 343396544 322308416     0 906817536 862761344     0    76648448     0
03:59:03 343396544 322311360     0 906801152 862757760     0    76648448     0
03:59:08 343400640 322326976     0 906801152 862819456     0    76648448     0
03:59:13 343400640 322431744     0 906842112 862850112     0    76648448     0
03:59:18 343404736 322324416     0 906817536 862777984     0    76648448     0
03:59:23 343404736 322326496     0 906817536 862785600     0    76648448     0
03:59:28 343408832 322307904     0 906817536 862787520     0    76648448     0
03:59:33 343408832 322314176     0 906833920 862799296     0    76648448     0
03:59:38 343408832 322317760     0 906833920 862807488     0    76648448     0
03:59:43 343412928 322321376     0 906817536 862796736     0    76648448     0
03:59:48 343417024 322338176     0 906817536 862980544     0    76648448     0
03:59:53 343417024 322442944     0 906858496 863040256     0    76648448     0
03:59:58 343449792 322344416     0 906833920 862969024     0    76648448     0
04:00:03 343449792 322347392     0 906817536 862962880     0    76648448     0
04:00:08 343449792 322350976     0 906817536 862962880     0    76648448     0
04:00:13 343449792 322357248     0 906833920 862975680     0    76648448     0
04:00:18 343449792 322360768     0 906833920 862975680     0    76648448     0
04:00:23 343449792 322362208     0 906817536 862966144     0    76648448     0
04:00:28 343449792 322342880     0 906817536 862963904     0    76648448     0
04:00:33 343449792 322357472     0 906833920 863027392     0    76648448     0
04:00:38 343449792 322352544     0 906833920 862979776     0    76648448     0
04:00:43 343449792 322355616     0 906817536 862972096     0    76648448     0
04:00:48 343449792 322359488     0 906866688 862972096     0    76648448     0
04:00:53 343449792 322364768     0 906981376 863002496     0    76648448     0
04:00:58 343449792 322346368     0 906981376 863000256     0    76648448     0
04:01:03 343449792 322349312     0 906964992 862992576     0    76648448     0
04:01:08 343449792 322352416     0 906964992 862994112     0    76648448     0
04:01:13 343449792 322370080     0 906981376 863058176     0    76648448     0
04:01:18 343449792 322439264     0 906997760 863049920     0    76648448     0
04:01:23 343453888 322364320     0 906964992 862999424     0    76648448     0
04:01:28 343453888 322344736     0 906964992 863001280     0    76648448     0
04:01:33 343453888 322351008     0 906981376 863017152     0    76648448     0
04:01:38 343453888 322354304     0 906973184 863011264     0    76648448     0
04:01:43 343453888 322357888     0 906985472 863005376     0    76648448     0
04:01:48 343453888 322364256     0 907001856 863017152     0    76648448     0
04:01:53 343453888 322352128     0 907001856 863069440     0    76648448     0
04:01:58 343453888 322423104     0 907001856 863050432     0    76648448     0
04:02:03 343453888 322349472     0 906985472 863009472     0    76648448     0
04:02:08 343453888 322355744     0 907001856 863021248     0    76648448     0
04:02:13 343453888 322359328     0 907001856 863024320     0    76648448     0
04:02:18 343453888 322362592     0 906985472 863018944     0    76648448     0
04:02:23 343457984 322338912     0 906985472 863016640     0    76648448     0
04:02:28 343457984 322348096     0 907001856 863028416     0    76648448     0
04:02:33 343457984 322363360     0 907001856 863085632     0    76648448     0
04:02:38 343457984 322423520     0 907001856 863079808     0    76648448     0
04:02:43 343457984 322358304     0 906985472 863020736     0    76648448     0
04:02:48 343457984 322364576     0 907001856 863032512     0    76648448     0
04:02:53 343457984 322341056     0 907001856 863033536     0    76648448     0
04:02:58 343462080 322347424     0 906985472 863025856     0    76648448     0
04:03:03 343462080 322351008     0 906985472 863029952     0    76648448     0
04:03:08 343462080 322357280     0 907001856 863043776     0    76648448     0
04:03:13 343462080 322372256     0 907001856 863096064     0    76648448     0
04:03:18 343462080 322474816     0 907010048 863105152     0    76648448     0
04:03:23 343462080 322339936     0 906985472 863032000     0    76648448     0
04:03:28 343462080 322349120     0 907001856 863043776     0    76648448     0
04:03:33 343462080 322352768     0 907001856 863047872     0    76648448     0
04:03:38 343462080 322355840     0 906985472 863036096     0    76648448     0
04:03:43 343466176 322360160     0 906985472 863036096     0    76648448     0
04:03:48 343466176 322366432     0 907001856 863047872     0    76648448     0
04:03:53 343466176 322342496     0 907001856 863051968     0    76648448     0
04:03:58 343466176 322376288     0 907005952 863118400     0    76648448     0
04:04:03 343466176 322351680     0 906985472 863044288     0    76648448     0
04:04:08 343466176 322357952     0 907001856 863056064     0    76648448     0
04:04:13 343466176 322361600     0 907001856 863056064     0    76648448     0
04:04:18 343466176 322364544     0 906985472 863044288     0    76648448     0
04:04:23 343466176 322341056     0 907046912 863046336     0    76648448     0
04:04:28 343466176 322350304     0 907063296 863060160     0    76648448     0
04:04:33 343466176 322354112     0 907063296 863064256     0    76648448     0
04:04:38 343466176 322368512     0 907046912 863108864     0    76648448     0
04:04:43 343466176 322437696     0 907063296 863097536     0    76648448     0
04:04:48 343466176 322366752     0 907063296 863068352     0    76648448     0
04:04:53 343466176 322343200     0 907063296 863068352     0    76648448     0
04:04:58 343466176 322348896     0 907046912 863056576     0    76648448     0
04:05:03 343466176 322352736     0 907046912 863056576     0    76648448     0
04:05:08 343466176 322359072     0 907063296 863074496     0    76648448     0
04:05:13 343466176 322362656     0 907063296 863074496     0    76648448     0
04:05:18 343466176 322377088     0 907055104 863115008     0    76648448     0
04:05:23 343466176 322343264     0 907055104 863081856     0    76648448     0
04:05:28 343466176 322351136     0 907071488 863078592     0    76648448     0
04:05:33 343466176 322354880     0 907071488 863078592     0    76648448     0
04:05:38 343466176 322357920     0 907055104 863070912     0    76648448     0
04:05:43 343466176 322361504     0 907055104 863070912     0    76648448     0
04:05:48 343466176 322367776     0 907071488 863082688     0    76648448     0
04:05:53 343466176 322344384     0 907071488 863084992     0    76648448     0
04:05:58 343466176 322363264     0 907055104 863256256     0    76648448     0
04:06:04 343466176 322434784     0 907079680 863271552     0    76648448     0
04:06:09 343466176 322360384     0 907071488 863220224     0    76648448     0
04:06:14 343466176 322363968     0 907071488 863220224     0    76648448     0
04:06:19 343466176 322366912     0 907055104 863212544     0    76648448     0
04:06:24 343466176 322342816     0 907124736 863212544     0    76648448     0
04:06:29 343466176 322352128     0 907141120 863226368     0    76648448     0
04:06:34 343466176 322355808     0 907141120 863226368     0    76648448     0
04:06:39 343466176 322370144     0 907124736 863271936     0    76648448     0
04:06:44 343466176 322473216     0 907149312 863292800     0    76648448     0
04:06:49 343470272 322369056     0 907141120 863231488     0    76648448     0
04:06:54 343470272 322345920     0 907141120 863233792     0    76648448     0
04:06:59 343470272 322351296     0 907124736 863219712     0    76648448     0
04:07:04 343470272 322355936     0 907124736 863223424     0    76648448     0
04:07:09 343470272 322361152     0 907141120 863237632     0    76648448     0
04:07:14 343470272 322364736     0 907141120 863241728     0    76648448     0
04:07:19 343470272 322367680     0 907124736 863229952     0    76648448     0
04:07:24 343470272 322405120     0 907157504 863314560     0    76648448     0
04:07:29 343470272 322353344     0 907157504 863249344     0    76648448     0
04:07:34 343470272 322357344     0 907157504 863251648     0    76648448     0
04:07:39 343470272 322360032     0 907141120 863237568     0    76648448     0
04:07:44 343470272 322363616     0 907141120 863241664     0    76648448     0
04:07:49 343470272 322369888     0 907157504 863253440     0    76648448     0
04:07:54 343470272 322345760     0 907157504 863257536     0    76648448     0
04:07:59 343470272 322351616     0 907141120 863245760     0    76648448     0
04:08:04 343470272 322372096     0 907141120 863297984     0    76648448     0
04:08:09 343470272 322437824     0 907173888 863298496     0    76648448     0
04:08:14 343470272 322364256     0 907157504 863261632     0    76648448     0
04:08:19 343470272 322367264     0 907141120 863249856     0    76648448     0
04:08:24 343470272 322343840     0 907141120 863252160     0    76648448     0
04:08:29 343470272 322352832     0 907157504 863261632     0    76648448     0
04:08:34 343470272 322356416     0 907157504 863261632     0    76648448     0
04:08:39 343470272 322359360     0 907141120 863256000     0    76648448     0
04:08:44 343470272 322374336     0 907141120 863312320     0    76648448     0
04:08:49 343470272 322446144     0 907173888 863312832     0    76648448     0
04:08:54 343470272 322346336     0 907157504 863275200     0    76648448     0
04:08:59 343470272 322351712     0 907141120 863261120     0    76648448     0
04:09:04 343470272 322356832     0 907141120 863260736     0    76648448     0
04:09:09 343470272 322361024     0 907157504 863276992     0    76648448     0
04:09:14 343470272 322364704     0 907288576 863283136     0    76648448     0
04:09:19 343470272 322367744     0 907272192 863271360     0    76648448     0
04:09:24 343470272 322356128     0 907272192 863323584     0    76648448     0
04:09:29 343470272 322399360     0 907427840 863320576     0    76648448     0
04:09:34 343470272 322356992     0 907419648 863287232     0    76648448     0
04:09:39 343470272 322359936     0 907403264 863275456     0    76648448     0
04:09:44 343470272 322363840     0 907403264 863277760     0    76648448     0
04:09:49 343470272 322371328     0 907419648 863418880     0    76648448     0
04:09:54 343470272 322346496     0 907419648 863435264     0    76648448     0
04:09:59 343470272 322352576     0 907403264 863423488     0    76648448     0
04:10:04 343470272 322376832     0 907419648 863487488     0    76648448     0
04:10:09 343470272 322473376     0 907444224 863508352     0    76648448     0
04:10:14 343470272 322365568     0 907403264 863429888     0    76648448     0
04:10:19 343470272 322368960     0 907403264 863427584     0    76648448     0
04:10:24 343470272 322349664     0 907419648 863441664     0    76648448     0
04:10:29 343470272 322355712     0 907419648 863441664     0    76648448     0
04:10:34 343470272 322358304     0 907403264 863427584     0    76648448     0
04:10:39 343470272 322362016     0 907403264 863427584     0    76648448     0
04:10:44 343470272 322368288     0 907419648 863439360     0    76648448     0
04:10:49 343470272 322353536     0 907382784 863429824     0    76648448     0
04:10:54 343470272 322347648     0 907403264 863431680     0    76648448     0
04:10:59 343470272 322353472     0 907403264 863433984     0    76648448     0
04:11:04 343470272 322360704     0 907419648 863447168     0    76648448     0
04:11:09 343470272 322362464     0 907419648 863449600     0    76648448     0
04:11:14 343470272 322365472     0 907403264 863437824     0    76648448     0
04:11:19 343470272 322369184     0 907403264 863437824     0    76648448     0
04:11:24 343470272 322349152     0 907419648 863449600     0    76648448     0
04:11:29 343470272 322366336     0 907419648 863502656     0    76648448     0
04:11:34 343470272 322435200     0 907419648 863478784     0    76648448     0
04:11:39 343470272 322361024     0 907403264 863437824     0    76648448     0
04:11:44 343470272 322367616     0 907419648 863451904     0    76648448     0
04:11:49 343470272 322370912     0 907419648 863449600     0    76648448     0
04:11:54 343470272 322348608     0 907419648 863458944     0    76648448     0
04:11:59 343470272 322354656     0 907419648 863458944     0    76648448     0
04:12:04 343470272 322359872     0 907436032 863470336     0    76648448     0
04:12:09 343470272 322377760     0 907567104 863660416     0    76648448     0
04:12:14 343470272 320831232     0 907268096 863385728     0    76648448     0
04:12:19 343470272 320773984     0 907259904 863368832     0    76648448     0
04:12:24 343470272 320147264     0 907145216 863321856     0    76648448     0
04:12:29 343470272 320153568     0 907145216 863324160     0    76648448     0
04:12:34 343470272 320156192     0 907128832 863310080     0    76648448     0
04:12:39 343470272 320159776     0 907128832 863314176     0    76648448     0
04:12:44 343470272 320166048     0 907145216 863325952     0    76648448     0
04:12:49 343470272 320181024     0 907145216 863378176     0    76648448     0
04:12:54 343470272 320258304     0 907153408 863393408     0    76648448     0
04:12:59 343470272 320152640     0 907128832 863322624     0    76648448     0
04:13:04 343470272 320159040     0 907145216 863333632     0    76648448     0
04:13:09 343470272 320161248     0 907145216 863334016     0    76648448     0
04:13:14 343470272 320164320     0 907128832 863322240     0    76648448     0
04:13:19 343470272 320168000     0 907128832 863322240     0    76648448     0
04:13:24 343470272 320148288     0 907145216 863334016     0    76648448     0
04:13:29 343470272 320153888     0 907145216 863338112     0    76648448     0
04:13:34 343470272 320168224     0 907128832 863378560     0    76648448     0
04:13:39 343470272 320237568     0 907145216 863367296     0    76648448     0
04:13:44 343470272 320166432     0 907145216 863338112     0    76648448     0
04:13:49 343470272 320170016     0 907145216 863338112     0    76648448     0
04:13:54 343470272 320146048     0 907128832 863326336     0    76648448     0
04:13:59 343470272 320152096     0 907128832 863326336     0    76648448     0
04:14:04 343470272 320157280     0 907145216 863337728     0    76648448     0
04:14:09 343470272 320161600     0 907145216 863338112     0    76648448     0
04:14:14 343470272 320176032     0 907128832 863382656     0    76648448     0
04:14:19 343470272 320279232     0 907153408 863403520     0    76648448     0
04:14:25 343470272 320147808     0 907145216 863344512     0    76648448     0
04:14:30 343470272 320153664     0 907165696 863342208     0    76648448     0
04:14:35 343470272 320156608     0 907149312 863330432     0    76648448     0
04:14:40 343470272 320160192     0 907149312 863330432     0    76648448     0
04:14:45 343470272 320166464     0 907165696 863342208     0    76648448     0
04:14:50 343470272 320170368     0 907165696 863344512     0    76648448     0
04:14:55 343470272 320146656     0 907149312 863330432     0    76648448     0
04:15:00 343470272 320163648     0 907149312 863382656     0    76648448     0
04:15:05 343470272 320237088     0 907182080 863387264     0    76648448     0
04:15:10 343470272 320162048     0 907165696 863350400     0    76648448     0
04:15:15 343470272 320165088     0 907149312 863338624     0    76648448     0
04:15:20 343470272 320168672     0 907149312 863338624     0    76648448     0
04:15:25 343474368 320151264     0 907165696 863354496     0    76648448     0
04:15:30 343474368 320157312     0 907165696 863356544     0    76648448     0
04:15:35 343474368 320160256     0 907149312 863346816     0    76648448     0
04:15:40 343474368 320175232     0 907149312 863399040     0    76648448     0
04:15:45 343474368 320249536     0 907190272 863423488     0    76648448     0
04:15:50 343474368 320173440     0 907165696 863362688     0    76648448     0
04:15:55 343474368 320149568     0 907149312 863350912     0    76648448     0
04:16:00 343474368 320156480     0 907157504 863359104     0    76648448     0
04:16:05 343474368 320161792     0 907173888 863370496     0    76648448     0
04:16:10 343474368 320166048     0 907173888 863370880     0    76648448     0
04:16:15 343474368 320169056     0 907157504 863359104     0    76648448     0
04:16:20 343474368 320172640     0 907157504 863359104     0    76648448     0
04:16:25 343474368 320187552     0 907182080 863436992     0    76648448     0
04:16:30 343474368 320157920     0 907173888 863370880     0    76648448     0
04:16:35 343474368 320160864     0 907157504 863359104     0    76648448     0
04:16:40 343474368 320164448     0 907157504 863363200     0    76648448     0
04:16:45 343474368 320170720     0 907173888 863374976     0    76648448     0
04:16:50 343474368 320174304     0 907173888 863374976     0    76648448     0
04:16:55 343474368 320150656     0 907157504 863363200     0    76648448     0
04:17:00 343474368 320156320     0 907157504 863367296     0    76648448     0
04:17:05 343474368 320164992     0 907173888 863390656     0    76648448     0
04:17:10 343474368 320212928     0 907190272 863426112     0    76648448     0
04:17:15 343474368 320169088     0 907157504 863367296     0    76648448     0
04:17:20 343474368 320172672     0 907157504 863367296     0    76648448     0
04:17:25 343474368 320151904     0 907173888 863379072     0    76648448     0
04:17:30 343474368 320157952     0 907173888 863383168     0    76648448     0
04:17:35 343474368 320160896     0 907157504 863371392     0    76648448     0
04:17:40 343474368 320164480     0 907157504 863371392     0    76648448     0
04:17:45 343474368 320170752     0 907173888 863383168     0    76648448     0
04:17:50 343474368 320210688     0 907186176 863443136     0    76648448     0
04:17:55 343474368 320150624     0 907157504 863373696     0    76648448     0
04:18:00 343474368 320156480     0 907157504 863371392     0    76648448     0
04:18:05 343478464 320167776     0 907173888 863386880     0    76648448     0
04:18:10 343478464 320171936     0 907173888 863387264     0    76648448     0
04:18:15 343478464 320160128     0 907288576 863510656     0    76648448     0
04:18:20 343478464 320167168     0 907558912 863647872     0    76648448     0
04:18:25 343478464 320172096     0 907567104 863653760     0    76648448     0
04:18:30 343478464 320186528     0 907579392 863694208     0    76648448     0
04:18:35 343478464 320180992     0 907583488 863668736     0    76648448     0
04:18:40 343478464 320191296     0 907599872 863793024     0    76648448     0
04:18:45 343478464 320164544     0 907595776 863657856     0    76648448     0
04:18:50 343478464 320167488     0 907579392 863646080     0    76648448     0
04:18:55 343478464 320171104     0 907579392 863646080     0    76648448     0
04:19:00 343478464 320177536     0 907595776 863657856     0    76648448     0
04:19:05 343478464 320182240     0 907595776 863789504     0    76648448     0
04:19:10 343478464 320195424     0 907710464 863848512     0    76648448     0
04:19:15 343478464 320275360     0 907735040 863867200     0    76648448     0
04:19:20 343478464 320170528     0 907726848 863808192     0    76648448     0
04:19:25 343478464 320174880     0 907726848 863809024     0    76648448     0
04:19:30 343478464 320177312     0 907710464 863798208     0    76648448     0
04:19:35 343478464 320180896     0 907710464 863798208     0    76648448     0
04:19:40 343478464 320186048     0 907857920 863812160     0    76648448     0
04:19:45 343478464 320166688     0 907857920 863809984     0    76648448     0
04:19:50 343478464 320169664     0 907841536 863800256     0    76648448     0
04:19:55 343478464 320184992     0 907841536 863853312     0    76648448     0
04:20:00 343478464 320256864     0 907874304 863852992     0    76648448     0
04:20:05 343478464 320181984     0 907857920 863811648     0    76648448     0
04:20:10 343478464 320184448     0 907841536 863804736     0    76648448     0
04:20:15 343478464 320164672     0 907841536 863800256     0    76648448     0
04:20:20 343478464 320170944     0 907857920 863812032     0    76648448     0
04:20:25 343478464 320174528     0 907857920 863812032     0    76648448     0
04:20:30 343478464 320177472     0 907841536 863800256     0    76648448     0
04:20:35 343478464 320194688     0 907841536 863854080     0    76648448     0
04:20:40 343482560 299352704     0 904663040 860675264     0    76648448     0
04:20:45 343482560 299219744     0 904638464 860596480     0    76648448     0
04:20:50 343482560 299288544     0 904798208 860736448     0    76648448     0
04:20:55 343482560 298719744     0 904667136 860582656     0    76648448     0
04:21:00 343482560 298726112     0 904683520 860594432     0    76648448     0
04:21:05 343482560 298727744     0 904683520 860593664     0    76648448     0
04:21:10 343482560 298721952     0 904667136 860588864     0    76648448     0
04:21:15 343482560 298682880     0 904667136 860586624     0    76648448     0
04:21:20 343482560 298700544     0 904683520 860650624     0    76648448     0
04:21:25 343482560 298712224     0 904704000 860646272     0    76648448     0
04:21:30 343482560 298695424     0 904667136 860586624     0    76648448     0
04:21:35 343482560 298699008     0 904667136 860586624     0    76648448     0
04:21:40 343482560 298678752     0 904830976 860614784     0    76648448     0
04:21:45 343482560 298685056     0 904830976 860614784     0    76648448     0
04:21:50 343482560 298688160     0 904814592 860603008     0    76648448     0
04:21:55 343486656 298695360     0 904814592 860607104     0    76648448     0
04:22:00 343486656 298701632     0 904830976 860618880     0    76648448     0
04:22:05 343486656 298721440     0 904830976 860685952     0    76648448     0
04:22:10 343486656 298758368     0 904962048 860648960     0    76648448     0
04:22:15 343486656 298687520     0 904945664 860607104     0    76648448     0
04:22:20 343486656 298694112     0 904962048 860621184     0    76648448     0
04:22:25 343486656 298697376     0 904962048 860618880     0    76648448     0
04:22:30 343486656 298700320     0 904945664 860607104     0    76648448     0
04:22:35 343486656 298704000     0 904945664 860607104     0    76648448     0
04:22:40 343486656 298683104     0 904962048 860618880     0    76648448     0
04:22:46 343486656 298700800     0 904962048 860671104     0    76648448     0
04:22:51 343486656 298803136     0 904970240 860680256     0    76648448     0
04:22:56 343486656 298696064     0 904945664 860607104     0    76648448     0
04:23:01 343486656 298702208     0 904962048 860618880     0    76648448     0
04:23:06 343486656 298705216     0 904962048 860618496     0    76648448     0
04:23:11 343486656 298681632     0 904945664 860607104     0    76648448     0
04:23:16 343486656 298687904     0 904945664 860607104     0    76648448     0
04:23:21 343486656 298694176     0 904962048 860618880     0    76648448     0
04:23:26 343486656 298697760     0 904962048 860618880     0    76648448     0
04:23:31 343486656 298712096     0 904945664 860659328     0    76648448     0
04:23:36 343486656 298781024     0 904962048 860648064     0    76648448     0
04:23:41 343486656 298683520     0 904962048 860618880     0    76648448     0
04:23:46 343486656 298689920     0 904962048 860618880     0    76648448     0
04:23:51 343486656 298692960     0 904945664 860611200     0    76648448     0
04:23:56 343486656 298696544     0 904945664 860611200     0    76648448     0
04:24:01 343486656 298702816     0 904962048 860622976     0    76648448     0
04:24:06 343486656 298706400     0 904962048 860625024     0    76648448     0
04:24:11 343486656 298682784     0 904945664 860613248     0    76648448     0
04:24:16 343486656 298716128     0 904957952 860680768     0    76648448     0
04:24:21 343486656 298694624     0 904962048 860625024     0    76648448     0
04:24:26 343486656 298698976     0 904962048 860756352     0    76648448     0
04:24:31 343486656 298701920     0 904945664 860744576     0    76648448     0
04:24:36 343486656 298705504     0 904945664 860744576     0    76648448     0
04:24:41 343486656 298683936     0 904962048 860756352     0    76648448     0
04:24:46 343486656 298690368     0 904962048 860756352     0    76648448     0
04:24:51 343486656 298693408     0 904945664 860748672     0    76648448     0
04:24:56 343486656 298708576     0 904945664 860801792     0    76648448     0
04:25:01 343486656 298814016     0 904986624 860833600     0    76648448     0
04:25:06 343486656 298706016     0 904962048 860764160     0    76648448     0
04:25:11 343486656 298682528     0 904945664 860752768     0    76648448     0
04:25:16 343486656 298688896     0 904982528 860752768     0    76648448     0
04:25:21 343486656 298695168     0 904998912 860764544     0    76648448     0
04:25:26 343486656 298698752     0 904998912 860764544     0    76648448     0
04:25:31 343486656 298701696     0 904982528 860752768     0    76648448     0
04:25:36 343486656 298705312     0 904982528 860752768     0    76648448     0
04:25:41 343486656 298694816     0 904998912 860794944     0    76648448     0
04:25:46 343486656 298766240     0 905015296 860783680     0    76648448     0
04:25:51 343486656 298693344     0 904982528 860862272     0    76648448     0
04:25:56 343486656 298697664     0 904982528 860862272     0    76648448     0
04:26:01 343486656 298703936     0 904998912 860874048     0    76648448     0
04:26:06 343486656 298706464     0 904998912 860873664     0    76648448     0
04:26:11 343486656 298681280     0 905113600 860862272     0    76648448     0
04:26:16 343486656 298687552     0 905113600 860862272     0    76648448     0
04:26:21 343486656 298705184     0 905129984 860926336     0    76648448     0
04:26:26 343486656 298675808     0 905093120 860859136     0    76648448     0
04:26:31 343486656 298700096     0 905113600 860862272     0    76648448     0
04:26:36 343486656 298703712     0 905113600 860862272     0    76648448     0
04:26:41 343498944 298722048     0 905166848 860842688     0    76648448     0
04:26:46 343498944 298727776     0 905150464 860830912     0    76648448     0
04:26:51 343498944 298731360     0 905150464 860830912     0    76648448     0
04:26:56 343498944 298737632     0 905166848 860842688     0    76648448     0
04:27:01 343498944 298741216     0 905166848 860842688     0    76648448     0
04:27:06 343498944 298751808     0 905150464 860866560     0    76648448     0
04:27:11 343498944 298770912     0 905359360 860950656     0    76648448     0
04:27:16 343498944 298728992     0 905334784 860879552     0    76648448     0
04:27:21 343498944 298732576     0 905334784 860879552     0    76648448     0
04:27:26 343498944 298735520     0 905318400 860867776     0    76648448     0
04:27:31 343498944 298739168     0 905318400 860867776     0    76648448     0
04:27:36 343498944 298745568     0 905334784 860879552     0    76648448     0
04:27:41 343498944 298721952     0 905334784 860879552     0    76648448     0
04:27:46 343498944 298727584     0 905318400 860867776     0    76648448     0
04:27:51 343498944 298742560     0 905318400 860920000     0    76648448     0
04:27:56 343498944 298814176     0 905351168 860920512     0    76648448     0
04:28:01 343498944 298740768     0 905334784 860879552     0    76648448     0
04:28:06 343498944 298743136     0 905318400 860867392     0    76648448     0
04:28:11 343498944 298720032     0 905318400 860871872     0    76648448     0
04:28:16 343498944 298728992     0 905334784 860883648     0    76648448     0
04:28:21 343498944 298732576     0 905334784 860883648     0    76648448     0
04:28:26 343498944 298735520     0 905318400 860875968     0    76648448     0
04:28:31 343498944 298750560     0 905318400 860928192     0    76648448     0
04:28:36 343498944 298857472     0 905359360 860960832     0    76648448     0
04:28:41 343498944 298721952     0 905334784 860891840     0    76648448     0
04:28:46 343498944 298727584     0 905318400 860880064     0    76648448     0
04:28:51 343498944 298731168     0 905318400 860880064     0    76648448     0
04:28:56 343498944 298737440     0 905334784 860891840     0    76648448     0
04:29:01 343498944 298741024     0 905334784 860891840     0    76648448     0
04:29:06 343498944 298743968     0 905318400 860880064     0    76648448     0
04:29:11 343498944 298720992     0 905318400 860880064     0    76648448     0
04:29:16 343498944 298740992     0 905375744 860944064     0    76648448     0
04:29:21 343498944 298830528     0 905400320 860970240     0    76648448     0
04:29:26 343498944 298735936     0 905359360 860880064     0    76648448     0
04:29:31 343498944 298739648     0 905359360 860880064     0    76648448     0
04:29:36 343498944 298746016     0 905375744 860891840     0    76648448     0
04:29:41 343498944 298722464     0 905375744 860891840     0    76648448     0
04:29:46 343498944 298728096     0 905359360 860880064     0    76648448     0
04:29:51 343498944 298731680     0 905359360 860880064     0    76648448     0
04:29:56 343498944 298737952     0 905375744 860891840     0    76648448     0
04:30:01 343498944 298752928     0 905375744 860944064     0    76648448     0
04:30:06 343498944 298822528     0 905375744 860921024     0    76648448     0
04:30:11 343498944 298720608     0 905359360 860880064     0    76648448     0
04:30:16 343498944 298729568     0 905375744 860891840     0    76648448     0
04:30:21 343498944 298733152     0 905375744 860891840     0    76648448     0
04:30:26 343498944 298736128     0 905359360 860880064     0    76648448     0
04:30:31 343498944 298739872     0 905359360 860880064     0    76648448     0
04:30:36 343498944 298747040     0 905375744 861023168     0    76648448     0
04:30:41 343498944 298735136     0 905375744 861075392     0    76648448     0
04:30:46 343498944 298839552     0 905383936 861084544     0    76648448     0
