 kthr      memory            page            disk          faults      cpu
 r b w   swap  free  re  mf pi po fr de sr s0 s1 s2 --   in   sy   cs us sy id
 0 0 0 9215416 6187392 122 2011 0 0 0 0  9  3 -0  0  0  717 1662  282 25  3 71
 0 0 0 9687216 6547444 153 2557 0 0 0 0  0  0  0  0  0  662 2114  257  0  4 96
 0 0 0 9687036 6547096 147 2164 0 0 0 0  0  0  0  0  0  564 1684  254  0  4 96
 0 0 0 9686784 6546944 129 2157 0 0 0 0  0  0  0  0  0  580 1669  258  0  5 95
 0 0 0 9686744 6546980 133 2157 0 0 0 0  0  0  0  0  0  570 1688  260  0  4 96
 0 0 0 9687036 6547168 128 2156 0 0 0 0  0  2  0  0  0  617 1670  299  0  4 96
 0 0 0 9686760 6547064 129 2154 0 0 0 0  0  0  0  0  0  580 1684  264  0  4 96
 0 0 0 9686652 6547096 147 2168 0 0 0 0  0  0  0  0  0  600 1680  279  0  4 96
 0 0 0 9687020 6547152 12 98 0  0  0  0  0  0  0  0  0  466  780  176  0  1 99
 0 0 0 9687016 6547148 117 2060 0 0 0 0  0  0  0  0  0  587 1566  260  0  3 97
 0 0 0 9686764 6547116 129 2158 0 0 0 0  0  0  0  0  0  591 1684  258  0  4 96
 0 0 0 9686724 6547044 134 2157 0 0 0 0  0  2  0  0  0  582 1669  299  0  4 96
 0 0 0 9687020 6547152 129 2156 0 0 0 0  0  0  0  0  0  572 1682  273  0  4 96
 0 0 0 9686764 6547108 147 2167 0 0 0 0  0  0  0  0  0  581 1680  264  0  4 96
 0 0 0 9686696 6546996 129 2159 0 0 0 0  0  0  0  0  0  581 1685  258  0  4 96
 0 0 0 9686996 6547128 129 2157 0 0 0 0  0  0  0  0  0  574 1669  261  0  4 96
 0 0 0 9686744 6547076 82 1191 0 0 0  0  0  0  0  0  0  501 1387  258  0  3 97
 0 0 0 9686964 6547108 52 968 0 0  0  0  0  3  0  0  0  558 1051  267  0  1 99
 kthr      memory            page            disk          faults      cpu
 r b w   swap  free  re  mf pi po fr de sr s0 s1 s2 --   in   sy   cs us sy id
 0 0 0 9686668 6546968 129 2158 0 0 0 0  0  0  0  0  0  595 1683  267  0  4 96
 0 0 0 9686848 6547200 128 2159 0 0 0 0  0  0  0  0  0  590 1680  272  0  4 96
 0 0 0 9686660 6547076 147 2163 0 0 0 0  0  0  0  0  0  589 1682  262  0  4 96
 0 0 0 9686668 6546968 129 2159 0 0 0 0  0  0  0  0  0  588 1671  266  0  4 96
 0 0 0 9686964 6547116 134 2158 0 0 0 0  0  0  0  0  0  573 1685  257  0  4 96
 0 0 0 9686712 6547004 129 2159 0 0 0 0  0  2  0  0  0  588 1671  291  0  4 96
 0 0 0 9686672 6546972 129 2159 0 0 0 0  0  0  0  0  0  590 1683  267  0  4 96
 0 0 0 9686964 6547316 44 459 0 0  0  0  0  0  0  0  0  453  921  190  0  2 98
 0 0 0 9686964 6547096 103 1707 0 0 0 0  0  0  0  0  0  525 1428  238  0  2 98
 0 0 0 9686708 6547000 129 2158 0 0 0 0  0  0  0  0  0  586 1669  256  0  4 96
 0 0 0 9686648 6546948 129 2159 0 0 0 0  0  0  0  0  0  577 1686  260  0  4 96
 0 0 0 9686916 6547060 129 2159 0 0 0 0  0  2  0  0  0  591 1681  302  0  4 96
 0 0 0 9686660 6546952 129 2159 0 0 0 0  0  0  0  0  0  578 1684  268  0  4 96
 0 0 0 9686560 6546980 147 2163 0 0 0 0  0  0  0  0  0  583 1681  279  0  4 96
 0 0 0 9686920 6547052 129 2159 0 0 0 0  0  0  0  0  0  584 1683  258  0  4 96
 0 0 0 9686660 6546952 102 1645 0 0 0 0  0  0  0  0  0  550 1468  239  0  3 96
 0 0 0 9686916 6547112 27 512 0 0  0  0  0  0  0  0  0  489  878  194  0  0 100
 0 0 0 9686624 6546924 134 2158 0 0 0 0  0  2  0  0  0  654 1671  299  0  4 96
 0 0 0 9686920 6547052 129 2157 0 0 0 0  0  0  0  0  0  589 1681  265  0  4 96
 kthr      memory            page            disk          faults      cpu
 r b w   swap  free  re  mf pi po fr de sr s0 s1 s2 --   in   sy   cs us sy id
 0 0 0 9686660 6546996 146 2170 0 0 0 0  0  0  0  0  0  582 1676  256  0  4 96
 0 0 0 9686620 6546920 129 2160 0 0 0 0  0  0  0  0  0  595 1684  260  0  4 96
 0 0 0 9686920 6547052 129 2160 0 0 0 0  0  0  0  0  0  582 1670  258  0  4 96
 0 0 0 9686620 6546944 134 2161 0 0 0 0  0  0  0  0  0  591 1775  301  0  4 96
 0 0 0 9686576 6546876 129 2164 0 0 0 0  0  2  0  0  0  612 1672  297  0  4 96
 0 0 0 9686872 6547004 38 638 0 0  0  0  0  0  0  0  0  495  993  201  0  2 98
 0 0 0 9686756 6547168 91 1526 0 0 0  0  0  0  0  0  0  555 1360  246  0  2 98
 0 0 0 9686564 6546912 147 2171 0 0 0 0  0  0  0  0  0  582 1683  264  0  4 96
 0 0 0 9686576 6546876 129 2165 0 0 0 0  0  0  0  0  0  561 1671  255  0  4 96
 0 0 0 9686872 6547004 134 2162 0 0 0 0  0  0  0  0  0  555 1682  254  0  4 96
 0 0 0 9686620 6546912 129 2165 0 0 0 0  0  2  0  0  0  612 1670  299  0  4 96
 0 0 0 9686580 6546880 129 2166 0 0 0 0  0  0  0  0  0  590 1684  265  0  4 96
 0 0 0 9686872 6547212 147 2176 0 0 0 0  0  0  0  0  0  568 1684  259  0  4 96
 0 0 0 9686612 6546904 127 2087 0 0 0 0  0  0  0  0  0  575 1656  250  0  4 96
 0 0 0 9686872 6547004 2 81  0  0  0  0  0  0  0  0  0  445  689  178  0  0 100
 0 0 0 9686544 6546916 128 2165 0 0 0 0  0  0  0  0  0  569 1684  257  0  4 96
 0 0 0 9686832 6546988 134 2168 0 0 0 0  0  3  0  0  0  658 1673  312  0  4 96
 0 0 0 9686588 6546880 129 2164 0 0 0 0  0  0  0  0  0  595 1689  268  0  4 96
 0 0 0 9686484 6546844 147 2177 0 0 0 0  0  0  0  0  0  595 1686  282  0  4 96
 kthr      memory            page            disk          faults      cpu
 r b w   swap  free  re  mf pi po fr de sr s0 s1 s2 --   in   sy   cs us sy id
 0 0 0 9686856 6546988 129 2171 0 0 0 0  0  0  0  0  0  591 1689  258  0  4 96
 0 0 0 9686596 6546888 129 2170 0 0 0 0  0  0  0  0  0  564 1675  263  0  4 96
 0 0 0 9686556 6546900 134 2167 0 0 0 0  0  0  0  0  0  584 1690  258  0  4 96
 0 0 0 9686856 6546988 77 1186 0 0 0  0  0  2  0  0  0  566 1212  255  0  2 98
 0 0 0 9686852 6546984 60 1075 0 0 0  0  0  0  0  0  0  538 1176  225  0  2 98
 0 0 0 8844820 6069128 400 90038 0 0 0 0 0  0  0  0  0 1036 10335 296 37 17 46
 0 0 0 7741904 4617060 132 11562 0 0 0 0 0  0  0  0  0  803 1702  243 49  5 46
 0 0 0 7742168 4617156 129 2174 0 0 0 0  0  0  0  0  0  834 1681  244 50  4 46
 0 0 0 7741892 4617208 134 2171 0 0 0 0  0  0  0  0  0  812 1789  294 50  4 46
 0 0 0 7741744 4617140 129 2172 0 0 0 0  0  5  0  0  0 1300 1681  307 50  4 46
 0 0 0 7741976 4617252 129 2173 0 0 0 0  0  0  0  0  0  791 1697  244 50  4 46
 0 0 0 7741900 4617432 95 1194 0 0 0  0  0  0  0  0  0  689 1277  235 50  3 47
 0 0 0 7742016 4617272 53 985 0 0  0  0  0  0  0  0  0  619 1094  206 50  2 48
 0 0 0 7741952 4617252 129 2171 0 0 0 0  0  0  0  0  0  790 1684  244 50  4 46
 0 0 0 7741696 4617116 131 2170 0 0 0 0  0  0  0  0  0  804 1697  243 50  4 46
 0 0 0 7741980 4617236 129 2172 0 0 0 0  0  2  0  0  0  916 1681  286 50  4 46
 0 0 0 7741720 4617140 129 2171 0 0 0 0  0  0  0  0  0  782 1690  251 50  4 46
 0 0 0 7741676 4617240 147 2179 0 0 0 0  0  0  0  0  0  829 1687  242 50  4 46
 0 0 0 7741788 4617204 129 2172 0 0 0 0  0  0  0  0  0  792 1692  243 50  4 46
 kthr      memory            page            disk          faults      cpu
 r b w   swap  free  re  mf pi po fr de sr s0 s1 s2 --   in   sy   cs us sy id
 0 0 0 7741952 4617220 76 1188 0 0 0  0  0  0  0  0  0  631 1260  210 50  3 47
 0 0 0 7741944 4617272 53 984 0 0  0  0  0  0  0  0  0  656 1105  202 50  2 48
 0 0 0 7741732 4617148 135 2177 0 0 0 0  0  3  0  0  0  987 1687  289 50  4 46
 0 0 0 7741612 4617032 129 2170 0 0 0 0  0  0  0  0  0  805 1700  247 50  4 46
 0 0 0 7741824 4617140 147 2180 0 0 0 0  0  0  0  0  0  861 1692  261 50  4 46
 0 0 0 7741656 4617072 129 2170 0 0 0 0  0  0  0  0  0  781 1692  244 50  4 46
 0 0 0 7741612 4617032 129 2172 0 0 0 0  0  0  0  0  0  826 1677  255 50  4 46
 0 0 0 7741908 4617212 135 2175 0 0 0 0  0  0  0  0  0  803 1703  242 50  4 46
 0 0 0 7741656 4617072 77 1187 0 0 0  0  0  2  0  0  0  752 1277  253 50  3 47
 0 0 0 7741912 4617164 53 984 0 0  0  0  0  0  0  0  0  623 1076  210 50  1 49
 0 0 0 7741828 4617148 146 2178 0 0 0 0  0  0  0  0  0  796 1691  244 50  4 46
 0 0 0 7741780 4617152 131 2173 0 0 0 0  0  0  0  0  0  799 1696  240 50  4 46
 0 0 0 7741888 4617144 129 2176 0 0 0 0  0  0  0  0  0  797 1683  243 50  4 46
 0 0 0 7741584 4617008 134 2170 0 0 0 0  0  0  0  0  0  808 1785  290 50  4 46
 0 0 0 7741464 4616884 129 2174 0 0 0 0  0  4  0  0  0 1354 1692  321 50  4 46
 0 0 0 7741740 4616992 129 2171 0 0 0 0  0  0  0  0  0  780 1697  245 50  4 46
 0 0 0 7741332 4617012 94 1193 0 0 0  0  0  0  0  0  0  677 1290  230 50  3 47
 0 0 0 7741724 4616976 53 986 0 0  0  0  0  0  0  0  0  614 1077  200 50  1 49
 0 0 0 7741424 4616844 129 2170 0 0 0 0  0  0  0  0  0  811 1683  243 50  4 46
 kthr      memory            page            disk          faults      cpu
 r b w   swap  free  re  mf pi po fr de sr s0 s1 s2 --   in   sy   cs us sy id
 0 0 0 7741712 4617016 132 2171 0 0 0 0  0  0  0  0  0  798 1701  241 50  4 46
 0 0 0 7741732 4617004 132 2174 0 0 0 0  0  2  0  0  0  899 1682  277 50  4 46
 0 0 0 7741696 4617000 129 2172 0 0 0 0  0  0  0  0  0  785 1699  249 50  4 46
 0 0 0 7741440 4617000 148 2182 0 0 0 0  0  0  0  0  0  802 1689  245 50  4 46
 0 0 0 7741716 4616976 129 2172 0 0 0 0  0  0  0  0  0  790 1696  240 50  4 46
 0 0 0 7741440 4616852 90 1415 0 0 0  0  0  0  0  0  0  679 1376  222 50  4 46
 0 0 0 7741696 4617016 40 757 0 0  0  0  0  0  0  0  0  577  982  196 50  1 49
 0 0 0 7741396 4616812 134 2172 0 0 0 0  0  2  0  0  0  905 1681  277 50  4 46
 0 0 0 7741652 4616956 129 2174 0 0 0 0  0  0  0  0  0  787 1700  251 50  4 46
 0 0 0 7741620 4616936 147 2178 0 0 0 0  0  0  0  0  0  853 1696  259 50  4 46
 0 0 0 7741624 4616928 129 2170 0 0 0 0  0  0  0  0  0  774 1691  242 50  4 46
 0 0 0 7741728 4616976 129 2172 0 0 0 0  0  0  0  0  0  808 1680  242 50  4 46
 0 0 0 7741692 4616992 134 2173 0 0 0 0  0  0  0  0  0  792 1700  238 50  4 46
 0 0 0 7741436 4616844 108 1756 0 0 0 0  0  2  0  0  0  851 1512  269 50  4 46
 0 0 0 7741692 4616940 21 416 0 0  0  0  0  0  0  0  0  509  838  189 50  0 50
 0 0 0 7741372 4616808 137 2180 0 0 0 0  0  0  0  0  0  798 1694  244 50  4 46
 0 0 0 7741664 4616916 130 2171 0 0 0 0  0  0  0  0  0  821 1693  239 50  4 46
 0 0 0 7741412 4616820 129 2173 0 0 0 0  0  0  0  0  0  807 1680  245 50  4 46
 0 0 0 7741376 4616800 134 2171 0 0 0 0  0  0  0  0  0  823 1789  285 50  4 46
 kthr      memory            page            disk          faults      cpu
 r b w   swap  free  re  mf pi po fr de sr s0 s1 s2 --   in   sy   cs us sy id
 0 0 0 7741548 4616900 129 2170 0 0 0 0  0  3  0  0  0 1281 1679  294 50  4 46
 0 0 0 7741660 4616904 129 2172 0 0 0 0  0  0  0  0  0  824 1701  251 50  4 46
 0 0 0 7741364 4616920 148 2182 0 0 0 0  0  0  0  0  0  856 1692  266 50  4 46
 0 0 0 7741664 4616908 12 98 0  0  0  0  0  0  0  0  0  463  722  173 50  0 50
 0 0 0 7741364 4616776 117 2071 0 0 0 0  0  0  0  0  0  793 1630  245 50  4 46
 0 0 0 7741660 4616936 132 2175 0 0 0 0  0  0  0  0  0  800 1690  254 50  4 46
 0 0 0 7741408 4616820 132 2170 0 0 0 0  0  2  0  0  0  943 1670  292 50  4 46
 0 0 0 7741368 4616776 129 2173 0 0 0 0  0  0  0  0  0  781 1694  254 50  4 46
 0 0 0 7741640 4617036 148 2182 0 0 0 0  0  0  0  0  0  791 1693  243 50  4 46
 0 0 0 7741380 4616784 129 2171 0 0 0 0  0  0  0  0  0  808 1695  240 50  4 46
 0 0 0 7741592 4616876 129 2173 0 0 0 0  0  0  0  0  0  791 1689  239 50  4 46
 0 0 0 7741636 4616948 17 98 0  0  0  0  0  0  0  0  0  444  750  170 50  1 49
 0 0 0 7741588 4616872 117 2075 0 0 0 0  0  3  0  0  0  883 1605  289 50  3 47
 0 0 0 7741632 4616872 129 2171 0 0 0 0  0  0  0  0  0  778 1697  243 50  4 46
 0 0 0 7741300 4616756 147 2180 0 0 0 0  0  0  0  0  0  798 1687  259 50  4 46
 0 0 0 7741340 4616748 129 2173 0 0 0 0  0  0  0  0  0  810 1694  244 50  4 46
 0 0 0 7741632 4616868 129 2172 0 0 0 0  0  0  0  0  0  780 1685  248 50  4 46
 0 0 0 7741380 4616812 134 2172 0 0 0 0  0  0  0  0  0  809 1699  241 50  4 46
 0 0 0 7741292 4616696 129 2172 0 0 0 0  0  2  0  0  0  903 1684  276 50  4 46
 kthr      memory            page            disk          faults      cpu
 r b w   swap  free  re  mf pi po fr de sr s0 s1 s2 --   in   sy   cs us sy id
 0 0 0 7741556 4616804 12 99 0  0  0  0  0  0  0  0  0  448  773  180 50  1 49
 0 0 0 7741388 4616924 123 2078 0 0 0 0  0  0  0  0  0  790 1588  239 50  3 47
 0 0 0 7741548 4616828 140 2173 0 0 0 0  0  0  0  0  0  772 1697  239 50  4 46
 0 0 0 7741472 4616760 129 2172 0 0 0 0  0  0  0  0  0  793 1682  245 50  4 46
 0 0 0 7741256 4616676 134 2171 0 0 0 0  0  0  0  0  0  758 1786  284 50  4 46
 0 0 0 7741548 4616784 129 2174 0 0 0 0  0  2  0  0  0 1185 1683  280 50  4 46
 0 0 0 7741292 4616692 129 2172 0 0 0 0  0  0  0  0  0  794 1696  245 50  4 46
 0 0 0 7741156 4616772 147 2179 0 0 0 0  0  0  0  0  0  857 1696  258 50  4 46
 0 0 0 7741532 4616764 19 213 0 0  0  0  0  0  0  0  0  464  834  172 50  2 48
 0 0 0 7741528 4616760 110 1957 0 0 0 0  0  0  0  0  0  743 1521  232 50  3 47
 0 0 0 7741256 4616648 129 2172 0 0 0 0  0  0  0  0  0  790 1690  236 50  4 46
 0 0 0 7741364 4616700 129 2173 0 0 0 0  0  2  0  0  0  890 1688  285 50  4 46
 0 0 0 7741432 4616716 129 2172 0 0 0 0  0  0  0  0  0  811 1695  247 50  4 46
 0 0 0 7741480 4616860 147 2181 0 0 0 0  0  0  0  0  0  784 1688  238 50  4 46
 0 0 0 7741296 4616656 129 2171 0 0 0 0  0  0  0  0  0  815 1690  245 50  4 46
 0 0 0 7741188 4616588 129 2173 0 0 0 0  0  0  0  0  0  791 1683  244 50  4 46
 0 0 0 7741484 4616800 42 538 0 0  0  0  0  0  0  0  0  547  973  186 50  2 48
 0 0 0 7741480 4616708 92 1633 0 0 0  0  0  2  0  0  0  794 1404  267 50  3 47
 0 0 0 7741228 4616616 130 2241 0 0 0 0  0  0  0  0  0  796 1714  253 50  4 46
 kthr      memory            page            disk          faults      cpu
 r b w   swap  free  re  mf pi po fr de sr s0 s1 s2 --   in   sy   cs us sy id
 0 0 0 7741008 4616456 147 2180 0 0 0 0  0  0  0  0  0  804 1691  259 50  4 46
 0 0 0 7741404 4616680 129 2172 0 0 0 0  0  0  0  0  0  795 1694  242 50  4 46
 0 0 0 7741460 4616688 129 2174 0 0 0 0  0  0  0  0  0  770 1683  236 50  4 46
 0 0 0 7741276 4616696 134 2170 0 0 0 0  0  0  0  0  0  786 1690  245 50  4 46
 0 0 0 7741096 4616500 129 2172 0 0 0 0  0  2  0  0  0  886 1682  285 50  4 46
 0 0 0 7741372 4616604 50 815 0 0  0  0  0  0  0  0  0  594 1068  204 50  2 48
 0 0 0 7741368 4616888 80 1359 0 0 0  0  0  0  0  0  0  659 1295  214 50  2 48
 0 0 0 7741112 4616556 147 2179 0 0 0 0  0  0  0  0  0  813 1691  244 50  4 46
 0 0 0 7741072 4616468 129 2171 0 0 0 0  0  0  0  0  0  806 1682  245 50  4 46
 0 0 0 7741368 4616612 134 2172 0 0 0 0  0  0  0  0  0  783 1787  282 50  4 46
 0 0 0 7741364 4616588 129 2173 0 0 0 0  0  2  0  0  0 1235 1687  281 50  4 46
 0 0 0 7741304 4616576 129 2171 0 0 0 0  0  0  0  0  0  822 1696  249 50  4 46
 0 0 0 7741160 4616764 147 2178 0 0 0 0  0  0  0  0  0  865 1692  261 50  4 46
 0 0 0 7741368 4616592 77 1187 0 0 0  0  0  0  0  0  0  635 1238  205 50  2 48
 0 0 0 7741364 4616588 53 985 0 0  0  0  0  0  0  0  0  589 1120  205 50  2 48
 0 0 0 7741108 4616496 129 2172 0 0 0 0  0  0  0  0  0  808 1696  241 50  4 46
 0 0 0 7741044 4616440 129 2176 0 0 0 0  0  4  0  0  0 1081 1704  317 50  4 46
 0 0 0 7741328 4616552 129 2170 0 0 0 0  0  0  0  0  0  795 1698  247 50  4 46
 0 0 0 7741072 4616636 147 2180 0 0 0 0  0  0  0  0  0  797 1684  243 50  4 46
 kthr      memory            page            disk          faults      cpu
 r b w   swap  free  re  mf pi po fr de sr s0 s1 s2 --   in   sy   cs us sy id
 0 0 0 7741056 4616436 129 2171 0 0 0 0  0  0  0  0  0  810 1694  249 50  4 46
 0 0 0 7741248 4616512 129 2172 0 0 0 0  0  0  0  0  0  811 1682  247 50  4 46
 0 0 0 7741328 4616628 82 1189 0 0 0  0  0  0  0  0  0  644 1260  211 50  2 47
 0 0 0 7741324 4616540 53 985 0 0  0  0  0  2  0  0  0  732 1099  245 50  2 48
 0 0 0 7741212 4616524 129 2173 0 0 0 0  0  0  0  0  0  822 1695  252 50  4 46
 0 0 0 7740912 4616356 147 2177 0 0 0 0  0  0  0  0  0  870 1694  258 50  4 46
 0 0 0 7741328 4616544 129 2174 0 0 0 0  0  0  0  0  0  813 1697  242 50  4 46
 0 0 0 7741072 4616448 129 2172 0 0 0 0  0  0  0  0  0  789 1679  239 50  4 46
 0 0 0 7741016 4616448 134 2172 0 0 0 0  0  0  0  0  0  816 1693  243 50  4 46
 0 0 0 7741260 4616524 129 2170 0 0 0 0  0  2  0  0  0  935 1687  283 50  4 46
 0 0 0 7741304 4616516 92 1195 0 0 0  0  0  0  0  0  0  633 1269  211 50  3 47
 0 0 0 7741300 4616560 53 986 0 0  0  0  0  0  0  0  0  603 1096  205 50  1 48
 0 0 0 7741336 4616552 132 2173 0 0 0 0  0  0  0  0  0  806 1690  242 50  4 46
 0 0 0 7741008 4616388 129 2174 0 0 0 0  0  0  0  0  0  814 1682  244 50  4 46
 0 0 0 7741304 4616536 134 2173 0 0 0 0  0  0  0  0  0  814 1791  286 50  4 46
 0 0 0 7741044 4616420 129 2174 0 0 0 0  0  2  0  0  0 1220 1691  294 50  4 46
 0 0 0 7741004 4616384 129 2179 0 0 0 0  0  0  0  0  0  782 1696  246 50  4 46
 0 0 0 7741220 4616712 147 2182 0 0 0 0  0  0  0  0  0  823 1691  259 50  4 46
 0 0 0 7741048 4616424 76 1191 0 0 0  0  0  0  0  0  0  633 1282  206 50  3 47
 kthr      memory            page            disk          faults      cpu
 r b w   swap  free  re  mf pi po fr de sr s0 s1 s2 --   in   sy   cs us sy id
 0 0 0 7741172 4616384 53 987 0 0  0  0  0  0  0  0  0  603 1074  203 50  1 49
 0 0 0 7741176 4616400 134 2180 0 0 0 0  0  0  0  0  0  798 1695  244 50  4 46
 0 0 0 7741016 4616340 129 2179 0 0 0 0  0  2  0  0  0  955 1681  284 50  4 46
 0 0 0 7741024 4616232 129 2180 0 0 0 0  0  0  0  0  0  785 1702  245 50  4 46
 0 0 0 7740764 4616324 147 2186 0 0 0 0  0  0  0  0  0  817 1684  247 50  4 46
 0 0 0 7740724 4616100 129 2177 0 0 0 0  0  0  0  0  0  808 1695  241 50  4 46
 0 0 0 7741024 4616232 129 2185 0 0 0 0  0  0  0  0  0  823 1687  244 50  4 46
 0 0 0 7740768 4616204 82 1189 0 0 0  0  0  0  0  0  0  639 1289  204 50  3 47
 0 0 0 7741020 4616228 53 991 0 0  0  0  0  4  0  0  0  859 1075  274 50  1 49
 0 0 0 7740760 4616128 129 2179 0 0 0 0  0  0  0  0  0  796 1699  244 50  4 46
 0 0 0 7740804 4616124 147 2187 0 0 0 0  0  0  0  0  0  821 1692  258 50  4 46
 0 0 0 7741024 4616228 129 2181 0 0 0 0  0  0  0  0  0  799 1698  240 50  4 46
 0 0 0 7740964 4616220 129 2185 0 0 0 0  0  0  0  0  0  786 1692  241 50  4 46
 0 0 0 7740700 4616128 134 2186 0 0 0 0  0  0  0  0  0  808 1706  241 50  4 46
 0 0 0 7741000 4616204 129 2182 0 0 0 0  0  2  0  0  0  932 1696  289 50  4 46
 0 0 0 7740744 4616112 101 1387 0 0 0 0  0  0  0  0  0  653 1378  220 50  3 47
 0 0 0 7740996 4616232 40 799 0 0  0  0  0  0  0  0  0  582  986  198 50  1 49
 0 0 0 7740696 4616068 131 2186 0 0 0 0  0  0  0  0  0  797 1692  243 50  4 46
 0 0 0 7740996 4616200 129 2185 0 0 0 0  0  0  0  0  0  803 1686  245 50  4 46
 kthr      memory            page            disk          faults      cpu
 r b w   swap  free  re  mf pi po fr de sr s0 s1 s2 --   in   sy   cs us sy id
 0 0 0 7740740 4616116 134 2186 0 0 0 0  0  0  0  0  0  769 1788  285 50  4 46
 0 0 0 7740968 4616220 129 2182 0 0 0 0  0  2  0  0  0 1218 1693  286 50  4 46
 0 0 0 7740988 4616232 129 2188 0 0 0 0  0  0  0  0  0  823 1702  246 50  4 46
 0 0 0 7740968 4616452 147 2191 0 0 0 0  0  0  0  0  0  846 1695  262 50  4 46
 0 0 0 7740780 4616140 114 1895 0 0 0 0  0  0  0  0  0  747 1576  234 50  4 46
 0 0 0 7741020 4616224 15 292 0 0  0  0  0  0  0  0  0  486  782  183 50  1 49
 0 0 0 7740712 4616084 132 2187 0 0 0 0  0  0  0  0  0  789 1693  243 50  4 46
 0 0 0 7741012 4616212 129 2183 0 0 0 0  0  3  0  0  0  983 1686  296 50  4 46
 0 0 0 7740756 4616120 129 2186 0 0 0 0  0  0  0  0  0  820 1700  244 50  4 46
 0 0 0 7740732 4616240 147 2193 0 0 0 0  0  0  0  0  0  791 1684  242 50  4 46
 0 0 0 7740928 4616188 129 2185 0 0 0 0  0  0  0  0  0  807 1694  241 50  4 46
 0 0 0 7741012 4616212 129 2185 0 0 0 0  0  0  0  0  0  764 1687  243 50  4 46
 0 0 0 7740896 4616268 134 2184 0 0 0 0  0  0  0  0  0  786 1698  239 50  4 46
 0 0 0 7740996 4616192 12 99 0  0  0  0  0  2  0  0  0  575  729  224 50  0 50
 0 0 0 7740696 4616060 117 2087 0 0 0 0  0  0  0  0  0  780 1647  245 50  4 46
 0 0 0 7740784 4616048 147 2193 0 0 0 0  0  0  0  0  0  797 1691  263 50  4 46
 0 0 0 7768900 4641180 130 2185 0 0 0 0  0  0  0  0  0  820 1700  254 43  5 52
 0 0 0 7882424 4742372 129 2189 0 0 0 0  0  0  0  0  0  719 1677  268 25  4 71
 0 0 0 7890532 4750160 152 2674 0 0 0 0  0  0  0  0  0  732 3006  263 28  4 68
 kthr      memory            page            disk          faults      cpu
 r b w   swap  free  re  mf pi po fr de sr s0 s1 s2 --   in   sy   cs us sy id
 0 0 0 7921976 4780668 129 2188 0 0 0 0  0  4  0  0  0  818 1673  336 25  4 71
 0 0 0 7921928 4780860 137 2190 0 0 0 0  0  0  0  0  0  696 1687  264 25  4 71
 0 0 0 7922220 4781484 12 99 0  0  0  0  0  0  0  0  0  440  775  173 25  1 74
 0 0 0 7922220 4781496 117 2086 0 0 0 0  0  0  0  0  0  674 1584  250 25  3 72
 0 0 0 7921968 4781436 129 2185 0 0 0 0  0  0  0  0  0  715 1674  259 25  4 71
 0 0 0 7921928 4781456 134 2184 0 0 0 0  0  0  0  0  0  704 1778  298 25  4 71
 0 0 0 7922180 4781580 129 2186 0 0 0 0  0  2  0  0  0  915 1675  304 25  4 71
 0 0 0 7922220 4781572 129 2185 0 0 0 0  0  0  0  0  0  661 1697  257 25  4 71
 0 0 0 7922120 4781748 147 2190 0 0 0 0  0  0  0  0  0  731 1684  279 25  4 71
 0 0 0 7922020 4781512 129 2185 0 0 0 0  0  0  0  0  0  680 1687  251 25  4 71
 0 0 0 7922196 4781552 79 1193 0 0 0  0  0  0  0  0  0  583 1247  218 25  3 72
 0 0 0 7922196 4781592 53 990 0 0  0  0  0  0  0  0  0  561 1107  213 25  1 73
 0 0 0 7922108 4781508 132 2185 0 0 0 0  0  2  0  0  0  780 1689  299 25  4 71
 0 0 0 7922156 4781556 129 2182 0 0 0 0  0  0  0  0  0  685 1689  259 25  4 71
 0 0 0 7922196 4781692 147 2188 0 0 0 0  0  0  0  0  0  702 1677  260 25  4 71
 0 0 0 7922008 4781504 129 2186 0 0 0 0  0  0  0  0  0  709 1687  260 25  4 71
 0 0 0 7921900 4781420 129 2181 0 0 0 0  0  0  0  0  0  705 1674  262 25  4 71
 0 0 0 7922200 4781624 134 2185 0 0 0 0  0  0  0  0  0  703 1689  254 25  4 71
 0 0 0 7921940 4781452 127 2167 0 0 0 0  0  2  0  0  0  744 1663  299 25  4 71
 kthr      memory            page            disk          faults      cpu
 r b w   swap  free  re  mf pi po fr de sr s0 s1 s2 --   in   sy   cs us sy id
 0 0 0 7922196 4781548 2 13  0  0  0  0  0  0  0  0  0  455  682  177 25  0 75
 0 0 0 7921768 4781296 147 2190 0 0 0 0  0  0  0  0  0  709 1689  274 25  4 71
 0 0 0 7922176 4781532 129 2186 0 0 0 0  0  0  0  0  0  696 1689  257 25  4 71
 0 0 0 7921916 4781428 129 2180 0 0 0 0  0  0  0  0  0  674 1672  256 25  4 71
 0 0 0 7921876 4781428 134 2184 0 0 0 0  0  0  0  0  0  708 1690  254 25  4 71
 0 0 0 7922168 4781520 129 2182 0 0 0 0  0  3  0  0  0  707 1679  308 25  4 71
 0 0 0 7921900 4781412 129 2183 0 0 0 0  0  0  0  0  0  714 1685  265 25  4 71
 0 0 0 7921856 4781664 147 2191 0 0 0 0  0  0  0  0  0  703 1681  257 25  4 71
 0 0 0 7922152 4781504 12 99 0  0  0  0  0  0  0  0  0  455  777  173 25  1 74
 0 0 0 7922156 4781508 117 2085 0 0 0 0  0  0  0  0  0  701 1571  260 25  3 72
 0 0 0 7921900 4781412 132 2185 0 0 0 0  0  0  0  0  0  711 1786  304 25  4 71
 0 0 0 7921856 4781376 129 2183 0 0 0 0  0  2  0  0  0  907 1674  299 25  4 71
 0 0 0 7922084 4781488 129 2184 0 0 0 0  0  0  0  0  0  711 1691  258 25  4 71
 0 0 0 7922064 4781636 147 2187 0 0 0 0  0  0  0  0  0  713 1684  277 25  4 71
 0 0 0 7922088 4781504 129 2186 0 0 0 0  0  0  0  0  0  702 1689  253 25  4 71
 0 0 0 7922088 4781496 129 2182 0 0 0 0  0  0  0  0  0  687 1673  256 25  4 71
 0 0 0 7922128 4781580 82 1193 0 0 0  0  0  0  0  0  0  587 1257  213 25  2 73
 0 0 0 7922128 4781480 53 990 0 0  0  0  0  2  0  0  0  644 1088  254 25  2 73
 0 0 0 7922064 4781472 129 2186 0 0 0 0  0  0  0  0  0  673 1694  258 25  4 71
 kthr      memory            page            disk          faults      cpu
 r b w   swap  free  re  mf pi po fr de sr s0 s1 s2 --   in   sy   cs us sy id
 0 0 0 7922032 4781492 147 2188 0 0 0 0  0  0  0  0  0  691 1680  258 25  4 71
 0 0 0 7922124 4781476 129 2183 0 0 0 0  0  0  0  0  0  676 1686  253 25  4 71
 0 0 0 7921872 4781384 129 2182 0 0 0 0  0  0  0  0  0  710 1674  260 25  4 71
 0 0 0 7921828 4781412 135 2185 0 0 0 0  0  0  0  0  0  678 1695  252 25  4 71
 0 0 0 7922120 4781472 129 2182 0 0 0 0  0  2  0  0  0  779 1683  304 25  4 71
 0 0 0 7921852 4781368 114 1649 0 0 0 0  0  0  0  0  0  656 1476  240 25  4 71
 0 0 0 7921976 4781340 28 540 0 0  0  0  0  0  0  0  0  488  885  209 25  0 75
 0 0 0 7921796 4781320 129 2179 0 0 0 0  0  0  0  0  0  704 1684  259 25  4 71
 0 0 0 7922088 4781440 129 2185 0 0 0 0  0  0  0  0  0  702 1676  258 25  4 71
 0 0 0 7921832 4781368 134 2183 0 0 0 0  0  0  0  0  0  712 1693  258 25  4 71
 0 0 0 7921796 4781316 129 2181 0 0 0 0  0  2  0  0  0  740 1673  296 25  4 71
 0 0 0 7922092 4781444 129 2182 0 0 0 0  0  0  0  0  0  709 1687  263 25  4 71
 0 0 0 7921832 4781616 147 2191 0 0 0 0  0  0  0  0  0  685 1680  258 25  4 71
 0 0 0 7921792 4781312 129 2184 0 0 0 0  0  0  0  0  0  707 1686  262 25  4 71
 0 0 0 7922092 4781444 17 99 0  0  0  0  0  0  0  0  0  473  768  178 25  1 74
 0 0 0 7922092 4781444 117 2084 0 0 0 0  0  0  0  0  0  689 1675  295 25  3 72
 0 0 0 7921844 4781360 129 2183 0 0 0 0  0  3  0  0  0 1145 1672  307 25  4 71
 0 0 0 7921836 4781404 129 2183 0 0 0 0  0  0  0  0  0  720 1688  264 25  4 71
 0 0 0 7921932 4781488 147 2193 0 0 0 0  0  0  0  0  0  731 1692  277 25  4 71
 kthr      memory            page            disk          faults      cpu
 r b w   swap  free  re  mf pi po fr de sr s0 s1 s2 --   in   sy   cs us sy id
 0 0 0 7922088 4781440 129 2180 0 0 0 0  0  0  0  0  0  683 1685  253 25  4 71
 0 0 0 7922040 4781436 129 2185 0 0 0 0  0  0  0  0  0  699 1675  255 25  4 71
 0 0 0 7922040 4781532 134 2184 0 0 0 0  0  0  0  0  0  697 1688  252 25  4 71
 0 0 0 7922088 4781440 76 1191 0 0 0  0  0  2  0  0  0  674 1240  260 25  2 72
 0 0 0 7922088 4781440 53 990 0 0  0  0  0  0  0  0  0  557 1109  216 25  2 73
 0 0 0 7921996 4781412 147 2191 0 0 0 0  0  0  0  0  0  699 1688  258 25  4 71
 0 0 0 7922020 4781416 129 2183 0 0 0 0  0  0  0  0  0  709 1686  255 25  4 71
 0 0 0 7922088 4781440 129 2183 0 0 0 0  0  0  0  0  0  698 1674  258 25  4 71
 0 0 0 7921832 4781388 134 2182 0 0 0 0  0  0  0  0  0  692 1694  250 25  4 71
 0 0 0 7921776 4781304 129 2183 0 0 0 0  0  2  0  0  0  696 1679  294 25  4 71
 0 0 0 7922060 4781420 143 2191 0 0 0 0  0  0  0  0  0  706 1691  262 25  4 71
 0 0 0 7921684 4781280 122 1989 0 0 0 0  0  0  0  0  0  711 1599  271 25  4 71
 0 0 0 7922060 4781412 11 193 0 0  0  0  0  4  0  0  0  568  754  227 25  0 75
 0 0 0 7921580 4781100 129 2182 0 0 0 0  0  0  0  0  0  702 1672  260 25  4 71
 0 0 0 7921672 4781044 134 2183 0 0 0 0  0  0  0  0  0  669 1689  249 25  4 71
 0 0 0 7921420 4780932 129 2181 0 0 0 0  0  0  0  0  0  710 1671  257 25  4 71
 0 0 0 7921348 4780932 129 2184 0 0 0 0  0  0  0  0  0  692 1690  263 25  4 71
 0 0 0 7921644 4781216 147 2191 0 0 0 0  0  0  0  0  0  688 1685  253 25  4 71
 0 0 0 7921392 4780908 129 2185 0 0 0 0  0  3  0  0  0  788 1687  313 25  4 71
 kthr      memory            page            disk          faults      cpu
 r b w   swap  free  re  mf pi po fr de sr s0 s1 s2 --   in   sy   cs us sy id
 0 0 0 7921372 4780892 129 2183 0 0 0 0  0  0  0  0  0  692 1676  259 25  4 71
 0 0 0 7921668 4781020 12 99 0  0  0  0  0  0  0  0  0  447  870  215 25  1 74
 0 0 0 7921656 4781012 117 2082 0 0 0 0  0  0  0  0  0  844 1568  252 25  3 72
 0 0 0 7921384 4780964 129 2187 0 0 0 0  0  0  0  0  0  711 1691  267 25  4 71
 0 0 0 7921172 4780764 147 2189 0 0 0 0  0  0  0  0  0  713 1685  274 25  4 71
 0 0 0 7921520 4780916 129 2182 0 0 0 0  0  2  0  0  0  749 1687  297 25  4 71
 0 0 0 7921508 4780860 129 2184 0 0 0 0  0  0  0  0  0  693 1675  256 25  4 71
 0 0 0 7921360 4780904 134 2184 0 0 0 0  0  0  0  0  0  694 1696  254 25  4 71
 0 0 0 7921460 4780852 129 2181 0 0 0 0  0  0  0  0  0  699 1684  255 25  4 71
 0 0 0 7921512 4780920 95 1200 0 0 0  0  0  0  0  0  0  568 1255  216 25  2 72
 0 0 0 7921508 4780856 53 991 0 0  0  0  0  0  0  0  0  573 1104  212 25  2 73
 0 0 0 7921440 4780816 129 2182 0 0 0 0  0  2  0  0  0  778 1689  301 25  4 71
 0 0 0 7921084 4780600 129 2182 0 0 0 0  0  0  0  0  0  703 1670  260 25  4 71
 0 0 0 7921376 4780768 134 2184 0 0 0 0  0  0  0  0  0  703 1694  255 25  4 71
 0 0 0 7921100 4780616 129 2184 0 0 0 0  0  0  0  0  0  702 1678  255 25  4 71
 0 0 0 7921060 4780576 136 2188 0 0 0 0  0  0  0  0  0  716 1688  261 25  4 71
 0 0 0 7921288 4780676 132 2183 0 0 0 0  0  0  0  0  0  741 1689  276 25  4 71
 0 0 0 7921104 4780612 108 1772 0 0 0 0  0  2  0  0  0  763 1528  285 25  4 71
 0 0 0 7921356 4780708 21 411 0 0  0  0  0  0  0  0  0  490  821  187 25  0 74
 kthr      memory            page            disk          faults      cpu
 r b w   swap  free  re  mf pi po fr de sr s0 s1 s2 --   in   sy   cs us sy id
 0 0 0 7921060 4780576 134 2183 0 0 0 0  0  0  0  0  0  710 1688  255 25  4 71
 0 0 0 7921360 4780708 129 2181 0 0 0 0  0  0  0  0  0  675 1674  249 25  4 71
 0 0 0 7921104 4780676 129 2184 0 0 0 0  0  0  0  0  0  708 1686  266 25  4 71
 0 0 0 7921060 4780720 148 2194 0 0 0 0  0  0  0  0  0  698 1682  255 25  4 71
 0 0 0 8610788 5771392 129 2182 0 0 0 0  0  4  0  0  0  792 1686  329  8 10 83
 0 0 0 9644812 6504224 129 2184 0 0 0 0  0  0  0  0  0  581 1669  261  0  4 96
 0 0 0 9660204 6519292 174 3189 0 0 0 0  0  0  0  0  0  611 4346  327  3  5 92
 0 0 0 9683784 6541864 15 178 0 0  0  0  0  0  0  0  0  461  819  188  0  1 99
 0 0 0 9683784 6542092 114 2078 0 0 0 0  0  0  0  0  0  577 1571  262  0  2 97
 0 0 0 9683412 6543100 147 2196 0 0 0 0  0  0  0  0  0  602 1681  277  0  4 96
 0 0 0 9683492 6543132 129 2185 0 0 0 0  0  2  0  0  0  621 1682  317  0  4 96
 0 0 0 9683784 6543352 129 2189 0 0 0 0  0  0  0  0  0  588 1670  263  0  4 96
 0 0 0 9683528 6543856 134 2189 0 0 0 0  0  0  0  0  0  589 1682  256  0  4 96
 0 0 0 9683492 6543780 129 2189 0 0 0 0  0  0  0  0  0  569 1673  253  0  4 96
 0 0 0 9683788 6543912 145 2196 0 0 0 0  0  0  0  0  0  581 1682  260  0  4 96
 0 0 0 9683528 6543848 85 1302 0 0 0  0  0  0  0  0  0  538 1329  224  0  3 97
 0 0 0 9683728 6543852 45 888 0 0  0  0  0  2  0  0  0  536 1026  251  0  1 99
 0 0 0 9683336 6543640 129 2189 0 0 0 0  0  0  0  0  0  586 1672  260  0  4 96
 0 0 0 9683620 6543772 134 2194 0 0 0 0  0  0  0  0  0  557 1686  258  0  4 96
 kthr      memory            page            disk          faults      cpu
 r b w   swap  free  re  mf pi po fr de sr s0 s1 s2 --   in   sy   cs us sy id
 0 0 0 9683360 6543644 129 2191 0 0 0 0  0  0  0  0  0  576 1675  253  0  4 96
 0 0 0 9683316 6543672 129 2193 0 0 0 0  0  0  0  0  0  586 1688  263  0  4 96
 0 0 0 9683536 6543880 147 2195 0 0 0 0  0  0  0  0  0  566 1679  277  0  4 96
 0 0 0 9683288 6543572 129 2191 0 0 0 0  0  2  0  0  0  588 1686  304  0  4 96
 0 0 0 9683168 6543456 131 2198 0 0 0 0  0  0  0  0  0  573 1678  257  0  4 96
 0 0 0 9683464 6543588 20 267 0 0  0  0  0  0  0  0  0  459  854  181  0  1 99
 0 0 0 9683468 6543592 109 1931 0 0 0 0  0  0  0  0  0  544 1506  251  0  2 97
 0 0 0 9683212 6543564 129 2195 0 0 0 0  0  0  0  0  0  587 1690  263  0  4 96
 0 0 0 9683164 6543528 147 2201 0 0 0 0  0  0  0  0  0  565 1672  258  0  4 96
 0 0 0 9683460 6543584 129 2195 0 0 0 0  0  2  0  0  0  625 1682  307  0  4 96
 0 0 0 9683200 6543500 129 2198 0 0 0 0  0  0  0  0  0  577 1672  258  0  4 96
 0 0 0 9683140 6543504 133 2193 0 0 0 0  0  0  0  0  0  570 1769  297  0  4 96
 0 0 0 9683436 6543560 129 2198 0 0 0 0  0  0  0  0  0  561 1671  257  0  4 96
 0 0 0 9683180 6543516 107 1403 0 0 0 0  0  0  0  0  0  544 1377  228  0  3 97
 0 0 0 9683320 6543444 39 800 0 0  0  0  0  0  0  0  0  496  986  222  0  1 99
 0 0 0 9683140 6543432 128 2195 0 0 0 0  0  3  0  0  0  632 1680  319  0  4 96
 0 0 0 9683436 6543572 129 2195 0 0 0 0  0  0  0  0  0  558 1668  255  0  4 96
 0 0 0 9683180 6543484 134 2196 0 0 0 0  0  0  0  0  0  585 1683  255  0  4 96
 0 0 0 9683140 6543432 129 2195 0 0 0 0  0  0  0  0  0  570 1669  254  0  4 96
 kthr      memory            page            disk          faults      cpu
 r b w   swap  free  re  mf pi po fr de sr s0 s1 s2 --   in   sy   cs us sy id
 0 0 0 9683440 6543632 129 2200 0 0 0 0  0  0  0  0  0  590 1685  259  0  4 96
 0 0 0 9683180 6543736 147 2202 0 0 0 0  0  0  0  0  0  584 1673  253  0  4 96
 0 0 0 9683132 6543428 129 2197 0 0 0 0  0  4  0  0  0  627 1685  337  0  4 96
 0 0 0 9683416 6543560 42 561 0 0  0  0  0  0  0  0  0  497  954  196  0  2 98
 0 0 0 9683416 6543540 92 1636 0 0 0  0  0  0  0  0  0  543 1392  238  0  2 98
 0 0 0 9683156 6543440 129 2195 0 0 0 0  0  0  0  0  0  585 1670  257  0  4 96
 0 0 0 9683112 6543472 129 2197 0 0 0 0  0  0  0  0  0  580 1683  268  0  4 96
 0 0 0 9683336 6543604 147 2205 0 0 0 0  0  0  0  0  0  596 1681  279  0  4 96
 0 0 0 9683160 6543444 128 2194 0 0 0 0  0  2  0  0  0  680 1682  305  0  4 96
 0 0 0 9683112 6543404 129 2193 0 0 0 0  0  0  0  0  0  587 1672  260  0  4 96
 0 0 0 9683412 6543580 131 2197 0 0 0 0  0  0  0  0  0  578 1683  257  0  4 96
 0 0 0 9683160 6543444 102 1745 0 0 0 0  0  0  0  0  0  543 1486  232  0  3 96
 0 0 0 9683416 6543608 27 451 0 0  0  0  0  0  0  0  0  460  856  202  0  0 99
 0 0 0 9683112 6543404 147 2202 0 0 0 0  0  0  0  0  0  576 1677  259  0  4 96
 0 0 0 9683408 6543536 129 2198 0 0 0 0  0  2  0  0  0  602 1684  304  0  4 96
 0 0 0 9683136 6543440 128 2196 0 0 0 0  0  0  0  0  0  574 1671  263  0  4 96
 0 0 0 9683092 6543424 134 2194 0 0 0 0  0  0  0  0  0  583 1773  297  0  4 96
 0 0 0 9683388 6543512 129 2194 0 0 0 0  0  0  0  0  0  568 1669  254  0  4 96
 0 0 0 9683132 6543416 141 2202 0 0 0 0  0  0  0  0  0  565 1685  262  0  4 96
 kthr      memory            page            disk          faults      cpu
 r b w   swap  free  re  mf pi po fr de sr s0 s1 s2 --   in   sy   cs us sy id
 0 0 0 9683028 6543328 129 2193 0 0 0 0  0  0  0  0  0  581 1677  279  0  4 96
 0 0 0 9683392 6543516 38 651 0 0  0  0  0  3  0  0  0  514  997  251  0  2 98
 0 0 0 9683352 6543488 91 1543 0 0 0  0  0  0  0  0  0  545 1347  237  0  2 98
 0 0 0 9683096 6543380 134 2195 0 0 0 0  0  0  0  0  0  586 1685  263  0  4 96
 0 0 0 9683056 6543348 129 2195 0 0 0 0  0  0  0  0  0  584 1669  255  0  4 96
 0 0 0 9683356 6543552 128 2194 0 0 0 0  0  0  0  0  0  580 1681  270  0  4 96
 0 0 0 9683092 6543576 147 2201 0 0 0 0  0  0  0  0  0  563 1675  259  0  4 96
 0 0 0 9683028 6543332 129 2195 0 0 0 0  0  2  0  0  0  626 1683  311  0  4 96
 0 0 0 9683332 6543456 132 2195 0 0 0 0  0  0  0  0  0  578 1670  260  0  4 96
 0 0 0 9683076 6543384 110 1835 0 0 0 0  0  0  0  0  0  570 1538  244  0  3 96
 0 0 0 9683328 6543452 21 357 0 0  0  0  0  0  0  0  0  473  817  189  0  0 100
 0 0 0 9683028 6543392 129 2195 0 0 0 0  0  0  0  0  0  582 1684  260  0  4 96
 0 0 0 9683196 6543392 147 2199 0 0 0 0  0  0  0  0  0  593 1682  275  0  4 96
 0 0 0 9682948 6543232 129 2195 0 0 0 0  0  2  0  0  0  610 1684  309  0  4 96
 0 0 0 9682880 6543192 129 2191 0 0 0 0  0  0  0  0  0  575 1669  260  0  4 96
 0 0 0 9683180 6543368 134 2193 0 0 0 0  0  0  0  0  0  588 1683  257  0  4 96
 0 0 0 9682928 6543212 129 2193 0 0 0 0  0  0  0  0  0  589 1672  255  0  4 96
 0 0 0 9682884 6543176 147 2200 0 0 0 0  0  0  0  0  0  586 1682  264  0  4 96
 0 0 0 9683176 6543304 37 570 0 0  0  0  0  0  0  0  0  480  966  192  0  2 98
 kthr      memory            page            disk          faults      cpu
 r b w   swap  free  re  mf pi po fr de sr s0 s1 s2 --   in   sy   cs us sy id
 0 0 0 9683136 6543272 91 1621 0 0 0  0  0  4  0  0  0  588 1381  307  0  2 97
 0 0 0 9682856 6543160 129 2194 0 0 0 0  0  0  0  0  0  566 1676  261  0  4 96
 0 0 0 9682812 6543124 134 2191 0 0 0 0  0  0  0  0  0  579 1777  298  0  4 96
 0 0 0 9683108 6543232 129 2188 0 0 0 0  0  0  0  0  0  570 1668  254  0  4 96
 0 0 0 9682852 6543208 129 2190 0 0 0 0  0  0  0  0  0  577 1683  265  0  4 96
 0 0 0 9682736 6543248 147 2198 0 0 0 0  0  0  0  0  0  555 1680  278  0  4 96
 0 0 0 9683048 6543172 129 2187 0 0 0 0  0  4  0  0  0  653 1684  332  0  4 96
 0 0 0 9682688 6542972 113 1814 0 0 0 0  0  0  0  0  0  561 1522  244  0  3 96
 0 0 0 9682944 6543068 21 370 0 0  0  0  0  0  0  0  0  481  821  187  0  0 100
 0 0 0 9682648 6542940 129 2188 0 0 0 0  0  0  0  0  0  588 1672  257  0  4 96
 0 0 0 9682944 6543144 129 2188 0 0 0 0  0  0  0  0  0  595 1684  262  0  4 96
 0 0 0 9682664 6543084 147 2192 0 0 0 0  0  0  0  0  0  583 1675  257  0  4 96
 0 0 0 9682620 6542912 129 2189 0 0 0 0  0  2  0  0  0  615 1685  308  0  4 96
 0 0 0 9682924 6543068 129 2185 0 0 0 0  0  0  0  0  0  592 1670  264  0  4 96
 0 0 0 9682668 6543012 134 2184 0 0 0 0  0  0  0  0  0  586 1681  258  0  4 96
 0 0 0 9682620 6542912 129 2187 0 0 0 0  0  0  0  0  0  566 1671  252  0  4 96
 0 0 0 9682920 6543116 66 898 0 0  0  0  0  0  0  0  0  489 1101  212  0  2 98
 0 0 0 9682804 6542928 81 1297 0 0 0  0  0  0  0  0  0  534 1258  244  0  2 98
 0 0 0 9682612 6542896 129 2183 0 0 0 0  0  2  0  0  0  622 1679  306  0  4 96
 kthr      memory            page            disk          faults      cpu
 r b w   swap  free  re  mf pi po fr de sr s0 s1 s2 --   in   sy   cs us sy id
 0 0 0 9682620 6542936 129 2187 0 0 0 0  0  0  0  0  0  574 1674  260  0  4 96
 0 0 0 9682920 6543088 134 2186 0 0 0 0  0  0  0  0  0  587 1686  258  0  4 96
 0 0 0 9682668 6542952 128 2187 0 0 0 0  0  0  0  0  0  583 1670  253  0  4 96
 0 0 0 9682620 6542916 143 2191 0 0 0 0  0  0  0  0  0  590 1680  265  0  4 96
 0 0 0 9682896 6543032 129 2189 0 0 0 0  0  0  0  0  0  579 1675  257  0  4 96
 0 0 0 9682640 6542924 129 2187 0 0 0 0  0  2  0  0  0  631 1684  302  0  4 96
 0 0 0 9682900 6543044 0  0  0  0  0  0  0  0  0  0  0  460  661  176  0  0 100
 0 0 0 9682600 6542892 134 2187 0 0 0 0  0  0  0  0  0  583 1772  302  0  4 96
 0 0 0 9682896 6543020 128 2186 0 0 0 0  0  0  0  0  0  702 1670  255  0  4 96
 0 0 0 9682640 6543056 129 2186 0 0 0 0  0  0  0  0  0  592 1683  266  0  4 96
 0 0 0 9682528 6542964 147 2193 0 0 0 0  0  0  0  0  0  576 1682  281  0  4 96
 0 0 0 9682900 6543024 129 2185 0 0 0 0  0  3  0  0  0  621 1681  310  0  4 96
 0 0 0 9682600 6542884 128 2182 0 0 0 0  0  0  0  0  0  584 1668  259  0  4 96
 0 0 0 9682556 6542848 129 2189 0 0 0 0  0  0  0  0  0  576 1688  258  0  4 96
 0 0 0 9682856 6542980 77 1195 0 0 0  0  0  0  0  0  0  532 1221  213  0  2 98
 0 0 0 9682836 6543104 52 992 0 0  0  0  0  0  0  0  0  520 1124  215  0  2 98
 0 0 0 9682576 6542912 147 2194 0 0 0 0  0  0  0  0  0  568 1678  259  0  4 96
 0 0 0 9682532 6542824 129 2185 0 0 0 0  0  2  0  0  0  638 1682  304  0  4 96
 0 0 0 9682836 6542980 129 2186 0 0 0 0  0  0  0  0  0  579 1673  261  0  4 96
 kthr      memory            page            disk          faults      cpu
 r b w   swap  free  re  mf pi po fr de sr s0 s1 s2 --   in   sy   cs us sy id
 0 0 0 9682580 6542904 134 2185 0 0 0 0  0  0  0  0  0  577 1689  258  0  4 96
 0 0 0 9682532 6542824 129 2187 0 0 0 0  0  0  0  0  0  590 1671  258  0  4 96
 0 0 0 9682832 6543016 147 2191 0 0 0 0  0  0  0  0  0  586 1682  268  0  4 96
 0 0 0 9682440 6542724 129 2187 0 0 0 0  0  0  0  0  0  592 1683  279  0  4 96
 0 0 0 9682836 6542960 12 99 0  0  0  0  0  2  0  0  0  486  722  213  0  0 100
 0 0 0 9682532 6542844 117 2086 0 0 0 0  0  0  0  0  0  572 1619  254  0  3 96
 0 0 0 9682832 6542976 134 2185 0 0 0 0  0  0  0  0  0  576 1683  256  0  4 96
 0 0 0 9682572 6542860 129 2190 0 0 0 0  0  0  0  0  0  579 1674  257  0  4 96
 0 0 0 9682512 6542824 135 2188 0 0 0 0  0  0  0  0  0  582 1679  265  0  4 96
 0 0 0 9682808 6542964 131 2187 0 0 0 0  0  0  0  0  0  587 1680  263  0  4 96
 0 0 0 9682552 6542836 129 2186 0 0 0 0  0  4  0  0  0  629 1683  330  0  4 96
 0 0 0 9682512 6542804 134 2185 0 0 0 0  0  0  0  0  0  591 1669  257  0  4 96
