
SunOS canfire03 5.11 onnv-gate i86pc    05/09/2009

23:45:40  pgout/s ppgout/s pgfree/s pgscan/s %ufs_ipf
23:45:45     0.00     0.00     0.00     0.00     0.00
23:45:50     0.00     0.00     0.00     0.00     0.00
23:45:55     0.00     0.00     0.00     0.00     0.00
23:46:00     0.00     0.00     0.00     0.00     0.00
23:46:05     0.00     0.00     0.00     0.00     0.00
23:46:10     0.00     0.00     0.00     0.00     0.00
23:46:15     0.00     0.00     0.00     0.00     0.00
23:46:20     0.00     0.00     0.00     0.00     0.00
23:46:25     0.00     0.00     0.00     0.00     0.00
23:46:30     0.00     0.00     0.00     0.00     0.00
23:46:35     0.00     0.00     0.00     0.00     0.00
23:46:40     0.00     0.00     0.00     0.00     0.00
23:46:45     0.00     0.00     0.00     0.00     0.00
23:46:50     0.00     0.00     0.00     0.00     0.00
23:46:55     0.00     0.00     0.00     0.00     0.00
23:47:00     0.00     0.00     0.00     0.00     0.00
23:47:05     0.00     0.00     0.00     0.00     0.00
23:47:10     0.00     0.00     0.00     0.00     0.00
23:47:15     0.00     0.00     0.00     0.00     0.00
23:47:20     0.00     0.00     0.00     0.00     0.00
23:47:25     0.00     0.00     0.00     0.00     0.00
23:47:30     0.00     0.00     0.00     0.00     0.00
23:47:35     0.00     0.00     0.00     0.00     0.00
23:47:40     0.00     0.00     0.00     0.00     0.00
23:47:45     0.00     0.00     0.00     0.00     0.00
23:47:50     0.00     0.00     0.00     0.00     0.00
23:47:55     0.00     0.00     0.00     0.00     0.00
23:48:00     0.00     0.00     0.00     0.00     0.00
23:48:05     0.00     0.00     0.00     0.00     0.00
23:48:10     0.00     0.00     0.00     0.00     0.00
23:48:15     0.00     0.00     0.00     0.00     0.00
23:48:20     0.00     0.00     0.00     0.00     0.00
23:48:25     0.00     0.00     0.00     0.00     0.00
23:48:30     0.00     0.00     0.00     0.00     0.00
23:48:35     0.00     0.00     0.00     0.00     0.00
23:48:40     0.00     0.00     0.00     0.00     0.00
23:48:45     0.00     0.00     0.00     0.00     0.00
23:48:50     0.00     0.00     0.00     0.00     0.00
23:48:55     0.00     0.00     0.00     0.00     0.00
23:49:00     0.00     0.00     0.00     0.00     0.00
23:49:05     0.00     0.00     0.00     0.00     0.00
23:49:10     0.00     0.00     0.00     0.00     0.00
23:49:15     0.00     0.00     0.00     0.00     0.00
23:49:20     0.00     0.00     0.00     0.00     0.00
23:49:25     0.00     0.00     0.00     0.00     0.00
23:49:31     0.00     0.00     0.00     0.00     0.00
23:49:36     0.00     0.00     0.00     0.00     0.00
23:49:41     0.00     0.00     0.00     0.00     0.00
23:49:46     0.00     0.00     0.00     0.00     0.00
23:49:51     0.00     0.00     0.00     0.00     0.00
23:49:56     0.00     0.00     0.00     0.00     0.00
23:50:01     0.00     0.00     0.00     0.00     0.00
23:50:06     0.00     0.00     0.00     0.00     0.00
23:50:11     0.00     0.00     0.00     0.00     0.00
23:50:16     0.00     0.00     0.00     0.00     0.00
23:50:21     0.00     0.00     0.00     0.00     0.00
23:50:26     0.00     0.00     0.00     0.00     0.00
23:50:31     0.00     0.00     0.00     0.00     0.00
23:50:36     0.00     0.00     0.00     0.00     0.00
23:50:41     0.00     0.00     0.00     0.00     0.00
23:50:46     0.00     0.00     0.00     0.00     0.00
23:50:51     0.00     0.00     0.00     0.00     0.00
23:50:56     0.00     0.00     0.00     0.00     0.00
23:51:01     0.00     0.00     0.00     0.00     0.00
23:51:06     0.00     0.00     0.00     0.00     0.00
23:51:11     0.00     0.00     0.00     0.00     0.00
23:51:16     0.00     0.00     0.00     0.00     0.00
23:51:21     0.00     0.00     0.00     0.00     0.00
23:51:26     0.00     0.00     0.00     0.00     0.00
23:51:31     0.00     0.00     0.00     0.00     0.00
23:51:36     0.00     0.00     0.00     0.00     0.00
23:51:41     0.00     0.00     0.00     0.00     0.00
23:51:46     0.00     0.00     0.00     0.00     0.00
23:51:51     0.00     0.00     0.00     0.00     0.00
23:51:56     0.00     0.00     0.00     0.00     0.00
23:52:01     0.00     0.00     0.00     0.00     0.00
23:52:06     0.00     0.00     0.00     0.00     0.00
23:52:11     0.00     0.00     0.00     0.00     0.00
23:52:16     0.00     0.00     0.00     0.00     0.00
23:52:21     0.00     0.00     0.00     0.00     0.00
23:52:26     0.00     0.00     0.00     0.00     0.00
23:52:31     0.00     0.00     0.00     0.00     0.00
23:52:36     0.00     0.00     0.00     0.00     0.00
23:52:41     0.00     0.00     0.00     0.00     0.00
23:52:46     0.00     0.00     0.00     0.00     0.00
23:52:51     0.00     0.00     0.00     0.00     0.00
23:52:56     0.00     0.00     0.00     0.00     0.00
23:53:01     0.00     0.00     0.00     0.00     0.00
23:53:06     0.00     0.00     0.00     0.00     0.00
23:53:11     0.00     0.00     0.00     0.00     0.00
23:53:16     0.00     0.00     0.00     0.00     0.00
23:53:21     0.00     0.00     0.00     0.00     0.00
23:53:26     0.00     0.00     0.00     0.00     0.00
23:53:31     0.00     0.00     0.00     0.00     0.00
23:53:36     0.00     0.00     0.00     0.00     0.00
23:53:41     0.00     0.00     0.00     0.00     0.00
23:53:46     0.00     0.00     0.00     0.00     0.00
23:53:51     0.00     0.00     0.00     0.00     0.00
23:53:56     0.00     0.00     0.00     0.00     0.00
23:54:01     0.00     0.00     0.00     0.00     0.00
23:54:06     0.00     0.00     0.00     0.00     0.00
23:54:11     0.00     0.00     0.00     0.00     0.00
23:54:16     0.00     0.00     0.00     0.00     0.00
23:54:21     0.00     0.00     0.00     0.00     0.00
23:54:26     0.00     0.00     0.00     0.00     0.00
23:54:31     0.00     0.00     0.00     0.00     0.00
23:54:36     0.00     0.00     0.00     0.00     0.00
23:54:41     0.00     0.00     0.00     0.00     0.00
23:54:46     0.00     0.00     0.00     0.00     0.00
23:54:51     0.00     0.00     0.00     0.00     0.00
23:54:56     0.00     0.00     0.00     0.00     0.00
23:55:01     0.00     0.00     0.00     0.00     0.00
23:55:06     0.00     0.00     0.00     0.00     0.00
23:55:11     0.00     0.00     0.00     0.00     0.00
23:55:16     0.00     0.00     0.00     0.00     0.00
23:55:21     0.00     0.00     0.00     0.00     0.00
23:55:26     0.00     0.00     0.00     0.00     0.00
23:55:31     0.00     0.00     0.00     0.00     0.00
23:55:36     0.00     0.00     0.00     0.00     0.00
23:55:41     0.00     0.00     0.00     0.00     0.00
23:55:46     0.00     0.00     0.00     0.00     0.00
23:55:51     0.00     0.00     0.00     0.00     0.00
23:55:56     0.00     0.00     0.00     0.00     0.00
23:56:01     0.00     0.00     0.00     0.00     0.00
23:56:06     0.00     0.00     0.00     0.00     0.00
23:56:11     0.00     0.00     0.00     0.00     0.00
23:56:16     0.00     0.00     0.00     0.00     0.00
23:56:21     0.00     0.00     0.00     0.00     0.00
23:56:26     0.00     0.00     0.00     0.00     0.00
23:56:31     0.00     0.00     0.00     0.00     0.00
23:56:36     0.00     0.00     0.00     0.00     0.00
23:56:41     0.00     0.00     0.00     0.00     0.00
23:56:46     0.00     0.00     0.00     0.00     0.00
23:56:51     0.00     0.00     0.00     0.00     0.00
23:56:56     0.00     0.00     0.00     0.00     0.00
23:57:01     0.00     0.00     0.00     0.00     0.00
23:57:06     0.00     0.00     0.00     0.00     0.00
23:57:11     0.00     0.00     0.00     0.00     0.00
23:57:16     0.00     0.00     0.00     0.00     0.00
23:57:21     0.00     0.00     0.00     0.00     0.00
23:57:26     0.00     0.00     0.00     0.00     0.00
23:57:31     0.00     0.00     0.00     0.00     0.00
23:57:36     0.00     0.00     0.00     0.00     0.00
23:57:41     0.00     0.00     0.00     0.00     0.00
23:57:46     0.00     0.00     0.00     0.00     0.00
23:57:52     0.00     0.00     0.00     0.00     0.00
23:57:57     0.00     0.00     0.00     0.00     0.00
23:58:02     0.00     0.00     0.00     0.00     0.00
23:58:07     0.00     0.00     0.00     0.00     0.00
23:58:12     0.00     0.00     0.00     0.00     0.00
23:58:17     0.00     0.00     0.00     0.00     0.00
23:58:22     0.00     0.00     0.00     0.00     0.00
23:58:27     0.00     0.00     0.00     0.00     0.00
23:58:32     0.00     0.00     0.00     0.00     0.00
23:58:37     0.00     0.00     0.00     0.00     0.00
23:58:42     0.00     0.00     0.00     0.00     0.00
23:58:47     0.00     0.00     0.00     0.00     0.00
23:58:52     0.00     0.00     0.00     0.00     0.00
23:58:57     0.00     0.00     0.00     0.00     0.00
23:59:02     0.00     0.00     0.00     0.00     0.00
23:59:07     0.00     0.00     0.00     0.00     0.00
23:59:12     0.00     0.00     0.00     0.00     0.00
23:59:17     0.00     0.00     0.00     0.00     0.00
23:59:22     0.00     0.00     0.00     0.00     0.00
23:59:27     0.00     0.00     0.00     0.00     0.00
23:59:32     0.00     0.00     0.00     0.00     0.00
23:59:37     0.00     0.00     0.00     0.00     0.00
23:59:42     0.00     0.00     0.00     0.00     0.00
23:59:47     0.00     0.00     0.00     0.00     0.00
23:59:52     0.00     0.00     0.00     0.00     0.00
23:59:57     0.00     0.00     0.00     0.00     0.00
00:00:02     0.00     0.00     0.00     0.00     0.00
00:00:07     0.00     0.00     0.00     0.00     0.00
00:00:12     0.00     0.00     0.00     0.00     0.00
00:00:17     0.00     0.00     0.00     0.00     0.00
00:00:22     0.00     0.00     0.00     0.00     0.00
00:00:27     0.00     0.00     0.00     0.00     0.00
00:00:32     0.00     0.00     0.00     0.00     0.00
00:00:37     0.00     0.00     0.00     0.00     0.00
00:00:42     0.00     0.00     0.00     0.00     0.00
00:00:47     0.00     0.00     0.00     0.00     0.00
00:00:52     0.00     0.00     0.00     0.00     0.00
00:00:57     0.00     0.00     0.00     0.00     0.00
00:01:02     0.00     0.00     0.00     0.00     0.00
00:01:07     0.00     0.00     0.00     0.00     0.00
00:01:12     0.00     0.00     0.00     0.00     0.00
00:01:17     0.00     0.00     0.00     0.00     0.00
00:01:22     0.00     0.00     0.00     0.00     0.00
00:01:27     0.00     0.00     0.00     0.00     0.00
00:01:32     0.00     0.00     0.00     0.00     0.00
00:01:37     0.00     0.00     0.00     0.00     0.00
00:01:42     0.00     0.00     0.00     0.00     0.00
00:01:47     0.00     0.00     0.00     0.00     0.00
00:01:52     0.00     0.00     0.00     0.00     0.00
00:01:57     0.00     0.00     0.00     0.00     0.00
00:02:02     0.00     0.00     0.00     0.00     0.00
00:02:07     0.00     0.00     0.00     0.00     0.00
00:02:12     0.00     0.00     0.00     0.00     0.00
00:02:17     0.00     0.00     0.00     0.00     0.00
00:02:22     0.00     0.00     0.00     0.00     0.00
00:02:27     0.00     0.00     0.00     0.00     0.00
00:02:32     0.00     0.00     0.00     0.00     0.00
00:02:37     0.00     0.00     0.00     0.00     0.00
00:02:42     0.00     0.00     0.00     0.00     0.00
00:02:47     0.00     0.00     0.00     0.00     0.00
00:02:52     0.00     0.00     0.00     0.00     0.00
00:02:57     0.00     0.00     0.00     0.00     0.00
00:03:02     0.00     0.00     0.00     0.00     0.00
00:03:07     0.00     0.00     0.00     0.00     0.00
00:03:12     0.00     0.00     0.00     0.00     0.00
00:03:17     0.00     0.00     0.00     0.00     0.00
00:03:22     0.00     0.00     0.00     0.00     0.00
00:03:27     0.00     0.00     0.00     0.00     0.00
00:03:32     0.00     0.00     0.00     0.00     0.00
00:03:37     0.00     0.00     0.00     0.00     0.00
00:03:42     0.00     0.00     0.00     0.00     0.00
00:03:47     0.00     0.00     0.00     0.00     0.00
00:03:52     0.00     0.00     0.00     0.00     0.00
00:03:57     0.00     0.00     0.00     0.00     0.00
00:04:02     0.00     0.00     0.00     0.00     0.00
00:04:07     0.00     0.00     0.00     0.00     0.00
00:04:12     0.00     0.00     0.00     0.00     0.00
00:04:17     0.00     0.00     0.00     0.00     0.00
00:04:22     0.00     0.00     0.00     0.00     0.00
00:04:27     0.00     0.00     0.00     0.00     0.00
00:04:32     0.00     0.00     0.00     0.00     0.00
00:04:37     0.00     0.00     0.00     0.00     0.00
00:04:42     0.00     0.00     0.00     0.00     0.00
00:04:47     0.00     0.00     0.00     0.00     0.00
00:04:52     0.00     0.00     0.00     0.00     0.00
00:04:57     0.00     0.00     0.00     0.00     0.00
00:05:02     0.00     0.00     0.00     0.00     0.00
00:05:07     0.00     0.00     0.00     0.00     0.00
00:05:12     0.00     0.00     0.00     0.00     0.00
00:05:17     0.00     0.00     0.00     0.00     0.00
00:05:22     0.00     0.00     0.00     0.00     0.00
00:05:27     0.00     0.00     0.00     0.00     0.00
00:05:32     0.00     0.00     0.00     0.00     0.00
00:05:37     0.00     0.00     0.00     0.00     0.00
00:05:42     0.00     0.00     0.00     0.00     0.00
00:05:47     0.00     0.00     0.00     0.00     0.00
00:05:52     0.00     0.00     0.00     0.00     0.00
00:05:57     0.00     0.00     0.00     0.00     0.00
00:06:02     0.00     0.00     0.00     0.00     0.00
00:06:07     0.00     0.00     0.00     0.00     0.00
00:06:13     0.00     0.00     0.00     0.00     0.00
00:06:18     0.00     0.00     0.00     0.00     0.00
00:06:23     0.00     0.00     0.00     0.00     0.00
00:06:28     0.00     0.00     0.00     0.00     0.00
00:06:33     0.00     0.00     0.00     0.00     0.00
00:06:38     0.00     0.00     0.00     0.00     0.00
00:06:43     0.00     0.00     0.00     0.00     0.00
00:06:48     0.00     0.00     0.00     0.00     0.00
00:06:53     0.00     0.00     0.00     0.00     0.00
00:06:58     0.00     0.00     0.00     0.00     0.00
00:07:03     0.00     0.00     0.00     0.00     0.00
00:07:08     0.00     0.00     0.00     0.00     0.00
00:07:13     0.00     0.00     0.00     0.00     0.00
00:07:18     0.00     0.00     0.00     0.00     0.00
00:07:23     0.00     0.00     0.00     0.00     0.00
00:07:28     0.00     0.00     0.00     0.00     0.00
00:07:33     0.00     0.00     0.00     0.00     0.00
00:07:38     0.00     0.00     0.00     0.00     0.00
00:07:43     0.00     0.00     0.00     0.00     0.00
00:07:48     0.00     0.00     0.00     0.00     0.00
00:07:53     0.00     0.00     0.00     0.00     0.00
00:07:58     0.00     0.00     0.00     0.00     0.00
00:08:03     0.00     0.00     0.00     0.00     0.00
00:08:08     0.00     0.00     0.00     0.00     0.00
00:08:13     0.00     0.00     0.00     0.00     0.00
00:08:18     0.00     0.00     0.00     0.00     0.00
00:08:23     0.00     0.00     0.00     0.00     0.00
00:08:28     0.00     0.00     0.00     0.00     0.00
00:08:33     0.00     0.00     0.00     0.00     0.00
00:08:38     0.00     0.00     0.00     0.00     0.00
00:08:43     0.00     0.00     0.00     0.00     0.00
00:08:48     0.00     0.00     0.00     0.00     0.00
00:08:53     0.00     0.00     0.00     0.00     0.00
00:08:58     0.00     0.00     0.00     0.00     0.00
00:09:03     0.00     0.00     0.00     0.00     0.00
00:09:08     0.00     0.00     0.00     0.00     0.00
00:09:13     0.00     0.00     0.00     0.00     0.00
00:09:18     0.00     0.00     0.00     0.00     0.00
00:09:23     0.00     0.00     0.00     0.00     0.00
00:09:28     0.00     0.00     0.00     0.00     0.00
00:09:33     0.00     0.00     0.00     0.00     0.00
00:09:38     0.00     0.00     0.00     0.00     0.00
00:09:43     0.00     0.00     0.00     0.00     0.00
00:09:48     0.00     0.00     0.00     0.00     0.00
00:09:53     0.00     0.00     0.00     0.00     0.00
00:09:58     0.00     0.00     0.00     0.00     0.00
00:10:03     0.00     0.00     0.00     0.00     0.00
00:10:08     0.00     0.00     0.00     0.00     0.00
00:10:13     0.00     0.00     0.00     0.00     0.00
00:10:18     0.00     0.00     0.00     0.00     0.00
00:10:23     0.00     0.00     0.00     0.00     0.00
00:10:28     0.00     0.00     0.00     0.00     0.00
00:10:33     0.00     0.00     0.00     0.00     0.00
00:10:38     0.00     0.00     0.00     0.00     0.00
00:10:43     0.00     0.00     0.00     0.00     0.00
00:10:48     0.00     0.00     0.00     0.00     0.00
00:10:53     0.00     0.00     0.00     0.00     0.00
00:10:58     0.00     0.00     0.00     0.00     0.00
00:11:03     0.00     0.00     0.00     0.00     0.00
00:11:08     0.00     0.00     0.00     0.00     0.00
00:11:13     0.00     0.00     0.00     0.00     0.00
00:11:18     0.00     0.00     0.00     0.00     0.00
00:11:23     0.00     0.00     0.00     0.00     0.00
00:11:28     0.00     0.00     0.00     0.00     0.00
00:11:33     0.00     0.00     0.00     0.00     0.00
00:11:38     0.00     0.00     0.00     0.00     0.00
00:11:43     0.00     0.00     0.00     0.00     0.00
00:11:48     0.00     0.00     0.00     0.00     0.00
00:11:53     0.00     0.00     0.00     0.00     0.00
00:11:58     0.00     0.00     0.00     0.00     0.00
00:12:03     0.00     0.00     0.00     0.00     0.00
00:12:08     0.00     0.00     0.00     0.00     0.00
00:12:13     0.00     0.00     0.00     0.00     0.00
00:12:18     0.00     0.00     0.00     0.00     0.00
00:12:23     0.00     0.00     0.00     0.00     0.00
00:12:28     0.00     0.00     0.00     0.00     0.00
00:12:33     0.00     0.00     0.00     0.00     0.00
00:12:38     0.00     0.00     0.00     0.00     0.00
00:12:43     0.00     0.00     0.00     0.00     0.00
00:12:48     0.00     0.00     0.00     0.00     0.00
00:12:53     0.00     0.00     0.00     0.00     0.00
00:12:58     0.00     0.00     0.00     0.00     0.00
00:13:03     0.00     0.00     0.00     0.00     0.00
00:13:08     0.00     0.00     0.00     0.00     0.00
00:13:13     0.00     0.00     0.00     0.00     0.00
00:13:18     0.00     0.00     0.00     0.00     0.00
00:13:23     0.00     0.00     0.00     0.00     0.00
00:13:28     0.00     0.00     0.00     0.00     0.00
00:13:33     0.00     0.00     0.00     0.00     0.00
00:13:38     0.00     0.00     0.00     0.00     0.00
00:13:43     0.00     0.00     0.00     0.00     0.00
00:13:48     0.00     0.00     0.00     0.00     0.00
00:13:53     0.00     0.00     0.00     0.00     0.00
00:13:58     0.00     0.00     0.00     0.00     0.00
00:14:03     0.00     0.00     0.00     0.00     0.00
00:14:08     0.00     0.00     0.00     0.00     0.00
00:14:13     0.00     0.00     0.00     0.00     0.00
00:14:18     0.00     0.00     0.00     0.00     0.00
00:14:23     0.00     0.00     0.00     0.00     0.00
00:14:28     0.00     0.00     0.00     0.00     0.00
00:14:34     0.00     0.00     0.00     0.00     0.00
00:14:39     0.00     0.00     0.00     0.00     0.00
00:14:44     0.00     0.00     0.00     0.00     0.00
00:14:49     0.00     0.00     0.00     0.00     0.00
00:14:54     0.00     0.00     0.00     0.00     0.00
00:14:59     0.00     0.00     0.00     0.00     0.00
00:15:04     0.00     0.00     0.00     0.00     0.00
00:15:09     0.00     0.00     0.00     0.00     0.00
00:15:14     0.00     0.00     0.00     0.00     0.00
00:15:19     0.00     0.00     0.00     0.00     0.00
00:15:24     0.00     0.00     0.00     0.00     0.00
00:15:29     0.00     0.00     0.00     0.00     0.00
00:15:34     0.00     0.00     0.00     0.00     0.00
00:15:39     0.00     0.00     0.00     0.00     0.00
00:15:44     0.00     0.00     0.00     0.00     0.00
00:15:49     0.00     0.00     0.00     0.00     0.00
00:15:54     0.00     0.00     0.00     0.00     0.00
00:15:59     0.00     0.00     0.00     0.00     0.00
00:16:04     0.00     0.00     0.00     0.00     0.00
00:16:09     0.00     0.00     0.00     0.00     0.00
00:16:14     0.00     0.00     0.00     0.00     0.00
00:16:19     0.00     0.00     0.00     0.00     0.00
00:16:24     0.00     0.00     0.00     0.00     0.00
00:16:29     0.00     0.00     0.00     0.00     0.00
00:16:34     0.00     0.00     0.00     0.00     0.00
00:16:39     0.00     0.00     0.00     0.00     0.00
00:16:44     0.00     0.00     0.00     0.00     0.00
00:16:49     0.00     0.00     0.00     0.00     0.00
00:16:54     0.00     0.00     0.00     0.00     0.00
00:16:59     0.00     0.00     0.00     0.00     0.00
00:17:04     0.00     0.00     0.00     0.00     0.00
00:17:09     0.00     0.00     0.00     0.00     0.00
00:17:14     0.00     0.00     0.00     0.00     0.00
00:17:19     0.00     0.00     0.00     0.00     0.00
00:17:24     0.00     0.00     0.00     0.00     0.00
00:17:29     0.00     0.00     0.00     0.00     0.00
00:17:34     0.00     0.00     0.00     0.00     0.00
00:17:39     0.00     0.00     0.00     0.00     0.00
00:17:44     0.00     0.00     0.00     0.00     0.00
00:17:49     0.00     0.00     0.00     0.00     0.00
00:17:54     0.00     0.00     0.00     0.00     0.00
00:17:59     0.00     0.00     0.00     0.00     0.00
00:18:04     0.00     0.00     0.00     0.00     0.00
00:18:09     0.00     0.00     0.00     0.00     0.00
00:18:14     0.00     0.00     0.00     0.00     0.00
00:18:19     0.00     0.00     0.00     0.00     0.00
00:18:24     0.00     0.00     0.00     0.00     0.00
00:18:29     0.00     0.00     0.00     0.00     0.00
00:18:34     0.00     0.00     0.00     0.00     0.00
00:18:39     0.00     0.00     0.00     0.00     0.00
00:18:44     0.00     0.00     0.00     0.00     0.00
00:18:49     0.00     0.00     0.00     0.00     0.00
00:18:54     0.00     0.00     0.00     0.00     0.00
00:18:59     0.00     0.00     0.00     0.00     0.00
00:19:04     0.00     0.00     0.00     0.00     0.00
00:19:09     0.00     0.00     0.00     0.00     0.00
00:19:14     0.00     0.00     0.00     0.00     0.00
00:19:19     0.00     0.00     0.00     0.00     0.00
00:19:24     0.00     0.00     0.00     0.00     0.00
00:19:29     0.00     0.00     0.00     0.00     0.00
00:19:34     0.00     0.00     0.00     0.00     0.00
00:19:39     0.00     0.00     0.00     0.00     0.00
00:19:44     0.00     0.00     0.00     0.00     0.00
00:19:49     0.00     0.00     0.00     0.00     0.00
00:19:54     0.00     0.00     0.00     0.00     0.00
00:19:59     0.00     0.00     0.00     0.00     0.00
00:20:04     0.00     0.00     0.00     0.00     0.00
00:20:09     0.00     0.00     0.00     0.00     0.00
00:20:14     0.00     0.00     0.00     0.00     0.00
00:20:19     0.00     0.00     0.00     0.00     0.00
00:20:24     0.00     0.00     0.00     0.00     0.00
00:20:29     0.00     0.00     0.00     0.00     0.00
00:20:34     0.00     0.00     0.00     0.00     0.00
00:20:39     0.00     0.00     0.00     0.00     0.00
00:20:44     0.00     0.00     0.00     0.00     0.00
00:20:49     0.00     0.00     0.00     0.00     0.00
00:20:54     0.00     0.00     0.00     0.00     0.00
00:20:59     0.00     0.00     0.00     0.00     0.00
00:21:04     0.00     0.00     0.00     0.00     0.00
00:21:09     0.00     0.00     0.00     0.00     0.00
00:21:14     0.00     0.00     0.00     0.00     0.00
00:21:19     0.00     0.00     0.00     0.00     0.00
00:21:24     0.00     0.00     0.00     0.00     0.00
00:21:29     0.00     0.00     0.00     0.00     0.00
00:21:34     0.00     0.00     0.00     0.00     0.00
00:21:39     0.00     0.00     0.00     0.00     0.00
00:21:44     0.00     0.00     0.00     0.00     0.00
00:21:49     0.00     0.00     0.00     0.00     0.00
00:21:54     0.00     0.00     0.00     0.00     0.00
00:21:59     0.00     0.00     0.00     0.00     0.00
00:22:04     0.00     0.00     0.00     0.00     0.00
00:22:09     0.00     0.00     0.00     0.00     0.00
00:22:14     0.00     0.00     0.00     0.00     0.00
00:22:19     0.00     0.00     0.00     0.00     0.00
00:22:24     0.00     0.00     0.00     0.00     0.00
00:22:29     0.00     0.00     0.00     0.00     0.00
00:22:34     0.00     0.00     0.00     0.00     0.00
00:22:39     0.00     0.00     0.00     0.00     0.00
00:22:44     0.00     0.00     0.00     0.00     0.00
00:22:49     0.00     0.00     0.00     0.00     0.00
00:22:55     0.00     0.00     0.00     0.00     0.00
