
SunOS canfire03 5.11 onnv-gate i86pc    05/09/2009

23:45:40 sml_mem   alloc  fail  lg_mem   alloc  fail  ovsz_alloc  fail
23:45:45 281497792 222444288     0 838242304 788811904     0    76648448     0
23:45:50 281497792 222450528     0 838225920 788806656     0    76648448     0
23:45:55 281501888 222458272     0 838230016 788813824     0    76648448     0
23:46:00 281501888 222464544     0 838246400 788827584     0    76648448     0
23:46:05 281501888 222468000     0 838246400 788830144     0    76648448     0
23:46:10 281501888 222433824     0 838230016 788688768     0    76648448     0
23:46:15 281501888 222450400     0 838230016 788744064     0    76648448     0
23:46:20 281501888 222555728     0 838270976 788781376     0    76648448     0
23:46:25 281501888 222448688     0 838246400 788710848     0    76648448     0
23:46:30 281501888 222451632     0 838230016 788699520     0    76648448     0
23:46:35 281501888 222455216     0 838230016 788706688     0    76648448     0
23:46:40 281501888 222435360     0 838246400 788718464     0    76648448     0
23:46:45 281501888 222440992     0 838258688 788725696     0    76648448     0
23:46:50 281501888 222443936     0 838242304 788713344     0    76648448     0
23:46:55 281501888 222447664     0 838242304 788718464     0    76648448     0
23:47:00 281501888 222465280     0 838266880 788785088     0    76648448     0
23:47:05 281501888 222466032     0 838266880 788752768     0    76648448     0
23:47:10 281501888 222433744     0 838250496 788726656     0    76648448     0
23:47:15 281501888 222439680     0 838250496 788729216     0    76648448     0
23:47:20 281501888 222446064     0 838287360 788745088     0    76648448     0
23:47:25 281501888 222449648     0 838287360 788745088     0    76648448     0
23:47:30 281501888 222452592     0 838270976 788739968     0    76648448     0
23:47:35 281501888 222456272     0 838311936 788742016     0    76648448     0
23:47:40 281501888 222437008     0 838328320 788758400     0    76648448     0
23:47:45 281501888 222453312     0 838328320 788810624     0    76648448     0
23:47:50 281501888 222520848     0 838328320 788789632     0    76648448     0
23:47:55 281501888 222448208     0 838311936 788753280     0    76648448     0
23:48:00 281501888 222454480     0 838328320 788768128     0    76648448     0
23:48:05 281501888 222458528     0 838328320 788776064     0    76648448     0
23:48:10 281501888 222435008     0 838311936 788760448     0    76648448     0
23:48:15 281501888 222440576     0 838311936 788766592     0    76648448     0
23:48:20 281501888 222446848     0 838328320 788778880     0    76648448     0
23:48:25 281501888 222461824     0 838328320 788834752     0    76648448     0
23:48:30 281501888 222566432     0 838336512 788846848     0    76648448     0
23:48:35 281501888 222457040     0 838311936 788777600     0    76648448     0
23:48:40 281501888 222436832     0 838328320 788793728     0    76648448     0
23:48:45 281501888 222442208     0 838328320 788795840     0    76648448     0
23:48:50 281501888 222445472     0 838311936 788795008     0    76648448     0
23:48:55 281501888 222448976     0 838332416 788792192     0    76648448     0
23:49:00 281501888 222455248     0 838348800 788803968     0    76648448     0
23:49:05 281501888 222458976     0 838348800 788808064     0    76648448     0
23:49:10 281501888 222449056     0 838332416 788854592     0    76648448     0
23:49:15 281501888 222551408     0 838356992 788875072     0    76648448     0
23:49:20 281501888 222447536     0 838348800 788820096     0    76648448     0
23:49:25 281501888 222450816     0 838348800 788820864     0    76648448     0
23:49:31 281501888 222453760     0 838332416 788811712     0    76648448     0
23:49:36 281501888 222457344     0 838332416 788816320     0    76648448     0
23:49:41 281501888 222437984     0 838348800 788830592     0    76648448     0
23:49:46 281501888 222442912     0 838348800 788832192     0    76648448     0
23:49:51 281501888 222445856     0 838332416 788824512     0    76648448     0
23:49:56 281501888 222460832     0 838332416 788877248     0    76648448     0
23:50:01 281501888 222533184     0 838377472 788888704     0    76648448     0
23:50:06 281501888 222461792     0 838361088 788849024     0    76648448     0
23:50:11 281501888 222436736     0 838344704 788845824     0    76648448     0
23:50:16 281501888 222442112     0 838344704 788845824     0    76648448     0
23:50:21 281501888 222448384     0 838361088 788858112     0    76648448     0
23:50:26 281501888 222451968     0 838361088 788865728     0    76648448     0
23:50:31 281501888 222454912     0 838344704 788855552     0    76648448     0
23:50:36 281501888 222470192     0 838344704 788912704     0    76648448     0
23:50:41 281530560 223051984     0 840986624 791788800     0    76648448     0
23:50:46 325787840 314911744     0 858861568 818026560     0    76648448     0
23:50:51 341205184 326528544     0 863019008 822241408     0    76648448     0
23:50:56 341237952 326559712     0 863019008 822250752     0    76648448     0
23:51:01 341246144 326566304     0 863002624 822238208     0    76648448     0
23:51:06 341250240 326574496     0 863002624 822238464     0    76648448     0
23:51:11 341266624 326455616     0 863137792 822234816     0    76648448     0
23:51:16 341266624 326460544     0 863137792 822234816     0    76648448     0
23:51:21 341266624 326478400     0 863154176 822303744     0    76648448     0
23:51:26 341266624 326547584     0 863170560 822291072     0    76648448     0
23:51:31 341266624 326473344     0 863137792 822238336     0    76648448     0
23:51:36 341266624 326477280     0 863137792 822246272     0    76648448     0
23:51:41 341270720 326456800     0 863154176 822254208     0    76648448     0
23:51:46 341270720 326462304     0 863285248 822258304     0    76648448     0
23:51:51 341274816 326466912     0 863399936 822248896     0    76648448     0
23:51:56 341274816 326471680     0 863399936 822385600     0    76648448     0
23:52:01 341274816 326489568     0 863453184 822454080     0    76648448     0
23:52:06 341274816 326488448     0 863453184 822431744     0    76648448     0
23:52:11 341278912 326457920     0 863481856 822453056     0    76648448     0
23:52:16 341278912 326464448     0 863481856 822453056     0    76648448     0
23:52:21 341287104 326472576     0 863498240 822465856     0    76648448     0
23:52:26 341287104 326476096     0 863498240 822464640     0    76648448     0
23:52:31 341295296 326491424     0 863481856 822458560     0    76648448     0
23:52:36 341295296 326495008     0 863481856 822458560     0    76648448     0
23:52:41 341295296 326486944     0 863514624 822543360     0    76648448     0
23:52:46 341295296 326592096     0 863539200 822564224     0    76648448     0
23:52:51 341295296 326483648     0 863539200 822487872     0    76648448     0
23:52:56 341299392 326488480     0 863539200 822486272     0    76648448     0
23:53:01 341303488 326495232     0 863555584 822499648     0    76648448     0
23:53:06 341303488 326501152     0 863555584 822497664     0    76648448     0
23:53:11 341303488 326474848     0 863539200 822487872     0    76648448     0
23:53:16 341303488 326479840     0 863539200 822487808     0    76648448     0
23:53:21 341307584 326487680     0 863555584 822501184     0    76648448     0
23:53:26 341307584 326489856     0 863555584 822556352     0    76648448     0
23:53:31 341307584 326493952     0 863539200 822490880     0    76648448     0
23:53:36 341307584 326497792     0 863539200 822501056     0    76648448     0
23:53:41 341307584 326476768     0 863555584 822515648     0    76648448     0
23:53:46 341307584 326482976     0 863547392 822511360     0    76648448     0
23:53:51 341307584 326486400     0 863539200 822503872     0    76648448     0
23:53:56 341307584 326492800     0 863555584 822517248     0    76648448     0
23:54:01 341307584 326496672     0 863555584 822518272     0    76648448     0
23:54:06 341307584 326518560     0 863539200 822557120     0    76648448     0
23:54:11 341307584 326553728     0 863571968 822562176     0    76648448     0
23:54:16 341307584 326484736     0 863571968 822534656     0    76648448     0
23:54:21 341307584 326488320     0 863571968 822536128     0    76648448     0
23:54:26 341307584 326491520     0 863555584 822530048     0    76648448     0
23:54:31 341311680 326495744     0 863555584 822534144     0    76648448     0
23:54:36 341311680 326502272     0 863571968 822545920     0    76648448     0
23:54:41 341311680 326480480     0 863719424 822562304     0    76648448     0
23:54:46 341311680 326496512     0 863703040 822602752     0    76648448     0
23:54:51 341311680 326601120     0 863727616 822623616     0    76648448     0
23:54:56 341315776 326496576     0 863719424 822562304     0    76648448     0
23:55:01 341319872 326500672     0 863719424 822562304     0    76648448     0
23:55:06 341319872 326505504     0 863703040 822551552     0    76648448     0
23:55:11 341319872 326480384     0 863703040 822556032     0    76648448     0
23:55:16 341319872 326489152     0 863719424 822569856     0    76648448     0
23:55:21 341319872 326492736     0 863719424 822570240     0    76648448     0
23:55:26 341319872 326495680     0 863703040 822562560     0    76648448     0
23:55:31 341319872 326537760     0 863735808 822608640     0    76648448     0
23:55:36 341319872 326505696     0 863748096 822572736     0    76648448     0
23:55:41 341319872 326482240     0 863748096 822574336     0    76648448     0
23:55:46 341319872 326487360     0 863731712 822560960     0    76648448     0
23:55:51 341319872 326491072     0 863731712 822560960     0    76648448     0
23:55:56 341319872 326497888     0 863748096 822574336     0    76648448     0
23:56:01 341319872 326501472     0 863748096 822578432     0    76648448     0
23:56:06 341319872 326503584     0 863731712 822566656     0    76648448     0
23:56:11 341319872 326491776     0 863731712 822618880     0    76648448     0
23:56:16 341319872 326565184     0 863764480 822623488     0    76648448     0
23:56:21 341319872 326492480     0 863748096 822580928     0    76648448     0
23:56:26 341319872 326495424     0 863731712 822570752     0    76648448     0
23:56:31 341319872 326499264     0 863731712 822572800     0    76648448     0
23:56:36 341319872 326505536     0 863748096 822584000     0    76648448     0
23:56:41 341319872 326482272     0 863748096 822586624     0    76648448     0
23:56:46 341319872 326487840     0 863731712 822579968     0    76648448     0
23:56:51 341319872 326502816     0 863731712 822632192     0    76648448     0
23:56:56 341319872 326609184     0 863772672 822665728     0    76648448     0
23:57:01 341319872 326501280     0 863748096 822591744     0    76648448     0
23:57:06 341319872 326506848     0 863731712 822577984     0    76648448     0
23:57:11 341319872 326481632     0 863731712 822584064     0    76648448     0
23:57:16 341319872 326489472     0 863748096 822597888     0    76648448     0
23:57:21 341319872 326493056     0 863748096 822597888     0    76648448     0
23:57:26 341319872 326496256     0 863731712 822584512     0    76648448     0
23:57:31 341319872 326511232     0 863731712 822636736     0    76648448     0
23:57:36 341319872 326617696     0 863772672 822673472     0    76648448     0
23:57:41 341319872 326481888     0 863748096 822601984     0    76648448     0
23:57:46 341319872 326486976     0 863731712 822590208     0    76648448     0
23:57:52 341319872 326491488     0 863731712 822590208     0    76648448     0
23:57:57 341319872 326497760     0 863748096 822601984     0    76648448     0
23:58:02 341319872 326501600     0 863748096 822601984     0    76648448     0
23:58:07 341319872 326504768     0 863731712 822725248     0    76648448     0
23:58:12 341319872 326481184     0 863731712 822725632     0    76648448     0
23:58:17 341319872 326501312     0 863748096 822791680     0    76648448     0
23:58:22 341319872 326570432     0 863764480 822780416     0    76648448     0
23:58:27 341319872 326496224     0 863731712 822731776     0    76648448     0
23:58:32 341319872 326500576     0 863731712 822734912     0    76648448     0
23:58:37 341319872 326506464     0 863748096 822744000     0    76648448     0
23:58:42 341319872 326484352     0 863748096 822749952     0    76648448     0
23:58:47 341319872 326488864     0 863731712 822739200     0    76648448     0
23:58:52 341319872 326492448     0 863731712 822743296     0    76648448     0
23:58:57 341319872 326510848     0 863817728 822809088     0    76648448     0
23:59:02 341319872 326520672     0 863817728 822765824     0    76648448     0
23:59:07 341319872 326504992     0 863801344 822742912     0    76648448     0
23:59:12 341319872 326479648     0 863870976 822723968     0    76648448     0
23:59:17 341319872 326487936     0 863887360 822739392     0    76648448     0
23:59:22 341319872 326492448     0 863887360 822737792     0    76648448     0
23:59:27 341319872 326495392     0 863870976 822727616     0    76648448     0
23:59:32 341319872 326499232     0 863870976 822728064     0    76648448     0
23:59:37 341319872 326517024     0 863887360 822793664     0    76648448     0
23:59:42 341319872 326593408     0 863911936 822812928     0    76648448     0
23:59:47 341319872 326487296     0 863870976 822734464     0    76648448     0
23:59:52 341319872 326490528     0 863870976 822733760     0    76648448     0
23:59:57 341319872 326497056     0 863887360 822745536     0    76648448     0
00:00:02 341319872 326500640     0 863887360 822749632     0    76648448     0
00:00:07 341319872 326503008     0 863870976 822735872     0    76648448     0
00:00:12 341319872 326481152     0 863870976 822737856     0    76648448     0
00:00:17 341319872 326488992     0 863887360 822749632     0    76648448     0
00:00:22 341319872 326491104     0 863887360 822802688     0    76648448     0
00:00:27 341319872 326495520     0 863870976 822737856     0    76648448     0
00:00:32 341319872 326499584     0 863870976 822740160     0    76648448     0
00:00:37 341319872 326505920     0 863887360 822753728     0    76648448     0
00:00:42 341319872 326482432     0 863887360 822753728     0    76648448     0
00:00:47 341319872 326486944     0 863870976 822748096     0    76648448     0
00:00:52 341319872 326491456     0 863870976 822748096     0    76648448     0
00:00:57 341319872 326498464     0 863887360 822759872     0    76648448     0
00:01:02 341319872 326513888     0 863887360 822814016     0    76648448     0
00:01:07 341319872 326583200     0 863887360 822788480     0    76648448     0
00:01:12 341319872 326480192     0 863870976 822749120     0    76648448     0
00:01:17 341323968 326500928     0 863887360 822769088     0    76648448     0
00:01:22 341323968 326504512     0 863887360 822769088     0    76648448     0
00:01:27 341323968 326507712     0 863870976 822759360     0    76648448     0
00:01:32 341323968 326511424     0 863870976 822761856     0    76648448     0
00:01:37 341323968 326517856     0 863887360 822779328     0    76648448     0
00:01:42 341323968 326506784     0 863887360 822831552     0    76648448     0
00:01:47 341323968 326610656     0 863895552 822839040     0    76648448     0
00:01:52 341323968 326503232     0 863870976 822765952     0    76648448     0
00:01:57 341323968 326509760     0 863887360 822777728     0    76648448     0
00:02:02 341323968 326513344     0 863887360 822779328     0    76648448     0
00:02:07 341323968 326515968     0 863870976 822767168     0    76648448     0
00:02:12 341323968 326495616     0 863887360 822779328     0    76648448     0
00:02:17 341323968 326500768     0 863887360 822777728     0    76648448     0
00:02:22 341323968 326504672     0 863870976 822775744     0    76648448     0
00:02:27 341323968 326503296     0 863870976 822810624     0    76648448     0
00:02:32 341323968 326515008     0 863887360 822787520     0    76648448     0
00:02:37 341323968 326518592     0 863887360 822787520     0    76648448     0
00:02:42 341328064 326495584     0 863870976 822780096     0    76648448     0
00:02:47 341328064 326501792     0 863870976 822780096     0    76648448     0
00:02:52 341328064 326508064     0 863887360 822790272     0    76648448     0
00:02:57 341328064 326511904     0 863887360 822795968     0    76648448     0
00:03:02 341328064 326514848     0 863870976 822784192     0    76648448     0
00:03:07 341328064 326533056     0 863870976 822848768     0    76648448     0
00:03:12 341328064 326574272     0 863903744 822841024     0    76648448     0
00:03:17 341328064 326502688     0 863887360 822802112     0    76648448     0
00:03:22 341328064 326505888     0 863870976 822794432     0    76648448     0
00:03:27 341332160 326510240     0 863870976 822794432     0    76648448     0
00:03:32 341332160 326516672     0 863887360 822806208     0    76648448     0
00:03:37 341332160 326520512     0 863887360 822806208     0    76648448     0
00:03:42 341332160 326496160     0 863870976 822794432     0    76648448     0
00:03:47 341332160 326512704     0 863870976 822846656     0    76648448     0
00:03:52 341332160 326545088     0 863899648 822851008     0    76648448     0
00:03:57 341332160 326511840     0 863887360 822806208     0    76648448     0
00:04:02 341332160 326513248     0 863870976 822890880     0    76648448     0
00:04:07 341332160 326497888     0 863870976 822888256     0    76648448     0
00:04:12 341332160 326504768     0 863887360 822902912     0    76648448     0
00:04:17 341332160 326510080     0 863887360 823035840     0    76648448     0
00:04:22 341332160 326513184     0 863870976 823024064     0    76648448     0
00:04:27 341332160 326528544     0 863870976 823076352     0    76648448     0
00:04:32 341332160 326632512     0 863911936 823115264     0    76648448     0
00:04:37 341332160 326501184     0 863887360 823041984     0    76648448     0
00:04:42 341332160 326505056     0 863870976 823030208     0    76648448     0
00:04:47 341336256 326520096     0 863870976 823036800     0    76648448     0
00:04:52 341336256 326526688     0 863887360 823050176     0    76648448     0
00:04:57 341336256 326530272     0 863887360 823050176     0    76648448     0
00:05:02 341336256 326528672     0 863870976 822946432     0    76648448     0
00:05:07 341336256 326518176     0 863870976 822986048     0    76648448     0
00:05:12 341336256 326550816     0 863899648 823026560     0    76648448     0
00:05:17 341336256 326520448     0 863887360 822966208     0    76648448     0
00:05:22 341336256 326523520     0 863870976 822952832     0    76648448     0
00:05:27 341336256 326527200     0 863870976 822954432     0    76648448     0
00:05:32 341336256 326503104     0 863887360 822966208     0    76648448     0
00:05:37 341336256 326511616     0 863887360 822970304     0    76648448     0
00:05:42 341336256 326514560     0 863870976 822958528     0    76648448     0
00:05:47 341340352 326519712     0 863870976 822958528     0    76648448     0
00:05:52 341340352 326537344     0 863887360 823022592     0    76648448     0
00:05:57 341340352 326607360     0 863903744 823011264     0    76648448     0
00:06:02 341340352 326502464     0 863875072 822961024     0    76648448     0
00:06:07 341344448 326510528     0 863875072 822966336     0    76648448     0
00:06:13 341344448 326518272     0 863891456 822978496     0    76648448     0
00:06:18 341344448 326522016     0 863891456 822976896     0    76648448     0
00:06:23 341344448 326525344     0 863875072 822970816     0    76648448     0
00:06:28 341344448 326528928     0 863875072 822970816     0    76648448     0
00:06:33 341344448 326518208     0 863891456 823034880     0    76648448     0
00:06:38 341344448 326521952     0 863891456 822997248     0    76648448     0
00:06:43 341344448 326516960     0 863875072 822970816     0    76648448     0
00:06:48 341344448 326520800     0 863875072 822970816     0    76648448     0
00:06:53 341344448 326527072     0 863891456 822982592     0    76648448     0
00:06:58 341344448 326530656     0 863891456 822982592     0    76648448     0
00:07:03 341344448 326502976     0 863875072 822970816     0    76648448     0
00:07:08 341344448 326511488     0 863875072 822974912     0    76648448     0
00:07:13 341344448 326529152     0 863891456 823043072     0    76648448     0
00:07:18 341344448 326633696     0 863916032 823067264     0    76648448     0
00:07:23 341344448 326525248     0 863875072 822981504     0    76648448     0
00:07:28 341344448 326528832     0 863875072 822983104     0    76648448     0
00:07:33 341344448 326504864     0 863891456 822994880     0    76648448     0
00:07:38 341344448 326513376     0 863891456 822996928     0    76648448     0
00:07:43 341344448 326517248     0 863875072 822985152     0    76648448     0
00:07:48 341344448 326520832     0 863875072 822987200     0    76648448     0
00:07:53 341344448 326527360     0 863891456 822998976     0    76648448     0
00:07:58 341344448 326511616     0 863854592 822996352     0    76648448     0
00:08:03 341344448 326503328     0 864002048 822991296     0    76648448     0
00:08:08 341344448 326512192     0 864002048 822993408     0    76648448     0
00:08:13 341344448 326519392     0 864018432 823005568     0    76648448     0
00:08:18 341344448 326523360     0 864018432 823007168     0    76648448     0
00:08:23 341344448 326526304     0 864002048 822995392     0    76648448     0
00:08:28 341344448 326529888     0 864002048 822995392     0    76648448     0
00:08:33 341344448 326505312     0 864141312 823007168     0    76648448     0
00:08:38 341344448 326525216     0 864141312 823059456     0    76648448     0
00:08:43 341344448 326595008     0 864141312 823037248     0    76648448     0
00:08:48 341344448 326521344     0 864124928 823001792     0    76648448     0
00:08:53 341344448 326527296     0 864141312 823011264     0    76648448     0
00:08:58 341344448 326531136     0 864141312 823011264     0    76648448     0
00:09:03 341344448 326503968     0 864124928 823003904     0    76648448     0
00:09:08 341344448 326512544     0 864124928 823012096     0    76648448     0
00:09:13 341344448 326519872     0 864141312 823023872     0    76648448     0
00:09:18 341344448 326535008     0 864141312 823076096     0    76648448     0
00:09:23 341344448 326629664     0 864149504 823083264     0    76648448     0
00:09:28 341344448 326530144     0 864124928 823012096     0    76648448     0
00:09:33 341344448 326506144     0 864141312 823022272     0    76648448     0
00:09:38 341344448 326515584     0 864141312 823026368     0    76648448     0
00:09:43 341344448 326518528     0 864124928 823016192     0    76648448     0
00:09:48 341344448 326522368     0 864124928 823016192     0    76648448     0
00:09:53 341344448 326528640     0 864141312 823026368     0    76648448     0
00:09:58 341344448 326532224     0 864141312 823027968     0    76648448     0
00:10:03 341344448 326561088     0 864141312 823085056     0    76648448     0
00:10:08 341344448 326512512     0 864124928 823019904     0    76648448     0
00:10:13 341344448 326520448     0 864141312 823030464     0    76648448     0
00:10:18 341344448 326524032     0 864141312 823032064     0    76648448     0
00:10:23 341344448 326527072     0 864256000 823024384     0    76648448     0
00:10:28 341344448 326533920     0 864530432 823164544     0    76648448     0
00:10:33 341344448 326506976     0 864534528 823167488     0    76648448     0
00:10:38 341344448 326514944     0 864649216 823155712     0    76648448     0
00:10:43 341344448 326531040     0 864649216 823210880     0    76648448     0
00:10:48 341344448 326602176     0 864681984 823208896     0    76648448     0
00:10:53 341344448 326529312     0 864665600 823169536     0    76648448     0
00:10:58 341344448 326532544     0 864649216 823161856     0    76648448     0
00:11:03 341344448 326505824     0 864665600 823182336     0    76648448     0
00:11:08 341344448 326516992     0 864681984 823194112     0    76648448     0
00:11:13 341344448 326522304     0 864681984 823325696     0    76648448     0
00:11:18 341344448 326525504     0 864665600 823313920     0    76648448     0
00:11:23 341344448 326540480     0 864665600 823366144     0    76648448     0
00:11:28 341344448 326573792     0 864686080 823356480     0    76648448     0
00:11:33 341344448 326507968     0 864681984 823342080     0    76648448     0
00:11:38 341344448 326516064     0 864665600 823334400     0    76648448     0
00:11:43 341344448 326520576     0 864665600 823334400     0    76648448     0
00:11:48 341344448 326526848     0 864681984 823346176     0    76648448     0
00:11:53 341344448 326530432     0 864681984 823344576     0    76648448     0
00:11:58 341344448 326533632     0 864665600 823340544     0    76648448     0
00:12:03 341344448 326520224     0 864694272 823392768     0    76648448     0
00:12:08 341344448 323385696     0 865447936 824149120     0    76648448     0
00:12:13 341344448 318651648     0 864862208 823490752     0    76648448     0
00:12:18 341344448 318672224     0 864854016 823507136     0    76648448     0
00:12:23 341344448 318078432     0 864792576 823510784     0    76648448     0
00:12:28 341344448 318084864     0 864808960 823522560     0    76648448     0
00:12:33 341344448 318032704     0 864808960 823524544     0    76648448     0
00:12:38 341344448 318040800     0 864792576 823512768     0    76648448     0
00:12:43 341344448 318046624     0 864796672 823515776     0    76648448     0
00:12:48 341348544 297111296     0 866144256 825032448     0    76648448     0
00:12:53 341348544 297179584     0 866291712 825016960     0    76648448     0
00:12:58 341348544 296592384     0 866263040 825074432     0    76648448     0
00:13:03 341348544 296533824     0 866336768 825081024     0    76648448     0
00:13:08 341348544 296543552     0 866484224 825092416     0    76648448     0
00:13:13 341348544 296547808     0 866615296 825092800     0    76648448     0
00:13:18 341348544 296550752     0 866598912 825081024     0    76648448     0
00:13:23 341348544 296554336     0 866598912 825081024     0    76648448     0
00:13:28 341348544 296572000     0 866615296 825143424     0    76648448     0
00:13:33 341348544 296646080     0 866643968 825169984     0    76648448     0
00:13:38 341348544 296545184     0 866603008 825216704     0    76648448     0
00:13:43 341348544 296548768     0 866603008 825216704     0    76648448     0
00:13:48 341348544 296555040     0 866619392 825228480     0    76648448     0
00:13:53 341348544 296558944     0 866619392 825230784     0    76648448     0
00:13:58 341348544 296561696     0 866603008 825216704     0    76648448     0
00:14:03 341348544 296534592     0 866603008 825233088     0    76648448     0
00:14:08 341348544 296548320     0 866619392 825255552     0    76648448     0
00:14:13 341348544 296561216     0 866619392 825297152     0    76648448     0
00:14:18 341348544 296596544     0 866607104 825262528     0    76648448     0
00:14:23 341348544 296556160     0 866603008 825233088     0    76648448     0
00:14:28 341348544 296562432     0 866619392 825244864     0    76648448     0
00:14:34 341348544 296536352     0 866635776 825261248     0    76648448     0
00:14:39 341348544 296544672     0 866619392 825249472     0    76648448     0
00:14:44 341348544 296548352     0 866619392 825247872     0    76648448     0
00:14:49 341348544 296554624     0 866635776 825261248     0    76648448     0
00:14:54 341348544 296558208     0 866635776 825261248     0    76648448     0
00:14:59 341348544 296572896     0 866619392 825302592     0    76648448     0
00:15:04 341348544 296611968     0 866635776 825290432     0    76648448     0
00:15:09 341348544 296546112     0 866635776 825260864     0    76648448     0
00:15:14 341348544 296550272     0 866635776 825261248     0    76648448     0
00:15:19 341348544 296553216     0 866619392 825249472     0    76648448     0
00:15:24 341348544 296558912     0 866635776 825266560     0    76648448     0
00:15:29 341348544 296565184     0 866652160 825276736     0    76648448     0
00:15:34 341348544 296541024     0 866652160 825278336     0    76648448     0
00:15:39 341348544 296558688     0 866635776 825318784     0    76648448     0
00:15:44 341348544 296661568     0 866660352 825339648     0    76648448     0
00:15:49 341348544 296556928     0 866652160 825278336     0    76648448     0
00:15:54 341348544 296560640     0 866652160 825278336     0    76648448     0
00:15:59 341348544 296564032     0 866643968 825278848     0    76648448     0
00:16:04 341348544 296538048     0 866643968 825283200     0    76648448     0
00:16:09 341348544 296549216     0 866660352 825294976     0    76648448     0
00:16:14 341348544 296552800     0 866660352 825297024     0    76648448     0
00:16:19 341348544 296555744     0 866643968 825285248     0    76648448     0
00:16:24 341348544 296570720     0 866643968 825337472     0    76648448     0
00:16:29 341348544 296576128     0 866660352 825309312     0    76648448     0
00:16:34 341348544 296539744     0 866807808 825444736     0    76648448     0
00:16:39 341348544 296548064     0 866791424 825431360     0    76648448     0
00:16:44 341348544 296551712     0 866791424 825432960     0    76648448     0
00:16:49 341348544 296557984     0 866807808 825443136     0    76648448     0
00:16:54 341348544 296562304     0 866807808 825444736     0    76648448     0
00:16:59 341348544 296565376     0 866791424 825437056     0    76648448     0
00:17:04 341348544 296541504     0 866791424 825437056     0    76648448     0
00:17:09 341348544 296563360     0 866807808 825507200     0    76648448     0
00:17:14 341348544 296630432     0 866824192 825488192     0    76648448     0
00:17:19 341348544 296556864     0 866791424 825439552     0    76648448     0
00:17:24 341348544 296560448     0 866791424 825441152     0    76648448     0
00:17:29 341348544 296567040     0 866807808 825455232     0    76648448     0
00:17:34 341348544 296540672     0 867004416 825452928     0    76648448     0
00:17:39 341348544 296548992     0 866988032 825441152     0    76648448     0
00:17:44 341348544 296552576     0 866988032 825441152     0    76648448     0
00:17:49 341348544 296570368     0 867004416 825505152     0    76648448     0
00:17:54 341348544 296673824     0 867028992 825524480     0    76648448     0
00:17:59 341348544 296565408     0 866988032 825439552     0    76648448     0
00:18:04 341348544 296539328     0 866988032 825441152     0    76648448     0
00:18:09 341348544 296550400     0 867004416 825452544     0    76648448     0
00:18:14 341348544 296554560     0 867004416 825452928     0    76648448     0
00:18:19 341348544 296557504     0 866988032 825439552     0    76648448     0
00:18:24 341348544 296561696     0 866988032 825439552     0    76648448     0
00:18:29 341348544 296567968     0 867004416 825452928     0    76648448     0
00:18:34 341348544 296555072     0 867004416 825503552     0    76648448     0
00:18:39 341348544 296626816     0 867004416 825482112     0    76648448     0
00:18:44 341348544 296553344     0 866988032 825441152     0    76648448     0
00:18:49 341348544 296559744     0 867004416 825451328     0    76648448     0
00:18:54 341348544 296562848     0 866988032 825441152     0    76648448     0
00:18:59 341348544 296566752     0 866988032 825441856     0    76648448     0
00:19:04 341348544 296545920     0 867004416 825455680     0    76648448     0
00:19:09 341348544 296551648     0 867004416 825457280     0    76648448     0
00:19:14 341348544 296554656     0 866988032 825443904     0    76648448     0
00:19:19 341348544 296619040     0 867004416 825516800     0    76648448     0
00:19:24 341348544 296564256     0 867004416 825457280     0    76648448     0
00:19:29 341348544 296567840     0 867004416 825457280     0    76648448     0
00:19:34 341348544 296543136     0 866988032 825443904     0    76648448     0
00:19:39 341348544 296549856     0 866988032 825443904     0    76648448     0
00:19:44 341348544 296556256     0 867004416 825457280     0    76648448     0
00:19:49 341348544 296560000     0 867004416 825455680     0    76648448     0
00:19:54 341348544 296563488     0 866988032 825443904     0    76648448     0
00:19:59 341348544 296578432     0 866988032 825496192     0    76648448     0
00:20:04 341348544 296656640     0 867028992 825530432     0    76648448     0
00:20:09 341348544 296551424     0 867004416 825455296     0    76648448     0
00:20:14 341348544 296554944     0 866988032 825443904     0    76648448     0
00:20:19 341348544 296558528     0 866988032 825449600     0    76648448     0
00:20:24 341348544 296564544     0 867004416 825461376     0    76648448     0
00:20:29 341348544 296568128     0 867004416 825461376     0    76648448     0
00:20:34 341348544 296544288     0 867086336 825452096     0    76648448     0
00:20:39 341348544 296550560     0 867086336 825452096     0    76648448     0
00:20:44 341348544 296568608     0 867102720 825517696     0    76648448     0
00:20:49 341348544 296637216     0 867119104 825508928     0    76648448     0
00:20:54 341348544 296564352     0 867086336 825456192     0    76648448     0
00:20:59 341348544 296568640     0 867086336 825460800     0    76648448     0
00:21:04 341348544 296549152     0 867106816 825472640     0    76648448     0
00:21:09 341348544 296555360     0 867106816 825472640     0    76648448     0
00:21:14 341348544 296558304     0 867090432 825460864     0    76648448     0
00:21:19 341348544 296562240     0 867090432 825464768     0    76648448     0
00:21:24 341348544 296568256     0 867147776 825472640     0    76648448     0
00:21:29 341348544 296616288     0 867155968 825529600     0    76648448     0
00:21:34 341348544 296546816     0 867131392 825460864     0    76648448     0
00:21:39 341348544 296553664     0 867131392 825462464     0    76648448     0
00:21:44 341348544 296560096     0 867147776 825472640     0    76648448     0
00:21:49 341348544 296563680     0 867147776 825472640     0    76648448     0
00:21:54 341348544 296566624     0 867131392 825462464     0    76648448     0
00:21:59 341348544 296570208     0 867131392 825462464     0    76648448     0
00:22:04 341352640 296552800     0 867147776 825476736     0    76648448     0
00:22:09 341352640 296571840     0 867147776 825536704     0    76648448     0
00:22:14 341352640 296672512     0 867155968 825539712     0    76648448     0
00:22:19 341352640 296565344     0 867131392 825466560     0    76648448     0
00:22:24 341352640 296571616     0 867147776 825478336     0    76648448     0
00:22:29 341352640 296575200     0 867147776 825478336     0    76648448     0
00:22:34 341352640 296550336     0 867131392 825466560     0    76648448     0
00:22:39 341352640 296557216     0 867131392 825464960     0    76648448     0
00:22:44 341352640 296564512     0 867278848 825609664     0    76648448     0
00:22:49 341352640 296568096     0 867278848 825609664     0    76648448     0
00:22:55 341352640 296583168     0 867262464 825651008     0    76648448     0
