 kthr      memory            page            disk          faults      cpu
 r b w   swap  free  re  mf pi po fr de sr s0 s1 s2 --   in   sy   cs us sy id
 0 0 0 9183944 6129204 121 2053 0 0 0 0  7  3 -0  0  0  709 1652  276 25  3 72
 0 0 0 9443816 6303896 151 2545 0 0 0 0  0  0  0  0  0  680 2100  263  0  4 96
 0 0 0 9443364 6303600 131 2157 0 0 0 0  0  0  0  0  0  584 1688  257  0  4 96
 0 0 0 9443328 6303572 129 2157 0 0 0 0  0  0  0  0  0  571 1672  262  0  4 96
 0 0 0 9443624 6303840 147 2161 0 0 0 0  0  0  0  0  0  585 1685  255  0  4 96
 0 0 0 9443364 6303604 129 2158 0 0 0 0  0  2  0  0  0  620 1676  301  0  4 96
 0 0 0 9443300 6303564 129 2156 0 0 0 0  0  0  0  0  0  575 1686  265  0  4 96
 0 0 0 9443532 6303728 134 2159 0 0 0 0  0  0  0  0  0  579 1684  283  0  4 96
 0 0 0 9443548 6303716 77 1179 0 0 0  0  0  0  0  0  0  509 1255  215  0  2 97
 0 0 0 9443600 6303724 52 980 0 0  0  0  0  0  0  0  0  518 1096  218  0  1 99
 0 0 0 9443512 6303684 146 2163 0 0 0 0  0  0  0  0  0  579 1681  257  0  4 96
 0 0 0 9443600 6303728 130 2158 0 0 0 0  0  2  0  0  0  607 1674  299  0  4 96
 0 0 0 9443512 6303684 129 2158 0 0 0 0  0  0  0  0  0  584 1685  264  0  4 96
 0 0 0 9443532 6303732 134 2159 0 0 0 0  0  0  0  0  0  582 1676  255  0  4 96
 0 0 0 9443576 6303700 129 2159 0 0 0 0  0  0  0  0  0  561 1681  258  0  4 96
 0 0 0 9443492 6303660 129 2156 0 0 0 0  0  0  0  0  0  578 1672  257  0  4 96
 0 0 0 9443548 6303996 147 2166 0 0 0 0  0  0  0  0  0  580 1777  301  0  4 96
 0 0 0 9443544 6303680 12 99 0  0  0  0  0  2  0  0  0  486  754  216  0  1 99
 kthr      memory            page            disk          faults      cpu
 r b w   swap  free  re  mf pi po fr de sr s0 s1 s2 --   in   sy   cs us sy id
 0 0 0 9443544 6303668 117 2063 0 0 0 0  0  0  0  0  0  582 1606  262  0  3 97
 0 0 0 9443368 6303536 134 2157 0 0 0 0  0  0  0  0  0  592 1679  282  0  4 96
 0 0 0 9443580 6303700 129 2159 0 0 0 0  0  0  0  0  0  576 1687  255  0  4 96
 0 0 0 9443484 6303608 129 2159 0 0 0 0  0  0  0  0  0  567 1675  262  0  4 96
 0 0 0 9443344 6303732 147 2163 0 0 0 0  0  0  0  0  0  577 1679  258  0  4 96
 0 0 0 9443368 6303544 129 2157 0 0 0 0  0  2  0  0  0  620 1674  295  0  4 96
 0 0 0 9443448 6303572 129 2158 0 0 0 0  0  0  0  0  0  572 1684  263  0  4 96
 0 0 0 9443404 6303652 82 1180 0 0 0  0  0  0  0  0  0  526 1268  219  0  3 97
 0 0 0 9443444 6303568 52 978 0 0  0  0  0  0  0  0  0  498 1080  214  0  1 99
 0 0 0 9443456 6303592 129 2160 0 0 0 0  0  0  0  0  0  592 1678  261  0  4 96
 0 0 0 9443448 6303644 146 2163 0 0 0 0  0  0  0  0  0  565 1681  254  0  4 96
 0 0 0 9443336 6303516 129 2159 0 0 0 0  0  2  0  0  0  648 1674  302  0  4 96
 0 0 0 9443380 6303544 129 2160 0 0 0 0  0  0  0  0  0  587 1687  266  0  4 96
 0 0 0 9443348 6303528 134 2158 0 0 0 0  0  0  0  0  0  609 1681  282  0  4 96
 0 0 0 9443380 6303556 129 2158 0 0 0 0  0  0  0  0  0  574 1681  252  0  4 96
 0 0 0 9443332 6303504 136 2163 0 0 0 0  0  0  0  0  0  594 1673  256  0  4 96
 0 0 0 9443420 6303764 17 99 0  0  0  0  0  0  0  0  0  460  770  173  0  1 99
 0 0 0 9443424 6303548 123 2061 0 0 0 0  0  2  0  0  0  602 1573  289  0  3 97
 0 0 0 9443344 6303516 129 2163 0 0 0 0  0  0  0  0  0  573 1685  261  0  4 96
 kthr      memory            page            disk          faults      cpu
 r b w   swap  free  re  mf pi po fr de sr s0 s1 s2 --   in   sy   cs us sy id
 0 0 0 9443328 6303520 134 2157 0 0 0 0  0  0  0  0  0  570 1671  258  0  4 96
 0 0 0 9443420 6303544 129 2162 0 0 0 0  0  0  0  0  0  569 1685  255  0  4 96
 0 0 0 9443376 6303544 128 2162 0 0 0 0  0  0  0  0  0  568 1671  254  0  4 96
 0 0 0 9443340 6303744 147 2168 0 0 0 0  0  0  0  0  0  576 1772  296  0  4 96
 0 0 0 9443376 6303500 129 2164 0 0 0 0  0  2  0  0  0  592 1675  298  0  4 96
 0 0 0 9443308 6303480 82 1182 0 0 0  0  0  0  0  0  0  523 1284  215  0  3 97
 0 0 0 9443260 6303384 52 981 0 0  0  0  0  0  0  0  0  525 1070  232  0  1 99
 0 0 0 9443340 6303516 129 2165 0 0 0 0  0  0  0  0  0  599 1684  262  0  4 96
 0 0 0 9443376 6303500 129 2163 0 0 0 0  0  0  0  0  0  590 1675  261  0  4 96
 0 0 0 9443324 6303584 147 2174 0 0 0 0  0  0  0  0  0  578 1682  253  0  4 96
 0 0 0 9443384 6303520 129 2163 0 0 0 0  0  2  0  0  0  658 1674  300  0  4 96
 0 0 0 9443380 6303504 129 2167 0 0 0 0  0  0  0  0  0  569 1686  262  0  4 96
 0 0 0 9443284 6303508 134 2168 0 0 0 0  0  0  0  0  0  573 1680  263  0  4 96
 0 0 0 9443376 6303500 129 2165 0 0 0 0  0  0  0  0  0  562 1685  256  0  4 96
 0 0 0 9443340 6303464 16 99 0  0  0  0  0  0  0  0  0  448  768  173  0  1 99
 0 0 0 9443304 6303440 130 2072 0 0 0 0  0  0  0  0  0  582 1576  251  0  3 97
 0 0 0 9443060 6303368 129 2166 0 0 0 0  0  3  0  0  0  612 1676  313  0  4 96
 0 0 0 9443320 6303444 129 2167 0 0 0 0  0  0  0  0  0  565 1688  257  0  4 96
 0 0 0 9442952 6303256 134 2169 0 0 0 0  0  0  0  0  0  596 1683  282  0  4 96
 kthr      memory            page            disk          faults      cpu
 r b w   swap  free  re  mf pi po fr de sr s0 s1 s2 --   in   sy   cs us sy id
 0 0 0 9443028 6303320 129 2173 0 0 0 0  0  0  0  0  0  581 1698  254  0  4 96
 0 0 0 9443320 6303444 129 2167 0 0 0 0  0  0  0  0  0  583 1677  267  0  4 96
 0 0 0 9443068 6303624 147 2175 0 0 0 0  0  0  0  0  0  570 1685  253  0  4 96
 0 0 0 9443028 6303316 77 1187 0 0 0  0  0  2  0  0  0  556 1277  254  0  3 97
 0 0 0 9443320 6303444 64 1177 0 0 0  0  0  0  0  0  0  532 1155  222  0  1 99
 0 0 0 9080788 5989208 365 51473 0 0 0 0 0  0  0  0  0 1016 11325 284 40 14 46
 0 0 0 8468552 5331828 129 2419 0 0 0 0  0  0  0  0  0  792 1739  236 50  4 46
 0 0 0 8464840 5328224 129 2281 0 0 0 0  0  0  0  0  0  810 1697  238 50  4 46
 0 0 0 8463808 5327292 147 2230 0 0 0 0  0  0  0  0  0  824 1797  283 50  4 46
 0 0 0 8463412 5326712 129 2176 0 0 0 0  0  3  0  0  0 1338 1693  298 50  4 46
 0 0 0 8463312 5326652 129 2171 0 0 0 0  0  0  0  0  0  825 1696  244 50  4 46
 0 0 0 8463208 5326872 134 2170 0 0 0 0  0  0  0  0  0  873 1693  263 50  4 46
 0 0 0 8463404 5326924 12 98 0  0  0  0  0  0  0  0  0  499  755  171 50  1 49
 0 0 0 8463368 5326948 117 2073 0 0 0 0  0  0  0  0  0  815 1614  238 50  3 47
 0 0 0 8463112 5326552 148 2205 0 0 0 0  0  0  0  0  0  808 1698  239 50  4 46
 0 0 0 8463076 5326268 129 2172 0 0 0 0  0  2  0  0  0  905 1687  282 50  4 46
 0 0 0 8463368 5326392 129 2168 0 0 0 0  0  0  0  0  0  829 1697  242 50  4 46
 0 0 0 8462480 5325980 134 2217 0 0 0 0  0  0  0  0  0  812 1688  240 50  4 46
 0 0 0 8461364 5324700 129 2209 0 0 0 0  0  0  0  0  0  834 1706  236 50  4 46
 kthr      memory            page            disk          faults      cpu
 r b w   swap  free  re  mf pi po fr de sr s0 s1 s2 --   in   sy   cs us sy id
 0 0 0 8461640 5324684 144 2178 0 0 0 0  0  0  0  0  0  814 1688  235 50  4 46
 0 0 0 8461384 5324640 26 369 0 0  0  0  0  0  0  0  0  522  898  177 50  2 48
 0 0 0 8461632 5324664 106 1804 0 0 0 0  0  2  0  0  0  833 1483  273 50  3 47
 0 0 0 8461336 5324532 129 2172 0 0 0 0  0  0  0  0  0  836 1693  247 50  4 46
 0 0 0 8461556 5324604 134 2171 0 0 0 0  0  0  0  0  0  871 1690  261 50  4 46
 0 0 0 8461636 5324664 129 2173 0 0 0 0  0  0  0  0  0  822 1705  239 50  4 46
 0 0 0 8461564 5324708 129 2172 0 0 0 0  0  0  0  0  0  822 1684  243 50  4 46
 0 0 0 8461544 5324836 147 2180 0 0 0 0  0  0  0  0  0  827 1700  235 50  4 46
 0 0 0 8461636 5324660 129 2170 0 0 0 0  0  3  0  0  0  944 1689  283 50  4 46
 0 0 0 8461520 5324632 82 1189 0 0 0  0  0  0  0  0  0  667 1278  206 50  3 47
 0 0 0 8461632 5324656 53 985 0 0  0  0  0  0  0  0  0  638 1089  201 50  1 49
 0 0 0 8460532 5324192 129 2209 0 0 0 0  0  0  0  0  0  827 1697  234 50  4 46
 0 0 0 8460052 5324004 129 2171 0 0 0 0  0  0  0  0  0  824 1688  237 50  4 46
 0 0 0 8459784 5323956 148 2182 0 0 0 0  0  0  0  0  0  827 1788  278 50  4 46
 0 0 0 8459684 5323744 129 2169 0 0 0 0  0  3  0  0  0 1267 1683  292 50  4 46
 0 0 0 8459976 5323868 129 2174 0 0 0 0  0  0  0  0  0  803 1697  240 50  4 46
 0 0 0 8459584 5323696 135 2174 0 0 0 0  0  0  0  0  0  863 1691  262 50  4 46
 0 0 0 8459684 5323740 118 1983 0 0 0 0  0  0  0  0  0  786 1625  225 50  4 46
 0 0 0 8459976 5323928 11 187 0 0  0  0  0  0  0  0  0  519  746  172 50  0 50
 kthr      memory            page            disk          faults      cpu
 r b w   swap  free  re  mf pi po fr de sr s0 s1 s2 --   in   sy   cs us sy id
 0 0 0 8463816 5327688 158 2708 0 0 0 0  0  0  0  0  0  832 1914  233 50  4 46
 0 0 0 8474780 5338712 129 2400 0 0 0 0  0  2  0  0  0  966 1718  295 50  4 46
 0 0 0 8471160 5335092 129 2295 0 0 0 0  0  0  0  0  0  841 1705  256 50  4 46
 0 0 0 8469932 5333740 134 2241 0 0 0 0  0  0  0  0  0  843 1688  250 50  4 46
 0 0 0 8469280 5333216 129 2172 0 0 0 0  0  0  0  0  0  831 1690  242 50  4 46
 0 0 0 8469236 5483592 142 6647 0 0 0 0  0  0  0  0  0  936 1718  246 46  8 46
 0 0 0 9243932 6107360 131 2558 0 0 0 0  0  0  0  0  0  768 1703  236 50  4 46
 0 0 0 9243924 6107304 12 99 0  0  0  0  0  2  0  0  0  562  779  214 50  1 49
 0 0 0 9243612 6107032 117 2145 0 0 0 0  0  0  0  0  0  769 1593  238 50  3 47
 0 0 0 9242244 6105828 134 2171 0 0 0 0  0  0  0  0  0  824 1692  256 50  4 46
 0 0 0 9242212 6105892 129 2171 0 0 0 0  0  0  0  0  0  829 1707  238 50  4 46
 0 0 0 9242352 6105988 129 2175 0 0 0 0  0  0  0  0  0  826 1687  234 50  4 46
 0 0 0 9240632 6103808 147 2290 0 0 0 0  0  0  0  0  0  759 1697  238 50  4 46
 0 0 0 9240636 6103644 129 2172 0 0 0 0  0  2  0  0  0  924 1689  280 50  4 46
 0 0 0 9240780 6103680 132 2172 0 0 0 0  0  0  0  0  0  794 1697  239 50  4 46
 0 0 0 9240724 6103712 79 1188 0 0 0  0  0  0  0  0  0  646 1263  208 50  2 47
 0 0 0 9240752 6103652 53 986 0 0  0  0  0  0  0  0  0  620 1110  196 50  2 48
 0 0 0 9240460 6103588 129 2172 0 0 0 0  0  0  0  0  0  818 1689  237 50  4 46
 0 0 0 9240756 6103724 147 2180 0 0 0 0  0  0  0  0  0  817 1791  282 50  4 46
 kthr      memory            page            disk          faults      cpu
 r b w   swap  free  re  mf pi po fr de sr s0 s1 s2 --   in   sy   cs us sy id
 0 0 0 9240496 6103556 129 2170 0 0 0 0  0  2  0  0  0 1279 1691  276 50  4 46
 0 0 0 9240456 6103532 129 2175 0 0 0 0  0  0  0  0  0  808 1703  238 50  4 46
 0 0 0 9240596 6103556 134 2173 0 0 0 0  0  0  0  0  0  854 1690  262 50  4 46
 0 0 0 9241132 6104196 134 7044 0 0 0 0  0  0  0  0  0  842 1733  249 49  5 46
 0 0 0 9243860 6106812 95 1195 0 0 0  0  0  0  0  0  0  680 1286  220 50  3 47
 0 0 0 9243904 6106796 53 985 0 0  0  0  0  0  0  0  0  666 1081  200 50  1 49
 0 0 0 9244400 6107380 140 3322 0 0 0 0  0  4  0  0  0 1135 1926  320 50  4 46
 0 0 0 9235328 6098284 129 2549 0 0 0 0  0  0  0  0  0  856 1705  254 50  4 46
 0 0 0 9231252 6094232 134 2261 0 0 0 0  0  0  0  0  0  844 1696  245 50  4 46
 0 0 0 9224468 6087436 129 2546 0 0 0 0  0  0  0  0  0  854 1705  254 50  4 46
 0 0 0 9220492 6083480 129 2634 0 0 0 0  0  0  0  0  0  858 1700  252 50  4 46
 0 0 0 9213608 6076932 148 2182 0 0 0 0  0  0  0  0  0  834 1695  243 50  4 46
 0 0 0 9212072 6075160 129 2260 0 0 0 0  0  2  0  0  0  949 1685  299 50  4 46
 0 0 0 9207212 6070132 17 549 0 0  0  0  0  0  0  0  0  512  751  182 50  1 50
 0 0 0 9202828 6065736 117 2074 0 0 0 0  0  0  0  0  0  854 1617  263 50  3 47
 0 0 0 9200844 6063912 129 2263 0 0 0 0  0  0  0  0  0  857 1714  250 50  4 46
 0 0 0 9198032 6061180 129 2406 0 0 0 0  0  0  0  0  0  837 1682  244 50  4 46
 0 0 0 9196444 6059504 148 2182 0 0 0 0  0  0  0  0  0  845 1688  248 50  4 46
 0 0 0 9195408 6058480 129 2235 0 0 0 0  0  2  0  0  0  984 1685  298 50  4 46
 kthr      memory            page            disk          faults      cpu
 r b w   swap  free  re  mf pi po fr de sr s0 s1 s2 --   in   sy   cs us sy id
 0 0 0 9194856 6057936 129 2172 0 0 0 0  0  0  0  0  0  852 1686  253 50  4 46
 0 0 0 9194504 6057456 132 2206 0 0 0 0  0  0  0  0  0  834 1685  246 50  4 46
 0 0 0 9194468 6057376 12 99 0  0  0  0  0  0  0  0  0  512  772  173 50  1 49
 0 0 0 9194472 6057448 117 2073 0 0 0 0  0  0  0  0  0  843 1578  251 50  3 47
 0 0 0 9194436 6057408 147 2178 0 0 0 0  0  0  0  0  0  837 1785  291 50  4 46
 0 0 0 9194152 6057232 129 2174 0 0 0 0  0  4  0  0  0 1442 1693  335 50  4 46
 0 0 0 9194468 6057396 130 2241 0 0 0 0  0  0  0  0  0  880 1728  258 50  4 46
 0 0 0 9193204 6056328 135 2252 0 0 0 0  0  0  0  0  0  880 1687  266 50  4 46
 0 0 0 9192612 6055704 129 2168 0 0 0 0  0  0  0  0  0  876 1686  256 50  4 46
 0 0 0 9192904 6055828 147 2183 0 0 0 0  0  0  0  0  0  844 1677  254 50  4 46
 0 0 0 9192644 6055736 31 430 0 0  0  0  0  0  0  0  0  554  917  184 50  2 49
 0 0 0 9192900 6055824 98 1745 0 0 0  0  0  2  0  0  0  933 1434  280 50  3 47
 0 0 0 9192584 6055696 129 2170 0 0 0 0  0  0  0  0  0  846 1689  250 50  4 46
 0 0 0 9192804 6055800 134 2174 0 0 0 0  0  0  0  0  0  862 1678  252 50  4 46
 0 0 0 9192872 6055796 129 2171 0 0 0 0  0  0  0  0  0  855 1694  246 50  4 46
 0 0 0 9192752 6055836 129 2172 0 0 0 0  0  0  0  0  0  853 1675  258 50  4 46
 0 0 0 9192580 6055884 147 2180 0 0 0 0  0  0  0  0  0  860 1684  252 50  4 46
 0 0 0 9192772 6055692 129 2172 0 0 0 0  0  2  0  0  0  968 1687  283 50  4 46
 0 0 0 9192488 6055572 79 1187 0 0 0  0  0  0  0  0  0  691 1228  213 50  2 48
 kthr      memory            page            disk          faults      cpu
 r b w   swap  free  re  mf pi po fr de sr s0 s1 s2 --   in   sy   cs us sy id
 0 0 0 9192628 6055548 53 985 0 0  0  0  0  0  0  0  0  682 1130  224 50  2 48
 0 0 0 8790396 5687864 134 45503 0 0 0 0 0  0  0  0  0  890 1745  257 44 10 46
 0 0 0 8424636 5288112 129 2170 0 0 0 0  0  0  0  0  0  849 1670  249 50  4 46
 0 0 0 8424380 5288072 147 2179 0 0 0 0  0  0  0  0  0  863 1685  253 50  4 46
 0 0 0 8424320 5287904 129 2173 0 0 0 0  0  2  0  0  0  979 1685  295 50  4 46
 0 0 0 8424608 5288032 129 2174 0 0 0 0  0  0  0  0  0  847 1684  250 50  4 46
 0 0 0 8424352 5287980 134 2170 0 0 0 0  0  0  0  0  0  862 1679  252 50  4 46
 0 0 0 8424308 5287884 85 1356 0 0 0  0  0  0  0  0  0  718 1360  220 50  3 47
 0 0 0 8424608 5288088 44 817 0 0  0  0  0  0  0  0  0  647  988  207 50  1 49
 0 0 0 8424608 5288016 147 2180 0 0 0 0  0  0  0  0  0  855 1777  291 50  4 46
 0 0 0 8424352 5287920 129 2170 0 0 0 0  0  2  0  0  0 1284 1672  293 50  4 46
 0 0 0 8424308 5287892 129 2174 0 0 0 0  0  0  0  0  0  854 1691  252 50  4 46
 0 0 0 8424456 5287892 134 2173 0 0 0 0  0  0  0  0  0  884 1690  257 50  4 46
 0 0 0 8424608 5288004 129 2171 0 0 0 0  0  0  0  0  0  852 1694  243 50  4 46
 0 0 0 8423564 5287124 148 2249 0 0 0 0  0  0  0  0  0  840 1680  248 50  4 46
 0 0 0 8422940 5286596 130 2171 0 0 0 0  0  0  0  0  0  835 1693  237 50  4 46
 0 0 0 8423012 5286624 12 99 0  0  0  0  0  2  0  0  0  649  761  217 50  1 49
 0 0 0 8423008 5286632 117 2074 0 0 0 0  0  0  0  0  0  853 1593  257 50  3 47
 0 0 0 8423008 5286624 134 2171 0 0 0 0  0  0  0  0  0  841 1684  245 50  4 46
 kthr      memory            page            disk          faults      cpu
 r b w   swap  free  re  mf pi po fr de sr s0 s1 s2 --   in   sy   cs us sy id
 0 0 0 8422912 5286560 129 2171 0 0 0 0  0  0  0  0  0  834 1694  242 50  4 46
 0 0 0 8423004 5286676 129 2174 0 0 0 0  0  0  0  0  0  846 1676  249 50  4 46
 0 0 0 8422900 5286708 147 2179 0 0 0 0  0  0  0  0  0  832 1689  239 50  4 46
 0 0 0 8422576 5286340 129 2171 0 0 0 0  0  3  0  0  0 1012 1690  296 50  4 46
 0 0 0 8422872 5286472 134 2172 0 0 0 0  0  0  0  0  0  822 1693  241 50  4 46
 0 0 0 8422444 5286204 77 1188 0 0 0  0  0  0  0  0  0  713 1243  227 50  2 48
 0 0 0 8422876 5286476 53 985 0 0  0  0  0  0  0  0  0  674 1125  207 50  2 48
 0 0 0 8422448 5286288 129 2173 0 0 0 0  0  0  0  0  0  840 1676  248 50  4 46
 0 0 0 8421788 5285584 147 2246 0 0 0 0  0  0  0  0  0  848 1686  247 50  4 46
 0 0 0 8420908 5284856 129 2175 0 0 0 0  0  2  0  0  0 1008 1686  282 50  4 47
 0 0 0 8420868 5284840 129 2172 0 0 0 0  0  0  0  0  0  853 1684  263 50  4 46
 0 0 0 8421160 5285008 135 2176 0 0 0 0  0  0  0  0  0  867 1679  252 50  4 46
 0 0 0 8420908 5284852 129 2174 0 0 0 0  0  0  0  0  0  858 1689  251 50  4 46
 0 0 0 8420868 5284820 120 1678 0 0 0 0  0  0  0  0  0  772 1473  229 50  3 46
 0 0 0 8421164 5284948 27 504 0 0  0  0  0  0  0  0  0  589  973  233 50  0 50
 0 0 0 8421156 5284940 129 2174 0 0 0 0  0  2  0  0  0 1445 1673  297 50  4 46
 0 0 0 8420896 5284860 129 2177 0 0 0 0  0  0  0  0  0  859 1690  257 50  4 46
 0 0 0 8420780 5284752 134 2177 0 0 0 0  0  0  0  0  0  893 1685  262 50  4 46
 0 0 0 8421176 5284964 129 2176 0 0 0 0  0  0  0  0  0  848 1687  255 50  4 46
 kthr      memory            page            disk          faults      cpu
 r b w   swap  free  re  mf pi po fr de sr s0 s1 s2 --   in   sy   cs us sy id
 0 0 0 8421148 5284948 143 2185 0 0 0 0  0  0  0  0  0  848 1676  250 50  4 46
 0 0 0 8421096 5285008 133 2179 0 0 0 0  0  0  0  0  0  842 1687  253 50  4 46
 0 0 0 8421064 5284900 129 2179 0 0 0 0  0  2  0  0  0  980 1677  291 50  4 46
 0 0 0 8541064 5418100 22 43318 0 0 0 0  0  0  0  0  0  585  806  178 41 10 49
 0 0 0 8424260 5287676 117 2082 0 0 0 0  0  0  0  0  0  805 1593  237 50  3 47
 0 0 0 8424196 5287656 129 2180 0 0 0 0  0  0  0  0  0  823 1694  241 50  4 46
 0 0 0 8424180 5287780 129 2183 0 0 0 0  0  0  0  0  0  827 1687  245 50  4 46
 0 0 0 8424264 5287824 147 2189 0 0 0 0  0  0  0  0  0  824 1700  239 50  4 46
 0 0 0 8423972 5287548 129 2179 0 0 0 0  0  2  0  0  0  935 1695  289 50  4 46
 0 0 0 8423908 5287492 129 2180 0 0 0 0  0  0  0  0  0  826 1693  235 50  4 46
 0 0 0 8424044 5287460 129 2179 0 0 0 0  0  0  0  0  0  865 1690  253 50  4 46
 0 0 0 8423932 5287508 77 1195 0 0 0  0  0  0  0  0  0  658 1256  202 50  2 48
 0 0 0 8424172 5287728 53 990 0 0  0  0  0  0  0  0  0  641 1117  201 50  2 48
 0 0 0 8423864 5287452 147 2194 0 0 0 0  0  0  0  0  0  837 1697  245 50  4 46
 0 0 0 8424164 5287580 129 2181 0 0 0 0  0  2  0  0  0  942 1686  281 50  4 46
 0 0 0 8423908 5287500 129 2183 0 0 0 0  0  0  0  0  0  823 1702  246 50  4 46
 0 0 0 8423860 5287476 134 2185 0 0 0 0  0  0  0  0  0  826 1688  245 50  4 46
 0 0 0 8424156 5287560 129 2184 0 0 0 0  0  0  0  0  0  793 1692  235 50  4 46
 0 0 0 8423272 5286964 147 2261 0 0 0 0  0  0  0  0  0  796 1681  245 50  4 46
 kthr      memory            page            disk          faults      cpu
 r b w   swap  free  re  mf pi po fr de sr s0 s1 s2 --   in   sy   cs us sy id
 0 0 0 8422268 5286044 77 1205 0 0 0  0  0  0  0  0  0  647 1397  251 50  3 47
 0 0 0 8422560 5286168 52 979 0 0  0  0  0  2  0  0  0 1091 1058  248 50  1 49
 0 0 0 8422560 5286188 129 2187 0 0 0 0  0  0  0  0  0  826 1696  253 50  4 46
 0 0 0 8422464 5286092 134 2183 0 0 0 0  0  0  0  0  0  840 1687  257 50  4 46
 0 0 0 8422468 5286124 129 2187 0 0 0 0  0  0  0  0  0  815 1699  237 50  4 46
 0 0 0 8422440 5286180 136 2191 0 0 0 0  0  0  0  0  0  812 1686  237 50  4 46
 0 0 0 8422516 5286268 141 2187 0 0 0 0  0  0  0  0  0  826 1692  233 50  4 46
 0 0 0 8422500 5286144 129 2190 0 0 0 0  0  2  0  0  0  959 1684  293 50  4 46
 0 0 0 8422528 5286148 134 2183 0 0 0 0  0  0  0  0  0  813 1690  238 50  4 46
 0 0 0 8422512 5286116 12 99 0  0  0  0  0  0  0  0  0  473  750  170 50  1 49
 0 0 0 8422512 5286116 117 2088 0 0 0 0  0  0  0  0  0  804 1620  234 50  3 47
 0 0 0 8422472 5286272 129 2184 0 0 0 0  0  0  0  0  0  791 1685  243 50  4 46
 0 0 0 8422216 5286064 148 2195 0 0 0 0  0  0  0  0  0  821 1695  247 50  4 46
 0 0 0 8422512 5286116 129 2181 0 0 0 0  0  2  0  0  0  966 1680  275 50  4 46
 0 0 0 8422256 5286036 129 2187 0 0 0 0  0  0  0  0  0  827 1695  245 50  4 46
 0 0 0 8422072 5285892 133 2184 0 0 0 0  0  0  0  0  0  860 1688  257 50  4 46
 0 0 0 8422500 5286112 129 2186 0 0 0 0  0  0  0  0  0  814 1704  238 50  4 46
 0 0 0 8420672 5284744 70 1053 0 0 0  0  0  0  0  0  0  638 1121  204 50  2 48
 0 0 0 8420928 5284716 77 1208 0 0 0  0  0  0  0  0  0  672 1242  209 50  2 48
 kthr      memory            page            disk          faults      cpu
 r b w   swap  free  re  mf pi po fr de sr s0 s1 s2 --   in   sy   cs us sy id
 0 0 0 8420636 5284592 129 2186 0 0 0 0  0  2  0  0  0  936 1686  286 50  4 46
 0 0 0 8420932 5284748 129 2184 0 0 0 0  0  0  0  0  0  810 1693  241 50  4 46
 0 0 0 8420672 5284644 134 2183 0 0 0 0  0  0  0  0  0  831 1689  240 50  4 46
 0 0 0 8420632 5284588 129 2186 0 0 0 0  0  0  0  0  0  833 1691  242 50  4 46
 0 0 0 8420932 5284728 145 2191 0 0 0 0  0  0  0  0  0  810 1684  238 50  4 46
 0 0 0 8420928 5284748 131 2187 0 0 0 0  0  0  0  0  0  821 1792  278 50  4 46
 0 0 0 8420860 5284692 76 1193 0 0 0  0  0  4  0  0  0 1193 1281  277 50  3 47
 0 0 0 8420924 5284744 53 991 0 0  0  0  0  0  0  0  0  648 1082  204 50  1 49
 0 0 0 8420652 5284528 134 2183 0 0 0 0  0  0  0  0  0  846 1688  258 50  4 46
 0 0 0 8420912 5284708 129 2184 0 0 0 0  0  0  0  0  0  821 1703  240 50  4 46
 0 0 0 8420708 5284792 129 2184 0 0 0 0  0  0  0  0  0  837 1678  261 50  4 46
 0 0 0 8420760 5284744 147 2192 0 0 0 0  0  0  0  0  0  835 1698  239 50  4 46
 0 0 0 8420904 5284692 129 2183 0 0 0 0  0  2  0  0  0  932 1683  287 50  4 46
 0 0 0 8420648 5284596 132 2182 0 0 0 0  0  0  0  0  0  829 1698  248 50  4 46
 0 0 0 8420604 5284560 129 2183 0 0 0 0  0  0  0  0  0  821 1688  241 50  4 46
 0 0 0 8420900 5284688 12 99 0  0  0  0  0  0  0  0  0  494  722  171 50  0 50
 0 0 0 8420904 5284832 117 2083 0 0 0 0  0  0  0  0  0  787 1636  239 50  4 46
 0 0 0 8420648 5284652 147 2191 0 0 0 0  0  0  0  0  0  822 1700  244 50  4 46
 0 0 0 8755104 5653196 134 33171 0 0 0 0 0  2  0  0  0 1037 1806  290 43 11 46
 kthr      memory            page            disk          faults      cpu
 r b w   swap  free  re  mf pi po fr de sr s0 s1 s2 --   in   sy   cs us sy id
 0 0 0 8670836 5534260 129 2182 0 0 0 0  0  0  0  0  0  850 1683  248 50  4 46
 0 0 0 8670428 5534028 134 2183 0 0 0 0  0  0  0  0  0  887 1680  274 50  4 46
 0 0 0 8670520 5533988 129 2208 0 0 0 0  0  0  0  0  0  865 1691  255 50  4 46
 0 0 0 8670812 5533788 147 2188 0 0 0 0  0  0  0  0  0  854 1670  259 50  4 46
 0 0 0 8670556 5533628 12 101 0 0  0  0  0  0  0  0  0  511  788  176 50  1 49
 0 0 0 8670816 5533724 117 2083 0 0 0 0  0  2  0  0  0  964 1564  299 50  3 47
 0 0 0 8670520 5533624 129 2182 0 0 0 0  0  0  0  0  0  846 1693  246 50  4 46
 0 0 0 8670624 5533704 134 2183 0 0 0 0  0  0  0  0  0  854 1680  257 50  4 46
 0 0 0 8669552 5532640 129 2260 0 0 0 0  0  0  0  0  0  858 1687  256 50  4 46
 0 0 0 8669276 5532192 147 2191 0 0 0 0  0  0  0  0  0  839 1683  244 50  4 46
 0 0 0 8669128 5532164 130 2181 0 0 0 0  0  0  0  0  0  862 1781  294 50  4 46
 0 0 0 8669236 5532148 129 2185 0 0 0 0  0  2  0  0  0 1288 1693  292 50  4 46
 0 0 0 8669192 5532168 82 1192 0 0 0  0  0  0  0  0  0  692 1242  217 50  2 48
 0 0 0 8669092 5532012 53 991 0 0  0  0  0  0  0  0  0  693 1119  226 50  2 48
 0 0 0 8668856 5531944 129 2183 0 0 0 0  0  0  0  0  0  870 1697  250 50  4 46
 0 0 0 8668764 5531776 218 2429 0 0 0 0  0  0  0  0  0  944 2016  306 50  4 46
 0 0 0 8666560 5529520 156 2253 0 0 0 0  0  0  0  0  0  919 1873  274 50  4 46
 0 0 0 8665076 5527884 165 2479 0 0 0 0  0 23  0  0  0 1155 2478  385 50  4 46
 0 0 0 8665132 5527976 132 2260 0 0 0 0  0  0  0  0  0  889 1744  306 50  4 46
 kthr      memory            page            disk          faults      cpu
 r b w   swap  free  re  mf pi po fr de sr s0 s1 s2 --   in   sy   cs us sy id
 0 0 0 8663608 5526528 132 2183 0 0 0 0  0  0  0  0  0  857 1699  269 50  4 46
 0 0 0 8663556 5526452 90 1390 0 0 0  0  0  0  0  0  0  759 1437  267 50  3 47
 0 0 0 8663852 5526768 47 827 0 0  0  0  0  0  0  0  0  691 1110  277 50  1 49
 0 0 0 8663840 5526720 155 2221 0 0 0 0  0  0  0  0  0  927 1801  333 50  4 46
 0 0 0 8663580 5526540 131 2212 0 0 0 0  0  4  0  0  0 1008 1776  359 50  4 46
 0 0 0 8663536 5526536 132 2215 0 0 0 0  0  0  0  0  0  925 1805  336 50  4 46
 0 0 0 8663508 5526360 137 2236 0 0 0 0  0  0  0  0  0 1021 1770  306 50  4 46
 0 0 0 8663392 5526208 129 2183 0 0 0 0  0  0  0  0  0  886 1694  249 50  4 46
 0 0 0 8663344 5526260 148 2193 0 0 0 0  0  0  0  0  0  846 1674  253 50  4 46
 0 0 0 8663280 5526304 129 2179 0 0 0 0  0  0  0  0  0  854 1699  261 50  4 46
 0 0 0 8663392 5526308 12 99 0  0  0  0  0  2  0  0  0  667  803  273 50  1 49
 0 0 0 9040368 5901176 138 2190 0 0 0 0  0  0  0  0  0  981 1922  339 35  6 59
 0 0 0 9291636 6151100 134 2182 0 0 0 0  0  0  0  0  0  782 1722  301 25  4 71
 0 0 0 9290352 6149972 191 4259 0 0 0 0  0  0  0  0  0  864 8726  279 29  5 66
 0 0 0 9321668 6181240 136 2263 0 0 0 0  0  0  0  0  0  770 1812  270 26  4 69
 0 0 0 9330476 6189196 147 2190 0 0 0 0  0  0  0  0  0  751 1776  295 25  4 71
 0 0 0 9330364 6189012 129 2183 0 0 0 0  0  2  0  0  0 1014 1696  310 25  4 71
 0 0 0 9330552 6189080 134 2183 0 0 0 0  0  0  0  0  0  742 1688  249 25  4 71
 0 0 0 9330260 6188892 76 1192 0 0 0  0  0  0  0  0  0  671 1252  236 25  2 73
 kthr      memory            page            disk          faults      cpu
 r b w   swap  free  re  mf pi po fr de sr s0 s1 s2 --   in   sy   cs us sy id
 0 0 0 9330556 6189096 53 991 0 0  0  0  0  0  0  0  0  627 1108  210 25  2 73
 0 0 0 9330256 6189100 129 2183 0 0 0 0  0  0  0  0  0  747 1673  256 25  4 71
 0 0 0 9330552 6189160 148 2192 0 0 0 0  0  0  0  0  0  750 1688  250 25  4 71
 0 0 0 9330392 6189072 129 2179 0 0 0 0  0  3  0  0  0  886 1671  306 25  4 71
 0 0 0 9330256 6188960 129 2184 0 0 0 0  0  0  0  0  0  763 1687  257 25  4 71
 0 0 0 9330552 6189092 130 2185 0 0 0 0  0  0  0  0  0  761 1679  256 25  4 71
 0 0 0 9330296 6188992 129 2183 0 0 0 0  0  0  0  0  0  762 1691  257 25  4 71
 0 0 0 9330256 6189032 147 2190 0 0 0 0  0  0  0  0  0  757 1671  256 25  4 71
 0 0 0 9330556 6189092 12 99 0  0  0  0  0  0  0  0  0  532  743  175 25  1 74
 0 0 0 9330552 6189088 117 2087 0 0 0 0  0  2  0  0  0  856 1617  301 25  3 72
 0 0 0 9330296 6189036 129 2180 0 0 0 0  0  0  0  0  0  758 1683  259 25  4 71
 0 0 0 9330056 6188784 134 2183 0 0 0 0  0  0  0  0  0  788 1680  274 25  4 71
 0 0 0 9330556 6189092 129 2184 0 0 0 0  0  0  0  0  0  767 1691  256 25  4 71
 0 0 0 9330244 6188944 142 2187 0 0 0 0  0  0  0  0  0  763 1678  259 25  4 71
 0 0 0 9330000 6188708 129 2183 0 0 0 0  0  0  0  0  0  760 1691  255 25  4 71
 0 0 0 9330300 6188836 129 2183 0 0 0 0  0  2  0  0  0  876 1684  302 25  4 71
 0 0 0 9330044 6188760 82 1193 0 0 0  0  0  0  0  0  0  656 1278  259 25  2 73
 0 0 0 9330296 6188832 53 990 0 0  0  0  0  0  0  0  0  635 1115  214 25  2 73
 0 0 0 9330000 6188704 129 2183 0 0 0 0  0  0  0  0  0  758 1684  257 25  4 71
 kthr      memory            page            disk          faults      cpu
 r b w   swap  free  re  mf pi po fr de sr s0 s1 s2 --   in   sy   cs us sy id
 0 0 0 9330300 6188980 129 2182 0 0 0 0  0  0  0  0  0  756 1675  254 25  4 71
 0 0 0 9330044 6188868 147 2193 0 0 0 0  0  0  0  0  0  759 1777  300 25  4 71
 0 0 0 9330000 6188704 129 2182 0 0 0 0  0  3  0  0  0 1047 1673  314 25  4 71
 0 0 0 9330296 6188832 135 2185 0 0 0 0  0  0  0  0  0  763 1689  251 25  4 71
 0 0 0 9329904 6188596 129 2180 0 0 0 0  0  0  0  0  0  782 1675  285 25  4 71
 0 0 0 9330000 6188704 129 2183 0 0 0 0  0  0  0  0  0  757 1695  254 25  4 71
 0 0 0 9330296 6188976 17 100 0 0  0  0  0  0  0  0  0  514  711  173 25  0 75
 0 0 0 9330296 6188828 131 2092 0 0 0 0  0  0  0  0  0  742 1639  248 25  4 71
 0 0 0 9330040 6188736 129 2183 0 0 0 0  0  2  0  0  0  865 1676  304 25  4 71
 0 0 0 9329996 6188740 129 2181 0 0 0 0  0  0  0  0  0  755 1684  259 25  4 71
 0 0 0 9330292 6188868 134 2183 0 0 0 0  0  0  0  0  0  773 1676  258 25  4 71
 0 0 0 9330036 6188728 129 2184 0 0 0 0  0  0  0  0  0  759 1685  255 25  4 71
 0 0 0 9329996 6188756 147 2189 0 0 0 0  0  0  0  0  0  745 1675  254 25  4 71
 0 0 0 9330296 6188828 129 2186 0 0 0 0  0  0  0  0  0  756 1694  257 25  4 71
 0 0 0 9330032 6188724 62 1123 0 0 0  0  0  2  0  0  0  750 1210  283 25  2 73
 0 0 0 9330292 6188868 67 1129 0 0 0  0  0  0  0  0  0  632 1200  217 25  2 73
 0 0 0 9329876 6188580 134 2183 0 0 0 0  0  0  0  0  0  783 1681  273 25  4 71
 0 0 0 9330296 6188828 129 2184 0 0 0 0  0  0  0  0  0  770 1693  256 25  4 71
 0 0 0 9330036 6188756 139 2185 0 0 0 0  0  0  0  0  0  760 1672  265 25  4 71
 kthr      memory            page            disk          faults      cpu
 r b w   swap  free  re  mf pi po fr de sr s0 s1 s2 --   in   sy   cs us sy id
 0 0 0 9329996 6188720 132 2183 0 0 0 0  0  0  0  0  0  767 1689  254 25  4 71
 0 0 0 9330304 6188836 129 2183 0 0 0 0  0  2  0  0  0  847 1671  297 25  4 71
 0 0 0 9330060 6188752 134 2184 0 0 0 0  0  0  0  0  0  755 1688  255 25  4 71
 0 0 0 9330016 6188716 121 2070 0 0 0 0  0  0  0  0  0  740 1627  248 25  4 71
 0 0 0 9330312 6188844 8 113 0  0  0  0  0  0  0  0  0  537  729  183 25  0 75
 0 0 0 9330316 6189052 129 2184 0 0 0 0  0  0  0  0  0  757 1675  254 25  4 71
 0 0 0 9330060 6188808 147 2192 0 0 0 0  0  0  0  0  0  758 1776  298 25  4 71
 0 0 0 9330016 6188716 129 2187 0 0 0 0  0  2  0  0  0 1012 1673  300 25  4 71
 0 0 0 9330320 6188896 129 2187 0 0 0 0  0  0  0  0  0  764 1689  256 25  4 71
 0 0 0 9329996 6188732 134 2186 0 0 0 0  0  0  0  0  0  784 1677  276 25  4 71
 0 0 0 9330040 6188740 129 2191 0 0 0 0  0  0  0  0  0  761 1694  254 25  4 71
 0 0 0 9330332 6189000 147 2195 0 0 0 0  0  0  0  0  0  750 1672  266 25  4 71
 0 0 0 9330076 6188772 43 678 0 0  0  0  0  0  0  0  0  581 1016  192 25  2 73
 0 0 0 9330336 6188868 86 1512 0 0 0  0  0  2  0  0  0  749 1359  272 25  2 73
 0 0 0 9330040 6188780 129 2188 0 0 0 0  0  0  0  0  0  757 1686  261 25  4 71
 0 0 0 9330332 6188884 134 2189 0 0 0 0  0  0  0  0  0  754 1677  254 25  4 71
 0 0 0 9330076 6188772 129 2191 0 0 0 0  0  0  0  0  0  756 1689  264 25  4 71
 0 0 0 9330040 6188740 146 2201 0 0 0 0  0  0  0  0  0  757 1678  253 25  4 71
 0 0 0 9330336 6188868 129 2189 0 0 0 0  0  0  0  0  0  758 1688  248 25  4 71
 kthr      memory            page            disk          faults      cpu
 r b w   swap  free  re  mf pi po fr de sr s0 s1 s2 --   in   sy   cs us sy id
 0 0 0 9330076 6188772 129 2192 0 0 0 0  0  3  0  0  0  847 1679  303 25  4 71
 0 0 0 9330036 6188760 96 1511 0 0 0  0  0  0  0  0  0  695 1414  234 25  3 72
 0 0 0 9396992 6255108 38 679 0 0  0  0  0  0  0  0  0  550  944  217  0  1 99
 0 0 0 9396096 6254344 188 4232 0 0 0 0  0  0  0  0  0  603 8674  276  4  5 91
 0 0 0 9412316 6270252 197 2578 0 0 0 0  0  1  0  0  0  635 2127  324  2  4 94
 0 0 0 9435316 6292124 147 2203 0 0 0 0  0  0  0  0  0  581 1735  262  0  4 96
 0 0 0 9435464 6292552 129 2198 0 0 0 0  0  7  0  0  0  690 1724  307  0  4 96
 0 0 0 9435096 6293048 130 2195 0 0 0 0  0  0  0  0  0  566 1732  262  0  4 96
 0 0 0 9435016 6293320 129 2197 0 0 0 0  0  0  0  0  0  586 1722  260  0  4 96
 0 0 0 9435276 6293412 129 2197 0 0 0 0  0  0  0  0  0  583 1730  257  0  4 96
 0 0 0 9434988 6293980 19 174 0 0  0  0  0  0  0  0  0  466  845  178  0  1 99
 0 0 0 9435208 6294200 128 2028 0 0 0 0  0  0  0  0  0  570 1685  296  0  3 97
 0 0 0 9434852 6294008 129 2199 0 0 0 0  0  3  0  0  0  645 1732  317  0  4 96
 0 0 0 9435112 6294140 129 2199 0 0 0 0  0  0  0  0  0  590 1734  259  0  4 96
 0 0 0 9434712 6293876 134 2196 0 0 0 0  0  0  0  0  0  584 1720  278  0  4 96
 0 0 0 9434712 6293860 128 2197 0 0 0 0  0  0  0  0  0  573 1734  254  0  4 96
 0 0 0 9434828 6293876 147 2205 0 0 0 0  0  0  0  0  0  577 1720  261  0  4 96
 0 0 0 9434536 6293676 129 2200 0 0 0 0  0  0  0  0  0  581 1735  256  0  4 96
 0 0 0 9434464 6293612 77 1204 0 0 0  0  0  2  0  0  0  567 1324  261  0  3 97
 kthr      memory            page            disk          faults      cpu
 r b w   swap  free  re  mf pi po fr de sr s0 s1 s2 --   in   sy   cs us sy id
 0 0 0 9435268 6294364 52 994 0 0  0  0  0  0  0  0  0  511 1092  227  0  1 99
 0 0 0 9435952 6295072 138 2226 0 0 0 0  0  0  0  0  0  600 1717  283  0  4 96
 0 0 0 9435620 6294888 128 2194 0 0 0 0  0  0  0  0  0  583 1688  256  0  4 96
 0 0 0 9435580 6295340 136 2200 0 0 0 0  0  0  0  0  0  583 1676  264  0  4 96
 0 0 0 9435876 6295948 130 2197 0 0 0 0  0  0  0  0  0  566 1684  257  0  4 96
 0 0 0 9435616 6295836 129 2198 0 0 0 0  0  2  0  0  0  623 1674  303  0  4 96
 0 0 0 9435576 6295824 134 2193 0 0 0 0  0  0  0  0  0  581 1684  261  0  4 96
 0 0 0 9435808 6295896 129 2198 0 0 0 0  0  0  0  0  0  612 1678  277  0  4 96
 0 0 0 9435620 6295868 12 101 0 0  0  0  0  0  0  0  0  464  787  173  0  1 99
 0 0 0 9435872 6296172 116 2093 0 0 0 0  0  0  0  0  0  579 1567  261  0  3 97
 0 0 0 9435524 6295780 147 2204 0 0 0 0  0  0  0  0  0  596 1687  261  0  4 96
 0 0 0 9435748 6295836 129 2195 0 0 0 0  0  2  0  0  0  623 1679  299  0  4 96
 0 0 0 9435492 6295760 129 2198 0 0 0 0  0  0  0  0  0  585 1689  269  0  4 96
 0 0 0 9435444 6295720 131 2193 0 0 0 0  0  0  0  0  0  578 1675  263  0  4 96
 0 0 0 9435740 6295828 129 2195 0 0 0 0  0  0  0  0  0  581 1684  260  0  4 96
 0 0 0 9435488 6295856 147 2201 0 0 0 0  0  0  0  0  0  582 1674  263  0  4 96
 0 0 0 9435448 6295700 77 1201 0 0 0  0  0  0  0  0  0  531 1378  263  0  3 97
 0 0 0 9435740 6295828 52 994 0 0  0  0  0  3  0  0  0  576 1076  281  0  1 99
 0 0 0 9435740 6295880 129 2196 0 0 0 0  0  0  0  0  0  573 1687  264  0  4 96
 kthr      memory            page            disk          faults      cpu
 r b w   swap  free  re  mf pi po fr de sr s0 s1 s2 --   in   sy   cs us sy id
 0 0 0 9435356 6295604 134 2193 0 0 0 0  0  0  0  0  0  616 1674  278  0  4 96
 0 0 0 9435432 6295684 129 2197 0 0 0 0  0  0  0  0  0  579 1695  260  0  4 96
 0 0 0 9435724 6295820 146 2203 0 0 0 0  0  0  0  0  0  577 1675  259  0  4 96
 0 0 0 9435468 6295728 130 2192 0 0 0 0  0  0  0  0  0  579 1682  251  0  4 96
 0 0 0 9435440 6295692 129 2196 0 0 0 0  0  4  0  0  0  644 1674  330  0  4 96
 0 0 0 9435748 6295868 134 2195 0 0 0 0  0  0  0  0  0  587 1689  263  0  4 96
 0 0 0 9435488 6295736 12 100 0 0  0  0  0  0  0  0  0  466  774  176  0  1 99
 0 0 0 9435744 6295832 117 2092 0 0 0 0  0  0  0  0  0  575 1575  254  0  3 97
 0 0 0 9435452 6295920 129 2194 0 0 0 0  0  0  0  0  0  593 1673  263  0  4 96
 0 0 0 9435748 6295908 147 2200 0 0 0 0  0  0  0  0  0  585 1686  259  0  4 96
 0 0 0 9435484 6295728 129 2195 0 0 0 0  0  2  0  0  0  660 1685  296  0  4 96
 0 0 0 9435440 6295688 131 2192 0 0 0 0  0  0  0  0  0  587 1683  262  0  4 96
 0 0 0 9435664 6295748 129 2193 0 0 0 0  0  0  0  0  0  591 1676  280  0  4 96
 0 0 0 9435484 6295728 129 2194 0 0 0 0  0  0  0  0  0  592 1689  258  0  4 96
 0 0 0 9435440 6295832 101 1309 0 0 0 0  0  0  0  0  0  526 1320  222  0  3 97
 0 0 0 9435736 6295820 45 891 0 0  0  0  0  0  0  0  0  477 1025  201  0  1 99
 0 0 0 9435740 6295824 129 2189 0 0 0 0  0  2  0  0  0  614 1669  304  0  4 96
 0 0 0 9435484 6295780 129 2192 0 0 0 0  0  0  0  0  0  583 1684  270  0  4 96
 0 0 0 9435440 6295712 134 2192 0 0 0 0  0  0  0  0  0  577 1677  262  0  4 96
 kthr      memory            page            disk          faults      cpu
 r b w   swap  free  re  mf pi po fr de sr s0 s1 s2 --   in   sy   cs us sy id
 0 0 0 9435736 6295820 129 2190 0 0 0 0  0  0  0  0  0  569 1685  262  0  4 96
 0 0 0 9435484 6295780 147 2199 0 0 0 0  0  0  0  0  0  571 1673  263  0  4 96
 0 0 0 9435444 6295692 129 2191 0 0 0 0  0  0  0  0  0  572 1774  298  0  4 96
 0 0 0 9435736 6295820 129 2190 0 0 0 0  0  2  0  0  0  619 1672  301  0  4 96
 0 0 0 9435480 6295756 24 263 0 0  0  0  0  0  0  0  0  480  847  184  0  1 98
 0 0 0 9435620 6295704 110 1927 0 0 0 0  0  0  0  0  0  572 1505  261  0  2 97
 0 0 0 9435444 6295692 128 2187 0 0 0 0  0  0  0  0  0  585 1689  267  0  4 96
 0 0 0 9435736 6296036 129 2186 0 0 0 0  0  0  0  0  0  587 1673  262  0  4 96
 0 0 0 9435480 6295852 147 2192 0 0 0 0  0  0  0  0  0  580 1685  259  0  4 96
 0 0 0 9435444 6295692 128 2186 0 0 0 0  0  2  0  0  0  619 1681  301  0  4 96
 0 0 0 9435740 6295840 134 2188 0 0 0 0  0  0  0  0  0  585 1684  261  0  4 96
 0 0 0 9435480 6295724 129 2185 0 0 0 0  0  0  0  0  0  583 1675  260  0  4 96
 0 0 0 9435440 6295692 77 1196 0 0 0  0  0  0  0  0  0  496 1287  211  0  3 97
 0 0 0 9435740 6296040 52 989 0 0  0  0  0  0  0  0  0  501 1060  218  0  1 99
 0 0 0 9435740 6295824 147 2194 0 0 0 0  0  0  0  0  0  568 1683  252  0  4 96
 0 0 0 9435480 6295724 129 2185 0 0 0 0  0  4  0  0  0  631 1677  328  0  4 95
 0 0 0 9435692 6295832 134 2187 0 0 0 0  0  0  0  0  0  560 1687  260  0  4 96
 0 0 0 9435472 6295696 129 2185 0 0 0 0  0  0  0  0  0  599 1676  281  0  4 96
 0 0 0 9435740 6295824 129 2187 0 0 0 0  0  0  0  0  0  587 1694  257  0  4 96
 kthr      memory            page            disk          faults      cpu
 r b w   swap  free  re  mf pi po fr de sr s0 s1 s2 --   in   sy   cs us sy id
 0 0 0 9435656 6295888 147 2192 0 0 0 0  0  0  0  0  0  598 1672  257  0  4 96
 0 0 0 9435692 6295820 129 2187 0 0 0 0  0  0  0  0  0  586 1687  254  0  4 96
 0 0 0 9435740 6295824 12 99 0  0  0  0  0  2  0  0  0  496  737  217  0  1 99
 0 0 0 9435740 6295888 116 2088 0 0 0 0  0  0  0  0  0  582 1614  263  0  3 97
 0 0 0 9435692 6295820 134 2184 0 0 0 0  0  0  0  0  0  583 1675  258  0  4 96
 0 0 0 9435712 6295836 129 2188 0 0 0 0  0  0  0  0  0  596 1685  254  0  4 96
 0 0 0 9435760 6295848 147 2194 0 0 0 0  0  0  0  0  0  585 1674  258  0  4 96
 0 0 0 9435676 6295812 129 2187 0 0 0 0  0  0  0  0  0  556 1774  299  0  4 96
 0 0 0 9435792 6295872 129 2183 0 0 0 0  0  3  0  0  0  617 1678  315  0  4 96
 0 0 0 9435756 6295884 134 2186 0 0 0 0  0  0  0  0  0  554 1686  254  0  4 96
 0 0 0 9435392 6295616 76 1196 0 0 0  0  0  0  0  0  0  541 1253  239  0  2 98
 0 0 0 9435760 6295844 52 992 0 0  0  0  0  0  0  0  0  509 1104  212  0  1 98
 0 0 0 9435668 6296016 129 2186 0 0 0 0  0  0  0  0  0  580 1673  260  0  4 96
 0 0 0 9435756 6295912 147 2193 0 0 0 0  0  0  0  0  0  579 1683  253  0  4 96
 0 0 0 9435700 6295828 128 2183 0 0 0 0  0  2  0  0  0  606 1671  301  0  4 96
 0 0 0 9435716 6295840 134 2186 0 0 0 0  0  0  0  0  0  571 1685  263  0  4 96
 0 0 0 9435756 6295840 129 2187 0 0 0 0  0  0  0  0  0  575 1677  261  0  4 96
 0 0 0 9435688 6295824 129 2186 0 0 0 0  0  0  0  0  0  571 1688  257  0  4 96
 0 0 0 9435568 6295932 147 2193 0 0 0 0  0  0  0  0  0  558 1674  257  0  4 96
 kthr      memory            page            disk          faults      cpu
 r b w   swap  free  re  mf pi po fr de sr s0 s1 s2 --   in   sy   cs us sy id
 0 0 0 9435760 6295844 12 99 0  0  0  0  0  0  0  0  0  446  751  174  0  1 99
 0 0 0 9435756 6295840 117 2089 0 0 0 0  0  2  0  0  0  592 1610  306  0  3 97
 0 0 0 9435676 6295880 129 2185 0 0 0 0  0  0  0  0  0  591 1684  262  0  4 96
 0 0 0 9435652 6295792 134 2185 0 0 0 0  0  0  0  0  0  600 1674  280  0  4 96
 0 0 0 9435760 6295844 129 2186 0 0 0 0  0  0  0  0  0  572 1689  259  0  4 96
 0 0 0 9435668 6295876 147 2192 0 0 0 0  0  0  0  0  0  576 1672  256  0  4 96
 0 0 0 9435688 6295828 129 2185 0 0 0 0  0  0  0  0  0  585 1683  255  0  4 96
 0 0 0 9435760 6295844 129 2187 0 0 0 0  0  2  0  0  0  616 1681  306  0  4 96
 0 0 0 9435596 6295824 82 1195 0 0 0  0  0  0  0  0  0  531 1261  219  0  2 97
 0 0 0 9435628 6295712 52 991 0 0  0  0  0  0  0  0  0  508 1092  215  0  1 99
 0 0 0 9435564 6295688 129 2187 0 0 0 0  0  0  0  0  0  590 1686  257  0  4 96
 0 0 0 9435632 6295756 144 2192 0 0 0 0  0  0  0  0  0  574 1672  257  0  4 96
 0 0 0 9435576 6295728 132 2186 0 0 0 0  0  0  0  0  0  581 1771  301  0  4 96
 0 0 0 9435536 6295668 128 2185 0 0 0 0  0  2  0  0  0  685 1670  306  0  4 96
 0 0 0 9435624 6295728 134 2189 0 0 0 0  0  0  0  0  0  575 1687  268  0  4 96
 0 0 0 9435420 6295548 129 2184 0 0 0 0  0  0  0  0  0  589 1676  279  0  4 96
 0 0 0 9435456 6295596 129 2188 0 0 0 0  0  0  0  0  0  596 1695  256  0  4 96
 0 0 0 9435604 6295968 17 100 0 0  0  0  0  0  0  0  0  458  733  174  0  1 99
 0 0 0 9435604 6295688 130 2092 0 0 0 0  0  0  0  0  0  575 1612  254  0  3 97
 kthr      memory            page            disk          faults      cpu
 r b w   swap  free  re  mf pi po fr de sr s0 s1 s2 --   in   sy   cs us sy id
 0 0 0 9435352 6295592 129 2185 0 0 0 0  0  2  0  0  0  627 1670  305  0  4 96
 0 0 0 9435564 6295764 129 2190 0 0 0 0  0  0  0  0  0  574 1687  264  0  4 96
 0 0 0 9435604 6295732 134 2185 0 0 0 0  0  0  0  0  0  586 1680  263  0  4 96
 0 0 0 9435516 6295648 129 2186 0 0 0 0  0  0  0  0  0  582 1683  256  0  4 96
 0 0 0 9435564 6295828 146 2191 0 0 0 0  0  0  0  0  0  587 1671  258  0  4 96
 0 0 0 9435608 6295692 129 2188 0 0 0 0  0  0  0  0  0  591 1686  255  0  4 96
 0 0 0 9435556 6295680 77 1195 0 0 0  0  0  2  0  0  0  545 1259  259  0  3 97
 0 0 0 9435604 6295752 52 991 0 0  0  0  0  0  0  0  0  510 1094  214  0  1 99
 0 0 0 9435360 6295488 134 2186 0 0 0 0  0  0  0  0  0  585 1676  271  0  4 96
 0 0 0 9435608 6295692 128 2185 0 0 0 0  0  0  0  0  0  580 1689  254  0  4 96
