
SunOS canfire03 5.11 onnv-gate i86pc    05/10/2009

06:39:33  pgout/s ppgout/s pgfree/s pgscan/s %ufs_ipf
06:39:38     0.00     0.00     0.00     0.00     0.00
06:39:43     0.00     0.00     0.00     0.00     0.00
06:39:48     0.00     0.00     0.00     0.00     0.00
06:39:53     0.00     0.00     0.00     0.00     0.00
06:39:58     0.00     0.00     0.00     0.00     0.00
06:40:03     0.00     0.00     0.00     0.00     0.00
06:40:08     0.00     0.00     0.00     0.00     0.00
06:40:13     0.00     0.00     0.00     0.00     0.00
06:40:18     0.00     0.00     0.00     0.00     0.00
06:40:23     0.00     0.00     0.00     0.00     0.00
06:40:28     0.00     0.00     0.00     0.00     0.00
06:40:33     0.00     0.00     0.00     0.00     0.00
06:40:38     0.00     0.00     0.00     0.00     0.00
06:40:43     0.00     0.00     0.00     0.00     0.00
06:40:48     0.00     0.00     0.00     0.00     0.00
06:40:53     0.00     0.00     0.00     0.00     0.00
06:40:58     0.00     0.00     0.00     0.00     0.00
06:41:03     0.00     0.00     0.00     0.00     0.00
06:41:08     0.00     0.00     0.00     0.00     0.00
06:41:13     0.00     0.00     0.00     0.00     0.00
06:41:18     0.00     0.00     0.00     0.00     0.00
06:41:23     0.00     0.00     0.00     0.00     0.00
06:41:28     0.00     0.00     0.00     0.00     0.00
06:41:33     0.00     0.00     0.00     0.00     0.00
06:41:38     0.00     0.00     0.00     0.00     0.00
06:41:43     0.00     0.00     0.00     0.00     0.00
06:41:48     0.00     0.00     0.00     0.00     0.00
06:41:53     0.00     0.00     0.00     0.00     0.00
06:41:58     0.00     0.00     0.00     0.00     0.00
06:42:03     0.00     0.00     0.00     0.00     0.00
06:42:08     0.00     0.00     0.00     0.00     0.00
06:42:13     0.00     0.00     0.00     0.00     0.00
06:42:18     0.00     0.00     0.00     0.00     0.00
06:42:23     0.00     0.00     0.00     0.00     0.00
06:42:28     0.00     0.00     0.00     0.00     0.00
06:42:33     0.00     0.00     0.00     0.00     0.00
06:42:38     0.00     0.00     0.00     0.00     0.00
06:42:43     0.00     0.00     0.00     0.00     0.00
06:42:48     0.00     0.00     0.00     0.00     0.00
06:42:53     0.00     0.00     0.00     0.00     0.00
06:42:58     0.00     0.00     0.00     0.00     0.00
06:43:03     0.00     0.00     0.00     0.00     0.00
06:43:08     0.00     0.00     0.00     0.00     0.00
06:43:13     0.00     0.00     0.00     0.00     0.00
06:43:18     0.00     0.00     0.00     0.00     0.00
06:43:23     0.00     0.00     0.00     0.00     0.00
06:43:28     0.00     0.00     0.00     0.00     0.00
06:43:33     0.00     0.00     0.00     0.00     0.00
06:43:38     0.00     0.00     0.00     0.00     0.00
06:43:43     0.00     0.00     0.00     0.00     0.00
06:43:48     0.00     0.00     0.00     0.00     0.00
06:43:53     0.00     0.00     0.00     0.00     0.00
06:43:58     0.00     0.00     0.00     0.00     0.00
06:44:03     0.00     0.00     0.00     0.00     0.00
06:44:08     0.00     0.00     0.00     0.00     0.00
06:44:13     0.00     0.00     0.00     0.00     0.00
06:44:18     0.00     0.00     0.00     0.00     0.00
06:44:23     0.00     0.00     0.00     0.00     0.00
06:44:28     0.00     0.00     0.00     0.00     0.00
06:44:33     0.00     0.00     0.00     0.00     0.00
06:44:38     0.00     0.00     0.00     0.00     0.00
06:44:43     0.00     0.00     0.00     0.00     0.00
06:44:48     0.00     0.00     0.00     0.00     0.00
06:44:53     0.00     0.00     0.00     0.00     0.00
06:44:58     0.00     0.00     0.00     0.00     0.00
06:45:03     0.00     0.00     0.00     0.00     0.00
06:45:08     0.00     0.00     0.00     0.00     0.00
06:45:13     0.00     0.00     0.00     0.00     0.00
06:45:18     0.00     0.00     0.00     0.00     0.00
06:45:23     0.00     0.00     0.00     0.00     0.00
06:45:28     0.00     0.00     0.00     0.00     0.00
06:45:33     0.00     0.00     0.00     0.00     0.00
06:45:38     0.00     0.00     0.00     0.00     0.00
06:45:43     0.00     0.00     0.00     0.00     0.00
06:45:48     0.00     0.00     0.00     0.00     0.00
06:45:53     0.00     0.00     0.00     0.00     0.00
06:45:58     0.00     0.00     0.00     0.00     0.00
06:46:03     0.00     0.00     0.00     0.00     0.00
06:46:09     0.00     0.00     0.00     0.00     0.00
06:46:14     0.00     0.00     0.00     0.00     0.00
06:46:19     0.00     0.00     0.00     0.00     0.00
06:46:24     0.00     0.00     0.00     0.00     0.00
06:46:29     0.00     0.00     0.00     0.00     0.00
06:46:34     0.00     0.00     0.00     0.00     0.00
06:46:39     0.00     0.00     0.00     0.00     0.00
06:46:44     0.00     0.00     0.00     0.00     0.00
06:46:49     0.00     0.00     0.00     0.00     0.00
06:46:54     0.00     0.00     0.00     0.00     0.00
06:46:59     0.00     0.00     0.00     0.00     0.00
06:47:04     0.00     0.00     0.00     0.00     0.00
06:47:09     0.00     0.00     0.00     0.00     0.00
06:47:14     0.00     0.00     0.00     0.00     0.00
06:47:19     0.00     0.00     0.00     0.00     0.00
06:47:24     0.00     0.00     0.00     0.00     0.00
06:47:29     0.00     0.00     0.00     0.00     0.00
06:47:34     0.00     0.00     0.00     0.00     0.00
06:47:39     0.00     0.00     0.00     0.00     0.00
06:47:44     0.00     0.00     0.00     0.00     0.00
06:47:49     0.00     0.00     0.00     0.00     0.00
06:47:54     0.00     0.00     0.00     0.00     0.00
06:47:59     0.00     0.00     0.00     0.00     0.00
06:48:04     0.00     0.00     0.00     0.00     0.00
06:48:09     0.00     0.00     0.00     0.00     0.00
06:48:14     0.00     0.00     0.00     0.00     0.00
06:48:19     0.00     0.00     0.00     0.00     0.00
06:48:24     0.00     0.00     0.00     0.00     0.00
06:48:29     0.00     0.00     0.00     0.00     0.00
06:48:34     0.00     0.00     0.00     0.00     0.00
06:48:39     0.00     0.00     0.00     0.00     0.00
06:48:44     0.00     0.00     0.00     0.00     0.00
06:48:49     0.00     0.00     0.00     0.00     0.00
06:48:54     0.00     0.00     0.00     0.00     0.00
06:48:59     0.00     0.00     0.00     0.00     0.00
06:49:04     0.00     0.00     0.00     0.00     0.00
06:49:09     0.00     0.00     0.00     0.00     0.00
06:49:14     0.00     0.00     0.00     0.00     0.00
06:49:19     0.00     0.00     0.00     0.00     0.00
06:49:24     0.00     0.00     0.00     0.00     0.00
06:49:29     0.00     0.00     0.00     0.00     0.00
06:49:34     0.00     0.00     0.00     0.00     0.00
06:49:39     0.00     0.00     0.00     0.00     0.00
06:49:44     0.00     0.00     0.00     0.00     0.00
06:49:49     0.00     0.00     0.00     0.00     0.00
06:49:54     0.00     0.00     0.00     0.00     0.00
06:49:59     0.00     0.00     0.00     0.00     0.00
06:50:04     0.00     0.00     0.00     0.00     0.00
06:50:09     0.00     0.00     0.00     0.00     0.00
06:50:14     0.00     0.00     0.00     0.00     0.00
06:50:19     0.00     0.00     0.00     0.00     0.00
06:50:24     0.00     0.00     0.00     0.00     0.00
06:50:29     0.00     0.00     0.00     0.00     0.00
06:50:34     0.00     0.00     0.00     0.00     0.00
06:50:39     0.00     0.00     0.00     0.00     0.00
06:50:44     0.00     0.00     0.00     0.00     0.00
06:50:49     0.00     0.00     0.00     0.00     0.00
06:50:54     0.00     0.00     0.00     0.00     0.00
06:50:59     0.00     0.00     0.00     0.00     0.00
06:51:04     0.00     0.00     0.00     0.00     0.00
06:51:09     0.00     0.00     0.00     0.00     0.00
06:51:14     0.00     0.00     0.00     0.00     0.00
06:51:19     0.00     0.00     0.00     0.00     0.00
06:51:24     0.00     0.00     0.00     0.00     0.00
06:51:29     0.00     0.00     0.00     0.00     0.00
06:51:34     0.00     0.00     0.00     0.00     0.00
06:51:39     0.00     0.00     0.00     0.00     0.00
06:51:44     0.00     0.00     0.00     0.00     0.00
06:51:49     0.00     0.00     0.00     0.00     0.00
06:51:54     0.00     0.00     0.00     0.00     0.00
06:51:59     0.00     0.00     0.00     0.00     0.00
06:52:04     0.00     0.00     0.00     0.00     0.00
06:52:09     0.00     0.00     0.00     0.00     0.00
06:52:14     0.00     0.00     0.00     0.00     0.00
06:52:19     0.00     0.00     0.00     0.00     0.00
06:52:24     0.00     0.00     0.00     0.00     0.00
06:52:29     0.00     0.00     0.00     0.00     0.00
06:52:34     0.00     0.00     0.00     0.00     0.00
06:52:39     0.00     0.00     0.00     0.00     0.00
06:52:44     0.00     0.00     0.00     0.00     0.00
06:52:49     0.00     0.00     0.00     0.00     0.00
06:52:54     0.00     0.00     0.00     0.00     0.00
06:52:59     0.00     0.00     0.00     0.00     0.00
06:53:04     0.00     0.00     0.00     0.00     0.00
06:53:09     0.00     0.00     0.00     0.00     0.00
06:53:14     0.00     0.00     0.00     0.00     0.00
06:53:19     0.00     0.00     0.00     0.00     0.00
06:53:24     0.00     0.00     0.00     0.00     0.00
06:53:29     0.00     0.00     0.00     0.00     0.00
06:53:34     0.00     0.00     0.00     0.00     0.00
06:53:39     0.00     0.00     0.00     0.00     0.00
06:53:44     0.00     0.00     0.00     0.00     0.00
06:53:49     0.00     0.00     0.00     0.00     0.00
06:53:54     0.00     0.00     0.00     0.00     0.00
06:53:59     0.00     0.00     0.00     0.00     0.00
06:54:04     0.00     0.00     0.00     0.00     0.00
06:54:09     0.00     0.00     0.00     0.00     0.00
06:54:14     0.00     0.00     0.00     0.00     0.00
06:54:19     0.00     0.00     0.00     0.00     0.00
06:54:24     0.00     0.00     0.00     0.00     0.00
06:54:30     0.00     0.00     0.00     0.00     0.00
06:54:35     0.00     0.00     0.00     0.00     0.00
06:54:40     0.00     0.00     0.00     0.00     0.00
06:54:45     0.00     0.00     0.00     0.00     0.00
06:54:50     0.00     0.00     0.00     0.00     0.00
06:54:55     0.00     0.00     0.00     0.00     0.00
06:55:00     0.00     0.00     0.00     0.00     0.00
06:55:05     0.00     0.00     0.00     0.00     0.00
06:55:10     0.00     0.00     0.00     0.00     0.00
06:55:15     0.00     0.00     0.00     0.00     0.00
06:55:20     0.00     0.00     0.00     0.00     0.00
06:55:25     0.00     0.00     0.00     0.00     0.00
06:55:30     0.00     0.00     0.00     0.00     0.00
06:55:35     0.00     0.00     0.00     0.00     0.00
06:55:40     0.00     0.00     0.00     0.00     0.00
06:55:45     0.00     0.00     0.00     0.00     0.00
06:55:50     0.00     0.00     0.00     0.00     0.00
06:55:55     0.00     0.00     0.00     0.00     0.00
06:56:00     0.00     0.00     0.00     0.00     0.00
06:56:05     0.00     0.00     0.00     0.00     0.00
06:56:10     0.00     0.00     0.00     0.00     0.00
06:56:15     0.00     0.00     0.00     0.00     0.00
06:56:20     0.00     0.00     0.00     0.00     0.00
06:56:25     0.00     0.00     0.00     0.00     0.00
06:56:30     0.00     0.00     0.00     0.00     0.00
06:56:35     0.00     0.00     0.00     0.00     0.00
06:56:40     0.00     0.00     0.00     0.00     0.00
06:56:45     0.00     0.00     0.00     0.00     0.00
06:56:50     0.00     0.00     0.00     0.00     0.00
06:56:55     0.00     0.00     0.00     0.00     0.00
06:57:00     0.00     0.00     0.00     0.00     0.00
06:57:05     0.00     0.00     0.00     0.00     0.00
06:57:10     0.00     0.00     0.00     0.00     0.00
06:57:15     0.00     0.00     0.00     0.00     0.00
06:57:20     0.00     0.00     0.00     0.00     0.00
06:57:25     0.00     0.00     0.00     0.00     0.00
06:57:30     0.00     0.00     0.00     0.00     0.00
06:57:35     0.00     0.00     0.00     0.00     0.00
06:57:40     0.00     0.00     0.00     0.00     0.00
06:57:45     0.00     0.00     0.00     0.00     0.00
06:57:50     0.00     0.00     0.00     0.00     0.00
06:57:55     0.00     0.00     0.00     0.00     0.00
06:58:00     0.00     0.00     0.00     0.00     0.00
06:58:05     0.00     0.00     0.00     0.00     0.00
06:58:10     0.00     0.00     0.00     0.00     0.00
06:58:15     0.00     0.00     0.00     0.00     0.00
06:58:20     0.00     0.00     0.00     0.00     0.00
06:58:25     0.00     0.00     0.00     0.00     0.00
06:58:30     0.00     0.00     0.00     0.00     0.00
06:58:35     0.00     0.00     0.00     0.00     0.00
06:58:40     0.00     0.00     0.00     0.00     0.00
06:58:45     0.00     0.00     0.00     0.00     0.00
06:58:50     0.00     0.00     0.00     0.00     0.00
06:58:55     0.00     0.00     0.00     0.00     0.00
06:59:00     0.00     0.00     0.00     0.00     0.00
06:59:05     0.00     0.00     0.00     0.00     0.00
06:59:10     0.00     0.00     0.00     0.00     0.00
06:59:15     0.00     0.00     0.00     0.00     0.00
06:59:20     0.00     0.00     0.00     0.00     0.00
06:59:25     0.00     0.00     0.00     0.00     0.00
06:59:30     0.00     0.00     0.00     0.00     0.00
06:59:35     0.00     0.00     0.00     0.00     0.00
06:59:40     0.00     0.00     0.00     0.00     0.00
06:59:45     0.00     0.00     0.00     0.00     0.00
06:59:50     0.00     0.00     0.00     0.00     0.00
06:59:55     0.00     0.00     0.00     0.00     0.00
07:00:00     0.00     0.00     0.00     0.00     0.00
07:00:05     0.00     0.00     0.00     0.00     0.00
07:00:10     0.00     0.00     0.00     0.00     0.00
07:00:15     0.00     0.00     0.00     0.00     0.00
07:00:20     0.00     0.00     0.00     0.00     0.00
07:00:25     0.00     0.00     0.00     0.00     0.00
07:00:30     0.00     0.00     0.00     0.00     0.00
07:00:35     0.00     0.00     0.00     0.00     0.00
07:00:40     0.00     0.00     0.00     0.00     0.00
07:00:45     0.00     0.00     0.00     0.00     0.00
07:00:50     0.00     0.00     0.00     0.00     0.00
07:00:55     0.00     0.00     0.00     0.00     0.00
07:01:00     0.00     0.00     0.00     0.00     0.00
07:01:05     0.00     0.00     0.00     0.00     0.00
07:01:10     0.00     0.00     0.00     0.00     0.00
07:01:15     0.00     0.00     0.00     0.00     0.00
07:01:20     0.00     0.00     0.00     0.00     0.00
07:01:25     0.00     0.00     0.00     0.00     0.00
07:01:30     0.00     0.00     0.00     0.00     0.00
07:01:35     0.00     0.00     0.00     0.00     0.00
07:01:40     0.00     0.00     0.00     0.00     0.00
07:01:45     0.00     0.00     0.00     0.00     0.00
07:01:50     0.00     0.00     0.00     0.00     0.00
07:01:55     0.00     0.00     0.00     0.00     0.00
07:02:00     0.00     0.00     0.00     0.00     0.00
07:02:05     0.00     0.00     0.00     0.00     0.00
07:02:10     0.00     0.00     0.00     0.00     0.00
07:02:15     0.00     0.00     0.00     0.00     0.00
07:02:20     0.00     0.00     0.00     0.00     0.00
07:02:25     0.00     0.00     0.00     0.00     0.00
07:02:30     0.00     0.00     0.00     0.00     0.00
07:02:35     0.00     0.00     0.00     0.00     0.00
07:02:40     0.00     0.00     0.00     0.00     0.00
07:02:45     0.00     0.00     0.00     0.00     0.00
07:02:51     0.00     0.00     0.00     0.00     0.00
07:02:56     0.00     0.00     0.00     0.00     0.00
07:03:01     0.00     0.00     0.00     0.00     0.00
07:03:06     0.00     0.00     0.00     0.00     0.00
07:03:11     0.00     0.00     0.00     0.00     0.00
07:03:16     0.00     0.00     0.00     0.00     0.00
07:03:21     0.00     0.00     0.00     0.00     0.00
07:03:26     0.00     0.00     0.00     0.00     0.00
07:03:31     0.00     0.00     0.00     0.00     0.00
07:03:36     0.00     0.00     0.00     0.00     0.00
07:03:41     0.00     0.00     0.00     0.00     0.00
07:03:46     0.00     0.00     0.00     0.00     0.00
07:03:51     0.00     0.00     0.00     0.00     0.00
07:03:56     0.00     0.00     0.00     0.00     0.00
07:04:01     0.00     0.00     0.00     0.00     0.00
07:04:06     0.00     0.00     0.00     0.00     0.00
07:04:11     0.00     0.00     0.00     0.00     0.00
07:04:16     0.00     0.00     0.00     0.00     0.00
07:04:21     0.00     0.00     0.00     0.00     0.00
07:04:26     0.00     0.00     0.00     0.00     0.00
07:04:31     0.00     0.00     0.00     0.00     0.00
07:04:36     0.00     0.00     0.00     0.00     0.00
07:04:41     0.00     0.00     0.00     0.00     0.00
07:04:46     0.00     0.00     0.00     0.00     0.00
07:04:51     0.00     0.00     0.00     0.00     0.00
07:04:56     0.00     0.00     0.00     0.00     0.00
07:05:01     0.00     0.00     0.00     0.00     0.00
07:05:06     0.00     0.00     0.00     0.00     0.00
07:05:11     0.00     0.00     0.00     0.00     0.00
07:05:16     0.00     0.00     0.00     0.00     0.00
07:05:21     0.00     0.00     0.00     0.00     0.00
07:05:26     0.00     0.00     0.00     0.00     0.00
07:05:31     0.00     0.00     0.00     0.00     0.00
07:05:36     0.00     0.00     0.00     0.00     0.00
07:05:41     0.00     0.00     0.00     0.00     0.00
07:05:46     0.00     0.00     0.00     0.00     0.00
07:05:51     0.00     0.00     0.00     0.00     0.00
07:05:56     0.00     0.00     0.00     0.00     0.00
07:06:01     0.00     0.00     0.00     0.00     0.00
07:06:06     0.00     0.00     0.00     0.00     0.00
07:06:11     0.00     0.00     0.00     0.00     0.00
07:06:16     0.00     0.00     0.00     0.00     0.00
07:06:21     0.00     0.00     0.00     0.00     0.00
07:06:26     0.00     0.00     0.00     0.00     0.00
07:06:31     0.00     0.00     0.00     0.00     0.00
07:06:36     0.00     0.00     0.00     0.00     0.00
07:06:41     0.00     0.00     0.00     0.00     0.00
07:06:46     0.00     0.00     0.00     0.00     0.00
07:06:51     0.00     0.00     0.00     0.00     0.00
07:06:56     0.00     0.00     0.00     0.00     0.00
07:07:01     0.00     0.00     0.00     0.00     0.00
07:07:06     0.00     0.00     0.00     0.00     0.00
07:07:11     0.00     0.00     0.00     0.00     0.00
07:07:16     0.00     0.00     0.00     0.00     0.00
07:07:21     0.00     0.00     0.00     0.00     0.00
07:07:26     0.00     0.00     0.00     0.00     0.00
07:07:31     0.00     0.00     0.00     0.00     0.00
07:07:36     0.00     0.00     0.00     0.00     0.00
07:07:41     0.00     0.00     0.00     0.00     0.00
07:07:46     0.00     0.00     0.00     0.00     0.00
07:07:51     0.00     0.00     0.00     0.00     0.00
07:07:56     0.00     0.00     0.00     0.00     0.00
07:08:01     0.00     0.00     0.00     0.00     0.00
07:08:06     0.00     0.00     0.00     0.00     0.00
07:08:11     0.00     0.00     0.00     0.00     0.00
07:08:16     0.00     0.00     0.00     0.00     0.00
07:08:21     0.00     0.00     0.00     0.00     0.00
07:08:26     0.00     0.00     0.00     0.00     0.00
07:08:31     0.00     0.00     0.00     0.00     0.00
07:08:36     0.00     0.00     0.00     0.00     0.00
07:08:41     0.00     0.00     0.00     0.00     0.00
07:08:46     0.00     0.00     0.00     0.00     0.00
07:08:51     0.00     0.00     0.00     0.00     0.00
07:08:56     0.00     0.00     0.00     0.00     0.00
07:09:01     0.00     0.00     0.00     0.00     0.00
07:09:06     0.00     0.00     0.00     0.00     0.00
07:09:11     0.00     0.00     0.00     0.00     0.00
07:09:16     0.00     0.00     0.00     0.00     0.00
07:09:21     0.00     0.00     0.00     0.00     0.00
07:09:26     0.00     0.00     0.00     0.00     0.00
07:09:31     0.00     0.00     0.00     0.00     0.00
07:09:36     0.00     0.00     0.00     0.00     0.00
07:09:41     0.00     0.00     0.00     0.00     0.00
07:09:46     0.00     0.00     0.00     0.00     0.00
07:09:51     0.00     0.00     0.00     0.00     0.00
07:09:56     0.00     0.00     0.00     0.00     0.00
07:10:01     0.00     0.00     0.00     0.00     0.00
07:10:06     0.00     0.00     0.00     0.00     0.00
07:10:11     0.00     0.00     0.00     0.00     0.00
07:10:16     0.00     0.00     0.00     0.00     0.00
07:10:21     0.00     0.00     0.00     0.00     0.00
07:10:26     0.00     0.00     0.00     0.00     0.00
07:10:31     0.00     0.00     0.00     0.00     0.00
07:10:36     0.00     0.00     0.00     0.00     0.00
07:10:41     0.00     0.00     0.00     0.00     0.00
07:10:46     0.00     0.00     0.00     0.00     0.00
07:10:51     0.00     0.00     0.00     0.00     0.00
07:10:56     0.00     0.00     0.00     0.00     0.00
07:11:01     0.00     0.00     0.00     0.00     0.00
07:11:06     0.00     0.00     0.00     0.00     0.00
07:11:12     0.00     0.00     0.00     0.00     0.00
07:11:17     0.00     0.00     0.00     0.00     0.00
07:11:22     0.00     0.00     0.00     0.00     0.00
07:11:27     0.00     0.00     0.00     0.00     0.00
07:11:32     0.00     0.00     0.00     0.00     0.00
07:11:37     0.00     0.00     0.00     0.00     0.00
07:11:42     0.00     0.00     0.00     0.00     0.00
07:11:47     0.00     0.00     0.00     0.00     0.00
07:11:52     0.00     0.00     0.00     0.00     0.00
07:11:57     0.00     0.00     0.00     0.00     0.00
07:12:02     0.00     0.00     0.00     0.00     0.00
07:12:07     0.00     0.00     0.00     0.00     0.00
07:12:12     0.00     0.00     0.00     0.00     0.00
07:12:17     0.00     0.00     0.00     0.00     0.00
07:12:22     0.00     0.00     0.00     0.00     0.00
07:12:27     0.00     0.00     0.00     0.00     0.00
07:12:32     0.00     0.00     0.00     0.00     0.00
07:12:37     0.00     0.00     0.00     0.00     0.00
07:12:42     0.00     0.00     0.00     0.00     0.00
07:12:47     0.00     0.00     0.00     0.00     0.00
07:12:52     0.00     0.00     0.00     0.00     0.00
07:12:57     0.00     0.00     0.00     0.00     0.00
07:13:02     0.00     0.00     0.00     0.00     0.00
07:13:07     0.00     0.00     0.00     0.00     0.00
07:13:12     0.00     0.00     0.00     0.00     0.00
07:13:17     0.00     0.00     0.00     0.00     0.00
07:13:22     0.00     0.00     0.00     0.00     0.00
07:13:27     0.00     0.00     0.00     0.00     0.00
07:13:32     0.00     0.00     0.00     0.00     0.00
07:13:37     0.00     0.00     0.00     0.00     0.00
07:13:42     0.00     0.00     0.00     0.00     0.00
07:13:47     0.00     0.00     0.00     0.00     0.00
07:13:52     0.00     0.00     0.00     0.00     0.00
07:13:57     0.00     0.00     0.00     0.00     0.00
07:14:02     0.00     0.00     0.00     0.00     0.00
07:14:07     0.00     0.00     0.00     0.00     0.00
07:14:12     0.00     0.00     0.00     0.00     0.00
07:14:17     0.00     0.00     0.00     0.00     0.00
07:14:22     0.00     0.00     0.00     0.00     0.00
07:14:27     0.00     0.00     0.00     0.00     0.00
07:14:32     0.00     0.00     0.00     0.00     0.00
07:14:37     0.00     0.00     0.00     0.00     0.00
07:14:42     0.00     0.00     0.00     0.00     0.00
07:14:47     0.00     0.00     0.00     0.00     0.00
07:14:52     0.00     0.00     0.00     0.00     0.00
07:14:57     0.00     0.00     0.00     0.00     0.00
07:15:02     0.00     0.00     0.00     0.00     0.00
07:15:07     0.00     0.00     0.00     0.00     0.00
07:15:12     0.00     0.00     0.00     0.00     0.00
07:15:17     0.00     0.00     0.00     0.00     0.00
07:15:22     0.00     0.00     0.00     0.00     0.00
07:15:27     0.00     0.00     0.00     0.00     0.00
07:15:32     0.00     0.00     0.00     0.00     0.00
07:15:37     0.00     0.00     0.00     0.00     0.00
07:15:42     0.00     0.00     0.00     0.00     0.00
07:15:47     0.00     0.00     0.00     0.00     0.00
07:15:52     0.00     0.00     0.00     0.00     0.00
07:15:57     0.00     0.00     0.00     0.00     0.00
07:16:02     0.00     0.00     0.00     0.00     0.00
07:16:07     0.00     0.00     0.00     0.00     0.00
07:16:12     0.00     0.00     0.00     0.00     0.00
07:16:17     0.00     0.00     0.00     0.00     0.00
07:16:22     0.00     0.00     0.00     0.00     0.00
07:16:27     0.00     0.00     0.00     0.00     0.00
07:16:32     0.00     0.00     0.00     0.00     0.00
07:16:37     0.00     0.00     0.00     0.00     0.00
07:16:42     0.00     0.00     0.00     0.00     0.00
07:16:47     0.00     0.00     0.00     0.00     0.00
07:16:52     0.00     0.00     0.00     0.00     0.00
07:16:57     0.00     0.00     0.00     0.00     0.00
07:17:02     0.00     0.00     0.00     0.00     0.00
07:17:07     0.00     0.00     0.00     0.00     0.00
07:17:12     0.00     0.00     0.00     0.00     0.00
07:17:17     0.00     0.00     0.00     0.00     0.00
07:17:22     0.00     0.00     0.00     0.00     0.00
07:17:27     0.00     0.00     0.00     0.00     0.00
07:17:32     0.00     0.00     0.00     0.00     0.00
07:17:37     0.00     0.00     0.00     0.00     0.00
07:17:42     0.00     0.00     0.00     0.00     0.00
07:17:47     0.00     0.00     0.00     0.00     0.00
07:17:52     0.00     0.00     0.00     0.00     0.00
07:17:57     0.00     0.00     0.00     0.00     0.00
07:18:02     0.00     0.00     0.00     0.00     0.00
07:18:07     0.00     0.00     0.00     0.00     0.00
07:18:12     0.00     0.00     0.00     0.00     0.00
