This is pdfTeXk, Version 3.141592-1.40.3 (Web2C 7.5.6) (format=pdflatex 2010.3.13)  1 JUL 2010 22:35
entering extended mode
 %&-line parsing enabled.
**\nonstopmode\input{hotpower08.tex}
(./hotpower08.tex (./usetex-v1.cls
Document Class: usetex-v1 2002/10/31 v1.2 usetex Usenix article class
(/usr/share/texmf-texlive/tex/latex/base/article.cls
Document Class: article 2005/09/16 v1.4f Standard LaTeX document class
(/usr/share/texmf-texlive/tex/latex/base/size10.clo
File: size10.clo 2005/09/16 v1.4f Standard LaTeX file (size option)
)
\c@part=\count79
\c@section=\count80
\c@subsection=\count81
\c@subsubsection=\count82
\c@paragraph=\count83
\c@subparagraph=\count84
\c@figure=\count85
\c@table=\count86
\abovecaptionskip=\skip41
\belowcaptionskip=\skip42
\bibindent=\dimen102
)
\@discard=\box26

(/usr/share/texmf-texlive/tex/latex/psnfss/times.sty
Package: times 2005/04/12 PSNFSS-v9.2a (SPQR) 
)
\@sectionaboveskip=\skip43
\@sectionbelowskip=\skip44
\@subsectionaboveskip=\skip45
)
(/usr/share/texmf-texlive/tex/latex/graphics/graphicx.sty
Package: graphicx 1999/02/16 v1.0f Enhanced LaTeX Graphics (DPC,SPQR)

(/usr/share/texmf-texlive/tex/latex/graphics/keyval.sty
Package: keyval 1999/03/16 v1.13 key=value parser (DPC)
\KV@toks@=\toks14
)
(/usr/share/texmf-texlive/tex/latex/graphics/graphics.sty
Package: graphics 2006/02/20 v1.0o Standard LaTeX Graphics (DPC,SPQR)

(/usr/share/texmf-texlive/tex/latex/graphics/trig.sty
Package: trig 1999/03/16 v1.09 sin cos tan (DPC)
)
(/etc/texmf/tex/latex/config/graphics.cfg
File: graphics.cfg 2007/01/18 v1.5 graphics configuration of teTeX/TeXLive
)
Package graphics Info: Driver file: pdftex.def on input line 90.

(/usr/share/texmf-texlive/tex/latex/pdftex-def/pdftex.def
File: pdftex.def 2007/01/08 v0.04d Graphics/color for pdfTeX
\Gread@gobject=\count87
))
\Gin@req@height=\dimen103
\Gin@req@width=\dimen104
)
(/usr/share/texmf-texlive/tex/latex/amsmath/amsmath.sty
Package: amsmath 2000/07/18 v2.13 AMS math features
\@mathmargin=\skip46

For additional information on amsmath, use the `?' option.
(/usr/share/texmf-texlive/tex/latex/amsmath/amstext.sty
Package: amstext 2000/06/29 v2.01

(/usr/share/texmf-texlive/tex/latex/amsmath/amsgen.sty
File: amsgen.sty 1999/11/30 v2.0
\@emptytoks=\toks15
\ex@=\dimen105
))
(/usr/share/texmf-texlive/tex/latex/amsmath/amsbsy.sty
Package: amsbsy 1999/11/29 v1.2d
\pmbraise@=\dimen106
)
(/usr/share/texmf-texlive/tex/latex/amsmath/amsopn.sty
Package: amsopn 1999/12/14 v2.01 operator names
)
\inf@bad=\count88
LaTeX Info: Redefining \frac on input line 211.
\uproot@=\count89
\leftroot@=\count90
LaTeX Info: Redefining \overline on input line 307.
\classnum@=\count91
\DOTSCASE@=\count92
LaTeX Info: Redefining \ldots on input line 379.
LaTeX Info: Redefining \dots on input line 382.
LaTeX Info: Redefining \cdots on input line 467.
\Mathstrutbox@=\box27
\strutbox@=\box28
\big@size=\dimen107
LaTeX Font Info:    Redeclaring font encoding OML on input line 567.
LaTeX Font Info:    Redeclaring font encoding OMS on input line 568.
\macc@depth=\count93
\c@MaxMatrixCols=\count94
\dotsspace@=\muskip10
\c@parentequation=\count95
\dspbrk@lvl=\count96
\tag@help=\toks16
\row@=\count97
\column@=\count98
\maxfields@=\count99
\andhelp@=\toks17
\eqnshift@=\dimen108
\alignsep@=\dimen109
\tagshift@=\dimen110
\tagwidth@=\dimen111
\totwidth@=\dimen112
\lineht@=\dimen113
\@envbody=\toks18
\multlinegap=\skip47
\multlinetaggap=\skip48
\mathdisplay@stack=\toks19
LaTeX Info: Redefining \[ on input line 2666.
LaTeX Info: Redefining \] on input line 2667.
)
(/usr/share/texmf-texlive/tex/latex/amscls/amsthm.sty
Package: amsthm 2004/08/06 v2.20
\thm@style=\toks20
\thm@bodyfont=\toks21
\thm@headfont=\toks22
\thm@notefont=\toks23
\thm@headpunct=\toks24
\thm@preskip=\skip49
\thm@postskip=\skip50
\thm@headsep=\skip51
\dth@everypar=\toks25
) (./url.sty
Package: url 1999/03/02  ver 1.4  Verb mode for urls, email addresses, and file
 names
)
(/usr/share/texmf-texlive/tex/latex/setspace/setspace.sty
Package: setspace 2000/12/01 6.7 Contributed and Supported LaTeX2e package

Package: `setspace' 6.7 <2000/12/01>
)

LaTeX Warning: Unused global option(s):
    [times].

(./hotpower08.aux)
\openout1 = `hotpower08.aux'.

LaTeX Font Info:    Checking defaults for OML/cmm/m/it on input line 17.
LaTeX Font Info:    ... okay on input line 17.
LaTeX Font Info:    Checking defaults for T1/cmr/m/n on input line 17.
LaTeX Font Info:    ... okay on input line 17.
LaTeX Font Info:    Checking defaults for OT1/cmr/m/n on input line 17.
LaTeX Font Info:    ... okay on input line 17.
LaTeX Font Info:    Checking defaults for OMS/cmsy/m/n on input line 17.
LaTeX Font Info:    ... okay on input line 17.
LaTeX Font Info:    Checking defaults for OMX/cmex/m/n on input line 17.
LaTeX Font Info:    ... okay on input line 17.
LaTeX Font Info:    Checking defaults for U/cmr/m/n on input line 17.
LaTeX Font Info:    ... okay on input line 17.
LaTeX Font Info:    Try loading font information for OT1+ptm on input line 17.
 (/usr/share/texmf-texlive/tex/latex/psnfss/ot1ptm.fd
File: ot1ptm.fd 2001/06/04 font definitions for OT1/ptm.
)
LaTeX Font Info:    Font shape `OT1/ptm/bx/n' in size <14.4> not available
(Font)              Font shape `OT1/ptm/b/n' tried instead on input line 27.
LaTeX Font Info:    Try loading font information for OT1+pcr on input line 27.

(/usr/share/texmf-texlive/tex/latex/psnfss/ot1pcr.fd
File: ot1pcr.fd 2001/06/04 font definitions for OT1/pcr.
)
\c@defn=\count100
\c@thm=\count101
LaTeX Font Info:    Font shape `OT1/ptm/bx/n' in size <12> not available
(Font)              Font shape `OT1/ptm/b/n' tried instead on input line 32.
 [1{/var/lib/texmf/fonts/map/pdftex/updmap/pdftex.map}


]
LaTeX Font Info:    Font shape `OT1/ptm/bx/n' in size <10> not available
(Font)              Font shape `OT1/ptm/b/n' tried instead on input line 188.
 <x2200sys.pdf, id=9, 580.5088pt x 512.99654pt>
File: x2200sys.pdf Graphic file (type pdf)

<use x2200sys.pdf> [2] [3 <./x2200sys.pdf>]
<geomean.pdf, id=29, 670.505pt x 517.935pt>
File: geomean.pdf Graphic file (type pdf)
 <use geomean.pdf>
<ppwrcputemp.png, id=30, 539.616pt x 404.712pt>
File: ppwrcputemp.png Graphic file (type png)
 <use ppwrcputemp.png>
Overfull \hbox (1.90002pt too wide) in paragraph at lines 336--348
[][] [] 
 []


Underfull \hbox (badness 4353) in paragraph at lines 471--479
[]\OT1/ptm/m/n/10 The com-pu-ta-tion method-ol-ogy used in this pa-per
 []


Underfull \hbox (badness 2573) in paragraph at lines 471--479
\OT1/ptm/m/n/10 can be ex-tended to other ar-chi-tec-tures. For ex-am-
 []


Underfull \hbox (badness 10000) in paragraph at lines 471--479
\OT1/ptm/m/n/10 ple, we would mea-sure Xeon per-for-mance coun-
 []


Underfull \hbox (badness 10000) in paragraph at lines 471--479
\OT1/ptm/m/n/10 ters like \OT1/pcr/m/n/10 BUS[]TRANS[]ANY\OT1/ptm/m/n/10 , \OT1
/pcr/m/n/10 BUS[]TRANS[]MEM\OT1/ptm/m/n/10 , and
 []


Underfull \hbox (badness 3657) in paragraph at lines 471--479
\OT1/pcr/m/n/10 BUS[]TRANS[]BURST\OT1/ptm/m/n/10 . Sim-i-lar model de-vel-op-me
nt and
 []


Underfull \hbox (badness 1189) in paragraph at lines 471--479
\OT1/ptm/m/n/10 quad core Xeons in dif-fer-ent pro-ces-sor con-fig-u-ra-tions.
 []

[4] (./hotpower08.bbl
LaTeX Font Info:    Try loading font information for OMS+ptm on input line 30.
 (/usr/share/texmf-texlive/tex/latex/psnfss/omsptm.fd
File: omsptm.fd 
)
LaTeX Font Info:    Font shape `OMS/ptm/m/n' in size <9> not available
(Font)              Font shape `OMS/cmsy/m/n' tried instead on input line 30.
)
[5 <./geomean.pdf> <./ppwrcputemp.png (PNG copy)>] (./hotpower08.aux) ) 
Here is how much of TeX's memory you used:
 1587 strings out of 95086
 18834 string characters out of 1183255
 74942 words of memory out of 1500000
 4741 multiletter control sequences out of 10000+50000
 25796 words of font info for 58 fonts, out of 1200000 for 2000
 28 hyphenation exceptions out of 8191
 30i,10n,21p,245b,371s stack positions out of 5000i,500n,6000p,200000b,5000s
{/usr/sh
are/texmf-texlive/fonts/enc/dvips/base/8r.enc}</usr/share/texmf-texlive/fonts/t
ype1/bluesky/cm/cmbx10.pfb></usr/share/texmf-texlive/fonts/type1/bluesky/cm/cmb
x7.pfb></usr/share/texmf-texlive/fonts/type1/bluesky/cm/cmex10.pfb></usr/share/
texmf-texlive/fonts/type1/bluesky/cm/cmmi10.pfb></usr/share/texmf-texlive/fonts
/type1/bluesky/cm/cmmi7.pfb></usr/share/texmf-texlive/fonts/type1/bluesky/cm/cm
r10.pfb></usr/share/texmf-texlive/fonts/type1/bluesky/cm/cmr5.pfb></usr/share/t
exmf-texlive/fonts/type1/bluesky/cm/cmr7.pfb></usr/share/texmf-texlive/fonts/ty
pe1/bluesky/cm/cmsy10.pfb></usr/share/texmf-texlive/fonts/type1/bluesky/cm/cmsy
7.pfb></usr/share/texmf-texlive/fonts/type1/bluesky/cm/cmsy9.pfb></usr/share/te
xmf-texlive/fonts/type1/urw/courier/ucrr8a.pfb></usr/share/texmf-texlive/fonts/
type1/urw/times/utmb8a.pfb></usr/share/texmf-texlive/fonts/type1/urw/times/utmr
8a.pfb></usr/share/texmf-texlive/fonts/type1/urw/times/utmri8a.pfb>
Output written on hotpower08.pdf (5 pages, 199051 bytes).
PDF statistics:
 94 PDF objects out of 1000 (max. 8388607)
 0 named destinations out of 1000 (max. 131072)
 16 words of extra memory for PDF output out of 10000 (max. 10000000)

