/opt/wattsup/benchcmd.sh 429.mcf
~/Research/cpu2006 ~/Research/vmpowermgt/Programs/scheduler/Analysis/amd/x2200/cross2
runspec v4662 - Copyright 1999-2006 Standard Performance Evaluation Corporation
Using 'solaris-x86' tools
Reading MANIFEST... 17935 files
Loading runspec modules...............
Locating benchmarks...found 31 benchmarks in 12 benchsets.
Locating output formats: ASCII, config, CSV, flags, HTML, mail, PDF, PostScript, raw, Screen, Submission Check
Reading config file '/export/home/awl8049/Research/cpu2006/config/powermodel.cfg'
Benchmarks selected: 429.mcf
Compiling Binaries
  Up to date 429.mcf ref base mar30.amd64 default


Parsing Flags
  Looking at 429.mcf base mar30.amd64 default: done
Flag Parsing Complete

Setting Up Run Directories
  Setting up 429.mcf ref base mar30.amd64 default: existing (run_base_ref_mar30.amd64.0000)
Running Benchmarks
  Running 429.mcf ref base mar30.amd64 default
Success: 1x429.mcf
Producing Reports
mach: default
  ext: mar30.amd64
    size: ref
      set: int
        format: raw -> /export/home/awl8049/Research/cpu2006/result/CINT2006.307.rsf
        format: flags -> /export/home/awl8049/Research/cpu2006/result/CINT2006.307.flags.html
        format: ASCII -> /export/home/awl8049/Research/cpu2006/result/CINT2006.307.txt
        format: HTML -> /export/home/awl8049/Research/cpu2006/result/CINT2006.307.html, CINT2006.307.gif
      set: fp

The log for this run is in /export/home/awl8049/Research/cpu2006/result/CPU2006.307.log

runspec finished at Sun May 10 15:16:02 2009; 1343 total seconds elapsed
~/Research/vmpowermgt/Programs/scheduler/Analysis/amd/x2200/cross2
