
SunOS canfire03 5.11 onnv-gate i86pc    05/10/2009

14:48:39  pgout/s ppgout/s pgfree/s pgscan/s %ufs_ipf
14:48:45     0.00     0.00     0.00     0.00     0.00
14:48:50     0.00     0.00     0.00     0.00     0.00
14:48:55     0.00     0.00     0.00     0.00     0.00
14:49:00     0.00     0.00     0.00     0.00     0.00
14:49:05     0.00     0.00     0.00     0.00     0.00
14:49:10     0.00     0.00     0.00     0.00     0.00
14:49:15     0.00     0.00     0.00     0.00     0.00
14:49:20     0.00     0.00     0.00     0.00     0.00
14:49:25     0.00     0.00     0.00     0.00     0.00
14:49:30     0.00     0.00     0.00     0.00     0.00
14:49:35     0.00     0.00     0.00     0.00     0.00
14:49:40     0.00     0.00     0.00     0.00     0.00
14:49:45     0.00     0.00     0.00     0.00     0.00
14:49:50     0.00     0.00     0.00     0.00     0.00
14:49:55     0.00     0.00     0.00     0.00     0.00
14:50:00     0.00     0.00     0.00     0.00     0.00
14:50:05     0.00     0.00     0.00     0.00     0.00
14:50:10     0.00     0.00     0.00     0.00     0.00
14:50:15     0.00     0.00     0.00     0.00     0.00
14:50:20     0.00     0.00     0.00     0.00     0.00
14:50:25     0.00     0.00     0.00     0.00     0.00
14:50:30     0.00     0.00     0.00     0.00     0.00
14:50:35     0.00     0.00     0.00     0.00     0.00
14:50:40     0.00     0.00     0.00     0.00     0.00
14:50:45     0.00     0.00     0.00     0.00     0.00
14:50:50     0.00     0.00     0.00     0.00     0.00
14:50:55     0.00     0.00     0.00     0.00     0.00
14:51:00     0.00     0.00     0.00     0.00     0.00
14:51:05     0.00     0.00     0.00     0.00     0.00
14:51:10     0.00     0.00     0.00     0.00     0.00
14:51:15     0.00     0.00     0.00     0.00     0.00
14:51:20     0.00     0.00     0.00     0.00     0.00
14:51:25     0.00     0.00     0.00     0.00     0.00
14:51:30     0.00     0.00     0.00     0.00     0.00
14:51:35     0.00     0.00     0.00     0.00     0.00
14:51:40     0.00     0.00     0.00     0.00     0.00
14:51:45     0.00     0.00     0.00     0.00     0.00
14:51:50     0.00     0.00     0.00     0.00     0.00
14:51:55     0.00     0.00     0.00     0.00     0.00
14:52:00     0.00     0.00     0.00     0.00     0.00
14:52:05     0.00     0.00     0.00     0.00     0.00
14:52:10     0.00     0.00     0.00     0.00     0.00
14:52:15     0.00     0.00     0.00     0.00     0.00
14:52:20     0.00     0.00     0.00     0.00     0.00
14:52:25     0.00     0.00     0.00     0.00     0.00
14:52:30     0.00     0.00     0.00     0.00     0.00
14:52:35     0.00     0.00     0.00     0.00     0.00
14:52:40     0.00     0.00     0.00     0.00     0.00
14:52:45     0.00     0.00     0.00     0.00     0.00
14:52:50     0.00     0.00     0.00     0.00     0.00
14:52:55     0.00     0.00     0.00     0.00     0.00
14:53:00     0.00     0.00     0.00     0.00     0.00
14:53:05     0.00     0.00     0.00     0.00     0.00
14:53:10     0.00     0.00     0.00     0.00     0.00
14:53:15     0.00     0.00     0.00     0.00     0.00
14:53:20     0.00     0.00     0.00     0.00     0.00
14:53:25     0.00     0.00     0.00     0.00     0.00
14:53:30     0.00     0.00     0.00     0.00     0.00
14:53:35     0.00     0.00     0.00     0.00     0.00
14:53:40     0.00     0.00     0.00     0.00     0.00
14:53:45     0.00     0.00     0.00     0.00     0.00
14:53:50     0.00     0.00     0.00     0.00     0.00
14:53:55     0.00     0.00     0.00     0.00     0.00
14:54:00     0.00     0.00     0.00     0.00     0.00
14:54:05     0.00     0.00     0.00     0.00     0.00
14:54:10     0.00     0.00     0.00     0.00     0.00
14:54:15     0.00     0.00     0.00     0.00     0.00
14:54:20     0.00     0.00     0.00     0.00     0.00
14:54:25     0.00     0.00     0.00     0.00     0.00
14:54:30     0.00     0.00     0.00     0.00     0.00
14:54:35     0.00     0.00     0.00     0.00     0.00
14:54:40     0.00     0.00     0.00     0.00     0.00
14:54:45     0.00     0.00     0.00     0.00     0.00
14:54:50     0.00     0.00     0.00     0.00     0.00
14:54:55     0.00     0.00     0.00     0.00     0.00
14:55:00     0.00     0.00     0.00     0.00     0.00
14:55:05     0.00     0.00     0.00     0.00     0.00
14:55:10     0.00     0.00     0.00     0.00     0.00
14:55:15     0.00     0.00     0.00     0.00     0.00
14:55:20     0.00     0.00     0.00     0.00     0.00
14:55:25     0.00     0.00     0.00     0.00     0.00
14:55:30     0.00     0.00     0.00     0.00     0.00
14:55:35     0.00     0.00     0.00     0.00     0.00
14:55:40     0.00     0.00     0.00     0.00     0.00
14:55:45     0.00     0.00     0.00     0.00     0.00
14:55:50     0.00     0.00     0.00     0.00     0.00
14:55:55     0.00     0.00     0.00     0.00     0.00
14:56:00     0.00     0.00     0.00     0.00     0.00
14:56:05     0.00     0.00     0.00     0.00     0.00
14:56:10     0.00     0.00     0.00     0.00     0.00
14:56:15     0.00     0.00     0.00     0.00     0.00
14:56:20     0.00     0.00     0.00     0.00     0.00
14:56:25     0.00     0.00     0.00     0.00     0.00
14:56:30     0.00     0.00     0.00     0.00     0.00
14:56:35     0.00     0.00     0.00     0.00     0.00
14:56:40     0.00     0.00     0.00     0.00     0.00
14:56:45     0.00     0.00     0.00     0.00     0.00
14:56:50     0.00     0.00     0.00     0.00     0.00
14:56:55     0.00     0.00     0.00     0.00     0.00
14:57:00     0.00     0.00     0.00     0.00     0.00
14:57:06     0.00     0.00     0.00     0.00     0.00
14:57:11     0.00     0.00     0.00     0.00     0.00
14:57:16     0.00     0.00     0.00     0.00     0.00
14:57:21     0.00     0.00     0.00     0.00     0.00
14:57:26     0.00     0.00     0.00     0.00     0.00
14:57:31     0.00     0.00     0.00     0.00     0.00
14:57:36     0.00     0.00     0.00     0.00     0.00
14:57:41     0.00     0.00     0.00     0.00     0.00
14:57:46     0.00     0.00     0.00     0.00     0.00
14:57:51     0.00     0.00     0.00     0.00     0.00
14:57:56     0.00     0.00     0.00     0.00     0.00
14:58:01     0.00     0.00     0.00     0.00     0.00
14:58:06     0.00     0.00     0.00     0.00     0.00
14:58:11     0.00     0.00     0.00     0.00     0.00
14:58:16     0.00     0.00     0.00     0.00     0.00
14:58:21     0.00     0.00     0.00     0.00     0.00
14:58:26     0.00     0.00     0.00     0.00     0.00
14:58:31     0.00     0.00     0.00     0.00     0.00
14:58:36     0.00     0.00     0.00     0.00     0.00
14:58:41     0.00     0.00     0.00     0.00     0.00
14:58:46     0.00     0.00     0.00     0.00     0.00
14:58:51     0.00     0.00     0.00     0.00     0.00
14:58:56     0.00     0.00     0.00     0.00     0.00
14:59:01     0.00     0.00     0.00     0.00     0.00
14:59:06     0.00     0.00     0.00     0.00     0.00
14:59:11     0.00     0.00     0.00     0.00     0.00
14:59:16     0.00     0.00     0.00     0.00     0.00
14:59:21     0.00     0.00     0.00     0.00     0.00
14:59:26     0.00     0.00     0.00     0.00     0.00
14:59:31     0.00     0.00     0.00     0.00     0.00
14:59:36     0.00     0.00     0.00     0.00     0.00
14:59:41     0.00     0.00     0.00     0.00     0.00
14:59:46     0.00     0.00     0.00     0.00     0.00
14:59:51     0.00     0.00     0.00     0.00     0.00
14:59:56     0.00     0.00     0.00     0.00     0.00
15:00:01     0.00     0.00     0.00     0.00     0.00
15:00:06     0.00     0.00     0.00     0.00     0.00
15:00:11     0.00     0.00     0.00     0.00     0.00
15:00:16     0.00     0.00     0.00     0.00     0.00
15:00:21     0.00     0.00     0.00     0.00     0.00
15:00:26     0.00     0.00     0.00     0.00     0.00
15:00:31     0.00     0.00     0.00     0.00     0.00
15:00:36     0.00     0.00     0.00     0.00     0.00
15:00:41     0.00     0.00     0.00     0.00     0.00
15:00:46     0.00     0.00     0.00     0.00     0.00
15:00:51     0.00     0.00     0.00     0.00     0.00
15:00:56     0.00     0.00     0.00     0.00     0.00
15:01:01     0.00     0.00     0.00     0.00     0.00
15:01:06     0.00     0.00     0.00     0.00     0.00
15:01:11     0.00     0.00     0.00     0.00     0.00
15:01:16     0.00     0.00     0.00     0.00     0.00
15:01:21     0.00     0.00     0.00     0.00     0.00
15:01:26     0.00     0.00     0.00     0.00     0.00
15:01:31     0.00     0.00     0.00     0.00     0.00
15:01:36     0.00     0.00     0.00     0.00     0.00
15:01:41     0.00     0.00     0.00     0.00     0.00
15:01:46     0.00     0.00     0.00     0.00     0.00
15:01:51     0.00     0.00     0.00     0.00     0.00
15:01:56     0.00     0.00     0.00     0.00     0.00
15:02:01     0.00     0.00     0.00     0.00     0.00
15:02:06     0.00     0.00     0.00     0.00     0.00
15:02:11     0.00     0.00     0.00     0.00     0.00
15:02:16     0.00     0.00     0.00     0.00     0.00
15:02:21     0.00     0.00     0.00     0.00     0.00
15:02:26     0.00     0.00     0.00     0.00     0.00
15:02:31     0.00     0.00     0.00     0.00     0.00
15:02:36     0.00     0.00     0.00     0.00     0.00
15:02:41     0.00     0.00     0.00     0.00     0.00
15:02:46     0.00     0.00     0.00     0.00     0.00
15:02:51     0.00     0.00     0.00     0.00     0.00
15:02:56     0.00     0.00     0.00     0.00     0.00
15:03:01     0.00     0.00     0.00     0.00     0.00
15:03:06     0.00     0.00     0.00     0.00     0.00
15:03:11     0.00     0.00     0.00     0.00     0.00
15:03:16     0.00     0.00     0.00     0.00     0.00
15:03:21     0.00     0.00     0.00     0.00     0.00
15:03:26     0.00     0.00     0.00     0.00     0.00
15:03:31     0.00     0.00     0.00     0.00     0.00
15:03:36     0.00     0.00     0.00     0.00     0.00
15:03:41     0.00     0.00     0.00     0.00     0.00
15:03:46     0.00     0.00     0.00     0.00     0.00
15:03:51     0.00     0.00     0.00     0.00     0.00
15:03:56     0.00     0.00     0.00     0.00     0.00
15:04:01     0.00     0.00     0.00     0.00     0.00
15:04:06     0.00     0.00     0.00     0.00     0.00
15:04:11     0.00     0.00     0.00     0.00     0.00
15:04:16     0.00     0.00     0.00     0.00     0.00
15:04:21     0.00     0.00     0.00     0.00     0.00
15:04:26     0.00     0.00     0.00     0.00     0.00
15:04:31     0.00     0.00     0.00     0.00     0.00
15:04:36     0.00     0.00     0.00     0.00     0.00
15:04:41     0.00     0.00     0.00     0.00     0.00
15:04:46     0.00     0.00     0.00     0.00     0.00
15:04:51     0.00     0.00     0.00     0.00     0.00
15:04:56     0.00     0.00     0.00     0.00     0.00
15:05:01     0.00     0.00     0.00     0.00     0.00
15:05:06     0.00     0.00     0.00     0.00     0.00
15:05:11     0.00     0.00     0.00     0.00     0.00
15:05:16     0.00     0.00     0.00     0.00     0.00
15:05:21     0.00     0.00     0.00     0.00     0.00
15:05:27     0.00     0.00     0.00     0.00     0.00
15:05:32     0.00     0.00     0.00     0.00     0.00
15:05:37     0.00     0.00     0.00     0.00     0.00
15:05:42     0.00     0.00     0.00     0.00     0.00
15:05:47     0.00     0.00     0.00     0.00     0.00
15:05:52     0.00     0.00     0.00     0.00     0.00
15:05:57     0.00     0.00     0.00     0.00     0.00
15:06:02     0.00     0.00     0.00     0.00     0.00
15:06:07     0.00     0.00     0.00     0.00     0.00
15:06:12     0.00     0.00     0.00     0.00     0.00
15:06:17     0.00     0.00     0.00     0.00     0.00
15:06:22     0.00     0.00     0.00     0.00     0.00
15:06:27     0.00     0.00     0.00     0.00     0.00
15:06:32     0.00     0.00     0.00     0.00     0.00
15:06:37     0.00     0.00     0.00     0.00     0.00
15:06:42     0.00     0.00     0.00     0.00     0.00
15:06:47     0.00     0.00     0.00     0.00     0.00
15:06:52     0.00     0.00     0.00     0.00     0.00
15:06:57     0.00     0.00     0.00     0.00     0.00
15:07:02     0.00     0.00     0.00     0.00     0.00
15:07:07     0.00     0.00     0.00     0.00     0.00
15:07:12     0.00     0.00     0.00     0.00     0.00
15:07:17     0.00     0.00     0.00     0.00     0.00
15:07:22     0.00     0.00     0.00     0.00     0.00
15:07:27     0.00     0.00     0.00     0.00     0.00
15:07:32     0.00     0.00     0.00     0.00     0.00
15:07:37     0.00     0.00     0.00     0.00     0.00
15:07:42     0.00     0.00     0.00     0.00     0.00
15:07:47     0.00     0.00     0.00     0.00     0.00
15:07:52     0.00     0.00     0.00     0.00     0.00
15:07:57     0.00     0.00     0.00     0.00     0.00
15:08:02     0.00     0.00     0.00     0.00     0.00
15:08:07     0.00     0.00     0.00     0.00     0.00
15:08:12     0.00     0.00     0.00     0.00     0.00
15:08:17     0.00     0.00     0.00     0.00     0.00
15:08:22     0.00     0.00     0.00     0.00     0.00
15:08:27     0.00     0.00     0.00     0.00     0.00
15:08:32     0.00     0.00     0.00     0.00     0.00
15:08:37     0.00     0.00     0.00     0.00     0.00
15:08:42     0.00     0.00     0.00     0.00     0.00
15:08:47     0.00     0.00     0.00     0.00     0.00
15:08:52     0.00     0.00     0.00     0.00     0.00
15:08:57     0.00     0.00     0.00     0.00     0.00
15:09:02     0.00     0.00     0.00     0.00     0.00
15:09:07     0.00     0.00     0.00     0.00     0.00
15:09:12     0.00     0.00     0.00     0.00     0.00
15:09:17     0.00     0.00     0.00     0.00     0.00
15:09:22     0.00     0.00     0.00     0.00     0.00
15:09:27     0.00     0.00     0.00     0.00     0.00
15:09:32     0.00     0.00     0.00     0.00     0.00
15:09:37     0.00     0.00     0.00     0.00     0.00
15:09:42     0.00     0.00     0.00     0.00     0.00
15:09:47     0.00     0.00     0.00     0.00     0.00
15:09:52     0.00     0.00     0.00     0.00     0.00
15:09:57     0.00     0.00     0.00     0.00     0.00
15:10:02     0.00     0.00     0.00     0.00     0.00
15:10:07     0.00     0.00     0.00     0.00     0.00
15:10:12     0.00     0.00     0.00     0.00     0.00
15:10:17     0.00     0.00     0.00     0.00     0.00
15:10:22     0.00     0.00     0.00     0.00     0.00
15:10:27     0.00     0.00     0.00     0.00     0.00
15:10:32     0.00     0.00     0.00     0.00     0.00
15:10:37     0.00     0.00     0.00     0.00     0.00
15:10:42     0.00     0.00     0.00     0.00     0.00
15:10:47     0.00     0.00     0.00     0.00     0.00
15:10:52     0.00     0.00     0.00     0.00     0.00
15:10:57     0.00     0.00     0.00     0.00     0.00
15:11:02     0.00     0.00     0.00     0.00     0.00
15:11:07     0.00     0.00     0.00     0.00     0.00
15:11:12     0.00     0.00     0.00     0.00     0.00
15:11:17     0.00     0.00     0.00     0.00     0.00
15:11:22     0.00     0.00     0.00     0.00     0.00
15:11:27     0.00     0.00     0.00     0.00     0.00
15:11:32     0.00     0.00     0.00     0.00     0.00
15:11:37     0.00     0.00     0.00     0.00     0.00
15:11:42     0.00     0.00     0.00     0.00     0.00
15:11:47     0.00     0.00     0.00     0.00     0.00
15:11:52     0.00     0.00     0.00     0.00     0.00
15:11:57     0.00     0.00     0.00     0.00     0.00
15:12:02     0.00     0.00     0.00     0.00     0.00
15:12:07     0.00     0.00     0.00     0.00     0.00
15:12:12     0.00     0.00     0.00     0.00     0.00
15:12:17     0.00     0.00     0.00     0.00     0.00
15:12:22     0.00     0.00     0.00     0.00     0.00
15:12:27     0.00     0.00     0.00     0.00     0.00
15:12:32     0.00     0.00     0.00     0.00     0.00
15:12:37     0.00     0.00     0.00     0.00     0.00
15:12:42     0.00     0.00     0.00     0.00     0.00
15:12:47     0.00     0.00     0.00     0.00     0.00
15:12:52     0.00     0.00     0.00     0.00     0.00
15:12:57     0.00     0.00     0.00     0.00     0.00
15:13:02     0.00     0.00     0.00     0.00     0.00
15:13:07     0.00     0.00     0.00     0.00     0.00
15:13:12     0.00     0.00     0.00     0.00     0.00
15:13:17     0.00     0.00     0.00     0.00     0.00
15:13:22     0.00     0.00     0.00     0.00     0.00
15:13:27     0.00     0.00     0.00     0.00     0.00
15:13:32     0.00     0.00     0.00     0.00     0.00
15:13:37     0.00     0.00     0.00     0.00     0.00
15:13:42     0.00     0.00     0.00     0.00     0.00
15:13:48     0.00     0.00     0.00     0.00     0.00
15:13:53     0.00     0.00     0.00     0.00     0.00
15:13:58     0.00     0.00     0.00     0.00     0.00
15:14:03     0.00     0.00     0.00     0.00     0.00
15:14:08     0.00     0.00     0.00     0.00     0.00
15:14:13     0.00     0.00     0.00     0.00     0.00
15:14:18     0.00     0.00     0.00     0.00     0.00
15:14:23     0.00     0.00     0.00     0.00     0.00
15:14:28     0.00     0.00     0.00     0.00     0.00
15:14:33     0.00     0.00     0.00     0.00     0.00
15:14:38     0.00     0.00     0.00     0.00     0.00
15:14:43     0.00     0.00     0.00     0.00     0.00
15:14:48     0.00     0.00     0.00     0.00     0.00
15:14:53     0.00     0.00     0.00     0.00     0.00
15:14:58     0.00     0.00     0.00     0.00     0.00
15:15:03     0.00     0.00     0.00     0.00     0.00
15:15:08     0.00     0.00     0.00     0.00     0.00
15:15:13     0.00     0.00     0.00     0.00     0.00
15:15:18     0.00     0.00     0.00     0.00     0.00
15:15:23     0.00     0.00     0.00     0.00     0.00
15:15:28     0.00     0.00     0.00     0.00     0.00
15:15:33     0.00     0.00     0.00     0.00     0.00
15:15:38     0.00     0.00     0.00     0.00     0.00
15:15:43     0.00     0.00     0.00     0.00     0.00
15:15:48     0.00     0.00     0.00     0.00     0.00
15:15:53     0.00     0.00     0.00     0.00     0.00
15:15:58     0.00     0.00     0.00     0.00     0.00
15:16:03     0.00     0.00     0.00     0.00     0.00
15:16:08     0.00     0.00     0.00     0.00     0.00
15:16:13     0.00     0.00     0.00     0.00     0.00
15:16:18     0.00     0.00     0.00     0.00     0.00
15:16:23     0.00     0.00     0.00     0.00     0.00
15:16:28     0.00     0.00     0.00     0.00     0.00
15:16:33     0.00     0.00     0.00     0.00     0.00
15:16:38     0.00     0.00     0.00     0.00     0.00
15:16:43     0.00     0.00     0.00     0.00     0.00
15:16:48     0.00     0.00     0.00     0.00     0.00
15:16:53     0.00     0.00     0.00     0.00     0.00
15:16:58     0.00     0.00     0.00     0.00     0.00
15:17:03     0.00     0.00     0.00     0.00     0.00
15:17:08     0.00     0.00     0.00     0.00     0.00
15:17:13     0.00     0.00     0.00     0.00     0.00
15:17:18     0.00     0.00     0.00     0.00     0.00
15:17:23     0.00     0.00     0.00     0.00     0.00
15:17:28     0.00     0.00     0.00     0.00     0.00
15:17:33     0.00     0.00     0.00     0.00     0.00
15:17:38     0.00     0.00     0.00     0.00     0.00
15:17:43     0.00     0.00     0.00     0.00     0.00
15:17:48     0.00     0.00     0.00     0.00     0.00
15:17:53     0.00     0.00     0.00     0.00     0.00
15:17:58     0.00     0.00     0.00     0.00     0.00
15:18:03     0.00     0.00     0.00     0.00     0.00
15:18:08     0.00     0.00     0.00     0.00     0.00
15:18:13     0.00     0.00     0.00     0.00     0.00
15:18:18     0.00     0.00     0.00     0.00     0.00
15:18:23     0.00     0.00     0.00     0.00     0.00
15:18:28     0.00     0.00     0.00     0.00     0.00
15:18:33     0.00     0.00     0.00     0.00     0.00
15:18:38     0.00     0.00     0.00     0.00     0.00
15:18:43     0.00     0.00     0.00     0.00     0.00
15:18:48     0.00     0.00     0.00     0.00     0.00
15:18:53     0.00     0.00     0.00     0.00     0.00
15:18:58     0.00     0.00     0.00     0.00     0.00
15:19:03     0.00     0.00     0.00     0.00     0.00
15:19:08     0.00     0.00     0.00     0.00     0.00
15:19:13     0.00     0.00     0.00     0.00     0.00
15:19:18     0.00     0.00     0.00     0.00     0.00
15:19:23     0.00     0.00     0.00     0.00     0.00
15:19:28     0.00     0.00     0.00     0.00     0.00
15:19:33     0.00     0.00     0.00     0.00     0.00
15:19:38     0.00     0.00     0.00     0.00     0.00
15:19:43     0.00     0.00     0.00     0.00     0.00
15:19:48     0.00     0.00     0.00     0.00     0.00
15:19:53     0.00     0.00     0.00     0.00     0.00
15:19:58     0.00     0.00     0.00     0.00     0.00
15:20:03     0.00     0.00     0.00     0.00     0.00
15:20:08     0.00     0.00     0.00     0.00     0.00
15:20:13     0.00     0.00     0.00     0.00     0.00
15:20:18     0.00     0.00     0.00     0.00     0.00
15:20:23     0.00     0.00     0.00     0.00     0.00
15:20:28     0.00     0.00     0.00     0.00     0.00
15:20:33     0.00     0.00     0.00     0.00     0.00
15:20:38     0.00     0.00     0.00     0.00     0.00
15:20:43     0.00     0.00     0.00     0.00     0.00
15:20:48     0.00     0.00     0.00     0.00     0.00
15:20:53     0.00     0.00     0.00     0.00     0.00
15:20:58     0.00     0.00     0.00     0.00     0.00
15:21:03     0.00     0.00     0.00     0.00     0.00
15:21:08     0.00     0.00     0.00     0.00     0.00
15:21:13     0.00     0.00     0.00     0.00     0.00
15:21:18     0.00     0.00     0.00     0.00     0.00
15:21:23     0.00     0.00     0.00     0.00     0.00
15:21:28     0.00     0.00     0.00     0.00     0.00
15:21:33     0.00     0.00     0.00     0.00     0.00
15:21:38     0.00     0.00     0.00     0.00     0.00
15:21:43     0.00     0.00     0.00     0.00     0.00
15:21:48     0.00     0.00     0.00     0.00     0.00
15:21:53     0.00     0.00     0.00     0.00     0.00
15:21:58     0.00     0.00     0.00     0.00     0.00
15:22:03     0.00     0.00     0.00     0.00     0.00
15:22:09     0.00     0.00     0.00     0.00     0.00
15:22:14     0.00     0.00     0.00     0.00     0.00
15:22:19     0.00     0.00     0.00     0.00     0.00
15:22:24     0.00     0.00     0.00     0.00     0.00
15:22:29     0.00     0.00     0.00     0.00     0.00
15:22:34     0.00     0.00     0.00     0.00     0.00
15:22:39     0.00     0.00     0.00     0.00     0.00
15:22:44     0.00     0.00     0.00     0.00     0.00
15:22:49     0.00     0.00     0.00     0.00     0.00
15:22:54     0.00     0.00     0.00     0.00     0.00
15:22:59     0.00     0.00     0.00     0.00     0.00
15:23:04     0.00     0.00     0.00     0.00     0.00
15:23:09     0.00     0.00     0.00     0.00     0.00
15:23:14     0.00     0.00     0.00     0.00     0.00
15:23:19     0.00     0.00     0.00     0.00     0.00
15:23:24     0.00     0.00     0.00     0.00     0.00
15:23:29     0.00     0.00     0.00     0.00     0.00
15:23:34     0.00     0.00     0.00     0.00     0.00
15:23:39     0.00     0.00     0.00     0.00     0.00
15:23:44     0.00     0.00     0.00     0.00     0.00
15:23:49     0.00     0.00     0.00     0.00     0.00
15:23:54     0.00     0.00     0.00     0.00     0.00
15:23:59     0.00     0.00     0.00     0.00     0.00
15:24:04     0.00     0.00     0.00     0.00     0.00
15:24:09     0.00     0.00     0.00     0.00     0.00
15:24:14     0.00     0.00     0.00     0.00     0.00
15:24:19     0.00     0.00     0.00     0.00     0.00
15:24:24     0.00     0.00     0.00     0.00     0.00
15:24:29     0.00     0.00     0.00     0.00     0.00
15:24:34     0.00     0.00     0.00     0.00     0.00
15:24:39     0.00     0.00     0.00     0.00     0.00
15:24:44     0.00     0.00     0.00     0.00     0.00
15:24:49     0.00     0.00     0.00     0.00     0.00
15:24:54     0.00     0.00     0.00     0.00     0.00
15:24:59     0.00     0.00     0.00     0.00     0.00
15:25:04     0.00     0.00     0.00     0.00     0.00
15:25:09     0.00     0.00     0.00     0.00     0.00
15:25:14     0.00     0.00     0.00     0.00     0.00
15:25:19     0.00     0.00     0.00     0.00     0.00
15:25:24     0.00     0.00     0.00     0.00     0.00
15:25:29     0.00     0.00     0.00     0.00     0.00
15:25:34     0.00     0.00     0.00     0.00     0.00
15:25:39     0.00     0.00     0.00     0.00     0.00
15:25:44     0.00     0.00     0.00     0.00     0.00
15:25:49     0.00     0.00     0.00     0.00     0.00
15:25:54     0.00     0.00     0.00     0.00     0.00
15:25:59     0.00     0.00     0.00     0.00     0.00
