 kthr      memory            page            disk          faults      cpu
 r b w   swap  free  re  mf pi po fr de sr s0 s1 s2 --   in   sy   cs us sy id
 0 0 0 9009332 5919512 116 2075 0 0 0 0  4  3 -0  0  0  698 1608  267 24  3 73
 0 0 0 9385624 6245736 150 2567 0 0 0 0  0  0  0  0  0  669 2107  271  0  4 96
 0 0 0 9385380 6245484 129 2155 0 0 0 0  0  2  0  0  0  628 1694  309  0  4 96
 0 0 0 9385676 6245708 134 2160 0 0 0 0  0  0  0  0  0  728 1764  303  0  4 96
 0 0 0 9385424 6245640 129 2154 0 0 0 0  0  0  0  0  0  576 1683  261  0  4 96
 0 0 0 9385304 6245532 129 2159 0 0 0 0  0  0  0  0  0  584 1677  276  0  4 96
 0 0 0 9385636 6245924 147 2163 0 0 0 0  0  0  0  0  0  577 1685  259  0  4 96
 0 0 0 9385384 6245604 129 2158 0 0 0 0  0  0  0  0  0  578 1679  264  0  4 96
 0 0 0 9385636 6245696 77 1179 0 0 0  0  0  2  0  0  0  553 1252  263  0  2 98
 0 0 0 9385336 6245588 52 979 0 0  0  0  0  0  0  0  0  495 1101  210  0  2 98
 0 0 0 9385632 6245700 131 2158 0 0 0 0  0  0  0  0  0  582 1683  266  0  4 96
 0 0 0 9385384 6245600 129 2156 0 0 0 0  0  0  0  0  0  583 1680  259  0  4 96
 0 0 0 9385340 6245640 147 2167 0 0 0 0  0  0  0  0  0  574 1686  259  0  4 96
 0 0 0 9385632 6245692 129 2159 0 0 0 0  0  0  0  0  0  591 1673  263  0  4 96
 0 0 0 9385376 6245596 129 2158 0 0 0 0  0  2  0  0  0  618 1693  306  0  4 96
 0 0 0 9385336 6245624 134 2155 0 0 0 0  0  0  0  0  0  568 1676  255  0  4 96
 0 0 0 9385632 6245692 129 2160 0 0 0 0  0  0  0  0  0  590 1699  267  0  4 96
 0 0 0 9385528 6245600 12 98 0  0  0  0  0  0  0  0  0  466  734  199  0  1 99
 kthr      memory            page            disk          faults      cpu
 r b w   swap  free  re  mf pi po fr de sr s0 s1 s2 --   in   sy   cs us sy id
 0 0 0 9385296 6245520 129 2064 0 0 0 0  0  0  0  0  0  572 1617  260  0  3 96
 0 0 0 9385312 6245540 129 2157 0 0 0 0  0  0  0  0  0  578 1674  268  0  4 96
 0 0 0 9385608 6245668 129 2161 0 0 0 0  0  2  0  0  0  596 1694  309  0  4 96
 0 0 0 9385352 6245592 134 2156 0 0 0 0  0  0  0  0  0  573 1671  259  0  4 96
 0 0 0 9385276 6245504 129 2157 0 0 0 0  0  0  0  0  0  576 1682  261  0  4 96
 0 0 0 9385536 6245596 129 2158 0 0 0 0  0  0  0  0  0  573 1674  260  0  4 96
 0 0 0 9385272 6245764 147 2166 0 0 0 0  0  0  0  0  0  560 1684  258  0  4 96
 0 0 0 9385524 6245584 77 1179 0 0 0  0  0  0  0  0  0  523 1248  223  0  2 97
 0 0 0 9385228 6245456 52 979 0 0  0  0  0  3  0  0  0  548 1108  270  0  2 98
 0 0 0 9385528 6245588 134 2158 0 0 0 0  0  0  0  0  0  576 1765  303  0  4 96
 0 0 0 9385272 6245492 129 2228 0 0 0 0  0  0  0  0  0  563 1732  269  0  4 96
 0 0 0 9385116 6245352 129 2159 0 0 0 0  0  0  0  0  0  565 1679  277  0  4 96
 0 0 0 9385532 6245740 147 2166 0 0 0 0  0  0  0  0  0  584 1685  260  0  4 96
 0 0 0 9385280 6245500 129 2160 0 0 0 0  0  0  0  0  0  580 1682  263  0  4 96
 0 0 0 9385236 6245464 129 2157 0 0 0 0  0  2  0  0  0  611 1690  299  0  4 96
 0 0 0 9385528 6245672 134 2158 0 0 0 0  0  0  0  0  0  574 1675  259  0  4 96
 0 0 0 9385528 6245588 12 98 0  0  0  0  0  0  0  0  0  459  759  179  0  1 99
 0 0 0 9385260 6245480 117 2060 0 0 0 0  0  0  0  0  0  576 1590  259  0  3 97
 0 0 0 9385224 6245452 147 2166 0 0 0 0  0  0  0  0  0  574 1683  257  0  4 96
 kthr      memory            page            disk          faults      cpu
 r b w   swap  free  re  mf pi po fr de sr s0 s1 s2 --   in   sy   cs us sy id
 0 0 0 9385520 6245580 128 2160 0 0 0 0  0  0  0  0  0  558 1672  262  0  4 96
 0 0 0 9385264 6245484 129 2162 0 0 0 0  0  2  0  0  0  659 1692  305  0  4 96
 0 0 0 9385228 6245496 134 2160 0 0 0 0  0  0  0  0  0  561 1673  256  0  4 96
 0 0 0 9385504 6245576 129 2164 0 0 0 0  0  0  0  0  0  574 1685  263  0  4 96
 0 0 0 9385160 6245384 137 2167 0 0 0 0  0  0  0  0  0  586 1671  276  0  4 96
 0 0 0 9385484 6245632 82 1181 0 0 0  0  0  0  0  0  0  515 1261  219  0  2 97
 0 0 0 9385168 6245396 52 982 0 0  0  0  0  0  0  0  0  522 1091  225  0  1 99
 0 0 0 9385460 6245520 129 2163 0 0 0 0  0  2  0  0  0  620 1687  305  0  4 96
 0 0 0 9385200 6245420 133 2161 0 0 0 0  0  0  0  0  0  561 1670  255  0  4 96
 0 0 0 9385160 6245388 129 2165 0 0 0 0  0  0  0  0  0  564 1685  263  0  4 96
 0 0 0 9385460 6245520 129 2167 0 0 0 0  0  0  0  0  0  591 1679  257  0  4 96
 0 0 0 9385204 6245684 147 2173 0 0 0 0  0  0  0  0  0  581 1684  262  0  4 96
 0 0 0 9385160 6245388 129 2169 0 0 0 0  0  0  0  0  0  579 1676  261  0  4 96
 0 0 0 9385456 6245516 129 2167 0 0 0 0  0  3  0  0  0  622 1693  315  0  4 96
 0 0 0 9385456 6245600 17 98 0  0  0  0  0  0  0  0  0  422  840  218  0  1 99
 0 0 0 9385172 6245400 116 2068 0 0 0 0  0  0  0  0  0  590 1605  261  0  3 97
 0 0 0 9385000 6245228 129 2165 0 0 0 0  0  0  0  0  0  576 1678  271  0  4 96
 0 0 0 9385416 6245608 147 2173 0 0 0 0  0  0  0  0  0  579 1685  264  0  4 96
 0 0 0 9385164 6245384 129 2172 0 0 0 0  0  0  0  0  0  567 1687  265  0  4 96
 kthr      memory            page            disk          faults      cpu
 r b w   swap  free  re  mf pi po fr de sr s0 s1 s2 --   in   sy   cs us sy id
 0 0 0 9385124 6245352 129 2171 0 0 0 0  0  2  0  0  0  589 1697  298  0  4 96
 0 0 0 9385416 6245540 134 2169 0 0 0 0  0  0  0  0  0  576 1678  258  0  4 96
 0 0 0 9385160 6245380 129 2167 0 0 0 0  0  0  0  0  0  577 1687  268  0  4 96
 0 0 0 9385420 6245480 92 1193 0 0 0  0  0  0  0  0  0  516 1257  217  0  3 97
 0 0 0 9385120 6245344 61 1070 0 0 0  0  0  0  0  0  0  508 1128  217  0  1 99
 0 0 0 8477912 5860480 357 92359 0 0 0 0 0  0  0  0  0 1046 10335 285 34 20 46
 0 0 0 7162232 4106644 129 23917 0 0 0 0 0  2  0  0  0  973 1708  290 47  8 46
 0 0 0 7161832 4022752 134 2170 0 0 0 0  0  0  0  0  0  800 1683  243 50  4 46
 0 0 0 7162128 4022912 129 2172 0 0 0 0  0  0  0  0  0  780 1694  247 50  4 46
 0 0 0 7162032 4022800 129 2172 0 0 0 0  0  0  0  0  0  835 1689  257 50  4 46
 0 0 0 7161840 4023140 147 2180 0 0 0 0  0  0  0  0  0  815 1698  240 50  4 46
 0 0 0 7162100 4022904 77 1186 0 0 0  0  0  0  0  0  0  638 1187  216 50  3 47
 0 0 0 7161804 4022776 53 985 0 0  0  0  0  2  0  0  0  696 1180  245 50  2 48
 0 0 0 7162028 4022888 134 2171 0 0 0 0  0  0  0  0  0  792 1687  236 50  4 46
 0 0 0 7162080 4022884 129 2170 0 0 0 0  0  0  0  0  0  818 1700  264 50  4 46
 0 0 0 7161824 4022792 129 2172 0 0 0 0  0  0  0  0  0  802 1685  244 50  4 46
 0 0 0 7161784 4022964 147 2178 0 0 0 0  0  0  0  0  0  802 1695  246 50  4 46
 0 0 0 7162076 4022880 129 2174 0 0 0 0  0  0  0  0  0  793 1683  248 50  4 46
 0 0 0 7161832 4022800 129 2172 0 0 0 0  0  2  0  0  0  919 1704  285 50  4 46
 kthr      memory            page            disk          faults      cpu
 r b w   swap  free  re  mf pi po fr de sr s0 s1 s2 --   in   sy   cs us sy id
 0 0 0 7161960 4022844 29 292 0 0  0  0  0  0  0  0  0  792  948  224 50  2 48
 0 0 0 7161956 4022760 104 1880 0 0 0 0  0  0  0  0  0  759 1500  237 50  3 47
 0 0 0 7161492 4022464 129 2172 0 0 0 0  0  0  0  0  0  831 1684  261 50  4 46
 0 0 0 7161900 4022840 148 2182 0 0 0 0  0  0  0  0  0  795 1698  250 50  4 46
 0 0 0 7161640 4022608 129 2169 0 0 0 0  0  0  0  0  0  788 1684  247 50  4 46
 0 0 0 7161592 4022564 129 2174 0 0 0 0  0  2  0  0  0  900 1702  285 50  4 46
 0 0 0 7161868 4022764 134 2170 0 0 0 0  0  0  0  0  0  785 1680  243 50  4 46
 0 0 0 7161884 4022688 129 2175 0 0 0 0  0  0  0  0  0  763 1700  245 50  4 46
 0 0 0 7161888 4022692 16 100 0 0  0  0  0  0  0  0  0  467  774  171 50  1 49
 0 0 0 7161632 4022648 131 2082 0 0 0 0  0  0  0  0  0  779 1584  240 50  3 47
 0 0 0 7161588 4022560 129 2169 0 0 0 0  0  0  0  0  0  790 1684  248 50  4 46
 0 0 0 7161864 4022676 129 2174 0 0 0 0  0  2  0  0  0  864 1706  281 50  4 46
 0 0 0 7161604 4022600 134 2174 0 0 0 0  0  0  0  0  0  796 1682  240 50  4 46
 0 0 0 7161680 4022620 129 2170 0 0 0 0  0  0  0  0  0  764 1705  253 50  4 46
 0 0 0 7161452 4022416 137 2179 0 0 0 0  0  0  0  0  0  811 1685  257 50  4 46
 0 0 0 7161832 4022664 131 2170 0 0 0 0  0  0  0  0  0  800 1698  235 50  4 46
 0 0 0 7161836 4022636 12 99 0  0  0  0  0  0  0  0  0  459  757  179 50  1 49
 0 0 0 7161580 4022540 117 2070 0 0 0 0  0  2  0  0  0  907 1612  286 50  4 46
 0 0 0 7161536 4022512 135 2174 0 0 0 0  0  0  0  0  0  789 1685  245 50  4 46
 kthr      memory            page            disk          faults      cpu
 r b w   swap  free  re  mf pi po fr de sr s0 s1 s2 --   in   sy   cs us sy id
 0 0 0 7161792 4022648 129 2173 0 0 0 0  0  0  0  0  0  794 1699  244 50  4 46
 0 0 0 7161832 4022632 129 2170 0 0 0 0  0  0  0  0  0  769 1683  235 50  4 46
 0 0 0 7161768 4022844 147 2178 0 0 0 0  0  0  0  0  0  831 1695  239 50  4 46
 0 0 0 7161532 4022500 129 2172 0 0 0 0  0  0  0  0  0  783 1682  247 50  4 46
 0 0 0 7161808 4022620 132 2175 0 0 0 0  0  2  0  0  0  902 1703  286 50  4 46
 0 0 0 7161804 4022652 14 99 0  0  0  0  0  0  0  0  0  759  821  213 50  1 49
 0 0 0 7161548 4022512 117 2075 0 0 0 0  0  0  0  0  0  766 1629  246 50  4 46
 0 0 0 7161372 4022340 129 2173 0 0 0 0  0  0  0  0  0  834 1691  260 50  4 46
 0 0 0 7161592 4022668 147 2176 0 0 0 0  0  0  0  0  0  828 1697  247 50  4 46
 0 0 0 7161784 4022584 129 2173 0 0 0 0  0  0  0  0  0  792 1692  244 50  4 46
 0 0 0 7161528 4022488 129 2171 0 0 0 0  0  2  0  0  0  892 1701  290 50  4 46
 0 0 0 7161480 4022520 134 2172 0 0 0 0  0  0  0  0  0  767 1683  237 50  4 46
 0 0 0 7161776 4022576 129 2171 0 0 0 0  0  0  0  0  0  787 1702  245 50  4 46
 0 0 0 7161776 4022576 16 100 0 0  0  0  0  0  0  0  0  475  719  175 50  1 50
 0 0 0 7161520 4022532 131 2081 0 0 0 0  0  0  0  0  0  780 1647  237 50  4 46
 0 0 0 7161716 4022568 129 2172 0 0 0 0  0  0  0  0  0  782 1683  246 50  4 46
 0 0 0 7161660 4022512 129 2173 0 0 0 0  0  2  0  0  0  966 1702  282 50  4 46
 0 0 0 7161752 4022604 134 2171 0 0 0 0  0  0  0  0  0  786 1684  236 50  4 46
 0 0 0 7161496 4022456 129 2172 0 0 0 0  0  0  0  0  0  786 1693  245 50  4 46
 kthr      memory            page            disk          faults      cpu
 r b w   swap  free  re  mf pi po fr de sr s0 s1 s2 --   in   sy   cs us sy id
 0 0 0 7161236 4022204 137 2178 0 0 0 0  0  0  0  0  0  839 1689  257 50  4 46
 0 0 0 7161748 4022564 97 1584 0 0 0  0  0  0  0  0  0  683 1457  219 50  4 46
 0 0 0 7161564 4022504 33 589 0 0  0  0  0  0  0  0  0  587  912  201 50  1 49
 0 0 0 7161752 4022552 129 2172 0 0 0 0  0  2  0  0  0  933 1697  282 50  5 45
 0 0 0 7161496 4022464 134 2171 0 0 0 0  0  0  0  0  0  790 1685  237 50  4 46
 0 0 0 7161536 4022524 129 2173 0 0 0 0  0  0  0  0  0  810 1699  247 50  4 46
 0 0 0 7161672 4022528 129 2171 0 0 0 0  0  0  0  0  0  802 1685  242 50  4 46
 0 0 0 7161752 4022840 148 2182 0 0 0 0  0  0  0  0  0  830 1698  239 50  4 46
 0 0 0 7161480 4022448 129 2174 0 0 0 0  0  0  0  0  0  807 1688  248 50  4 46
 0 0 0 7161724 4022528 79 1187 0 0 0  0  0  2  0  0  0  738 1255  255 50  3 47
 0 0 0 7161432 4022400 53 986 0 0  0  0  0  0  0  0  0  940 1199  251 50  2 48
 0 0 0 7161684 4022532 129 2170 0 0 0 0  0  0  0  0  0  813 1698  247 50  4 46
 0 0 0 7161604 4022404 129 2171 0 0 0 0  0  0  0  0  0  817 1687  256 50  4 46
 0 0 0 7161660 4022664 148 2183 0 0 0 0  0  0  0  0  0  843 1699  253 50  4 46
 0 0 0 7161432 4022400 129 2172 0 0 0 0  0  0  0  0  0  814 1690  250 50  4 46
 0 0 0 7161728 4022528 129 2171 0 0 0 0  0  2  0  0  0  931 1702  286 50  4 46
 0 0 0 7161472 4022504 134 2171 0 0 0 0  0  0  0  0  0  765 1680  238 50  4 46
 0 0 0 7161756 4022556 75 1174 0 0 0  0  0  0  0  0  0  667 1225  213 50  2 48
 0 0 0 7161472 4022440 55 999 0 0  0  0  0  0  0  0  0  625 1146  203 50  2 48
 kthr      memory            page            disk          faults      cpu
 r b w   swap  free  re  mf pi po fr de sr s0 s1 s2 --   in   sy   cs us sy id
 0 0 0 7161712 4022632 147 2179 0 0 0 0  0  0  0  0  0  795 1696  237 50  4 46
 0 0 0 7161740 4022544 129 2174 0 0 0 0  0  0  0  0  0  799 1688  250 50  4 46
 0 0 0 7161484 4022448 129 2173 0 0 0 0  0  2  0  0  0  934 1700  280 50  4 46
 0 0 0 7161448 4022468 134 2172 0 0 0 0  0  0  0  0  0  772 1681  239 50  4 46
 0 0 0 7161744 4022544 129 2170 0 0 0 0  0  0  0  0  0  760 1700  241 50  4 46
 0 0 0 7161400 4022360 142 2179 0 0 0 0  0  0  0  0  0  835 1682  262 50  4 46
 0 0 0 7161720 4022528 36 515 0 0  0  0  0  0  0  0  0  528  955  185 50  2 48
 0 0 0 7161660 4022504 94 1657 0 0 0  0  0  0  0  0  0  726 1410  239 50  3 47
 0 0 0 7161428 4022392 129 2172 0 0 0 0  0  2  0  0  0  939 1698  286 50  4 46
 0 0 0 7161720 4022552 134 2173 0 0 0 0  0  0  0  0  0  789 1687  243 50  4 46
 0 0 0 7161460 4022420 129 2171 0 0 0 0  0  0  0  0  0  782 1694  245 50  4 46
 0 0 0 7161420 4022388 129 2173 0 0 0 0  0  0  0  0  0  808 1683  245 50  4 46
 0 0 0 7161660 4022812 147 2180 0 0 0 0  0  0  0  0  0  815 1698  238 50  4 46
 0 0 0 7161688 4022492 129 2174 0 0 0 0  0  0  0  0  0  763 1682  244 50  4 46
 0 0 0 7161688 4022488 15 100 0 0  0  0  0  3  0  0  0  562  795  228 50  2 48
 0 0 0 7161600 4022452 119 2071 0 0 0 0  0  0  0  0  0 1084 1665  282 50  3 47
 0 0 0 7161396 4022364 129 2171 0 0 0 0  0  0  0  0  0  789 1705  249 50  4 46
 0 0 0 7161492 4022292 129 2173 0 0 0 0  0  0  0  0  0  826 1688  254 50  4 46
 0 0 0 7161252 4022408 147 2180 0 0 0 0  0  0  0  0  0  826 1694  247 50  4 46
 kthr      memory            page            disk          faults      cpu
 r b w   swap  free  re  mf pi po fr de sr s0 s1 s2 --   in   sy   cs us sy id
 0 0 0 7161592 4022392 129 2171 0 0 0 0  0  0  0  0  0  798 1693  245 50  4 46
 0 0 0 7161480 4022332 129 2173 0 0 0 0  0  2  0  0  0  949 1700  286 50  4 46
 0 0 0 7161560 4022464 134 2172 0 0 0 0  0  0  0  0  0  759 1682  237 50  4 46
 0 0 0 7161560 4022360 12 99 0  0  0  0  0  0  0  0  0  423  772  173 50  1 49
 0 0 0 7161292 4022264 117 2072 0 0 0 0  0  0  0  0  0  806 1594  240 50  3 46
 0 0 0 7161244 4022288 147 2181 0 0 0 0  0  0  0  0  0  772 1695  239 50  4 46
 0 0 0 7161536 4022336 129 2171 0 0 0 0  0  0  0  0  0  797 1685  241 50  4 46
 0 0 0 7161536 4022336 129 2172 0 0 0 0  0  2  0  0  0  935 1699  278 50  4 46
 0 0 0 7161456 4022372 134 2172 0 0 0 0  0  0  0  0  0  813 1686  243 50  4 46
 0 0 0 7161244 4022212 129 2172 0 0 0 0  0  0  0  0  0  796 1695  250 50  4 46
 0 0 0 7161452 4022252 147 2179 0 0 0 0  0  0  0  0  0  817 1685  258 50  4 46
 0 0 0 7161536 4022344 12 98 0  0  0  0  0  0  0  0  0  456  724  171 50  0 50
 0 0 0 7161284 4022248 117 2075 0 0 0 0  0  0  0  0  0  820 1646  245 50  4 46
 0 0 0 7161416 4022308 129 2173 0 0 0 0  0  4  0  0  0  990 1699  314 50  4 46
 0 0 0 7161240 4022248 134 2172 0 0 0 0  0  0  0  0  0  811 1684  238 50  4 46
 0 0 0 7161536 4022336 129 2172 0 0 0 0  0  0  0  0  0  810 1694  246 50  4 46
 0 0 0 7161268 4022240 129 2174 0 0 0 0  0  0  0  0  0  779 1686  243 50  4 46
 0 0 0 7161220 4022484 147 2180 0 0 0 0  0  0  0  0  0  792 1697  243 50  4 46
 0 0 0 7161356 4022156 100 1604 0 0 0 0  0  0  0  0  0  675 1450  220 50  4 46
 kthr      memory            page            disk          faults      cpu
 r b w   swap  free  re  mf pi po fr de sr s0 s1 s2 --   in   sy   cs us sy id
 0 0 0 7161152 4021992 29 567 0 0  0  0  0  2  0  0  0  676  910  234 50  1 49
 0 0 0 7161224 4022044 134 2174 0 0 0 0  0  0  0  0  0 1086 1775  287 50  4 46
 0 0 0 7160968 4021928 129 2172 0 0 0 0  0  0  0  0  0  815 1692  249 50  4 46
 0 0 0 7160804 4021772 129 2171 0 0 0 0  0  0  0  0  0  810 1691  260 50  4 46
 0 0 0 7161220 4022240 147 2179 0 0 0 0  0  0  0  0  0  787 1691  243 50  4 46
 0 0 0 7160968 4021932 129 2172 0 0 0 0  0  0  0  0  0  822 1691  241 50  4 46
 0 0 0 7161128 4021980 134 2172 0 0 0 0  0  2  0  0  0  937 1699  290 50  4 46
 0 0 0 7161188 4021988 77 1188 0 0 0  0  0  0  0  0  0  592 1283  207 50  3 47
 0 0 0 7160876 4021848 53 985 0 0  0  0  0  0  0  0  0  624 1082  212 50  1 49
 0 0 0 7161168 4022012 129 2170 0 0 0 0  0  0  0  0  0  781 1681  244 50  4 46
 0 0 0 7160912 4022000 148 2182 0 0 0 0  0  0  0  0  0  798 1697  244 50  4 46
 0 0 0 7160868 4021836 129 2172 0 0 0 0  0  0  0  0  0  827 1685  247 50  4 46
 0 0 0 7161052 4021960 129 2174 0 0 0 0  0  2  0  0  0  910 1702  286 50  4 46
 0 0 0 7161168 4022052 134 2172 0 0 0 0  0  0  0  0  0  797 1682  237 50  4 46
 0 0 0 7161184 4021996 129 2174 0 0 0 0  0  0  0  0  0  803 1693  253 50  4 46
 0 0 0 7161084 4021944 95 1197 0 0 0  0  0  0  0  0  0  663 1264  230 50  3 47
 0 0 0 7160868 4021836 53 987 0 0  0  0  0  0  0  0  0  607 1097  203 50  1 49
 0 0 0 7161168 4021968 129 2174 0 0 0 0  0  0  0  0  0  829 1696  254 50  4 46
 0 0 0 7160908 4021868 129 2178 0 0 0 0  0  2  0  0  0  916 1700  280 50  4 46
 kthr      memory            page            disk          faults      cpu
 r b w   swap  free  re  mf pi po fr de sr s0 s1 s2 --   in   sy   cs us sy id
 0 0 0 7161052 4021992 134 2176 0 0 0 0  0  0  0  0  0  793 1679  242 50  4 46
 0 0 0 7160944 4021892 129 2179 0 0 0 0  0  0  0  0  0  805 1694  256 50  4 46
 0 0 0 7161132 4021932 144 2188 0 0 0 0  0  0  0  0  0  767 1699  236 50  4 46
 0 0 0 7160888 4021908 132 2178 0 0 0 0  0  0  0  0  0  797 1696  245 50  4 46
 0 0 0 7161140 4021936 77 1190 0 0 0  0  0  0  0  0  0  602 1238  215 50  3 47
 0 0 0 7160844 4021808 53 988 0 0  0  0  0  2  0  0  0  706 1122  249 50  2 48
 0 0 0 7161160 4021988 134 2181 0 0 0 0  0  0  0  0  0 1072 1782  283 50  4 46
 0 0 0 7161144 4021940 129 2180 0 0 0 0  0  0  0  0  0  794 1698  244 50  4 46
 0 0 0 7160908 4021808 129 2182 0 0 0 0  0  0  0  0  0  806 1688  256 50  4 46
 0 0 0 7160844 4022028 147 2186 0 0 0 0  0  0  0  0  0  801 1692  245 50  4 46
 0 0 0 7161144 4021940 129 2178 0 0 0 0  0  0  0  0  0  767 1691  246 50  4 46
 0 0 0 7160888 4021848 129 2181 0 0 0 0  0  2  0  0  0  917 1705  284 50  4 46
 0 0 0 7161128 4021932 62 1093 0 0 0  0  0  0  0  0  0  587 1176  207 50  2 48
 0 0 0 7160820 4021792 67 1092 0 0 0  0  0  0  0  0  0  640 1190  210 50  2 48
 0 0 0 7161032 4021936 129 2187 0 0 0 0  0  0  0  0  0  777 1694  240 50  4 46
 0 0 0 7161120 4022060 147 2189 0 0 0 0  0  0  0  0  0  780 1696  238 50  4 46
 0 0 0 7160860 4021820 129 2183 0 0 0 0  0  0  0  0  0  816 1690  246 50  4 46
 0 0 0 7160816 4021780 129 2184 0 0 0 0  0  2  0  0  0  921 1697  286 50  4 46
 0 0 0 7161116 4021984 134 2182 0 0 0 0  0  0  0  0  0  804 1683  238 50  4 46
 kthr      memory            page            disk          faults      cpu
 r b w   swap  free  re  mf pi po fr de sr s0 s1 s2 --   in   sy   cs us sy id
 0 0 0 7160860 4021820 130 2258 0 0 0 0  0  0  0  0  0  821 1739  250 50  4 46
 0 0 0 7161016 4021876 50 591 0 0  0  0  0  0  0  0  0  606  973  208 50  2 48
 0 0 0 7161020 4021888 97 1600 0 0 0  0  0  0  0  0  0  669 1392  220 50  2 47
 0 0 0 7160796 4021760 129 2186 0 0 0 0  0  0  0  0  0  821 1690  246 50  4 46
 0 0 0 7161096 4021896 129 2185 0 0 0 0  0  2  0  0  0  868 1697  284 50  4 46
 0 0 0 7160828 4021832 134 2188 0 0 0 0  0  0  0  0  0  827 1692  243 50  4 46
 0 0 0 7160772 4021744 129 2185 0 0 0 0  0  0  0  0  0  778 1694  244 50  4 46
 0 0 0 7161012 4021852 146 2193 0 0 0 0  0  0  0  0  0  788 1687  234 50  4 46
 0 0 0 7161052 4021888 131 2185 0 0 0 0  0  0  0  0  0  795 1695  239 50  4 46
 0 0 0 7161048 4021844 12 99 0  0  0  0  0  0  0  0  0  429  768  173 50  1 49
 0 0 0 7160964 4021812 117 2088 0 0 0 0  0  2  0  0  0  902 1596  288 50  3 47
 0 0 0 7160752 4021740 134 2187 0 0 0 0  0  0  0  0  0 1127 1777  287 50  4 46
 0 0 0 7161048 4021844 129 2184 0 0 0 0  0  0  0  0  0  787 1694  245 50  4 46
 0 0 0 7160712 4021736 129 2185 0 0 0 0  0  0  0  0  0  840 1686  251 50  4 46
 0 0 0 7160856 4022048 147 2192 0 0 0 0  0  0  0  0  0  799 1697  241 50  4 46
 0 0 0 7160864 4021820 129 2187 0 0 0 0  0  0  0  0  0  779 1694  246 50  4 46
 0 0 0 7161040 4021848 134 2184 0 0 0 0  0  2  0  0  0  949 1698  290 50  4 46
 0 0 0 7161000 4021804 12 100 0 0  0  0  0  0  0  0  0  448  753  172 50  1 49
 0 0 0 7160744 4021700 117 2085 0 0 0 0  0  0  0  0  0  783 1607  257 50  4 46
 kthr      memory            page            disk          faults      cpu
 r b w   swap  free  re  mf pi po fr de sr s0 s1 s2 --   in   sy   cs us sy id
 0 0 0 7160708 4021736 129 2184 0 0 0 0  0  0  0  0  0  791 1692  244 50  4 46
 0 0 0 7160960 4021948 148 2195 0 0 0 0  0  0  0  0  0  800 1696  249 50  4 46
 0 0 0 7161000 4021796 129 2186 0 0 0 0  0  0  0  0  0  799 1687  245 50  4 46
 0 0 0 7160908 4021744 131 2183 0 0 0 0  0  3  0  0  0  934 1693  302 50  4 46
 0 0 0 7160704 4021720 132 2186 0 0 0 0  0  0  0  0  0  781 1695  248 50  4 46
 0 0 0 7161004 4021800 129 2183 0 0 0 0  0  0  0  0  0  811 1698  249 50  4 46
 0 0 0 7160928 4021792 17 100 0 0  0  0  0  0  0  0  0  514  718  192 50  1 49
 0 0 0 7160688 4021700 131 2092 0 0 0 0  0  0  0  0  0  813 1647  244 50  4 46
 0 0 0 7161012 4021824 129 2184 0 0 0 0  0  0  0  0  0  825 1690  253 50  4 46
 0 0 0 7160952 4021820 129 2188 0 0 0 0  0  2  0  0  0  954 1703  283 50  4 46
 0 0 0 7160976 4021844 134 2181 0 0 0 0  0  0  0  0  0  778 1687  236 50  4 46
 0 0 0 7160720 4021676 129 2185 0 0 0 0  0  0  0  0  0  811 1694  244 50  4 46
 0 0 0 7160684 4021648 146 2192 0 0 0 0  0  0  0  0  0  786 1687  244 50  4 46
 0 0 0 7160980 4021776 102 1739 0 0 0 0  0  0  0  0  0  714 1514  228 50  4 46
 0 0 0 7160932 4021784 27 443 0 0  0  0  0  0  0  0  0  500  850  188 50  1 49
 0 0 0 7160976 4021784 129 2185 0 0 0 0  0  2  0  0  0  947 1704  287 50  4 46
 0 0 0 7160796 4021776 134 2181 0 0 0 0  0  0  0  0  0 1117 1773  291 50  4 46
 0 0 0 7160680 4021648 129 2183 0 0 0 0  0  0  0  0  0  789 1693  248 50  4 46
 0 0 0 7160744 4021608 129 2186 0 0 0 0  0  0  0  0  0  860 1696  261 50  4 46
 kthr      memory            page            disk          faults      cpu
 r b w   swap  free  re  mf pi po fr de sr s0 s1 s2 --   in   sy   cs us sy id
 0 0 0 7160720 4021952 147 2189 0 0 0 0  0  0  0  0  0  809 1698  239 50  4 46
 0 0 0 7160680 4021684 129 2183 0 0 0 0  0  0  0  0  0  827 1690  253 50  4 46
 0 0 0 7160956 4021768 89 1350 0 0 0  0  0  2  0  0  0  742 1360  265 50  4 46
 0 0 0 7160896 4021736 46 833 0 0  0  0  0  0  0  0  0  573 1012  204 50  1 49
 0 0 0 7160952 4021748 129 2182 0 0 0 0  0  0  0  0  0  775 1697  250 50  4 46
 0 0 0 7160700 4021724 129 2185 0 0 0 0  0  0  0  0  0  820 1688  254 50  4 46
 0 0 0 7160660 4021768 147 2191 0 0 0 0  0  0  0  0  0  776 1698  245 50  4 46
 0 0 0 7160964 4021760 129 2180 0 0 0 0  0  0  0  0  0  807 1684  246 50  4 46
 0 0 0 7160952 4021748 132 2186 0 0 0 0  0  2  0  0  0  949 1701  295 50  4 46
 0 0 0 7160892 4021772 132 2181 0 0 0 0  0  0  0  0  0  789 1684  241 50  4 46
 0 0 0 7160956 4021752 77 1194 0 0 0  0  0  0  0  0  0  621 1284  214 50  3 47
 0 0 0 7160496 4021528 53 989 0 0  0  0  0  0  0  0  0  636 1075  213 50  2 48
 0 0 0 7160952 4021820 147 2190 0 0 0 0  0  0  0  0  0  830 1697  244 50  4 46
 0 0 0 7160692 4021652 129 2183 0 0 0 0  0  0  0  0  0  806 1687  254 50  4 46
 0 0 0 7160860 4021736 129 2184 0 0 0 0  0  4  0  0  0 1118 1697  317 50  4 46
 0 0 0 7160876 4021736 134 2182 0 0 0 0  0  0  0  0  0  799 1681  239 50  4 46
 0 0 0 7160852 4021648 129 2185 0 0 0 0  0  0  0  0  0  801 1697  235 50  4 46
 0 0 0 7160616 4021624 147 2190 0 0 0 0  0  0  0  0  0  787 1689  248 50  4 46
 0 0 0 7160872 4021668 77 1193 0 0 0  0  0  0  0  0  0  650 1255  207 50  2 47
 kthr      memory            page            disk          faults      cpu
 r b w   swap  free  re  mf pi po fr de sr s0 s1 s2 --   in   sy   cs us sy id
 0 0 0 7160572 4021536 53 990 0 0  0  0  0  0  0  0  0  591 1104  205 50  2 48
 0 0 0 7160868 4021676 129 2181 0 0 0 0  0  2  0  0  0  902 1701  287 50  4 46
 0 0 0 7160616 4021596 134 2185 0 0 0 0  0  0  0  0  0 1244 1782  289 50  4 46
 0 0 0 7160828 4021668 129 2180 0 0 0 0  0  0  0  0  0  774 1704  245 50  4 46
 0 0 0 7160488 4021452 137 2191 0 0 0 0  0  0  0  0  0  851 1689  255 50  4 46
 0 0 0 7160860 4021672 130 2183 0 0 0 0  0  0  0  0  0  790 1695  242 50  4 46
 0 0 0 7160592 4021556 129 2182 0 0 0 0  0  0  0  0  0  794 1692  245 50  4 46
 0 0 0 7160848 4021656 80 1180 0 0 0  0  0  2  0  0  0  773 1231  256 50  2 48
 0 0 0 7160548 4021512 54 1004 0 0 0  0  0  0  0  0  0  607 1136  199 50  2 48
 0 0 0 7160772 4021620 129 2184 0 0 0 0  0  0  0  0  0  838 1699  243 50  4 46
 0 0 0 7160848 4021716 129 2183 0 0 0 0  0  0  0  0  0  790 1691  241 50  4 46
 0 0 0 7160592 4021748 147 2188 0 0 0 0  0  0  0  0  0  819 1691  243 50  4 46
 0 0 0 7160548 4021512 129 2183 0 0 0 0  0  0  0  0  0  791 1683  249 50  4 46
 0 0 0 7160844 4021640 132 2184 0 0 0 0  0  4  0  0  0  959 1696  313 50  4 46
 0 0 0 7160592 4021592 132 2182 0 0 0 0  0  0  0  0  0  814 1686  235 50  4 46
 0 0 0 7160848 4021644 37 604 0 0  0  0  0  0  0  0  0  524  988  194 50  2 48
 0 0 0 7160668 4021584 92 1580 0 0 0  0  0  0  0  0  0  686 1373  235 50  3 47
 0 0 0 7160536 4021580 147 2190 0 0 0 0  0  0  0  0  0  828 1699  246 50  4 46
 0 0 0 7160824 4021628 129 2184 0 0 0 0  0  0  0  0  0  793 1693  252 50  4 46
 kthr      memory            page            disk          faults      cpu
 r b w   swap  free  re  mf pi po fr de sr s0 s1 s2 --   in   sy   cs us sy id
 0 0 0 7160568 4021536 129 2182 0 0 0 0  0  2  0  0  0  944 1694  286 50  4 46
 0 0 0 7160524 4021552 134 2181 0 0 0 0  0  0  0  0  0  808 1682  243 50  4 46
 0 0 0 7160764 4021608 129 2184 0 0 0 0  0  0  0  0  0  785 1694  239 50  4 46
 0 0 0 7160824 4021692 147 2190 0 0 0 0  0  0  0  0  0  804 1688  238 50  4 46
 0 0 0 7160824 4021620 12 99 0  0  0  0  0  0  0  0  0  469  782  170 50  1 49
 0 0 0 7160652 4021596 117 2085 0 0 0 0  0  0  0  0  0  748 1572  248 50  3 47
 0 0 0 7160524 4021500 129 2182 0 0 0 0  0  2  0  0  0  888 1702  288 50  4 46
 0 0 0 7160824 4021660 134 2182 0 0 0 0  0  0  0  0  0 1268 1776  280 50  4 46
 0 0 0 7160568 4021524 129 2185 0 0 0 0  0  0  0  0  0  813 1693  244 50  4 46
 0 0 0 7160676 4021520 144 2187 0 0 0 0  0  0  0  0  0  814 1690  256 50  4 46
 0 0 0 7160752 4021604 130 2183 0 0 0 0  0  0  0  0  0  762 1694  237 50  4 46
 0 0 0 7160800 4021596 129 2184 0 0 0 0  0  0  0  0  0  817 1694  246 50  4 46
 0 0 0 7160800 4021616 17 99 0  0  0  0  0  2  0  0  0  589  769  217 50  1 49
 0 0 0 7160488 4021448 117 2085 0 0 0 0  0  0  0  0  0  777 1592  239 50  3 47
 0 0 0 7160244 4021208 129 2181 0 0 0 0  0  0  0  0  0  821 1693  248 50  4 46
 0 0 0 7160544 4021408 129 2185 0 0 0 0  0  0  0  0  0  776 1689  240 50  4 46
 0 0 0 7160544 4021556 147 2191 0 0 0 0  0  0  0  0  0  800 1696  239 50  4 46
 0 0 0 7160496 4021332 129 2184 0 0 0 0  0  0  0  0  0  794 1684  245 50  4 46
 0 0 0 7160116 4021076 134 2180 0 0 0 0  0  2  0  0  0  910 1692  289 50  4 46
 kthr      memory            page            disk          faults      cpu
 r b w   swap  free  re  mf pi po fr de sr s0 s1 s2 --   in   sy   cs us sy id
 0 0 0 7244680 4105420 129 2184 0 0 0 0  0  0  0  0  0  731 1680  248 42  5 53
 0 0 0 7581744 4442264 12 99 0  0  0  0  0  0  0  0  0  511  760  176 25  1 74
 0 0 0 7580224 4441960 135 2577 0 0 0 0  0  0  0  0  0  801 2913  277 27  4 69
 0 0 0 7620344 4479812 148 2193 0 0 0 0  0  0  0  0  0  746 1688  252 25  4 71
 0 0 0 7620684 4479908 129 2179 0 0 0 0  0  0  0  0  0  758 1675  258 25  4 71
 0 0 0 7620428 4479852 129 2187 0 0 0 0  0  2  0  0  0  924 1695  302 25  4 71
 0 0 0 7620384 4479892 134 2180 0 0 0 0  0  0  0  0  0  754 1671  250 25  4 71
 0 0 0 7620680 4479956 129 2184 0 0 0 0  0  0  0  0  0  755 1685  265 25  4 71
 0 0 0 7620428 4479936 147 2190 0 0 0 0  0  0  0  0  0  752 1678  254 25  4 71
 0 0 0 7620684 4480000 62 1094 0 0 0  0  0  0  0  0  0  642 1178  213 25  2 73
 0 0 0 7620384 4479868 67 1088 0 0 0  0  0  0  0  0  0  627 1168  217 25  2 73
 0 0 0 7620680 4480016 129 2183 0 0 0 0  0  2  0  0  0  829 1689  308 25  4 71
 0 0 0 7620684 4480040 134 2181 0 0 0 0  0  0  0  0  0 1055 1759  296 25  4 71
 0 0 0 7620664 4480024 129 2186 0 0 0 0  0  0  0  0  0  760 1688  256 25  4 71
 0 0 0 7620528 4479940 137 2190 0 0 0 0  0  0  0  0  0  781 1679  273 25  4 71
 0 0 0 7620636 4480128 140 2184 0 0 0 0  0  0  0  0  0  755 1684  250 25  4 71
 0 0 0 7620544 4479900 129 2183 0 0 0 0  0  0  0  0  0  760 1681  259 25  4 71
 0 0 0 7620640 4479976 82 1219 0 0 0  0  0  2  0  0  0  736 1308  264 25  3 72
 0 0 0 7620556 4479928 52 964 0 0  0  0  0  0  0  0  0  601 1045  203 25  1 74
 kthr      memory            page            disk          faults      cpu
 r b w   swap  free  re  mf pi po fr de sr s0 s1 s2 --   in   sy   cs us sy id
 0 0 0 7620636 4479952 129 2183 0 0 0 0  0  0  0  0  0  743 1684  260 25  4 71
 0 0 0 7620580 4480064 129 2185 0 0 0 0  0  0  0  0  0  755 1675  255 25  4 71
 0 0 0 7620340 4479972 148 2192 0 0 0 0  0  0  0  0  0  749 1685  260 25  4 71
 0 0 0 7620636 4479952 129 2179 0 0 0 0  0  0  0  0  0  752 1672  254 25  4 71
 0 0 0 7620380 4479856 130 2186 0 0 0 0  0  3  0  0  0  868 1699  309 25  4 71
 0 0 0 8654612 5647696 129 2182 0 0 0 0  0  0  0  0  0  584 1675  255  2 10 88
 0 0 0 9344464 6203672 150 2749 0 0 0 0  0  0  0  0  0  637 3459  270  1  4 95
 0 0 0 9359024 6218152 37 546 0 0  0  0  0  0  0  0  0  483 1571  205  2  2 97
 0 0 0 9382948 6241772 130 2093 0 0 0 0  0  0  0  0  0  575 1589  254  0  3 97
 0 0 0 9382908 6241688 128 2184 0 0 0 0  0  0  0  0  0  570 1677  263  0  4 96
 0 0 0 9383208 6241980 129 2186 0 0 0 0  0  3  0  0  0  628 1687  325  0  4 96
 0 0 0 9382952 6242428 134 2188 0 0 0 0  0  0  0  0  0  581 1673  258  0  4 96
 0 0 0 9382924 6242364 129 2188 0 0 0 0  0  0  0  0  0  576 1685  265  0  4 96
 0 0 0 9383224 6242872 147 2195 0 0 0 0  0  0  0  0  0  574 1675  258  0  4 96
 0 0 0 9382968 6243188 129 2191 0 0 0 0  0  0  0  0  0  589 1685  261  0  4 96
 0 0 0 9383220 6243280 77 1197 0 0 0  0  0  0  0  0  0  530 1262  225  0  3 97
 0 0 0 9382924 6243172 52 992 0 0  0  0  0  2  0  0  0  542 1091  271  0  1 98
 0 0 0 9383220 6243304 134 2189 0 0 0 0  0  0  0  0  0  546 1762  301  0  4 96
 0 0 0 9382944 6243172 129 2194 0 0 0 0  0  0  0  0  0  562 1686  262  0  4 96
 kthr      memory            page            disk          faults      cpu
 r b w   swap  free  re  mf pi po fr de sr s0 s1 s2 --   in   sy   cs us sy id
 0 0 0 9382780 6243016 135 2197 0 0 0 0  0  0  0  0  0  576 1678  273  0  4 96
 0 0 0 9383196 6243292 132 2194 0 0 0 0  0  0  0  0  0  582 1688  260  0  4 96
 0 0 0 9382944 6243164 129 2188 0 0 0 0  0  0  0  0  0  581 1676  259  0  4 96
 0 0 0 9382900 6243128 134 2189 0 0 0 0  0  2  0  0  0  608 1692  307  0  4 96
 0 0 0 9383196 6243256 129 2194 0 0 0 0  0  0  0  0  0  578 1677  254  0  4 96
 0 0 0 9383196 6243256 12 99 0  0  0  0  0  0  0  0  0  430  752  177  0  1 99
 0 0 0 9382944 6243300 117 2098 0 0 0 0  0  0  0  0  0  565 1607  263  0  3 97
 0 0 0 9382900 6243200 147 2202 0 0 0 0  0  0  0  0  0  573 1689  254  0  4 96
 0 0 0 9383196 6243256 128 2195 0 0 0 0  0  0  0  0  0  577 1678  266  0  4 96
 0 0 0 9382888 6243124 129 2195 0 0 0 0  0  2  0  0  0  673 1689  309  0  4 96
 0 0 0 9382764 6243048 134 2197 0 0 0 0  0  0  0  0  0  587 1675  256  0  4 96
 0 0 0 9383044 6243112 129 2196 0 0 0 0  0  0  0  0  0  591 1683  267  0  4 96
 0 0 0 9382712 6243048 147 2200 0 0 0 0  0  0  0  0  0  585 1682  277  0  4 96
 0 0 0 9383040 6243100 76 1201 0 0 0  0  0  0  0  0  0  513 1259  216  0  2 97
 0 0 0 9382744 6242972 52 997 0 0  0  0  0  0  0  0  0  512 1097  219  0  1 98
 0 0 0 9383044 6243128 129 2194 0 0 0 0  0  2  0  0  0  579 1689  302  0  4 96
 0 0 0 9382784 6243024 134 2196 0 0 0 0  0  0  0  0  0  573 1671  254  0  4 96
 0 0 0 9382740 6242968 129 2197 0 0 0 0  0  0  0  0  0  589 1684  263  0  4 96
 0 0 0 9383044 6243112 145 2204 0 0 0 0  0  0  0  0  0  589 1676  260  0  4 96
 kthr      memory            page            disk          faults      cpu
 r b w   swap  free  re  mf pi po fr de sr s0 s1 s2 --   in   sy   cs us sy id
 0 0 0 9382788 6243040 130 2194 0 0 0 0  0  0  0  0  0  583 1683  259  0  4 96
 0 0 0 9382740 6242968 129 2198 0 0 0 0  0  0  0  0  0  579 1673  266  0  4 96
 0 0 0 9383036 6243124 134 2196 0 0 0 0  0  2  0  0  0  602 1695  304  0  4 96
 0 0 0 9383020 6243088 12 100 0 0  0  0  0  0  0  0  0  415  823  214  0  1 99
 0 0 0 9382764 6242984 117 2097 0 0 0 0  0  0  0  0  0  549 1613  260  0  3 96
 0 0 0 9382584 6242952 129 2196 0 0 0 0  0  0  0  0  0  590 1676  276  0  4 96
 0 0 0 9382996 6243204 146 2203 0 0 0 0  0  0  0  0  0  583 1684  263  0  4 96
 0 0 0 9382744 6242964 129 2197 0 0 0 0  0  0  0  0  0  553 1678  263  0  4 96
 0 0 0 9382696 6242920 131 2196 0 0 0 0  0  2  0  0  0  621 1691  307  0  4 96
 0 0 0 9382980 6243040 129 2195 0 0 0 0  0  0  0  0  0  570 1672  256  0  4 96
 0 0 0 9382696 6242920 129 2195 0 0 0 0  0  0  0  0  0  580 1685  259  0  4 96
 0 0 0 9382856 6243052 94 1207 0 0 0  0  0  0  0  0  0  528 1252  217  0  2 98
 0 0 0 9382556 6242784 52 996 0 0  0  0  0  0  0  0  0  513 1105  214  0  1 98
 0 0 0 9382852 6242912 129 2195 0 0 0 0  0  0  0  0  0  575 1671  264  0  4 96
 0 0 0 9382592 6242844 128 2195 0 0 0 0  0  2  0  0  0  626 1692  309  0  4 96
 0 0 0 9382532 6242812 134 2197 0 0 0 0  0  0  0  0  0  565 1672  261  0  4 96
 0 0 0 9382832 6242892 129 2194 0 0 0 0  0  0  0  0  0  586 1684  269  0  4 96
 0 0 0 9382500 6242768 147 2205 0 0 0 0  0  0  0  0  0  596 1673  278  0  4 96
 0 0 0 9382528 6242756 129 2195 0 0 0 0  0  0  0  0  0  584 1684  258  0  4 96
 kthr      memory            page            disk          faults      cpu
 r b w   swap  free  re  mf pi po fr de sr s0 s1 s2 --   in   sy   cs us sy id
 0 0 0 9382832 6242892 129 2195 0 0 0 0  0  0  0  0  0  590 1677  260  0  4 96
 0 0 0 9382832 6242924 17 99 0  0  0  0  0  2  0  0  0  504  746  220  0  1 99
 0 0 0 9382572 6242792 117 2096 0 0 0 0  0  0  0  0  0  565 1609  256  0  3 96
 0 0 0 9382532 6242756 129 2194 0 0 0 0  0  0  0  0  0  588 1683  263  0  4 96
 0 0 0 9382832 6243032 129 2196 0 0 0 0  0  0  0  0  0  571 1673  258  0  4 96
 0 0 0 9382576 6242996 147 2201 0 0 0 0  0  0  0  0  0  541 1683  258  0  4 96
 0 0 0 9382528 6242756 129 2196 0 0 0 0  0  0  0  0  0  569 1673  261  0  4 96
 0 0 0 9382804 6242884 134 2195 0 0 0 0  0  2  0  0  0  619 1690  305  0  4 96
 0 0 0 9382552 6242772 129 2193 0 0 0 0  0  0  0  0  0  571 1760  302  0  4 96
 0 0 0 9382808 6242868 77 1268 0 0 0  0  0  0  0  0  0  535 1279  231  0  2 98
 0 0 0 9382444 6242812 52 996 0 0  0  0  0  0  0  0  0  518 1112  232  0  2 98
 0 0 0 9382812 6242944 147 2200 0 0 0 0  0  0  0  0  0  572 1684  266  0  4 96
 0 0 0 9382572 6242792 129 2193 0 0 0 0  0  0  0  0  0  576 1677  264  0  4 96
 0 0 0 9382532 6242768 128 2193 0 0 0 0  0  2  0  0  0  664 1688  303  0  4 96
 0 0 0 9382824 6242916 131 2193 0 0 0 0  0  0  0  0  0  566 1672  252  0  4 96
 0 0 0 9382568 6242788 129 2193 0 0 0 0  0  0  0  0  0  579 1684  263  0  4 96
 0 0 0 9382532 6242824 147 2200 0 0 0 0  0  0  0  0  0  577 1673  256  0  4 96
 0 0 0 9382828 6242888 128 2193 0 0 0 0  0  0  0  0  0  575 1685  260  0  4 96
 0 0 0 9382820 6242884 12 100 0 0  0  0  0  0  0  0  0  455  712  179  0  0 100
 kthr      memory            page            disk          faults      cpu
 r b w   swap  free  re  mf pi po fr de sr s0 s1 s2 --   in   sy   cs us sy id
 0 0 0 9382544 6242804 116 2094 0 0 0 0  0  2  0  0  0  617 1642  304  0  4 96
 0 0 0 9382504 6242748 134 2190 0 0 0 0  0  0  0  0  0  580 1671  257  0  4 96
 0 0 0 9382800 6242860 129 2194 0 0 0 0  0  0  0  0  0  587 1684  264  0  4 96
 0 0 0 9382456 6242680 140 2196 0 0 0 0  0  0  0  0  0  573 1673  268  0  4 96
 0 0 0 9382500 6242736 130 2189 0 0 0 0  0  0  0  0  0  571 1684  254  0  4 96
 0 0 0 9382800 6242860 129 2191 0 0 0 0  0  0  0  0  0  576 1678  266  0  4 96
 0 0 0 9382544 6242776 134 2190 0 0 0 0  0  2  0  0  0  605 1687  301  0  4 96
 0 0 0 9382796 6242856 77 1196 0 0 0  0  0  0  0  0  0  516 1216  215  0  2 98
 0 0 0 9382500 6242728 52 991 0 0  0  0  0  0  0  0  0  523 1131  217  0  2 98
 0 0 0 9382800 6243000 129 2187 0 0 0 0  0  0  0  0  0  589 1676  255  0  4 96
 0 0 0 9382544 6242892 147 2193 0 0 0 0  0  0  0  0  0  575 1684  260  0  4 96
 0 0 0 9382476 6242716 129 2188 0 0 0 0  0  0  0  0  0  577 1672  263  0  4 96
 0 0 0 9382772 6242844 131 2184 0 0 0 0  0  2  0  0  0  616 1686  307  0  4 96
 0 0 0 9382520 6242772 132 2188 0 0 0 0  0  0  0  0  0  573 1763  300  0  4 96
 0 0 0 9382480 6242704 129 2185 0 0 0 0  0  0  0  0  0  581 1683  259  0  4 96
 0 0 0 9382708 6242912 142 2090 0 0 0 0  0  0  0  0  0  577 1637  272  0  4 96
 0 0 0 9382772 6242832 5 104 0  0  0  0  0  0  0  0  0  445  717  178  0  0 100
 0 0 0 9382520 6242740 129 2182 0 0 0 0  0  0  0  0  0  573 1674  261  0  4 96
 0 0 0 9382480 6242736 129 2187 0 0 0 0  0  2  0  0  0  614 1693  309  0  4 96
 kthr      memory            page            disk          faults      cpu
 r b w   swap  free  re  mf pi po fr de sr s0 s1 s2 --   in   sy   cs us sy id
 0 0 0 9382772 6242876 134 2187 0 0 0 0  0  0  0  0  0  574 1673  259  0  4 96
 0 0 0 9382772 6242832 129 2188 0 0 0 0  0  0  0  0  0  598 1685  262  0  4 96
 0 0 0 9382480 6242704 146 2190 0 0 0 0  0  0  0  0  0  566 1670  258  0  4 96
 0 0 0 9382696 6242812 129 2187 0 0 0 0  0  0  0  0  0  580 1685  259  0  4 96
 0 0 0 9382748 6242820 128 2187 0 0 0 0  0  0  0  0  0  588 1673  266  0  4 96
 0 0 0 9382748 6242840 46 657 0 0  0  0  0  2  0  0  0  540 1007  244  0  2 98
 0 0 0 9382632 6242792 88 1528 0 0 0  0  0  0  0  0  0  532 1341  230  0  2 98
 0 0 0 9382708 6242808 129 2188 0 0 0 0  0  0  0  0  0  564 1687  261  0  4 96
 0 0 0 9382628 6242832 129 2185 0 0 0 0  0  0  0  0  0  590 1675  271  0  4 96
 0 0 0 9382556 6242920 147 2194 0 0 0 0  0  0  0  0  0  596 1686  265  0  4 96
 0 0 0 9382592 6242764 128 2185 0 0 0 0  0  0  0  0  0  588 1681  265  0  4 96
 0 0 0 9382752 6242824 134 2188 0 0 0 0  0  4  0  0  0  643 1689  339  0  4 96
 0 0 0 9382516 6242708 129 2185 0 0 0 0  0  0  0  0  0  578 1671  257  0  4 96
 0 0 0 9382708 6242768 96 1554 0 0 0  0  0  0  0  0  0  558 1436  237  0  3 97
 0 0 0 9382616 6242860 33 634 0 0  0  0  0  0  0  0  0  496  916  198  0  1 99
 0 0 0 9382688 6242832 147 2193 0 0 0 0  0  0  0  0  0  593 1683  260  0  4 96
 0 0 0 9382624 6242732 129 2186 0 0 0 0  0  0  0  0  0  578 1673  260  0  4 96
 0 0 0 9382720 6242816 129 2187 0 0 0 0  0  2  0  0  0  621 1692  307  0  4 96
 0 0 0 9382688 6242812 134 2186 0 0 0 0  0  0  0  0  0  567 1761  299  0  4 96
 kthr      memory            page            disk          faults      cpu
 r b w   swap  free  re  mf pi po fr de sr s0 s1 s2 --   in   sy   cs us sy id
 0 0 0 9382604 6242712 129 2185 0 0 0 0  0  0  0  0  0  596 1683  265  0  4 96
 0 0 0 9382644 6242772 147 2194 0 0 0 0  0  0  0  0  0  596 1674  273  0  4 96
 0 0 0 9382684 6242744 129 2185 0 0 0 0  0  0  0  0  0  579 1684  256  0  4 96
 0 0 0 9382688 6242748 25 363 0 0  0  0  0  0  0  0  0  480  883  195  0  1 98
 0 0 0 9382596 6242736 104 1826 0 0 0 0  0  2  0  0  0  612 1475  298  0  2 97
 0 0 0 9382640 6242776 134 2184 0 0 0 0  0  0  0  0  0  565 1671  260  0  4 96
 0 0 0 9382684 6242744 129 2185 0 0 0 0  0  0  0  0  0  570 1683  262  0  4 96
 0 0 0 9382592 6242692 147 2197 0 0 0 0  0  0  0  0  0  572 1681  260  0  4 96
 0 0 0 9382620 6242744 129 2184 0 0 0 0  0  0  0  0  0  592 1682  261  0  4 96
 0 0 0 9382660 6242720 129 2186 0 0 0 0  0  0  0  0  0  583 1672  265  0  4 96
 0 0 0 9382468 6242692 134 2184 0 0 0 0  0  2  0  0  0  616 1689  310  0  4 96
 0 0 0 9382664 6242724 83 1297 0 0 0  0  0  0  0  0  0  524 1322  219  0  3 97
 0 0 0 9382596 6242704 45 890 0 0  0  0  0  0  0  0  0  495 1034  215  0  1 99
