
SunOS canfire03 5.11 onnv-gate i86pc    05/10/2009

14:48:40 sml_mem   alloc  fail  lg_mem   alloc  fail  ovsz_alloc  fail
14:48:45 367030464 320104640     0 1188483072 1141627136     0    76648448     0
14:48:50 367030464 320081184     0 1188470784 1141644928     0    76648448     0
14:48:55 367030464 320086240     0 1188470784 1141648000     0    76648448     0
14:49:00 367030464 320092512     0 1188487168 1141663872     0    76648448     0
14:49:05 367030464 320092896     0 1188483072 1141661696     0    76648448     0
14:49:10 367030464 320096000     0 1188466688 1141654528     0    76648448     0
14:49:15 367030464 320110976     0 1188466688 1141709312     0    76648448     0
14:49:20 367030464 320191200     0 1188507648 1141746944     0    76648448     0
14:49:25 367030464 320085312     0 1188483072 1141675008     0    76648448     0
14:49:30 367030464 320088256     0 1188466688 1141667328     0    76648448     0
14:49:35 367030464 320091840     0 1188466688 1141673472     0    76648448     0
14:49:40 367030464 320098112     0 1188483072 1141685248     0    76648448     0
14:49:45 367030464 320101696     0 1188483072 1141691904     0    76648448     0
14:49:50 367034560 320082304     0 1188466688 1141676544     0    76648448     0
14:49:55 367034560 320087648     0 1188466688 1141684992     0    76648448     0
14:50:00 367034560 320105024     0 1188483072 1141746176     0    76648448     0
14:50:05 367034560 320174080     0 1188495360 1141741568     0    76648448     0
14:50:10 367034560 320099584     0 1188466688 1141689344     0    76648448     0
14:50:15 367034560 320103168     0 1188466688 1141691904     0    76648448     0
14:50:20 367034560 320083072     0 1188483072 1141709312     0    76648448     0
14:50:25 367034560 320088000     0 1188483072 1141713408     0    76648448     0
14:50:30 367034560 320091008     0 1188507648 1141706240     0    76648448     0
14:50:35 367034560 320094720     0 1188548608 1141708288     0    76648448     0
14:50:40 367034560 320100992     0 1188564992 1141724672     0    76648448     0
14:50:45 367034560 320115936     0 1188564992 1141777408     0    76648448     0
14:50:50 367034560 320158528     0 1188564992 1141758464     0    76648448     0
14:50:55 367034560 320086752     0 1188548608 1141722112     0    76648448     0
14:51:00 367034560 320094464     0 1188564992 1141741056     0    76648448     0
14:51:05 367034560 320094592     0 1188532224 1141707136     0    76648448     0
14:51:10 367034560 320098176     0 1188515840 1141695360     0    76648448     0
14:51:15 367034560 320101760     0 1188515840 1141703552     0    76648448     0
14:51:20 367034560 320085504     0 1188536320 1141720448     0    76648448     0
14:51:25 367034560 320101792     0 1188536320 1141774848     0    76648448     0
14:51:30 367034560 320203360     0 1188560896 1141788416     0    76648448     0
14:51:35 367034560 320096384     0 1188536320 1141713792     0    76648448     0
14:51:40 367034560 320102336     0 1188544512 1141727360     0    76648448     0
14:51:45 367034560 320105920     0 1188544512 1141727360     0    76648448     0
14:51:50 367034560 320083584     0 1188528128 1141724800     0    76648448     0
14:51:55 367034560 320088128     0 1188528128 1141723648     0    76648448     0
14:52:00 367034560 320094528     0 1188544512 1141737088     0    76648448     0
14:52:05 367034560 320098208     0 1188544512 1141743616     0    76648448     0
14:52:10 367034560 320112640     0 1188564992 1141784064     0    76648448     0
14:52:15 367034560 320098560     0 1188564992 1141745664     0    76648448     0
14:52:20 367034560 320084992     0 1188585472 1141748224     0    76648448     0
14:52:25 367034560 320089920     0 1188585472 1141753984     0    76648448     0
14:52:30 367034560 320092864     0 1188569088 1141742080     0    76648448     0
14:52:35 367034560 320096448     0 1188569088 1141751936     0    76648448     0
14:52:40 367034560 320102720     0 1188585472 1141767808     0    76648448     0
14:52:45 367034560 320106304     0 1188585472 1141767808     0    76648448     0
14:52:50 367038656 320096288     0 1188569088 1141763072     0    76648448     0
14:52:55 367038656 320093696     0 1188536320 1141785344     0    76648448     0
14:53:00 367038656 320107776     0 1188597760 1141793152     0    76648448     0
14:53:05 367038656 320110880     0 1188597760 1141792768     0    76648448     0
14:53:10 367038656 320114400     0 1188581376 1141785472     0    76648448     0
14:53:15 367038656 320117984     0 1188581376 1141784448     0    76648448     0
14:53:20 367038656 320098912     0 1188597760 1141796224     0    76648448     0
14:53:25 367038656 320103392     0 1188597760 1141806976     0    76648448     0
14:53:30 367038656 320106336     0 1188581376 1141799296     0    76648448     0
14:53:35 367038656 320121408     0 1188581376 1141855616     0    76648448     0
14:53:40 367038656 320740032     0 1188777984 1142120192     0    76648448     0
14:53:45 367227072 346310592     0 1193054208 1146140416     0    76648448     0
14:53:50 367251648 347417792     0 1193234432 1146288896     0    76648448     0
14:53:55 367255744 347423520     0 1193234432 1146289920     0    76648448     0
14:54:00 367255744 347429920     0 1193250816 1146306304     0    76648448     0
14:54:05 367259840 347434208     0 1193250816 1146306432     0    76648448     0
14:54:10 367259840 347437152     0 1193234432 1146302848     0    76648448     0
14:54:15 367259840 347452096     0 1193234432 1146355200     0    76648448     0
14:54:20 367259840 347461056     0 1193263104 1146354560     0    76648448     0
14:54:25 367259840 347428576     0 1193267200 1146343168     0    76648448     0
14:54:30 367263936 347431808     0 1193250816 1146327552     0    76648448     0
14:54:35 367263936 347435392     0 1193250816 1146333312     0    76648448     0
14:54:40 367263936 347441664     0 1193267200 1146345088     0    76648448     0
14:54:45 367263936 347445248     0 1193267200 1146349184     0    76648448     0
14:54:50 367263936 347423104     0 1193250816 1146342528     0    76648448     0
14:54:55 367263936 347440384     0 1193381888 1146527232     0    76648448     0
14:55:00 367263936 347478208     0 1193410560 1146524288     0    76648448     0
14:55:05 367268032 347438080     0 1193398272 1146490624     0    76648448     0
14:55:10 367268032 347441600     0 1193381888 1146479744     0    76648448     0
14:55:15 367284416 347462944     0 1193381888 1146482176     0    76648448     0
14:55:20 367284416 347443968     0 1193398272 1146521472     0    76648448     0
14:55:25 367284416 347448608     0 1193398272 1146521472     0    76648448     0
14:55:30 367284416 347451552     0 1193381888 1146509696     0    76648448     0
14:55:35 367284416 347466496     0 1193381888 1146561920     0    76648448     0
14:55:40 367284416 347501120     0 1193406464 1146559104     0    76648448     0
14:55:45 367284416 347464768     0 1193398272 1146525568     0    76648448     0
14:55:50 367288512 347442400     0 1193381888 1146517888     0    76648448     0
14:55:55 367288512 347448128     0 1193390080 1146520192     0    76648448     0
14:56:00 367288512 347454976     0 1193422848 1146538880     0    76648448     0
14:56:05 367288512 347458048     0 1193422848 1146538880     0    76648448     0
14:56:10 367288512 347460992     0 1193406464 1146531712     0    76648448     0
14:56:15 367288512 347475936     0 1193406464 1146583936     0    76648448     0
14:56:20 367288512 347420032     0 1193385984 1146520576     0    76648448     0
14:56:25 367292608 347450624     0 1193422848 1146546560     0    76648448     0
14:56:30 367292608 347453568     0 1193406464 1146534784     0    76648448     0
14:56:35 367292608 347457152     0 1193406464 1146538880     0    76648448     0
14:56:40 367292608 347463488     0 1193422848 1146554752     0    76648448     0
14:56:45 367292608 347465152     0 1193406464 1146540160     0    76648448     0
14:56:50 367296704 347445376     0 1193406464 1146542976     0    76648448     0
14:56:55 367296704 347464448     0 1193422848 1146607872     0    76648448     0
14:57:01 367296704 347568064     0 1193447424 1146628736     0    76648448     0
14:57:06 367296704 347458656     0 1193426944 1146544640     0    76648448     0
14:57:11 367296704 347462848     0 1193426944 1146549120     0    76648448     0
14:57:16 367296704 347469088     0 1193443328 1146560896     0    76648448     0
14:57:21 367300800 347448032     0 1193443328 1146561920     0    76648448     0
14:57:26 367300800 347452064     0 1193426944 1146554240     0    76648448     0
14:57:31 367304896 347456288     0 1193426944 1146554240     0    76648448     0
14:57:36 367304896 347473984     0 1193443328 1146622336     0    76648448     0
14:57:41 367304896 347577024     0 1193467904 1146643200     0    76648448     0
14:57:46 367304896 347469024     0 1193426944 1146558336     0    76648448     0
14:57:51 367304896 347445408     0 1193426944 1146532096     0    76648448     0
14:57:56 367304896 347452768     0 1193443328 1146543872     0    76648448     0
14:58:01 367304896 347456352     0 1193443328 1146548992     0    76648448     0
14:58:06 367304896 347459296     0 1193426944 1146537216     0    76648448     0
14:58:11 367304896 347462880     0 1193426944 1146541312     0    76648448     0
14:58:16 367304896 347480736     0 1193443328 1146608256     0    76648448     0
14:58:21 367304896 347418688     0 1193406464 1146523776     0    76648448     0
14:58:26 367304896 347449920     0 1193426944 1146547456     0    76648448     0
14:58:31 367304896 347453504     0 1193426944 1146547456     0    76648448     0
14:58:36 367304896 347459808     0 1193443328 1146559232     0    76648448     0
14:58:41 367304896 347463424     0 1193443328 1146559232     0    76648448     0
14:58:46 367304896 347466496     0 1193426944 1146547456     0    76648448     0
14:58:51 367304896 347444992     0 1193426944 1146545920     0    76648448     0
14:58:56 367304896 347463968     0 1193443328 1146616448     0    76648448     0
14:59:01 367304896 347534528     0 1193459712 1146609280     0    76648448     0
14:59:06 367304896 347458048     0 1193426944 1146555264     0    76648448     0
14:59:11 367304896 347462240     0 1193426944 1146557696     0    76648448     0
14:59:16 367304896 347468544     0 1193443328 1146569472     0    76648448     0
14:59:21 367304896 347446784     0 1193443328 1146569472     0    76648448     0
14:59:26 367304896 347450304     0 1193426944 1146561792     0    76648448     0
14:59:31 367304896 347453888     0 1193426944 1146561280     0    76648448     0
14:59:36 367304896 347471808     0 1193443328 1146626304     0    76648448     0
14:59:41 367304896 347437632     0 1193406464 1146546688     0    76648448     0
14:59:46 367304896 347467008     0 1193426944 1146567936     0    76648448     0
14:59:51 367304896 347445056     0 1193426944 1146572032     0    76648448     0
14:59:56 367304896 347452448     0 1193443328 1146583808     0    76648448     0
15:00:01 367304896 347456032     0 1193443328 1146583808     0    76648448     0
15:00:06 367304896 347459040     0 1193426944 1146572032     0    76648448     0
15:00:11 367304896 347462624     0 1193426944 1146572032     0    76648448     0
15:00:16 367304896 347480288     0 1193443328 1146638080     0    76648448     0
15:00:21 367304896 347487168     0 1193455616 1146621952     0    76648448     0
15:00:26 367304896 347450656     0 1193435136 1146576640     0    76648448     0
15:00:31 367304896 347454240     0 1193435136 1146576640     0    76648448     0
15:00:36 367304896 347460544     0 1193451520 1146593920     0    76648448     0
15:00:41 367304896 347464288     0 1193451520 1146594048     0    76648448     0
15:00:46 367304896 347467328     0 1193435136 1146586368     0    76648448     0
15:00:51 367304896 347445888     0 1193435136 1146590720     0    76648448     0
15:00:56 367304896 347464608     0 1193451520 1146654720     0    76648448     0
15:01:01 367304896 347431552     0 1193410560 1146573952     0    76648448     0
15:01:06 367304896 347459808     0 1193566208 1146721664     0    76648448     0
15:01:11 367304896 347464000     0 1193566208 1146724096     0    76648448     0
15:01:16 367304896 347470272     0 1193582592 1146738432     0    76648448     0
15:01:21 367304896 347447968     0 1193582592 1146742016     0    76648448     0
15:01:26 367304896 347452032     0 1193566208 1146734336     0    76648448     0
15:01:31 367304896 347455680     0 1193566208 1146734336     0    76648448     0
15:01:36 367304896 347473472     0 1193582592 1146798336     0    76648448     0
15:01:41 367304896 347478688     0 1193582592 1146754560     0    76648448     0
15:01:46 367304896 347468448     0 1193566208 1146736896     0    76648448     0
15:01:51 367304896 347446688     0 1193566208 1146737920     0    76648448     0
15:01:56 367304896 347454080     0 1193582592 1146751232     0    76648448     0
15:02:01 367304896 347457664     0 1193582592 1146751232     0    76648448     0
15:02:06 367304896 347460608     0 1193566208 1146739456     0    76648448     0
15:02:11 367304896 347464192     0 1193566208 1146747648     0    76648448     0
15:02:16 367304896 347481856     0 1193582592 1146813696     0    76648448     0
15:02:21 367304896 347527168     0 1193598976 1146800896     0    76648448     0
15:02:26 367304896 347452224     0 1193566208 1146749696     0    76648448     0
15:02:31 367304896 347455872     0 1193566208 1146749696     0    76648448     0
15:02:36 367304896 347462272     0 1193582592 1146759936     0    76648448     0
15:02:41 367308992 347466688     0 1193713664 1146764032     0    76648448     0
15:02:46 367308992 347469728     0 1193828352 1146753792     0    76648448     0
15:02:51 367308992 347448128     0 1193861120 1146770176     0    76648448     0
15:02:56 367308992 347466752     0 1193877504 1146834176     0    76648448     0
15:03:01 367308992 347535296     0 1193893888 1146825344     0    76648448     0
15:03:06 367308992 347461120     0 1193861120 1146774272     0    76648448     0
15:03:11 367308992 347466272     0 1193861120 1146904320     0    76648448     0
15:03:16 367308992 347472544     0 1193877504 1146917760     0    76648448     0
15:03:21 367308992 347450496     0 1193893888 1146948864     0    76648448     0
15:03:26 367308992 347454624     0 1193877504 1146940800     0    76648448     0
15:03:31 367308992 347458368     0 1193877504 1146941184     0    76648448     0
15:03:36 367308992 347476096     0 1193893888 1147004800     0    76648448     0
15:03:41 367308992 347547552     0 1193910272 1146991872     0    76648448     0
15:03:46 367308992 347470976     0 1193877504 1146944896     0    76648448     0
15:03:51 367308992 347449280     0 1193877504 1146944896     0    76648448     0
15:03:56 367308992 347456704     0 1193893888 1146956672     0    76648448     0
15:04:01 367308992 347460288     0 1193893888 1146957696     0    76648448     0
15:04:06 367308992 347463232     0 1193877504 1146945920     0    76648448     0
15:04:11 367308992 347466816     0 1193877504 1146945920     0    76648448     0
15:04:16 367308992 347484448     0 1193893888 1147012352     0    76648448     0
15:04:21 367308992 347472000     0 1193926656 1147015296     0    76648448     0
15:04:26 367308992 347454912     0 1193893888 1146968448     0    76648448     0
15:04:31 367308992 347458688     0 1193893888 1146968448     0    76648448     0
15:04:36 367313088 347465440     0 1193910272 1146984320     0    76648448     0
15:04:41 367313088 347469024     0 1193910272 1146984320     0    76648448     0
15:04:46 367313088 347471968     0 1193893888 1146972544     0    76648448     0
15:04:51 367313088 347450048     0 1193893888 1146972544     0    76648448     0
15:04:56 367313088 347468992     0 1193910272 1147037440     0    76648448     0
15:05:01 367313088 347481664     0 1193926656 1147020544     0    76648448     0
15:05:06 367313088 347463680     0 1193893888 1146972544     0    76648448     0
15:05:11 367313088 347469952     0 1193910272 1146984320     0    76648448     0
15:05:16 367313088 347473536     0 1193910272 1146984320     0    76648448     0
15:05:22 367313088 347451072     0 1193893888 1146976640     0    76648448     0
15:05:27 367313088 347455904     0 1193893888 1146976640     0    76648448     0
15:05:32 367313088 347462464     0 1193910272 1146992512     0    76648448     0
15:05:37 367313088 347477440     0 1193910272 1147044736     0    76648448     0
15:05:42 367313088 347477632     0 1193893888 1146998784     0    76648448     0
15:05:47 367313088 347472320     0 1193893888 1146980736     0    76648448     0
15:05:52 367313088 347453408     0 1193910272 1146992512     0    76648448     0
15:05:57 367313088 347458656     0 1193910272 1146992512     0    76648448     0
15:06:02 367313088 347463168     0 1193893888 1146980352     0    76648448     0
15:06:07 367313088 347464704     0 1193893888 1146980736     0    76648448     0
15:06:12 367313088 347470976     0 1193910272 1146996992     0    76648448     0
15:06:17 367313088 347488832     0 1193918464 1147149440     0    76648448     0
15:06:22 367313088 347427648     0 1193857024 1146962176     0    76648448     0
15:06:27 367313088 347457472     0 1193893888 1146989184     0    76648448     0
15:06:32 367313088 347463520     0 1193910272 1146998656     0    76648448     0
15:06:37 367313088 347467200     0 1193930752 1146996992     0    76648448     0
15:06:42 367313088 347470144     0 1193914368 1146986880     0    76648448     0
15:06:47 367313088 347472160     0 1193914368 1146993408     0    76648448     0
15:06:52 367313088 347456000     0 1193930752 1147003008     0    76648448     0
15:06:57 367317184 347472384     0 1193930752 1147056128     0    76648448     0
15:07:02 367317184 347474496     0 1193918464 1147016704     0    76648448     0
15:07:07 367317184 347467008     0 1193914368 1146995328     0    76648448     0
15:07:12 367317184 347473280     0 1193930752 1147007104     0    76648448     0
15:07:17 367317184 347475584     0 1193930752 1147140608     0    76648448     0
15:07:22 367317184 347456096     0 1193934848 1147126656     0    76648448     0
15:07:27 367317184 347459776     0 1193934848 1147126656     0    76648448     0
15:07:32 367317184 347466048     0 1193951232 1147140864     0    76648448     0
15:07:37 367317184 347480992     0 1193951232 1147192704     0    76648448     0
15:07:42 367317184 347495008     0 1193943040 1147163392     0    76648448     0
15:07:47 367317184 347474048     0 1193934848 1147134976     0    76648448     0
15:07:52 367317184 347458304     0 1193951232 1147146880     0    76648448     0
15:07:57 367317184 347461568     0 1193951232 1147144576     0    76648448     0
15:08:02 367317184 347465984     0 1193934848 1147132416     0    76648448     0
15:08:07 367317184 347468032     0 1193934848 1147136896     0    76648448     0
15:08:12 367317184 347474368     0 1193951232 1147148672     0    76648448     0
15:08:17 367317184 347488064     0 1193951232 1147203456     0    76648448     0
15:08:22 367317184 347534080     0 1193951232 1147177856     0    76648448     0
15:08:27 367317184 347460352     0 1193934848 1147136896     0    76648448     0
15:08:32 367317184 347466624     0 1193951232 1147148672     0    76648448     0
15:08:37 367317184 347470208     0 1193951232 1147152768     0    76648448     0
15:08:42 367317184 347473152     0 1193934848 1147140992     0    76648448     0
15:08:47 367317184 347475104     0 1193934848 1147143168     0    76648448     0
15:08:52 367317184 347458400     0 1193951232 1147152768     0    76648448     0
15:08:57 367317184 347473376     0 1193951232 1147204992     0    76648448     0
15:09:02 367317184 347541728     0 1193951232 1147189248     0    76648448     0
15:09:07 367317184 347468256     0 1193934848 1147140992     0    76648448     0
15:09:12 367317184 347474560     0 1193951232 1147152768     0    76648448     0
15:09:17 367317184 347450848     0 1193951232 1147152768     0    76648448     0
15:09:22 367317184 347457024     0 1193934848 1147145088     0    76648448     0
15:09:27 367317184 347460608     0 1193934848 1147145088     0    76648448     0
15:09:32 367317184 347466880     0 1193951232 1147156864     0    76648448     0
15:09:37 367317184 347481856     0 1193951232 1147209088     0    76648448     0
15:09:42 367317184 347447488     0 1193897984 1147118720     0    76648448     0
15:09:47 367317184 347449280     0 1193934848 1147149184     0    76648448     0
15:09:52 367317184 347458688     0 1193951232 1147160960     0    76648448     0
15:09:57 367317184 347462272     0 1193951232 1147160960     0    76648448     0
15:10:02 367317184 347467072     0 1193934848 1147148800     0    76648448     0
15:10:07 367317184 347468800     0 1193934848 1147147520     0    76648448     0
15:10:12 367317184 347475136     0 1193951232 1147165056     0    76648448     0
15:10:17 367317184 347489152     0 1194033152 1147219456     0    76648448     0
15:10:22 367317184 347490496     0 1194024960 1147184384     0    76648448     0
15:10:27 367317184 347461088     0 1194016768 1147151616     0    76648448     0
15:10:32 367317184 347467168     0 1194033152 1147165056     0    76648448     0
15:10:37 367317184 347470752     0 1194033152 1147167104     0    76648448     0
15:10:42 367317184 347473696     0 1194016768 1147157376     0    76648448     0
15:10:47 367317184 347449568     0 1194016768 1147157376     0    76648448     0
15:10:52 367317184 347458976     0 1194033152 1147169152     0    76648448     0
15:10:57 367317184 347474688     0 1194033152 1147226368     0    76648448     0
15:11:02 367317184 347490112     0 1194037248 1147201536     0    76648448     0
15:11:07 367317184 347468928     0 1194016768 1147161472     0    76648448     0
15:11:12 367317184 347475296     0 1194033152 1147173248     0    76648448     0
15:11:17 367317184 347451360     0 1194033152 1147173248     0    76648448     0
15:11:22 367317184 347457440     0 1194016768 1147161472     0    76648448     0
15:11:27 367317184 347461024     0 1194016768 1147161472     0    76648448     0
15:11:32 367317184 347467296     0 1194033152 1147173248     0    76648448     0
15:11:37 367317184 347482272     0 1194033152 1147225472     0    76648448     0
15:11:42 367317184 347496832     0 1194033152 1147197056     0    76648448     0
15:11:47 367317184 347449792     0 1194016768 1147165568     0    76648448     0
15:11:52 367317184 347459200     0 1194033152 1147177344     0    76648448     0
15:11:57 367317184 347462784     0 1194033152 1147177344     0    76648448     0
15:12:02 367317184 347466560     0 1194016768 1147163520     0    76648448     0
15:12:07 367317184 347469344     0 1194016768 1147168000     0    76648448     0
15:12:12 367317184 347475776     0 1194033152 1147181440     0    76648448     0
15:12:17 367317184 347463936     0 1194033152 1147233664     0    76648448     0
15:12:22 367317184 347538336     0 1194033152 1147214848     0    76648448     0
15:12:27 367317184 347461472     0 1194016768 1147169664     0    76648448     0
15:12:32 367317184 347467744     0 1194033152 1147181440     0    76648448     0
15:12:37 367317184 347471328     0 1194033152 1147185536     0    76648448     0
15:12:42 367317184 347474272     0 1194016768 1147173760     0    76648448     0
15:12:47 367317184 347449984     0 1194016768 1147173760     0    76648448     0
15:12:52 367317184 347459392     0 1194033152 1147185536     0    76648448     0
15:12:57 367317184 347474368     0 1194033152 1147237760     0    76648448     0
15:13:02 367317184 347512448     0 1194024960 1147203840     0    76648448     0
15:13:07 367317184 347469440     0 1194016768 1147173760     0    76648448     0
15:13:12 367317184 347475808     0 1194033152 1147185536     0    76648448     0
15:13:17 367317184 347451840     0 1194033152 1147185536     0    76648448     0
15:13:22 367317184 347457920     0 1194016768 1147177856     0    76648448     0
15:13:27 367317184 347463520     0 1194291200 1147316864     0    76648448     0
15:13:32 367317184 347468832     0 1194295296 1147319424     0    76648448     0
15:13:37 367317184 347483168     0 1194278912 1147361408     0    76648448     0
15:13:43 367317184 347532672     0 1194295296 1147361408     0    76648448     0
15:13:48 367317184 347454176     0 1194426368 1147319424     0    76648448     0
15:13:53 367317184 347460224     0 1194426368 1147323520     0    76648448     0
15:13:58 367317184 342288224     0 1193529344 1146426368     0    76648448     0
15:14:03 367317184 342305024     0 1193537536 1146445312     0    76648448     0
15:14:08 367317184 341741056     0 1193390080 1146364416     0    76648448     0
15:14:13 367317184 341745760     0 1193390080 1146497664     0    76648448     0
15:14:18 367317184 341708416     0 1193373696 1146557184     0    76648448     0
15:14:23 367317184 341813824     0 1193398272 1146578048     0    76648448     0
15:14:28 367317184 341709056     0 1193390080 1146518400     0    76648448     0
15:14:33 367317184 341712640     0 1193390080 1146518400     0    76648448     0
15:14:38 367317184 341715584     0 1193373696 1146504960     0    76648448     0
15:14:43 367317184 341719168     0 1193373696 1146504960     0    76648448     0
15:14:48 367317184 341698496     0 1193390080 1146516736     0    76648448     0
15:14:53 367317184 341704768     0 1193390080 1146516736     0    76648448     0
15:14:58 367317184 341707776     0 1193373696 1146508672     0    76648448     0
15:15:03 367317184 341714656     0 1193373696 1146524672     0    76648448     0
15:15:08 367317184 341795008     0 1193406464 1146559744     0    76648448     0
15:15:13 367317184 341721248     0 1193390080 1146520448     0    76648448     0
15:15:18 367317184 341697248     0 1193373696 1146507008     0    76648448     0
15:15:23 367317184 341703520     0 1193373696 1146507008     0    76648448     0
15:15:28 367317184 341709792     0 1193390080 1146520448     0    76648448     0
15:15:33 367317184 341713376     0 1193390080 1146518784     0    76648448     0
15:15:38 367317184 341716320     0 1193373696 1146507008     0    76648448     0
15:15:43 367317184 341731296     0 1193373696 1146560896     0    76648448     0
15:15:48 367317184 341810816     0 1193414656 1146599552     0    76648448     0
15:15:53 367321280 320755200     0 1190043648 1143298688     0    76648448     0
15:15:58 367321280 320757728     0 1190027264 1143285760     0    76648448     0
15:16:03 367325376 320245824     0 1189933056 1143284096     0    76648448     0
15:16:08 367325376 320253280     0 1189949440 1143294208     0    76648448     0
15:16:13 367325376 320256864     0 1189949440 1143295872     0    76648448     0
15:16:18 367325376 320202368     0 1189937152 1143302912     0    76648448     0
15:16:23 367325376 320208384     0 1189937152 1143302912     0    76648448     0
15:16:28 367325376 320226048     0 1189953536 1143368576     0    76648448     0
15:16:33 367325376 320294944     0 1189969920 1143355648     0    76648448     0
15:16:38 367325376 320220928     0 1189937152 1143302912     0    76648448     0
15:16:43 367325376 320224512     0 1189937152 1143304576     0    76648448     0
15:16:48 367325376 320204704     0 1189953536 1143316992     0    76648448     0
15:16:53 367325376 320210688     0 1189953536 1143314688     0    76648448     0
15:16:58 367325376 320213792     0 1189937152 1143304576     0    76648448     0
15:17:03 367325376 320216704     0 1189937152 1143305216     0    76648448     0
15:17:08 367325376 320235136     0 1189953536 1143368576     0    76648448     0
15:17:13 367325376 320340480     0 1189978112 1143389440     0    76648448     0
15:17:18 367325376 320203456     0 1189937152 1143306880     0    76648448     0
15:17:23 367325376 320209408     0 1189937152 1143302912     0    76648448     0
15:17:28 367325376 320215680     0 1189953536 1143316352     0    76648448     0
15:17:33 367325376 320219584     0 1189953536 1143316992     0    76648448     0
15:17:38 367325376 320222208     0 1189937152 1143304576     0    76648448     0
15:17:43 367325376 320225792     0 1189937152 1143302912     0    76648448     0
15:17:48 367325376 320206656     0 1190084608 1143447680     0    76648448     0
15:17:53 367325376 320223904     0 1190084608 1143499904     0    76648448     0
15:17:58 367325376 320231040     0 1190068224 1143451264     0    76648448     0
15:18:03 367325376 320218208     0 1190068224 1143436288     0    76648448     0
15:18:08 367325376 320225280     0 1190084608 1143447680     0    76648448     0
15:18:13 367325376 320228864     0 1190084608 1143450240     0    76648448     0
15:18:18 367325376 320204224     0 1190068224 1143440640     0    76648448     0
15:18:23 367325376 320210176     0 1190068224 1143440000     0    76648448     0
15:18:28 367325376 320216448     0 1190084608 1143451776     0    76648448     0
15:18:33 367325376 320220032     0 1190084608 1143451776     0    76648448     0
15:18:38 367325376 320234368     0 1190068224 1143490688     0    76648448     0
15:18:43 367325376 320303424     0 1190084608 1143480960     0    76648448     0
15:18:48 367325376 320206144     0 1190084608 1143454080     0    76648448     0
15:18:53 367325376 320212384     0 1190084608 1143450240     0    76648448     0
15:18:58 367325376 320215264     0 1190068224 1143438464     0    76648448     0
15:19:03 367325376 320218112     0 1190068224 1143441920     0    76648448     0
15:19:08 367325376 320225184     0 1190084608 1143451776     0    76648448     0
15:19:13 367325376 320228768     0 1190084608 1143453824     0    76648448     0
15:19:18 367325376 320216704     0 1190084608 1143511552     0    76648448     0
15:19:23 367325376 320321600     0 1190109184 1143531520     0    76648448     0
15:19:28 367325376 320216960     0 1190100992 1143470208     0    76648448     0
15:19:33 367325376 320221792     0 1190232064 1143603840     0    76648448     0
15:19:38 367325376 320224320     0 1190215680 1143589760     0    76648448     0
15:19:43 367325376 320227904     0 1190215680 1143589760     0    76648448     0
15:19:48 367325376 320206944     0 1190232064 1143603840     0    76648448     0
15:19:53 367325376 320213024     0 1190232064 1143601536     0    76648448     0
15:19:58 367325376 320216064     0 1190215680 1143593856     0    76648448     0
15:20:03 367325376 320233696     0 1190215680 1143660032     0    76648448     0
15:20:08 367325376 320302880     0 1190248448 1143646592     0    76648448     0
15:20:13 367325376 320229248     0 1190232064 1143609728     0    76648448     0
15:20:18 367325376 320205248     0 1190215680 1143596416     0    76648448     0
15:20:23 367325376 320211520     0 1190215680 1143597952     0    76648448     0
15:20:28 367325376 320217792     0 1190232064 1143609728     0    76648448     0
15:20:33 367325376 320221376     0 1190232064 1143609728     0    76648448     0
15:20:38 367325376 320224320     0 1190215680 1143597952     0    76648448     0
15:20:43 367325376 320239328     0 1190215680 1143650176     0    76648448     0
15:20:48 367325376 320253280     0 1190240256 1143657728     0    76648448     0
15:20:53 367325376 320213600     0 1190232064 1143609728     0    76648448     0
15:20:58 367325376 320216960     0 1190215680 1143597952     0    76648448     0
15:21:03 367325376 320218848     0 1190215680 1143597568     0    76648448     0
15:21:08 367325376 320225984     0 1190232064 1143608192     0    76648448     0
15:21:13 367325376 320229568     0 1190232064 1143609728     0    76648448     0
15:21:18 367325376 320205952     0 1190215680 1143596416     0    76648448     0
15:21:23 367325376 320211776     0 1190215680 1143596416     0    76648448     0
15:21:28 367325376 320229440     0 1190232064 1143660416     0    76648448     0
15:21:33 367325376 320204960     0 1190199296 1143594112     0    76648448     0
15:21:38 367325376 320224320     0 1190215680 1143597952     0    76648448     0
15:21:43 367325376 320228640     0 1190219776 1143600896     0    76648448     0
15:21:48 367325376 320209696     0 1190236160 1143612800     0    76648448     0
15:21:53 367325376 320215424     0 1190219776 1143602688     0    76648448     0
15:21:58 367325376 320219008     0 1190219776 1143601024     0    76648448     0
15:22:04 367325376 320225280     0 1190236160 1143612800     0    76648448     0
15:22:09 367325376 320228864     0 1190236160 1143614464     0    76648448     0
15:22:14 367325376 320243200     0 1190219776 1143654912     0    76648448     0
15:22:19 367325376 320285088     0 1190236160 1143643648     0    76648448     0
15:22:24 367325376 320217184     0 1190236160 1143614464     0    76648448     0
15:22:29 367325376 320220768     0 1190236160 1143618560     0    76648448     0
15:22:34 367325376 320223712     0 1190219776 1143606784     0    76648448     0
15:22:39 367325376 320227328     0 1190219776 1143606784     0    76648448     0
15:22:44 367325376 320233760     0 1190236160 1143616896     0    76648448     0
15:22:49 367325376 320210880     0 1190236160 1143618560     0    76648448     0
15:22:54 367325376 320227648     0 1190219776 1143658240     0    76648448     0
15:22:59 367325376 320330272     0 1190244352 1143678208     0    76648448     0
15:23:04 367325376 320225088     0 1190236160 1143618176     0    76648448     0
15:23:09 367325376 320229248     0 1190236160 1143618560     0    76648448     0
15:23:14 367325376 320232192     0 1190219776 1143606784     0    76648448     0
15:23:19 367325376 320208544     0 1190219776 1143606784     0    76648448     0
15:23:24 367325376 320217504     0 1190236160 1143616896     0    76648448     0
15:23:29 367325376 320221088     0 1190236160 1143618560     0    76648448     0
15:23:34 367325376 320224032     0 1190219776 1143609216     0    76648448     0
15:23:39 367325376 320239040     0 1190219776 1143663104     0    76648448     0
15:23:44 367325376 320310720     0 1190252544 1143661952     0    76648448     0
15:23:49 367325376 320210560     0 1190236160 1143626752     0    76648448     0
15:23:54 367325376 320216192     0 1190219776 1143614976     0    76648448     0
15:23:59 367325376 320219776     0 1190219776 1143614976     0    76648448     0
15:24:04 367325376 320225440     0 1190236160 1143626368     0    76648448     0
15:24:09 367325376 320229632     0 1190236160 1143625088     0    76648448     0
15:24:14 367325376 320232576     0 1190219776 1143613312     0    76648448     0
15:24:19 367325376 320221120     0 1190219776 1143665536     0    76648448     0
15:24:24 367325376 320209408     0 1190248448 1143624704     0    76648448     0
15:24:29 367325376 320221696     0 1190277120 1143626752     0    76648448     0
15:24:34 367325376 320224672     0 1190260736 1143614976     0    76648448     0
15:24:39 367325376 320228416     0 1190260736 1143614976     0    76648448     0
15:24:44 367325376 320234752     0 1190277120 1143626752     0    76648448     0
15:24:49 367325376 320211040     0 1190277120 1143626752     0    76648448     0
15:24:54 367325376 320216672     0 1190260736 1143614976     0    76648448     0
15:24:59 367325376 320220256     0 1190260736 1143613312     0    76648448     0
15:25:04 367325376 320230784     0 1190277120 1143646976     0    76648448     0
15:25:09 367325376 320239776     0 1190277120 1143649408     0    76648448     0
15:25:14 367325376 320232800     0 1190260736 1143613312     0    76648448     0
15:25:19 367325376 320209280     0 1190260736 1143614976     0    76648448     0
15:25:24 367325376 320218240     0 1190277120 1143626752     0    76648448     0
15:25:29 367325376 320221824     0 1190277120 1143626752     0    76648448     0
15:25:34 367325376 320224800     0 1190260736 1143614976     0    76648448     0
15:25:39 367325376 320228544     0 1190260736 1143614976     0    76648448     0
15:25:44 367325376 320235712     0 1190277120 1143758080     0    76648448     0
15:25:49 367325376 320223552     0 1190277120 1143810304     0    76648448     0
15:25:54 367325376 320293952     0 1190277120 1143787264     0    76648448     0
15:25:59 367325376 320221216     0 1190260736 1143746304     0    76648448     0
